<?xml version="1.0" encoding="UTF-8"?>
<testsuite xmlns:xsi="http://www.w3.org/2001/XMLSchema-instance" xsi:noNamespaceSchemaLocation="https://maven.apache.org/surefire/maven-failsafe-plugin/xsd/failsafe-test-report-3.0.xsd" version="3.0" name="pragma.acceptanceTest.registroYLoginTest.RunnerRegistroYLoginTest" time="29.887" tests="2" errors="0" skipped="0" failures="1">
  <properties>
    <property name="java.specification.version" value="22"/>
    <property name="sun.cpu.isalist" value="amd64"/>
    <property name="sun.jnu.encoding" value="Cp1252"/>
    <property name="java.class.path" value="C:\Users\USUARIO\OneDrive\Documentos\02 Automatización\03 Pragma\pragma\pragma\target\test-classes;C:\Users\USUARIO\OneDrive\Documentos\02 Automatización\03 Pragma\pragma\pragma\target\pragma-1.0-SNAPSHOT.jar;C:\Users\USUARIO\.m2\repository\net\serenity-bdd\serenity-core\4.0.1\serenity-core-4.0.1.jar;C:\Users\USUARIO\.m2\repository\net\serenity-bdd\serenity-model\4.0.1\serenity-model-4.0.1.jar;C:\Users\USUARIO\.m2\repository\commons-net\commons-net\3.9.0\commons-net-3.9.0.jar;C:\Users\USUARIO\.m2\repository\com\google\guava\guava\32.1.2-jre\guava-32.1.2-jre.jar;C:\Users\USUARIO\.m2\repository\com\google\guava\failureaccess\1.0.1\failureaccess-1.0.1.jar;C:\Users\USUARIO\.m2\repository\com\google\guava\listenablefuture\9999.0-empty-to-avoid-conflict-with-guava\listenablefuture-9999.0-empty-to-avoid-conflict-with-guava.jar;C:\Users\USUARIO\.m2\repository\com\google\code\findbugs\jsr305\3.0.2\jsr305-3.0.2.jar;C:\Users\USUARIO\.m2\repository\org\checkerframework\checker-qual\3.33.0\checker-qual-3.33.0.jar;C:\Users\USUARIO\.m2\repository\com\google\errorprone\error_prone_annotations\2.18.0\error_prone_annotations-2.18.0.jar;C:\Users\USUARIO\.m2\repository\com\google\j2objc\j2objc-annotations\2.8\j2objc-annotations-2.8.jar;C:\Users\USUARIO\.m2\repository\org\jsoup\jsoup\1.15.4\jsoup-1.15.4.jar;C:\Users\USUARIO\.m2\repository\com\thoughtworks\xstream\xstream\1.4.20\xstream-1.4.20.jar;C:\Users\USUARIO\.m2\repository\io\github\x-stream\mxparser\1.2.2\mxparser-1.2.2.jar;C:\Users\USUARIO\.m2\repository\xmlpull\xmlpull\1.1.3.1\xmlpull-1.1.3.1.jar;C:\Users\USUARIO\.m2\repository\com\typesafe\config\1.4.2\config-1.4.2.jar;C:\Users\USUARIO\.m2\repository\org\imgscalr\imgscalr-lib\4.2\imgscalr-lib-4.2.jar;C:\Users\USUARIO\.m2\repository\org\awaitility\awaitility\4.2.0\awaitility-4.2.0.jar;C:\Users\USUARIO\.m2\repository\org\freemarker\freemarker\2.3.31\freemarker-2.3.31.jar;C:\Users\USUARIO\.m2\repository\io\github\classgraph\classgraph\4.8.157\classgraph-4.8.157.jar;C:\Users\USUARIO\.m2\repository\com\github\ben-manes\caffeine\caffeine\2.9.2\caffeine-2.9.2.jar;C:\Users\USUARIO\.m2\repository\org\ehcache\ehcache\3.10.8\ehcache-3.10.8.jar;C:\Users\USUARIO\.m2\repository\javax\cache\cache-api\1.1.0\cache-api-1.1.0.jar;C:\Users\USUARIO\.m2\repository\net\sourceforge\jexcelapi\jxl\2.6.12\jxl-2.6.12.jar;C:\Users\USUARIO\.m2\repository\net\bytebuddy\byte-buddy-agent\1.14.5\byte-buddy-agent-1.14.5.jar;C:\Users\USUARIO\.m2\repository\org\objenesis\objenesis\3.3\objenesis-3.3.jar;C:\Users\USUARIO\.m2\repository\com\vladsch\flexmark\flexmark-all\0.64.8\flexmark-all-0.64.8.jar;C:\Users\USUARIO\.m2\repository\com\vladsch\flexmark\flexmark\0.64.8\flexmark-0.64.8.jar;C:\Users\USUARIO\.m2\repository\com\vladsch\flexmark\flexmark-ext-abbreviation\0.64.8\flexmark-ext-abbreviation-0.64.8.jar;C:\Users\USUARIO\.m2\repository\com\vladsch\flexmark\flexmark-util\0.64.8\flexmark-util-0.64.8.jar;C:\Users\USUARIO\.m2\repository\com\vladsch\flexmark\flexmark-ext-admonition\0.64.8\flexmark-ext-admonition-0.64.8.jar;C:\Users\USUARIO\.m2\repository\com\vladsch\flexmark\flexmark-ext-anchorlink\0.64.8\flexmark-ext-anchorlink-0.64.8.jar;C:\Users\USUARIO\.m2\repository\com\vladsch\flexmark\flexmark-ext-aside\0.64.8\flexmark-ext-aside-0.64.8.jar;C:\Users\USUARIO\.m2\repository\com\vladsch\flexmark\flexmark-ext-attributes\0.64.8\flexmark-ext-attributes-0.64.8.jar;C:\Users\USUARIO\.m2\repository\com\vladsch\flexmark\flexmark-ext-autolink\0.64.8\flexmark-ext-autolink-0.64.8.jar;C:\Users\USUARIO\.m2\repository\org\nibor\autolink\autolink\0.6.0\autolink-0.6.0.jar;C:\Users\USUARIO\.m2\repository\com\vladsch\flexmark\flexmark-ext-definition\0.64.8\flexmark-ext-definition-0.64.8.jar;C:\Users\USUARIO\.m2\repository\com\vladsch\flexmark\flexmark-ext-emoji\0.64.8\flexmark-ext-emoji-0.64.8.jar;C:\Users\USUARIO\.m2\repository\com\vladsch\flexmark\flexmark-ext-enumerated-reference\0.64.8\flexmark-ext-enumerated-reference-0.64.8.jar;C:\Users\USUARIO\.m2\repository\com\vladsch\flexmark\flexmark-ext-escaped-character\0.64.8\flexmark-ext-escaped-character-0.64.8.jar;C:\Users\USUARIO\.m2\repository\com\vladsch\flexmark\flexmark-ext-footnotes\0.64.8\flexmark-ext-footnotes-0.64.8.jar;C:\Users\USUARIO\.m2\repository\com\vladsch\flexmark\flexmark-ext-gfm-issues\0.64.8\flexmark-ext-gfm-issues-0.64.8.jar;C:\Users\USUARIO\.m2\repository\com\vladsch\flexmark\flexmark-ext-gfm-strikethrough\0.64.8\flexmark-ext-gfm-strikethrough-0.64.8.jar;C:\Users\USUARIO\.m2\repository\com\vladsch\flexmark\flexmark-ext-gfm-tasklist\0.64.8\flexmark-ext-gfm-tasklist-0.64.8.jar;C:\Users\USUARIO\.m2\repository\com\vladsch\flexmark\flexmark-ext-gfm-users\0.64.8\flexmark-ext-gfm-users-0.64.8.jar;C:\Users\USUARIO\.m2\repository\com\vladsch\flexmark\flexmark-ext-gitlab\0.64.8\flexmark-ext-gitlab-0.64.8.jar;C:\Users\USUARIO\.m2\repository\com\vladsch\flexmark\flexmark-ext-jekyll-front-matter\0.64.8\flexmark-ext-jekyll-front-matter-0.64.8.jar;C:\Users\USUARIO\.m2\repository\com\vladsch\flexmark\flexmark-ext-jekyll-tag\0.64.8\flexmark-ext-jekyll-tag-0.64.8.jar;C:\Users\USUARIO\.m2\repository\com\vladsch\flexmark\flexmark-ext-media-tags\0.64.8\flexmark-ext-media-tags-0.64.8.jar;C:\Users\USUARIO\.m2\repository\com\vladsch\flexmark\flexmark-ext-resizable-image\0.64.8\flexmark-ext-resizable-image-0.64.8.jar;C:\Users\USUARIO\.m2\repository\com\vladsch\flexmark\flexmark-ext-macros\0.64.8\flexmark-ext-macros-0.64.8.jar;C:\Users\USUARIO\.m2\repository\com\vladsch\flexmark\flexmark-ext-ins\0.64.8\flexmark-ext-ins-0.64.8.jar;C:\Users\USUARIO\.m2\repository\com\vladsch\flexmark\flexmark-ext-xwiki-macros\0.64.8\flexmark-ext-xwiki-macros-0.64.8.jar;C:\Users\USUARIO\.m2\repository\com\vladsch\flexmark\flexmark-ext-superscript\0.64.8\flexmark-ext-superscript-0.64.8.jar;C:\Users\USUARIO\.m2\repository\com\vladsch\flexmark\flexmark-ext-tables\0.64.8\flexmark-ext-tables-0.64.8.jar;C:\Users\USUARIO\.m2\repository\com\vladsch\flexmark\flexmark-ext-toc\0.64.8\flexmark-ext-toc-0.64.8.jar;C:\Users\USUARIO\.m2\repository\com\vladsch\flexmark\flexmark-ext-typographic\0.64.8\flexmark-ext-typographic-0.64.8.jar;C:\Users\USUARIO\.m2\repository\com\vladsch\flexmark\flexmark-ext-wikilink\0.64.8\flexmark-ext-wikilink-0.64.8.jar;C:\Users\USUARIO\.m2\repository\com\vladsch\flexmark\flexmark-ext-yaml-front-matter\0.64.8\flexmark-ext-yaml-front-matter-0.64.8.jar;C:\Users\USUARIO\.m2\repository\com\vladsch\flexmark\flexmark-ext-youtube-embedded\0.64.8\flexmark-ext-youtube-embedded-0.64.8.jar;C:\Users\USUARIO\.m2\repository\com\vladsch\flexmark\flexmark-html2md-converter\0.64.8\flexmark-html2md-converter-0.64.8.jar;C:\Users\USUARIO\.m2\repository\com\vladsch\flexmark\flexmark-jira-converter\0.64.8\flexmark-jira-converter-0.64.8.jar;C:\Users\USUARIO\.m2\repository\com\vladsch\flexmark\flexmark-pdf-converter\0.64.8\flexmark-pdf-converter-0.64.8.jar;C:\Users\USUARIO\.m2\repository\com\openhtmltopdf\openhtmltopdf-core\1.0.10\openhtmltopdf-core-1.0.10.jar;C:\Users\USUARIO\.m2\repository\com\openhtmltopdf\openhtmltopdf-pdfbox\1.0.10\openhtmltopdf-pdfbox-1.0.10.jar;C:\Users\USUARIO\.m2\repository\org\apache\pdfbox\pdfbox\2.0.24\pdfbox-2.0.24.jar;C:\Users\USUARIO\.m2\repository\org\apache\pdfbox\fontbox\2.0.24\fontbox-2.0.24.jar;C:\Users\USUARIO\.m2\repository\org\apache\pdfbox\xmpbox\2.0.24\xmpbox-2.0.24.jar;C:\Users\USUARIO\.m2\repository\de\rototor\pdfbox\graphics2d\0.32\graphics2d-0.32.jar;C:\Users\USUARIO\.m2\repository\com\openhtmltopdf\openhtmltopdf-rtl-support\1.0.10\openhtmltopdf-rtl-support-1.0.10.jar;C:\Users\USUARIO\.m2\repository\com\vladsch\flexmark\flexmark-profile-pegdown\0.64.8\flexmark-profile-pegdown-0.64.8.jar;C:\Users\USUARIO\.m2\repository\com\vladsch\flexmark\flexmark-util-ast\0.64.8\flexmark-util-ast-0.64.8.jar;C:\Users\USUARIO\.m2\repository\com\vladsch\flexmark\flexmark-util-builder\0.64.8\flexmark-util-builder-0.64.8.jar;C:\Users\USUARIO\.m2\repository\com\vladsch\flexmark\flexmark-util-collection\0.64.8\flexmark-util-collection-0.64.8.jar;C:\Users\USUARIO\.m2\repository\com\vladsch\flexmark\flexmark-util-data\0.64.8\flexmark-util-data-0.64.8.jar;C:\Users\USUARIO\.m2\repository\com\vladsch\flexmark\flexmark-util-dependency\0.64.8\flexmark-util-dependency-0.64.8.jar;C:\Users\USUARIO\.m2\repository\com\vladsch\flexmark\flexmark-util-format\0.64.8\flexmark-util-format-0.64.8.jar;C:\Users\USUARIO\.m2\repository\com\vladsch\flexmark\flexmark-util-html\0.64.8\flexmark-util-html-0.64.8.jar;C:\Users\USUARIO\.m2\repository\com\vladsch\flexmark\flexmark-util-misc\0.64.8\flexmark-util-misc-0.64.8.jar;C:\Users\USUARIO\.m2\repository\com\vladsch\flexmark\flexmark-util-options\0.64.8\flexmark-util-options-0.64.8.jar;C:\Users\USUARIO\.m2\repository\com\vladsch\flexmark\flexmark-util-sequence\0.64.8\flexmark-util-sequence-0.64.8.jar;C:\Users\USUARIO\.m2\repository\com\vladsch\flexmark\flexmark-util-visitor\0.64.8\flexmark-util-visitor-0.64.8.jar;C:\Users\USUARIO\.m2\repository\com\vladsch\flexmark\flexmark-youtrack-converter\0.64.8\flexmark-youtrack-converter-0.64.8.jar;C:\Users\USUARIO\.m2\repository\net\serenity-bdd\serenity-reports\4.0.1\serenity-reports-4.0.1.jar;C:\Users\USUARIO\.m2\repository\net\serenity-bdd\serenity-stats\4.0.1\serenity-stats-4.0.1.jar;C:\Users\USUARIO\.m2\repository\net\serenity-bdd\serenity-reports-configuration\4.0.1\serenity-reports-configuration-4.0.1.jar;C:\Users\USUARIO\.m2\repository\com\ibm\icu\icu4j\72.1\icu4j-72.1.jar;C:\Users\USUARIO\.m2\repository\es\nitaur\markdown\txtmark\0.16\txtmark-0.16.jar;C:\Users\USUARIO\.m2\repository\net\serenity-bdd\serenity-report-resources\4.0.1\serenity-report-resources-4.0.1.jar;C:\Users\USUARIO\.m2\repository\com\google\code\gson\gson\2.10.1\gson-2.10.1.jar;C:\Users\USUARIO\.m2\repository\com\fasterxml\jackson\core\jackson-core\2.15.2\jackson-core-2.15.2.jar;C:\Users\USUARIO\.m2\repository\com\fasterxml\jackson\core\jackson-databind\2.15.2\jackson-databind-2.15.2.jar;C:\Users\USUARIO\.m2\repository\com\fasterxml\jackson\core\jackson-annotations\2.15.2\jackson-annotations-2.15.2.jar;C:\Users\USUARIO\.m2\repository\commons-codec\commons-codec\1.16.0\commons-codec-1.16.0.jar;C:\Users\USUARIO\.m2\repository\commons-io\commons-io\2.11.0\commons-io-2.11.0.jar;C:\Users\USUARIO\.m2\repository\org\apache\httpcomponents\httpclient\4.5.13\httpclient-4.5.13.jar;C:\Users\USUARIO\.m2\repository\org\apache\httpcomponents\httpcore\4.4.13\httpcore-4.4.13.jar;C:\Users\USUARIO\.m2\repository\commons-logging\commons-logging\1.2\commons-logging-1.2.jar;C:\Users\USUARIO\.m2\repository\org\seleniumhq\selenium\selenium-java\4.12.0\selenium-java-4.12.0.jar;C:\Users\USUARIO\.m2\repository\org\seleniumhq\selenium\selenium-devtools-v114\4.12.0\selenium-devtools-v114-4.12.0.jar;C:\Users\USUARIO\.m2\repository\org\seleniumhq\selenium\selenium-devtools-v115\4.12.0\selenium-devtools-v115-4.12.0.jar;C:\Users\USUARIO\.m2\repository\org\seleniumhq\selenium\selenium-devtools-v116\4.12.0\selenium-devtools-v116-4.12.0.jar;C:\Users\USUARIO\.m2\repository\org\seleniumhq\selenium\selenium-devtools-v85\4.12.0\selenium-devtools-v85-4.12.0.jar;C:\Users\USUARIO\.m2\repository\org\seleniumhq\selenium\selenium-remote-driver\4.12.0\selenium-remote-driver-4.12.0.jar;C:\Users\USUARIO\.m2\repository\io\netty\netty-buffer\4.1.96.Final\netty-buffer-4.1.96.Final.jar;C:\Users\USUARIO\.m2\repository\io\netty\netty-codec-http\4.1.96.Final\netty-codec-http-4.1.96.Final.jar;C:\Users\USUARIO\.m2\repository\io\netty\netty-codec\4.1.96.Final\netty-codec-4.1.96.Final.jar;C:\Users\USUARIO\.m2\repository\io\netty\netty-handler\4.1.96.Final\netty-handler-4.1.96.Final.jar;C:\Users\USUARIO\.m2\repository\io\netty\netty-common\4.1.96.Final\netty-common-4.1.96.Final.jar;C:\Users\USUARIO\.m2\repository\io\netty\netty-transport-classes-epoll\4.1.96.Final\netty-transport-classes-epoll-4.1.96.Final.jar;C:\Users\USUARIO\.m2\repository\io\netty\netty-transport-classes-kqueue\4.1.96.Final\netty-transport-classes-kqueue-4.1.96.Final.jar;C:\Users\USUARIO\.m2\repository\io\netty\netty-transport-native-epoll\4.1.96.Final\netty-transport-native-epoll-4.1.96.Final.jar;C:\Users\USUARIO\.m2\repository\io\netty\netty-transport-native-kqueue\4.1.96.Final\netty-transport-native-kqueue-4.1.96.Final.jar;C:\Users\USUARIO\.m2\repository\io\netty\netty-transport-native-unix-common\4.1.96.Final\netty-transport-native-unix-common-4.1.96.Final.jar;C:\Users\USUARIO\.m2\repository\io\netty\netty-transport\4.1.96.Final\netty-transport-4.1.96.Final.jar;C:\Users\USUARIO\.m2\repository\io\netty\netty-resolver\4.1.96.Final\netty-resolver-4.1.96.Final.jar;C:\Users\USUARIO\.m2\repository\io\opentelemetry\opentelemetry-api\1.28.0\opentelemetry-api-1.28.0.jar;C:\Users\USUARIO\.m2\repository\io\opentelemetry\opentelemetry-context\1.28.0\opentelemetry-context-1.28.0.jar;C:\Users\USUARIO\.m2\repository\io\opentelemetry\opentelemetry-exporter-logging\1.28.0\opentelemetry-exporter-logging-1.28.0.jar;C:\Users\USUARIO\.m2\repository\io\opentelemetry\opentelemetry-sdk-metrics\1.28.0\opentelemetry-sdk-metrics-1.28.0.jar;C:\Users\USUARIO\.m2\repository\io\opentelemetry\opentelemetry-extension-incubator\1.28.0-alpha\opentelemetry-extension-incubator-1.28.0-alpha.jar;C:\Users\USUARIO\.m2\repository\io\opentelemetry\opentelemetry-sdk-logs\1.28.0\opentelemetry-sdk-logs-1.28.0.jar;C:\Users\USUARIO\.m2\repository\io\opentelemetry\opentelemetry-sdk-common\1.28.0\opentelemetry-sdk-common-1.28.0.jar;C:\Users\USUARIO\.m2\repository\io\opentelemetry\opentelemetry-sdk-extension-autoconfigure-spi\1.28.0\opentelemetry-sdk-extension-autoconfigure-spi-1.28.0.jar;C:\Users\USUARIO\.m2\repository\io\opentelemetry\opentelemetry-sdk-extension-autoconfigure\1.28.0\opentelemetry-sdk-extension-autoconfigure-1.28.0.jar;C:\Users\USUARIO\.m2\repository\io\opentelemetry\opentelemetry-api-events\1.28.0-alpha\opentelemetry-api-events-1.28.0-alpha.jar;C:\Users\USUARIO\.m2\repository\io\opentelemetry\opentelemetry-sdk-trace\1.28.0\opentelemetry-sdk-trace-1.28.0.jar;C:\Users\USUARIO\.m2\repository\io\opentelemetry\opentelemetry-sdk\1.28.0\opentelemetry-sdk-1.28.0.jar;C:\Users\USUARIO\.m2\repository\io\opentelemetry\opentelemetry-semconv\1.28.0-alpha\opentelemetry-semconv-1.28.0-alpha.jar;C:\Users\USUARIO\.m2\repository\org\asynchttpclient\async-http-client\2.12.3\async-http-client-2.12.3.jar;C:\Users\USUARIO\.m2\repository\org\asynchttpclient\async-http-client-netty-utils\2.12.3\async-http-client-netty-utils-2.12.3.jar;C:\Users\USUARIO\.m2\repository\io\netty\netty-codec-socks\4.1.60.Final\netty-codec-socks-4.1.60.Final.jar;C:\Users\USUARIO\.m2\repository\io\netty\netty-handler-proxy\4.1.60.Final\netty-handler-proxy-4.1.60.Final.jar;C:\Users\USUARIO\.m2\repository\io\netty\netty-transport-native-epoll\4.1.60.Final\netty-transport-native-epoll-4.1.60.Final-linux-x86_64.jar;C:\Users\USUARIO\.m2\repository\io\netty\netty-transport-native-kqueue\4.1.60.Final\netty-transport-native-kqueue-4.1.60.Final-osx-x86_64.jar;C:\Users\USUARIO\.m2\repository\org\reactivestreams\reactive-streams\1.0.3\reactive-streams-1.0.3.jar;C:\Users\USUARIO\.m2\repository\com\typesafe\netty\netty-reactive-streams\2.0.4\netty-reactive-streams-2.0.4.jar;C:\Users\USUARIO\.m2\repository\org\seleniumhq\selenium\selenium-os\4.12.0\selenium-os-4.12.0.jar;C:\Users\USUARIO\.m2\repository\org\apache\commons\commons-exec\1.3\commons-exec-1.3.jar;C:\Users\USUARIO\.m2\repository\org\seleniumhq\selenium\selenium-safari-driver\4.12.0\selenium-safari-driver-4.12.0.jar;C:\Users\USUARIO\.m2\repository\org\seleniumhq\selenium\selenium-api\4.12.0\selenium-api-4.12.0.jar;C:\Users\USUARIO\.m2\repository\org\seleniumhq\selenium\selenium-support\4.12.0\selenium-support-4.12.0.jar;C:\Users\USUARIO\.m2\repository\com\google\auto\service\auto-service-annotations\1.1.1\auto-service-annotations-1.1.1.jar;C:\Users\USUARIO\.m2\repository\org\seleniumhq\selenium\selenium-json\4.12.0\selenium-json-4.12.0.jar;C:\Users\USUARIO\.m2\repository\org\seleniumhq\selenium\selenium-chrome-driver\4.12.0\selenium-chrome-driver-4.12.0.jar;C:\Users\USUARIO\.m2\repository\org\seleniumhq\selenium\selenium-chromium-driver\4.12.0\selenium-chromium-driver-4.12.0.jar;C:\Users\USUARIO\.m2\repository\org\seleniumhq\selenium\selenium-manager\4.12.0\selenium-manager-4.12.0.jar;C:\Users\USUARIO\.m2\repository\org\seleniumhq\selenium\selenium-firefox-driver\4.12.0\selenium-firefox-driver-4.12.0.jar;C:\Users\USUARIO\.m2\repository\org\seleniumhq\selenium\selenium-http\4.12.0\selenium-http-4.12.0.jar;C:\Users\USUARIO\.m2\repository\dev\failsafe\failsafe\3.3.2\failsafe-3.3.2.jar;C:\Users\USUARIO\.m2\repository\org\seleniumhq\selenium\selenium-edge-driver\4.12.0\selenium-edge-driver-4.12.0.jar;C:\Users\USUARIO\.m2\repository\org\seleniumhq\selenium\selenium-ie-driver\4.12.0\selenium-ie-driver-4.12.0.jar;C:\Users\USUARIO\.m2\repository\org\projectlombok\lombok\1.18.20\lombok-1.18.20.jar;C:\Users\USUARIO\.m2\repository\org\htmlunit\htmlunit\3.4.0\htmlunit-3.4.0.jar;C:\Users\USUARIO\.m2\repository\org\htmlunit\htmlunit-core-js\3.4.0\htmlunit-core-js-3.4.0.jar;C:\Users\USUARIO\.m2\repository\org\htmlunit\neko-htmlunit\3.4.0\neko-htmlunit-3.4.0.jar;C:\Users\USUARIO\.m2\repository\org\htmlunit\htmlunit-cssparser\3.4.0\htmlunit-cssparser-3.4.0.jar;C:\Users\USUARIO\.m2\repository\org\htmlunit\htmlunit-xpath\3.4.0\htmlunit-xpath-3.4.0.jar;C:\Users\USUARIO\.m2\repository\org\brotli\dec\0.1.2\dec-0.1.2.jar;C:\Users\USUARIO\.m2\repository\com\shapesecurity\salvation2\3.0.1\salvation2-3.0.1.jar;C:\Users\USUARIO\.m2\repository\org\eclipse\jetty\websocket\websocket-client\9.4.51.v20230217\websocket-client-9.4.51.v20230217.jar;C:\Users\USUARIO\.m2\repository\org\eclipse\jetty\jetty-client\9.4.51.v20230217\jetty-client-9.4.51.v20230217.jar;C:\Users\USUARIO\.m2\repository\org\eclipse\jetty\jetty-http\9.4.51.v20230217\jetty-http-9.4.51.v20230217.jar;C:\Users\USUARIO\.m2\repository\org\eclipse\jetty\jetty-util\9.4.51.v20230217\jetty-util-9.4.51.v20230217.jar;C:\Users\USUARIO\.m2\repository\org\eclipse\jetty\jetty-io\9.4.51.v20230217\jetty-io-9.4.51.v20230217.jar;C:\Users\USUARIO\.m2\repository\org\eclipse\jetty\websocket\websocket-common\9.4.51.v20230217\websocket-common-9.4.51.v20230217.jar;C:\Users\USUARIO\.m2\repository\org\eclipse\jetty\websocket\websocket-api\9.4.51.v20230217\websocket-api-9.4.51.v20230217.jar;C:\Users\USUARIO\.m2\repository\org\seleniumhq\selenium\htmlunit3-driver\4.10.0\htmlunit3-driver-4.10.0.jar;C:\Users\USUARIO\.m2\repository\io\appium\java-client\8.3.0\java-client-8.3.0.jar;C:\Users\USUARIO\.m2\repository\commons-validator\commons-validator\1.7\commons-validator-1.7.jar;C:\Users\USUARIO\.m2\repository\commons-digester\commons-digester\2.1\commons-digester-2.1.jar;C:\Users\USUARIO\.m2\repository\org\apache\groovy\groovy\4.0.13\groovy-4.0.13.jar;C:\Users\USUARIO\.m2\repository\net\sf\opencsv\opencsv\2.0\opencsv-2.0.jar;C:\Users\USUARIO\.m2\repository\commons-beanutils\commons-beanutils\1.9.4\commons-beanutils-1.9.4.jar;C:\Users\USUARIO\.m2\repository\commons-collections\commons-collections\3.2.2\commons-collections-3.2.2.jar;C:\Users\USUARIO\.m2\repository\org\apache\commons\commons-lang3\3.13.0\commons-lang3-3.13.0.jar;C:\Users\USUARIO\.m2\repository\org\apache\commons\commons-collections4\4.4\commons-collections4-4.4.jar;C:\Users\USUARIO\.m2\repository\org\apache\commons\commons-compress\1.23.0\commons-compress-1.23.0.jar;C:\Users\USUARIO\.m2\repository\org\fluentlenium\fluentlenium-core\0.10.2\fluentlenium-core-0.10.2.jar;C:\Users\USUARIO\.m2\repository\com\jhlabs\filters\2.0.235\filters-2.0.235.jar;C:\Users\USUARIO\.m2\repository\com\paulhammant\ngwebdriver\1.1.6\ngwebdriver-1.1.6.jar;C:\Users\USUARIO\.m2\repository\joda-time\joda-time\2.12.2\joda-time-2.12.2.jar;C:\Users\USUARIO\.m2\repository\org\hamcrest\hamcrest\2.2\hamcrest-2.2.jar;C:\Users\USUARIO\.m2\repository\com\google\jimfs\jimfs\1.3.0\jimfs-1.3.0.jar;C:\Users\USUARIO\.m2\repository\org\mockito\mockito-core\3.3.3\mockito-core-3.3.3.jar;C:\Users\USUARIO\.m2\repository\javax\xml\bind\jaxb-api\2.3.1\jaxb-api-2.3.1.jar;C:\Users\USUARIO\.m2\repository\javax\activation\javax.activation-api\1.2.0\javax.activation-api-1.2.0.jar;C:\Users\USUARIO\.m2\repository\com\sun\xml\bind\jaxb-core\2.3.0.1\jaxb-core-2.3.0.1.jar;C:\Users\USUARIO\.m2\repository\com\sun\xml\bind\jaxb-impl\2.3.3\jaxb-impl-2.3.3.jar;C:\Users\USUARIO\.m2\repository\com\sun\activation\jakarta.activation\1.2.2\jakarta.activation-1.2.2.jar;C:\Users\USUARIO\.m2\repository\javax\activation\activation\1.1.1\activation-1.1.1.jar;C:\Users\USUARIO\.m2\repository\net\serenity-bdd\serenity-cucumber\4.0.1\serenity-cucumber-4.0.1.jar;C:\Users\USUARIO\.m2\repository\io\cucumber\cucumber-core\7.13.0\cucumber-core-7.13.0.jar;C:\Users\USUARIO\.m2\repository\io\cucumber\cucumber-gherkin\7.13.0\cucumber-gherkin-7.13.0.jar;C:\Users\USUARIO\.m2\repository\io\cucumber\cucumber-gherkin-messages\7.13.0\cucumber-gherkin-messages-7.13.0.jar;C:\Users\USUARIO\.m2\repository\io\cucumber\gherkin\26.2.0\gherkin-26.2.0.jar;C:\Users\USUARIO\.m2\repository\io\cucumber\messages\22.0.0\messages-22.0.0.jar;C:\Users\USUARIO\.m2\repository\io\cucumber\tag-expressions\5.0.1\tag-expressions-5.0.1.jar;C:\Users\USUARIO\.m2\repository\io\cucumber\cucumber-expressions\16.1.2\cucumber-expressions-16.1.2.jar;C:\Users\USUARIO\.m2\repository\io\cucumber\datatable\7.13.0\datatable-7.13.0.jar;C:\Users\USUARIO\.m2\repository\io\cucumber\cucumber-plugin\7.13.0\cucumber-plugin-7.13.0.jar;C:\Users\USUARIO\.m2\repository\io\cucumber\docstring\7.13.0\docstring-7.13.0.jar;C:\Users\USUARIO\.m2\repository\io\cucumber\html-formatter\20.3.1\html-formatter-20.3.1.jar;C:\Users\USUARIO\.m2\repository\io\cucumber\junit-xml-formatter\0.2.0\junit-xml-formatter-0.2.0.jar;C:\Users\USUARIO\.m2\repository\io\cucumber\ci-environment\9.2.0\ci-environment-9.2.0.jar;C:\Users\USUARIO\.m2\repository\io\cucumber\cucumber-java\7.13.0\cucumber-java-7.13.0.jar;C:\Users\USUARIO\.m2\repository\io\cucumber\cucumber-junit\7.13.0\cucumber-junit-7.13.0.jar;C:\Users\USUARIO\.m2\repository\org\apache\commons\commons-csv\1.5\commons-csv-1.5.jar;C:\Users\USUARIO\.m2\repository\net\serenity-bdd\serenity-screenplay\4.0.1\serenity-screenplay-4.0.1.jar;C:\Users\USUARIO\.m2\repository\net\serenity-bdd\serenity-screenplay-webdriver\4.0.1\serenity-screenplay-webdriver-4.0.1.jar;C:\Users\USUARIO\.m2\repository\net\serenity-bdd\serenity-ensure\4.0.1\serenity-ensure-4.0.1.jar;C:\Users\USUARIO\.m2\repository\org\jetbrains\kotlin\kotlin-stdlib\1.9.0\kotlin-stdlib-1.9.0.jar;C:\Users\USUARIO\.m2\repository\org\jetbrains\kotlin\kotlin-stdlib-common\1.9.0\kotlin-stdlib-common-1.9.0.jar;C:\Users\USUARIO\.m2\repository\org\jetbrains\annotations\13.0\annotations-13.0.jar;C:\Users\USUARIO\.m2\repository\net\serenity-bdd\serenity-rest-assured\4.0.1\serenity-rest-assured-4.0.1.jar;C:\Users\USUARIO\.m2\repository\org\apache\groovy\groovy-json\4.0.13\groovy-json-4.0.13.jar;C:\Users\USUARIO\.m2\repository\org\apache\groovy\groovy-xml\4.0.13\groovy-xml-4.0.13.jar;C:\Users\USUARIO\.m2\repository\org\opentest4j\opentest4j\1.2.0\opentest4j-1.2.0.jar;C:\Users\USUARIO\.m2\repository\net\serenity-bdd\serenity-junit5\4.0.1\serenity-junit5-4.0.1.jar;C:\Users\USUARIO\.m2\repository\org\junit\jupiter\junit-jupiter-params\5.10.0\junit-jupiter-params-5.10.0.jar;C:\Users\USUARIO\.m2\repository\io\rest-assured\rest-assured\5.4.0\rest-assured-5.4.0.jar;C:\Users\USUARIO\.m2\repository\org\apache\httpcomponents\httpmime\4.5.13\httpmime-4.5.13.jar;C:\Users\USUARIO\.m2\repository\org\ccil\cowan\tagsoup\tagsoup\1.2.1\tagsoup-1.2.1.jar;C:\Users\USUARIO\.m2\repository\io\rest-assured\json-path\5.4.0\json-path-5.4.0.jar;C:\Users\USUARIO\.m2\repository\io\rest-assured\rest-assured-common\5.4.0\rest-assured-common-5.4.0.jar;C:\Users\USUARIO\.m2\repository\io\rest-assured\xml-path\5.4.0\xml-path-5.4.0.jar;C:\Users\USUARIO\.m2\repository\org\json\json\20240303\json-20240303.jar;C:\Users\USUARIO\.m2\repository\net\serenity-bdd\serenity-junit\4.0.1\serenity-junit-4.0.1.jar;C:\Users\USUARIO\.m2\repository\junit\junit\4.13.2\junit-4.13.2.jar;C:\Users\USUARIO\.m2\repository\jakarta\xml\bind\jakarta.xml.bind-api\4.0.0\jakarta.xml.bind-api-4.0.0.jar;C:\Users\USUARIO\.m2\repository\jakarta\activation\jakarta.activation-api\2.1.0\jakarta.activation-api-2.1.0.jar;C:\Users\USUARIO\.m2\repository\org\junit\platform\junit-platform-launcher\1.10.2\junit-platform-launcher-1.10.2.jar;C:\Users\USUARIO\.m2\repository\org\junit\platform\junit-platform-engine\1.10.2\junit-platform-engine-1.10.2.jar;C:\Users\USUARIO\.m2\repository\org\apiguardian\apiguardian-api\1.1.2\apiguardian-api-1.1.2.jar;C:\Users\USUARIO\.m2\repository\io\cucumber\cucumber-junit-platform-engine\7.17.0\cucumber-junit-platform-engine-7.17.0.jar;C:\Users\USUARIO\.m2\repository\org\junit\platform\junit-platform-suite\1.10.2\junit-platform-suite-1.10.2.jar;C:\Users\USUARIO\.m2\repository\org\junit\platform\junit-platform-suite-api\1.10.2\junit-platform-suite-api-1.10.2.jar;C:\Users\USUARIO\.m2\repository\org\junit\platform\junit-platform-suite-engine\1.10.2\junit-platform-suite-engine-1.10.2.jar;C:\Users\USUARIO\.m2\repository\org\junit\platform\junit-platform-suite-commons\1.10.2\junit-platform-suite-commons-1.10.2.jar;C:\Users\USUARIO\.m2\repository\org\junit\jupiter\junit-jupiter-engine\5.10.2\junit-jupiter-engine-5.10.2.jar;C:\Users\USUARIO\.m2\repository\org\junit\vintage\junit-vintage-engine\5.10.2\junit-vintage-engine-5.10.2.jar;C:\Users\USUARIO\.m2\repository\org\junit\jupiter\junit-jupiter-api\5.10.2\junit-jupiter-api-5.10.2.jar;C:\Users\USUARIO\.m2\repository\org\junit\platform\junit-platform-commons\1.10.2\junit-platform-commons-1.10.2.jar;C:\Users\USUARIO\.m2\repository\ch\qos\logback\logback-classic\1.5.6\logback-classic-1.5.6.jar;C:\Users\USUARIO\.m2\repository\ch\qos\logback\logback-core\1.5.6\logback-core-1.5.6.jar;C:\Users\USUARIO\.m2\repository\org\slf4j\slf4j-api\2.0.13\slf4j-api-2.0.13.jar;C:\Users\USUARIO\.m2\repository\org\assertj\assertj-core\3.25.3\assertj-core-3.25.3.jar;C:\Users\USUARIO\.m2\repository\net\bytebuddy\byte-buddy\1.14.11\byte-buddy-1.14.11.jar;C:\Users\USUARIO\.m2\repository\com\opencsv\opencsv\5.9\opencsv-5.9.jar;C:\Users\USUARIO\.m2\repository\org\apache\commons\commons-text\1.11.0\commons-text-1.11.0.jar;C:\Users\USUARIO\.m2\repository\com\jayway\jsonpath\json-path\2.8.0\json-path-2.8.0.jar;C:\Users\USUARIO\.m2\repository\net\minidev\json-smart\2.4.10\json-smart-2.4.10.jar;C:\Users\USUARIO\.m2\repository\net\minidev\accessors-smart\2.4.9\accessors-smart-2.4.9.jar;C:\Users\USUARIO\.m2\repository\org\ow2\asm\asm\9.3\asm-9.3.jar;"/>
    <property name="java.vm.vendor" value="Oracle Corporation"/>
    <property name="sun.arch.data.model" value="64"/>
    <property name="user.variant" value=""/>
    <property name="java.vendor.url" value="https://java.oracle.com/"/>
    <property name="user.timezone" value="America/Bogota"/>
    <property name="os.name" value="Windows 11"/>
    <property name="java.vm.specification.version" value="22"/>
    <property name="sun.java.launcher" value="SUN_STANDARD"/>
    <property name="user.country" value="CO"/>
    <property name="sun.boot.library.path" value="C:\Program Files\Java\jdk-22\bin"/>
    <property name="sun.java.command" value="C:\Users\USUARIO\AppData\Local\Temp\surefire5237561205363042261\surefirebooter-20240427204156526_6.jar C:\Users\USUARIO\AppData\Local\Temp\surefire5237561205363042261 2024-04-27T20-41-54_787-jvmRun2 surefire-20240427204156526_2tmp surefire_1-20240427204156526_3tmp"/>
    <property name="jdk.debug" value="release"/>
    <property name="surefire.test.class.path" value="C:\Users\USUARIO\OneDrive\Documentos\02 Automatización\03 Pragma\pragma\pragma\target\test-classes;C:\Users\USUARIO\OneDrive\Documentos\02 Automatización\03 Pragma\pragma\pragma\target\pragma-1.0-SNAPSHOT.jar;C:\Users\USUARIO\.m2\repository\net\serenity-bdd\serenity-core\4.0.1\serenity-core-4.0.1.jar;C:\Users\USUARIO\.m2\repository\net\serenity-bdd\serenity-model\4.0.1\serenity-model-4.0.1.jar;C:\Users\USUARIO\.m2\repository\commons-net\commons-net\3.9.0\commons-net-3.9.0.jar;C:\Users\USUARIO\.m2\repository\com\google\guava\guava\32.1.2-jre\guava-32.1.2-jre.jar;C:\Users\USUARIO\.m2\repository\com\google\guava\failureaccess\1.0.1\failureaccess-1.0.1.jar;C:\Users\USUARIO\.m2\repository\com\google\guava\listenablefuture\9999.0-empty-to-avoid-conflict-with-guava\listenablefuture-9999.0-empty-to-avoid-conflict-with-guava.jar;C:\Users\USUARIO\.m2\repository\com\google\code\findbugs\jsr305\3.0.2\jsr305-3.0.2.jar;C:\Users\USUARIO\.m2\repository\org\checkerframework\checker-qual\3.33.0\checker-qual-3.33.0.jar;C:\Users\USUARIO\.m2\repository\com\google\errorprone\error_prone_annotations\2.18.0\error_prone_annotations-2.18.0.jar;C:\Users\USUARIO\.m2\repository\com\google\j2objc\j2objc-annotations\2.8\j2objc-annotations-2.8.jar;C:\Users\USUARIO\.m2\repository\org\jsoup\jsoup\1.15.4\jsoup-1.15.4.jar;C:\Users\USUARIO\.m2\repository\com\thoughtworks\xstream\xstream\1.4.20\xstream-1.4.20.jar;C:\Users\USUARIO\.m2\repository\io\github\x-stream\mxparser\1.2.2\mxparser-1.2.2.jar;C:\Users\USUARIO\.m2\repository\xmlpull\xmlpull\1.1.3.1\xmlpull-1.1.3.1.jar;C:\Users\USUARIO\.m2\repository\com\typesafe\config\1.4.2\config-1.4.2.jar;C:\Users\USUARIO\.m2\repository\org\imgscalr\imgscalr-lib\4.2\imgscalr-lib-4.2.jar;C:\Users\USUARIO\.m2\repository\org\awaitility\awaitility\4.2.0\awaitility-4.2.0.jar;C:\Users\USUARIO\.m2\repository\org\freemarker\freemarker\2.3.31\freemarker-2.3.31.jar;C:\Users\USUARIO\.m2\repository\io\github\classgraph\classgraph\4.8.157\classgraph-4.8.157.jar;C:\Users\USUARIO\.m2\repository\com\github\ben-manes\caffeine\caffeine\2.9.2\caffeine-2.9.2.jar;C:\Users\USUARIO\.m2\repository\org\ehcache\ehcache\3.10.8\ehcache-3.10.8.jar;C:\Users\USUARIO\.m2\repository\javax\cache\cache-api\1.1.0\cache-api-1.1.0.jar;C:\Users\USUARIO\.m2\repository\net\sourceforge\jexcelapi\jxl\2.6.12\jxl-2.6.12.jar;C:\Users\USUARIO\.m2\repository\net\bytebuddy\byte-buddy-agent\1.14.5\byte-buddy-agent-1.14.5.jar;C:\Users\USUARIO\.m2\repository\org\objenesis\objenesis\3.3\objenesis-3.3.jar;C:\Users\USUARIO\.m2\repository\com\vladsch\flexmark\flexmark-all\0.64.8\flexmark-all-0.64.8.jar;C:\Users\USUARIO\.m2\repository\com\vladsch\flexmark\flexmark\0.64.8\flexmark-0.64.8.jar;C:\Users\USUARIO\.m2\repository\com\vladsch\flexmark\flexmark-ext-abbreviation\0.64.8\flexmark-ext-abbreviation-0.64.8.jar;C:\Users\USUARIO\.m2\repository\com\vladsch\flexmark\flexmark-util\0.64.8\flexmark-util-0.64.8.jar;C:\Users\USUARIO\.m2\repository\com\vladsch\flexmark\flexmark-ext-admonition\0.64.8\flexmark-ext-admonition-0.64.8.jar;C:\Users\USUARIO\.m2\repository\com\vladsch\flexmark\flexmark-ext-anchorlink\0.64.8\flexmark-ext-anchorlink-0.64.8.jar;C:\Users\USUARIO\.m2\repository\com\vladsch\flexmark\flexmark-ext-aside\0.64.8\flexmark-ext-aside-0.64.8.jar;C:\Users\USUARIO\.m2\repository\com\vladsch\flexmark\flexmark-ext-attributes\0.64.8\flexmark-ext-attributes-0.64.8.jar;C:\Users\USUARIO\.m2\repository\com\vladsch\flexmark\flexmark-ext-autolink\0.64.8\flexmark-ext-autolink-0.64.8.jar;C:\Users\USUARIO\.m2\repository\org\nibor\autolink\autolink\0.6.0\autolink-0.6.0.jar;C:\Users\USUARIO\.m2\repository\com\vladsch\flexmark\flexmark-ext-definition\0.64.8\flexmark-ext-definition-0.64.8.jar;C:\Users\USUARIO\.m2\repository\com\vladsch\flexmark\flexmark-ext-emoji\0.64.8\flexmark-ext-emoji-0.64.8.jar;C:\Users\USUARIO\.m2\repository\com\vladsch\flexmark\flexmark-ext-enumerated-reference\0.64.8\flexmark-ext-enumerated-reference-0.64.8.jar;C:\Users\USUARIO\.m2\repository\com\vladsch\flexmark\flexmark-ext-escaped-character\0.64.8\flexmark-ext-escaped-character-0.64.8.jar;C:\Users\USUARIO\.m2\repository\com\vladsch\flexmark\flexmark-ext-footnotes\0.64.8\flexmark-ext-footnotes-0.64.8.jar;C:\Users\USUARIO\.m2\repository\com\vladsch\flexmark\flexmark-ext-gfm-issues\0.64.8\flexmark-ext-gfm-issues-0.64.8.jar;C:\Users\USUARIO\.m2\repository\com\vladsch\flexmark\flexmark-ext-gfm-strikethrough\0.64.8\flexmark-ext-gfm-strikethrough-0.64.8.jar;C:\Users\USUARIO\.m2\repository\com\vladsch\flexmark\flexmark-ext-gfm-tasklist\0.64.8\flexmark-ext-gfm-tasklist-0.64.8.jar;C:\Users\USUARIO\.m2\repository\com\vladsch\flexmark\flexmark-ext-gfm-users\0.64.8\flexmark-ext-gfm-users-0.64.8.jar;C:\Users\USUARIO\.m2\repository\com\vladsch\flexmark\flexmark-ext-gitlab\0.64.8\flexmark-ext-gitlab-0.64.8.jar;C:\Users\USUARIO\.m2\repository\com\vladsch\flexmark\flexmark-ext-jekyll-front-matter\0.64.8\flexmark-ext-jekyll-front-matter-0.64.8.jar;C:\Users\USUARIO\.m2\repository\com\vladsch\flexmark\flexmark-ext-jekyll-tag\0.64.8\flexmark-ext-jekyll-tag-0.64.8.jar;C:\Users\USUARIO\.m2\repository\com\vladsch\flexmark\flexmark-ext-media-tags\0.64.8\flexmark-ext-media-tags-0.64.8.jar;C:\Users\USUARIO\.m2\repository\com\vladsch\flexmark\flexmark-ext-resizable-image\0.64.8\flexmark-ext-resizable-image-0.64.8.jar;C:\Users\USUARIO\.m2\repository\com\vladsch\flexmark\flexmark-ext-macros\0.64.8\flexmark-ext-macros-0.64.8.jar;C:\Users\USUARIO\.m2\repository\com\vladsch\flexmark\flexmark-ext-ins\0.64.8\flexmark-ext-ins-0.64.8.jar;C:\Users\USUARIO\.m2\repository\com\vladsch\flexmark\flexmark-ext-xwiki-macros\0.64.8\flexmark-ext-xwiki-macros-0.64.8.jar;C:\Users\USUARIO\.m2\repository\com\vladsch\flexmark\flexmark-ext-superscript\0.64.8\flexmark-ext-superscript-0.64.8.jar;C:\Users\USUARIO\.m2\repository\com\vladsch\flexmark\flexmark-ext-tables\0.64.8\flexmark-ext-tables-0.64.8.jar;C:\Users\USUARIO\.m2\repository\com\vladsch\flexmark\flexmark-ext-toc\0.64.8\flexmark-ext-toc-0.64.8.jar;C:\Users\USUARIO\.m2\repository\com\vladsch\flexmark\flexmark-ext-typographic\0.64.8\flexmark-ext-typographic-0.64.8.jar;C:\Users\USUARIO\.m2\repository\com\vladsch\flexmark\flexmark-ext-wikilink\0.64.8\flexmark-ext-wikilink-0.64.8.jar;C:\Users\USUARIO\.m2\repository\com\vladsch\flexmark\flexmark-ext-yaml-front-matter\0.64.8\flexmark-ext-yaml-front-matter-0.64.8.jar;C:\Users\USUARIO\.m2\repository\com\vladsch\flexmark\flexmark-ext-youtube-embedded\0.64.8\flexmark-ext-youtube-embedded-0.64.8.jar;C:\Users\USUARIO\.m2\repository\com\vladsch\flexmark\flexmark-html2md-converter\0.64.8\flexmark-html2md-converter-0.64.8.jar;C:\Users\USUARIO\.m2\repository\com\vladsch\flexmark\flexmark-jira-converter\0.64.8\flexmark-jira-converter-0.64.8.jar;C:\Users\USUARIO\.m2\repository\com\vladsch\flexmark\flexmark-pdf-converter\0.64.8\flexmark-pdf-converter-0.64.8.jar;C:\Users\USUARIO\.m2\repository\com\openhtmltopdf\openhtmltopdf-core\1.0.10\openhtmltopdf-core-1.0.10.jar;C:\Users\USUARIO\.m2\repository\com\openhtmltopdf\openhtmltopdf-pdfbox\1.0.10\openhtmltopdf-pdfbox-1.0.10.jar;C:\Users\USUARIO\.m2\repository\org\apache\pdfbox\pdfbox\2.0.24\pdfbox-2.0.24.jar;C:\Users\USUARIO\.m2\repository\org\apache\pdfbox\fontbox\2.0.24\fontbox-2.0.24.jar;C:\Users\USUARIO\.m2\repository\org\apache\pdfbox\xmpbox\2.0.24\xmpbox-2.0.24.jar;C:\Users\USUARIO\.m2\repository\de\rototor\pdfbox\graphics2d\0.32\graphics2d-0.32.jar;C:\Users\USUARIO\.m2\repository\com\openhtmltopdf\openhtmltopdf-rtl-support\1.0.10\openhtmltopdf-rtl-support-1.0.10.jar;C:\Users\USUARIO\.m2\repository\com\vladsch\flexmark\flexmark-profile-pegdown\0.64.8\flexmark-profile-pegdown-0.64.8.jar;C:\Users\USUARIO\.m2\repository\com\vladsch\flexmark\flexmark-util-ast\0.64.8\flexmark-util-ast-0.64.8.jar;C:\Users\USUARIO\.m2\repository\com\vladsch\flexmark\flexmark-util-builder\0.64.8\flexmark-util-builder-0.64.8.jar;C:\Users\USUARIO\.m2\repository\com\vladsch\flexmark\flexmark-util-collection\0.64.8\flexmark-util-collection-0.64.8.jar;C:\Users\USUARIO\.m2\repository\com\vladsch\flexmark\flexmark-util-data\0.64.8\flexmark-util-data-0.64.8.jar;C:\Users\USUARIO\.m2\repository\com\vladsch\flexmark\flexmark-util-dependency\0.64.8\flexmark-util-dependency-0.64.8.jar;C:\Users\USUARIO\.m2\repository\com\vladsch\flexmark\flexmark-util-format\0.64.8\flexmark-util-format-0.64.8.jar;C:\Users\USUARIO\.m2\repository\com\vladsch\flexmark\flexmark-util-html\0.64.8\flexmark-util-html-0.64.8.jar;C:\Users\USUARIO\.m2\repository\com\vladsch\flexmark\flexmark-util-misc\0.64.8\flexmark-util-misc-0.64.8.jar;C:\Users\USUARIO\.m2\repository\com\vladsch\flexmark\flexmark-util-options\0.64.8\flexmark-util-options-0.64.8.jar;C:\Users\USUARIO\.m2\repository\com\vladsch\flexmark\flexmark-util-sequence\0.64.8\flexmark-util-sequence-0.64.8.jar;C:\Users\USUARIO\.m2\repository\com\vladsch\flexmark\flexmark-util-visitor\0.64.8\flexmark-util-visitor-0.64.8.jar;C:\Users\USUARIO\.m2\repository\com\vladsch\flexmark\flexmark-youtrack-converter\0.64.8\flexmark-youtrack-converter-0.64.8.jar;C:\Users\USUARIO\.m2\repository\net\serenity-bdd\serenity-reports\4.0.1\serenity-reports-4.0.1.jar;C:\Users\USUARIO\.m2\repository\net\serenity-bdd\serenity-stats\4.0.1\serenity-stats-4.0.1.jar;C:\Users\USUARIO\.m2\repository\net\serenity-bdd\serenity-reports-configuration\4.0.1\serenity-reports-configuration-4.0.1.jar;C:\Users\USUARIO\.m2\repository\com\ibm\icu\icu4j\72.1\icu4j-72.1.jar;C:\Users\USUARIO\.m2\repository\es\nitaur\markdown\txtmark\0.16\txtmark-0.16.jar;C:\Users\USUARIO\.m2\repository\net\serenity-bdd\serenity-report-resources\4.0.1\serenity-report-resources-4.0.1.jar;C:\Users\USUARIO\.m2\repository\com\google\code\gson\gson\2.10.1\gson-2.10.1.jar;C:\Users\USUARIO\.m2\repository\com\fasterxml\jackson\core\jackson-core\2.15.2\jackson-core-2.15.2.jar;C:\Users\USUARIO\.m2\repository\com\fasterxml\jackson\core\jackson-databind\2.15.2\jackson-databind-2.15.2.jar;C:\Users\USUARIO\.m2\repository\com\fasterxml\jackson\core\jackson-annotations\2.15.2\jackson-annotations-2.15.2.jar;C:\Users\USUARIO\.m2\repository\commons-codec\commons-codec\1.16.0\commons-codec-1.16.0.jar;C:\Users\USUARIO\.m2\repository\commons-io\commons-io\2.11.0\commons-io-2.11.0.jar;C:\Users\USUARIO\.m2\repository\org\apache\httpcomponents\httpclient\4.5.13\httpclient-4.5.13.jar;C:\Users\USUARIO\.m2\repository\org\apache\httpcomponents\httpcore\4.4.13\httpcore-4.4.13.jar;C:\Users\USUARIO\.m2\repository\commons-logging\commons-logging\1.2\commons-logging-1.2.jar;C:\Users\USUARIO\.m2\repository\org\seleniumhq\selenium\selenium-java\4.12.0\selenium-java-4.12.0.jar;C:\Users\USUARIO\.m2\repository\org\seleniumhq\selenium\selenium-devtools-v114\4.12.0\selenium-devtools-v114-4.12.0.jar;C:\Users\USUARIO\.m2\repository\org\seleniumhq\selenium\selenium-devtools-v115\4.12.0\selenium-devtools-v115-4.12.0.jar;C:\Users\USUARIO\.m2\repository\org\seleniumhq\selenium\selenium-devtools-v116\4.12.0\selenium-devtools-v116-4.12.0.jar;C:\Users\USUARIO\.m2\repository\org\seleniumhq\selenium\selenium-devtools-v85\4.12.0\selenium-devtools-v85-4.12.0.jar;C:\Users\USUARIO\.m2\repository\org\seleniumhq\selenium\selenium-remote-driver\4.12.0\selenium-remote-driver-4.12.0.jar;C:\Users\USUARIO\.m2\repository\io\netty\netty-buffer\4.1.96.Final\netty-buffer-4.1.96.Final.jar;C:\Users\USUARIO\.m2\repository\io\netty\netty-codec-http\4.1.96.Final\netty-codec-http-4.1.96.Final.jar;C:\Users\USUARIO\.m2\repository\io\netty\netty-codec\4.1.96.Final\netty-codec-4.1.96.Final.jar;C:\Users\USUARIO\.m2\repository\io\netty\netty-handler\4.1.96.Final\netty-handler-4.1.96.Final.jar;C:\Users\USUARIO\.m2\repository\io\netty\netty-common\4.1.96.Final\netty-common-4.1.96.Final.jar;C:\Users\USUARIO\.m2\repository\io\netty\netty-transport-classes-epoll\4.1.96.Final\netty-transport-classes-epoll-4.1.96.Final.jar;C:\Users\USUARIO\.m2\repository\io\netty\netty-transport-classes-kqueue\4.1.96.Final\netty-transport-classes-kqueue-4.1.96.Final.jar;C:\Users\USUARIO\.m2\repository\io\netty\netty-transport-native-epoll\4.1.96.Final\netty-transport-native-epoll-4.1.96.Final.jar;C:\Users\USUARIO\.m2\repository\io\netty\netty-transport-native-kqueue\4.1.96.Final\netty-transport-native-kqueue-4.1.96.Final.jar;C:\Users\USUARIO\.m2\repository\io\netty\netty-transport-native-unix-common\4.1.96.Final\netty-transport-native-unix-common-4.1.96.Final.jar;C:\Users\USUARIO\.m2\repository\io\netty\netty-transport\4.1.96.Final\netty-transport-4.1.96.Final.jar;C:\Users\USUARIO\.m2\repository\io\netty\netty-resolver\4.1.96.Final\netty-resolver-4.1.96.Final.jar;C:\Users\USUARIO\.m2\repository\io\opentelemetry\opentelemetry-api\1.28.0\opentelemetry-api-1.28.0.jar;C:\Users\USUARIO\.m2\repository\io\opentelemetry\opentelemetry-context\1.28.0\opentelemetry-context-1.28.0.jar;C:\Users\USUARIO\.m2\repository\io\opentelemetry\opentelemetry-exporter-logging\1.28.0\opentelemetry-exporter-logging-1.28.0.jar;C:\Users\USUARIO\.m2\repository\io\opentelemetry\opentelemetry-sdk-metrics\1.28.0\opentelemetry-sdk-metrics-1.28.0.jar;C:\Users\USUARIO\.m2\repository\io\opentelemetry\opentelemetry-extension-incubator\1.28.0-alpha\opentelemetry-extension-incubator-1.28.0-alpha.jar;C:\Users\USUARIO\.m2\repository\io\opentelemetry\opentelemetry-sdk-logs\1.28.0\opentelemetry-sdk-logs-1.28.0.jar;C:\Users\USUARIO\.m2\repository\io\opentelemetry\opentelemetry-sdk-common\1.28.0\opentelemetry-sdk-common-1.28.0.jar;C:\Users\USUARIO\.m2\repository\io\opentelemetry\opentelemetry-sdk-extension-autoconfigure-spi\1.28.0\opentelemetry-sdk-extension-autoconfigure-spi-1.28.0.jar;C:\Users\USUARIO\.m2\repository\io\opentelemetry\opentelemetry-sdk-extension-autoconfigure\1.28.0\opentelemetry-sdk-extension-autoconfigure-1.28.0.jar;C:\Users\USUARIO\.m2\repository\io\opentelemetry\opentelemetry-api-events\1.28.0-alpha\opentelemetry-api-events-1.28.0-alpha.jar;C:\Users\USUARIO\.m2\repository\io\opentelemetry\opentelemetry-sdk-trace\1.28.0\opentelemetry-sdk-trace-1.28.0.jar;C:\Users\USUARIO\.m2\repository\io\opentelemetry\opentelemetry-sdk\1.28.0\opentelemetry-sdk-1.28.0.jar;C:\Users\USUARIO\.m2\repository\io\opentelemetry\opentelemetry-semconv\1.28.0-alpha\opentelemetry-semconv-1.28.0-alpha.jar;C:\Users\USUARIO\.m2\repository\org\asynchttpclient\async-http-client\2.12.3\async-http-client-2.12.3.jar;C:\Users\USUARIO\.m2\repository\org\asynchttpclient\async-http-client-netty-utils\2.12.3\async-http-client-netty-utils-2.12.3.jar;C:\Users\USUARIO\.m2\repository\io\netty\netty-codec-socks\4.1.60.Final\netty-codec-socks-4.1.60.Final.jar;C:\Users\USUARIO\.m2\repository\io\netty\netty-handler-proxy\4.1.60.Final\netty-handler-proxy-4.1.60.Final.jar;C:\Users\USUARIO\.m2\repository\io\netty\netty-transport-native-epoll\4.1.60.Final\netty-transport-native-epoll-4.1.60.Final-linux-x86_64.jar;C:\Users\USUARIO\.m2\repository\io\netty\netty-transport-native-kqueue\4.1.60.Final\netty-transport-native-kqueue-4.1.60.Final-osx-x86_64.jar;C:\Users\USUARIO\.m2\repository\org\reactivestreams\reactive-streams\1.0.3\reactive-streams-1.0.3.jar;C:\Users\USUARIO\.m2\repository\com\typesafe\netty\netty-reactive-streams\2.0.4\netty-reactive-streams-2.0.4.jar;C:\Users\USUARIO\.m2\repository\org\seleniumhq\selenium\selenium-os\4.12.0\selenium-os-4.12.0.jar;C:\Users\USUARIO\.m2\repository\org\apache\commons\commons-exec\1.3\commons-exec-1.3.jar;C:\Users\USUARIO\.m2\repository\org\seleniumhq\selenium\selenium-safari-driver\4.12.0\selenium-safari-driver-4.12.0.jar;C:\Users\USUARIO\.m2\repository\org\seleniumhq\selenium\selenium-api\4.12.0\selenium-api-4.12.0.jar;C:\Users\USUARIO\.m2\repository\org\seleniumhq\selenium\selenium-support\4.12.0\selenium-support-4.12.0.jar;C:\Users\USUARIO\.m2\repository\com\google\auto\service\auto-service-annotations\1.1.1\auto-service-annotations-1.1.1.jar;C:\Users\USUARIO\.m2\repository\org\seleniumhq\selenium\selenium-json\4.12.0\selenium-json-4.12.0.jar;C:\Users\USUARIO\.m2\repository\org\seleniumhq\selenium\selenium-chrome-driver\4.12.0\selenium-chrome-driver-4.12.0.jar;C:\Users\USUARIO\.m2\repository\org\seleniumhq\selenium\selenium-chromium-driver\4.12.0\selenium-chromium-driver-4.12.0.jar;C:\Users\USUARIO\.m2\repository\org\seleniumhq\selenium\selenium-manager\4.12.0\selenium-manager-4.12.0.jar;C:\Users\USUARIO\.m2\repository\org\seleniumhq\selenium\selenium-firefox-driver\4.12.0\selenium-firefox-driver-4.12.0.jar;C:\Users\USUARIO\.m2\repository\org\seleniumhq\selenium\selenium-http\4.12.0\selenium-http-4.12.0.jar;C:\Users\USUARIO\.m2\repository\dev\failsafe\failsafe\3.3.2\failsafe-3.3.2.jar;C:\Users\USUARIO\.m2\repository\org\seleniumhq\selenium\selenium-edge-driver\4.12.0\selenium-edge-driver-4.12.0.jar;C:\Users\USUARIO\.m2\repository\org\seleniumhq\selenium\selenium-ie-driver\4.12.0\selenium-ie-driver-4.12.0.jar;C:\Users\USUARIO\.m2\repository\org\projectlombok\lombok\1.18.20\lombok-1.18.20.jar;C:\Users\USUARIO\.m2\repository\org\htmlunit\htmlunit\3.4.0\htmlunit-3.4.0.jar;C:\Users\USUARIO\.m2\repository\org\htmlunit\htmlunit-core-js\3.4.0\htmlunit-core-js-3.4.0.jar;C:\Users\USUARIO\.m2\repository\org\htmlunit\neko-htmlunit\3.4.0\neko-htmlunit-3.4.0.jar;C:\Users\USUARIO\.m2\repository\org\htmlunit\htmlunit-cssparser\3.4.0\htmlunit-cssparser-3.4.0.jar;C:\Users\USUARIO\.m2\repository\org\htmlunit\htmlunit-xpath\3.4.0\htmlunit-xpath-3.4.0.jar;C:\Users\USUARIO\.m2\repository\org\brotli\dec\0.1.2\dec-0.1.2.jar;C:\Users\USUARIO\.m2\repository\com\shapesecurity\salvation2\3.0.1\salvation2-3.0.1.jar;C:\Users\USUARIO\.m2\repository\org\eclipse\jetty\websocket\websocket-client\9.4.51.v20230217\websocket-client-9.4.51.v20230217.jar;C:\Users\USUARIO\.m2\repository\org\eclipse\jetty\jetty-client\9.4.51.v20230217\jetty-client-9.4.51.v20230217.jar;C:\Users\USUARIO\.m2\repository\org\eclipse\jetty\jetty-http\9.4.51.v20230217\jetty-http-9.4.51.v20230217.jar;C:\Users\USUARIO\.m2\repository\org\eclipse\jetty\jetty-util\9.4.51.v20230217\jetty-util-9.4.51.v20230217.jar;C:\Users\USUARIO\.m2\repository\org\eclipse\jetty\jetty-io\9.4.51.v20230217\jetty-io-9.4.51.v20230217.jar;C:\Users\USUARIO\.m2\repository\org\eclipse\jetty\websocket\websocket-common\9.4.51.v20230217\websocket-common-9.4.51.v20230217.jar;C:\Users\USUARIO\.m2\repository\org\eclipse\jetty\websocket\websocket-api\9.4.51.v20230217\websocket-api-9.4.51.v20230217.jar;C:\Users\USUARIO\.m2\repository\org\seleniumhq\selenium\htmlunit3-driver\4.10.0\htmlunit3-driver-4.10.0.jar;C:\Users\USUARIO\.m2\repository\io\appium\java-client\8.3.0\java-client-8.3.0.jar;C:\Users\USUARIO\.m2\repository\commons-validator\commons-validator\1.7\commons-validator-1.7.jar;C:\Users\USUARIO\.m2\repository\commons-digester\commons-digester\2.1\commons-digester-2.1.jar;C:\Users\USUARIO\.m2\repository\org\apache\groovy\groovy\4.0.13\groovy-4.0.13.jar;C:\Users\USUARIO\.m2\repository\net\sf\opencsv\opencsv\2.0\opencsv-2.0.jar;C:\Users\USUARIO\.m2\repository\commons-beanutils\commons-beanutils\1.9.4\commons-beanutils-1.9.4.jar;C:\Users\USUARIO\.m2\repository\commons-collections\commons-collections\3.2.2\commons-collections-3.2.2.jar;C:\Users\USUARIO\.m2\repository\org\apache\commons\commons-lang3\3.13.0\commons-lang3-3.13.0.jar;C:\Users\USUARIO\.m2\repository\org\apache\commons\commons-collections4\4.4\commons-collections4-4.4.jar;C:\Users\USUARIO\.m2\repository\org\apache\commons\commons-compress\1.23.0\commons-compress-1.23.0.jar;C:\Users\USUARIO\.m2\repository\org\fluentlenium\fluentlenium-core\0.10.2\fluentlenium-core-0.10.2.jar;C:\Users\USUARIO\.m2\repository\com\jhlabs\filters\2.0.235\filters-2.0.235.jar;C:\Users\USUARIO\.m2\repository\com\paulhammant\ngwebdriver\1.1.6\ngwebdriver-1.1.6.jar;C:\Users\USUARIO\.m2\repository\joda-time\joda-time\2.12.2\joda-time-2.12.2.jar;C:\Users\USUARIO\.m2\repository\org\hamcrest\hamcrest\2.2\hamcrest-2.2.jar;C:\Users\USUARIO\.m2\repository\com\google\jimfs\jimfs\1.3.0\jimfs-1.3.0.jar;C:\Users\USUARIO\.m2\repository\org\mockito\mockito-core\3.3.3\mockito-core-3.3.3.jar;C:\Users\USUARIO\.m2\repository\javax\xml\bind\jaxb-api\2.3.1\jaxb-api-2.3.1.jar;C:\Users\USUARIO\.m2\repository\javax\activation\javax.activation-api\1.2.0\javax.activation-api-1.2.0.jar;C:\Users\USUARIO\.m2\repository\com\sun\xml\bind\jaxb-core\2.3.0.1\jaxb-core-2.3.0.1.jar;C:\Users\USUARIO\.m2\repository\com\sun\xml\bind\jaxb-impl\2.3.3\jaxb-impl-2.3.3.jar;C:\Users\USUARIO\.m2\repository\com\sun\activation\jakarta.activation\1.2.2\jakarta.activation-1.2.2.jar;C:\Users\USUARIO\.m2\repository\javax\activation\activation\1.1.1\activation-1.1.1.jar;C:\Users\USUARIO\.m2\repository\net\serenity-bdd\serenity-cucumber\4.0.1\serenity-cucumber-4.0.1.jar;C:\Users\USUARIO\.m2\repository\io\cucumber\cucumber-core\7.13.0\cucumber-core-7.13.0.jar;C:\Users\USUARIO\.m2\repository\io\cucumber\cucumber-gherkin\7.13.0\cucumber-gherkin-7.13.0.jar;C:\Users\USUARIO\.m2\repository\io\cucumber\cucumber-gherkin-messages\7.13.0\cucumber-gherkin-messages-7.13.0.jar;C:\Users\USUARIO\.m2\repository\io\cucumber\gherkin\26.2.0\gherkin-26.2.0.jar;C:\Users\USUARIO\.m2\repository\io\cucumber\messages\22.0.0\messages-22.0.0.jar;C:\Users\USUARIO\.m2\repository\io\cucumber\tag-expressions\5.0.1\tag-expressions-5.0.1.jar;C:\Users\USUARIO\.m2\repository\io\cucumber\cucumber-expressions\16.1.2\cucumber-expressions-16.1.2.jar;C:\Users\USUARIO\.m2\repository\io\cucumber\datatable\7.13.0\datatable-7.13.0.jar;C:\Users\USUARIO\.m2\repository\io\cucumber\cucumber-plugin\7.13.0\cucumber-plugin-7.13.0.jar;C:\Users\USUARIO\.m2\repository\io\cucumber\docstring\7.13.0\docstring-7.13.0.jar;C:\Users\USUARIO\.m2\repository\io\cucumber\html-formatter\20.3.1\html-formatter-20.3.1.jar;C:\Users\USUARIO\.m2\repository\io\cucumber\junit-xml-formatter\0.2.0\junit-xml-formatter-0.2.0.jar;C:\Users\USUARIO\.m2\repository\io\cucumber\ci-environment\9.2.0\ci-environment-9.2.0.jar;C:\Users\USUARIO\.m2\repository\io\cucumber\cucumber-java\7.13.0\cucumber-java-7.13.0.jar;C:\Users\USUARIO\.m2\repository\io\cucumber\cucumber-junit\7.13.0\cucumber-junit-7.13.0.jar;C:\Users\USUARIO\.m2\repository\org\apache\commons\commons-csv\1.5\commons-csv-1.5.jar;C:\Users\USUARIO\.m2\repository\net\serenity-bdd\serenity-screenplay\4.0.1\serenity-screenplay-4.0.1.jar;C:\Users\USUARIO\.m2\repository\net\serenity-bdd\serenity-screenplay-webdriver\4.0.1\serenity-screenplay-webdriver-4.0.1.jar;C:\Users\USUARIO\.m2\repository\net\serenity-bdd\serenity-ensure\4.0.1\serenity-ensure-4.0.1.jar;C:\Users\USUARIO\.m2\repository\org\jetbrains\kotlin\kotlin-stdlib\1.9.0\kotlin-stdlib-1.9.0.jar;C:\Users\USUARIO\.m2\repository\org\jetbrains\kotlin\kotlin-stdlib-common\1.9.0\kotlin-stdlib-common-1.9.0.jar;C:\Users\USUARIO\.m2\repository\org\jetbrains\annotations\13.0\annotations-13.0.jar;C:\Users\USUARIO\.m2\repository\net\serenity-bdd\serenity-rest-assured\4.0.1\serenity-rest-assured-4.0.1.jar;C:\Users\USUARIO\.m2\repository\org\apache\groovy\groovy-json\4.0.13\groovy-json-4.0.13.jar;C:\Users\USUARIO\.m2\repository\org\apache\groovy\groovy-xml\4.0.13\groovy-xml-4.0.13.jar;C:\Users\USUARIO\.m2\repository\org\opentest4j\opentest4j\1.2.0\opentest4j-1.2.0.jar;C:\Users\USUARIO\.m2\repository\net\serenity-bdd\serenity-junit5\4.0.1\serenity-junit5-4.0.1.jar;C:\Users\USUARIO\.m2\repository\org\junit\jupiter\junit-jupiter-params\5.10.0\junit-jupiter-params-5.10.0.jar;C:\Users\USUARIO\.m2\repository\io\rest-assured\rest-assured\5.4.0\rest-assured-5.4.0.jar;C:\Users\USUARIO\.m2\repository\org\apache\httpcomponents\httpmime\4.5.13\httpmime-4.5.13.jar;C:\Users\USUARIO\.m2\repository\org\ccil\cowan\tagsoup\tagsoup\1.2.1\tagsoup-1.2.1.jar;C:\Users\USUARIO\.m2\repository\io\rest-assured\json-path\5.4.0\json-path-5.4.0.jar;C:\Users\USUARIO\.m2\repository\io\rest-assured\rest-assured-common\5.4.0\rest-assured-common-5.4.0.jar;C:\Users\USUARIO\.m2\repository\io\rest-assured\xml-path\5.4.0\xml-path-5.4.0.jar;C:\Users\USUARIO\.m2\repository\org\json\json\20240303\json-20240303.jar;C:\Users\USUARIO\.m2\repository\net\serenity-bdd\serenity-junit\4.0.1\serenity-junit-4.0.1.jar;C:\Users\USUARIO\.m2\repository\junit\junit\4.13.2\junit-4.13.2.jar;C:\Users\USUARIO\.m2\repository\jakarta\xml\bind\jakarta.xml.bind-api\4.0.0\jakarta.xml.bind-api-4.0.0.jar;C:\Users\USUARIO\.m2\repository\jakarta\activation\jakarta.activation-api\2.1.0\jakarta.activation-api-2.1.0.jar;C:\Users\USUARIO\.m2\repository\org\junit\platform\junit-platform-launcher\1.10.2\junit-platform-launcher-1.10.2.jar;C:\Users\USUARIO\.m2\repository\org\junit\platform\junit-platform-engine\1.10.2\junit-platform-engine-1.10.2.jar;C:\Users\USUARIO\.m2\repository\org\apiguardian\apiguardian-api\1.1.2\apiguardian-api-1.1.2.jar;C:\Users\USUARIO\.m2\repository\io\cucumber\cucumber-junit-platform-engine\7.17.0\cucumber-junit-platform-engine-7.17.0.jar;C:\Users\USUARIO\.m2\repository\org\junit\platform\junit-platform-suite\1.10.2\junit-platform-suite-1.10.2.jar;C:\Users\USUARIO\.m2\repository\org\junit\platform\junit-platform-suite-api\1.10.2\junit-platform-suite-api-1.10.2.jar;C:\Users\USUARIO\.m2\repository\org\junit\platform\junit-platform-suite-engine\1.10.2\junit-platform-suite-engine-1.10.2.jar;C:\Users\USUARIO\.m2\repository\org\junit\platform\junit-platform-suite-commons\1.10.2\junit-platform-suite-commons-1.10.2.jar;C:\Users\USUARIO\.m2\repository\org\junit\jupiter\junit-jupiter-engine\5.10.2\junit-jupiter-engine-5.10.2.jar;C:\Users\USUARIO\.m2\repository\org\junit\vintage\junit-vintage-engine\5.10.2\junit-vintage-engine-5.10.2.jar;C:\Users\USUARIO\.m2\repository\org\junit\jupiter\junit-jupiter-api\5.10.2\junit-jupiter-api-5.10.2.jar;C:\Users\USUARIO\.m2\repository\org\junit\platform\junit-platform-commons\1.10.2\junit-platform-commons-1.10.2.jar;C:\Users\USUARIO\.m2\repository\ch\qos\logback\logback-classic\1.5.6\logback-classic-1.5.6.jar;C:\Users\USUARIO\.m2\repository\ch\qos\logback\logback-core\1.5.6\logback-core-1.5.6.jar;C:\Users\USUARIO\.m2\repository\org\slf4j\slf4j-api\2.0.13\slf4j-api-2.0.13.jar;C:\Users\USUARIO\.m2\repository\org\assertj\assertj-core\3.25.3\assertj-core-3.25.3.jar;C:\Users\USUARIO\.m2\repository\net\bytebuddy\byte-buddy\1.14.11\byte-buddy-1.14.11.jar;C:\Users\USUARIO\.m2\repository\com\opencsv\opencsv\5.9\opencsv-5.9.jar;C:\Users\USUARIO\.m2\repository\org\apache\commons\commons-text\1.11.0\commons-text-1.11.0.jar;C:\Users\USUARIO\.m2\repository\com\jayway\jsonpath\json-path\2.8.0\json-path-2.8.0.jar;C:\Users\USUARIO\.m2\repository\net\minidev\json-smart\2.4.10\json-smart-2.4.10.jar;C:\Users\USUARIO\.m2\repository\net\minidev\accessors-smart\2.4.9\accessors-smart-2.4.9.jar;C:\Users\USUARIO\.m2\repository\org\ow2\asm\asm\9.3\asm-9.3.jar;"/>
    <property name="sun.cpu.endian" value="little"/>
    <property name="user.home" value="C:\Users\USUARIO"/>
    <property name="user.language" value="es"/>
    <property name="java.specification.vendor" value="Oracle Corporation"/>
    <property name="java.version.date" value="2024-03-19"/>
    <property name="java.home" value="C:\Program Files\Java\jdk-22"/>
    <property name="file.separator" value="\"/>
    <property name="basedir" value="C:\Users\USUARIO\OneDrive\Documentos\02 Automatización\03 Pragma\pragma\pragma"/>
    <property name="java.vm.compressedOopsMode" value="Zero based"/>
    <property name="line.separator" value="&#10;"/>
    <property name="java.vm.specification.vendor" value="Oracle Corporation"/>
    <property name="java.specification.name" value="Java Platform API Specification"/>
    <property name="surefire.real.class.path" value="C:\Users\USUARIO\AppData\Local\Temp\surefire5237561205363042261\surefirebooter-20240427204156526_6.jar"/>
    <property name="user.script" value=""/>
    <property name="java.protocol.handler.pkgs" value="com.google.common"/>
    <property name="sun.management.compiler" value="HotSpot 64-Bit Tiered Compilers"/>
    <property name="java.runtime.version" value="22+36-2370"/>
    <property name="user.name" value="USUARIO"/>
    <property name="stdout.encoding" value="Cp1252"/>
    <property name="path.separator" value=";"/>
    <property name="os.version" value="10.0"/>
    <property name="java.runtime.name" value="Java(TM) SE Runtime Environment"/>
    <property name="file.encoding" value="UTF-8"/>
    <property name="java.vm.name" value="Java HotSpot(TM) 64-Bit Server VM"/>
    <property name="localRepository" value="C:\Users\USUARIO\.m2\repository"/>
    <property name="java.vendor.url.bug" value="https://bugreport.java.com/bugreport/"/>
    <property name="java.io.tmpdir" value="C:\Users\USUARIO\AppData\Local\Temp\"/>
    <property name="java.version" value="22"/>
    <property name="user.dir" value="C:\Users\USUARIO\OneDrive\Documentos\02 Automatización\03 Pragma\pragma\pragma"/>
    <property name="os.arch" value="amd64"/>
    <property name="java.vm.specification.name" value="Java Virtual Machine Specification"/>
    <property name="sun.os.patch.level" value=""/>
    <property name="native.encoding" value="Cp1252"/>
    <property name="java.library.path" value="C:\Program Files\Java\jdk-22\bin;C:\Windows\Sun\Java\bin;C:\Windows\system32;C:\Windows;C:\ProgramData\Oracle\Java\javapath;C:\Program Files\Common Files\Oracle\Java\javapath;C:\Windows\system32;C:\Windows;C:\Windows\System32\Wbem;C:\Windows\System32\WindowsPowerShell\v1.0\;C:\Windows\System32\OpenSSH\;C:\Program Files\dotnet\;C:\Program Files\Git\cmd;C:\Program Files\Java\jdk-22\bin;C:\Program Files\apache-maven-3.9.6\bin;C:\ProgramData\chocolatey\bin;C:\Users\USUARIO\AppData\Local\Android\Sdk\platform-tools;C:\Users\USUARIO\AppData\Local\Android\Sdk\tools;C:\Program Files\nodejs\;C:\Users\USUARIO\AppData\Local\Android\Sdk\tools\bin;C:\Users\USUARIO\AppData\Local\Microsoft\WindowsApps;C:\Users\USUARIO\AppData\Local\Programs\Microsoft VS Code\bin;C:\Users\USUARIO\AppData\Roaming\npm;."/>
    <property name="junit.jupiter.extensions.autodetection.enabled" value="true"/>
    <property name="java.vm.info" value="mixed mode, sharing"/>
    <property name="stderr.encoding" value="Cp1252"/>
    <property name="java.vendor" value="Oracle Corporation"/>
    <property name="java.vm.version" value="22+36-2370"/>
    <property name="sun.io.unicode.encoding" value="UnicodeLittle"/>
    <property name="java.class.version" value="66.0"/>
  </properties>
  <testcase name="Registrase en el portal demoblaze.com" classname="Test de registro y login de usuario en el portal" time="13.049">
    <failure message="Cliente registrado previamente !!" type="org.opentest4j.AssertionFailedError"><![CDATA[org.opentest4j.AssertionFailedError: Cliente registrado previamente !!
	at pragma.pages.HomePage.validarRegistroExitosoEnElPortal(HomePage.java:107)
	at pragma.steps.RegistroYLoginSteps.validarRegistroExitoso(RegistroYLoginSteps.java:45)
	at pragma.steps.RegistroYLoginSteps$ByteBuddy$QOa30AKl.validarRegistroExitoso$accessor$WYsIy3sN(Unknown Source)
	at java.base/java.lang.reflect.Method.invoke(Method.java:580)
	at net.thucydides.core.steps.StepInterceptor.invokeMethod(StepInterceptor.java:519)
	at net.thucydides.core.steps.StepInterceptor.executeTestStepMethod(StepInterceptor.java:499)
	at net.thucydides.core.steps.StepInterceptor.runTestStep(StepInterceptor.java:471)
	at net.thucydides.core.steps.StepInterceptor.runOrSkipMethod(StepInterceptor.java:213)
	at net.thucydides.core.steps.StepInterceptor.testStepResult(StepInterceptor.java:200)
	at net.thucydides.core.steps.StepInterceptor.intercept(StepInterceptor.java:92)
	at net.thucydides.core.steps.ProxyConfiguration$InterceptorDispatcher.intercept(ProxyConfiguration.java:51)
	at pragma.steps.RegistroYLoginSteps$ByteBuddy$QOa30AKl.validarRegistroExitoso(Unknown Source)
	at pragma.definitions.RegistroYLoguinDefinitions.validoElRegistroExitosoEnElPortal(RegistroYLoguinDefinitions.java:32)
	at ✽.valido el registro exitoso en el portal(file:///C:/Users/USUARIO/OneDrive/Documentos/02%20Automatización/03%20Pragma/pragma/pragma/src/test/resources/features/RegistroYLoginUsuario.feature:11)
]]></failure>
    <system-out><![CDATA[20:41:58.401 [main] DEBUG io.cucumber.core.plugin.SerenityReporter -- Running feature from file:///C:/Users/USUARIO/OneDrive/Documentos/02%20Automatización/03%20Pragma/pragma/pragma/src/test/resources/features/RegistroYLoginUsuario.feature
20:41:58.435 [main] INFO  -- &amp#27;[96m

-------------------------------------------------------------------------------------
     _______. _______ .______       _______ .__   __.  __  .___________.____    ____ 
    /       ||   ____||   _  \     |   ____||  \ |  | |  | |           |\   \  /   / 
   |   (----`|  |__   |  |_)  |    |  |__   |   \|  | |  | `---|  |----` \   \/   /  
    \   \    |   __|  |      /     |   __|  |  . `  | |  |     |  |       \_    _/   
.----)   |   |  |____ |  |\  \----.|  |____ |  |\   | |  |     |  |         |  |     
|_______/    |_______|| _| `._____||_______||__| \__| |__|     |__|         |__|    
                                                                                     
 News and tutorials at http://www.serenity-bdd.info                                  
 Documentation at https://wakaleo.gitbooks.io/the-serenity-book/content/             
 Join the Serenity Community on Gitter: https://gitter.im/serenity-bdd/serenity-core 
 Serenity BDD Support and Training at http://serenity-bdd.info/#/trainingandsupport  
-------------------------------------------------------------------------------------
&amp#27;[0m
20:41:58.456 [main] DEBUG net.thucydides.core.steps.StepEventBus -- Test suite started for story net.thucydides.model.domain.Story@7460a160
20:41:58.458 [main] INFO  -- Test Suite Started: Test de registro y login de usuario en el portal
20:41:58.503 [main] DEBUG io.cucumber.core.plugin.SerenityReporter -- Running feature from file:///C:/Users/USUARIO/OneDrive/Documentos/02%20Automatización/03%20Pragma/pragma/pragma/src/test/resources/features/RegistroYLoginUsuario.feature
20:41:58.503 [main] DEBUG net.thucydides.core.steps.StepEventBus -- Test suite started for story net.thucydides.model.domain.Story@7460a160
20:41:58.503 [main] INFO  -- Test Suite Started: Test de registro y login de usuario en el portal
20:41:58.568 [main] DEBUG io.cucumber.core.plugin.SerenityReporter -- Running feature from file:///C:/Users/USUARIO/OneDrive/Documentos/02%20Automatización/03%20Pragma/pragma/pragma/src/test/resources/features/RegistroYLoginUsuario.feature
20:41:58.601 [main] INFO  -- 
  _____   ___   ___   _____     ___   _____     _     ___   _____   ___   ___  
 |_   _| | __| / __| |_   _|   / __| |_   _|   /_\   | _ \ |_   _| | __| |   \ 
   | |   | _|  \__ \   | |     \__ \   | |    / _ \  |   /   | |   | _|  | |) |
   |_|   |___| |___/   |_|     |___/   |_|   /_/ \_\ |_|_\   |_|   |___| |___/ 

Registrase en el portal demoblaze.com(test-de-registro-y-login-de-usuario-en-el-portal;registrase-en-el-portal-demoblaze.com)
--------------------------------------------------------------------------------
20:41:58.991 [main] DEBUG net.thucydides.core.steps.StepInterceptor -- STARTING STEP: StepInterceptor.testContext - ingresarAlPortal
20:41:59.023 [main] WARN net.serenitybdd.model.buildinfo.PropertyBasedDriverCapabilityRecord -- Failed to store browser configuration for {moz:debuggerAddress=true, acceptInsecureCerts=true, browserName=firefox, moz:firefoxOptions={args=[], log={level=error}}}
20:41:59.486 [main] DEBUG io.netty.util.internal.logging.InternalLoggerFactory -- Using SLF4J as the default logging framework
20:41:59.486 [main] DEBUG io.netty.util.ResourceLeakDetector -- -Dio.netty.leakDetection.level: simple
20:41:59.486 [main] DEBUG io.netty.util.ResourceLeakDetector -- -Dio.netty.leakDetection.targetRecords: 4
20:41:59.503 [main] DEBUG io.netty.util.ResourceLeakDetectorFactory -- Loaded default ResourceLeakDetector: io.netty.util.ResourceLeakDetector@4b325930
20:41:59.503 [main] DEBUG io.netty.util.internal.PlatformDependent0 -- -Dio.netty.noUnsafe: false
20:41:59.503 [main] DEBUG io.netty.util.internal.PlatformDependent0 -- Java version: 22
20:41:59.503 [main] DEBUG io.netty.util.internal.PlatformDependent0 -- sun.misc.Unsafe.theUnsafe: available
20:41:59.503 [main] DEBUG io.netty.util.internal.PlatformDependent0 -- sun.misc.Unsafe.copyMemory: available
20:41:59.503 [main] DEBUG io.netty.util.internal.PlatformDependent0 -- sun.misc.Unsafe.storeFence: available
20:41:59.503 [main] DEBUG io.netty.util.internal.PlatformDependent0 -- java.nio.Buffer.address: available
20:41:59.503 [main] DEBUG io.netty.util.internal.PlatformDependent0 -- direct buffer constructor: unavailable: Reflective setAccessible(true) disabled
20:41:59.503 [main] DEBUG io.netty.util.internal.PlatformDependent0 -- java.nio.Bits.unaligned: available, true
20:41:59.516 [main] DEBUG io.netty.util.internal.PlatformDependent0 -- jdk.internal.misc.Unsafe.allocateUninitializedArray(int): unavailable: class io.netty.util.internal.PlatformDependent0$7 cannot access class jdk.internal.misc.Unsafe (in module java.base) because module java.base does not export jdk.internal.misc to unnamed module @55b0dcab
20:41:59.516 [main] DEBUG io.netty.util.internal.PlatformDependent0 -- java.nio.DirectByteBuffer.<init>(long, {int,long}): unavailable
20:41:59.516 [main] DEBUG io.netty.util.internal.PlatformDependent -- sun.misc.Unsafe: available
20:41:59.519 [main] DEBUG io.netty.util.internal.PlatformDependent -- maxDirectMemory: 4198498304 bytes (maybe)
20:41:59.520 [main] DEBUG io.netty.util.internal.PlatformDependent -- -Dio.netty.tmpdir: C:\Users\USUARIO\AppData\Local\Temp (java.io.tmpdir)
20:41:59.520 [main] DEBUG io.netty.util.internal.PlatformDependent -- -Dio.netty.bitMode: 64 (sun.arch.data.model)
20:41:59.521 [main] DEBUG io.netty.util.internal.PlatformDependent -- Platform: Windows
20:41:59.522 [main] DEBUG io.netty.util.internal.PlatformDependent -- -Dio.netty.maxDirectMemory: -1 bytes
20:41:59.522 [main] DEBUG io.netty.util.internal.PlatformDependent -- -Dio.netty.uninitializedArrayAllocationThreshold: -1
20:41:59.523 [main] DEBUG io.netty.util.internal.CleanerJava9 -- java.nio.ByteBuffer.cleaner(): available
20:41:59.523 [main] DEBUG io.netty.util.internal.PlatformDependent -- -Dio.netty.noPreferDirect: false
20:41:59.523 [main] DEBUG io.netty.util.internal.PlatformDependent -- org.jctools-core.MpscChunkedArrayQueue: available
20:41:59.538 [main] DEBUG io.netty.util.internal.InternalThreadLocalMap -- -Dio.netty.threadLocalMap.stringBuilder.initialSize: 1024
20:41:59.538 [main] DEBUG io.netty.util.internal.InternalThreadLocalMap -- -Dio.netty.threadLocalMap.stringBuilder.maxSize: 4096
20:41:59.692 [main] DEBUG io.netty.handler.ssl.JdkSslContext -- Default protocols (JDK): [TLSv1.3, TLSv1.2] 
20:41:59.692 [main] DEBUG io.netty.handler.ssl.JdkSslContext -- Default cipher suites (JDK): [TLS_ECDHE_ECDSA_WITH_AES_256_GCM_SHA384, TLS_ECDHE_ECDSA_WITH_AES_128_GCM_SHA256, TLS_ECDHE_RSA_WITH_AES_128_GCM_SHA256, TLS_ECDHE_RSA_WITH_AES_256_GCM_SHA384, TLS_ECDHE_RSA_WITH_AES_128_CBC_SHA, TLS_ECDHE_RSA_WITH_AES_256_CBC_SHA, TLS_RSA_WITH_AES_128_GCM_SHA256, TLS_RSA_WITH_AES_128_CBC_SHA, TLS_RSA_WITH_AES_256_CBC_SHA, TLS_AES_128_GCM_SHA256, TLS_AES_256_GCM_SHA384]
20:41:59.692 [main] DEBUG io.netty.util.concurrent.GlobalEventExecutor -- -Dio.netty.globalEventExecutor.quietPeriodSeconds: 1
20:41:59.706 [main] DEBUG io.netty.channel.MultithreadEventLoopGroup -- -Dio.netty.eventLoopThreads: 40
20:41:59.708 [main] DEBUG io.netty.channel.nio.NioEventLoop -- -Dio.netty.noKeySetOptimization: false
20:41:59.708 [main] DEBUG io.netty.channel.nio.NioEventLoop -- -Dio.netty.selectorAutoRebuildThreshold: 512
20:41:59.758 [main] DEBUG io.netty.buffer.PooledByteBufAllocator -- -Dio.netty.allocator.numHeapArenas: 40
20:41:59.758 [main] DEBUG io.netty.buffer.PooledByteBufAllocator -- -Dio.netty.allocator.numDirectArenas: 40
20:41:59.758 [main] DEBUG io.netty.buffer.PooledByteBufAllocator -- -Dio.netty.allocator.pageSize: 8192
20:41:59.758 [main] DEBUG io.netty.buffer.PooledByteBufAllocator -- -Dio.netty.allocator.maxOrder: 9
20:41:59.758 [main] DEBUG io.netty.buffer.PooledByteBufAllocator -- -Dio.netty.allocator.chunkSize: 4194304
20:41:59.758 [main] DEBUG io.netty.buffer.PooledByteBufAllocator -- -Dio.netty.allocator.smallCacheSize: 256
20:41:59.758 [main] DEBUG io.netty.buffer.PooledByteBufAllocator -- -Dio.netty.allocator.normalCacheSize: 64
20:41:59.758 [main] DEBUG io.netty.buffer.PooledByteBufAllocator -- -Dio.netty.allocator.maxCachedBufferCapacity: 32768
20:41:59.758 [main] DEBUG io.netty.buffer.PooledByteBufAllocator -- -Dio.netty.allocator.cacheTrimInterval: 8192
20:41:59.758 [main] DEBUG io.netty.buffer.PooledByteBufAllocator -- -Dio.netty.allocator.cacheTrimIntervalMillis: 0
20:41:59.758 [main] DEBUG io.netty.buffer.PooledByteBufAllocator -- -Dio.netty.allocator.useCacheForAllThreads: false
20:41:59.758 [main] DEBUG io.netty.buffer.PooledByteBufAllocator -- -Dio.netty.allocator.maxCachedByteBuffersPerChunk: 1023
20:41:59.770 [main] DEBUG io.netty.buffer.ByteBufUtil -- -Dio.netty.allocator.type: pooled
20:41:59.770 [main] DEBUG io.netty.buffer.ByteBufUtil -- -Dio.netty.threadLocalDirectBufferSize: 0
20:41:59.770 [main] DEBUG io.netty.buffer.ByteBufUtil -- -Dio.netty.maxThreadLocalCharBufferSize: 16384
20:41:59.918 [Forwarding newSession on session null to remote] DEBUG io.netty.channel.DefaultChannelId -- -Dio.netty.processId: 5768 (auto-detected)
20:41:59.920 [Forwarding newSession on session null to remote] DEBUG io.netty.util.NetUtil -- -Djava.net.preferIPv4Stack: false
20:41:59.920 [Forwarding newSession on session null to remote] DEBUG io.netty.util.NetUtil -- -Djava.net.preferIPv6Addresses: false
20:41:59.921 [Forwarding newSession on session null to remote] DEBUG io.netty.util.NetUtilInitializations -- Loopback interface: loopback_0 (Software Loopback Interface 1, 0:0:0:0:0:0:0:1)
20:41:59.922 [Forwarding newSession on session null to remote] DEBUG io.netty.util.NetUtil -- Failed to get SOMAXCONN from sysctl and file \proc\sys\net\core\somaxconn. Default: 200
20:41:59.922 [Forwarding newSession on session null to remote] DEBUG io.netty.channel.DefaultChannelId -- -Dio.netty.machineId: f8:54:f6:ff:fe:94:ff:b2 (auto-detected)
20:41:59.942 [AsyncHttpClient-1-2] DEBUG io.netty.buffer.AbstractByteBuf -- -Dio.netty.buffer.checkAccessible: true
20:41:59.942 [AsyncHttpClient-1-2] DEBUG io.netty.buffer.AbstractByteBuf -- -Dio.netty.buffer.checkBounds: true
20:41:59.942 [AsyncHttpClient-1-2] DEBUG io.netty.util.ResourceLeakDetectorFactory -- Loaded default ResourceLeakDetector: io.netty.util.ResourceLeakDetector@2c1aa0c1
20:41:59.957 [AsyncHttpClient-1-2] DEBUG org.asynchttpclient.netty.channel.NettyConnectListener -- Using new Channel '[id: 0xb24d7bc1, L:/127.0.0.1:56641 - R:localhost/127.0.0.1:45943]' for 'POST' to '/session'
20:41:59.958 [AsyncHttpClient-1-2] DEBUG io.netty.util.Recycler -- -Dio.netty.recycler.maxCapacityPerThread: 4096
20:41:59.958 [AsyncHttpClient-1-2] DEBUG io.netty.util.Recycler -- -Dio.netty.recycler.ratio: 8
20:41:59.958 [AsyncHttpClient-1-2] DEBUG io.netty.util.Recycler -- -Dio.netty.recycler.chunkSize: 32
20:41:59.958 [AsyncHttpClient-1-2] DEBUG io.netty.util.Recycler -- -Dio.netty.recycler.blocking: false
20:41:59.958 [AsyncHttpClient-1-2] DEBUG io.netty.util.Recycler -- -Dio.netty.recycler.batchFastThreadLocalOnly: true
20:42:01.359 [AsyncHttpClient-1-2] DEBUG io.netty.handler.codec.compression.Brotli -- brotli4j not in the classpath; Brotli support will be unavailable.
20:42:01.359 [AsyncHttpClient-1-2] DEBUG org.asynchttpclient.netty.handler.HttpHandler -- 

Request DefaultHttpRequest(decodeResult: success, version: HTTP/1.1)
POST /session HTTP/1.1
User-Agent: selenium/4.12.0 (java windows)
Content-Length: 383
Content-Type: application/json; charset=utf-8
host: localhost:45943
accept: */*

Response DefaultHttpResponse(decodeResult: success, version: HTTP/1.1)
HTTP/1.1 200 OK
content-type: application/json; charset=utf-8
cache-control: no-cache
content-length: 843
date: Sun, 28 Apr 2024 01:41:59 GMT

20:42:01.359 [AsyncHttpClient-1-2] DEBUG org.asynchttpclient.netty.channel.ChannelManager -- Adding key: http://localhost:45943 for channel [id: 0xb24d7bc1, L:/127.0.0.1:56641 - R:localhost/127.0.0.1:45943]
20:42:01.403 [AsyncHttpClient-1-3] DEBUG org.asynchttpclient.netty.channel.NettyConnectListener -- Using new Channel '[id: 0x8db2c2a7, L:/127.0.0.1:56699 - R:/127.0.0.1:46253]' for 'GET' to '/json/version'
20:42:01.417 [AsyncHttpClient-1-3] DEBUG org.asynchttpclient.netty.handler.HttpHandler -- 

Request DefaultFullHttpRequest(decodeResult: success, version: HTTP/1.1, content: EmptyByteBufBE)
GET /json/version HTTP/1.1
User-Agent: selenium/4.12.0 (java windows)
host: 127.0.0.1:46253
accept: */*

Response DefaultHttpResponse(decodeResult: success, version: HTTP/1.1)
HTTP/1.1 200 OK
content-type: application/json
content-security-policy: frame-ancestors 'none'
connection: close
server: httpd.js
date: Sun, 28 Apr 2024 01:42:01 GMT

20:42:01.419 [AsyncHttpClient-1-3] DEBUG org.asynchttpclient.netty.channel.ChannelManager -- Closing Channel [id: 0x8db2c2a7, L:/127.0.0.1:56699 ! R:/127.0.0.1:46253] 
20:42:01.420 [AsyncHttpClient-1-3] DEBUG org.asynchttpclient.netty.handler.HttpHandler -- Channel Closed: [id: 0x8db2c2a7, L:/127.0.0.1:56699 ! R:/127.0.0.1:46253] with attribute DISCARD
20:42:01.422 [Forwarding setTimeout on session c476c993-0411-4254-b52b-2ba4e749a392 to remote] DEBUG org.asynchttpclient.netty.request.NettyRequestSender -- Using pooled Channel '[id: 0xb24d7bc1, L:/127.0.0.1:56641 - R:localhost/127.0.0.1:45943]' for 'POST' to 'http://localhost:45943/session/c476c993-0411-4254-b52b-2ba4e749a392/timeouts'
20:42:01.422 [Forwarding setTimeout on session c476c993-0411-4254-b52b-2ba4e749a392 to remote] DEBUG org.asynchttpclient.netty.request.NettyRequestSender -- Using open Channel [id: 0xb24d7bc1, L:/127.0.0.1:56641 - R:localhost/127.0.0.1:45943] for POST '/session/c476c993-0411-4254-b52b-2ba4e749a392/timeouts'
20:42:01.422 [AsyncHttpClient-1-2] DEBUG org.asynchttpclient.netty.handler.HttpHandler -- 

Request DefaultHttpRequest(decodeResult: success, version: HTTP/1.1)
POST /session/c476c993-0411-4254-b52b-2ba4e749a392/timeouts HTTP/1.1
User-Agent: selenium/4.12.0 (java windows)
Content-Length: 22
Content-Type: application/json; charset=utf-8
host: localhost:45943
accept: */*

Response DefaultHttpResponse(decodeResult: success, version: HTTP/1.1)
HTTP/1.1 200 OK
content-type: application/json; charset=utf-8
cache-control: no-cache
content-length: 14
date: Sun, 28 Apr 2024 01:42:01 GMT

20:42:01.422 [AsyncHttpClient-1-2] DEBUG org.asynchttpclient.netty.channel.ChannelManager -- Adding key: http://localhost:45943 for channel [id: 0xb24d7bc1, L:/127.0.0.1:56641 - R:localhost/127.0.0.1:45943]
20:42:01.422 [Forwarding maximizeCurrentWindow on session c476c993-0411-4254-b52b-2ba4e749a392 to remote] DEBUG org.asynchttpclient.netty.request.NettyRequestSender -- Using pooled Channel '[id: 0xb24d7bc1, L:/127.0.0.1:56641 - R:localhost/127.0.0.1:45943]' for 'POST' to 'http://localhost:45943/session/c476c993-0411-4254-b52b-2ba4e749a392/window/maximize'
20:42:01.422 [Forwarding maximizeCurrentWindow on session c476c993-0411-4254-b52b-2ba4e749a392 to remote] DEBUG org.asynchttpclient.netty.request.NettyRequestSender -- Using open Channel [id: 0xb24d7bc1, L:/127.0.0.1:56641 - R:localhost/127.0.0.1:45943] for POST '/session/c476c993-0411-4254-b52b-2ba4e749a392/window/maximize'
20:42:01.711 [AsyncHttpClient-1-2] DEBUG org.asynchttpclient.netty.handler.HttpHandler -- 

Request DefaultHttpRequest(decodeResult: success, version: HTTP/1.1)
POST /session/c476c993-0411-4254-b52b-2ba4e749a392/window/maximize HTTP/1.1
User-Agent: selenium/4.12.0 (java windows)
Content-Length: 3
Content-Type: application/json; charset=utf-8
host: localhost:45943
accept: */*

Response DefaultHttpResponse(decodeResult: success, version: HTTP/1.1)
HTTP/1.1 200 OK
content-type: application/json; charset=utf-8
cache-control: no-cache
content-length: 51
date: Sun, 28 Apr 2024 01:42:01 GMT

20:42:01.711 [AsyncHttpClient-1-2] DEBUG org.asynchttpclient.netty.channel.ChannelManager -- Adding key: http://localhost:45943 for channel [id: 0xb24d7bc1, L:/127.0.0.1:56641 - R:localhost/127.0.0.1:45943]
20:42:01.734 [Forwarding get on session c476c993-0411-4254-b52b-2ba4e749a392 to remote] DEBUG org.asynchttpclient.netty.request.NettyRequestSender -- Using pooled Channel '[id: 0xb24d7bc1, L:/127.0.0.1:56641 - R:localhost/127.0.0.1:45943]' for 'POST' to 'http://localhost:45943/session/c476c993-0411-4254-b52b-2ba4e749a392/url'
20:42:01.734 [Forwarding get on session c476c993-0411-4254-b52b-2ba4e749a392 to remote] DEBUG org.asynchttpclient.netty.request.NettyRequestSender -- Using open Channel [id: 0xb24d7bc1, L:/127.0.0.1:56641 - R:localhost/127.0.0.1:45943] for POST '/session/c476c993-0411-4254-b52b-2ba4e749a392/url'
20:42:02.679 [AsyncHttpClient-1-2] DEBUG org.asynchttpclient.netty.handler.HttpHandler -- 

Request DefaultHttpRequest(decodeResult: success, version: HTTP/1.1)
POST /session/c476c993-0411-4254-b52b-2ba4e749a392/url HTTP/1.1
User-Agent: selenium/4.12.0 (java windows)
Content-Length: 56
Content-Type: application/json; charset=utf-8
host: localhost:45943
accept: */*

Response DefaultHttpResponse(decodeResult: success, version: HTTP/1.1)
HTTP/1.1 200 OK
content-type: application/json; charset=utf-8
cache-control: no-cache
content-length: 14
date: Sun, 28 Apr 2024 01:42:01 GMT

20:42:02.679 [AsyncHttpClient-1-2] DEBUG org.asynchttpclient.netty.channel.ChannelManager -- Adding key: http://localhost:45943 for channel [id: 0xb24d7bc1, L:/127.0.0.1:56641 - R:localhost/127.0.0.1:45943]
20:42:02.679 [Forwarding setTimeout on session c476c993-0411-4254-b52b-2ba4e749a392 to remote] DEBUG org.asynchttpclient.netty.request.NettyRequestSender -- Using pooled Channel '[id: 0xb24d7bc1, L:/127.0.0.1:56641 - R:localhost/127.0.0.1:45943]' for 'POST' to 'http://localhost:45943/session/c476c993-0411-4254-b52b-2ba4e749a392/timeouts'
20:42:02.679 [Forwarding setTimeout on session c476c993-0411-4254-b52b-2ba4e749a392 to remote] DEBUG org.asynchttpclient.netty.request.NettyRequestSender -- Using open Channel [id: 0xb24d7bc1, L:/127.0.0.1:56641 - R:localhost/127.0.0.1:45943] for POST '/session/c476c993-0411-4254-b52b-2ba4e749a392/timeouts'
20:42:02.679 [AsyncHttpClient-1-2] DEBUG org.asynchttpclient.netty.handler.HttpHandler -- 

Request DefaultHttpRequest(decodeResult: success, version: HTTP/1.1)
POST /session/c476c993-0411-4254-b52b-2ba4e749a392/timeouts HTTP/1.1
User-Agent: selenium/4.12.0 (java windows)
Content-Length: 22
Content-Type: application/json; charset=utf-8
host: localhost:45943
accept: */*

Response DefaultHttpResponse(decodeResult: success, version: HTTP/1.1)
HTTP/1.1 200 OK
content-type: application/json; charset=utf-8
cache-control: no-cache
content-length: 14
date: Sun, 28 Apr 2024 01:42:02 GMT

20:42:02.679 [AsyncHttpClient-1-2] DEBUG org.asynchttpclient.netty.channel.ChannelManager -- Adding key: http://localhost:45943 for channel [id: 0xb24d7bc1, L:/127.0.0.1:56641 - R:localhost/127.0.0.1:45943]
20:42:02.695 [main] DEBUG net.serenitybdd.core.photography.Darkroom -- Opening darkroom
20:42:02.695 [Darkroom Processing Line] DEBUG net.serenitybdd.core.photography.DarkroomProcessingLine -- Darkroom processing line starting up
20:42:02.711 [Forwarding getAlertText on session c476c993-0411-4254-b52b-2ba4e749a392 to remote] DEBUG org.asynchttpclient.netty.request.NettyRequestSender -- Using pooled Channel '[id: 0xb24d7bc1, L:/127.0.0.1:56641 - R:localhost/127.0.0.1:45943]' for 'GET' to 'http://localhost:45943/session/c476c993-0411-4254-b52b-2ba4e749a392/alert/text'
20:42:02.711 [Forwarding getAlertText on session c476c993-0411-4254-b52b-2ba4e749a392 to remote] DEBUG org.asynchttpclient.netty.request.NettyRequestSender -- Using open Channel [id: 0xb24d7bc1, L:/127.0.0.1:56641 - R:localhost/127.0.0.1:45943] for GET '/session/c476c993-0411-4254-b52b-2ba4e749a392/alert/text'
20:42:02.717 [AsyncHttpClient-1-2] DEBUG org.asynchttpclient.netty.handler.HttpHandler -- 

Request DefaultFullHttpRequest(decodeResult: success, version: HTTP/1.1, content: EmptyByteBufBE)
GET /session/c476c993-0411-4254-b52b-2ba4e749a392/alert/text HTTP/1.1
Cache-Control: no-cache
User-Agent: selenium/4.12.0 (java windows)
Content-Type: application/json; charset=utf-8
host: localhost:45943
accept: */*

Response DefaultHttpResponse(decodeResult: success, version: HTTP/1.1)
HTTP/1.1 404 Not Found
content-type: application/json; charset=utf-8
cache-control: no-cache
content-length: 842
date: Sun, 28 Apr 2024 01:42:02 GMT

20:42:02.717 [AsyncHttpClient-1-2] DEBUG org.asynchttpclient.netty.channel.ChannelManager -- Adding key: http://localhost:45943 for channel [id: 0xb24d7bc1, L:/127.0.0.1:56641 - R:localhost/127.0.0.1:45943]
20:42:02.717 [Forwarding getCurrentUrl on session c476c993-0411-4254-b52b-2ba4e749a392 to remote] DEBUG org.asynchttpclient.netty.request.NettyRequestSender -- Using pooled Channel '[id: 0xb24d7bc1, L:/127.0.0.1:56641 - R:localhost/127.0.0.1:45943]' for 'GET' to 'http://localhost:45943/session/c476c993-0411-4254-b52b-2ba4e749a392/url'
20:42:02.717 [Forwarding getCurrentUrl on session c476c993-0411-4254-b52b-2ba4e749a392 to remote] DEBUG org.asynchttpclient.netty.request.NettyRequestSender -- Using open Channel [id: 0xb24d7bc1, L:/127.0.0.1:56641 - R:localhost/127.0.0.1:45943] for GET '/session/c476c993-0411-4254-b52b-2ba4e749a392/url'
20:42:02.717 [AsyncHttpClient-1-2] DEBUG org.asynchttpclient.netty.handler.HttpHandler -- 

Request DefaultFullHttpRequest(decodeResult: success, version: HTTP/1.1, content: EmptyByteBufBE)
GET /session/c476c993-0411-4254-b52b-2ba4e749a392/url HTTP/1.1
Cache-Control: no-cache
User-Agent: selenium/4.12.0 (java windows)
Content-Type: application/json; charset=utf-8
host: localhost:45943
accept: */*

Response DefaultHttpResponse(decodeResult: success, version: HTTP/1.1)
HTTP/1.1 200 OK
content-type: application/json; charset=utf-8
cache-control: no-cache
content-length: 38
date: Sun, 28 Apr 2024 01:42:02 GMT

20:42:02.717 [AsyncHttpClient-1-2] DEBUG org.asynchttpclient.netty.channel.ChannelManager -- Adding key: http://localhost:45943 for channel [id: 0xb24d7bc1, L:/127.0.0.1:56641 - R:localhost/127.0.0.1:45943]
20:42:02.717 [Forwarding screenshot on session c476c993-0411-4254-b52b-2ba4e749a392 to remote] DEBUG org.asynchttpclient.netty.request.NettyRequestSender -- Using pooled Channel '[id: 0xb24d7bc1, L:/127.0.0.1:56641 - R:localhost/127.0.0.1:45943]' for 'GET' to 'http://localhost:45943/session/c476c993-0411-4254-b52b-2ba4e749a392/screenshot'
20:42:02.717 [Forwarding screenshot on session c476c993-0411-4254-b52b-2ba4e749a392 to remote] DEBUG org.asynchttpclient.netty.request.NettyRequestSender -- Using open Channel [id: 0xb24d7bc1, L:/127.0.0.1:56641 - R:localhost/127.0.0.1:45943] for GET '/session/c476c993-0411-4254-b52b-2ba4e749a392/screenshot'
20:42:02.819 [AsyncHttpClient-1-2] DEBUG org.asynchttpclient.netty.handler.HttpHandler -- 

Request DefaultFullHttpRequest(decodeResult: success, version: HTTP/1.1, content: EmptyByteBufBE)
GET /session/c476c993-0411-4254-b52b-2ba4e749a392/screenshot HTTP/1.1
Cache-Control: no-cache
User-Agent: selenium/4.12.0 (java windows)
Content-Type: application/json; charset=utf-8
host: localhost:45943
accept: */*

Response DefaultHttpResponse(decodeResult: success, version: HTTP/1.1)
HTTP/1.1 200 OK
content-type: application/json; charset=utf-8
cache-control: no-cache
content-length: 504948
date: Sun, 28 Apr 2024 01:42:02 GMT

20:42:02.823 [AsyncHttpClient-1-2] DEBUG org.asynchttpclient.netty.channel.ChannelManager -- Adding key: http://localhost:45943 for channel [id: 0xb24d7bc1, L:/127.0.0.1:56641 - R:localhost/127.0.0.1:45943]
20:42:02.906 [main] DEBUG net.serenitybdd.core.photography.Darkroom -- Send negative for processing for C:\Users\USUARIO\OneDrive\Documentos\02 Automatización\03 Pragma\pragma\pragma\target\site\serenity\4ee8a2605a1cdda36c2b7788194c259ded3d98d35a623d38fa3b86f65a89fac1.png
20:42:02.906 [Darkroom Processing Line] DEBUG net.serenitybdd.core.photography.DarkroomProcessingLine -- Processing screenshot image in /var/screenshots/screenshot-12987535037369656568
20:42:02.907 [Darkroom Processing Line] DEBUG net.serenitybdd.core.photography.DarkroomProcessingLine -- Saving screenshot to C:\Users\USUARIO\OneDrive\Documentos\02 Automatización\03 Pragma\pragma\pragma\target\site\serenity\4ee8a2605a1cdda36c2b7788194c259ded3d98d35a623d38fa3b86f65a89fac1.png
20:42:02.937 [AsyncHttpClient-1-1] DEBUG org.asynchttpclient.netty.channel.DefaultChannelPool -- Entry count for : http://localhost:45943 : 1
20:42:03.914 [main] DEBUG net.thucydides.core.steps.StepInterceptor -- STEP DONE: ingresarAlPortal
20:42:03.928 [Forwarding getAlertText on session c476c993-0411-4254-b52b-2ba4e749a392 to remote] DEBUG org.asynchttpclient.netty.request.NettyRequestSender -- Using pooled Channel '[id: 0xb24d7bc1, L:/127.0.0.1:56641 - R:localhost/127.0.0.1:45943]' for 'GET' to 'http://localhost:45943/session/c476c993-0411-4254-b52b-2ba4e749a392/alert/text'
20:42:03.928 [Forwarding getAlertText on session c476c993-0411-4254-b52b-2ba4e749a392 to remote] DEBUG org.asynchttpclient.netty.request.NettyRequestSender -- Using open Channel [id: 0xb24d7bc1, L:/127.0.0.1:56641 - R:localhost/127.0.0.1:45943] for GET '/session/c476c993-0411-4254-b52b-2ba4e749a392/alert/text'
20:42:03.930 [AsyncHttpClient-1-2] DEBUG org.asynchttpclient.netty.handler.HttpHandler -- 

Request DefaultFullHttpRequest(decodeResult: success, version: HTTP/1.1, content: EmptyByteBufBE)
GET /session/c476c993-0411-4254-b52b-2ba4e749a392/alert/text HTTP/1.1
Cache-Control: no-cache
User-Agent: selenium/4.12.0 (java windows)
Content-Type: application/json; charset=utf-8
host: localhost:45943
accept: */*

Response DefaultHttpResponse(decodeResult: success, version: HTTP/1.1)
HTTP/1.1 404 Not Found
content-type: application/json; charset=utf-8
cache-control: no-cache
content-length: 842
date: Sun, 28 Apr 2024 01:42:03 GMT

20:42:03.930 [AsyncHttpClient-1-2] DEBUG org.asynchttpclient.netty.channel.ChannelManager -- Adding key: http://localhost:45943 for channel [id: 0xb24d7bc1, L:/127.0.0.1:56641 - R:localhost/127.0.0.1:45943]
20:42:03.932 [Forwarding getCurrentUrl on session c476c993-0411-4254-b52b-2ba4e749a392 to remote] DEBUG org.asynchttpclient.netty.request.NettyRequestSender -- Using pooled Channel '[id: 0xb24d7bc1, L:/127.0.0.1:56641 - R:localhost/127.0.0.1:45943]' for 'GET' to 'http://localhost:45943/session/c476c993-0411-4254-b52b-2ba4e749a392/url'
20:42:03.932 [Forwarding getCurrentUrl on session c476c993-0411-4254-b52b-2ba4e749a392 to remote] DEBUG org.asynchttpclient.netty.request.NettyRequestSender -- Using open Channel [id: 0xb24d7bc1, L:/127.0.0.1:56641 - R:localhost/127.0.0.1:45943] for GET '/session/c476c993-0411-4254-b52b-2ba4e749a392/url'
20:42:03.933 [AsyncHttpClient-1-2] DEBUG org.asynchttpclient.netty.handler.HttpHandler -- 

Request DefaultFullHttpRequest(decodeResult: success, version: HTTP/1.1, content: EmptyByteBufBE)
GET /session/c476c993-0411-4254-b52b-2ba4e749a392/url HTTP/1.1
Cache-Control: no-cache
User-Agent: selenium/4.12.0 (java windows)
Content-Type: application/json; charset=utf-8
host: localhost:45943
accept: */*

Response DefaultHttpResponse(decodeResult: success, version: HTTP/1.1)
HTTP/1.1 200 OK
content-type: application/json; charset=utf-8
cache-control: no-cache
content-length: 38
date: Sun, 28 Apr 2024 01:42:03 GMT

20:42:03.933 [AsyncHttpClient-1-2] DEBUG org.asynchttpclient.netty.channel.ChannelManager -- Adding key: http://localhost:45943 for channel [id: 0xb24d7bc1, L:/127.0.0.1:56641 - R:localhost/127.0.0.1:45943]
20:42:03.933 [Forwarding screenshot on session c476c993-0411-4254-b52b-2ba4e749a392 to remote] DEBUG org.asynchttpclient.netty.request.NettyRequestSender -- Using pooled Channel '[id: 0xb24d7bc1, L:/127.0.0.1:56641 - R:localhost/127.0.0.1:45943]' for 'GET' to 'http://localhost:45943/session/c476c993-0411-4254-b52b-2ba4e749a392/screenshot'
20:42:03.933 [Forwarding screenshot on session c476c993-0411-4254-b52b-2ba4e749a392 to remote] DEBUG org.asynchttpclient.netty.request.NettyRequestSender -- Using open Channel [id: 0xb24d7bc1, L:/127.0.0.1:56641 - R:localhost/127.0.0.1:45943] for GET '/session/c476c993-0411-4254-b52b-2ba4e749a392/screenshot'
20:42:04.020 [AsyncHttpClient-1-2] DEBUG org.asynchttpclient.netty.handler.HttpHandler -- 

Request DefaultFullHttpRequest(decodeResult: success, version: HTTP/1.1, content: EmptyByteBufBE)
GET /session/c476c993-0411-4254-b52b-2ba4e749a392/screenshot HTTP/1.1
Cache-Control: no-cache
User-Agent: selenium/4.12.0 (java windows)
Content-Type: application/json; charset=utf-8
host: localhost:45943
accept: */*

Response DefaultHttpResponse(decodeResult: success, version: HTTP/1.1)
HTTP/1.1 200 OK
content-type: application/json; charset=utf-8
cache-control: no-cache
content-length: 800340
date: Sun, 28 Apr 2024 01:42:03 GMT

20:42:04.032 [AsyncHttpClient-1-2] DEBUG org.asynchttpclient.netty.channel.ChannelManager -- Adding key: http://localhost:45943 for channel [id: 0xb24d7bc1, L:/127.0.0.1:56641 - R:localhost/127.0.0.1:45943]
20:42:04.044 [main] DEBUG net.serenitybdd.core.photography.Darkroom -- Send negative for processing for C:\Users\USUARIO\OneDrive\Documentos\02 Automatización\03 Pragma\pragma\pragma\target\site\serenity\c6d2d59253a3c52d8b8db4ad723f6da73641757028d146bd6c52f7f99c9aebe9.png
20:42:04.045 [Darkroom Processing Line] DEBUG net.serenitybdd.core.photography.DarkroomProcessingLine -- Processing screenshot image in /var/screenshots/screenshot-2861504663346871769
20:42:04.045 [Darkroom Processing Line] DEBUG net.serenitybdd.core.photography.DarkroomProcessingLine -- Saving screenshot to C:\Users\USUARIO\OneDrive\Documentos\02 Automatización\03 Pragma\pragma\pragma\target\site\serenity\c6d2d59253a3c52d8b8db4ad723f6da73641757028d146bd6c52f7f99c9aebe9.png
20:42:04.046 [AsyncHttpClient-1-1] DEBUG org.asynchttpclient.netty.channel.DefaultChannelPool -- Entry count for : http://localhost:45943 : 1
20:42:05.061 [main] DEBUG net.thucydides.core.steps.StepInterceptor -- STARTING STEP: StepInterceptor.testContext - ingresarSeccionRegistro
20:42:05.073 [Forwarding findElement on session c476c993-0411-4254-b52b-2ba4e749a392 to remote] DEBUG org.asynchttpclient.netty.request.NettyRequestSender -- Using pooled Channel '[id: 0xb24d7bc1, L:/127.0.0.1:56641 - R:localhost/127.0.0.1:45943]' for 'POST' to 'http://localhost:45943/session/c476c993-0411-4254-b52b-2ba4e749a392/element'
20:42:05.073 [Forwarding findElement on session c476c993-0411-4254-b52b-2ba4e749a392 to remote] DEBUG org.asynchttpclient.netty.request.NettyRequestSender -- Using open Channel [id: 0xb24d7bc1, L:/127.0.0.1:56641 - R:localhost/127.0.0.1:45943] for POST '/session/c476c993-0411-4254-b52b-2ba4e749a392/element'
20:42:05.078 [AsyncHttpClient-1-2] DEBUG org.asynchttpclient.netty.handler.HttpHandler -- 

Request DefaultHttpRequest(decodeResult: success, version: HTTP/1.1)
POST /session/c476c993-0411-4254-b52b-2ba4e749a392/element HTTP/1.1
User-Agent: selenium/4.12.0 (java windows)
Content-Length: 52
Content-Type: application/json; charset=utf-8
host: localhost:45943
accept: */*

Response DefaultHttpResponse(decodeResult: success, version: HTTP/1.1)
HTTP/1.1 200 OK
content-type: application/json; charset=utf-8
cache-control: no-cache
content-length: 88
date: Sun, 28 Apr 2024 01:42:05 GMT

20:42:05.078 [AsyncHttpClient-1-2] DEBUG org.asynchttpclient.netty.channel.ChannelManager -- Adding key: http://localhost:45943 for channel [id: 0xb24d7bc1, L:/127.0.0.1:56641 - R:localhost/127.0.0.1:45943]
20:42:05.080 [Forwarding getElementTagName on session c476c993-0411-4254-b52b-2ba4e749a392 to remote] DEBUG org.asynchttpclient.netty.request.NettyRequestSender -- Using pooled Channel '[id: 0xb24d7bc1, L:/127.0.0.1:56641 - R:localhost/127.0.0.1:45943]' for 'GET' to 'http://localhost:45943/session/c476c993-0411-4254-b52b-2ba4e749a392/element/76ff1b30-b8a8-430a-9ab2-bfe3fe89f8a4/name'
20:42:05.080 [Forwarding getElementTagName on session c476c993-0411-4254-b52b-2ba4e749a392 to remote] DEBUG org.asynchttpclient.netty.request.NettyRequestSender -- Using open Channel [id: 0xb24d7bc1, L:/127.0.0.1:56641 - R:localhost/127.0.0.1:45943] for GET '/session/c476c993-0411-4254-b52b-2ba4e749a392/element/76ff1b30-b8a8-430a-9ab2-bfe3fe89f8a4/name'
20:42:05.082 [AsyncHttpClient-1-2] DEBUG org.asynchttpclient.netty.handler.HttpHandler -- 

Request DefaultFullHttpRequest(decodeResult: success, version: HTTP/1.1, content: EmptyByteBufBE)
GET /session/c476c993-0411-4254-b52b-2ba4e749a392/element/76ff1b30-b8a8-430a-9ab2-bfe3fe89f8a4/name HTTP/1.1
Cache-Control: no-cache
User-Agent: selenium/4.12.0 (java windows)
Content-Type: application/json; charset=utf-8
host: localhost:45943
accept: */*

Response DefaultHttpResponse(decodeResult: success, version: HTTP/1.1)
HTTP/1.1 200 OK
content-type: application/json; charset=utf-8
cache-control: no-cache
content-length: 13
date: Sun, 28 Apr 2024 01:42:05 GMT

20:42:05.082 [AsyncHttpClient-1-2] DEBUG org.asynchttpclient.netty.channel.ChannelManager -- Adding key: http://localhost:45943 for channel [id: 0xb24d7bc1, L:/127.0.0.1:56641 - R:localhost/127.0.0.1:45943]
20:42:05.083 [Forwarding getElementTagName on session c476c993-0411-4254-b52b-2ba4e749a392 to remote] DEBUG org.asynchttpclient.netty.request.NettyRequestSender -- Using pooled Channel '[id: 0xb24d7bc1, L:/127.0.0.1:56641 - R:localhost/127.0.0.1:45943]' for 'GET' to 'http://localhost:45943/session/c476c993-0411-4254-b52b-2ba4e749a392/element/76ff1b30-b8a8-430a-9ab2-bfe3fe89f8a4/name'
20:42:05.083 [Forwarding getElementTagName on session c476c993-0411-4254-b52b-2ba4e749a392 to remote] DEBUG org.asynchttpclient.netty.request.NettyRequestSender -- Using open Channel [id: 0xb24d7bc1, L:/127.0.0.1:56641 - R:localhost/127.0.0.1:45943] for GET '/session/c476c993-0411-4254-b52b-2ba4e749a392/element/76ff1b30-b8a8-430a-9ab2-bfe3fe89f8a4/name'
20:42:05.084 [AsyncHttpClient-1-2] DEBUG org.asynchttpclient.netty.handler.HttpHandler -- 

Request DefaultFullHttpRequest(decodeResult: success, version: HTTP/1.1, content: EmptyByteBufBE)
GET /session/c476c993-0411-4254-b52b-2ba4e749a392/element/76ff1b30-b8a8-430a-9ab2-bfe3fe89f8a4/name HTTP/1.1
Cache-Control: no-cache
User-Agent: selenium/4.12.0 (java windows)
Content-Type: application/json; charset=utf-8
host: localhost:45943
accept: */*

Response DefaultHttpResponse(decodeResult: success, version: HTTP/1.1)
HTTP/1.1 200 OK
content-type: application/json; charset=utf-8
cache-control: no-cache
content-length: 13
date: Sun, 28 Apr 2024 01:42:05 GMT

20:42:05.084 [AsyncHttpClient-1-2] DEBUG org.asynchttpclient.netty.channel.ChannelManager -- Adding key: http://localhost:45943 for channel [id: 0xb24d7bc1, L:/127.0.0.1:56641 - R:localhost/127.0.0.1:45943]
20:42:05.085 [Forwarding findElement on session c476c993-0411-4254-b52b-2ba4e749a392 to remote] DEBUG org.asynchttpclient.netty.request.NettyRequestSender -- Using pooled Channel '[id: 0xb24d7bc1, L:/127.0.0.1:56641 - R:localhost/127.0.0.1:45943]' for 'POST' to 'http://localhost:45943/session/c476c993-0411-4254-b52b-2ba4e749a392/element'
20:42:05.085 [Forwarding findElement on session c476c993-0411-4254-b52b-2ba4e749a392 to remote] DEBUG org.asynchttpclient.netty.request.NettyRequestSender -- Using open Channel [id: 0xb24d7bc1, L:/127.0.0.1:56641 - R:localhost/127.0.0.1:45943] for POST '/session/c476c993-0411-4254-b52b-2ba4e749a392/element'
20:42:05.086 [AsyncHttpClient-1-2] DEBUG org.asynchttpclient.netty.handler.HttpHandler -- 

Request DefaultHttpRequest(decodeResult: success, version: HTTP/1.1)
POST /session/c476c993-0411-4254-b52b-2ba4e749a392/element HTTP/1.1
User-Agent: selenium/4.12.0 (java windows)
Content-Length: 52
Content-Type: application/json; charset=utf-8
host: localhost:45943
accept: */*

Response DefaultHttpResponse(decodeResult: success, version: HTTP/1.1)
HTTP/1.1 200 OK
content-type: application/json; charset=utf-8
cache-control: no-cache
content-length: 88
date: Sun, 28 Apr 2024 01:42:05 GMT

20:42:05.086 [AsyncHttpClient-1-2] DEBUG org.asynchttpclient.netty.channel.ChannelManager -- Adding key: http://localhost:45943 for channel [id: 0xb24d7bc1, L:/127.0.0.1:56641 - R:localhost/127.0.0.1:45943]
20:42:05.086 [Forwarding clickElement on session c476c993-0411-4254-b52b-2ba4e749a392 to remote] DEBUG org.asynchttpclient.netty.request.NettyRequestSender -- Using pooled Channel '[id: 0xb24d7bc1, L:/127.0.0.1:56641 - R:localhost/127.0.0.1:45943]' for 'POST' to 'http://localhost:45943/session/c476c993-0411-4254-b52b-2ba4e749a392/element/76ff1b30-b8a8-430a-9ab2-bfe3fe89f8a4/click'
20:42:05.086 [Forwarding clickElement on session c476c993-0411-4254-b52b-2ba4e749a392 to remote] DEBUG org.asynchttpclient.netty.request.NettyRequestSender -- Using open Channel [id: 0xb24d7bc1, L:/127.0.0.1:56641 - R:localhost/127.0.0.1:45943] for POST '/session/c476c993-0411-4254-b52b-2ba4e749a392/element/76ff1b30-b8a8-430a-9ab2-bfe3fe89f8a4/click'
20:42:05.305 [AsyncHttpClient-1-2] DEBUG org.asynchttpclient.netty.handler.HttpHandler -- 

Request DefaultHttpRequest(decodeResult: success, version: HTTP/1.1)
POST /session/c476c993-0411-4254-b52b-2ba4e749a392/element/76ff1b30-b8a8-430a-9ab2-bfe3fe89f8a4/click HTTP/1.1
User-Agent: selenium/4.12.0 (java windows)
Content-Length: 50
Content-Type: application/json; charset=utf-8
host: localhost:45943
accept: */*

Response DefaultHttpResponse(decodeResult: success, version: HTTP/1.1)
HTTP/1.1 200 OK
content-type: application/json; charset=utf-8
cache-control: no-cache
content-length: 14
date: Sun, 28 Apr 2024 01:42:05 GMT

20:42:05.305 [AsyncHttpClient-1-2] DEBUG org.asynchttpclient.netty.channel.ChannelManager -- Adding key: http://localhost:45943 for channel [id: 0xb24d7bc1, L:/127.0.0.1:56641 - R:localhost/127.0.0.1:45943]
20:42:05.320 [Forwarding getAlertText on session c476c993-0411-4254-b52b-2ba4e749a392 to remote] DEBUG org.asynchttpclient.netty.request.NettyRequestSender -- Using pooled Channel '[id: 0xb24d7bc1, L:/127.0.0.1:56641 - R:localhost/127.0.0.1:45943]' for 'GET' to 'http://localhost:45943/session/c476c993-0411-4254-b52b-2ba4e749a392/alert/text'
20:42:05.320 [Forwarding getAlertText on session c476c993-0411-4254-b52b-2ba4e749a392 to remote] DEBUG org.asynchttpclient.netty.request.NettyRequestSender -- Using open Channel [id: 0xb24d7bc1, L:/127.0.0.1:56641 - R:localhost/127.0.0.1:45943] for GET '/session/c476c993-0411-4254-b52b-2ba4e749a392/alert/text'
20:42:05.320 [AsyncHttpClient-1-2] DEBUG org.asynchttpclient.netty.handler.HttpHandler -- 

Request DefaultFullHttpRequest(decodeResult: success, version: HTTP/1.1, content: EmptyByteBufBE)
GET /session/c476c993-0411-4254-b52b-2ba4e749a392/alert/text HTTP/1.1
Cache-Control: no-cache
User-Agent: selenium/4.12.0 (java windows)
Content-Type: application/json; charset=utf-8
host: localhost:45943
accept: */*

Response DefaultHttpResponse(decodeResult: success, version: HTTP/1.1)
HTTP/1.1 404 Not Found
content-type: application/json; charset=utf-8
cache-control: no-cache
content-length: 842
date: Sun, 28 Apr 2024 01:42:05 GMT

20:42:05.320 [AsyncHttpClient-1-2] DEBUG org.asynchttpclient.netty.channel.ChannelManager -- Adding key: http://localhost:45943 for channel [id: 0xb24d7bc1, L:/127.0.0.1:56641 - R:localhost/127.0.0.1:45943]
20:42:05.320 [Forwarding getCurrentUrl on session c476c993-0411-4254-b52b-2ba4e749a392 to remote] DEBUG org.asynchttpclient.netty.request.NettyRequestSender -- Using pooled Channel '[id: 0xb24d7bc1, L:/127.0.0.1:56641 - R:localhost/127.0.0.1:45943]' for 'GET' to 'http://localhost:45943/session/c476c993-0411-4254-b52b-2ba4e749a392/url'
20:42:05.320 [Forwarding getCurrentUrl on session c476c993-0411-4254-b52b-2ba4e749a392 to remote] DEBUG org.asynchttpclient.netty.request.NettyRequestSender -- Using open Channel [id: 0xb24d7bc1, L:/127.0.0.1:56641 - R:localhost/127.0.0.1:45943] for GET '/session/c476c993-0411-4254-b52b-2ba4e749a392/url'
20:42:05.324 [AsyncHttpClient-1-2] DEBUG org.asynchttpclient.netty.handler.HttpHandler -- 

Request DefaultFullHttpRequest(decodeResult: success, version: HTTP/1.1, content: EmptyByteBufBE)
GET /session/c476c993-0411-4254-b52b-2ba4e749a392/url HTTP/1.1
Cache-Control: no-cache
User-Agent: selenium/4.12.0 (java windows)
Content-Type: application/json; charset=utf-8
host: localhost:45943
accept: */*

Response DefaultHttpResponse(decodeResult: success, version: HTTP/1.1)
HTTP/1.1 200 OK
content-type: application/json; charset=utf-8
cache-control: no-cache
content-length: 38
date: Sun, 28 Apr 2024 01:42:05 GMT

20:42:05.326 [AsyncHttpClient-1-2] DEBUG org.asynchttpclient.netty.channel.ChannelManager -- Adding key: http://localhost:45943 for channel [id: 0xb24d7bc1, L:/127.0.0.1:56641 - R:localhost/127.0.0.1:45943]
20:42:05.326 [Forwarding screenshot on session c476c993-0411-4254-b52b-2ba4e749a392 to remote] DEBUG org.asynchttpclient.netty.request.NettyRequestSender -- Using pooled Channel '[id: 0xb24d7bc1, L:/127.0.0.1:56641 - R:localhost/127.0.0.1:45943]' for 'GET' to 'http://localhost:45943/session/c476c993-0411-4254-b52b-2ba4e749a392/screenshot'
20:42:05.326 [Forwarding screenshot on session c476c993-0411-4254-b52b-2ba4e749a392 to remote] DEBUG org.asynchttpclient.netty.request.NettyRequestSender -- Using open Channel [id: 0xb24d7bc1, L:/127.0.0.1:56641 - R:localhost/127.0.0.1:45943] for GET '/session/c476c993-0411-4254-b52b-2ba4e749a392/screenshot'
20:42:05.403 [AsyncHttpClient-1-2] DEBUG org.asynchttpclient.netty.handler.HttpHandler -- 

Request DefaultFullHttpRequest(decodeResult: success, version: HTTP/1.1, content: EmptyByteBufBE)
GET /session/c476c993-0411-4254-b52b-2ba4e749a392/screenshot HTTP/1.1
Cache-Control: no-cache
User-Agent: selenium/4.12.0 (java windows)
Content-Type: application/json; charset=utf-8
host: localhost:45943
accept: */*

Response DefaultHttpResponse(decodeResult: success, version: HTTP/1.1)
HTTP/1.1 200 OK
content-type: application/json; charset=utf-8
cache-control: no-cache
content-length: 636748
date: Sun, 28 Apr 2024 01:42:05 GMT

20:42:05.403 [AsyncHttpClient-1-2] DEBUG org.asynchttpclient.netty.channel.ChannelManager -- Adding key: http://localhost:45943 for channel [id: 0xb24d7bc1, L:/127.0.0.1:56641 - R:localhost/127.0.0.1:45943]
20:42:05.421 [main] DEBUG net.serenitybdd.core.photography.Darkroom -- Send negative for processing for C:\Users\USUARIO\OneDrive\Documentos\02 Automatización\03 Pragma\pragma\pragma\target\site\serenity\c958b3035cfb12f9243c923d2c3823da4e3d1216cda51b6cedbd1ec1fe526d7c.png
20:42:05.421 [Darkroom Processing Line] DEBUG net.serenitybdd.core.photography.DarkroomProcessingLine -- Processing screenshot image in /var/screenshots/screenshot-991283958995568220
20:42:05.421 [Darkroom Processing Line] DEBUG net.serenitybdd.core.photography.DarkroomProcessingLine -- Saving screenshot to C:\Users\USUARIO\OneDrive\Documentos\02 Automatización\03 Pragma\pragma\pragma\target\site\serenity\c958b3035cfb12f9243c923d2c3823da4e3d1216cda51b6cedbd1ec1fe526d7c.png
20:42:06.247 [AsyncHttpClient-1-1] DEBUG org.asynchttpclient.netty.channel.DefaultChannelPool -- Entry count for : http://localhost:45943 : 1
20:42:06.431 [main] DEBUG net.thucydides.core.steps.StepInterceptor -- STEP DONE: ingresarSeccionRegistro
20:42:06.442 [Forwarding getAlertText on session c476c993-0411-4254-b52b-2ba4e749a392 to remote] DEBUG org.asynchttpclient.netty.request.NettyRequestSender -- Using pooled Channel '[id: 0xb24d7bc1, L:/127.0.0.1:56641 - R:localhost/127.0.0.1:45943]' for 'GET' to 'http://localhost:45943/session/c476c993-0411-4254-b52b-2ba4e749a392/alert/text'
20:42:06.442 [Forwarding getAlertText on session c476c993-0411-4254-b52b-2ba4e749a392 to remote] DEBUG org.asynchttpclient.netty.request.NettyRequestSender -- Using open Channel [id: 0xb24d7bc1, L:/127.0.0.1:56641 - R:localhost/127.0.0.1:45943] for GET '/session/c476c993-0411-4254-b52b-2ba4e749a392/alert/text'
20:42:06.445 [AsyncHttpClient-1-2] DEBUG org.asynchttpclient.netty.handler.HttpHandler -- 

Request DefaultFullHttpRequest(decodeResult: success, version: HTTP/1.1, content: EmptyByteBufBE)
GET /session/c476c993-0411-4254-b52b-2ba4e749a392/alert/text HTTP/1.1
Cache-Control: no-cache
User-Agent: selenium/4.12.0 (java windows)
Content-Type: application/json; charset=utf-8
host: localhost:45943
accept: */*

Response DefaultHttpResponse(decodeResult: success, version: HTTP/1.1)
HTTP/1.1 404 Not Found
content-type: application/json; charset=utf-8
cache-control: no-cache
content-length: 842
date: Sun, 28 Apr 2024 01:42:06 GMT

20:42:06.445 [AsyncHttpClient-1-2] DEBUG org.asynchttpclient.netty.channel.ChannelManager -- Adding key: http://localhost:45943 for channel [id: 0xb24d7bc1, L:/127.0.0.1:56641 - R:localhost/127.0.0.1:45943]
20:42:06.448 [Forwarding getCurrentUrl on session c476c993-0411-4254-b52b-2ba4e749a392 to remote] DEBUG org.asynchttpclient.netty.request.NettyRequestSender -- Using pooled Channel '[id: 0xb24d7bc1, L:/127.0.0.1:56641 - R:localhost/127.0.0.1:45943]' for 'GET' to 'http://localhost:45943/session/c476c993-0411-4254-b52b-2ba4e749a392/url'
20:42:06.448 [Forwarding getCurrentUrl on session c476c993-0411-4254-b52b-2ba4e749a392 to remote] DEBUG org.asynchttpclient.netty.request.NettyRequestSender -- Using open Channel [id: 0xb24d7bc1, L:/127.0.0.1:56641 - R:localhost/127.0.0.1:45943] for GET '/session/c476c993-0411-4254-b52b-2ba4e749a392/url'
20:42:06.449 [AsyncHttpClient-1-2] DEBUG org.asynchttpclient.netty.handler.HttpHandler -- 

Request DefaultFullHttpRequest(decodeResult: success, version: HTTP/1.1, content: EmptyByteBufBE)
GET /session/c476c993-0411-4254-b52b-2ba4e749a392/url HTTP/1.1
Cache-Control: no-cache
User-Agent: selenium/4.12.0 (java windows)
Content-Type: application/json; charset=utf-8
host: localhost:45943
accept: */*

Response DefaultHttpResponse(decodeResult: success, version: HTTP/1.1)
HTTP/1.1 200 OK
content-type: application/json; charset=utf-8
cache-control: no-cache
content-length: 38
date: Sun, 28 Apr 2024 01:42:06 GMT

20:42:06.449 [AsyncHttpClient-1-2] DEBUG org.asynchttpclient.netty.channel.ChannelManager -- Adding key: http://localhost:45943 for channel [id: 0xb24d7bc1, L:/127.0.0.1:56641 - R:localhost/127.0.0.1:45943]
20:42:06.451 [Forwarding screenshot on session c476c993-0411-4254-b52b-2ba4e749a392 to remote] DEBUG org.asynchttpclient.netty.request.NettyRequestSender -- Using pooled Channel '[id: 0xb24d7bc1, L:/127.0.0.1:56641 - R:localhost/127.0.0.1:45943]' for 'GET' to 'http://localhost:45943/session/c476c993-0411-4254-b52b-2ba4e749a392/screenshot'
20:42:06.451 [Forwarding screenshot on session c476c993-0411-4254-b52b-2ba4e749a392 to remote] DEBUG org.asynchttpclient.netty.request.NettyRequestSender -- Using open Channel [id: 0xb24d7bc1, L:/127.0.0.1:56641 - R:localhost/127.0.0.1:45943] for GET '/session/c476c993-0411-4254-b52b-2ba4e749a392/screenshot'
20:42:06.539 [AsyncHttpClient-1-2] DEBUG org.asynchttpclient.netty.handler.HttpHandler -- 

Request DefaultFullHttpRequest(decodeResult: success, version: HTTP/1.1, content: EmptyByteBufBE)
GET /session/c476c993-0411-4254-b52b-2ba4e749a392/screenshot HTTP/1.1
Cache-Control: no-cache
User-Agent: selenium/4.12.0 (java windows)
Content-Type: application/json; charset=utf-8
host: localhost:45943
accept: */*

Response DefaultHttpResponse(decodeResult: success, version: HTTP/1.1)
HTTP/1.1 200 OK
content-type: application/json; charset=utf-8
cache-control: no-cache
content-length: 475868
date: Sun, 28 Apr 2024 01:42:06 GMT

20:42:06.540 [AsyncHttpClient-1-2] DEBUG org.asynchttpclient.netty.channel.ChannelManager -- Adding key: http://localhost:45943 for channel [id: 0xb24d7bc1, L:/127.0.0.1:56641 - R:localhost/127.0.0.1:45943]
20:42:06.555 [main] DEBUG net.serenitybdd.core.photography.Darkroom -- Send negative for processing for C:\Users\USUARIO\OneDrive\Documentos\02 Automatización\03 Pragma\pragma\pragma\target\site\serenity\fd826a39f14d4ae1c90f0aba8848c5de35b03fec7fa0c7ed50b763e4bbfa3828.png
20:42:06.556 [Darkroom Processing Line] DEBUG net.serenitybdd.core.photography.DarkroomProcessingLine -- Processing screenshot image in /var/screenshots/screenshot-16227002192145604884
20:42:06.556 [Darkroom Processing Line] DEBUG net.serenitybdd.core.photography.DarkroomProcessingLine -- Saving screenshot to C:\Users\USUARIO\OneDrive\Documentos\02 Automatización\03 Pragma\pragma\pragma\target\site\serenity\fd826a39f14d4ae1c90f0aba8848c5de35b03fec7fa0c7ed50b763e4bbfa3828.png
20:42:07.335 [AsyncHttpClient-1-1] DEBUG org.asynchttpclient.netty.channel.DefaultChannelPool -- Entry count for : http://localhost:45943 : 1
20:42:07.576 [main] DEBUG net.thucydides.core.steps.StepInterceptor -- STARTING STEP: StepInterceptor.testContext - registro
20:42:07.588 [Forwarding findElement on session c476c993-0411-4254-b52b-2ba4e749a392 to remote] DEBUG org.asynchttpclient.netty.request.NettyRequestSender -- Using pooled Channel '[id: 0xb24d7bc1, L:/127.0.0.1:56641 - R:localhost/127.0.0.1:45943]' for 'POST' to 'http://localhost:45943/session/c476c993-0411-4254-b52b-2ba4e749a392/element'
20:42:07.588 [Forwarding findElement on session c476c993-0411-4254-b52b-2ba4e749a392 to remote] DEBUG org.asynchttpclient.netty.request.NettyRequestSender -- Using open Channel [id: 0xb24d7bc1, L:/127.0.0.1:56641 - R:localhost/127.0.0.1:45943] for POST '/session/c476c993-0411-4254-b52b-2ba4e749a392/element'
20:42:07.591 [AsyncHttpClient-1-2] DEBUG org.asynchttpclient.netty.handler.HttpHandler -- 

Request DefaultHttpRequest(decodeResult: success, version: HTTP/1.1)
POST /session/c476c993-0411-4254-b52b-2ba4e749a392/element HTTP/1.1
User-Agent: selenium/4.12.0 (java windows)
Content-Length: 60
Content-Type: application/json; charset=utf-8
host: localhost:45943
accept: */*

Response DefaultHttpResponse(decodeResult: success, version: HTTP/1.1)
HTTP/1.1 200 OK
content-type: application/json; charset=utf-8
cache-control: no-cache
content-length: 88
date: Sun, 28 Apr 2024 01:42:07 GMT

20:42:07.591 [AsyncHttpClient-1-2] DEBUG org.asynchttpclient.netty.channel.ChannelManager -- Adding key: http://localhost:45943 for channel [id: 0xb24d7bc1, L:/127.0.0.1:56641 - R:localhost/127.0.0.1:45943]
20:42:07.591 [Forwarding clearElement on session c476c993-0411-4254-b52b-2ba4e749a392 to remote] DEBUG org.asynchttpclient.netty.request.NettyRequestSender -- Using pooled Channel '[id: 0xb24d7bc1, L:/127.0.0.1:56641 - R:localhost/127.0.0.1:45943]' for 'POST' to 'http://localhost:45943/session/c476c993-0411-4254-b52b-2ba4e749a392/element/caf04005-d441-44f3-8452-68480481519b/clear'
20:42:07.591 [Forwarding clearElement on session c476c993-0411-4254-b52b-2ba4e749a392 to remote] DEBUG org.asynchttpclient.netty.request.NettyRequestSender -- Using open Channel [id: 0xb24d7bc1, L:/127.0.0.1:56641 - R:localhost/127.0.0.1:45943] for POST '/session/c476c993-0411-4254-b52b-2ba4e749a392/element/caf04005-d441-44f3-8452-68480481519b/clear'
20:42:07.591 [AsyncHttpClient-1-2] DEBUG org.asynchttpclient.netty.handler.HttpHandler -- 

Request DefaultHttpRequest(decodeResult: success, version: HTTP/1.1)
POST /session/c476c993-0411-4254-b52b-2ba4e749a392/element/caf04005-d441-44f3-8452-68480481519b/clear HTTP/1.1
User-Agent: selenium/4.12.0 (java windows)
Content-Length: 50
Content-Type: application/json; charset=utf-8
host: localhost:45943
accept: */*

Response DefaultHttpResponse(decodeResult: success, version: HTTP/1.1)
HTTP/1.1 200 OK
content-type: application/json; charset=utf-8
cache-control: no-cache
content-length: 14
date: Sun, 28 Apr 2024 01:42:07 GMT

20:42:07.591 [AsyncHttpClient-1-2] DEBUG org.asynchttpclient.netty.channel.ChannelManager -- Adding key: http://localhost:45943 for channel [id: 0xb24d7bc1, L:/127.0.0.1:56641 - R:localhost/127.0.0.1:45943]
20:42:07.591 [Forwarding sendKeysToElement on session c476c993-0411-4254-b52b-2ba4e749a392 to remote] DEBUG org.asynchttpclient.netty.request.NettyRequestSender -- Using pooled Channel '[id: 0xb24d7bc1, L:/127.0.0.1:56641 - R:localhost/127.0.0.1:45943]' for 'POST' to 'http://localhost:45943/session/c476c993-0411-4254-b52b-2ba4e749a392/element/caf04005-d441-44f3-8452-68480481519b/value'
20:42:07.591 [Forwarding sendKeysToElement on session c476c993-0411-4254-b52b-2ba4e749a392 to remote] DEBUG org.asynchttpclient.netty.request.NettyRequestSender -- Using open Channel [id: 0xb24d7bc1, L:/127.0.0.1:56641 - R:localhost/127.0.0.1:45943] for POST '/session/c476c993-0411-4254-b52b-2ba4e749a392/element/caf04005-d441-44f3-8452-68480481519b/value'
20:42:07.621 [AsyncHttpClient-1-2] DEBUG org.asynchttpclient.netty.handler.HttpHandler -- 

Request DefaultHttpRequest(decodeResult: success, version: HTTP/1.1)
POST /session/c476c993-0411-4254-b52b-2ba4e749a392/element/caf04005-d441-44f3-8452-68480481519b/value HTTP/1.1
User-Agent: selenium/4.12.0 (java windows)
Content-Length: 155
Content-Type: application/json; charset=utf-8
host: localhost:45943
accept: */*

Response DefaultHttpResponse(decodeResult: success, version: HTTP/1.1)
HTTP/1.1 200 OK
content-type: application/json; charset=utf-8
cache-control: no-cache
content-length: 14
date: Sun, 28 Apr 2024 01:42:07 GMT

20:42:07.621 [AsyncHttpClient-1-2] DEBUG org.asynchttpclient.netty.channel.ChannelManager -- Adding key: http://localhost:45943 for channel [id: 0xb24d7bc1, L:/127.0.0.1:56641 - R:localhost/127.0.0.1:45943]
20:42:07.621 [Forwarding findElement on session c476c993-0411-4254-b52b-2ba4e749a392 to remote] DEBUG org.asynchttpclient.netty.request.NettyRequestSender -- Using pooled Channel '[id: 0xb24d7bc1, L:/127.0.0.1:56641 - R:localhost/127.0.0.1:45943]' for 'POST' to 'http://localhost:45943/session/c476c993-0411-4254-b52b-2ba4e749a392/element'
20:42:07.621 [Forwarding findElement on session c476c993-0411-4254-b52b-2ba4e749a392 to remote] DEBUG org.asynchttpclient.netty.request.NettyRequestSender -- Using open Channel [id: 0xb24d7bc1, L:/127.0.0.1:56641 - R:localhost/127.0.0.1:45943] for POST '/session/c476c993-0411-4254-b52b-2ba4e749a392/element'
20:42:07.621 [AsyncHttpClient-1-2] DEBUG org.asynchttpclient.netty.handler.HttpHandler -- 

Request DefaultHttpRequest(decodeResult: success, version: HTTP/1.1)
POST /session/c476c993-0411-4254-b52b-2ba4e749a392/element HTTP/1.1
User-Agent: selenium/4.12.0 (java windows)
Content-Length: 60
Content-Type: application/json; charset=utf-8
host: localhost:45943
accept: */*

Response DefaultHttpResponse(decodeResult: success, version: HTTP/1.1)
HTTP/1.1 200 OK
content-type: application/json; charset=utf-8
cache-control: no-cache
content-length: 88
date: Sun, 28 Apr 2024 01:42:07 GMT

20:42:07.621 [AsyncHttpClient-1-2] DEBUG org.asynchttpclient.netty.channel.ChannelManager -- Adding key: http://localhost:45943 for channel [id: 0xb24d7bc1, L:/127.0.0.1:56641 - R:localhost/127.0.0.1:45943]
20:42:07.627 [Forwarding clearElement on session c476c993-0411-4254-b52b-2ba4e749a392 to remote] DEBUG org.asynchttpclient.netty.request.NettyRequestSender -- Using pooled Channel '[id: 0xb24d7bc1, L:/127.0.0.1:56641 - R:localhost/127.0.0.1:45943]' for 'POST' to 'http://localhost:45943/session/c476c993-0411-4254-b52b-2ba4e749a392/element/36f9ad96-434c-4d62-9bfb-c602eca2e391/clear'
20:42:07.627 [Forwarding clearElement on session c476c993-0411-4254-b52b-2ba4e749a392 to remote] DEBUG org.asynchttpclient.netty.request.NettyRequestSender -- Using open Channel [id: 0xb24d7bc1, L:/127.0.0.1:56641 - R:localhost/127.0.0.1:45943] for POST '/session/c476c993-0411-4254-b52b-2ba4e749a392/element/36f9ad96-434c-4d62-9bfb-c602eca2e391/clear'
20:42:07.628 [AsyncHttpClient-1-2] DEBUG org.asynchttpclient.netty.handler.HttpHandler -- 

Request DefaultHttpRequest(decodeResult: success, version: HTTP/1.1)
POST /session/c476c993-0411-4254-b52b-2ba4e749a392/element/36f9ad96-434c-4d62-9bfb-c602eca2e391/clear HTTP/1.1
User-Agent: selenium/4.12.0 (java windows)
Content-Length: 50
Content-Type: application/json; charset=utf-8
host: localhost:45943
accept: */*

Response DefaultHttpResponse(decodeResult: success, version: HTTP/1.1)
HTTP/1.1 200 OK
content-type: application/json; charset=utf-8
cache-control: no-cache
content-length: 14
date: Sun, 28 Apr 2024 01:42:07 GMT

20:42:07.629 [AsyncHttpClient-1-2] DEBUG org.asynchttpclient.netty.channel.ChannelManager -- Adding key: http://localhost:45943 for channel [id: 0xb24d7bc1, L:/127.0.0.1:56641 - R:localhost/127.0.0.1:45943]
20:42:07.630 [Forwarding sendKeysToElement on session c476c993-0411-4254-b52b-2ba4e749a392 to remote] DEBUG org.asynchttpclient.netty.request.NettyRequestSender -- Using pooled Channel '[id: 0xb24d7bc1, L:/127.0.0.1:56641 - R:localhost/127.0.0.1:45943]' for 'POST' to 'http://localhost:45943/session/c476c993-0411-4254-b52b-2ba4e749a392/element/36f9ad96-434c-4d62-9bfb-c602eca2e391/value'
20:42:07.630 [Forwarding sendKeysToElement on session c476c993-0411-4254-b52b-2ba4e749a392 to remote] DEBUG org.asynchttpclient.netty.request.NettyRequestSender -- Using open Channel [id: 0xb24d7bc1, L:/127.0.0.1:56641 - R:localhost/127.0.0.1:45943] for POST '/session/c476c993-0411-4254-b52b-2ba4e749a392/element/36f9ad96-434c-4d62-9bfb-c602eca2e391/value'
20:42:07.632 [AsyncHttpClient-1-2] DEBUG org.asynchttpclient.netty.handler.HttpHandler -- 

Request DefaultHttpRequest(decodeResult: success, version: HTTP/1.1)
POST /session/c476c993-0411-4254-b52b-2ba4e749a392/element/36f9ad96-434c-4d62-9bfb-c602eca2e391/value HTTP/1.1
User-Agent: selenium/4.12.0 (java windows)
Content-Length: 205
Content-Type: application/json; charset=utf-8
host: localhost:45943
accept: */*

Response DefaultHttpResponse(decodeResult: success, version: HTTP/1.1)
HTTP/1.1 200 OK
content-type: application/json; charset=utf-8
cache-control: no-cache
content-length: 14
date: Sun, 28 Apr 2024 01:42:07 GMT

20:42:07.632 [AsyncHttpClient-1-2] DEBUG org.asynchttpclient.netty.channel.ChannelManager -- Adding key: http://localhost:45943 for channel [id: 0xb24d7bc1, L:/127.0.0.1:56641 - R:localhost/127.0.0.1:45943]
20:42:07.632 [Forwarding findElement on session c476c993-0411-4254-b52b-2ba4e749a392 to remote] DEBUG org.asynchttpclient.netty.request.NettyRequestSender -- Using pooled Channel '[id: 0xb24d7bc1, L:/127.0.0.1:56641 - R:localhost/127.0.0.1:45943]' for 'POST' to 'http://localhost:45943/session/c476c993-0411-4254-b52b-2ba4e749a392/element'
20:42:07.632 [Forwarding findElement on session c476c993-0411-4254-b52b-2ba4e749a392 to remote] DEBUG org.asynchttpclient.netty.request.NettyRequestSender -- Using open Channel [id: 0xb24d7bc1, L:/127.0.0.1:56641 - R:localhost/127.0.0.1:45943] for POST '/session/c476c993-0411-4254-b52b-2ba4e749a392/element'
20:42:07.639 [AsyncHttpClient-1-2] DEBUG org.asynchttpclient.netty.handler.HttpHandler -- 

Request DefaultHttpRequest(decodeResult: success, version: HTTP/1.1)
POST /session/c476c993-0411-4254-b52b-2ba4e749a392/element HTTP/1.1
User-Agent: selenium/4.12.0 (java windows)
Content-Length: 116
Content-Type: application/json; charset=utf-8
host: localhost:45943
accept: */*

Response DefaultHttpResponse(decodeResult: success, version: HTTP/1.1)
HTTP/1.1 200 OK
content-type: application/json; charset=utf-8
cache-control: no-cache
content-length: 88
date: Sun, 28 Apr 2024 01:42:07 GMT

20:42:07.639 [AsyncHttpClient-1-2] DEBUG org.asynchttpclient.netty.channel.ChannelManager -- Adding key: http://localhost:45943 for channel [id: 0xb24d7bc1, L:/127.0.0.1:56641 - R:localhost/127.0.0.1:45943]
20:42:07.639 [Forwarding getElementTagName on session c476c993-0411-4254-b52b-2ba4e749a392 to remote] DEBUG org.asynchttpclient.netty.request.NettyRequestSender -- Using pooled Channel '[id: 0xb24d7bc1, L:/127.0.0.1:56641 - R:localhost/127.0.0.1:45943]' for 'GET' to 'http://localhost:45943/session/c476c993-0411-4254-b52b-2ba4e749a392/element/cf3fc4ae-824b-4a95-9151-4295dcace2ff/name'
20:42:07.639 [Forwarding getElementTagName on session c476c993-0411-4254-b52b-2ba4e749a392 to remote] DEBUG org.asynchttpclient.netty.request.NettyRequestSender -- Using open Channel [id: 0xb24d7bc1, L:/127.0.0.1:56641 - R:localhost/127.0.0.1:45943] for GET '/session/c476c993-0411-4254-b52b-2ba4e749a392/element/cf3fc4ae-824b-4a95-9151-4295dcace2ff/name'
20:42:07.639 [AsyncHttpClient-1-2] DEBUG org.asynchttpclient.netty.handler.HttpHandler -- 

Request DefaultFullHttpRequest(decodeResult: success, version: HTTP/1.1, content: EmptyByteBufBE)
GET /session/c476c993-0411-4254-b52b-2ba4e749a392/element/cf3fc4ae-824b-4a95-9151-4295dcace2ff/name HTTP/1.1
Cache-Control: no-cache
User-Agent: selenium/4.12.0 (java windows)
Content-Type: application/json; charset=utf-8
host: localhost:45943
accept: */*

Response DefaultHttpResponse(decodeResult: success, version: HTTP/1.1)
HTTP/1.1 200 OK
content-type: application/json; charset=utf-8
cache-control: no-cache
content-length: 18
date: Sun, 28 Apr 2024 01:42:07 GMT

20:42:07.639 [AsyncHttpClient-1-2] DEBUG org.asynchttpclient.netty.channel.ChannelManager -- Adding key: http://localhost:45943 for channel [id: 0xb24d7bc1, L:/127.0.0.1:56641 - R:localhost/127.0.0.1:45943]
20:42:07.639 [Forwarding getElementTagName on session c476c993-0411-4254-b52b-2ba4e749a392 to remote] DEBUG org.asynchttpclient.netty.request.NettyRequestSender -- Using pooled Channel '[id: 0xb24d7bc1, L:/127.0.0.1:56641 - R:localhost/127.0.0.1:45943]' for 'GET' to 'http://localhost:45943/session/c476c993-0411-4254-b52b-2ba4e749a392/element/cf3fc4ae-824b-4a95-9151-4295dcace2ff/name'
20:42:07.639 [Forwarding getElementTagName on session c476c993-0411-4254-b52b-2ba4e749a392 to remote] DEBUG org.asynchttpclient.netty.request.NettyRequestSender -- Using open Channel [id: 0xb24d7bc1, L:/127.0.0.1:56641 - R:localhost/127.0.0.1:45943] for GET '/session/c476c993-0411-4254-b52b-2ba4e749a392/element/cf3fc4ae-824b-4a95-9151-4295dcace2ff/name'
20:42:07.639 [AsyncHttpClient-1-2] DEBUG org.asynchttpclient.netty.handler.HttpHandler -- 

Request DefaultFullHttpRequest(decodeResult: success, version: HTTP/1.1, content: EmptyByteBufBE)
GET /session/c476c993-0411-4254-b52b-2ba4e749a392/element/cf3fc4ae-824b-4a95-9151-4295dcace2ff/name HTTP/1.1
Cache-Control: no-cache
User-Agent: selenium/4.12.0 (java windows)
Content-Type: application/json; charset=utf-8
host: localhost:45943
accept: */*

Response DefaultHttpResponse(decodeResult: success, version: HTTP/1.1)
HTTP/1.1 200 OK
content-type: application/json; charset=utf-8
cache-control: no-cache
content-length: 18
date: Sun, 28 Apr 2024 01:42:07 GMT

20:42:07.639 [AsyncHttpClient-1-2] DEBUG org.asynchttpclient.netty.channel.ChannelManager -- Adding key: http://localhost:45943 for channel [id: 0xb24d7bc1, L:/127.0.0.1:56641 - R:localhost/127.0.0.1:45943]
20:42:07.639 [Forwarding isElementEnabled on session c476c993-0411-4254-b52b-2ba4e749a392 to remote] DEBUG org.asynchttpclient.netty.request.NettyRequestSender -- Using pooled Channel '[id: 0xb24d7bc1, L:/127.0.0.1:56641 - R:localhost/127.0.0.1:45943]' for 'GET' to 'http://localhost:45943/session/c476c993-0411-4254-b52b-2ba4e749a392/element/cf3fc4ae-824b-4a95-9151-4295dcace2ff/enabled'
20:42:07.639 [Forwarding isElementEnabled on session c476c993-0411-4254-b52b-2ba4e749a392 to remote] DEBUG org.asynchttpclient.netty.request.NettyRequestSender -- Using open Channel [id: 0xb24d7bc1, L:/127.0.0.1:56641 - R:localhost/127.0.0.1:45943] for GET '/session/c476c993-0411-4254-b52b-2ba4e749a392/element/cf3fc4ae-824b-4a95-9151-4295dcace2ff/enabled'
20:42:07.651 [AsyncHttpClient-1-2] DEBUG org.asynchttpclient.netty.handler.HttpHandler -- 

Request DefaultFullHttpRequest(decodeResult: success, version: HTTP/1.1, content: EmptyByteBufBE)
GET /session/c476c993-0411-4254-b52b-2ba4e749a392/element/cf3fc4ae-824b-4a95-9151-4295dcace2ff/enabled HTTP/1.1
Cache-Control: no-cache
User-Agent: selenium/4.12.0 (java windows)
Content-Type: application/json; charset=utf-8
host: localhost:45943
accept: */*

Response DefaultHttpResponse(decodeResult: success, version: HTTP/1.1)
HTTP/1.1 200 OK
content-type: application/json; charset=utf-8
cache-control: no-cache
content-length: 14
date: Sun, 28 Apr 2024 01:42:07 GMT

20:42:07.651 [AsyncHttpClient-1-2] DEBUG org.asynchttpclient.netty.channel.ChannelManager -- Adding key: http://localhost:45943 for channel [id: 0xb24d7bc1, L:/127.0.0.1:56641 - R:localhost/127.0.0.1:45943]
20:42:07.651 [Forwarding isElementEnabled on session c476c993-0411-4254-b52b-2ba4e749a392 to remote] DEBUG org.asynchttpclient.netty.request.NettyRequestSender -- Using pooled Channel '[id: 0xb24d7bc1, L:/127.0.0.1:56641 - R:localhost/127.0.0.1:45943]' for 'GET' to 'http://localhost:45943/session/c476c993-0411-4254-b52b-2ba4e749a392/element/cf3fc4ae-824b-4a95-9151-4295dcace2ff/enabled'
20:42:07.651 [Forwarding isElementEnabled on session c476c993-0411-4254-b52b-2ba4e749a392 to remote] DEBUG org.asynchttpclient.netty.request.NettyRequestSender -- Using open Channel [id: 0xb24d7bc1, L:/127.0.0.1:56641 - R:localhost/127.0.0.1:45943] for GET '/session/c476c993-0411-4254-b52b-2ba4e749a392/element/cf3fc4ae-824b-4a95-9151-4295dcace2ff/enabled'
20:42:07.651 [AsyncHttpClient-1-2] DEBUG org.asynchttpclient.netty.handler.HttpHandler -- 

Request DefaultFullHttpRequest(decodeResult: success, version: HTTP/1.1, content: EmptyByteBufBE)
GET /session/c476c993-0411-4254-b52b-2ba4e749a392/element/cf3fc4ae-824b-4a95-9151-4295dcace2ff/enabled HTTP/1.1
Cache-Control: no-cache
User-Agent: selenium/4.12.0 (java windows)
Content-Type: application/json; charset=utf-8
host: localhost:45943
accept: */*

Response DefaultHttpResponse(decodeResult: success, version: HTTP/1.1)
HTTP/1.1 200 OK
content-type: application/json; charset=utf-8
cache-control: no-cache
content-length: 14
date: Sun, 28 Apr 2024 01:42:07 GMT

20:42:07.651 [AsyncHttpClient-1-2] DEBUG org.asynchttpclient.netty.channel.ChannelManager -- Adding key: http://localhost:45943 for channel [id: 0xb24d7bc1, L:/127.0.0.1:56641 - R:localhost/127.0.0.1:45943]
20:42:07.651 [Forwarding findElement on session c476c993-0411-4254-b52b-2ba4e749a392 to remote] DEBUG org.asynchttpclient.netty.request.NettyRequestSender -- Using pooled Channel '[id: 0xb24d7bc1, L:/127.0.0.1:56641 - R:localhost/127.0.0.1:45943]' for 'POST' to 'http://localhost:45943/session/c476c993-0411-4254-b52b-2ba4e749a392/element'
20:42:07.651 [Forwarding findElement on session c476c993-0411-4254-b52b-2ba4e749a392 to remote] DEBUG org.asynchttpclient.netty.request.NettyRequestSender -- Using open Channel [id: 0xb24d7bc1, L:/127.0.0.1:56641 - R:localhost/127.0.0.1:45943] for POST '/session/c476c993-0411-4254-b52b-2ba4e749a392/element'
20:42:07.651 [AsyncHttpClient-1-2] DEBUG org.asynchttpclient.netty.handler.HttpHandler -- 

Request DefaultHttpRequest(decodeResult: success, version: HTTP/1.1)
POST /session/c476c993-0411-4254-b52b-2ba4e749a392/element HTTP/1.1
User-Agent: selenium/4.12.0 (java windows)
Content-Length: 116
Content-Type: application/json; charset=utf-8
host: localhost:45943
accept: */*

Response DefaultHttpResponse(decodeResult: success, version: HTTP/1.1)
HTTP/1.1 200 OK
content-type: application/json; charset=utf-8
cache-control: no-cache
content-length: 88
date: Sun, 28 Apr 2024 01:42:07 GMT

20:42:07.651 [AsyncHttpClient-1-2] DEBUG org.asynchttpclient.netty.channel.ChannelManager -- Adding key: http://localhost:45943 for channel [id: 0xb24d7bc1, L:/127.0.0.1:56641 - R:localhost/127.0.0.1:45943]
20:42:07.651 [Forwarding clickElement on session c476c993-0411-4254-b52b-2ba4e749a392 to remote] DEBUG org.asynchttpclient.netty.request.NettyRequestSender -- Using pooled Channel '[id: 0xb24d7bc1, L:/127.0.0.1:56641 - R:localhost/127.0.0.1:45943]' for 'POST' to 'http://localhost:45943/session/c476c993-0411-4254-b52b-2ba4e749a392/element/cf3fc4ae-824b-4a95-9151-4295dcace2ff/click'
20:42:07.651 [Forwarding clickElement on session c476c993-0411-4254-b52b-2ba4e749a392 to remote] DEBUG org.asynchttpclient.netty.request.NettyRequestSender -- Using open Channel [id: 0xb24d7bc1, L:/127.0.0.1:56641 - R:localhost/127.0.0.1:45943] for POST '/session/c476c993-0411-4254-b52b-2ba4e749a392/element/cf3fc4ae-824b-4a95-9151-4295dcace2ff/click'
20:42:07.867 [AsyncHttpClient-1-2] DEBUG org.asynchttpclient.netty.handler.HttpHandler -- 

Request DefaultHttpRequest(decodeResult: success, version: HTTP/1.1)
POST /session/c476c993-0411-4254-b52b-2ba4e749a392/element/cf3fc4ae-824b-4a95-9151-4295dcace2ff/click HTTP/1.1
User-Agent: selenium/4.12.0 (java windows)
Content-Length: 50
Content-Type: application/json; charset=utf-8
host: localhost:45943
accept: */*

Response DefaultHttpResponse(decodeResult: success, version: HTTP/1.1)
HTTP/1.1 200 OK
content-type: application/json; charset=utf-8
cache-control: no-cache
content-length: 14
date: Sun, 28 Apr 2024 01:42:07 GMT

20:42:07.868 [AsyncHttpClient-1-2] DEBUG org.asynchttpclient.netty.channel.ChannelManager -- Adding key: http://localhost:45943 for channel [id: 0xb24d7bc1, L:/127.0.0.1:56641 - R:localhost/127.0.0.1:45943]
20:42:07.881 [Forwarding getAlertText on session c476c993-0411-4254-b52b-2ba4e749a392 to remote] DEBUG org.asynchttpclient.netty.request.NettyRequestSender -- Using pooled Channel '[id: 0xb24d7bc1, L:/127.0.0.1:56641 - R:localhost/127.0.0.1:45943]' for 'GET' to 'http://localhost:45943/session/c476c993-0411-4254-b52b-2ba4e749a392/alert/text'
20:42:07.881 [Forwarding getAlertText on session c476c993-0411-4254-b52b-2ba4e749a392 to remote] DEBUG org.asynchttpclient.netty.request.NettyRequestSender -- Using open Channel [id: 0xb24d7bc1, L:/127.0.0.1:56641 - R:localhost/127.0.0.1:45943] for GET '/session/c476c993-0411-4254-b52b-2ba4e749a392/alert/text'
20:42:07.881 [AsyncHttpClient-1-2] DEBUG org.asynchttpclient.netty.handler.HttpHandler -- 

Request DefaultFullHttpRequest(decodeResult: success, version: HTTP/1.1, content: EmptyByteBufBE)
GET /session/c476c993-0411-4254-b52b-2ba4e749a392/alert/text HTTP/1.1
Cache-Control: no-cache
User-Agent: selenium/4.12.0 (java windows)
Content-Type: application/json; charset=utf-8
host: localhost:45943
accept: */*

Response DefaultHttpResponse(decodeResult: success, version: HTTP/1.1)
HTTP/1.1 404 Not Found
content-type: application/json; charset=utf-8
cache-control: no-cache
content-length: 842
date: Sun, 28 Apr 2024 01:42:07 GMT

20:42:07.881 [AsyncHttpClient-1-2] DEBUG org.asynchttpclient.netty.channel.ChannelManager -- Adding key: http://localhost:45943 for channel [id: 0xb24d7bc1, L:/127.0.0.1:56641 - R:localhost/127.0.0.1:45943]
20:42:07.881 [Forwarding getCurrentUrl on session c476c993-0411-4254-b52b-2ba4e749a392 to remote] DEBUG org.asynchttpclient.netty.request.NettyRequestSender -- Using pooled Channel '[id: 0xb24d7bc1, L:/127.0.0.1:56641 - R:localhost/127.0.0.1:45943]' for 'GET' to 'http://localhost:45943/session/c476c993-0411-4254-b52b-2ba4e749a392/url'
20:42:07.881 [Forwarding getCurrentUrl on session c476c993-0411-4254-b52b-2ba4e749a392 to remote] DEBUG org.asynchttpclient.netty.request.NettyRequestSender -- Using open Channel [id: 0xb24d7bc1, L:/127.0.0.1:56641 - R:localhost/127.0.0.1:45943] for GET '/session/c476c993-0411-4254-b52b-2ba4e749a392/url'
20:42:07.881 [AsyncHttpClient-1-2] DEBUG org.asynchttpclient.netty.handler.HttpHandler -- 

Request DefaultFullHttpRequest(decodeResult: success, version: HTTP/1.1, content: EmptyByteBufBE)
GET /session/c476c993-0411-4254-b52b-2ba4e749a392/url HTTP/1.1
Cache-Control: no-cache
User-Agent: selenium/4.12.0 (java windows)
Content-Type: application/json; charset=utf-8
host: localhost:45943
accept: */*

Response DefaultHttpResponse(decodeResult: success, version: HTTP/1.1)
HTTP/1.1 200 OK
content-type: application/json; charset=utf-8
cache-control: no-cache
content-length: 38
date: Sun, 28 Apr 2024 01:42:07 GMT

20:42:07.881 [AsyncHttpClient-1-2] DEBUG org.asynchttpclient.netty.channel.ChannelManager -- Adding key: http://localhost:45943 for channel [id: 0xb24d7bc1, L:/127.0.0.1:56641 - R:localhost/127.0.0.1:45943]
20:42:07.881 [Forwarding screenshot on session c476c993-0411-4254-b52b-2ba4e749a392 to remote] DEBUG org.asynchttpclient.netty.request.NettyRequestSender -- Using pooled Channel '[id: 0xb24d7bc1, L:/127.0.0.1:56641 - R:localhost/127.0.0.1:45943]' for 'GET' to 'http://localhost:45943/session/c476c993-0411-4254-b52b-2ba4e749a392/screenshot'
20:42:07.881 [Forwarding screenshot on session c476c993-0411-4254-b52b-2ba4e749a392 to remote] DEBUG org.asynchttpclient.netty.request.NettyRequestSender -- Using open Channel [id: 0xb24d7bc1, L:/127.0.0.1:56641 - R:localhost/127.0.0.1:45943] for GET '/session/c476c993-0411-4254-b52b-2ba4e749a392/screenshot'
20:42:07.955 [AsyncHttpClient-1-2] DEBUG org.asynchttpclient.netty.handler.HttpHandler -- 

Request DefaultFullHttpRequest(decodeResult: success, version: HTTP/1.1, content: EmptyByteBufBE)
GET /session/c476c993-0411-4254-b52b-2ba4e749a392/screenshot HTTP/1.1
Cache-Control: no-cache
User-Agent: selenium/4.12.0 (java windows)
Content-Type: application/json; charset=utf-8
host: localhost:45943
accept: */*

Response DefaultHttpResponse(decodeResult: success, version: HTTP/1.1)
HTTP/1.1 200 OK
content-type: application/json; charset=utf-8
cache-control: no-cache
content-length: 538044
date: Sun, 28 Apr 2024 01:42:07 GMT

20:42:07.955 [AsyncHttpClient-1-2] DEBUG org.asynchttpclient.netty.channel.ChannelManager -- Adding key: http://localhost:45943 for channel [id: 0xb24d7bc1, L:/127.0.0.1:56641 - R:localhost/127.0.0.1:45943]
20:42:07.967 [main] DEBUG net.serenitybdd.core.photography.Darkroom -- Send negative for processing for C:\Users\USUARIO\OneDrive\Documentos\02 Automatización\03 Pragma\pragma\pragma\target\site\serenity\128217154c9de5e496ca99fd67f5522ac8970a782008e639ea0a0d679a2b0b1d.png
20:42:07.967 [Darkroom Processing Line] DEBUG net.serenitybdd.core.photography.DarkroomProcessingLine -- Processing screenshot image in /var/screenshots/screenshot-7620975122023194176
20:42:07.967 [Darkroom Processing Line] DEBUG net.serenitybdd.core.photography.DarkroomProcessingLine -- Saving screenshot to C:\Users\USUARIO\OneDrive\Documentos\02 Automatización\03 Pragma\pragma\pragma\target\site\serenity\128217154c9de5e496ca99fd67f5522ac8970a782008e639ea0a0d679a2b0b1d.png
20:42:08.436 [AsyncHttpClient-1-1] DEBUG org.asynchttpclient.netty.channel.DefaultChannelPool -- Entry count for : http://localhost:45943 : 1
20:42:08.978 [main] DEBUG net.thucydides.core.steps.StepInterceptor -- STEP DONE: registro
20:42:08.991 [Forwarding getAlertText on session c476c993-0411-4254-b52b-2ba4e749a392 to remote] DEBUG org.asynchttpclient.netty.request.NettyRequestSender -- Using pooled Channel '[id: 0xb24d7bc1, L:/127.0.0.1:56641 - R:localhost/127.0.0.1:45943]' for 'GET' to 'http://localhost:45943/session/c476c993-0411-4254-b52b-2ba4e749a392/alert/text'
20:42:08.991 [Forwarding getAlertText on session c476c993-0411-4254-b52b-2ba4e749a392 to remote] DEBUG org.asynchttpclient.netty.request.NettyRequestSender -- Using open Channel [id: 0xb24d7bc1, L:/127.0.0.1:56641 - R:localhost/127.0.0.1:45943] for GET '/session/c476c993-0411-4254-b52b-2ba4e749a392/alert/text'
20:42:08.992 [AsyncHttpClient-1-2] DEBUG org.asynchttpclient.netty.handler.HttpHandler -- 

Request DefaultFullHttpRequest(decodeResult: success, version: HTTP/1.1, content: EmptyByteBufBE)
GET /session/c476c993-0411-4254-b52b-2ba4e749a392/alert/text HTTP/1.1
Cache-Control: no-cache
User-Agent: selenium/4.12.0 (java windows)
Content-Type: application/json; charset=utf-8
host: localhost:45943
accept: */*

Response DefaultHttpResponse(decodeResult: success, version: HTTP/1.1)
HTTP/1.1 200 OK
content-type: application/json; charset=utf-8
cache-control: no-cache
content-length: 36
date: Sun, 28 Apr 2024 01:42:08 GMT

20:42:08.996 [AsyncHttpClient-1-2] DEBUG org.asynchttpclient.netty.channel.ChannelManager -- Adding key: http://localhost:45943 for channel [id: 0xb24d7bc1, L:/127.0.0.1:56641 - R:localhost/127.0.0.1:45943]
20:42:09.541 [AsyncHttpClient-1-1] DEBUG org.asynchttpclient.netty.channel.DefaultChannelPool -- Entry count for : http://localhost:45943 : 1
20:42:10.003 [main] DEBUG net.thucydides.core.steps.StepInterceptor -- STARTING STEP: StepInterceptor.testContext - validarRegistroExitoso
20:42:10.012 [Forwarding getAlertText on session c476c993-0411-4254-b52b-2ba4e749a392 to remote] DEBUG org.asynchttpclient.netty.request.NettyRequestSender -- Using pooled Channel '[id: 0xb24d7bc1, L:/127.0.0.1:56641 - R:localhost/127.0.0.1:45943]' for 'GET' to 'http://localhost:45943/session/c476c993-0411-4254-b52b-2ba4e749a392/alert/text'
20:42:10.012 [Forwarding getAlertText on session c476c993-0411-4254-b52b-2ba4e749a392 to remote] DEBUG org.asynchttpclient.netty.request.NettyRequestSender -- Using open Channel [id: 0xb24d7bc1, L:/127.0.0.1:56641 - R:localhost/127.0.0.1:45943] for GET '/session/c476c993-0411-4254-b52b-2ba4e749a392/alert/text'
20:42:10.012 [AsyncHttpClient-1-2] DEBUG org.asynchttpclient.netty.handler.HttpHandler -- 

Request DefaultFullHttpRequest(decodeResult: success, version: HTTP/1.1, content: EmptyByteBufBE)
GET /session/c476c993-0411-4254-b52b-2ba4e749a392/alert/text HTTP/1.1
Cache-Control: no-cache
User-Agent: selenium/4.12.0 (java windows)
Content-Type: application/json; charset=utf-8
host: localhost:45943
accept: */*

Response DefaultHttpResponse(decodeResult: success, version: HTTP/1.1)
HTTP/1.1 200 OK
content-type: application/json; charset=utf-8
cache-control: no-cache
content-length: 36
date: Sun, 28 Apr 2024 01:42:10 GMT

20:42:10.012 [AsyncHttpClient-1-2] DEBUG org.asynchttpclient.netty.channel.ChannelManager -- Adding key: http://localhost:45943 for channel [id: 0xb24d7bc1, L:/127.0.0.1:56641 - R:localhost/127.0.0.1:45943]
20:42:10.012 [Forwarding getAlertText on session c476c993-0411-4254-b52b-2ba4e749a392 to remote] DEBUG org.asynchttpclient.netty.request.NettyRequestSender -- Using pooled Channel '[id: 0xb24d7bc1, L:/127.0.0.1:56641 - R:localhost/127.0.0.1:45943]' for 'GET' to 'http://localhost:45943/session/c476c993-0411-4254-b52b-2ba4e749a392/alert/text'
20:42:10.012 [Forwarding getAlertText on session c476c993-0411-4254-b52b-2ba4e749a392 to remote] DEBUG org.asynchttpclient.netty.request.NettyRequestSender -- Using open Channel [id: 0xb24d7bc1, L:/127.0.0.1:56641 - R:localhost/127.0.0.1:45943] for GET '/session/c476c993-0411-4254-b52b-2ba4e749a392/alert/text'
20:42:10.012 [AsyncHttpClient-1-2] DEBUG org.asynchttpclient.netty.handler.HttpHandler -- 

Request DefaultFullHttpRequest(decodeResult: success, version: HTTP/1.1, content: EmptyByteBufBE)
GET /session/c476c993-0411-4254-b52b-2ba4e749a392/alert/text HTTP/1.1
Cache-Control: no-cache
User-Agent: selenium/4.12.0 (java windows)
Content-Type: application/json; charset=utf-8
host: localhost:45943
accept: */*

Response DefaultHttpResponse(decodeResult: success, version: HTTP/1.1)
HTTP/1.1 200 OK
content-type: application/json; charset=utf-8
cache-control: no-cache
content-length: 36
date: Sun, 28 Apr 2024 01:42:10 GMT

20:42:10.012 [AsyncHttpClient-1-2] DEBUG org.asynchttpclient.netty.channel.ChannelManager -- Adding key: http://localhost:45943 for channel [id: 0xb24d7bc1, L:/127.0.0.1:56641 - R:localhost/127.0.0.1:45943]
20:42:10.021 [Forwarding getAlertText on session c476c993-0411-4254-b52b-2ba4e749a392 to remote] DEBUG org.asynchttpclient.netty.request.NettyRequestSender -- Using pooled Channel '[id: 0xb24d7bc1, L:/127.0.0.1:56641 - R:localhost/127.0.0.1:45943]' for 'GET' to 'http://localhost:45943/session/c476c993-0411-4254-b52b-2ba4e749a392/alert/text'
20:42:10.021 [Forwarding getAlertText on session c476c993-0411-4254-b52b-2ba4e749a392 to remote] DEBUG org.asynchttpclient.netty.request.NettyRequestSender -- Using open Channel [id: 0xb24d7bc1, L:/127.0.0.1:56641 - R:localhost/127.0.0.1:45943] for GET '/session/c476c993-0411-4254-b52b-2ba4e749a392/alert/text'
20:42:10.023 [AsyncHttpClient-1-2] DEBUG org.asynchttpclient.netty.handler.HttpHandler -- 

Request DefaultFullHttpRequest(decodeResult: success, version: HTTP/1.1, content: EmptyByteBufBE)
GET /session/c476c993-0411-4254-b52b-2ba4e749a392/alert/text HTTP/1.1
Cache-Control: no-cache
User-Agent: selenium/4.12.0 (java windows)
Content-Type: application/json; charset=utf-8
host: localhost:45943
accept: */*

Response DefaultHttpResponse(decodeResult: success, version: HTTP/1.1)
HTTP/1.1 200 OK
content-type: application/json; charset=utf-8
cache-control: no-cache
content-length: 36
date: Sun, 28 Apr 2024 01:42:10 GMT

20:42:10.023 [AsyncHttpClient-1-2] DEBUG org.asynchttpclient.netty.channel.ChannelManager -- Adding key: http://localhost:45943 for channel [id: 0xb24d7bc1, L:/127.0.0.1:56641 - R:localhost/127.0.0.1:45943]
20:42:10.029 [Forwarding getAlertText on session c476c993-0411-4254-b52b-2ba4e749a392 to remote] DEBUG org.asynchttpclient.netty.request.NettyRequestSender -- Using pooled Channel '[id: 0xb24d7bc1, L:/127.0.0.1:56641 - R:localhost/127.0.0.1:45943]' for 'GET' to 'http://localhost:45943/session/c476c993-0411-4254-b52b-2ba4e749a392/alert/text'
20:42:10.029 [Forwarding getAlertText on session c476c993-0411-4254-b52b-2ba4e749a392 to remote] DEBUG org.asynchttpclient.netty.request.NettyRequestSender -- Using open Channel [id: 0xb24d7bc1, L:/127.0.0.1:56641 - R:localhost/127.0.0.1:45943] for GET '/session/c476c993-0411-4254-b52b-2ba4e749a392/alert/text'
20:42:10.029 [AsyncHttpClient-1-2] DEBUG org.asynchttpclient.netty.handler.HttpHandler -- 

Request DefaultFullHttpRequest(decodeResult: success, version: HTTP/1.1, content: EmptyByteBufBE)
GET /session/c476c993-0411-4254-b52b-2ba4e749a392/alert/text HTTP/1.1
Cache-Control: no-cache
User-Agent: selenium/4.12.0 (java windows)
Content-Type: application/json; charset=utf-8
host: localhost:45943
accept: */*

Response DefaultHttpResponse(decodeResult: success, version: HTTP/1.1)
HTTP/1.1 200 OK
content-type: application/json; charset=utf-8
cache-control: no-cache
content-length: 36
date: Sun, 28 Apr 2024 01:42:10 GMT

20:42:10.029 [AsyncHttpClient-1-2] DEBUG org.asynchttpclient.netty.channel.ChannelManager -- Adding key: http://localhost:45943 for channel [id: 0xb24d7bc1, L:/127.0.0.1:56641 - R:localhost/127.0.0.1:45943]
20:42:10.029 [Forwarding getPageSource on session c476c993-0411-4254-b52b-2ba4e749a392 to remote] DEBUG org.asynchttpclient.netty.request.NettyRequestSender -- Using pooled Channel '[id: 0xb24d7bc1, L:/127.0.0.1:56641 - R:localhost/127.0.0.1:45943]' for 'POST' to 'http://localhost:45943/session/c476c993-0411-4254-b52b-2ba4e749a392/execute/sync'
20:42:10.029 [Forwarding getPageSource on session c476c993-0411-4254-b52b-2ba4e749a392 to remote] DEBUG org.asynchttpclient.netty.request.NettyRequestSender -- Using open Channel [id: 0xb24d7bc1, L:/127.0.0.1:56641 - R:localhost/127.0.0.1:45943] for POST '/session/c476c993-0411-4254-b52b-2ba4e749a392/execute/sync'
20:42:10.052 [AsyncHttpClient-1-2] DEBUG org.asynchttpclient.netty.handler.HttpHandler -- 

Request DefaultHttpRequest(decodeResult: success, version: HTTP/1.1)
POST /session/c476c993-0411-4254-b52b-2ba4e749a392/execute/sync HTTP/1.1
User-Agent: selenium/4.12.0 (java windows)
Content-Length: 176
Content-Type: application/json; charset=utf-8
host: localhost:45943
accept: */*

Response DefaultHttpResponse(decodeResult: success, version: HTTP/1.1)
HTTP/1.1 500 Internal Server Error
content-type: application/json; charset=utf-8
cache-control: no-cache
content-length: 460
date: Sun, 28 Apr 2024 01:42:10 GMT

20:42:10.053 [AsyncHttpClient-1-2] DEBUG org.asynchttpclient.netty.channel.ChannelManager -- Adding key: http://localhost:45943 for channel [id: 0xb24d7bc1, L:/127.0.0.1:56641 - R:localhost/127.0.0.1:45943]
20:42:10.086 [Forwarding getCurrentUrl on session c476c993-0411-4254-b52b-2ba4e749a392 to remote] DEBUG org.asynchttpclient.netty.request.NettyRequestSender -- Using pooled Channel '[id: 0xb24d7bc1, L:/127.0.0.1:56641 - R:localhost/127.0.0.1:45943]' for 'GET' to 'http://localhost:45943/session/c476c993-0411-4254-b52b-2ba4e749a392/url'
20:42:10.086 [Forwarding getCurrentUrl on session c476c993-0411-4254-b52b-2ba4e749a392 to remote] DEBUG org.asynchttpclient.netty.request.NettyRequestSender -- Using open Channel [id: 0xb24d7bc1, L:/127.0.0.1:56641 - R:localhost/127.0.0.1:45943] for GET '/session/c476c993-0411-4254-b52b-2ba4e749a392/url'
20:42:10.086 [AsyncHttpClient-1-2] DEBUG org.asynchttpclient.netty.handler.HttpHandler -- 

Request DefaultFullHttpRequest(decodeResult: success, version: HTTP/1.1, content: EmptyByteBufBE)
GET /session/c476c993-0411-4254-b52b-2ba4e749a392/url HTTP/1.1
Cache-Control: no-cache
User-Agent: selenium/4.12.0 (java windows)
Content-Type: application/json; charset=utf-8
host: localhost:45943
accept: */*

Response DefaultHttpResponse(decodeResult: success, version: HTTP/1.1)
HTTP/1.1 200 OK
content-type: application/json; charset=utf-8
cache-control: no-cache
content-length: 38
date: Sun, 28 Apr 2024 01:42:10 GMT

20:42:10.090 [AsyncHttpClient-1-2] DEBUG org.asynchttpclient.netty.channel.ChannelManager -- Adding key: http://localhost:45943 for channel [id: 0xb24d7bc1, L:/127.0.0.1:56641 - R:localhost/127.0.0.1:45943]
20:42:10.090 [Forwarding getAlertText on session c476c993-0411-4254-b52b-2ba4e749a392 to remote] DEBUG org.asynchttpclient.netty.request.NettyRequestSender -- Using pooled Channel '[id: 0xb24d7bc1, L:/127.0.0.1:56641 - R:localhost/127.0.0.1:45943]' for 'GET' to 'http://localhost:45943/session/c476c993-0411-4254-b52b-2ba4e749a392/alert/text'
20:42:10.090 [Forwarding getAlertText on session c476c993-0411-4254-b52b-2ba4e749a392 to remote] DEBUG org.asynchttpclient.netty.request.NettyRequestSender -- Using open Channel [id: 0xb24d7bc1, L:/127.0.0.1:56641 - R:localhost/127.0.0.1:45943] for GET '/session/c476c993-0411-4254-b52b-2ba4e749a392/alert/text'
20:42:10.090 [AsyncHttpClient-1-2] DEBUG org.asynchttpclient.netty.handler.HttpHandler -- 

Request DefaultFullHttpRequest(decodeResult: success, version: HTTP/1.1, content: EmptyByteBufBE)
GET /session/c476c993-0411-4254-b52b-2ba4e749a392/alert/text HTTP/1.1
Cache-Control: no-cache
User-Agent: selenium/4.12.0 (java windows)
Content-Type: application/json; charset=utf-8
host: localhost:45943
accept: */*

Response DefaultHttpResponse(decodeResult: success, version: HTTP/1.1)
HTTP/1.1 404 Not Found
content-type: application/json; charset=utf-8
cache-control: no-cache
content-length: 842
date: Sun, 28 Apr 2024 01:42:10 GMT

20:42:10.090 [AsyncHttpClient-1-2] DEBUG org.asynchttpclient.netty.channel.ChannelManager -- Adding key: http://localhost:45943 for channel [id: 0xb24d7bc1, L:/127.0.0.1:56641 - R:localhost/127.0.0.1:45943]
20:42:10.599 [Forwarding getAlertText on session c476c993-0411-4254-b52b-2ba4e749a392 to remote] DEBUG org.asynchttpclient.netty.request.NettyRequestSender -- Using pooled Channel '[id: 0xb24d7bc1, L:/127.0.0.1:56641 - R:localhost/127.0.0.1:45943]' for 'GET' to 'http://localhost:45943/session/c476c993-0411-4254-b52b-2ba4e749a392/alert/text'
20:42:10.599 [Forwarding getAlertText on session c476c993-0411-4254-b52b-2ba4e749a392 to remote] DEBUG org.asynchttpclient.netty.request.NettyRequestSender -- Using open Channel [id: 0xb24d7bc1, L:/127.0.0.1:56641 - R:localhost/127.0.0.1:45943] for GET '/session/c476c993-0411-4254-b52b-2ba4e749a392/alert/text'
20:42:10.599 [AsyncHttpClient-1-2] DEBUG org.asynchttpclient.netty.handler.HttpHandler -- 

Request DefaultFullHttpRequest(decodeResult: success, version: HTTP/1.1, content: EmptyByteBufBE)
GET /session/c476c993-0411-4254-b52b-2ba4e749a392/alert/text HTTP/1.1
Cache-Control: no-cache
User-Agent: selenium/4.12.0 (java windows)
Content-Type: application/json; charset=utf-8
host: localhost:45943
accept: */*

Response DefaultHttpResponse(decodeResult: success, version: HTTP/1.1)
HTTP/1.1 404 Not Found
content-type: application/json; charset=utf-8
cache-control: no-cache
content-length: 842
date: Sun, 28 Apr 2024 01:42:10 GMT

20:42:10.599 [AsyncHttpClient-1-2] DEBUG org.asynchttpclient.netty.channel.ChannelManager -- Adding key: http://localhost:45943 for channel [id: 0xb24d7bc1, L:/127.0.0.1:56641 - R:localhost/127.0.0.1:45943]
20:42:10.599 [Forwarding getCurrentUrl on session c476c993-0411-4254-b52b-2ba4e749a392 to remote] DEBUG org.asynchttpclient.netty.request.NettyRequestSender -- Using pooled Channel '[id: 0xb24d7bc1, L:/127.0.0.1:56641 - R:localhost/127.0.0.1:45943]' for 'GET' to 'http://localhost:45943/session/c476c993-0411-4254-b52b-2ba4e749a392/url'
20:42:10.599 [Forwarding getCurrentUrl on session c476c993-0411-4254-b52b-2ba4e749a392 to remote] DEBUG org.asynchttpclient.netty.request.NettyRequestSender -- Using open Channel [id: 0xb24d7bc1, L:/127.0.0.1:56641 - R:localhost/127.0.0.1:45943] for GET '/session/c476c993-0411-4254-b52b-2ba4e749a392/url'
20:42:10.599 [AsyncHttpClient-1-2] DEBUG org.asynchttpclient.netty.handler.HttpHandler -- 

Request DefaultFullHttpRequest(decodeResult: success, version: HTTP/1.1, content: EmptyByteBufBE)
GET /session/c476c993-0411-4254-b52b-2ba4e749a392/url HTTP/1.1
Cache-Control: no-cache
User-Agent: selenium/4.12.0 (java windows)
Content-Type: application/json; charset=utf-8
host: localhost:45943
accept: */*

Response DefaultHttpResponse(decodeResult: success, version: HTTP/1.1)
HTTP/1.1 200 OK
content-type: application/json; charset=utf-8
cache-control: no-cache
content-length: 38
date: Sun, 28 Apr 2024 01:42:10 GMT

20:42:10.599 [AsyncHttpClient-1-2] DEBUG org.asynchttpclient.netty.channel.ChannelManager -- Adding key: http://localhost:45943 for channel [id: 0xb24d7bc1, L:/127.0.0.1:56641 - R:localhost/127.0.0.1:45943]
20:42:10.599 [Forwarding screenshot on session c476c993-0411-4254-b52b-2ba4e749a392 to remote] DEBUG org.asynchttpclient.netty.request.NettyRequestSender -- Using pooled Channel '[id: 0xb24d7bc1, L:/127.0.0.1:56641 - R:localhost/127.0.0.1:45943]' for 'GET' to 'http://localhost:45943/session/c476c993-0411-4254-b52b-2ba4e749a392/screenshot'
20:42:10.599 [Forwarding screenshot on session c476c993-0411-4254-b52b-2ba4e749a392 to remote] DEBUG org.asynchttpclient.netty.request.NettyRequestSender -- Using open Channel [id: 0xb24d7bc1, L:/127.0.0.1:56641 - R:localhost/127.0.0.1:45943] for GET '/session/c476c993-0411-4254-b52b-2ba4e749a392/screenshot'
20:42:10.674 [AsyncHttpClient-1-2] DEBUG org.asynchttpclient.netty.handler.HttpHandler -- 

Request DefaultFullHttpRequest(decodeResult: success, version: HTTP/1.1, content: EmptyByteBufBE)
GET /session/c476c993-0411-4254-b52b-2ba4e749a392/screenshot HTTP/1.1
Cache-Control: no-cache
User-Agent: selenium/4.12.0 (java windows)
Content-Type: application/json; charset=utf-8
host: localhost:45943
accept: */*

Response DefaultHttpResponse(decodeResult: success, version: HTTP/1.1)
HTTP/1.1 200 OK
content-type: application/json; charset=utf-8
cache-control: no-cache
content-length: 489296
date: Sun, 28 Apr 2024 01:42:10 GMT

20:42:10.674 [AsyncHttpClient-1-2] DEBUG org.asynchttpclient.netty.channel.ChannelManager -- Adding key: http://localhost:45943 for channel [id: 0xb24d7bc1, L:/127.0.0.1:56641 - R:localhost/127.0.0.1:45943]
20:42:10.685 [main] DEBUG net.serenitybdd.core.photography.Darkroom -- Send negative for processing for C:\Users\USUARIO\OneDrive\Documentos\02 Automatización\03 Pragma\pragma\pragma\target\site\serenity\b59bf7f0742290a13e457e51524c57a9cffde99392f753c1c316e8f408008b44.png
20:42:10.685 [Darkroom Processing Line] DEBUG net.serenitybdd.core.photography.DarkroomProcessingLine -- Processing screenshot image in /var/screenshots/screenshot-15390901632680363993
20:42:10.685 [Darkroom Processing Line] DEBUG net.serenitybdd.core.photography.DarkroomProcessingLine -- Saving screenshot to C:\Users\USUARIO\OneDrive\Documentos\02 Automatización\03 Pragma\pragma\pragma\target\site\serenity\b59bf7f0742290a13e457e51524c57a9cffde99392f753c1c316e8f408008b44.png
20:42:10.685 [Forwarding getPageSource on session c476c993-0411-4254-b52b-2ba4e749a392 to remote] DEBUG org.asynchttpclient.netty.request.NettyRequestSender -- Using pooled Channel '[id: 0xb24d7bc1, L:/127.0.0.1:56641 - R:localhost/127.0.0.1:45943]' for 'POST' to 'http://localhost:45943/session/c476c993-0411-4254-b52b-2ba4e749a392/execute/sync'
20:42:10.685 [Forwarding getPageSource on session c476c993-0411-4254-b52b-2ba4e749a392 to remote] DEBUG org.asynchttpclient.netty.request.NettyRequestSender -- Using open Channel [id: 0xb24d7bc1, L:/127.0.0.1:56641 - R:localhost/127.0.0.1:45943] for POST '/session/c476c993-0411-4254-b52b-2ba4e749a392/execute/sync'
20:42:10.685 [AsyncHttpClient-1-2] DEBUG org.asynchttpclient.netty.handler.HttpHandler -- 

Request DefaultHttpRequest(decodeResult: success, version: HTTP/1.1)
POST /session/c476c993-0411-4254-b52b-2ba4e749a392/execute/sync HTTP/1.1
User-Agent: selenium/4.12.0 (java windows)
Content-Length: 176
Content-Type: application/json; charset=utf-8
host: localhost:45943
accept: */*

Response DefaultHttpResponse(decodeResult: success, version: HTTP/1.1)
HTTP/1.1 200 OK
content-type: application/json; charset=utf-8
cache-control: no-cache
content-length: 52852
date: Sun, 28 Apr 2024 01:42:10 GMT

20:42:10.685 [AsyncHttpClient-1-2] DEBUG org.asynchttpclient.netty.channel.ChannelManager -- Adding key: http://localhost:45943 for channel [id: 0xb24d7bc1, L:/127.0.0.1:56641 - R:localhost/127.0.0.1:45943]
20:42:10.711 [Forwarding getCurrentUrl on session c476c993-0411-4254-b52b-2ba4e749a392 to remote] DEBUG org.asynchttpclient.netty.request.NettyRequestSender -- Using pooled Channel '[id: 0xb24d7bc1, L:/127.0.0.1:56641 - R:localhost/127.0.0.1:45943]' for 'GET' to 'http://localhost:45943/session/c476c993-0411-4254-b52b-2ba4e749a392/url'
20:42:10.711 [Forwarding getCurrentUrl on session c476c993-0411-4254-b52b-2ba4e749a392 to remote] DEBUG org.asynchttpclient.netty.request.NettyRequestSender -- Using open Channel [id: 0xb24d7bc1, L:/127.0.0.1:56641 - R:localhost/127.0.0.1:45943] for GET '/session/c476c993-0411-4254-b52b-2ba4e749a392/url'
20:42:10.719 [AsyncHttpClient-1-2] DEBUG org.asynchttpclient.netty.handler.HttpHandler -- 

Request DefaultFullHttpRequest(decodeResult: success, version: HTTP/1.1, content: EmptyByteBufBE)
GET /session/c476c993-0411-4254-b52b-2ba4e749a392/url HTTP/1.1
Cache-Control: no-cache
User-Agent: selenium/4.12.0 (java windows)
Content-Type: application/json; charset=utf-8
host: localhost:45943
accept: */*

Response DefaultHttpResponse(decodeResult: success, version: HTTP/1.1)
HTTP/1.1 200 OK
content-type: application/json; charset=utf-8
cache-control: no-cache
content-length: 38
date: Sun, 28 Apr 2024 01:42:10 GMT

20:42:10.719 [AsyncHttpClient-1-2] DEBUG org.asynchttpclient.netty.channel.ChannelManager -- Adding key: http://localhost:45943 for channel [id: 0xb24d7bc1, L:/127.0.0.1:56641 - R:localhost/127.0.0.1:45943]
20:42:10.738 [main] ERROR  -- &amp#27;[91m
  _____   ___   ___   _____     ___     _     ___   _      ___   ___  
 |_   _| | __| / __| |_   _|   | __|   /_\   |_ _| | |    | __| |   \ 
   | |   | _|  \__ \   | |     | _|   / _ \   | |  | |__  | _|  | |) |
   |_|   |___| |___/   |_|     |_|   /_/ \_\ |___| |____| |___| |___/ 

Registrase en el portal demoblaze.com
-----------------------------------------------------------------------&amp#27;[0m
20:42:10.740 [main] DEBUG  -- RELATED ISSUES: 
20:42:10.742 [main] ERROR  -- &amp#27;[91m    Test failed at step: Validar registro exitoso&amp#27;[0m
20:42:10.742 [main] ERROR  -- &amp#27;[91m    Cliente registrado previamente !!&amp#27;[0m
20:42:10.783 [main] DEBUG io.netty.util.internal.ThreadLocalRandom -- -Dio.netty.initialSeedUniquifier: 0x7d432757e175493d
20:42:10.785 [AsyncHttpClient-1-4] DEBUG org.asynchttpclient.netty.channel.NettyConnectListener -- Using new Channel '[id: 0xdaa9561b, L:/127.0.0.1:56784 - R:/127.0.0.1:46253]' for 'GET' to '/devtools/browser/94d6cc2e-d672-4022-8e49-6ae1c1b9e608'
20:42:10.789 [AsyncHttpClient-1-4] DEBUG org.asynchttpclient.netty.handler.WebSocketHandler -- 

Request DefaultFullHttpRequest(decodeResult: success, version: HTTP/1.1, content: EmptyByteBufBE)
GET /devtools/browser/94d6cc2e-d672-4022-8e49-6ae1c1b9e608 HTTP/1.1
upgrade: websocket
connection: upgrade
sec-websocket-key: 3MNlOx2rpnLnsAXVT7mZoQ==
sec-websocket-version: 13
origin: http://127.0.0.1:46253
host: 127.0.0.1:46253
accept: */*
user-agent: AHC/2.1

Response DefaultHttpResponse(decodeResult: success, version: HTTP/1.1)
HTTP/1.1 101 Switching Protocols
Server: httpd.js
Upgrade: websocket
Connection: Upgrade
Sec-WebSocket-Accept: iI8do9L2YywRnTrCdt/eNehG9E8=
Content-Length: 0

20:42:10.810 [Driver Command Executor] DEBUG org.asynchttpclient.netty.request.NettyRequestSender -- Using pooled Channel '[id: 0xb24d7bc1, L:/127.0.0.1:56641 - R:localhost/127.0.0.1:45943]' for 'DELETE' to 'http://localhost:45943/session/c476c993-0411-4254-b52b-2ba4e749a392'
20:42:10.810 [Driver Command Executor] DEBUG org.asynchttpclient.netty.request.NettyRequestSender -- Using open Channel [id: 0xb24d7bc1, L:/127.0.0.1:56641 - R:localhost/127.0.0.1:45943] for DELETE '/session/c476c993-0411-4254-b52b-2ba4e749a392'
20:42:10.810 [AsyncHttpClient-1-4] DEBUG org.asynchttpclient.netty.handler.WebSocketHandler -- Channel Closed: [id: 0xdaa9561b, L:/127.0.0.1:56784 ! R:/127.0.0.1:46253] with attribute DISCARD
20:42:11.487 [AsyncHttpClient-1-2] DEBUG org.asynchttpclient.netty.handler.HttpHandler -- 

Request DefaultFullHttpRequest(decodeResult: success, version: HTTP/1.1, content: EmptyByteBufBE)
DELETE /session/c476c993-0411-4254-b52b-2ba4e749a392 HTTP/1.1
User-Agent: selenium/4.12.0 (java windows)
Content-Type: application/json; charset=utf-8
host: localhost:45943
accept: */*

Response DefaultHttpResponse(decodeResult: success, version: HTTP/1.1)
HTTP/1.1 200 OK
content-type: application/json; charset=utf-8
cache-control: no-cache
content-length: 14
date: Sun, 28 Apr 2024 01:42:10 GMT

20:42:11.487 [AsyncHttpClient-1-2] DEBUG org.asynchttpclient.netty.channel.ChannelManager -- Adding key: http://localhost:45943 for channel [id: 0xb24d7bc1, L:/127.0.0.1:56641 - R:localhost/127.0.0.1:45943]
20:42:11.487 [AsyncHttpClient-1-2] DEBUG org.asynchttpclient.netty.handler.HttpHandler -- Unexpected I/O exception on channel [id: 0xb24d7bc1, L:/127.0.0.1:56641 - R:localhost/127.0.0.1:45943]
java.net.SocketException: Connection reset
	at java.base/sun.nio.ch.SocketChannelImpl.throwConnectionReset(SocketChannelImpl.java:403)
	at java.base/sun.nio.ch.SocketChannelImpl.implRead(SocketChannelImpl.java:435)
	at java.base/sun.nio.ch.SocketChannelImpl.read(SocketChannelImpl.java:493)
	at io.netty.buffer.PooledByteBuf.setBytes(PooledByteBuf.java:254)
	at io.netty.buffer.AbstractByteBuf.writeBytes(AbstractByteBuf.java:1132)
	at io.netty.channel.socket.nio.NioSocketChannel.doReadBytes(NioSocketChannel.java:357)
	at io.netty.channel.nio.AbstractNioByteChannel$NioByteUnsafe.read(AbstractNioByteChannel.java:151)
	at io.netty.channel.nio.NioEventLoop.processSelectedKey(NioEventLoop.java:788)
	at io.netty.channel.nio.NioEventLoop.processSelectedKeysOptimized(NioEventLoop.java:724)
	at io.netty.channel.nio.NioEventLoop.processSelectedKeys(NioEventLoop.java:650)
	at io.netty.channel.nio.NioEventLoop.run(NioEventLoop.java:562)
	at io.netty.util.concurrent.SingleThreadEventExecutor$4.run(SingleThreadEventExecutor.java:997)
	at io.netty.util.internal.ThreadExecutorMap$2.run(ThreadExecutorMap.java:74)
	at io.netty.util.concurrent.FastThreadLocalRunnable.run(FastThreadLocalRunnable.java:30)
	at java.base/java.lang.Thread.run(Thread.java:1570)
20:42:11.495 [AsyncHttpClient-1-2] DEBUG org.asynchttpclient.netty.channel.ChannelManager -- Closing Channel [id: 0xb24d7bc1, L:/127.0.0.1:56641 - R:localhost/127.0.0.1:45943] 
20:42:11.495 [AsyncHttpClient-1-2] DEBUG org.asynchttpclient.netty.handler.HttpHandler -- Channel Closed: [id: 0xb24d7bc1, L:/127.0.0.1:56641 ! R:localhost/127.0.0.1:45943] with attribute DISCARD
]]></system-out>
    <system-err><![CDATA[WARNING: A Java agent has been loaded dynamically (C:\Users\USUARIO\.m2\repository\net\bytebuddy\byte-buddy-agent\1.14.5\byte-buddy-agent-1.14.5.jar)
WARNING: If a serviceability tool is in use, please run with -XX:+EnableDynamicAgentLoading to hide this warning
WARNING: If a serviceability tool is not in use, please run with -Djdk.instrument.traceUsage for more information
WARNING: Dynamic loading of agents will be disallowed by default in a future release
abr 27, 2024 8:41:59 P. M. org.openqa.selenium.manager.SeleniumManager lambda$runCommand$1
INFO: Driver path: C:\Users\USUARIO\.cache\selenium\geckodriver\win64\0.34.0\geckodriver.exe
abr 27, 2024 8:41:59 P. M. org.openqa.selenium.manager.SeleniumManager lambda$runCommand$1
INFO: Browser path: C:\Program Files\Mozilla Firefox\firefox.exe
]]></system-err>
  </testcase>
  <testcase name="Iniciar sesión en el portal demoblaze.com" classname="Test de registro y login de usuario en el portal" time="16.459">
    <system-out><![CDATA[20:42:11.552 [main] DEBUG io.cucumber.core.plugin.SerenityReporter -- Running feature from file:///C:/Users/USUARIO/OneDrive/Documentos/02%20Automatización/03%20Pragma/pragma/pragma/src/test/resources/features/RegistroYLoginUsuario.feature
20:42:11.552 [main] INFO  -- 
  _____   ___   ___   _____     ___   _____     _     ___   _____   ___   ___  
 |_   _| | __| / __| |_   _|   / __| |_   _|   /_\   | _ \ |_   _| | __| |   \ 
   | |   | _|  \__ \   | |     \__ \   | |    / _ \  |   /   | |   | _|  | |) |
   |_|   |___| |___/   |_|     |___/   |_|   /_/ \_\ |_|_\   |_|   |___| |___/ 

Iniciar sesión en el portal demoblaze.com(test-de-registro-y-login-de-usuario-en-el-portal;iniciar-sesión-en-el-portal-demoblaze.com)
--------------------------------------------------------------------------------
20:42:11.578 [main] DEBUG net.thucydides.core.steps.StepInterceptor -- STARTING STEP: StepInterceptor.testContext - ingresarAlPortal
20:42:11.744 [AsyncHttpClient-1-1] DEBUG org.asynchttpclient.netty.channel.DefaultChannelPool -- Entry count for : http://localhost:45943 : 1
20:42:11.744 [AsyncHttpClient-1-1] DEBUG org.asynchttpclient.netty.channel.DefaultChannelPool -- Adding Candidate expired Channel [id: 0xb24d7bc1, L:/127.0.0.1:56641 ! R:localhost/127.0.0.1:45943] isIdleTimeoutExpired=false isRemotelyClosed=true isTtlExpired=false
20:42:11.744 [AsyncHttpClient-1-1] DEBUG org.asynchttpclient.netty.channel.DefaultChannelPool -- Closing Idle Channel [id: 0xb24d7bc1, L:/127.0.0.1:56641 ! R:localhost/127.0.0.1:45943]
20:42:11.744 [AsyncHttpClient-1-1] DEBUG org.asynchttpclient.netty.channel.DefaultChannelPool -- Closed 1 connections out of 1 in 0 ms
20:42:11.895 [AsyncHttpClient-1-5] DEBUG org.asynchttpclient.netty.channel.NettyConnectListener -- Using new Channel '[id: 0xbe92272c, L:/127.0.0.1:56803 - R:localhost/127.0.0.1:40347]' for 'POST' to '/session'
20:42:13.137 [AsyncHttpClient-1-5] DEBUG org.asynchttpclient.netty.handler.HttpHandler -- 

Request DefaultHttpRequest(decodeResult: success, version: HTTP/1.1)
POST /session HTTP/1.1
User-Agent: selenium/4.12.0 (java windows)
Content-Length: 383
Content-Type: application/json; charset=utf-8
host: localhost:40347
accept: */*

Response DefaultHttpResponse(decodeResult: success, version: HTTP/1.1)
HTTP/1.1 200 OK
content-type: application/json; charset=utf-8
cache-control: no-cache
content-length: 842
date: Sun, 28 Apr 2024 01:42:11 GMT

20:42:13.138 [AsyncHttpClient-1-5] DEBUG org.asynchttpclient.netty.channel.ChannelManager -- Adding key: http://localhost:40347 for channel [id: 0xbe92272c, L:/127.0.0.1:56803 - R:localhost/127.0.0.1:40347]
20:42:13.142 [AsyncHttpClient-1-6] DEBUG org.asynchttpclient.netty.channel.NettyConnectListener -- Using new Channel '[id: 0x888575af, L:/127.0.0.1:56833 - R:/127.0.0.1:1916]' for 'GET' to '/json/version'
20:42:13.142 [AsyncHttpClient-1-6] DEBUG org.asynchttpclient.netty.handler.HttpHandler -- 

Request DefaultFullHttpRequest(decodeResult: success, version: HTTP/1.1, content: EmptyByteBufBE)
GET /json/version HTTP/1.1
User-Agent: selenium/4.12.0 (java windows)
host: 127.0.0.1:1916
accept: */*

Response DefaultHttpResponse(decodeResult: success, version: HTTP/1.1)
HTTP/1.1 200 OK
content-type: application/json
content-security-policy: frame-ancestors 'none'
connection: close
server: httpd.js
date: Sun, 28 Apr 2024 01:42:13 GMT

20:42:13.142 [AsyncHttpClient-1-6] DEBUG org.asynchttpclient.netty.channel.ChannelManager -- Closing Channel [id: 0x888575af, L:/127.0.0.1:56833 ! R:/127.0.0.1:1916] 
20:42:13.142 [AsyncHttpClient-1-6] DEBUG org.asynchttpclient.netty.handler.HttpHandler -- Channel Closed: [id: 0x888575af, L:/127.0.0.1:56833 ! R:/127.0.0.1:1916] with attribute DISCARD
20:42:13.142 [Forwarding setTimeout on session 5bf85049-650c-4d05-9217-bb8f6363d757 to remote] DEBUG org.asynchttpclient.netty.request.NettyRequestSender -- Using pooled Channel '[id: 0xbe92272c, L:/127.0.0.1:56803 - R:localhost/127.0.0.1:40347]' for 'POST' to 'http://localhost:40347/session/5bf85049-650c-4d05-9217-bb8f6363d757/timeouts'
20:42:13.142 [Forwarding setTimeout on session 5bf85049-650c-4d05-9217-bb8f6363d757 to remote] DEBUG org.asynchttpclient.netty.request.NettyRequestSender -- Using open Channel [id: 0xbe92272c, L:/127.0.0.1:56803 - R:localhost/127.0.0.1:40347] for POST '/session/5bf85049-650c-4d05-9217-bb8f6363d757/timeouts'
20:42:13.142 [AsyncHttpClient-1-5] DEBUG org.asynchttpclient.netty.handler.HttpHandler -- 

Request DefaultHttpRequest(decodeResult: success, version: HTTP/1.1)
POST /session/5bf85049-650c-4d05-9217-bb8f6363d757/timeouts HTTP/1.1
User-Agent: selenium/4.12.0 (java windows)
Content-Length: 22
Content-Type: application/json; charset=utf-8
host: localhost:40347
accept: */*

Response DefaultHttpResponse(decodeResult: success, version: HTTP/1.1)
HTTP/1.1 200 OK
content-type: application/json; charset=utf-8
cache-control: no-cache
content-length: 14
date: Sun, 28 Apr 2024 01:42:13 GMT

20:42:13.142 [AsyncHttpClient-1-5] DEBUG org.asynchttpclient.netty.channel.ChannelManager -- Adding key: http://localhost:40347 for channel [id: 0xbe92272c, L:/127.0.0.1:56803 - R:localhost/127.0.0.1:40347]
20:42:13.142 [Forwarding maximizeCurrentWindow on session 5bf85049-650c-4d05-9217-bb8f6363d757 to remote] DEBUG org.asynchttpclient.netty.request.NettyRequestSender -- Using pooled Channel '[id: 0xbe92272c, L:/127.0.0.1:56803 - R:localhost/127.0.0.1:40347]' for 'POST' to 'http://localhost:40347/session/5bf85049-650c-4d05-9217-bb8f6363d757/window/maximize'
20:42:13.142 [Forwarding maximizeCurrentWindow on session 5bf85049-650c-4d05-9217-bb8f6363d757 to remote] DEBUG org.asynchttpclient.netty.request.NettyRequestSender -- Using open Channel [id: 0xbe92272c, L:/127.0.0.1:56803 - R:localhost/127.0.0.1:40347] for POST '/session/5bf85049-650c-4d05-9217-bb8f6363d757/window/maximize'
20:42:13.441 [AsyncHttpClient-1-5] DEBUG org.asynchttpclient.netty.handler.HttpHandler -- 

Request DefaultHttpRequest(decodeResult: success, version: HTTP/1.1)
POST /session/5bf85049-650c-4d05-9217-bb8f6363d757/window/maximize HTTP/1.1
User-Agent: selenium/4.12.0 (java windows)
Content-Length: 3
Content-Type: application/json; charset=utf-8
host: localhost:40347
accept: */*

Response DefaultHttpResponse(decodeResult: success, version: HTTP/1.1)
HTTP/1.1 200 OK
content-type: application/json; charset=utf-8
cache-control: no-cache
content-length: 51
date: Sun, 28 Apr 2024 01:42:13 GMT

20:42:13.441 [AsyncHttpClient-1-5] DEBUG org.asynchttpclient.netty.channel.ChannelManager -- Adding key: http://localhost:40347 for channel [id: 0xbe92272c, L:/127.0.0.1:56803 - R:localhost/127.0.0.1:40347]
20:42:13.441 [Forwarding get on session 5bf85049-650c-4d05-9217-bb8f6363d757 to remote] DEBUG org.asynchttpclient.netty.request.NettyRequestSender -- Using pooled Channel '[id: 0xbe92272c, L:/127.0.0.1:56803 - R:localhost/127.0.0.1:40347]' for 'POST' to 'http://localhost:40347/session/5bf85049-650c-4d05-9217-bb8f6363d757/url'
20:42:13.441 [Forwarding get on session 5bf85049-650c-4d05-9217-bb8f6363d757 to remote] DEBUG org.asynchttpclient.netty.request.NettyRequestSender -- Using open Channel [id: 0xbe92272c, L:/127.0.0.1:56803 - R:localhost/127.0.0.1:40347] for POST '/session/5bf85049-650c-4d05-9217-bb8f6363d757/url'
20:42:14.823 [AsyncHttpClient-1-5] DEBUG org.asynchttpclient.netty.handler.HttpHandler -- 

Request DefaultHttpRequest(decodeResult: success, version: HTTP/1.1)
POST /session/5bf85049-650c-4d05-9217-bb8f6363d757/url HTTP/1.1
User-Agent: selenium/4.12.0 (java windows)
Content-Length: 56
Content-Type: application/json; charset=utf-8
host: localhost:40347
accept: */*

Response DefaultHttpResponse(decodeResult: success, version: HTTP/1.1)
HTTP/1.1 200 OK
content-type: application/json; charset=utf-8
cache-control: no-cache
content-length: 14
date: Sun, 28 Apr 2024 01:42:13 GMT

20:42:14.823 [AsyncHttpClient-1-5] DEBUG org.asynchttpclient.netty.channel.ChannelManager -- Adding key: http://localhost:40347 for channel [id: 0xbe92272c, L:/127.0.0.1:56803 - R:localhost/127.0.0.1:40347]
20:42:14.825 [Forwarding setTimeout on session 5bf85049-650c-4d05-9217-bb8f6363d757 to remote] DEBUG org.asynchttpclient.netty.request.NettyRequestSender -- Using pooled Channel '[id: 0xbe92272c, L:/127.0.0.1:56803 - R:localhost/127.0.0.1:40347]' for 'POST' to 'http://localhost:40347/session/5bf85049-650c-4d05-9217-bb8f6363d757/timeouts'
20:42:14.825 [Forwarding setTimeout on session 5bf85049-650c-4d05-9217-bb8f6363d757 to remote] DEBUG org.asynchttpclient.netty.request.NettyRequestSender -- Using open Channel [id: 0xbe92272c, L:/127.0.0.1:56803 - R:localhost/127.0.0.1:40347] for POST '/session/5bf85049-650c-4d05-9217-bb8f6363d757/timeouts'
20:42:14.828 [AsyncHttpClient-1-5] DEBUG org.asynchttpclient.netty.handler.HttpHandler -- 

Request DefaultHttpRequest(decodeResult: success, version: HTTP/1.1)
POST /session/5bf85049-650c-4d05-9217-bb8f6363d757/timeouts HTTP/1.1
User-Agent: selenium/4.12.0 (java windows)
Content-Length: 22
Content-Type: application/json; charset=utf-8
host: localhost:40347
accept: */*

Response DefaultHttpResponse(decodeResult: success, version: HTTP/1.1)
HTTP/1.1 200 OK
content-type: application/json; charset=utf-8
cache-control: no-cache
content-length: 14
date: Sun, 28 Apr 2024 01:42:14 GMT

20:42:14.828 [AsyncHttpClient-1-5] DEBUG org.asynchttpclient.netty.channel.ChannelManager -- Adding key: http://localhost:40347 for channel [id: 0xbe92272c, L:/127.0.0.1:56803 - R:localhost/127.0.0.1:40347]
20:42:14.828 [Forwarding getAlertText on session 5bf85049-650c-4d05-9217-bb8f6363d757 to remote] DEBUG org.asynchttpclient.netty.request.NettyRequestSender -- Using pooled Channel '[id: 0xbe92272c, L:/127.0.0.1:56803 - R:localhost/127.0.0.1:40347]' for 'GET' to 'http://localhost:40347/session/5bf85049-650c-4d05-9217-bb8f6363d757/alert/text'
20:42:14.828 [Forwarding getAlertText on session 5bf85049-650c-4d05-9217-bb8f6363d757 to remote] DEBUG org.asynchttpclient.netty.request.NettyRequestSender -- Using open Channel [id: 0xbe92272c, L:/127.0.0.1:56803 - R:localhost/127.0.0.1:40347] for GET '/session/5bf85049-650c-4d05-9217-bb8f6363d757/alert/text'
20:42:14.828 [AsyncHttpClient-1-5] DEBUG org.asynchttpclient.netty.handler.HttpHandler -- 

Request DefaultFullHttpRequest(decodeResult: success, version: HTTP/1.1, content: EmptyByteBufBE)
GET /session/5bf85049-650c-4d05-9217-bb8f6363d757/alert/text HTTP/1.1
Cache-Control: no-cache
User-Agent: selenium/4.12.0 (java windows)
Content-Type: application/json; charset=utf-8
host: localhost:40347
accept: */*

Response DefaultHttpResponse(decodeResult: success, version: HTTP/1.1)
HTTP/1.1 404 Not Found
content-type: application/json; charset=utf-8
cache-control: no-cache
content-length: 842
date: Sun, 28 Apr 2024 01:42:14 GMT

20:42:14.828 [AsyncHttpClient-1-5] DEBUG org.asynchttpclient.netty.channel.ChannelManager -- Adding key: http://localhost:40347 for channel [id: 0xbe92272c, L:/127.0.0.1:56803 - R:localhost/127.0.0.1:40347]
20:42:14.834 [Forwarding getCurrentUrl on session 5bf85049-650c-4d05-9217-bb8f6363d757 to remote] DEBUG org.asynchttpclient.netty.request.NettyRequestSender -- Using pooled Channel '[id: 0xbe92272c, L:/127.0.0.1:56803 - R:localhost/127.0.0.1:40347]' for 'GET' to 'http://localhost:40347/session/5bf85049-650c-4d05-9217-bb8f6363d757/url'
20:42:14.834 [Forwarding getCurrentUrl on session 5bf85049-650c-4d05-9217-bb8f6363d757 to remote] DEBUG org.asynchttpclient.netty.request.NettyRequestSender -- Using open Channel [id: 0xbe92272c, L:/127.0.0.1:56803 - R:localhost/127.0.0.1:40347] for GET '/session/5bf85049-650c-4d05-9217-bb8f6363d757/url'
20:42:14.834 [AsyncHttpClient-1-5] DEBUG org.asynchttpclient.netty.handler.HttpHandler -- 

Request DefaultFullHttpRequest(decodeResult: success, version: HTTP/1.1, content: EmptyByteBufBE)
GET /session/5bf85049-650c-4d05-9217-bb8f6363d757/url HTTP/1.1
Cache-Control: no-cache
User-Agent: selenium/4.12.0 (java windows)
Content-Type: application/json; charset=utf-8
host: localhost:40347
accept: */*

Response DefaultHttpResponse(decodeResult: success, version: HTTP/1.1)
HTTP/1.1 200 OK
content-type: application/json; charset=utf-8
cache-control: no-cache
content-length: 38
date: Sun, 28 Apr 2024 01:42:14 GMT

20:42:14.834 [AsyncHttpClient-1-5] DEBUG org.asynchttpclient.netty.channel.ChannelManager -- Adding key: http://localhost:40347 for channel [id: 0xbe92272c, L:/127.0.0.1:56803 - R:localhost/127.0.0.1:40347]
20:42:14.834 [Forwarding screenshot on session 5bf85049-650c-4d05-9217-bb8f6363d757 to remote] DEBUG org.asynchttpclient.netty.request.NettyRequestSender -- Using pooled Channel '[id: 0xbe92272c, L:/127.0.0.1:56803 - R:localhost/127.0.0.1:40347]' for 'GET' to 'http://localhost:40347/session/5bf85049-650c-4d05-9217-bb8f6363d757/screenshot'
20:42:14.834 [Forwarding screenshot on session 5bf85049-650c-4d05-9217-bb8f6363d757 to remote] DEBUG org.asynchttpclient.netty.request.NettyRequestSender -- Using open Channel [id: 0xbe92272c, L:/127.0.0.1:56803 - R:localhost/127.0.0.1:40347] for GET '/session/5bf85049-650c-4d05-9217-bb8f6363d757/screenshot'
20:42:14.894 [AsyncHttpClient-1-5] DEBUG org.asynchttpclient.netty.handler.HttpHandler -- 

Request DefaultFullHttpRequest(decodeResult: success, version: HTTP/1.1, content: EmptyByteBufBE)
GET /session/5bf85049-650c-4d05-9217-bb8f6363d757/screenshot HTTP/1.1
Cache-Control: no-cache
User-Agent: selenium/4.12.0 (java windows)
Content-Type: application/json; charset=utf-8
host: localhost:40347
accept: */*

Response DefaultHttpResponse(decodeResult: success, version: HTTP/1.1)
HTTP/1.1 200 OK
content-type: application/json; charset=utf-8
cache-control: no-cache
content-length: 504948
date: Sun, 28 Apr 2024 01:42:14 GMT

20:42:14.894 [AsyncHttpClient-1-5] DEBUG org.asynchttpclient.netty.channel.ChannelManager -- Adding key: http://localhost:40347 for channel [id: 0xbe92272c, L:/127.0.0.1:56803 - R:localhost/127.0.0.1:40347]
20:42:14.904 [main] DEBUG net.serenitybdd.core.photography.Darkroom -- Send negative for processing for C:\Users\USUARIO\OneDrive\Documentos\02 Automatización\03 Pragma\pragma\pragma\target\site\serenity\4ee8a2605a1cdda36c2b7788194c259ded3d98d35a623d38fa3b86f65a89fac1.png
20:42:15.032 [AsyncHttpClient-1-1] DEBUG org.asynchttpclient.netty.channel.DefaultChannelPool -- Entry count for : http://localhost:40347 : 1
20:42:15.909 [main] DEBUG net.thucydides.core.steps.StepInterceptor -- STEP DONE: ingresarAlPortal
20:42:15.918 [Forwarding getAlertText on session 5bf85049-650c-4d05-9217-bb8f6363d757 to remote] DEBUG org.asynchttpclient.netty.request.NettyRequestSender -- Using pooled Channel '[id: 0xbe92272c, L:/127.0.0.1:56803 - R:localhost/127.0.0.1:40347]' for 'GET' to 'http://localhost:40347/session/5bf85049-650c-4d05-9217-bb8f6363d757/alert/text'
20:42:15.918 [Forwarding getAlertText on session 5bf85049-650c-4d05-9217-bb8f6363d757 to remote] DEBUG org.asynchttpclient.netty.request.NettyRequestSender -- Using open Channel [id: 0xbe92272c, L:/127.0.0.1:56803 - R:localhost/127.0.0.1:40347] for GET '/session/5bf85049-650c-4d05-9217-bb8f6363d757/alert/text'
20:42:15.922 [AsyncHttpClient-1-5] DEBUG org.asynchttpclient.netty.handler.HttpHandler -- 

Request DefaultFullHttpRequest(decodeResult: success, version: HTTP/1.1, content: EmptyByteBufBE)
GET /session/5bf85049-650c-4d05-9217-bb8f6363d757/alert/text HTTP/1.1
Cache-Control: no-cache
User-Agent: selenium/4.12.0 (java windows)
Content-Type: application/json; charset=utf-8
host: localhost:40347
accept: */*

Response DefaultHttpResponse(decodeResult: success, version: HTTP/1.1)
HTTP/1.1 404 Not Found
content-type: application/json; charset=utf-8
cache-control: no-cache
content-length: 842
date: Sun, 28 Apr 2024 01:42:15 GMT

20:42:15.923 [AsyncHttpClient-1-5] DEBUG org.asynchttpclient.netty.channel.ChannelManager -- Adding key: http://localhost:40347 for channel [id: 0xbe92272c, L:/127.0.0.1:56803 - R:localhost/127.0.0.1:40347]
20:42:15.926 [Forwarding getCurrentUrl on session 5bf85049-650c-4d05-9217-bb8f6363d757 to remote] DEBUG org.asynchttpclient.netty.request.NettyRequestSender -- Using pooled Channel '[id: 0xbe92272c, L:/127.0.0.1:56803 - R:localhost/127.0.0.1:40347]' for 'GET' to 'http://localhost:40347/session/5bf85049-650c-4d05-9217-bb8f6363d757/url'
20:42:15.927 [Forwarding getCurrentUrl on session 5bf85049-650c-4d05-9217-bb8f6363d757 to remote] DEBUG org.asynchttpclient.netty.request.NettyRequestSender -- Using open Channel [id: 0xbe92272c, L:/127.0.0.1:56803 - R:localhost/127.0.0.1:40347] for GET '/session/5bf85049-650c-4d05-9217-bb8f6363d757/url'
20:42:15.928 [AsyncHttpClient-1-5] DEBUG org.asynchttpclient.netty.handler.HttpHandler -- 

Request DefaultFullHttpRequest(decodeResult: success, version: HTTP/1.1, content: EmptyByteBufBE)
GET /session/5bf85049-650c-4d05-9217-bb8f6363d757/url HTTP/1.1
Cache-Control: no-cache
User-Agent: selenium/4.12.0 (java windows)
Content-Type: application/json; charset=utf-8
host: localhost:40347
accept: */*

Response DefaultHttpResponse(decodeResult: success, version: HTTP/1.1)
HTTP/1.1 200 OK
content-type: application/json; charset=utf-8
cache-control: no-cache
content-length: 38
date: Sun, 28 Apr 2024 01:42:15 GMT

20:42:15.928 [AsyncHttpClient-1-5] DEBUG org.asynchttpclient.netty.channel.ChannelManager -- Adding key: http://localhost:40347 for channel [id: 0xbe92272c, L:/127.0.0.1:56803 - R:localhost/127.0.0.1:40347]
20:42:15.929 [Forwarding screenshot on session 5bf85049-650c-4d05-9217-bb8f6363d757 to remote] DEBUG org.asynchttpclient.netty.request.NettyRequestSender -- Using pooled Channel '[id: 0xbe92272c, L:/127.0.0.1:56803 - R:localhost/127.0.0.1:40347]' for 'GET' to 'http://localhost:40347/session/5bf85049-650c-4d05-9217-bb8f6363d757/screenshot'
20:42:15.929 [Forwarding screenshot on session 5bf85049-650c-4d05-9217-bb8f6363d757 to remote] DEBUG org.asynchttpclient.netty.request.NettyRequestSender -- Using open Channel [id: 0xbe92272c, L:/127.0.0.1:56803 - R:localhost/127.0.0.1:40347] for GET '/session/5bf85049-650c-4d05-9217-bb8f6363d757/screenshot'
20:42:15.996 [AsyncHttpClient-1-5] DEBUG org.asynchttpclient.netty.handler.HttpHandler -- 

Request DefaultFullHttpRequest(decodeResult: success, version: HTTP/1.1, content: EmptyByteBufBE)
GET /session/5bf85049-650c-4d05-9217-bb8f6363d757/screenshot HTTP/1.1
Cache-Control: no-cache
User-Agent: selenium/4.12.0 (java windows)
Content-Type: application/json; charset=utf-8
host: localhost:40347
accept: */*

Response DefaultHttpResponse(decodeResult: success, version: HTTP/1.1)
HTTP/1.1 200 OK
content-type: application/json; charset=utf-8
cache-control: no-cache
content-length: 800340
date: Sun, 28 Apr 2024 01:42:15 GMT

20:42:15.997 [AsyncHttpClient-1-5] DEBUG org.asynchttpclient.netty.channel.ChannelManager -- Adding key: http://localhost:40347 for channel [id: 0xbe92272c, L:/127.0.0.1:56803 - R:localhost/127.0.0.1:40347]
20:42:16.014 [main] DEBUG net.serenitybdd.core.photography.Darkroom -- Send negative for processing for C:\Users\USUARIO\OneDrive\Documentos\02 Automatización\03 Pragma\pragma\pragma\target\site\serenity\c6d2d59253a3c52d8b8db4ad723f6da73641757028d146bd6c52f7f99c9aebe9.png
20:42:16.133 [AsyncHttpClient-1-1] DEBUG org.asynchttpclient.netty.channel.DefaultChannelPool -- Entry count for : http://localhost:40347 : 1
20:42:17.037 [main] DEBUG net.thucydides.core.steps.StepInterceptor -- STARTING STEP: StepInterceptor.testContext - ingresarSeccionLogin
20:42:17.044 [Forwarding findElement on session 5bf85049-650c-4d05-9217-bb8f6363d757 to remote] DEBUG org.asynchttpclient.netty.request.NettyRequestSender -- Using pooled Channel '[id: 0xbe92272c, L:/127.0.0.1:56803 - R:localhost/127.0.0.1:40347]' for 'POST' to 'http://localhost:40347/session/5bf85049-650c-4d05-9217-bb8f6363d757/element'
20:42:17.044 [Forwarding findElement on session 5bf85049-650c-4d05-9217-bb8f6363d757 to remote] DEBUG org.asynchttpclient.netty.request.NettyRequestSender -- Using open Channel [id: 0xbe92272c, L:/127.0.0.1:56803 - R:localhost/127.0.0.1:40347] for POST '/session/5bf85049-650c-4d05-9217-bb8f6363d757/element'
20:42:17.063 [AsyncHttpClient-1-5] DEBUG org.asynchttpclient.netty.handler.HttpHandler -- 

Request DefaultHttpRequest(decodeResult: success, version: HTTP/1.1)
POST /session/5bf85049-650c-4d05-9217-bb8f6363d757/element HTTP/1.1
User-Agent: selenium/4.12.0 (java windows)
Content-Length: 51
Content-Type: application/json; charset=utf-8
host: localhost:40347
accept: */*

Response DefaultHttpResponse(decodeResult: success, version: HTTP/1.1)
HTTP/1.1 200 OK
content-type: application/json; charset=utf-8
cache-control: no-cache
content-length: 88
date: Sun, 28 Apr 2024 01:42:17 GMT

20:42:17.064 [AsyncHttpClient-1-5] DEBUG org.asynchttpclient.netty.channel.ChannelManager -- Adding key: http://localhost:40347 for channel [id: 0xbe92272c, L:/127.0.0.1:56803 - R:localhost/127.0.0.1:40347]
20:42:17.069 [Forwarding getElementTagName on session 5bf85049-650c-4d05-9217-bb8f6363d757 to remote] DEBUG org.asynchttpclient.netty.request.NettyRequestSender -- Using pooled Channel '[id: 0xbe92272c, L:/127.0.0.1:56803 - R:localhost/127.0.0.1:40347]' for 'GET' to 'http://localhost:40347/session/5bf85049-650c-4d05-9217-bb8f6363d757/element/48aec7f3-74af-4c07-87d6-1809d72dee73/name'
20:42:17.069 [Forwarding getElementTagName on session 5bf85049-650c-4d05-9217-bb8f6363d757 to remote] DEBUG org.asynchttpclient.netty.request.NettyRequestSender -- Using open Channel [id: 0xbe92272c, L:/127.0.0.1:56803 - R:localhost/127.0.0.1:40347] for GET '/session/5bf85049-650c-4d05-9217-bb8f6363d757/element/48aec7f3-74af-4c07-87d6-1809d72dee73/name'
20:42:17.079 [AsyncHttpClient-1-5] DEBUG org.asynchttpclient.netty.handler.HttpHandler -- 

Request DefaultFullHttpRequest(decodeResult: success, version: HTTP/1.1, content: EmptyByteBufBE)
GET /session/5bf85049-650c-4d05-9217-bb8f6363d757/element/48aec7f3-74af-4c07-87d6-1809d72dee73/name HTTP/1.1
Cache-Control: no-cache
User-Agent: selenium/4.12.0 (java windows)
Content-Type: application/json; charset=utf-8
host: localhost:40347
accept: */*

Response DefaultHttpResponse(decodeResult: success, version: HTTP/1.1)
HTTP/1.1 200 OK
content-type: application/json; charset=utf-8
cache-control: no-cache
content-length: 13
date: Sun, 28 Apr 2024 01:42:17 GMT

20:42:17.079 [AsyncHttpClient-1-5] DEBUG org.asynchttpclient.netty.channel.ChannelManager -- Adding key: http://localhost:40347 for channel [id: 0xbe92272c, L:/127.0.0.1:56803 - R:localhost/127.0.0.1:40347]
20:42:17.082 [Forwarding getElementTagName on session 5bf85049-650c-4d05-9217-bb8f6363d757 to remote] DEBUG org.asynchttpclient.netty.request.NettyRequestSender -- Using pooled Channel '[id: 0xbe92272c, L:/127.0.0.1:56803 - R:localhost/127.0.0.1:40347]' for 'GET' to 'http://localhost:40347/session/5bf85049-650c-4d05-9217-bb8f6363d757/element/48aec7f3-74af-4c07-87d6-1809d72dee73/name'
20:42:17.082 [Forwarding getElementTagName on session 5bf85049-650c-4d05-9217-bb8f6363d757 to remote] DEBUG org.asynchttpclient.netty.request.NettyRequestSender -- Using open Channel [id: 0xbe92272c, L:/127.0.0.1:56803 - R:localhost/127.0.0.1:40347] for GET '/session/5bf85049-650c-4d05-9217-bb8f6363d757/element/48aec7f3-74af-4c07-87d6-1809d72dee73/name'
20:42:17.088 [AsyncHttpClient-1-5] DEBUG org.asynchttpclient.netty.handler.HttpHandler -- 

Request DefaultFullHttpRequest(decodeResult: success, version: HTTP/1.1, content: EmptyByteBufBE)
GET /session/5bf85049-650c-4d05-9217-bb8f6363d757/element/48aec7f3-74af-4c07-87d6-1809d72dee73/name HTTP/1.1
Cache-Control: no-cache
User-Agent: selenium/4.12.0 (java windows)
Content-Type: application/json; charset=utf-8
host: localhost:40347
accept: */*

Response DefaultHttpResponse(decodeResult: success, version: HTTP/1.1)
HTTP/1.1 200 OK
content-type: application/json; charset=utf-8
cache-control: no-cache
content-length: 13
date: Sun, 28 Apr 2024 01:42:17 GMT

20:42:17.089 [AsyncHttpClient-1-5] DEBUG org.asynchttpclient.netty.channel.ChannelManager -- Adding key: http://localhost:40347 for channel [id: 0xbe92272c, L:/127.0.0.1:56803 - R:localhost/127.0.0.1:40347]
20:42:17.092 [Forwarding findElement on session 5bf85049-650c-4d05-9217-bb8f6363d757 to remote] DEBUG org.asynchttpclient.netty.request.NettyRequestSender -- Using pooled Channel '[id: 0xbe92272c, L:/127.0.0.1:56803 - R:localhost/127.0.0.1:40347]' for 'POST' to 'http://localhost:40347/session/5bf85049-650c-4d05-9217-bb8f6363d757/element'
20:42:17.092 [Forwarding findElement on session 5bf85049-650c-4d05-9217-bb8f6363d757 to remote] DEBUG org.asynchttpclient.netty.request.NettyRequestSender -- Using open Channel [id: 0xbe92272c, L:/127.0.0.1:56803 - R:localhost/127.0.0.1:40347] for POST '/session/5bf85049-650c-4d05-9217-bb8f6363d757/element'
20:42:17.097 [AsyncHttpClient-1-5] DEBUG org.asynchttpclient.netty.handler.HttpHandler -- 

Request DefaultHttpRequest(decodeResult: success, version: HTTP/1.1)
POST /session/5bf85049-650c-4d05-9217-bb8f6363d757/element HTTP/1.1
User-Agent: selenium/4.12.0 (java windows)
Content-Length: 51
Content-Type: application/json; charset=utf-8
host: localhost:40347
accept: */*

Response DefaultHttpResponse(decodeResult: success, version: HTTP/1.1)
HTTP/1.1 200 OK
content-type: application/json; charset=utf-8
cache-control: no-cache
content-length: 88
date: Sun, 28 Apr 2024 01:42:17 GMT

20:42:17.097 [AsyncHttpClient-1-5] DEBUG org.asynchttpclient.netty.channel.ChannelManager -- Adding key: http://localhost:40347 for channel [id: 0xbe92272c, L:/127.0.0.1:56803 - R:localhost/127.0.0.1:40347]
20:42:17.099 [Forwarding clickElement on session 5bf85049-650c-4d05-9217-bb8f6363d757 to remote] DEBUG org.asynchttpclient.netty.request.NettyRequestSender -- Using pooled Channel '[id: 0xbe92272c, L:/127.0.0.1:56803 - R:localhost/127.0.0.1:40347]' for 'POST' to 'http://localhost:40347/session/5bf85049-650c-4d05-9217-bb8f6363d757/element/48aec7f3-74af-4c07-87d6-1809d72dee73/click'
20:42:17.099 [Forwarding clickElement on session 5bf85049-650c-4d05-9217-bb8f6363d757 to remote] DEBUG org.asynchttpclient.netty.request.NettyRequestSender -- Using open Channel [id: 0xbe92272c, L:/127.0.0.1:56803 - R:localhost/127.0.0.1:40347] for POST '/session/5bf85049-650c-4d05-9217-bb8f6363d757/element/48aec7f3-74af-4c07-87d6-1809d72dee73/click'
20:42:17.353 [AsyncHttpClient-1-5] DEBUG org.asynchttpclient.netty.handler.HttpHandler -- 

Request DefaultHttpRequest(decodeResult: success, version: HTTP/1.1)
POST /session/5bf85049-650c-4d05-9217-bb8f6363d757/element/48aec7f3-74af-4c07-87d6-1809d72dee73/click HTTP/1.1
User-Agent: selenium/4.12.0 (java windows)
Content-Length: 50
Content-Type: application/json; charset=utf-8
host: localhost:40347
accept: */*

Response DefaultHttpResponse(decodeResult: success, version: HTTP/1.1)
HTTP/1.1 200 OK
content-type: application/json; charset=utf-8
cache-control: no-cache
content-length: 14
date: Sun, 28 Apr 2024 01:42:17 GMT

20:42:17.353 [AsyncHttpClient-1-5] DEBUG org.asynchttpclient.netty.channel.ChannelManager -- Adding key: http://localhost:40347 for channel [id: 0xbe92272c, L:/127.0.0.1:56803 - R:localhost/127.0.0.1:40347]
20:42:17.358 [Forwarding getAlertText on session 5bf85049-650c-4d05-9217-bb8f6363d757 to remote] DEBUG org.asynchttpclient.netty.request.NettyRequestSender -- Using pooled Channel '[id: 0xbe92272c, L:/127.0.0.1:56803 - R:localhost/127.0.0.1:40347]' for 'GET' to 'http://localhost:40347/session/5bf85049-650c-4d05-9217-bb8f6363d757/alert/text'
20:42:17.358 [Forwarding getAlertText on session 5bf85049-650c-4d05-9217-bb8f6363d757 to remote] DEBUG org.asynchttpclient.netty.request.NettyRequestSender -- Using open Channel [id: 0xbe92272c, L:/127.0.0.1:56803 - R:localhost/127.0.0.1:40347] for GET '/session/5bf85049-650c-4d05-9217-bb8f6363d757/alert/text'
20:42:17.360 [AsyncHttpClient-1-5] DEBUG org.asynchttpclient.netty.handler.HttpHandler -- 

Request DefaultFullHttpRequest(decodeResult: success, version: HTTP/1.1, content: EmptyByteBufBE)
GET /session/5bf85049-650c-4d05-9217-bb8f6363d757/alert/text HTTP/1.1
Cache-Control: no-cache
User-Agent: selenium/4.12.0 (java windows)
Content-Type: application/json; charset=utf-8
host: localhost:40347
accept: */*

Response DefaultHttpResponse(decodeResult: success, version: HTTP/1.1)
HTTP/1.1 404 Not Found
content-type: application/json; charset=utf-8
cache-control: no-cache
content-length: 842
date: Sun, 28 Apr 2024 01:42:17 GMT

20:42:17.360 [AsyncHttpClient-1-5] DEBUG org.asynchttpclient.netty.channel.ChannelManager -- Adding key: http://localhost:40347 for channel [id: 0xbe92272c, L:/127.0.0.1:56803 - R:localhost/127.0.0.1:40347]
20:42:17.361 [Forwarding getCurrentUrl on session 5bf85049-650c-4d05-9217-bb8f6363d757 to remote] DEBUG org.asynchttpclient.netty.request.NettyRequestSender -- Using pooled Channel '[id: 0xbe92272c, L:/127.0.0.1:56803 - R:localhost/127.0.0.1:40347]' for 'GET' to 'http://localhost:40347/session/5bf85049-650c-4d05-9217-bb8f6363d757/url'
20:42:17.361 [Forwarding getCurrentUrl on session 5bf85049-650c-4d05-9217-bb8f6363d757 to remote] DEBUG org.asynchttpclient.netty.request.NettyRequestSender -- Using open Channel [id: 0xbe92272c, L:/127.0.0.1:56803 - R:localhost/127.0.0.1:40347] for GET '/session/5bf85049-650c-4d05-9217-bb8f6363d757/url'
20:42:17.362 [AsyncHttpClient-1-5] DEBUG org.asynchttpclient.netty.handler.HttpHandler -- 

Request DefaultFullHttpRequest(decodeResult: success, version: HTTP/1.1, content: EmptyByteBufBE)
GET /session/5bf85049-650c-4d05-9217-bb8f6363d757/url HTTP/1.1
Cache-Control: no-cache
User-Agent: selenium/4.12.0 (java windows)
Content-Type: application/json; charset=utf-8
host: localhost:40347
accept: */*

Response DefaultHttpResponse(decodeResult: success, version: HTTP/1.1)
HTTP/1.1 200 OK
content-type: application/json; charset=utf-8
cache-control: no-cache
content-length: 38
date: Sun, 28 Apr 2024 01:42:17 GMT

20:42:17.362 [AsyncHttpClient-1-5] DEBUG org.asynchttpclient.netty.channel.ChannelManager -- Adding key: http://localhost:40347 for channel [id: 0xbe92272c, L:/127.0.0.1:56803 - R:localhost/127.0.0.1:40347]
20:42:17.363 [Forwarding screenshot on session 5bf85049-650c-4d05-9217-bb8f6363d757 to remote] DEBUG org.asynchttpclient.netty.request.NettyRequestSender -- Using pooled Channel '[id: 0xbe92272c, L:/127.0.0.1:56803 - R:localhost/127.0.0.1:40347]' for 'GET' to 'http://localhost:40347/session/5bf85049-650c-4d05-9217-bb8f6363d757/screenshot'
20:42:17.363 [Forwarding screenshot on session 5bf85049-650c-4d05-9217-bb8f6363d757 to remote] DEBUG org.asynchttpclient.netty.request.NettyRequestSender -- Using open Channel [id: 0xbe92272c, L:/127.0.0.1:56803 - R:localhost/127.0.0.1:40347] for GET '/session/5bf85049-650c-4d05-9217-bb8f6363d757/screenshot'
20:42:17.458 [AsyncHttpClient-1-5] DEBUG org.asynchttpclient.netty.handler.HttpHandler -- 

Request DefaultFullHttpRequest(decodeResult: success, version: HTTP/1.1, content: EmptyByteBufBE)
GET /session/5bf85049-650c-4d05-9217-bb8f6363d757/screenshot HTTP/1.1
Cache-Control: no-cache
User-Agent: selenium/4.12.0 (java windows)
Content-Type: application/json; charset=utf-8
host: localhost:40347
accept: */*

Response DefaultHttpResponse(decodeResult: success, version: HTTP/1.1)
HTTP/1.1 200 OK
content-type: application/json; charset=utf-8
cache-control: no-cache
content-length: 624296
date: Sun, 28 Apr 2024 01:42:17 GMT

20:42:17.459 [AsyncHttpClient-1-5] DEBUG org.asynchttpclient.netty.channel.ChannelManager -- Adding key: http://localhost:40347 for channel [id: 0xbe92272c, L:/127.0.0.1:56803 - R:localhost/127.0.0.1:40347]
20:42:17.466 [main] DEBUG net.serenitybdd.core.photography.Darkroom -- Send negative for processing for C:\Users\USUARIO\OneDrive\Documentos\02 Automatización\03 Pragma\pragma\pragma\target\site\serenity\2de0145dc1c175f20a0091373e014ba7b9876e416648e6d497735649497e1015.png
20:42:17.467 [Darkroom Processing Line] DEBUG net.serenitybdd.core.photography.DarkroomProcessingLine -- Processing screenshot image in /var/screenshots/screenshot-5634020977753193178
20:42:17.467 [Darkroom Processing Line] DEBUG net.serenitybdd.core.photography.DarkroomProcessingLine -- Saving screenshot to C:\Users\USUARIO\OneDrive\Documentos\02 Automatización\03 Pragma\pragma\pragma\target\site\serenity\2de0145dc1c175f20a0091373e014ba7b9876e416648e6d497735649497e1015.png
20:42:18.332 [AsyncHttpClient-1-1] DEBUG org.asynchttpclient.netty.channel.DefaultChannelPool -- Entry count for : http://localhost:40347 : 1
20:42:18.472 [main] DEBUG net.thucydides.core.steps.StepInterceptor -- STEP DONE: ingresarSeccionLogin
20:42:18.480 [Forwarding getAlertText on session 5bf85049-650c-4d05-9217-bb8f6363d757 to remote] DEBUG org.asynchttpclient.netty.request.NettyRequestSender -- Using pooled Channel '[id: 0xbe92272c, L:/127.0.0.1:56803 - R:localhost/127.0.0.1:40347]' for 'GET' to 'http://localhost:40347/session/5bf85049-650c-4d05-9217-bb8f6363d757/alert/text'
20:42:18.480 [Forwarding getAlertText on session 5bf85049-650c-4d05-9217-bb8f6363d757 to remote] DEBUG org.asynchttpclient.netty.request.NettyRequestSender -- Using open Channel [id: 0xbe92272c, L:/127.0.0.1:56803 - R:localhost/127.0.0.1:40347] for GET '/session/5bf85049-650c-4d05-9217-bb8f6363d757/alert/text'
20:42:18.482 [AsyncHttpClient-1-5] DEBUG org.asynchttpclient.netty.handler.HttpHandler -- 

Request DefaultFullHttpRequest(decodeResult: success, version: HTTP/1.1, content: EmptyByteBufBE)
GET /session/5bf85049-650c-4d05-9217-bb8f6363d757/alert/text HTTP/1.1
Cache-Control: no-cache
User-Agent: selenium/4.12.0 (java windows)
Content-Type: application/json; charset=utf-8
host: localhost:40347
accept: */*

Response DefaultHttpResponse(decodeResult: success, version: HTTP/1.1)
HTTP/1.1 404 Not Found
content-type: application/json; charset=utf-8
cache-control: no-cache
content-length: 842
date: Sun, 28 Apr 2024 01:42:18 GMT

20:42:18.482 [AsyncHttpClient-1-5] DEBUG org.asynchttpclient.netty.channel.ChannelManager -- Adding key: http://localhost:40347 for channel [id: 0xbe92272c, L:/127.0.0.1:56803 - R:localhost/127.0.0.1:40347]
20:42:18.484 [Forwarding getCurrentUrl on session 5bf85049-650c-4d05-9217-bb8f6363d757 to remote] DEBUG org.asynchttpclient.netty.request.NettyRequestSender -- Using pooled Channel '[id: 0xbe92272c, L:/127.0.0.1:56803 - R:localhost/127.0.0.1:40347]' for 'GET' to 'http://localhost:40347/session/5bf85049-650c-4d05-9217-bb8f6363d757/url'
20:42:18.484 [Forwarding getCurrentUrl on session 5bf85049-650c-4d05-9217-bb8f6363d757 to remote] DEBUG org.asynchttpclient.netty.request.NettyRequestSender -- Using open Channel [id: 0xbe92272c, L:/127.0.0.1:56803 - R:localhost/127.0.0.1:40347] for GET '/session/5bf85049-650c-4d05-9217-bb8f6363d757/url'
20:42:18.485 [AsyncHttpClient-1-5] DEBUG org.asynchttpclient.netty.handler.HttpHandler -- 

Request DefaultFullHttpRequest(decodeResult: success, version: HTTP/1.1, content: EmptyByteBufBE)
GET /session/5bf85049-650c-4d05-9217-bb8f6363d757/url HTTP/1.1
Cache-Control: no-cache
User-Agent: selenium/4.12.0 (java windows)
Content-Type: application/json; charset=utf-8
host: localhost:40347
accept: */*

Response DefaultHttpResponse(decodeResult: success, version: HTTP/1.1)
HTTP/1.1 200 OK
content-type: application/json; charset=utf-8
cache-control: no-cache
content-length: 38
date: Sun, 28 Apr 2024 01:42:18 GMT

20:42:18.485 [AsyncHttpClient-1-5] DEBUG org.asynchttpclient.netty.channel.ChannelManager -- Adding key: http://localhost:40347 for channel [id: 0xbe92272c, L:/127.0.0.1:56803 - R:localhost/127.0.0.1:40347]
20:42:18.485 [Forwarding screenshot on session 5bf85049-650c-4d05-9217-bb8f6363d757 to remote] DEBUG org.asynchttpclient.netty.request.NettyRequestSender -- Using pooled Channel '[id: 0xbe92272c, L:/127.0.0.1:56803 - R:localhost/127.0.0.1:40347]' for 'GET' to 'http://localhost:40347/session/5bf85049-650c-4d05-9217-bb8f6363d757/screenshot'
20:42:18.485 [Forwarding screenshot on session 5bf85049-650c-4d05-9217-bb8f6363d757 to remote] DEBUG org.asynchttpclient.netty.request.NettyRequestSender -- Using open Channel [id: 0xbe92272c, L:/127.0.0.1:56803 - R:localhost/127.0.0.1:40347] for GET '/session/5bf85049-650c-4d05-9217-bb8f6363d757/screenshot'
20:42:18.549 [AsyncHttpClient-1-5] DEBUG org.asynchttpclient.netty.handler.HttpHandler -- 

Request DefaultFullHttpRequest(decodeResult: success, version: HTTP/1.1, content: EmptyByteBufBE)
GET /session/5bf85049-650c-4d05-9217-bb8f6363d757/screenshot HTTP/1.1
Cache-Control: no-cache
User-Agent: selenium/4.12.0 (java windows)
Content-Type: application/json; charset=utf-8
host: localhost:40347
accept: */*

Response DefaultHttpResponse(decodeResult: success, version: HTTP/1.1)
HTTP/1.1 200 OK
content-type: application/json; charset=utf-8
cache-control: no-cache
content-length: 474676
date: Sun, 28 Apr 2024 01:42:18 GMT

20:42:18.550 [AsyncHttpClient-1-5] DEBUG org.asynchttpclient.netty.channel.ChannelManager -- Adding key: http://localhost:40347 for channel [id: 0xbe92272c, L:/127.0.0.1:56803 - R:localhost/127.0.0.1:40347]
20:42:18.555 [main] DEBUG net.serenitybdd.core.photography.Darkroom -- Send negative for processing for C:\Users\USUARIO\OneDrive\Documentos\02 Automatización\03 Pragma\pragma\pragma\target\site\serenity\4f4d6759f1c46b5dbf2fb03a13ae7fc3aaa3a1a454debab1c23332c1fae90a83.png
20:42:18.555 [Darkroom Processing Line] DEBUG net.serenitybdd.core.photography.DarkroomProcessingLine -- Processing screenshot image in /var/screenshots/screenshot-2679906960382613342
20:42:18.555 [Darkroom Processing Line] DEBUG net.serenitybdd.core.photography.DarkroomProcessingLine -- Saving screenshot to C:\Users\USUARIO\OneDrive\Documentos\02 Automatización\03 Pragma\pragma\pragma\target\site\serenity\4f4d6759f1c46b5dbf2fb03a13ae7fc3aaa3a1a454debab1c23332c1fae90a83.png
20:42:19.440 [AsyncHttpClient-1-1] DEBUG org.asynchttpclient.netty.channel.DefaultChannelPool -- Entry count for : http://localhost:40347 : 1
20:42:19.570 [main] DEBUG net.thucydides.core.steps.StepInterceptor -- STARTING STEP: StepInterceptor.testContext - inciarSesionConCredenciales
20:42:19.572 [Forwarding findElement on session 5bf85049-650c-4d05-9217-bb8f6363d757 to remote] DEBUG org.asynchttpclient.netty.request.NettyRequestSender -- Using pooled Channel '[id: 0xbe92272c, L:/127.0.0.1:56803 - R:localhost/127.0.0.1:40347]' for 'POST' to 'http://localhost:40347/session/5bf85049-650c-4d05-9217-bb8f6363d757/element'
20:42:19.572 [Forwarding findElement on session 5bf85049-650c-4d05-9217-bb8f6363d757 to remote] DEBUG org.asynchttpclient.netty.request.NettyRequestSender -- Using open Channel [id: 0xbe92272c, L:/127.0.0.1:56803 - R:localhost/127.0.0.1:40347] for POST '/session/5bf85049-650c-4d05-9217-bb8f6363d757/element'
20:42:19.574 [AsyncHttpClient-1-5] DEBUG org.asynchttpclient.netty.handler.HttpHandler -- 

Request DefaultHttpRequest(decodeResult: success, version: HTTP/1.1)
POST /session/5bf85049-650c-4d05-9217-bb8f6363d757/element HTTP/1.1
User-Agent: selenium/4.12.0 (java windows)
Content-Length: 58
Content-Type: application/json; charset=utf-8
host: localhost:40347
accept: */*

Response DefaultHttpResponse(decodeResult: success, version: HTTP/1.1)
HTTP/1.1 200 OK
content-type: application/json; charset=utf-8
cache-control: no-cache
content-length: 88
date: Sun, 28 Apr 2024 01:42:19 GMT

20:42:19.574 [AsyncHttpClient-1-5] DEBUG org.asynchttpclient.netty.channel.ChannelManager -- Adding key: http://localhost:40347 for channel [id: 0xbe92272c, L:/127.0.0.1:56803 - R:localhost/127.0.0.1:40347]
20:42:19.575 [Forwarding clearElement on session 5bf85049-650c-4d05-9217-bb8f6363d757 to remote] DEBUG org.asynchttpclient.netty.request.NettyRequestSender -- Using pooled Channel '[id: 0xbe92272c, L:/127.0.0.1:56803 - R:localhost/127.0.0.1:40347]' for 'POST' to 'http://localhost:40347/session/5bf85049-650c-4d05-9217-bb8f6363d757/element/420bb6ed-636f-4484-b443-fee35b986b23/clear'
20:42:19.575 [Forwarding clearElement on session 5bf85049-650c-4d05-9217-bb8f6363d757 to remote] DEBUG org.asynchttpclient.netty.request.NettyRequestSender -- Using open Channel [id: 0xbe92272c, L:/127.0.0.1:56803 - R:localhost/127.0.0.1:40347] for POST '/session/5bf85049-650c-4d05-9217-bb8f6363d757/element/420bb6ed-636f-4484-b443-fee35b986b23/clear'
20:42:19.576 [AsyncHttpClient-1-5] DEBUG org.asynchttpclient.netty.handler.HttpHandler -- 

Request DefaultHttpRequest(decodeResult: success, version: HTTP/1.1)
POST /session/5bf85049-650c-4d05-9217-bb8f6363d757/element/420bb6ed-636f-4484-b443-fee35b986b23/clear HTTP/1.1
User-Agent: selenium/4.12.0 (java windows)
Content-Length: 50
Content-Type: application/json; charset=utf-8
host: localhost:40347
accept: */*

Response DefaultHttpResponse(decodeResult: success, version: HTTP/1.1)
HTTP/1.1 200 OK
content-type: application/json; charset=utf-8
cache-control: no-cache
content-length: 14
date: Sun, 28 Apr 2024 01:42:19 GMT

20:42:19.576 [AsyncHttpClient-1-5] DEBUG org.asynchttpclient.netty.channel.ChannelManager -- Adding key: http://localhost:40347 for channel [id: 0xbe92272c, L:/127.0.0.1:56803 - R:localhost/127.0.0.1:40347]
20:42:19.577 [Forwarding sendKeysToElement on session 5bf85049-650c-4d05-9217-bb8f6363d757 to remote] DEBUG org.asynchttpclient.netty.request.NettyRequestSender -- Using pooled Channel '[id: 0xbe92272c, L:/127.0.0.1:56803 - R:localhost/127.0.0.1:40347]' for 'POST' to 'http://localhost:40347/session/5bf85049-650c-4d05-9217-bb8f6363d757/element/420bb6ed-636f-4484-b443-fee35b986b23/value'
20:42:19.577 [Forwarding sendKeysToElement on session 5bf85049-650c-4d05-9217-bb8f6363d757 to remote] DEBUG org.asynchttpclient.netty.request.NettyRequestSender -- Using open Channel [id: 0xbe92272c, L:/127.0.0.1:56803 - R:localhost/127.0.0.1:40347] for POST '/session/5bf85049-650c-4d05-9217-bb8f6363d757/element/420bb6ed-636f-4484-b443-fee35b986b23/value'
20:42:19.602 [AsyncHttpClient-1-5] DEBUG org.asynchttpclient.netty.handler.HttpHandler -- 

Request DefaultHttpRequest(decodeResult: success, version: HTTP/1.1)
POST /session/5bf85049-650c-4d05-9217-bb8f6363d757/element/420bb6ed-636f-4484-b443-fee35b986b23/value HTTP/1.1
User-Agent: selenium/4.12.0 (java windows)
Content-Length: 155
Content-Type: application/json; charset=utf-8
host: localhost:40347
accept: */*

Response DefaultHttpResponse(decodeResult: success, version: HTTP/1.1)
HTTP/1.1 200 OK
content-type: application/json; charset=utf-8
cache-control: no-cache
content-length: 14
date: Sun, 28 Apr 2024 01:42:19 GMT

20:42:19.603 [AsyncHttpClient-1-5] DEBUG org.asynchttpclient.netty.channel.ChannelManager -- Adding key: http://localhost:40347 for channel [id: 0xbe92272c, L:/127.0.0.1:56803 - R:localhost/127.0.0.1:40347]
20:42:19.604 [Forwarding findElement on session 5bf85049-650c-4d05-9217-bb8f6363d757 to remote] DEBUG org.asynchttpclient.netty.request.NettyRequestSender -- Using pooled Channel '[id: 0xbe92272c, L:/127.0.0.1:56803 - R:localhost/127.0.0.1:40347]' for 'POST' to 'http://localhost:40347/session/5bf85049-650c-4d05-9217-bb8f6363d757/element'
20:42:19.605 [Forwarding findElement on session 5bf85049-650c-4d05-9217-bb8f6363d757 to remote] DEBUG org.asynchttpclient.netty.request.NettyRequestSender -- Using open Channel [id: 0xbe92272c, L:/127.0.0.1:56803 - R:localhost/127.0.0.1:40347] for POST '/session/5bf85049-650c-4d05-9217-bb8f6363d757/element'
20:42:19.606 [AsyncHttpClient-1-5] DEBUG org.asynchttpclient.netty.handler.HttpHandler -- 

Request DefaultHttpRequest(decodeResult: success, version: HTTP/1.1)
POST /session/5bf85049-650c-4d05-9217-bb8f6363d757/element HTTP/1.1
User-Agent: selenium/4.12.0 (java windows)
Content-Length: 58
Content-Type: application/json; charset=utf-8
host: localhost:40347
accept: */*

Response DefaultHttpResponse(decodeResult: success, version: HTTP/1.1)
HTTP/1.1 200 OK
content-type: application/json; charset=utf-8
cache-control: no-cache
content-length: 88
date: Sun, 28 Apr 2024 01:42:19 GMT

20:42:19.606 [AsyncHttpClient-1-5] DEBUG org.asynchttpclient.netty.channel.ChannelManager -- Adding key: http://localhost:40347 for channel [id: 0xbe92272c, L:/127.0.0.1:56803 - R:localhost/127.0.0.1:40347]
20:42:19.607 [Forwarding clearElement on session 5bf85049-650c-4d05-9217-bb8f6363d757 to remote] DEBUG org.asynchttpclient.netty.request.NettyRequestSender -- Using pooled Channel '[id: 0xbe92272c, L:/127.0.0.1:56803 - R:localhost/127.0.0.1:40347]' for 'POST' to 'http://localhost:40347/session/5bf85049-650c-4d05-9217-bb8f6363d757/element/b952a2db-71ee-4bbd-aee5-e6e8a57c74d5/clear'
20:42:19.607 [Forwarding clearElement on session 5bf85049-650c-4d05-9217-bb8f6363d757 to remote] DEBUG org.asynchttpclient.netty.request.NettyRequestSender -- Using open Channel [id: 0xbe92272c, L:/127.0.0.1:56803 - R:localhost/127.0.0.1:40347] for POST '/session/5bf85049-650c-4d05-9217-bb8f6363d757/element/b952a2db-71ee-4bbd-aee5-e6e8a57c74d5/clear'
20:42:19.608 [AsyncHttpClient-1-5] DEBUG org.asynchttpclient.netty.handler.HttpHandler -- 

Request DefaultHttpRequest(decodeResult: success, version: HTTP/1.1)
POST /session/5bf85049-650c-4d05-9217-bb8f6363d757/element/b952a2db-71ee-4bbd-aee5-e6e8a57c74d5/clear HTTP/1.1
User-Agent: selenium/4.12.0 (java windows)
Content-Length: 50
Content-Type: application/json; charset=utf-8
host: localhost:40347
accept: */*

Response DefaultHttpResponse(decodeResult: success, version: HTTP/1.1)
HTTP/1.1 200 OK
content-type: application/json; charset=utf-8
cache-control: no-cache
content-length: 14
date: Sun, 28 Apr 2024 01:42:19 GMT

20:42:19.608 [AsyncHttpClient-1-5] DEBUG org.asynchttpclient.netty.channel.ChannelManager -- Adding key: http://localhost:40347 for channel [id: 0xbe92272c, L:/127.0.0.1:56803 - R:localhost/127.0.0.1:40347]
20:42:19.610 [Forwarding sendKeysToElement on session 5bf85049-650c-4d05-9217-bb8f6363d757 to remote] DEBUG org.asynchttpclient.netty.request.NettyRequestSender -- Using pooled Channel '[id: 0xbe92272c, L:/127.0.0.1:56803 - R:localhost/127.0.0.1:40347]' for 'POST' to 'http://localhost:40347/session/5bf85049-650c-4d05-9217-bb8f6363d757/element/b952a2db-71ee-4bbd-aee5-e6e8a57c74d5/value'
20:42:19.610 [Forwarding sendKeysToElement on session 5bf85049-650c-4d05-9217-bb8f6363d757 to remote] DEBUG org.asynchttpclient.netty.request.NettyRequestSender -- Using open Channel [id: 0xbe92272c, L:/127.0.0.1:56803 - R:localhost/127.0.0.1:40347] for POST '/session/5bf85049-650c-4d05-9217-bb8f6363d757/element/b952a2db-71ee-4bbd-aee5-e6e8a57c74d5/value'
20:42:19.617 [AsyncHttpClient-1-5] DEBUG org.asynchttpclient.netty.handler.HttpHandler -- 

Request DefaultHttpRequest(decodeResult: success, version: HTTP/1.1)
POST /session/5bf85049-650c-4d05-9217-bb8f6363d757/element/b952a2db-71ee-4bbd-aee5-e6e8a57c74d5/value HTTP/1.1
User-Agent: selenium/4.12.0 (java windows)
Content-Length: 205
Content-Type: application/json; charset=utf-8
host: localhost:40347
accept: */*

Response DefaultHttpResponse(decodeResult: success, version: HTTP/1.1)
HTTP/1.1 200 OK
content-type: application/json; charset=utf-8
cache-control: no-cache
content-length: 14
date: Sun, 28 Apr 2024 01:42:19 GMT

20:42:19.617 [AsyncHttpClient-1-5] DEBUG org.asynchttpclient.netty.channel.ChannelManager -- Adding key: http://localhost:40347 for channel [id: 0xbe92272c, L:/127.0.0.1:56803 - R:localhost/127.0.0.1:40347]
20:42:19.621 [Forwarding findElement on session 5bf85049-650c-4d05-9217-bb8f6363d757 to remote] DEBUG org.asynchttpclient.netty.request.NettyRequestSender -- Using pooled Channel '[id: 0xbe92272c, L:/127.0.0.1:56803 - R:localhost/127.0.0.1:40347]' for 'POST' to 'http://localhost:40347/session/5bf85049-650c-4d05-9217-bb8f6363d757/element'
20:42:19.621 [Forwarding findElement on session 5bf85049-650c-4d05-9217-bb8f6363d757 to remote] DEBUG org.asynchttpclient.netty.request.NettyRequestSender -- Using open Channel [id: 0xbe92272c, L:/127.0.0.1:56803 - R:localhost/127.0.0.1:40347] for POST '/session/5bf85049-650c-4d05-9217-bb8f6363d757/element'
20:42:19.623 [AsyncHttpClient-1-5] DEBUG org.asynchttpclient.netty.handler.HttpHandler -- 

Request DefaultHttpRequest(decodeResult: success, version: HTTP/1.1)
POST /session/5bf85049-650c-4d05-9217-bb8f6363d757/element HTTP/1.1
User-Agent: selenium/4.12.0 (java windows)
Content-Length: 115
Content-Type: application/json; charset=utf-8
host: localhost:40347
accept: */*

Response DefaultHttpResponse(decodeResult: success, version: HTTP/1.1)
HTTP/1.1 200 OK
content-type: application/json; charset=utf-8
cache-control: no-cache
content-length: 88
date: Sun, 28 Apr 2024 01:42:19 GMT

20:42:19.623 [AsyncHttpClient-1-5] DEBUG org.asynchttpclient.netty.channel.ChannelManager -- Adding key: http://localhost:40347 for channel [id: 0xbe92272c, L:/127.0.0.1:56803 - R:localhost/127.0.0.1:40347]
20:42:19.624 [Forwarding getElementTagName on session 5bf85049-650c-4d05-9217-bb8f6363d757 to remote] DEBUG org.asynchttpclient.netty.request.NettyRequestSender -- Using pooled Channel '[id: 0xbe92272c, L:/127.0.0.1:56803 - R:localhost/127.0.0.1:40347]' for 'GET' to 'http://localhost:40347/session/5bf85049-650c-4d05-9217-bb8f6363d757/element/83bb12da-4d61-41a3-a294-7a9d2956ae25/name'
20:42:19.624 [Forwarding getElementTagName on session 5bf85049-650c-4d05-9217-bb8f6363d757 to remote] DEBUG org.asynchttpclient.netty.request.NettyRequestSender -- Using open Channel [id: 0xbe92272c, L:/127.0.0.1:56803 - R:localhost/127.0.0.1:40347] for GET '/session/5bf85049-650c-4d05-9217-bb8f6363d757/element/83bb12da-4d61-41a3-a294-7a9d2956ae25/name'
20:42:19.625 [AsyncHttpClient-1-5] DEBUG org.asynchttpclient.netty.handler.HttpHandler -- 

Request DefaultFullHttpRequest(decodeResult: success, version: HTTP/1.1, content: EmptyByteBufBE)
GET /session/5bf85049-650c-4d05-9217-bb8f6363d757/element/83bb12da-4d61-41a3-a294-7a9d2956ae25/name HTTP/1.1
Cache-Control: no-cache
User-Agent: selenium/4.12.0 (java windows)
Content-Type: application/json; charset=utf-8
host: localhost:40347
accept: */*

Response DefaultHttpResponse(decodeResult: success, version: HTTP/1.1)
HTTP/1.1 200 OK
content-type: application/json; charset=utf-8
cache-control: no-cache
content-length: 18
date: Sun, 28 Apr 2024 01:42:19 GMT

20:42:19.625 [AsyncHttpClient-1-5] DEBUG org.asynchttpclient.netty.channel.ChannelManager -- Adding key: http://localhost:40347 for channel [id: 0xbe92272c, L:/127.0.0.1:56803 - R:localhost/127.0.0.1:40347]
20:42:19.626 [Forwarding getElementTagName on session 5bf85049-650c-4d05-9217-bb8f6363d757 to remote] DEBUG org.asynchttpclient.netty.request.NettyRequestSender -- Using pooled Channel '[id: 0xbe92272c, L:/127.0.0.1:56803 - R:localhost/127.0.0.1:40347]' for 'GET' to 'http://localhost:40347/session/5bf85049-650c-4d05-9217-bb8f6363d757/element/83bb12da-4d61-41a3-a294-7a9d2956ae25/name'
20:42:19.626 [Forwarding getElementTagName on session 5bf85049-650c-4d05-9217-bb8f6363d757 to remote] DEBUG org.asynchttpclient.netty.request.NettyRequestSender -- Using open Channel [id: 0xbe92272c, L:/127.0.0.1:56803 - R:localhost/127.0.0.1:40347] for GET '/session/5bf85049-650c-4d05-9217-bb8f6363d757/element/83bb12da-4d61-41a3-a294-7a9d2956ae25/name'
20:42:19.626 [AsyncHttpClient-1-5] DEBUG org.asynchttpclient.netty.handler.HttpHandler -- 

Request DefaultFullHttpRequest(decodeResult: success, version: HTTP/1.1, content: EmptyByteBufBE)
GET /session/5bf85049-650c-4d05-9217-bb8f6363d757/element/83bb12da-4d61-41a3-a294-7a9d2956ae25/name HTTP/1.1
Cache-Control: no-cache
User-Agent: selenium/4.12.0 (java windows)
Content-Type: application/json; charset=utf-8
host: localhost:40347
accept: */*

Response DefaultHttpResponse(decodeResult: success, version: HTTP/1.1)
HTTP/1.1 200 OK
content-type: application/json; charset=utf-8
cache-control: no-cache
content-length: 18
date: Sun, 28 Apr 2024 01:42:19 GMT

20:42:19.627 [AsyncHttpClient-1-5] DEBUG org.asynchttpclient.netty.channel.ChannelManager -- Adding key: http://localhost:40347 for channel [id: 0xbe92272c, L:/127.0.0.1:56803 - R:localhost/127.0.0.1:40347]
20:42:19.627 [Forwarding isElementEnabled on session 5bf85049-650c-4d05-9217-bb8f6363d757 to remote] DEBUG org.asynchttpclient.netty.request.NettyRequestSender -- Using pooled Channel '[id: 0xbe92272c, L:/127.0.0.1:56803 - R:localhost/127.0.0.1:40347]' for 'GET' to 'http://localhost:40347/session/5bf85049-650c-4d05-9217-bb8f6363d757/element/83bb12da-4d61-41a3-a294-7a9d2956ae25/enabled'
20:42:19.628 [Forwarding isElementEnabled on session 5bf85049-650c-4d05-9217-bb8f6363d757 to remote] DEBUG org.asynchttpclient.netty.request.NettyRequestSender -- Using open Channel [id: 0xbe92272c, L:/127.0.0.1:56803 - R:localhost/127.0.0.1:40347] for GET '/session/5bf85049-650c-4d05-9217-bb8f6363d757/element/83bb12da-4d61-41a3-a294-7a9d2956ae25/enabled'
20:42:19.631 [AsyncHttpClient-1-5] DEBUG org.asynchttpclient.netty.handler.HttpHandler -- 

Request DefaultFullHttpRequest(decodeResult: success, version: HTTP/1.1, content: EmptyByteBufBE)
GET /session/5bf85049-650c-4d05-9217-bb8f6363d757/element/83bb12da-4d61-41a3-a294-7a9d2956ae25/enabled HTTP/1.1
Cache-Control: no-cache
User-Agent: selenium/4.12.0 (java windows)
Content-Type: application/json; charset=utf-8
host: localhost:40347
accept: */*

Response DefaultHttpResponse(decodeResult: success, version: HTTP/1.1)
HTTP/1.1 200 OK
content-type: application/json; charset=utf-8
cache-control: no-cache
content-length: 14
date: Sun, 28 Apr 2024 01:42:19 GMT

20:42:19.631 [AsyncHttpClient-1-5] DEBUG org.asynchttpclient.netty.channel.ChannelManager -- Adding key: http://localhost:40347 for channel [id: 0xbe92272c, L:/127.0.0.1:56803 - R:localhost/127.0.0.1:40347]
20:42:19.632 [Forwarding isElementEnabled on session 5bf85049-650c-4d05-9217-bb8f6363d757 to remote] DEBUG org.asynchttpclient.netty.request.NettyRequestSender -- Using pooled Channel '[id: 0xbe92272c, L:/127.0.0.1:56803 - R:localhost/127.0.0.1:40347]' for 'GET' to 'http://localhost:40347/session/5bf85049-650c-4d05-9217-bb8f6363d757/element/83bb12da-4d61-41a3-a294-7a9d2956ae25/enabled'
20:42:19.633 [Forwarding isElementEnabled on session 5bf85049-650c-4d05-9217-bb8f6363d757 to remote] DEBUG org.asynchttpclient.netty.request.NettyRequestSender -- Using open Channel [id: 0xbe92272c, L:/127.0.0.1:56803 - R:localhost/127.0.0.1:40347] for GET '/session/5bf85049-650c-4d05-9217-bb8f6363d757/element/83bb12da-4d61-41a3-a294-7a9d2956ae25/enabled'
20:42:19.636 [AsyncHttpClient-1-5] DEBUG org.asynchttpclient.netty.handler.HttpHandler -- 

Request DefaultFullHttpRequest(decodeResult: success, version: HTTP/1.1, content: EmptyByteBufBE)
GET /session/5bf85049-650c-4d05-9217-bb8f6363d757/element/83bb12da-4d61-41a3-a294-7a9d2956ae25/enabled HTTP/1.1
Cache-Control: no-cache
User-Agent: selenium/4.12.0 (java windows)
Content-Type: application/json; charset=utf-8
host: localhost:40347
accept: */*

Response DefaultHttpResponse(decodeResult: success, version: HTTP/1.1)
HTTP/1.1 200 OK
content-type: application/json; charset=utf-8
cache-control: no-cache
content-length: 14
date: Sun, 28 Apr 2024 01:42:19 GMT

20:42:19.636 [AsyncHttpClient-1-5] DEBUG org.asynchttpclient.netty.channel.ChannelManager -- Adding key: http://localhost:40347 for channel [id: 0xbe92272c, L:/127.0.0.1:56803 - R:localhost/127.0.0.1:40347]
20:42:19.638 [Forwarding findElement on session 5bf85049-650c-4d05-9217-bb8f6363d757 to remote] DEBUG org.asynchttpclient.netty.request.NettyRequestSender -- Using pooled Channel '[id: 0xbe92272c, L:/127.0.0.1:56803 - R:localhost/127.0.0.1:40347]' for 'POST' to 'http://localhost:40347/session/5bf85049-650c-4d05-9217-bb8f6363d757/element'
20:42:19.638 [Forwarding findElement on session 5bf85049-650c-4d05-9217-bb8f6363d757 to remote] DEBUG org.asynchttpclient.netty.request.NettyRequestSender -- Using open Channel [id: 0xbe92272c, L:/127.0.0.1:56803 - R:localhost/127.0.0.1:40347] for POST '/session/5bf85049-650c-4d05-9217-bb8f6363d757/element'
20:42:19.640 [AsyncHttpClient-1-5] DEBUG org.asynchttpclient.netty.handler.HttpHandler -- 

Request DefaultHttpRequest(decodeResult: success, version: HTTP/1.1)
POST /session/5bf85049-650c-4d05-9217-bb8f6363d757/element HTTP/1.1
User-Agent: selenium/4.12.0 (java windows)
Content-Length: 115
Content-Type: application/json; charset=utf-8
host: localhost:40347
accept: */*

Response DefaultHttpResponse(decodeResult: success, version: HTTP/1.1)
HTTP/1.1 200 OK
content-type: application/json; charset=utf-8
cache-control: no-cache
content-length: 88
date: Sun, 28 Apr 2024 01:42:19 GMT

20:42:19.640 [AsyncHttpClient-1-5] DEBUG org.asynchttpclient.netty.channel.ChannelManager -- Adding key: http://localhost:40347 for channel [id: 0xbe92272c, L:/127.0.0.1:56803 - R:localhost/127.0.0.1:40347]
20:42:19.641 [Forwarding clickElement on session 5bf85049-650c-4d05-9217-bb8f6363d757 to remote] DEBUG org.asynchttpclient.netty.request.NettyRequestSender -- Using pooled Channel '[id: 0xbe92272c, L:/127.0.0.1:56803 - R:localhost/127.0.0.1:40347]' for 'POST' to 'http://localhost:40347/session/5bf85049-650c-4d05-9217-bb8f6363d757/element/83bb12da-4d61-41a3-a294-7a9d2956ae25/click'
20:42:19.641 [Forwarding clickElement on session 5bf85049-650c-4d05-9217-bb8f6363d757 to remote] DEBUG org.asynchttpclient.netty.request.NettyRequestSender -- Using open Channel [id: 0xbe92272c, L:/127.0.0.1:56803 - R:localhost/127.0.0.1:40347] for POST '/session/5bf85049-650c-4d05-9217-bb8f6363d757/element/83bb12da-4d61-41a3-a294-7a9d2956ae25/click'
20:42:19.848 [AsyncHttpClient-1-5] DEBUG org.asynchttpclient.netty.handler.HttpHandler -- 

Request DefaultHttpRequest(decodeResult: success, version: HTTP/1.1)
POST /session/5bf85049-650c-4d05-9217-bb8f6363d757/element/83bb12da-4d61-41a3-a294-7a9d2956ae25/click HTTP/1.1
User-Agent: selenium/4.12.0 (java windows)
Content-Length: 50
Content-Type: application/json; charset=utf-8
host: localhost:40347
accept: */*

Response DefaultHttpResponse(decodeResult: success, version: HTTP/1.1)
HTTP/1.1 200 OK
content-type: application/json; charset=utf-8
cache-control: no-cache
content-length: 14
date: Sun, 28 Apr 2024 01:42:19 GMT

20:42:19.849 [AsyncHttpClient-1-5] DEBUG org.asynchttpclient.netty.channel.ChannelManager -- Adding key: http://localhost:40347 for channel [id: 0xbe92272c, L:/127.0.0.1:56803 - R:localhost/127.0.0.1:40347]
20:42:19.854 [Forwarding getAlertText on session 5bf85049-650c-4d05-9217-bb8f6363d757 to remote] DEBUG org.asynchttpclient.netty.request.NettyRequestSender -- Using pooled Channel '[id: 0xbe92272c, L:/127.0.0.1:56803 - R:localhost/127.0.0.1:40347]' for 'GET' to 'http://localhost:40347/session/5bf85049-650c-4d05-9217-bb8f6363d757/alert/text'
20:42:19.854 [Forwarding getAlertText on session 5bf85049-650c-4d05-9217-bb8f6363d757 to remote] DEBUG org.asynchttpclient.netty.request.NettyRequestSender -- Using open Channel [id: 0xbe92272c, L:/127.0.0.1:56803 - R:localhost/127.0.0.1:40347] for GET '/session/5bf85049-650c-4d05-9217-bb8f6363d757/alert/text'
20:42:19.856 [AsyncHttpClient-1-5] DEBUG org.asynchttpclient.netty.handler.HttpHandler -- 

Request DefaultFullHttpRequest(decodeResult: success, version: HTTP/1.1, content: EmptyByteBufBE)
GET /session/5bf85049-650c-4d05-9217-bb8f6363d757/alert/text HTTP/1.1
Cache-Control: no-cache
User-Agent: selenium/4.12.0 (java windows)
Content-Type: application/json; charset=utf-8
host: localhost:40347
accept: */*

Response DefaultHttpResponse(decodeResult: success, version: HTTP/1.1)
HTTP/1.1 404 Not Found
content-type: application/json; charset=utf-8
cache-control: no-cache
content-length: 842
date: Sun, 28 Apr 2024 01:42:19 GMT

20:42:19.857 [AsyncHttpClient-1-5] DEBUG org.asynchttpclient.netty.channel.ChannelManager -- Adding key: http://localhost:40347 for channel [id: 0xbe92272c, L:/127.0.0.1:56803 - R:localhost/127.0.0.1:40347]
20:42:19.857 [Forwarding getCurrentUrl on session 5bf85049-650c-4d05-9217-bb8f6363d757 to remote] DEBUG org.asynchttpclient.netty.request.NettyRequestSender -- Using pooled Channel '[id: 0xbe92272c, L:/127.0.0.1:56803 - R:localhost/127.0.0.1:40347]' for 'GET' to 'http://localhost:40347/session/5bf85049-650c-4d05-9217-bb8f6363d757/url'
20:42:19.857 [Forwarding getCurrentUrl on session 5bf85049-650c-4d05-9217-bb8f6363d757 to remote] DEBUG org.asynchttpclient.netty.request.NettyRequestSender -- Using open Channel [id: 0xbe92272c, L:/127.0.0.1:56803 - R:localhost/127.0.0.1:40347] for GET '/session/5bf85049-650c-4d05-9217-bb8f6363d757/url'
20:42:19.858 [AsyncHttpClient-1-5] DEBUG org.asynchttpclient.netty.handler.HttpHandler -- 

Request DefaultFullHttpRequest(decodeResult: success, version: HTTP/1.1, content: EmptyByteBufBE)
GET /session/5bf85049-650c-4d05-9217-bb8f6363d757/url HTTP/1.1
Cache-Control: no-cache
User-Agent: selenium/4.12.0 (java windows)
Content-Type: application/json; charset=utf-8
host: localhost:40347
accept: */*

Response DefaultHttpResponse(decodeResult: success, version: HTTP/1.1)
HTTP/1.1 200 OK
content-type: application/json; charset=utf-8
cache-control: no-cache
content-length: 38
date: Sun, 28 Apr 2024 01:42:19 GMT

20:42:19.858 [AsyncHttpClient-1-5] DEBUG org.asynchttpclient.netty.channel.ChannelManager -- Adding key: http://localhost:40347 for channel [id: 0xbe92272c, L:/127.0.0.1:56803 - R:localhost/127.0.0.1:40347]
20:42:19.859 [Forwarding screenshot on session 5bf85049-650c-4d05-9217-bb8f6363d757 to remote] DEBUG org.asynchttpclient.netty.request.NettyRequestSender -- Using pooled Channel '[id: 0xbe92272c, L:/127.0.0.1:56803 - R:localhost/127.0.0.1:40347]' for 'GET' to 'http://localhost:40347/session/5bf85049-650c-4d05-9217-bb8f6363d757/screenshot'
20:42:19.859 [Forwarding screenshot on session 5bf85049-650c-4d05-9217-bb8f6363d757 to remote] DEBUG org.asynchttpclient.netty.request.NettyRequestSender -- Using open Channel [id: 0xbe92272c, L:/127.0.0.1:56803 - R:localhost/127.0.0.1:40347] for GET '/session/5bf85049-650c-4d05-9217-bb8f6363d757/screenshot'
20:42:19.928 [AsyncHttpClient-1-5] DEBUG org.asynchttpclient.netty.handler.HttpHandler -- 

Request DefaultFullHttpRequest(decodeResult: success, version: HTTP/1.1, content: EmptyByteBufBE)
GET /session/5bf85049-650c-4d05-9217-bb8f6363d757/screenshot HTTP/1.1
Cache-Control: no-cache
User-Agent: selenium/4.12.0 (java windows)
Content-Type: application/json; charset=utf-8
host: localhost:40347
accept: */*

Response DefaultHttpResponse(decodeResult: success, version: HTTP/1.1)
HTTP/1.1 200 OK
content-type: application/json; charset=utf-8
cache-control: no-cache
content-length: 478512
date: Sun, 28 Apr 2024 01:42:19 GMT

20:42:19.929 [AsyncHttpClient-1-5] DEBUG org.asynchttpclient.netty.channel.ChannelManager -- Adding key: http://localhost:40347 for channel [id: 0xbe92272c, L:/127.0.0.1:56803 - R:localhost/127.0.0.1:40347]
20:42:19.934 [main] DEBUG net.serenitybdd.core.photography.Darkroom -- Send negative for processing for C:\Users\USUARIO\OneDrive\Documentos\02 Automatización\03 Pragma\pragma\pragma\target\site\serenity\6d44e87d199d2b4d9e8f575fa8514566cb4bfdc8e2ab84d3cf3c823f78e173f8.png
20:42:19.934 [Darkroom Processing Line] DEBUG net.serenitybdd.core.photography.DarkroomProcessingLine -- Processing screenshot image in /var/screenshots/screenshot-2005518270656718869
20:42:19.934 [Darkroom Processing Line] DEBUG net.serenitybdd.core.photography.DarkroomProcessingLine -- Saving screenshot to C:\Users\USUARIO\OneDrive\Documentos\02 Automatización\03 Pragma\pragma\pragma\target\site\serenity\6d44e87d199d2b4d9e8f575fa8514566cb4bfdc8e2ab84d3cf3c823f78e173f8.png
20:42:20.533 [AsyncHttpClient-1-1] DEBUG org.asynchttpclient.netty.channel.DefaultChannelPool -- Entry count for : http://localhost:40347 : 1
20:42:20.947 [main] DEBUG net.thucydides.core.steps.StepInterceptor -- STEP DONE: inciarSesionConCredenciales
20:42:20.956 [Forwarding getAlertText on session 5bf85049-650c-4d05-9217-bb8f6363d757 to remote] DEBUG org.asynchttpclient.netty.request.NettyRequestSender -- Using pooled Channel '[id: 0xbe92272c, L:/127.0.0.1:56803 - R:localhost/127.0.0.1:40347]' for 'GET' to 'http://localhost:40347/session/5bf85049-650c-4d05-9217-bb8f6363d757/alert/text'
20:42:20.956 [Forwarding getAlertText on session 5bf85049-650c-4d05-9217-bb8f6363d757 to remote] DEBUG org.asynchttpclient.netty.request.NettyRequestSender -- Using open Channel [id: 0xbe92272c, L:/127.0.0.1:56803 - R:localhost/127.0.0.1:40347] for GET '/session/5bf85049-650c-4d05-9217-bb8f6363d757/alert/text'
20:42:20.959 [AsyncHttpClient-1-5] DEBUG org.asynchttpclient.netty.handler.HttpHandler -- 

Request DefaultFullHttpRequest(decodeResult: success, version: HTTP/1.1, content: EmptyByteBufBE)
GET /session/5bf85049-650c-4d05-9217-bb8f6363d757/alert/text HTTP/1.1
Cache-Control: no-cache
User-Agent: selenium/4.12.0 (java windows)
Content-Type: application/json; charset=utf-8
host: localhost:40347
accept: */*

Response DefaultHttpResponse(decodeResult: success, version: HTTP/1.1)
HTTP/1.1 404 Not Found
content-type: application/json; charset=utf-8
cache-control: no-cache
content-length: 842
date: Sun, 28 Apr 2024 01:42:20 GMT

20:42:20.959 [AsyncHttpClient-1-5] DEBUG org.asynchttpclient.netty.channel.ChannelManager -- Adding key: http://localhost:40347 for channel [id: 0xbe92272c, L:/127.0.0.1:56803 - R:localhost/127.0.0.1:40347]
20:42:20.961 [Forwarding getCurrentUrl on session 5bf85049-650c-4d05-9217-bb8f6363d757 to remote] DEBUG org.asynchttpclient.netty.request.NettyRequestSender -- Using pooled Channel '[id: 0xbe92272c, L:/127.0.0.1:56803 - R:localhost/127.0.0.1:40347]' for 'GET' to 'http://localhost:40347/session/5bf85049-650c-4d05-9217-bb8f6363d757/url'
20:42:20.961 [Forwarding getCurrentUrl on session 5bf85049-650c-4d05-9217-bb8f6363d757 to remote] DEBUG org.asynchttpclient.netty.request.NettyRequestSender -- Using open Channel [id: 0xbe92272c, L:/127.0.0.1:56803 - R:localhost/127.0.0.1:40347] for GET '/session/5bf85049-650c-4d05-9217-bb8f6363d757/url'
20:42:20.964 [AsyncHttpClient-1-5] DEBUG org.asynchttpclient.netty.handler.HttpHandler -- 

Request DefaultFullHttpRequest(decodeResult: success, version: HTTP/1.1, content: EmptyByteBufBE)
GET /session/5bf85049-650c-4d05-9217-bb8f6363d757/url HTTP/1.1
Cache-Control: no-cache
User-Agent: selenium/4.12.0 (java windows)
Content-Type: application/json; charset=utf-8
host: localhost:40347
accept: */*

Response DefaultHttpResponse(decodeResult: success, version: HTTP/1.1)
HTTP/1.1 200 OK
content-type: application/json; charset=utf-8
cache-control: no-cache
content-length: 38
date: Sun, 28 Apr 2024 01:42:20 GMT

20:42:20.964 [AsyncHttpClient-1-5] DEBUG org.asynchttpclient.netty.channel.ChannelManager -- Adding key: http://localhost:40347 for channel [id: 0xbe92272c, L:/127.0.0.1:56803 - R:localhost/127.0.0.1:40347]
20:42:20.965 [Forwarding screenshot on session 5bf85049-650c-4d05-9217-bb8f6363d757 to remote] DEBUG org.asynchttpclient.netty.request.NettyRequestSender -- Using pooled Channel '[id: 0xbe92272c, L:/127.0.0.1:56803 - R:localhost/127.0.0.1:40347]' for 'GET' to 'http://localhost:40347/session/5bf85049-650c-4d05-9217-bb8f6363d757/screenshot'
20:42:20.965 [Forwarding screenshot on session 5bf85049-650c-4d05-9217-bb8f6363d757 to remote] DEBUG org.asynchttpclient.netty.request.NettyRequestSender -- Using open Channel [id: 0xbe92272c, L:/127.0.0.1:56803 - R:localhost/127.0.0.1:40347] for GET '/session/5bf85049-650c-4d05-9217-bb8f6363d757/screenshot'
20:42:21.034 [AsyncHttpClient-1-5] DEBUG org.asynchttpclient.netty.handler.HttpHandler -- 

Request DefaultFullHttpRequest(decodeResult: success, version: HTTP/1.1, content: EmptyByteBufBE)
GET /session/5bf85049-650c-4d05-9217-bb8f6363d757/screenshot HTTP/1.1
Cache-Control: no-cache
User-Agent: selenium/4.12.0 (java windows)
Content-Type: application/json; charset=utf-8
host: localhost:40347
accept: */*

Response DefaultHttpResponse(decodeResult: success, version: HTTP/1.1)
HTTP/1.1 200 OK
content-type: application/json; charset=utf-8
cache-control: no-cache
content-length: 803500
date: Sun, 28 Apr 2024 01:42:20 GMT

20:42:21.035 [AsyncHttpClient-1-5] DEBUG org.asynchttpclient.netty.channel.ChannelManager -- Adding key: http://localhost:40347 for channel [id: 0xbe92272c, L:/127.0.0.1:56803 - R:localhost/127.0.0.1:40347]
20:42:21.042 [main] DEBUG net.serenitybdd.core.photography.Darkroom -- Send negative for processing for C:\Users\USUARIO\OneDrive\Documentos\02 Automatización\03 Pragma\pragma\pragma\target\site\serenity\4c09c2ffedc37c65c23db70c4bc9b393f1b76e6fae961377a134774560e86287.png
20:42:21.042 [Darkroom Processing Line] DEBUG net.serenitybdd.core.photography.DarkroomProcessingLine -- Processing screenshot image in /var/screenshots/screenshot-6386477911290757520
20:42:21.042 [Darkroom Processing Line] DEBUG net.serenitybdd.core.photography.DarkroomProcessingLine -- Saving screenshot to C:\Users\USUARIO\OneDrive\Documentos\02 Automatización\03 Pragma\pragma\pragma\target\site\serenity\4c09c2ffedc37c65c23db70c4bc9b393f1b76e6fae961377a134774560e86287.png
20:42:21.642 [AsyncHttpClient-1-1] DEBUG org.asynchttpclient.netty.channel.DefaultChannelPool -- Entry count for : http://localhost:40347 : 1
20:42:22.057 [main] DEBUG net.thucydides.core.steps.StepInterceptor -- STARTING STEP: StepInterceptor.testContext - validarLoginExitoso
20:42:22.057 [Forwarding getAlertText on session 5bf85049-650c-4d05-9217-bb8f6363d757 to remote] DEBUG org.asynchttpclient.netty.request.NettyRequestSender -- Using pooled Channel '[id: 0xbe92272c, L:/127.0.0.1:56803 - R:localhost/127.0.0.1:40347]' for 'GET' to 'http://localhost:40347/session/5bf85049-650c-4d05-9217-bb8f6363d757/alert/text'
20:42:22.058 [Forwarding getAlertText on session 5bf85049-650c-4d05-9217-bb8f6363d757 to remote] DEBUG org.asynchttpclient.netty.request.NettyRequestSender -- Using open Channel [id: 0xbe92272c, L:/127.0.0.1:56803 - R:localhost/127.0.0.1:40347] for GET '/session/5bf85049-650c-4d05-9217-bb8f6363d757/alert/text'
20:42:22.060 [AsyncHttpClient-1-5] DEBUG org.asynchttpclient.netty.handler.HttpHandler -- 

Request DefaultFullHttpRequest(decodeResult: success, version: HTTP/1.1, content: EmptyByteBufBE)
GET /session/5bf85049-650c-4d05-9217-bb8f6363d757/alert/text HTTP/1.1
Cache-Control: no-cache
User-Agent: selenium/4.12.0 (java windows)
Content-Type: application/json; charset=utf-8
host: localhost:40347
accept: */*

Response DefaultHttpResponse(decodeResult: success, version: HTTP/1.1)
HTTP/1.1 404 Not Found
content-type: application/json; charset=utf-8
cache-control: no-cache
content-length: 842
date: Sun, 28 Apr 2024 01:42:22 GMT

20:42:22.060 [AsyncHttpClient-1-5] DEBUG org.asynchttpclient.netty.channel.ChannelManager -- Adding key: http://localhost:40347 for channel [id: 0xbe92272c, L:/127.0.0.1:56803 - R:localhost/127.0.0.1:40347]
20:42:22.127 [Forwarding getAlertText on session 5bf85049-650c-4d05-9217-bb8f6363d757 to remote] DEBUG org.asynchttpclient.netty.request.NettyRequestSender -- Using pooled Channel '[id: 0xbe92272c, L:/127.0.0.1:56803 - R:localhost/127.0.0.1:40347]' for 'GET' to 'http://localhost:40347/session/5bf85049-650c-4d05-9217-bb8f6363d757/alert/text'
20:42:22.127 [Forwarding getAlertText on session 5bf85049-650c-4d05-9217-bb8f6363d757 to remote] DEBUG org.asynchttpclient.netty.request.NettyRequestSender -- Using open Channel [id: 0xbe92272c, L:/127.0.0.1:56803 - R:localhost/127.0.0.1:40347] for GET '/session/5bf85049-650c-4d05-9217-bb8f6363d757/alert/text'
20:42:22.131 [AsyncHttpClient-1-5] DEBUG org.asynchttpclient.netty.handler.HttpHandler -- 

Request DefaultFullHttpRequest(decodeResult: success, version: HTTP/1.1, content: EmptyByteBufBE)
GET /session/5bf85049-650c-4d05-9217-bb8f6363d757/alert/text HTTP/1.1
Cache-Control: no-cache
User-Agent: selenium/4.12.0 (java windows)
Content-Type: application/json; charset=utf-8
host: localhost:40347
accept: */*

Response DefaultHttpResponse(decodeResult: success, version: HTTP/1.1)
HTTP/1.1 404 Not Found
content-type: application/json; charset=utf-8
cache-control: no-cache
content-length: 842
date: Sun, 28 Apr 2024 01:42:22 GMT

20:42:22.131 [AsyncHttpClient-1-5] DEBUG org.asynchttpclient.netty.channel.ChannelManager -- Adding key: http://localhost:40347 for channel [id: 0xbe92272c, L:/127.0.0.1:56803 - R:localhost/127.0.0.1:40347]
20:42:22.185 [Forwarding getAlertText on session 5bf85049-650c-4d05-9217-bb8f6363d757 to remote] DEBUG org.asynchttpclient.netty.request.NettyRequestSender -- Using pooled Channel '[id: 0xbe92272c, L:/127.0.0.1:56803 - R:localhost/127.0.0.1:40347]' for 'GET' to 'http://localhost:40347/session/5bf85049-650c-4d05-9217-bb8f6363d757/alert/text'
20:42:22.185 [Forwarding getAlertText on session 5bf85049-650c-4d05-9217-bb8f6363d757 to remote] DEBUG org.asynchttpclient.netty.request.NettyRequestSender -- Using open Channel [id: 0xbe92272c, L:/127.0.0.1:56803 - R:localhost/127.0.0.1:40347] for GET '/session/5bf85049-650c-4d05-9217-bb8f6363d757/alert/text'
20:42:22.187 [AsyncHttpClient-1-5] DEBUG org.asynchttpclient.netty.handler.HttpHandler -- 

Request DefaultFullHttpRequest(decodeResult: success, version: HTTP/1.1, content: EmptyByteBufBE)
GET /session/5bf85049-650c-4d05-9217-bb8f6363d757/alert/text HTTP/1.1
Cache-Control: no-cache
User-Agent: selenium/4.12.0 (java windows)
Content-Type: application/json; charset=utf-8
host: localhost:40347
accept: */*

Response DefaultHttpResponse(decodeResult: success, version: HTTP/1.1)
HTTP/1.1 404 Not Found
content-type: application/json; charset=utf-8
cache-control: no-cache
content-length: 842
date: Sun, 28 Apr 2024 01:42:22 GMT

20:42:22.188 [AsyncHttpClient-1-5] DEBUG org.asynchttpclient.netty.channel.ChannelManager -- Adding key: http://localhost:40347 for channel [id: 0xbe92272c, L:/127.0.0.1:56803 - R:localhost/127.0.0.1:40347]
20:42:22.252 [Forwarding getAlertText on session 5bf85049-650c-4d05-9217-bb8f6363d757 to remote] DEBUG org.asynchttpclient.netty.request.NettyRequestSender -- Using pooled Channel '[id: 0xbe92272c, L:/127.0.0.1:56803 - R:localhost/127.0.0.1:40347]' for 'GET' to 'http://localhost:40347/session/5bf85049-650c-4d05-9217-bb8f6363d757/alert/text'
20:42:22.252 [Forwarding getAlertText on session 5bf85049-650c-4d05-9217-bb8f6363d757 to remote] DEBUG org.asynchttpclient.netty.request.NettyRequestSender -- Using open Channel [id: 0xbe92272c, L:/127.0.0.1:56803 - R:localhost/127.0.0.1:40347] for GET '/session/5bf85049-650c-4d05-9217-bb8f6363d757/alert/text'
20:42:22.256 [AsyncHttpClient-1-5] DEBUG org.asynchttpclient.netty.handler.HttpHandler -- 

Request DefaultFullHttpRequest(decodeResult: success, version: HTTP/1.1, content: EmptyByteBufBE)
GET /session/5bf85049-650c-4d05-9217-bb8f6363d757/alert/text HTTP/1.1
Cache-Control: no-cache
User-Agent: selenium/4.12.0 (java windows)
Content-Type: application/json; charset=utf-8
host: localhost:40347
accept: */*

Response DefaultHttpResponse(decodeResult: success, version: HTTP/1.1)
HTTP/1.1 404 Not Found
content-type: application/json; charset=utf-8
cache-control: no-cache
content-length: 842
date: Sun, 28 Apr 2024 01:42:22 GMT

20:42:22.256 [AsyncHttpClient-1-5] DEBUG org.asynchttpclient.netty.channel.ChannelManager -- Adding key: http://localhost:40347 for channel [id: 0xbe92272c, L:/127.0.0.1:56803 - R:localhost/127.0.0.1:40347]
20:42:22.313 [Forwarding getAlertText on session 5bf85049-650c-4d05-9217-bb8f6363d757 to remote] DEBUG org.asynchttpclient.netty.request.NettyRequestSender -- Using pooled Channel '[id: 0xbe92272c, L:/127.0.0.1:56803 - R:localhost/127.0.0.1:40347]' for 'GET' to 'http://localhost:40347/session/5bf85049-650c-4d05-9217-bb8f6363d757/alert/text'
20:42:22.313 [Forwarding getAlertText on session 5bf85049-650c-4d05-9217-bb8f6363d757 to remote] DEBUG org.asynchttpclient.netty.request.NettyRequestSender -- Using open Channel [id: 0xbe92272c, L:/127.0.0.1:56803 - R:localhost/127.0.0.1:40347] for GET '/session/5bf85049-650c-4d05-9217-bb8f6363d757/alert/text'
20:42:22.314 [AsyncHttpClient-1-5] DEBUG org.asynchttpclient.netty.handler.HttpHandler -- 

Request DefaultFullHttpRequest(decodeResult: success, version: HTTP/1.1, content: EmptyByteBufBE)
GET /session/5bf85049-650c-4d05-9217-bb8f6363d757/alert/text HTTP/1.1
Cache-Control: no-cache
User-Agent: selenium/4.12.0 (java windows)
Content-Type: application/json; charset=utf-8
host: localhost:40347
accept: */*

Response DefaultHttpResponse(decodeResult: success, version: HTTP/1.1)
HTTP/1.1 404 Not Found
content-type: application/json; charset=utf-8
cache-control: no-cache
content-length: 842
date: Sun, 28 Apr 2024 01:42:22 GMT

20:42:22.315 [AsyncHttpClient-1-5] DEBUG org.asynchttpclient.netty.channel.ChannelManager -- Adding key: http://localhost:40347 for channel [id: 0xbe92272c, L:/127.0.0.1:56803 - R:localhost/127.0.0.1:40347]
20:42:22.376 [Forwarding getAlertText on session 5bf85049-650c-4d05-9217-bb8f6363d757 to remote] DEBUG org.asynchttpclient.netty.request.NettyRequestSender -- Using pooled Channel '[id: 0xbe92272c, L:/127.0.0.1:56803 - R:localhost/127.0.0.1:40347]' for 'GET' to 'http://localhost:40347/session/5bf85049-650c-4d05-9217-bb8f6363d757/alert/text'
20:42:22.376 [Forwarding getAlertText on session 5bf85049-650c-4d05-9217-bb8f6363d757 to remote] DEBUG org.asynchttpclient.netty.request.NettyRequestSender -- Using open Channel [id: 0xbe92272c, L:/127.0.0.1:56803 - R:localhost/127.0.0.1:40347] for GET '/session/5bf85049-650c-4d05-9217-bb8f6363d757/alert/text'
20:42:22.377 [AsyncHttpClient-1-5] DEBUG org.asynchttpclient.netty.handler.HttpHandler -- 

Request DefaultFullHttpRequest(decodeResult: success, version: HTTP/1.1, content: EmptyByteBufBE)
GET /session/5bf85049-650c-4d05-9217-bb8f6363d757/alert/text HTTP/1.1
Cache-Control: no-cache
User-Agent: selenium/4.12.0 (java windows)
Content-Type: application/json; charset=utf-8
host: localhost:40347
accept: */*

Response DefaultHttpResponse(decodeResult: success, version: HTTP/1.1)
HTTP/1.1 404 Not Found
content-type: application/json; charset=utf-8
cache-control: no-cache
content-length: 842
date: Sun, 28 Apr 2024 01:42:22 GMT

20:42:22.377 [AsyncHttpClient-1-5] DEBUG org.asynchttpclient.netty.channel.ChannelManager -- Adding key: http://localhost:40347 for channel [id: 0xbe92272c, L:/127.0.0.1:56803 - R:localhost/127.0.0.1:40347]
20:42:22.437 [Forwarding getAlertText on session 5bf85049-650c-4d05-9217-bb8f6363d757 to remote] DEBUG org.asynchttpclient.netty.request.NettyRequestSender -- Using pooled Channel '[id: 0xbe92272c, L:/127.0.0.1:56803 - R:localhost/127.0.0.1:40347]' for 'GET' to 'http://localhost:40347/session/5bf85049-650c-4d05-9217-bb8f6363d757/alert/text'
20:42:22.437 [Forwarding getAlertText on session 5bf85049-650c-4d05-9217-bb8f6363d757 to remote] DEBUG org.asynchttpclient.netty.request.NettyRequestSender -- Using open Channel [id: 0xbe92272c, L:/127.0.0.1:56803 - R:localhost/127.0.0.1:40347] for GET '/session/5bf85049-650c-4d05-9217-bb8f6363d757/alert/text'
20:42:22.439 [AsyncHttpClient-1-5] DEBUG org.asynchttpclient.netty.handler.HttpHandler -- 

Request DefaultFullHttpRequest(decodeResult: success, version: HTTP/1.1, content: EmptyByteBufBE)
GET /session/5bf85049-650c-4d05-9217-bb8f6363d757/alert/text HTTP/1.1
Cache-Control: no-cache
User-Agent: selenium/4.12.0 (java windows)
Content-Type: application/json; charset=utf-8
host: localhost:40347
accept: */*

Response DefaultHttpResponse(decodeResult: success, version: HTTP/1.1)
HTTP/1.1 404 Not Found
content-type: application/json; charset=utf-8
cache-control: no-cache
content-length: 842
date: Sun, 28 Apr 2024 01:42:22 GMT

20:42:22.439 [AsyncHttpClient-1-5] DEBUG org.asynchttpclient.netty.channel.ChannelManager -- Adding key: http://localhost:40347 for channel [id: 0xbe92272c, L:/127.0.0.1:56803 - R:localhost/127.0.0.1:40347]
20:42:22.500 [Forwarding getAlertText on session 5bf85049-650c-4d05-9217-bb8f6363d757 to remote] DEBUG org.asynchttpclient.netty.request.NettyRequestSender -- Using pooled Channel '[id: 0xbe92272c, L:/127.0.0.1:56803 - R:localhost/127.0.0.1:40347]' for 'GET' to 'http://localhost:40347/session/5bf85049-650c-4d05-9217-bb8f6363d757/alert/text'
20:42:22.501 [Forwarding getAlertText on session 5bf85049-650c-4d05-9217-bb8f6363d757 to remote] DEBUG org.asynchttpclient.netty.request.NettyRequestSender -- Using open Channel [id: 0xbe92272c, L:/127.0.0.1:56803 - R:localhost/127.0.0.1:40347] for GET '/session/5bf85049-650c-4d05-9217-bb8f6363d757/alert/text'
20:42:22.506 [AsyncHttpClient-1-5] DEBUG org.asynchttpclient.netty.handler.HttpHandler -- 

Request DefaultFullHttpRequest(decodeResult: success, version: HTTP/1.1, content: EmptyByteBufBE)
GET /session/5bf85049-650c-4d05-9217-bb8f6363d757/alert/text HTTP/1.1
Cache-Control: no-cache
User-Agent: selenium/4.12.0 (java windows)
Content-Type: application/json; charset=utf-8
host: localhost:40347
accept: */*

Response DefaultHttpResponse(decodeResult: success, version: HTTP/1.1)
HTTP/1.1 404 Not Found
content-type: application/json; charset=utf-8
cache-control: no-cache
content-length: 842
date: Sun, 28 Apr 2024 01:42:22 GMT

20:42:22.506 [AsyncHttpClient-1-5] DEBUG org.asynchttpclient.netty.channel.ChannelManager -- Adding key: http://localhost:40347 for channel [id: 0xbe92272c, L:/127.0.0.1:56803 - R:localhost/127.0.0.1:40347]
20:42:22.560 [Forwarding getAlertText on session 5bf85049-650c-4d05-9217-bb8f6363d757 to remote] DEBUG org.asynchttpclient.netty.request.NettyRequestSender -- Using pooled Channel '[id: 0xbe92272c, L:/127.0.0.1:56803 - R:localhost/127.0.0.1:40347]' for 'GET' to 'http://localhost:40347/session/5bf85049-650c-4d05-9217-bb8f6363d757/alert/text'
20:42:22.561 [Forwarding getAlertText on session 5bf85049-650c-4d05-9217-bb8f6363d757 to remote] DEBUG org.asynchttpclient.netty.request.NettyRequestSender -- Using open Channel [id: 0xbe92272c, L:/127.0.0.1:56803 - R:localhost/127.0.0.1:40347] for GET '/session/5bf85049-650c-4d05-9217-bb8f6363d757/alert/text'
20:42:22.562 [AsyncHttpClient-1-5] DEBUG org.asynchttpclient.netty.handler.HttpHandler -- 

Request DefaultFullHttpRequest(decodeResult: success, version: HTTP/1.1, content: EmptyByteBufBE)
GET /session/5bf85049-650c-4d05-9217-bb8f6363d757/alert/text HTTP/1.1
Cache-Control: no-cache
User-Agent: selenium/4.12.0 (java windows)
Content-Type: application/json; charset=utf-8
host: localhost:40347
accept: */*

Response DefaultHttpResponse(decodeResult: success, version: HTTP/1.1)
HTTP/1.1 404 Not Found
content-type: application/json; charset=utf-8
cache-control: no-cache
content-length: 842
date: Sun, 28 Apr 2024 01:42:22 GMT

20:42:22.562 [AsyncHttpClient-1-5] DEBUG org.asynchttpclient.netty.channel.ChannelManager -- Adding key: http://localhost:40347 for channel [id: 0xbe92272c, L:/127.0.0.1:56803 - R:localhost/127.0.0.1:40347]
20:42:22.622 [Forwarding getAlertText on session 5bf85049-650c-4d05-9217-bb8f6363d757 to remote] DEBUG org.asynchttpclient.netty.request.NettyRequestSender -- Using pooled Channel '[id: 0xbe92272c, L:/127.0.0.1:56803 - R:localhost/127.0.0.1:40347]' for 'GET' to 'http://localhost:40347/session/5bf85049-650c-4d05-9217-bb8f6363d757/alert/text'
20:42:22.623 [Forwarding getAlertText on session 5bf85049-650c-4d05-9217-bb8f6363d757 to remote] DEBUG org.asynchttpclient.netty.request.NettyRequestSender -- Using open Channel [id: 0xbe92272c, L:/127.0.0.1:56803 - R:localhost/127.0.0.1:40347] for GET '/session/5bf85049-650c-4d05-9217-bb8f6363d757/alert/text'
20:42:22.624 [AsyncHttpClient-1-5] DEBUG org.asynchttpclient.netty.handler.HttpHandler -- 

Request DefaultFullHttpRequest(decodeResult: success, version: HTTP/1.1, content: EmptyByteBufBE)
GET /session/5bf85049-650c-4d05-9217-bb8f6363d757/alert/text HTTP/1.1
Cache-Control: no-cache
User-Agent: selenium/4.12.0 (java windows)
Content-Type: application/json; charset=utf-8
host: localhost:40347
accept: */*

Response DefaultHttpResponse(decodeResult: success, version: HTTP/1.1)
HTTP/1.1 404 Not Found
content-type: application/json; charset=utf-8
cache-control: no-cache
content-length: 842
date: Sun, 28 Apr 2024 01:42:22 GMT

20:42:22.624 [AsyncHttpClient-1-5] DEBUG org.asynchttpclient.netty.channel.ChannelManager -- Adding key: http://localhost:40347 for channel [id: 0xbe92272c, L:/127.0.0.1:56803 - R:localhost/127.0.0.1:40347]
20:42:22.686 [Forwarding getAlertText on session 5bf85049-650c-4d05-9217-bb8f6363d757 to remote] DEBUG org.asynchttpclient.netty.request.NettyRequestSender -- Using pooled Channel '[id: 0xbe92272c, L:/127.0.0.1:56803 - R:localhost/127.0.0.1:40347]' for 'GET' to 'http://localhost:40347/session/5bf85049-650c-4d05-9217-bb8f6363d757/alert/text'
20:42:22.686 [Forwarding getAlertText on session 5bf85049-650c-4d05-9217-bb8f6363d757 to remote] DEBUG org.asynchttpclient.netty.request.NettyRequestSender -- Using open Channel [id: 0xbe92272c, L:/127.0.0.1:56803 - R:localhost/127.0.0.1:40347] for GET '/session/5bf85049-650c-4d05-9217-bb8f6363d757/alert/text'
20:42:22.689 [AsyncHttpClient-1-5] DEBUG org.asynchttpclient.netty.handler.HttpHandler -- 

Request DefaultFullHttpRequest(decodeResult: success, version: HTTP/1.1, content: EmptyByteBufBE)
GET /session/5bf85049-650c-4d05-9217-bb8f6363d757/alert/text HTTP/1.1
Cache-Control: no-cache
User-Agent: selenium/4.12.0 (java windows)
Content-Type: application/json; charset=utf-8
host: localhost:40347
accept: */*

Response DefaultHttpResponse(decodeResult: success, version: HTTP/1.1)
HTTP/1.1 404 Not Found
content-type: application/json; charset=utf-8
cache-control: no-cache
content-length: 842
date: Sun, 28 Apr 2024 01:42:22 GMT

20:42:22.689 [AsyncHttpClient-1-5] DEBUG org.asynchttpclient.netty.channel.ChannelManager -- Adding key: http://localhost:40347 for channel [id: 0xbe92272c, L:/127.0.0.1:56803 - R:localhost/127.0.0.1:40347]
20:42:22.731 [AsyncHttpClient-1-1] DEBUG org.asynchttpclient.netty.channel.DefaultChannelPool -- Entry count for : http://localhost:40347 : 1
20:42:22.749 [Forwarding getAlertText on session 5bf85049-650c-4d05-9217-bb8f6363d757 to remote] DEBUG org.asynchttpclient.netty.request.NettyRequestSender -- Using pooled Channel '[id: 0xbe92272c, L:/127.0.0.1:56803 - R:localhost/127.0.0.1:40347]' for 'GET' to 'http://localhost:40347/session/5bf85049-650c-4d05-9217-bb8f6363d757/alert/text'
20:42:22.750 [Forwarding getAlertText on session 5bf85049-650c-4d05-9217-bb8f6363d757 to remote] DEBUG org.asynchttpclient.netty.request.NettyRequestSender -- Using open Channel [id: 0xbe92272c, L:/127.0.0.1:56803 - R:localhost/127.0.0.1:40347] for GET '/session/5bf85049-650c-4d05-9217-bb8f6363d757/alert/text'
20:42:22.754 [AsyncHttpClient-1-5] DEBUG org.asynchttpclient.netty.handler.HttpHandler -- 

Request DefaultFullHttpRequest(decodeResult: success, version: HTTP/1.1, content: EmptyByteBufBE)
GET /session/5bf85049-650c-4d05-9217-bb8f6363d757/alert/text HTTP/1.1
Cache-Control: no-cache
User-Agent: selenium/4.12.0 (java windows)
Content-Type: application/json; charset=utf-8
host: localhost:40347
accept: */*

Response DefaultHttpResponse(decodeResult: success, version: HTTP/1.1)
HTTP/1.1 404 Not Found
content-type: application/json; charset=utf-8
cache-control: no-cache
content-length: 842
date: Sun, 28 Apr 2024 01:42:22 GMT

20:42:22.754 [AsyncHttpClient-1-5] DEBUG org.asynchttpclient.netty.channel.ChannelManager -- Adding key: http://localhost:40347 for channel [id: 0xbe92272c, L:/127.0.0.1:56803 - R:localhost/127.0.0.1:40347]
20:42:22.811 [Forwarding getAlertText on session 5bf85049-650c-4d05-9217-bb8f6363d757 to remote] DEBUG org.asynchttpclient.netty.request.NettyRequestSender -- Using pooled Channel '[id: 0xbe92272c, L:/127.0.0.1:56803 - R:localhost/127.0.0.1:40347]' for 'GET' to 'http://localhost:40347/session/5bf85049-650c-4d05-9217-bb8f6363d757/alert/text'
20:42:22.811 [Forwarding getAlertText on session 5bf85049-650c-4d05-9217-bb8f6363d757 to remote] DEBUG org.asynchttpclient.netty.request.NettyRequestSender -- Using open Channel [id: 0xbe92272c, L:/127.0.0.1:56803 - R:localhost/127.0.0.1:40347] for GET '/session/5bf85049-650c-4d05-9217-bb8f6363d757/alert/text'
20:42:22.814 [AsyncHttpClient-1-5] DEBUG org.asynchttpclient.netty.handler.HttpHandler -- 

Request DefaultFullHttpRequest(decodeResult: success, version: HTTP/1.1, content: EmptyByteBufBE)
GET /session/5bf85049-650c-4d05-9217-bb8f6363d757/alert/text HTTP/1.1
Cache-Control: no-cache
User-Agent: selenium/4.12.0 (java windows)
Content-Type: application/json; charset=utf-8
host: localhost:40347
accept: */*

Response DefaultHttpResponse(decodeResult: success, version: HTTP/1.1)
HTTP/1.1 404 Not Found
content-type: application/json; charset=utf-8
cache-control: no-cache
content-length: 842
date: Sun, 28 Apr 2024 01:42:22 GMT

20:42:22.814 [AsyncHttpClient-1-5] DEBUG org.asynchttpclient.netty.channel.ChannelManager -- Adding key: http://localhost:40347 for channel [id: 0xbe92272c, L:/127.0.0.1:56803 - R:localhost/127.0.0.1:40347]
20:42:22.871 [Forwarding getAlertText on session 5bf85049-650c-4d05-9217-bb8f6363d757 to remote] DEBUG org.asynchttpclient.netty.request.NettyRequestSender -- Using pooled Channel '[id: 0xbe92272c, L:/127.0.0.1:56803 - R:localhost/127.0.0.1:40347]' for 'GET' to 'http://localhost:40347/session/5bf85049-650c-4d05-9217-bb8f6363d757/alert/text'
20:42:22.871 [Forwarding getAlertText on session 5bf85049-650c-4d05-9217-bb8f6363d757 to remote] DEBUG org.asynchttpclient.netty.request.NettyRequestSender -- Using open Channel [id: 0xbe92272c, L:/127.0.0.1:56803 - R:localhost/127.0.0.1:40347] for GET '/session/5bf85049-650c-4d05-9217-bb8f6363d757/alert/text'
20:42:22.874 [AsyncHttpClient-1-5] DEBUG org.asynchttpclient.netty.handler.HttpHandler -- 

Request DefaultFullHttpRequest(decodeResult: success, version: HTTP/1.1, content: EmptyByteBufBE)
GET /session/5bf85049-650c-4d05-9217-bb8f6363d757/alert/text HTTP/1.1
Cache-Control: no-cache
User-Agent: selenium/4.12.0 (java windows)
Content-Type: application/json; charset=utf-8
host: localhost:40347
accept: */*

Response DefaultHttpResponse(decodeResult: success, version: HTTP/1.1)
HTTP/1.1 404 Not Found
content-type: application/json; charset=utf-8
cache-control: no-cache
content-length: 842
date: Sun, 28 Apr 2024 01:42:22 GMT

20:42:22.874 [AsyncHttpClient-1-5] DEBUG org.asynchttpclient.netty.channel.ChannelManager -- Adding key: http://localhost:40347 for channel [id: 0xbe92272c, L:/127.0.0.1:56803 - R:localhost/127.0.0.1:40347]
20:42:22.937 [Forwarding getAlertText on session 5bf85049-650c-4d05-9217-bb8f6363d757 to remote] DEBUG org.asynchttpclient.netty.request.NettyRequestSender -- Using pooled Channel '[id: 0xbe92272c, L:/127.0.0.1:56803 - R:localhost/127.0.0.1:40347]' for 'GET' to 'http://localhost:40347/session/5bf85049-650c-4d05-9217-bb8f6363d757/alert/text'
20:42:22.937 [Forwarding getAlertText on session 5bf85049-650c-4d05-9217-bb8f6363d757 to remote] DEBUG org.asynchttpclient.netty.request.NettyRequestSender -- Using open Channel [id: 0xbe92272c, L:/127.0.0.1:56803 - R:localhost/127.0.0.1:40347] for GET '/session/5bf85049-650c-4d05-9217-bb8f6363d757/alert/text'
20:42:22.940 [AsyncHttpClient-1-5] DEBUG org.asynchttpclient.netty.handler.HttpHandler -- 

Request DefaultFullHttpRequest(decodeResult: success, version: HTTP/1.1, content: EmptyByteBufBE)
GET /session/5bf85049-650c-4d05-9217-bb8f6363d757/alert/text HTTP/1.1
Cache-Control: no-cache
User-Agent: selenium/4.12.0 (java windows)
Content-Type: application/json; charset=utf-8
host: localhost:40347
accept: */*

Response DefaultHttpResponse(decodeResult: success, version: HTTP/1.1)
HTTP/1.1 404 Not Found
content-type: application/json; charset=utf-8
cache-control: no-cache
content-length: 842
date: Sun, 28 Apr 2024 01:42:22 GMT

20:42:22.940 [AsyncHttpClient-1-5] DEBUG org.asynchttpclient.netty.channel.ChannelManager -- Adding key: http://localhost:40347 for channel [id: 0xbe92272c, L:/127.0.0.1:56803 - R:localhost/127.0.0.1:40347]
20:42:22.996 [Forwarding getAlertText on session 5bf85049-650c-4d05-9217-bb8f6363d757 to remote] DEBUG org.asynchttpclient.netty.request.NettyRequestSender -- Using pooled Channel '[id: 0xbe92272c, L:/127.0.0.1:56803 - R:localhost/127.0.0.1:40347]' for 'GET' to 'http://localhost:40347/session/5bf85049-650c-4d05-9217-bb8f6363d757/alert/text'
20:42:22.996 [Forwarding getAlertText on session 5bf85049-650c-4d05-9217-bb8f6363d757 to remote] DEBUG org.asynchttpclient.netty.request.NettyRequestSender -- Using open Channel [id: 0xbe92272c, L:/127.0.0.1:56803 - R:localhost/127.0.0.1:40347] for GET '/session/5bf85049-650c-4d05-9217-bb8f6363d757/alert/text'
20:42:22.999 [AsyncHttpClient-1-5] DEBUG org.asynchttpclient.netty.handler.HttpHandler -- 

Request DefaultFullHttpRequest(decodeResult: success, version: HTTP/1.1, content: EmptyByteBufBE)
GET /session/5bf85049-650c-4d05-9217-bb8f6363d757/alert/text HTTP/1.1
Cache-Control: no-cache
User-Agent: selenium/4.12.0 (java windows)
Content-Type: application/json; charset=utf-8
host: localhost:40347
accept: */*

Response DefaultHttpResponse(decodeResult: success, version: HTTP/1.1)
HTTP/1.1 404 Not Found
content-type: application/json; charset=utf-8
cache-control: no-cache
content-length: 842
date: Sun, 28 Apr 2024 01:42:22 GMT

20:42:22.999 [AsyncHttpClient-1-5] DEBUG org.asynchttpclient.netty.channel.ChannelManager -- Adding key: http://localhost:40347 for channel [id: 0xbe92272c, L:/127.0.0.1:56803 - R:localhost/127.0.0.1:40347]
20:42:23.059 [Forwarding getAlertText on session 5bf85049-650c-4d05-9217-bb8f6363d757 to remote] DEBUG org.asynchttpclient.netty.request.NettyRequestSender -- Using pooled Channel '[id: 0xbe92272c, L:/127.0.0.1:56803 - R:localhost/127.0.0.1:40347]' for 'GET' to 'http://localhost:40347/session/5bf85049-650c-4d05-9217-bb8f6363d757/alert/text'
20:42:23.060 [Forwarding getAlertText on session 5bf85049-650c-4d05-9217-bb8f6363d757 to remote] DEBUG org.asynchttpclient.netty.request.NettyRequestSender -- Using open Channel [id: 0xbe92272c, L:/127.0.0.1:56803 - R:localhost/127.0.0.1:40347] for GET '/session/5bf85049-650c-4d05-9217-bb8f6363d757/alert/text'
20:42:23.062 [AsyncHttpClient-1-5] DEBUG org.asynchttpclient.netty.handler.HttpHandler -- 

Request DefaultFullHttpRequest(decodeResult: success, version: HTTP/1.1, content: EmptyByteBufBE)
GET /session/5bf85049-650c-4d05-9217-bb8f6363d757/alert/text HTTP/1.1
Cache-Control: no-cache
User-Agent: selenium/4.12.0 (java windows)
Content-Type: application/json; charset=utf-8
host: localhost:40347
accept: */*

Response DefaultHttpResponse(decodeResult: success, version: HTTP/1.1)
HTTP/1.1 404 Not Found
content-type: application/json; charset=utf-8
cache-control: no-cache
content-length: 842
date: Sun, 28 Apr 2024 01:42:23 GMT

20:42:23.062 [AsyncHttpClient-1-5] DEBUG org.asynchttpclient.netty.channel.ChannelManager -- Adding key: http://localhost:40347 for channel [id: 0xbe92272c, L:/127.0.0.1:56803 - R:localhost/127.0.0.1:40347]
20:42:23.122 [Forwarding getAlertText on session 5bf85049-650c-4d05-9217-bb8f6363d757 to remote] DEBUG org.asynchttpclient.netty.request.NettyRequestSender -- Using pooled Channel '[id: 0xbe92272c, L:/127.0.0.1:56803 - R:localhost/127.0.0.1:40347]' for 'GET' to 'http://localhost:40347/session/5bf85049-650c-4d05-9217-bb8f6363d757/alert/text'
20:42:23.123 [Forwarding getAlertText on session 5bf85049-650c-4d05-9217-bb8f6363d757 to remote] DEBUG org.asynchttpclient.netty.request.NettyRequestSender -- Using open Channel [id: 0xbe92272c, L:/127.0.0.1:56803 - R:localhost/127.0.0.1:40347] for GET '/session/5bf85049-650c-4d05-9217-bb8f6363d757/alert/text'
20:42:23.125 [AsyncHttpClient-1-5] DEBUG org.asynchttpclient.netty.handler.HttpHandler -- 

Request DefaultFullHttpRequest(decodeResult: success, version: HTTP/1.1, content: EmptyByteBufBE)
GET /session/5bf85049-650c-4d05-9217-bb8f6363d757/alert/text HTTP/1.1
Cache-Control: no-cache
User-Agent: selenium/4.12.0 (java windows)
Content-Type: application/json; charset=utf-8
host: localhost:40347
accept: */*

Response DefaultHttpResponse(decodeResult: success, version: HTTP/1.1)
HTTP/1.1 404 Not Found
content-type: application/json; charset=utf-8
cache-control: no-cache
content-length: 842
date: Sun, 28 Apr 2024 01:42:23 GMT

20:42:23.125 [AsyncHttpClient-1-5] DEBUG org.asynchttpclient.netty.channel.ChannelManager -- Adding key: http://localhost:40347 for channel [id: 0xbe92272c, L:/127.0.0.1:56803 - R:localhost/127.0.0.1:40347]
20:42:23.187 [Forwarding getAlertText on session 5bf85049-650c-4d05-9217-bb8f6363d757 to remote] DEBUG org.asynchttpclient.netty.request.NettyRequestSender -- Using pooled Channel '[id: 0xbe92272c, L:/127.0.0.1:56803 - R:localhost/127.0.0.1:40347]' for 'GET' to 'http://localhost:40347/session/5bf85049-650c-4d05-9217-bb8f6363d757/alert/text'
20:42:23.188 [Forwarding getAlertText on session 5bf85049-650c-4d05-9217-bb8f6363d757 to remote] DEBUG org.asynchttpclient.netty.request.NettyRequestSender -- Using open Channel [id: 0xbe92272c, L:/127.0.0.1:56803 - R:localhost/127.0.0.1:40347] for GET '/session/5bf85049-650c-4d05-9217-bb8f6363d757/alert/text'
20:42:23.190 [AsyncHttpClient-1-5] DEBUG org.asynchttpclient.netty.handler.HttpHandler -- 

Request DefaultFullHttpRequest(decodeResult: success, version: HTTP/1.1, content: EmptyByteBufBE)
GET /session/5bf85049-650c-4d05-9217-bb8f6363d757/alert/text HTTP/1.1
Cache-Control: no-cache
User-Agent: selenium/4.12.0 (java windows)
Content-Type: application/json; charset=utf-8
host: localhost:40347
accept: */*

Response DefaultHttpResponse(decodeResult: success, version: HTTP/1.1)
HTTP/1.1 404 Not Found
content-type: application/json; charset=utf-8
cache-control: no-cache
content-length: 842
date: Sun, 28 Apr 2024 01:42:23 GMT

20:42:23.190 [AsyncHttpClient-1-5] DEBUG org.asynchttpclient.netty.channel.ChannelManager -- Adding key: http://localhost:40347 for channel [id: 0xbe92272c, L:/127.0.0.1:56803 - R:localhost/127.0.0.1:40347]
20:42:23.249 [Forwarding getAlertText on session 5bf85049-650c-4d05-9217-bb8f6363d757 to remote] DEBUG org.asynchttpclient.netty.request.NettyRequestSender -- Using pooled Channel '[id: 0xbe92272c, L:/127.0.0.1:56803 - R:localhost/127.0.0.1:40347]' for 'GET' to 'http://localhost:40347/session/5bf85049-650c-4d05-9217-bb8f6363d757/alert/text'
20:42:23.249 [Forwarding getAlertText on session 5bf85049-650c-4d05-9217-bb8f6363d757 to remote] DEBUG org.asynchttpclient.netty.request.NettyRequestSender -- Using open Channel [id: 0xbe92272c, L:/127.0.0.1:56803 - R:localhost/127.0.0.1:40347] for GET '/session/5bf85049-650c-4d05-9217-bb8f6363d757/alert/text'
20:42:23.253 [AsyncHttpClient-1-5] DEBUG org.asynchttpclient.netty.handler.HttpHandler -- 

Request DefaultFullHttpRequest(decodeResult: success, version: HTTP/1.1, content: EmptyByteBufBE)
GET /session/5bf85049-650c-4d05-9217-bb8f6363d757/alert/text HTTP/1.1
Cache-Control: no-cache
User-Agent: selenium/4.12.0 (java windows)
Content-Type: application/json; charset=utf-8
host: localhost:40347
accept: */*

Response DefaultHttpResponse(decodeResult: success, version: HTTP/1.1)
HTTP/1.1 404 Not Found
content-type: application/json; charset=utf-8
cache-control: no-cache
content-length: 842
date: Sun, 28 Apr 2024 01:42:23 GMT

20:42:23.253 [AsyncHttpClient-1-5] DEBUG org.asynchttpclient.netty.channel.ChannelManager -- Adding key: http://localhost:40347 for channel [id: 0xbe92272c, L:/127.0.0.1:56803 - R:localhost/127.0.0.1:40347]
20:42:23.311 [Forwarding getAlertText on session 5bf85049-650c-4d05-9217-bb8f6363d757 to remote] DEBUG org.asynchttpclient.netty.request.NettyRequestSender -- Using pooled Channel '[id: 0xbe92272c, L:/127.0.0.1:56803 - R:localhost/127.0.0.1:40347]' for 'GET' to 'http://localhost:40347/session/5bf85049-650c-4d05-9217-bb8f6363d757/alert/text'
20:42:23.311 [Forwarding getAlertText on session 5bf85049-650c-4d05-9217-bb8f6363d757 to remote] DEBUG org.asynchttpclient.netty.request.NettyRequestSender -- Using open Channel [id: 0xbe92272c, L:/127.0.0.1:56803 - R:localhost/127.0.0.1:40347] for GET '/session/5bf85049-650c-4d05-9217-bb8f6363d757/alert/text'
20:42:23.314 [AsyncHttpClient-1-5] DEBUG org.asynchttpclient.netty.handler.HttpHandler -- 

Request DefaultFullHttpRequest(decodeResult: success, version: HTTP/1.1, content: EmptyByteBufBE)
GET /session/5bf85049-650c-4d05-9217-bb8f6363d757/alert/text HTTP/1.1
Cache-Control: no-cache
User-Agent: selenium/4.12.0 (java windows)
Content-Type: application/json; charset=utf-8
host: localhost:40347
accept: */*

Response DefaultHttpResponse(decodeResult: success, version: HTTP/1.1)
HTTP/1.1 404 Not Found
content-type: application/json; charset=utf-8
cache-control: no-cache
content-length: 842
date: Sun, 28 Apr 2024 01:42:23 GMT

20:42:23.314 [AsyncHttpClient-1-5] DEBUG org.asynchttpclient.netty.channel.ChannelManager -- Adding key: http://localhost:40347 for channel [id: 0xbe92272c, L:/127.0.0.1:56803 - R:localhost/127.0.0.1:40347]
20:42:23.373 [Forwarding getAlertText on session 5bf85049-650c-4d05-9217-bb8f6363d757 to remote] DEBUG org.asynchttpclient.netty.request.NettyRequestSender -- Using pooled Channel '[id: 0xbe92272c, L:/127.0.0.1:56803 - R:localhost/127.0.0.1:40347]' for 'GET' to 'http://localhost:40347/session/5bf85049-650c-4d05-9217-bb8f6363d757/alert/text'
20:42:23.373 [Forwarding getAlertText on session 5bf85049-650c-4d05-9217-bb8f6363d757 to remote] DEBUG org.asynchttpclient.netty.request.NettyRequestSender -- Using open Channel [id: 0xbe92272c, L:/127.0.0.1:56803 - R:localhost/127.0.0.1:40347] for GET '/session/5bf85049-650c-4d05-9217-bb8f6363d757/alert/text'
20:42:23.376 [AsyncHttpClient-1-5] DEBUG org.asynchttpclient.netty.handler.HttpHandler -- 

Request DefaultFullHttpRequest(decodeResult: success, version: HTTP/1.1, content: EmptyByteBufBE)
GET /session/5bf85049-650c-4d05-9217-bb8f6363d757/alert/text HTTP/1.1
Cache-Control: no-cache
User-Agent: selenium/4.12.0 (java windows)
Content-Type: application/json; charset=utf-8
host: localhost:40347
accept: */*

Response DefaultHttpResponse(decodeResult: success, version: HTTP/1.1)
HTTP/1.1 404 Not Found
content-type: application/json; charset=utf-8
cache-control: no-cache
content-length: 842
date: Sun, 28 Apr 2024 01:42:23 GMT

20:42:23.377 [AsyncHttpClient-1-5] DEBUG org.asynchttpclient.netty.channel.ChannelManager -- Adding key: http://localhost:40347 for channel [id: 0xbe92272c, L:/127.0.0.1:56803 - R:localhost/127.0.0.1:40347]
20:42:23.435 [Forwarding getAlertText on session 5bf85049-650c-4d05-9217-bb8f6363d757 to remote] DEBUG org.asynchttpclient.netty.request.NettyRequestSender -- Using pooled Channel '[id: 0xbe92272c, L:/127.0.0.1:56803 - R:localhost/127.0.0.1:40347]' for 'GET' to 'http://localhost:40347/session/5bf85049-650c-4d05-9217-bb8f6363d757/alert/text'
20:42:23.435 [Forwarding getAlertText on session 5bf85049-650c-4d05-9217-bb8f6363d757 to remote] DEBUG org.asynchttpclient.netty.request.NettyRequestSender -- Using open Channel [id: 0xbe92272c, L:/127.0.0.1:56803 - R:localhost/127.0.0.1:40347] for GET '/session/5bf85049-650c-4d05-9217-bb8f6363d757/alert/text'
20:42:23.438 [AsyncHttpClient-1-5] DEBUG org.asynchttpclient.netty.handler.HttpHandler -- 

Request DefaultFullHttpRequest(decodeResult: success, version: HTTP/1.1, content: EmptyByteBufBE)
GET /session/5bf85049-650c-4d05-9217-bb8f6363d757/alert/text HTTP/1.1
Cache-Control: no-cache
User-Agent: selenium/4.12.0 (java windows)
Content-Type: application/json; charset=utf-8
host: localhost:40347
accept: */*

Response DefaultHttpResponse(decodeResult: success, version: HTTP/1.1)
HTTP/1.1 404 Not Found
content-type: application/json; charset=utf-8
cache-control: no-cache
content-length: 842
date: Sun, 28 Apr 2024 01:42:23 GMT

20:42:23.438 [AsyncHttpClient-1-5] DEBUG org.asynchttpclient.netty.channel.ChannelManager -- Adding key: http://localhost:40347 for channel [id: 0xbe92272c, L:/127.0.0.1:56803 - R:localhost/127.0.0.1:40347]
20:42:23.496 [Forwarding getAlertText on session 5bf85049-650c-4d05-9217-bb8f6363d757 to remote] DEBUG org.asynchttpclient.netty.request.NettyRequestSender -- Using pooled Channel '[id: 0xbe92272c, L:/127.0.0.1:56803 - R:localhost/127.0.0.1:40347]' for 'GET' to 'http://localhost:40347/session/5bf85049-650c-4d05-9217-bb8f6363d757/alert/text'
20:42:23.496 [Forwarding getAlertText on session 5bf85049-650c-4d05-9217-bb8f6363d757 to remote] DEBUG org.asynchttpclient.netty.request.NettyRequestSender -- Using open Channel [id: 0xbe92272c, L:/127.0.0.1:56803 - R:localhost/127.0.0.1:40347] for GET '/session/5bf85049-650c-4d05-9217-bb8f6363d757/alert/text'
20:42:23.498 [AsyncHttpClient-1-5] DEBUG org.asynchttpclient.netty.handler.HttpHandler -- 

Request DefaultFullHttpRequest(decodeResult: success, version: HTTP/1.1, content: EmptyByteBufBE)
GET /session/5bf85049-650c-4d05-9217-bb8f6363d757/alert/text HTTP/1.1
Cache-Control: no-cache
User-Agent: selenium/4.12.0 (java windows)
Content-Type: application/json; charset=utf-8
host: localhost:40347
accept: */*

Response DefaultHttpResponse(decodeResult: success, version: HTTP/1.1)
HTTP/1.1 404 Not Found
content-type: application/json; charset=utf-8
cache-control: no-cache
content-length: 842
date: Sun, 28 Apr 2024 01:42:23 GMT

20:42:23.498 [AsyncHttpClient-1-5] DEBUG org.asynchttpclient.netty.channel.ChannelManager -- Adding key: http://localhost:40347 for channel [id: 0xbe92272c, L:/127.0.0.1:56803 - R:localhost/127.0.0.1:40347]
20:42:23.559 [Forwarding getAlertText on session 5bf85049-650c-4d05-9217-bb8f6363d757 to remote] DEBUG org.asynchttpclient.netty.request.NettyRequestSender -- Using pooled Channel '[id: 0xbe92272c, L:/127.0.0.1:56803 - R:localhost/127.0.0.1:40347]' for 'GET' to 'http://localhost:40347/session/5bf85049-650c-4d05-9217-bb8f6363d757/alert/text'
20:42:23.560 [Forwarding getAlertText on session 5bf85049-650c-4d05-9217-bb8f6363d757 to remote] DEBUG org.asynchttpclient.netty.request.NettyRequestSender -- Using open Channel [id: 0xbe92272c, L:/127.0.0.1:56803 - R:localhost/127.0.0.1:40347] for GET '/session/5bf85049-650c-4d05-9217-bb8f6363d757/alert/text'
20:42:23.563 [AsyncHttpClient-1-5] DEBUG org.asynchttpclient.netty.handler.HttpHandler -- 

Request DefaultFullHttpRequest(decodeResult: success, version: HTTP/1.1, content: EmptyByteBufBE)
GET /session/5bf85049-650c-4d05-9217-bb8f6363d757/alert/text HTTP/1.1
Cache-Control: no-cache
User-Agent: selenium/4.12.0 (java windows)
Content-Type: application/json; charset=utf-8
host: localhost:40347
accept: */*

Response DefaultHttpResponse(decodeResult: success, version: HTTP/1.1)
HTTP/1.1 404 Not Found
content-type: application/json; charset=utf-8
cache-control: no-cache
content-length: 842
date: Sun, 28 Apr 2024 01:42:23 GMT

20:42:23.563 [AsyncHttpClient-1-5] DEBUG org.asynchttpclient.netty.channel.ChannelManager -- Adding key: http://localhost:40347 for channel [id: 0xbe92272c, L:/127.0.0.1:56803 - R:localhost/127.0.0.1:40347]
20:42:23.619 [Forwarding getAlertText on session 5bf85049-650c-4d05-9217-bb8f6363d757 to remote] DEBUG org.asynchttpclient.netty.request.NettyRequestSender -- Using pooled Channel '[id: 0xbe92272c, L:/127.0.0.1:56803 - R:localhost/127.0.0.1:40347]' for 'GET' to 'http://localhost:40347/session/5bf85049-650c-4d05-9217-bb8f6363d757/alert/text'
20:42:23.619 [Forwarding getAlertText on session 5bf85049-650c-4d05-9217-bb8f6363d757 to remote] DEBUG org.asynchttpclient.netty.request.NettyRequestSender -- Using open Channel [id: 0xbe92272c, L:/127.0.0.1:56803 - R:localhost/127.0.0.1:40347] for GET '/session/5bf85049-650c-4d05-9217-bb8f6363d757/alert/text'
20:42:23.620 [AsyncHttpClient-1-5] DEBUG org.asynchttpclient.netty.handler.HttpHandler -- 

Request DefaultFullHttpRequest(decodeResult: success, version: HTTP/1.1, content: EmptyByteBufBE)
GET /session/5bf85049-650c-4d05-9217-bb8f6363d757/alert/text HTTP/1.1
Cache-Control: no-cache
User-Agent: selenium/4.12.0 (java windows)
Content-Type: application/json; charset=utf-8
host: localhost:40347
accept: */*

Response DefaultHttpResponse(decodeResult: success, version: HTTP/1.1)
HTTP/1.1 404 Not Found
content-type: application/json; charset=utf-8
cache-control: no-cache
content-length: 842
date: Sun, 28 Apr 2024 01:42:23 GMT

20:42:23.620 [AsyncHttpClient-1-5] DEBUG org.asynchttpclient.netty.channel.ChannelManager -- Adding key: http://localhost:40347 for channel [id: 0xbe92272c, L:/127.0.0.1:56803 - R:localhost/127.0.0.1:40347]
20:42:23.680 [Forwarding getAlertText on session 5bf85049-650c-4d05-9217-bb8f6363d757 to remote] DEBUG org.asynchttpclient.netty.request.NettyRequestSender -- Using pooled Channel '[id: 0xbe92272c, L:/127.0.0.1:56803 - R:localhost/127.0.0.1:40347]' for 'GET' to 'http://localhost:40347/session/5bf85049-650c-4d05-9217-bb8f6363d757/alert/text'
20:42:23.680 [Forwarding getAlertText on session 5bf85049-650c-4d05-9217-bb8f6363d757 to remote] DEBUG org.asynchttpclient.netty.request.NettyRequestSender -- Using open Channel [id: 0xbe92272c, L:/127.0.0.1:56803 - R:localhost/127.0.0.1:40347] for GET '/session/5bf85049-650c-4d05-9217-bb8f6363d757/alert/text'
20:42:23.682 [AsyncHttpClient-1-5] DEBUG org.asynchttpclient.netty.handler.HttpHandler -- 

Request DefaultFullHttpRequest(decodeResult: success, version: HTTP/1.1, content: EmptyByteBufBE)
GET /session/5bf85049-650c-4d05-9217-bb8f6363d757/alert/text HTTP/1.1
Cache-Control: no-cache
User-Agent: selenium/4.12.0 (java windows)
Content-Type: application/json; charset=utf-8
host: localhost:40347
accept: */*

Response DefaultHttpResponse(decodeResult: success, version: HTTP/1.1)
HTTP/1.1 404 Not Found
content-type: application/json; charset=utf-8
cache-control: no-cache
content-length: 842
date: Sun, 28 Apr 2024 01:42:23 GMT

20:42:23.682 [AsyncHttpClient-1-5] DEBUG org.asynchttpclient.netty.channel.ChannelManager -- Adding key: http://localhost:40347 for channel [id: 0xbe92272c, L:/127.0.0.1:56803 - R:localhost/127.0.0.1:40347]
20:42:23.743 [Forwarding getAlertText on session 5bf85049-650c-4d05-9217-bb8f6363d757 to remote] DEBUG org.asynchttpclient.netty.request.NettyRequestSender -- Using pooled Channel '[id: 0xbe92272c, L:/127.0.0.1:56803 - R:localhost/127.0.0.1:40347]' for 'GET' to 'http://localhost:40347/session/5bf85049-650c-4d05-9217-bb8f6363d757/alert/text'
20:42:23.743 [Forwarding getAlertText on session 5bf85049-650c-4d05-9217-bb8f6363d757 to remote] DEBUG org.asynchttpclient.netty.request.NettyRequestSender -- Using open Channel [id: 0xbe92272c, L:/127.0.0.1:56803 - R:localhost/127.0.0.1:40347] for GET '/session/5bf85049-650c-4d05-9217-bb8f6363d757/alert/text'
20:42:23.744 [AsyncHttpClient-1-5] DEBUG org.asynchttpclient.netty.handler.HttpHandler -- 

Request DefaultFullHttpRequest(decodeResult: success, version: HTTP/1.1, content: EmptyByteBufBE)
GET /session/5bf85049-650c-4d05-9217-bb8f6363d757/alert/text HTTP/1.1
Cache-Control: no-cache
User-Agent: selenium/4.12.0 (java windows)
Content-Type: application/json; charset=utf-8
host: localhost:40347
accept: */*

Response DefaultHttpResponse(decodeResult: success, version: HTTP/1.1)
HTTP/1.1 404 Not Found
content-type: application/json; charset=utf-8
cache-control: no-cache
content-length: 842
date: Sun, 28 Apr 2024 01:42:23 GMT

20:42:23.745 [AsyncHttpClient-1-5] DEBUG org.asynchttpclient.netty.channel.ChannelManager -- Adding key: http://localhost:40347 for channel [id: 0xbe92272c, L:/127.0.0.1:56803 - R:localhost/127.0.0.1:40347]
20:42:23.807 [Forwarding getAlertText on session 5bf85049-650c-4d05-9217-bb8f6363d757 to remote] DEBUG org.asynchttpclient.netty.request.NettyRequestSender -- Using pooled Channel '[id: 0xbe92272c, L:/127.0.0.1:56803 - R:localhost/127.0.0.1:40347]' for 'GET' to 'http://localhost:40347/session/5bf85049-650c-4d05-9217-bb8f6363d757/alert/text'
20:42:23.807 [Forwarding getAlertText on session 5bf85049-650c-4d05-9217-bb8f6363d757 to remote] DEBUG org.asynchttpclient.netty.request.NettyRequestSender -- Using open Channel [id: 0xbe92272c, L:/127.0.0.1:56803 - R:localhost/127.0.0.1:40347] for GET '/session/5bf85049-650c-4d05-9217-bb8f6363d757/alert/text'
20:42:23.808 [AsyncHttpClient-1-5] DEBUG org.asynchttpclient.netty.handler.HttpHandler -- 

Request DefaultFullHttpRequest(decodeResult: success, version: HTTP/1.1, content: EmptyByteBufBE)
GET /session/5bf85049-650c-4d05-9217-bb8f6363d757/alert/text HTTP/1.1
Cache-Control: no-cache
User-Agent: selenium/4.12.0 (java windows)
Content-Type: application/json; charset=utf-8
host: localhost:40347
accept: */*

Response DefaultHttpResponse(decodeResult: success, version: HTTP/1.1)
HTTP/1.1 404 Not Found
content-type: application/json; charset=utf-8
cache-control: no-cache
content-length: 842
date: Sun, 28 Apr 2024 01:42:23 GMT

20:42:23.808 [AsyncHttpClient-1-5] DEBUG org.asynchttpclient.netty.channel.ChannelManager -- Adding key: http://localhost:40347 for channel [id: 0xbe92272c, L:/127.0.0.1:56803 - R:localhost/127.0.0.1:40347]
20:42:23.837 [AsyncHttpClient-1-1] DEBUG org.asynchttpclient.netty.channel.DefaultChannelPool -- Entry count for : http://localhost:40347 : 1
20:42:23.868 [Forwarding getAlertText on session 5bf85049-650c-4d05-9217-bb8f6363d757 to remote] DEBUG org.asynchttpclient.netty.request.NettyRequestSender -- Using pooled Channel '[id: 0xbe92272c, L:/127.0.0.1:56803 - R:localhost/127.0.0.1:40347]' for 'GET' to 'http://localhost:40347/session/5bf85049-650c-4d05-9217-bb8f6363d757/alert/text'
20:42:23.868 [Forwarding getAlertText on session 5bf85049-650c-4d05-9217-bb8f6363d757 to remote] DEBUG org.asynchttpclient.netty.request.NettyRequestSender -- Using open Channel [id: 0xbe92272c, L:/127.0.0.1:56803 - R:localhost/127.0.0.1:40347] for GET '/session/5bf85049-650c-4d05-9217-bb8f6363d757/alert/text'
20:42:23.869 [AsyncHttpClient-1-5] DEBUG org.asynchttpclient.netty.handler.HttpHandler -- 

Request DefaultFullHttpRequest(decodeResult: success, version: HTTP/1.1, content: EmptyByteBufBE)
GET /session/5bf85049-650c-4d05-9217-bb8f6363d757/alert/text HTTP/1.1
Cache-Control: no-cache
User-Agent: selenium/4.12.0 (java windows)
Content-Type: application/json; charset=utf-8
host: localhost:40347
accept: */*

Response DefaultHttpResponse(decodeResult: success, version: HTTP/1.1)
HTTP/1.1 404 Not Found
content-type: application/json; charset=utf-8
cache-control: no-cache
content-length: 842
date: Sun, 28 Apr 2024 01:42:23 GMT

20:42:23.870 [AsyncHttpClient-1-5] DEBUG org.asynchttpclient.netty.channel.ChannelManager -- Adding key: http://localhost:40347 for channel [id: 0xbe92272c, L:/127.0.0.1:56803 - R:localhost/127.0.0.1:40347]
20:42:23.931 [Forwarding getAlertText on session 5bf85049-650c-4d05-9217-bb8f6363d757 to remote] DEBUG org.asynchttpclient.netty.request.NettyRequestSender -- Using pooled Channel '[id: 0xbe92272c, L:/127.0.0.1:56803 - R:localhost/127.0.0.1:40347]' for 'GET' to 'http://localhost:40347/session/5bf85049-650c-4d05-9217-bb8f6363d757/alert/text'
20:42:23.931 [Forwarding getAlertText on session 5bf85049-650c-4d05-9217-bb8f6363d757 to remote] DEBUG org.asynchttpclient.netty.request.NettyRequestSender -- Using open Channel [id: 0xbe92272c, L:/127.0.0.1:56803 - R:localhost/127.0.0.1:40347] for GET '/session/5bf85049-650c-4d05-9217-bb8f6363d757/alert/text'
20:42:23.932 [AsyncHttpClient-1-5] DEBUG org.asynchttpclient.netty.handler.HttpHandler -- 

Request DefaultFullHttpRequest(decodeResult: success, version: HTTP/1.1, content: EmptyByteBufBE)
GET /session/5bf85049-650c-4d05-9217-bb8f6363d757/alert/text HTTP/1.1
Cache-Control: no-cache
User-Agent: selenium/4.12.0 (java windows)
Content-Type: application/json; charset=utf-8
host: localhost:40347
accept: */*

Response DefaultHttpResponse(decodeResult: success, version: HTTP/1.1)
HTTP/1.1 404 Not Found
content-type: application/json; charset=utf-8
cache-control: no-cache
content-length: 842
date: Sun, 28 Apr 2024 01:42:23 GMT

20:42:23.932 [AsyncHttpClient-1-5] DEBUG org.asynchttpclient.netty.channel.ChannelManager -- Adding key: http://localhost:40347 for channel [id: 0xbe92272c, L:/127.0.0.1:56803 - R:localhost/127.0.0.1:40347]
20:42:23.992 [Forwarding getAlertText on session 5bf85049-650c-4d05-9217-bb8f6363d757 to remote] DEBUG org.asynchttpclient.netty.request.NettyRequestSender -- Using pooled Channel '[id: 0xbe92272c, L:/127.0.0.1:56803 - R:localhost/127.0.0.1:40347]' for 'GET' to 'http://localhost:40347/session/5bf85049-650c-4d05-9217-bb8f6363d757/alert/text'
20:42:23.992 [Forwarding getAlertText on session 5bf85049-650c-4d05-9217-bb8f6363d757 to remote] DEBUG org.asynchttpclient.netty.request.NettyRequestSender -- Using open Channel [id: 0xbe92272c, L:/127.0.0.1:56803 - R:localhost/127.0.0.1:40347] for GET '/session/5bf85049-650c-4d05-9217-bb8f6363d757/alert/text'
20:42:23.993 [AsyncHttpClient-1-5] DEBUG org.asynchttpclient.netty.handler.HttpHandler -- 

Request DefaultFullHttpRequest(decodeResult: success, version: HTTP/1.1, content: EmptyByteBufBE)
GET /session/5bf85049-650c-4d05-9217-bb8f6363d757/alert/text HTTP/1.1
Cache-Control: no-cache
User-Agent: selenium/4.12.0 (java windows)
Content-Type: application/json; charset=utf-8
host: localhost:40347
accept: */*

Response DefaultHttpResponse(decodeResult: success, version: HTTP/1.1)
HTTP/1.1 404 Not Found
content-type: application/json; charset=utf-8
cache-control: no-cache
content-length: 842
date: Sun, 28 Apr 2024 01:42:23 GMT

20:42:23.993 [AsyncHttpClient-1-5] DEBUG org.asynchttpclient.netty.channel.ChannelManager -- Adding key: http://localhost:40347 for channel [id: 0xbe92272c, L:/127.0.0.1:56803 - R:localhost/127.0.0.1:40347]
20:42:24.053 [Forwarding getAlertText on session 5bf85049-650c-4d05-9217-bb8f6363d757 to remote] DEBUG org.asynchttpclient.netty.request.NettyRequestSender -- Using pooled Channel '[id: 0xbe92272c, L:/127.0.0.1:56803 - R:localhost/127.0.0.1:40347]' for 'GET' to 'http://localhost:40347/session/5bf85049-650c-4d05-9217-bb8f6363d757/alert/text'
20:42:24.053 [Forwarding getAlertText on session 5bf85049-650c-4d05-9217-bb8f6363d757 to remote] DEBUG org.asynchttpclient.netty.request.NettyRequestSender -- Using open Channel [id: 0xbe92272c, L:/127.0.0.1:56803 - R:localhost/127.0.0.1:40347] for GET '/session/5bf85049-650c-4d05-9217-bb8f6363d757/alert/text'
20:42:24.055 [AsyncHttpClient-1-5] DEBUG org.asynchttpclient.netty.handler.HttpHandler -- 

Request DefaultFullHttpRequest(decodeResult: success, version: HTTP/1.1, content: EmptyByteBufBE)
GET /session/5bf85049-650c-4d05-9217-bb8f6363d757/alert/text HTTP/1.1
Cache-Control: no-cache
User-Agent: selenium/4.12.0 (java windows)
Content-Type: application/json; charset=utf-8
host: localhost:40347
accept: */*

Response DefaultHttpResponse(decodeResult: success, version: HTTP/1.1)
HTTP/1.1 404 Not Found
content-type: application/json; charset=utf-8
cache-control: no-cache
content-length: 842
date: Sun, 28 Apr 2024 01:42:23 GMT

20:42:24.055 [AsyncHttpClient-1-5] DEBUG org.asynchttpclient.netty.channel.ChannelManager -- Adding key: http://localhost:40347 for channel [id: 0xbe92272c, L:/127.0.0.1:56803 - R:localhost/127.0.0.1:40347]
20:42:24.117 [Forwarding getAlertText on session 5bf85049-650c-4d05-9217-bb8f6363d757 to remote] DEBUG org.asynchttpclient.netty.request.NettyRequestSender -- Using pooled Channel '[id: 0xbe92272c, L:/127.0.0.1:56803 - R:localhost/127.0.0.1:40347]' for 'GET' to 'http://localhost:40347/session/5bf85049-650c-4d05-9217-bb8f6363d757/alert/text'
20:42:24.117 [Forwarding getAlertText on session 5bf85049-650c-4d05-9217-bb8f6363d757 to remote] DEBUG org.asynchttpclient.netty.request.NettyRequestSender -- Using open Channel [id: 0xbe92272c, L:/127.0.0.1:56803 - R:localhost/127.0.0.1:40347] for GET '/session/5bf85049-650c-4d05-9217-bb8f6363d757/alert/text'
20:42:24.119 [AsyncHttpClient-1-5] DEBUG org.asynchttpclient.netty.handler.HttpHandler -- 

Request DefaultFullHttpRequest(decodeResult: success, version: HTTP/1.1, content: EmptyByteBufBE)
GET /session/5bf85049-650c-4d05-9217-bb8f6363d757/alert/text HTTP/1.1
Cache-Control: no-cache
User-Agent: selenium/4.12.0 (java windows)
Content-Type: application/json; charset=utf-8
host: localhost:40347
accept: */*

Response DefaultHttpResponse(decodeResult: success, version: HTTP/1.1)
HTTP/1.1 404 Not Found
content-type: application/json; charset=utf-8
cache-control: no-cache
content-length: 842
date: Sun, 28 Apr 2024 01:42:24 GMT

20:42:24.120 [AsyncHttpClient-1-5] DEBUG org.asynchttpclient.netty.channel.ChannelManager -- Adding key: http://localhost:40347 for channel [id: 0xbe92272c, L:/127.0.0.1:56803 - R:localhost/127.0.0.1:40347]
20:42:24.179 [Forwarding getAlertText on session 5bf85049-650c-4d05-9217-bb8f6363d757 to remote] DEBUG org.asynchttpclient.netty.request.NettyRequestSender -- Using pooled Channel '[id: 0xbe92272c, L:/127.0.0.1:56803 - R:localhost/127.0.0.1:40347]' for 'GET' to 'http://localhost:40347/session/5bf85049-650c-4d05-9217-bb8f6363d757/alert/text'
20:42:24.179 [Forwarding getAlertText on session 5bf85049-650c-4d05-9217-bb8f6363d757 to remote] DEBUG org.asynchttpclient.netty.request.NettyRequestSender -- Using open Channel [id: 0xbe92272c, L:/127.0.0.1:56803 - R:localhost/127.0.0.1:40347] for GET '/session/5bf85049-650c-4d05-9217-bb8f6363d757/alert/text'
20:42:24.181 [AsyncHttpClient-1-5] DEBUG org.asynchttpclient.netty.handler.HttpHandler -- 

Request DefaultFullHttpRequest(decodeResult: success, version: HTTP/1.1, content: EmptyByteBufBE)
GET /session/5bf85049-650c-4d05-9217-bb8f6363d757/alert/text HTTP/1.1
Cache-Control: no-cache
User-Agent: selenium/4.12.0 (java windows)
Content-Type: application/json; charset=utf-8
host: localhost:40347
accept: */*

Response DefaultHttpResponse(decodeResult: success, version: HTTP/1.1)
HTTP/1.1 404 Not Found
content-type: application/json; charset=utf-8
cache-control: no-cache
content-length: 842
date: Sun, 28 Apr 2024 01:42:24 GMT

20:42:24.181 [AsyncHttpClient-1-5] DEBUG org.asynchttpclient.netty.channel.ChannelManager -- Adding key: http://localhost:40347 for channel [id: 0xbe92272c, L:/127.0.0.1:56803 - R:localhost/127.0.0.1:40347]
20:42:24.243 [Forwarding getAlertText on session 5bf85049-650c-4d05-9217-bb8f6363d757 to remote] DEBUG org.asynchttpclient.netty.request.NettyRequestSender -- Using pooled Channel '[id: 0xbe92272c, L:/127.0.0.1:56803 - R:localhost/127.0.0.1:40347]' for 'GET' to 'http://localhost:40347/session/5bf85049-650c-4d05-9217-bb8f6363d757/alert/text'
20:42:24.243 [Forwarding getAlertText on session 5bf85049-650c-4d05-9217-bb8f6363d757 to remote] DEBUG org.asynchttpclient.netty.request.NettyRequestSender -- Using open Channel [id: 0xbe92272c, L:/127.0.0.1:56803 - R:localhost/127.0.0.1:40347] for GET '/session/5bf85049-650c-4d05-9217-bb8f6363d757/alert/text'
20:42:24.244 [AsyncHttpClient-1-5] DEBUG org.asynchttpclient.netty.handler.HttpHandler -- 

Request DefaultFullHttpRequest(decodeResult: success, version: HTTP/1.1, content: EmptyByteBufBE)
GET /session/5bf85049-650c-4d05-9217-bb8f6363d757/alert/text HTTP/1.1
Cache-Control: no-cache
User-Agent: selenium/4.12.0 (java windows)
Content-Type: application/json; charset=utf-8
host: localhost:40347
accept: */*

Response DefaultHttpResponse(decodeResult: success, version: HTTP/1.1)
HTTP/1.1 404 Not Found
content-type: application/json; charset=utf-8
cache-control: no-cache
content-length: 842
date: Sun, 28 Apr 2024 01:42:24 GMT

20:42:24.245 [AsyncHttpClient-1-5] DEBUG org.asynchttpclient.netty.channel.ChannelManager -- Adding key: http://localhost:40347 for channel [id: 0xbe92272c, L:/127.0.0.1:56803 - R:localhost/127.0.0.1:40347]
20:42:24.306 [Forwarding getAlertText on session 5bf85049-650c-4d05-9217-bb8f6363d757 to remote] DEBUG org.asynchttpclient.netty.request.NettyRequestSender -- Using pooled Channel '[id: 0xbe92272c, L:/127.0.0.1:56803 - R:localhost/127.0.0.1:40347]' for 'GET' to 'http://localhost:40347/session/5bf85049-650c-4d05-9217-bb8f6363d757/alert/text'
20:42:24.306 [Forwarding getAlertText on session 5bf85049-650c-4d05-9217-bb8f6363d757 to remote] DEBUG org.asynchttpclient.netty.request.NettyRequestSender -- Using open Channel [id: 0xbe92272c, L:/127.0.0.1:56803 - R:localhost/127.0.0.1:40347] for GET '/session/5bf85049-650c-4d05-9217-bb8f6363d757/alert/text'
20:42:24.308 [AsyncHttpClient-1-5] DEBUG org.asynchttpclient.netty.handler.HttpHandler -- 

Request DefaultFullHttpRequest(decodeResult: success, version: HTTP/1.1, content: EmptyByteBufBE)
GET /session/5bf85049-650c-4d05-9217-bb8f6363d757/alert/text HTTP/1.1
Cache-Control: no-cache
User-Agent: selenium/4.12.0 (java windows)
Content-Type: application/json; charset=utf-8
host: localhost:40347
accept: */*

Response DefaultHttpResponse(decodeResult: success, version: HTTP/1.1)
HTTP/1.1 404 Not Found
content-type: application/json; charset=utf-8
cache-control: no-cache
content-length: 842
date: Sun, 28 Apr 2024 01:42:24 GMT

20:42:24.308 [AsyncHttpClient-1-5] DEBUG org.asynchttpclient.netty.channel.ChannelManager -- Adding key: http://localhost:40347 for channel [id: 0xbe92272c, L:/127.0.0.1:56803 - R:localhost/127.0.0.1:40347]
20:42:24.369 [Forwarding getAlertText on session 5bf85049-650c-4d05-9217-bb8f6363d757 to remote] DEBUG org.asynchttpclient.netty.request.NettyRequestSender -- Using pooled Channel '[id: 0xbe92272c, L:/127.0.0.1:56803 - R:localhost/127.0.0.1:40347]' for 'GET' to 'http://localhost:40347/session/5bf85049-650c-4d05-9217-bb8f6363d757/alert/text'
20:42:24.369 [Forwarding getAlertText on session 5bf85049-650c-4d05-9217-bb8f6363d757 to remote] DEBUG org.asynchttpclient.netty.request.NettyRequestSender -- Using open Channel [id: 0xbe92272c, L:/127.0.0.1:56803 - R:localhost/127.0.0.1:40347] for GET '/session/5bf85049-650c-4d05-9217-bb8f6363d757/alert/text'
20:42:24.371 [AsyncHttpClient-1-5] DEBUG org.asynchttpclient.netty.handler.HttpHandler -- 

Request DefaultFullHttpRequest(decodeResult: success, version: HTTP/1.1, content: EmptyByteBufBE)
GET /session/5bf85049-650c-4d05-9217-bb8f6363d757/alert/text HTTP/1.1
Cache-Control: no-cache
User-Agent: selenium/4.12.0 (java windows)
Content-Type: application/json; charset=utf-8
host: localhost:40347
accept: */*

Response DefaultHttpResponse(decodeResult: success, version: HTTP/1.1)
HTTP/1.1 404 Not Found
content-type: application/json; charset=utf-8
cache-control: no-cache
content-length: 842
date: Sun, 28 Apr 2024 01:42:24 GMT

20:42:24.371 [AsyncHttpClient-1-5] DEBUG org.asynchttpclient.netty.channel.ChannelManager -- Adding key: http://localhost:40347 for channel [id: 0xbe92272c, L:/127.0.0.1:56803 - R:localhost/127.0.0.1:40347]
20:42:24.432 [Forwarding getAlertText on session 5bf85049-650c-4d05-9217-bb8f6363d757 to remote] DEBUG org.asynchttpclient.netty.request.NettyRequestSender -- Using pooled Channel '[id: 0xbe92272c, L:/127.0.0.1:56803 - R:localhost/127.0.0.1:40347]' for 'GET' to 'http://localhost:40347/session/5bf85049-650c-4d05-9217-bb8f6363d757/alert/text'
20:42:24.432 [Forwarding getAlertText on session 5bf85049-650c-4d05-9217-bb8f6363d757 to remote] DEBUG org.asynchttpclient.netty.request.NettyRequestSender -- Using open Channel [id: 0xbe92272c, L:/127.0.0.1:56803 - R:localhost/127.0.0.1:40347] for GET '/session/5bf85049-650c-4d05-9217-bb8f6363d757/alert/text'
20:42:24.433 [AsyncHttpClient-1-5] DEBUG org.asynchttpclient.netty.handler.HttpHandler -- 

Request DefaultFullHttpRequest(decodeResult: success, version: HTTP/1.1, content: EmptyByteBufBE)
GET /session/5bf85049-650c-4d05-9217-bb8f6363d757/alert/text HTTP/1.1
Cache-Control: no-cache
User-Agent: selenium/4.12.0 (java windows)
Content-Type: application/json; charset=utf-8
host: localhost:40347
accept: */*

Response DefaultHttpResponse(decodeResult: success, version: HTTP/1.1)
HTTP/1.1 404 Not Found
content-type: application/json; charset=utf-8
cache-control: no-cache
content-length: 842
date: Sun, 28 Apr 2024 01:42:24 GMT

20:42:24.434 [AsyncHttpClient-1-5] DEBUG org.asynchttpclient.netty.channel.ChannelManager -- Adding key: http://localhost:40347 for channel [id: 0xbe92272c, L:/127.0.0.1:56803 - R:localhost/127.0.0.1:40347]
20:42:24.494 [Forwarding getAlertText on session 5bf85049-650c-4d05-9217-bb8f6363d757 to remote] DEBUG org.asynchttpclient.netty.request.NettyRequestSender -- Using pooled Channel '[id: 0xbe92272c, L:/127.0.0.1:56803 - R:localhost/127.0.0.1:40347]' for 'GET' to 'http://localhost:40347/session/5bf85049-650c-4d05-9217-bb8f6363d757/alert/text'
20:42:24.494 [Forwarding getAlertText on session 5bf85049-650c-4d05-9217-bb8f6363d757 to remote] DEBUG org.asynchttpclient.netty.request.NettyRequestSender -- Using open Channel [id: 0xbe92272c, L:/127.0.0.1:56803 - R:localhost/127.0.0.1:40347] for GET '/session/5bf85049-650c-4d05-9217-bb8f6363d757/alert/text'
20:42:24.495 [AsyncHttpClient-1-5] DEBUG org.asynchttpclient.netty.handler.HttpHandler -- 

Request DefaultFullHttpRequest(decodeResult: success, version: HTTP/1.1, content: EmptyByteBufBE)
GET /session/5bf85049-650c-4d05-9217-bb8f6363d757/alert/text HTTP/1.1
Cache-Control: no-cache
User-Agent: selenium/4.12.0 (java windows)
Content-Type: application/json; charset=utf-8
host: localhost:40347
accept: */*

Response DefaultHttpResponse(decodeResult: success, version: HTTP/1.1)
HTTP/1.1 404 Not Found
content-type: application/json; charset=utf-8
cache-control: no-cache
content-length: 842
date: Sun, 28 Apr 2024 01:42:24 GMT

20:42:24.496 [AsyncHttpClient-1-5] DEBUG org.asynchttpclient.netty.channel.ChannelManager -- Adding key: http://localhost:40347 for channel [id: 0xbe92272c, L:/127.0.0.1:56803 - R:localhost/127.0.0.1:40347]
20:42:24.556 [Forwarding getAlertText on session 5bf85049-650c-4d05-9217-bb8f6363d757 to remote] DEBUG org.asynchttpclient.netty.request.NettyRequestSender -- Using pooled Channel '[id: 0xbe92272c, L:/127.0.0.1:56803 - R:localhost/127.0.0.1:40347]' for 'GET' to 'http://localhost:40347/session/5bf85049-650c-4d05-9217-bb8f6363d757/alert/text'
20:42:24.556 [Forwarding getAlertText on session 5bf85049-650c-4d05-9217-bb8f6363d757 to remote] DEBUG org.asynchttpclient.netty.request.NettyRequestSender -- Using open Channel [id: 0xbe92272c, L:/127.0.0.1:56803 - R:localhost/127.0.0.1:40347] for GET '/session/5bf85049-650c-4d05-9217-bb8f6363d757/alert/text'
20:42:24.558 [AsyncHttpClient-1-5] DEBUG org.asynchttpclient.netty.handler.HttpHandler -- 

Request DefaultFullHttpRequest(decodeResult: success, version: HTTP/1.1, content: EmptyByteBufBE)
GET /session/5bf85049-650c-4d05-9217-bb8f6363d757/alert/text HTTP/1.1
Cache-Control: no-cache
User-Agent: selenium/4.12.0 (java windows)
Content-Type: application/json; charset=utf-8
host: localhost:40347
accept: */*

Response DefaultHttpResponse(decodeResult: success, version: HTTP/1.1)
HTTP/1.1 404 Not Found
content-type: application/json; charset=utf-8
cache-control: no-cache
content-length: 842
date: Sun, 28 Apr 2024 01:42:24 GMT

20:42:24.558 [AsyncHttpClient-1-5] DEBUG org.asynchttpclient.netty.channel.ChannelManager -- Adding key: http://localhost:40347 for channel [id: 0xbe92272c, L:/127.0.0.1:56803 - R:localhost/127.0.0.1:40347]
20:42:24.620 [Forwarding getAlertText on session 5bf85049-650c-4d05-9217-bb8f6363d757 to remote] DEBUG org.asynchttpclient.netty.request.NettyRequestSender -- Using pooled Channel '[id: 0xbe92272c, L:/127.0.0.1:56803 - R:localhost/127.0.0.1:40347]' for 'GET' to 'http://localhost:40347/session/5bf85049-650c-4d05-9217-bb8f6363d757/alert/text'
20:42:24.620 [Forwarding getAlertText on session 5bf85049-650c-4d05-9217-bb8f6363d757 to remote] DEBUG org.asynchttpclient.netty.request.NettyRequestSender -- Using open Channel [id: 0xbe92272c, L:/127.0.0.1:56803 - R:localhost/127.0.0.1:40347] for GET '/session/5bf85049-650c-4d05-9217-bb8f6363d757/alert/text'
20:42:24.621 [AsyncHttpClient-1-5] DEBUG org.asynchttpclient.netty.handler.HttpHandler -- 

Request DefaultFullHttpRequest(decodeResult: success, version: HTTP/1.1, content: EmptyByteBufBE)
GET /session/5bf85049-650c-4d05-9217-bb8f6363d757/alert/text HTTP/1.1
Cache-Control: no-cache
User-Agent: selenium/4.12.0 (java windows)
Content-Type: application/json; charset=utf-8
host: localhost:40347
accept: */*

Response DefaultHttpResponse(decodeResult: success, version: HTTP/1.1)
HTTP/1.1 404 Not Found
content-type: application/json; charset=utf-8
cache-control: no-cache
content-length: 842
date: Sun, 28 Apr 2024 01:42:24 GMT

20:42:24.622 [AsyncHttpClient-1-5] DEBUG org.asynchttpclient.netty.channel.ChannelManager -- Adding key: http://localhost:40347 for channel [id: 0xbe92272c, L:/127.0.0.1:56803 - R:localhost/127.0.0.1:40347]
20:42:24.682 [Forwarding getAlertText on session 5bf85049-650c-4d05-9217-bb8f6363d757 to remote] DEBUG org.asynchttpclient.netty.request.NettyRequestSender -- Using pooled Channel '[id: 0xbe92272c, L:/127.0.0.1:56803 - R:localhost/127.0.0.1:40347]' for 'GET' to 'http://localhost:40347/session/5bf85049-650c-4d05-9217-bb8f6363d757/alert/text'
20:42:24.683 [Forwarding getAlertText on session 5bf85049-650c-4d05-9217-bb8f6363d757 to remote] DEBUG org.asynchttpclient.netty.request.NettyRequestSender -- Using open Channel [id: 0xbe92272c, L:/127.0.0.1:56803 - R:localhost/127.0.0.1:40347] for GET '/session/5bf85049-650c-4d05-9217-bb8f6363d757/alert/text'
20:42:24.687 [AsyncHttpClient-1-5] DEBUG org.asynchttpclient.netty.handler.HttpHandler -- 

Request DefaultFullHttpRequest(decodeResult: success, version: HTTP/1.1, content: EmptyByteBufBE)
GET /session/5bf85049-650c-4d05-9217-bb8f6363d757/alert/text HTTP/1.1
Cache-Control: no-cache
User-Agent: selenium/4.12.0 (java windows)
Content-Type: application/json; charset=utf-8
host: localhost:40347
accept: */*

Response DefaultHttpResponse(decodeResult: success, version: HTTP/1.1)
HTTP/1.1 404 Not Found
content-type: application/json; charset=utf-8
cache-control: no-cache
content-length: 842
date: Sun, 28 Apr 2024 01:42:24 GMT

20:42:24.687 [AsyncHttpClient-1-5] DEBUG org.asynchttpclient.netty.channel.ChannelManager -- Adding key: http://localhost:40347 for channel [id: 0xbe92272c, L:/127.0.0.1:56803 - R:localhost/127.0.0.1:40347]
20:42:24.744 [Forwarding getAlertText on session 5bf85049-650c-4d05-9217-bb8f6363d757 to remote] DEBUG org.asynchttpclient.netty.request.NettyRequestSender -- Using pooled Channel '[id: 0xbe92272c, L:/127.0.0.1:56803 - R:localhost/127.0.0.1:40347]' for 'GET' to 'http://localhost:40347/session/5bf85049-650c-4d05-9217-bb8f6363d757/alert/text'
20:42:24.744 [Forwarding getAlertText on session 5bf85049-650c-4d05-9217-bb8f6363d757 to remote] DEBUG org.asynchttpclient.netty.request.NettyRequestSender -- Using open Channel [id: 0xbe92272c, L:/127.0.0.1:56803 - R:localhost/127.0.0.1:40347] for GET '/session/5bf85049-650c-4d05-9217-bb8f6363d757/alert/text'
20:42:24.747 [AsyncHttpClient-1-5] DEBUG org.asynchttpclient.netty.handler.HttpHandler -- 

Request DefaultFullHttpRequest(decodeResult: success, version: HTTP/1.1, content: EmptyByteBufBE)
GET /session/5bf85049-650c-4d05-9217-bb8f6363d757/alert/text HTTP/1.1
Cache-Control: no-cache
User-Agent: selenium/4.12.0 (java windows)
Content-Type: application/json; charset=utf-8
host: localhost:40347
accept: */*

Response DefaultHttpResponse(decodeResult: success, version: HTTP/1.1)
HTTP/1.1 404 Not Found
content-type: application/json; charset=utf-8
cache-control: no-cache
content-length: 842
date: Sun, 28 Apr 2024 01:42:24 GMT

20:42:24.747 [AsyncHttpClient-1-5] DEBUG org.asynchttpclient.netty.channel.ChannelManager -- Adding key: http://localhost:40347 for channel [id: 0xbe92272c, L:/127.0.0.1:56803 - R:localhost/127.0.0.1:40347]
20:42:24.807 [Forwarding getAlertText on session 5bf85049-650c-4d05-9217-bb8f6363d757 to remote] DEBUG org.asynchttpclient.netty.request.NettyRequestSender -- Using pooled Channel '[id: 0xbe92272c, L:/127.0.0.1:56803 - R:localhost/127.0.0.1:40347]' for 'GET' to 'http://localhost:40347/session/5bf85049-650c-4d05-9217-bb8f6363d757/alert/text'
20:42:24.807 [Forwarding getAlertText on session 5bf85049-650c-4d05-9217-bb8f6363d757 to remote] DEBUG org.asynchttpclient.netty.request.NettyRequestSender -- Using open Channel [id: 0xbe92272c, L:/127.0.0.1:56803 - R:localhost/127.0.0.1:40347] for GET '/session/5bf85049-650c-4d05-9217-bb8f6363d757/alert/text'
20:42:24.809 [AsyncHttpClient-1-5] DEBUG org.asynchttpclient.netty.handler.HttpHandler -- 

Request DefaultFullHttpRequest(decodeResult: success, version: HTTP/1.1, content: EmptyByteBufBE)
GET /session/5bf85049-650c-4d05-9217-bb8f6363d757/alert/text HTTP/1.1
Cache-Control: no-cache
User-Agent: selenium/4.12.0 (java windows)
Content-Type: application/json; charset=utf-8
host: localhost:40347
accept: */*

Response DefaultHttpResponse(decodeResult: success, version: HTTP/1.1)
HTTP/1.1 404 Not Found
content-type: application/json; charset=utf-8
cache-control: no-cache
content-length: 842
date: Sun, 28 Apr 2024 01:42:24 GMT

20:42:24.809 [AsyncHttpClient-1-5] DEBUG org.asynchttpclient.netty.channel.ChannelManager -- Adding key: http://localhost:40347 for channel [id: 0xbe92272c, L:/127.0.0.1:56803 - R:localhost/127.0.0.1:40347]
20:42:24.871 [Forwarding getAlertText on session 5bf85049-650c-4d05-9217-bb8f6363d757 to remote] DEBUG org.asynchttpclient.netty.request.NettyRequestSender -- Using pooled Channel '[id: 0xbe92272c, L:/127.0.0.1:56803 - R:localhost/127.0.0.1:40347]' for 'GET' to 'http://localhost:40347/session/5bf85049-650c-4d05-9217-bb8f6363d757/alert/text'
20:42:24.871 [Forwarding getAlertText on session 5bf85049-650c-4d05-9217-bb8f6363d757 to remote] DEBUG org.asynchttpclient.netty.request.NettyRequestSender -- Using open Channel [id: 0xbe92272c, L:/127.0.0.1:56803 - R:localhost/127.0.0.1:40347] for GET '/session/5bf85049-650c-4d05-9217-bb8f6363d757/alert/text'
20:42:24.873 [AsyncHttpClient-1-5] DEBUG org.asynchttpclient.netty.handler.HttpHandler -- 

Request DefaultFullHttpRequest(decodeResult: success, version: HTTP/1.1, content: EmptyByteBufBE)
GET /session/5bf85049-650c-4d05-9217-bb8f6363d757/alert/text HTTP/1.1
Cache-Control: no-cache
User-Agent: selenium/4.12.0 (java windows)
Content-Type: application/json; charset=utf-8
host: localhost:40347
accept: */*

Response DefaultHttpResponse(decodeResult: success, version: HTTP/1.1)
HTTP/1.1 404 Not Found
content-type: application/json; charset=utf-8
cache-control: no-cache
content-length: 842
date: Sun, 28 Apr 2024 01:42:24 GMT

20:42:24.873 [AsyncHttpClient-1-5] DEBUG org.asynchttpclient.netty.channel.ChannelManager -- Adding key: http://localhost:40347 for channel [id: 0xbe92272c, L:/127.0.0.1:56803 - R:localhost/127.0.0.1:40347]
20:42:24.934 [AsyncHttpClient-1-1] DEBUG org.asynchttpclient.netty.channel.DefaultChannelPool -- Entry count for : http://localhost:40347 : 1
20:42:24.935 [Forwarding getAlertText on session 5bf85049-650c-4d05-9217-bb8f6363d757 to remote] DEBUG org.asynchttpclient.netty.request.NettyRequestSender -- Using pooled Channel '[id: 0xbe92272c, L:/127.0.0.1:56803 - R:localhost/127.0.0.1:40347]' for 'GET' to 'http://localhost:40347/session/5bf85049-650c-4d05-9217-bb8f6363d757/alert/text'
20:42:24.935 [Forwarding getAlertText on session 5bf85049-650c-4d05-9217-bb8f6363d757 to remote] DEBUG org.asynchttpclient.netty.request.NettyRequestSender -- Using open Channel [id: 0xbe92272c, L:/127.0.0.1:56803 - R:localhost/127.0.0.1:40347] for GET '/session/5bf85049-650c-4d05-9217-bb8f6363d757/alert/text'
20:42:24.937 [AsyncHttpClient-1-5] DEBUG org.asynchttpclient.netty.handler.HttpHandler -- 

Request DefaultFullHttpRequest(decodeResult: success, version: HTTP/1.1, content: EmptyByteBufBE)
GET /session/5bf85049-650c-4d05-9217-bb8f6363d757/alert/text HTTP/1.1
Cache-Control: no-cache
User-Agent: selenium/4.12.0 (java windows)
Content-Type: application/json; charset=utf-8
host: localhost:40347
accept: */*

Response DefaultHttpResponse(decodeResult: success, version: HTTP/1.1)
HTTP/1.1 404 Not Found
content-type: application/json; charset=utf-8
cache-control: no-cache
content-length: 842
date: Sun, 28 Apr 2024 01:42:24 GMT

20:42:24.937 [AsyncHttpClient-1-5] DEBUG org.asynchttpclient.netty.channel.ChannelManager -- Adding key: http://localhost:40347 for channel [id: 0xbe92272c, L:/127.0.0.1:56803 - R:localhost/127.0.0.1:40347]
20:42:24.996 [Forwarding getAlertText on session 5bf85049-650c-4d05-9217-bb8f6363d757 to remote] DEBUG org.asynchttpclient.netty.request.NettyRequestSender -- Using pooled Channel '[id: 0xbe92272c, L:/127.0.0.1:56803 - R:localhost/127.0.0.1:40347]' for 'GET' to 'http://localhost:40347/session/5bf85049-650c-4d05-9217-bb8f6363d757/alert/text'
20:42:24.996 [Forwarding getAlertText on session 5bf85049-650c-4d05-9217-bb8f6363d757 to remote] DEBUG org.asynchttpclient.netty.request.NettyRequestSender -- Using open Channel [id: 0xbe92272c, L:/127.0.0.1:56803 - R:localhost/127.0.0.1:40347] for GET '/session/5bf85049-650c-4d05-9217-bb8f6363d757/alert/text'
20:42:24.997 [AsyncHttpClient-1-5] DEBUG org.asynchttpclient.netty.handler.HttpHandler -- 

Request DefaultFullHttpRequest(decodeResult: success, version: HTTP/1.1, content: EmptyByteBufBE)
GET /session/5bf85049-650c-4d05-9217-bb8f6363d757/alert/text HTTP/1.1
Cache-Control: no-cache
User-Agent: selenium/4.12.0 (java windows)
Content-Type: application/json; charset=utf-8
host: localhost:40347
accept: */*

Response DefaultHttpResponse(decodeResult: success, version: HTTP/1.1)
HTTP/1.1 404 Not Found
content-type: application/json; charset=utf-8
cache-control: no-cache
content-length: 842
date: Sun, 28 Apr 2024 01:42:24 GMT

20:42:24.998 [AsyncHttpClient-1-5] DEBUG org.asynchttpclient.netty.channel.ChannelManager -- Adding key: http://localhost:40347 for channel [id: 0xbe92272c, L:/127.0.0.1:56803 - R:localhost/127.0.0.1:40347]
20:42:25.060 [Forwarding getAlertText on session 5bf85049-650c-4d05-9217-bb8f6363d757 to remote] DEBUG org.asynchttpclient.netty.request.NettyRequestSender -- Using pooled Channel '[id: 0xbe92272c, L:/127.0.0.1:56803 - R:localhost/127.0.0.1:40347]' for 'GET' to 'http://localhost:40347/session/5bf85049-650c-4d05-9217-bb8f6363d757/alert/text'
20:42:25.060 [Forwarding getAlertText on session 5bf85049-650c-4d05-9217-bb8f6363d757 to remote] DEBUG org.asynchttpclient.netty.request.NettyRequestSender -- Using open Channel [id: 0xbe92272c, L:/127.0.0.1:56803 - R:localhost/127.0.0.1:40347] for GET '/session/5bf85049-650c-4d05-9217-bb8f6363d757/alert/text'
20:42:25.061 [AsyncHttpClient-1-5] DEBUG org.asynchttpclient.netty.handler.HttpHandler -- 

Request DefaultFullHttpRequest(decodeResult: success, version: HTTP/1.1, content: EmptyByteBufBE)
GET /session/5bf85049-650c-4d05-9217-bb8f6363d757/alert/text HTTP/1.1
Cache-Control: no-cache
User-Agent: selenium/4.12.0 (java windows)
Content-Type: application/json; charset=utf-8
host: localhost:40347
accept: */*

Response DefaultHttpResponse(decodeResult: success, version: HTTP/1.1)
HTTP/1.1 404 Not Found
content-type: application/json; charset=utf-8
cache-control: no-cache
content-length: 842
date: Sun, 28 Apr 2024 01:42:24 GMT

20:42:25.061 [AsyncHttpClient-1-5] DEBUG org.asynchttpclient.netty.channel.ChannelManager -- Adding key: http://localhost:40347 for channel [id: 0xbe92272c, L:/127.0.0.1:56803 - R:localhost/127.0.0.1:40347]
20:42:25.062 [Forwarding findElement on session 5bf85049-650c-4d05-9217-bb8f6363d757 to remote] DEBUG org.asynchttpclient.netty.request.NettyRequestSender -- Using pooled Channel '[id: 0xbe92272c, L:/127.0.0.1:56803 - R:localhost/127.0.0.1:40347]' for 'POST' to 'http://localhost:40347/session/5bf85049-650c-4d05-9217-bb8f6363d757/element'
20:42:25.062 [Forwarding findElement on session 5bf85049-650c-4d05-9217-bb8f6363d757 to remote] DEBUG org.asynchttpclient.netty.request.NettyRequestSender -- Using open Channel [id: 0xbe92272c, L:/127.0.0.1:56803 - R:localhost/127.0.0.1:40347] for POST '/session/5bf85049-650c-4d05-9217-bb8f6363d757/element'
20:42:25.065 [AsyncHttpClient-1-5] DEBUG org.asynchttpclient.netty.handler.HttpHandler -- 

Request DefaultHttpRequest(decodeResult: success, version: HTTP/1.1)
POST /session/5bf85049-650c-4d05-9217-bb8f6363d757/element HTTP/1.1
User-Agent: selenium/4.12.0 (java windows)
Content-Length: 55
Content-Type: application/json; charset=utf-8
host: localhost:40347
accept: */*

Response DefaultHttpResponse(decodeResult: success, version: HTTP/1.1)
HTTP/1.1 200 OK
content-type: application/json; charset=utf-8
cache-control: no-cache
content-length: 88
date: Sun, 28 Apr 2024 01:42:24 GMT

20:42:25.065 [AsyncHttpClient-1-5] DEBUG org.asynchttpclient.netty.channel.ChannelManager -- Adding key: http://localhost:40347 for channel [id: 0xbe92272c, L:/127.0.0.1:56803 - R:localhost/127.0.0.1:40347]
20:42:25.070 [Forwarding isElementDisplayed on session 5bf85049-650c-4d05-9217-bb8f6363d757 to remote] DEBUG org.asynchttpclient.netty.request.NettyRequestSender -- Using pooled Channel '[id: 0xbe92272c, L:/127.0.0.1:56803 - R:localhost/127.0.0.1:40347]' for 'POST' to 'http://localhost:40347/session/5bf85049-650c-4d05-9217-bb8f6363d757/execute/sync'
20:42:25.070 [Forwarding isElementDisplayed on session 5bf85049-650c-4d05-9217-bb8f6363d757 to remote] DEBUG org.asynchttpclient.netty.request.NettyRequestSender -- Using open Channel [id: 0xbe92272c, L:/127.0.0.1:56803 - R:localhost/127.0.0.1:40347] for POST '/session/5bf85049-650c-4d05-9217-bb8f6363d757/execute/sync'
20:42:25.078 [AsyncHttpClient-1-5] DEBUG org.asynchttpclient.netty.handler.HttpHandler -- 

Request DefaultHttpRequest(decodeResult: success, version: HTTP/1.1)
POST /session/5bf85049-650c-4d05-9217-bb8f6363d757/execute/sync HTTP/1.1
User-Agent: selenium/4.12.0 (java windows)
Content-Length: 48696
Content-Type: application/json; charset=utf-8
host: localhost:40347
accept: */*

Response DefaultHttpResponse(decodeResult: success, version: HTTP/1.1)
HTTP/1.1 200 OK
content-type: application/json; charset=utf-8
cache-control: no-cache
content-length: 14
date: Sun, 28 Apr 2024 01:42:24 GMT

20:42:25.078 [AsyncHttpClient-1-5] DEBUG org.asynchttpclient.netty.channel.ChannelManager -- Adding key: http://localhost:40347 for channel [id: 0xbe92272c, L:/127.0.0.1:56803 - R:localhost/127.0.0.1:40347]
>>>> Login de usuario exitoso !!
20:42:25.081 [Forwarding getAlertText on session 5bf85049-650c-4d05-9217-bb8f6363d757 to remote] DEBUG org.asynchttpclient.netty.request.NettyRequestSender -- Using pooled Channel '[id: 0xbe92272c, L:/127.0.0.1:56803 - R:localhost/127.0.0.1:40347]' for 'GET' to 'http://localhost:40347/session/5bf85049-650c-4d05-9217-bb8f6363d757/alert/text'
20:42:25.081 [Forwarding getAlertText on session 5bf85049-650c-4d05-9217-bb8f6363d757 to remote] DEBUG org.asynchttpclient.netty.request.NettyRequestSender -- Using open Channel [id: 0xbe92272c, L:/127.0.0.1:56803 - R:localhost/127.0.0.1:40347] for GET '/session/5bf85049-650c-4d05-9217-bb8f6363d757/alert/text'
20:42:25.082 [AsyncHttpClient-1-5] DEBUG org.asynchttpclient.netty.handler.HttpHandler -- 

Request DefaultFullHttpRequest(decodeResult: success, version: HTTP/1.1, content: EmptyByteBufBE)
GET /session/5bf85049-650c-4d05-9217-bb8f6363d757/alert/text HTTP/1.1
Cache-Control: no-cache
User-Agent: selenium/4.12.0 (java windows)
Content-Type: application/json; charset=utf-8
host: localhost:40347
accept: */*

Response DefaultHttpResponse(decodeResult: success, version: HTTP/1.1)
HTTP/1.1 404 Not Found
content-type: application/json; charset=utf-8
cache-control: no-cache
content-length: 842
date: Sun, 28 Apr 2024 01:42:24 GMT

20:42:25.082 [AsyncHttpClient-1-5] DEBUG org.asynchttpclient.netty.channel.ChannelManager -- Adding key: http://localhost:40347 for channel [id: 0xbe92272c, L:/127.0.0.1:56803 - R:localhost/127.0.0.1:40347]
20:42:25.083 [Forwarding getCurrentUrl on session 5bf85049-650c-4d05-9217-bb8f6363d757 to remote] DEBUG org.asynchttpclient.netty.request.NettyRequestSender -- Using pooled Channel '[id: 0xbe92272c, L:/127.0.0.1:56803 - R:localhost/127.0.0.1:40347]' for 'GET' to 'http://localhost:40347/session/5bf85049-650c-4d05-9217-bb8f6363d757/url'
20:42:25.083 [Forwarding getCurrentUrl on session 5bf85049-650c-4d05-9217-bb8f6363d757 to remote] DEBUG org.asynchttpclient.netty.request.NettyRequestSender -- Using open Channel [id: 0xbe92272c, L:/127.0.0.1:56803 - R:localhost/127.0.0.1:40347] for GET '/session/5bf85049-650c-4d05-9217-bb8f6363d757/url'
20:42:25.083 [AsyncHttpClient-1-5] DEBUG org.asynchttpclient.netty.handler.HttpHandler -- 

Request DefaultFullHttpRequest(decodeResult: success, version: HTTP/1.1, content: EmptyByteBufBE)
GET /session/5bf85049-650c-4d05-9217-bb8f6363d757/url HTTP/1.1
Cache-Control: no-cache
User-Agent: selenium/4.12.0 (java windows)
Content-Type: application/json; charset=utf-8
host: localhost:40347
accept: */*

Response DefaultHttpResponse(decodeResult: success, version: HTTP/1.1)
HTTP/1.1 200 OK
content-type: application/json; charset=utf-8
cache-control: no-cache
content-length: 38
date: Sun, 28 Apr 2024 01:42:24 GMT

20:42:25.084 [AsyncHttpClient-1-5] DEBUG org.asynchttpclient.netty.channel.ChannelManager -- Adding key: http://localhost:40347 for channel [id: 0xbe92272c, L:/127.0.0.1:56803 - R:localhost/127.0.0.1:40347]
20:42:25.084 [Forwarding screenshot on session 5bf85049-650c-4d05-9217-bb8f6363d757 to remote] DEBUG org.asynchttpclient.netty.request.NettyRequestSender -- Using pooled Channel '[id: 0xbe92272c, L:/127.0.0.1:56803 - R:localhost/127.0.0.1:40347]' for 'GET' to 'http://localhost:40347/session/5bf85049-650c-4d05-9217-bb8f6363d757/screenshot'
20:42:25.084 [Forwarding screenshot on session 5bf85049-650c-4d05-9217-bb8f6363d757 to remote] DEBUG org.asynchttpclient.netty.request.NettyRequestSender -- Using open Channel [id: 0xbe92272c, L:/127.0.0.1:56803 - R:localhost/127.0.0.1:40347] for GET '/session/5bf85049-650c-4d05-9217-bb8f6363d757/screenshot'
20:42:25.154 [AsyncHttpClient-1-5] DEBUG org.asynchttpclient.netty.handler.HttpHandler -- 

Request DefaultFullHttpRequest(decodeResult: success, version: HTTP/1.1, content: EmptyByteBufBE)
GET /session/5bf85049-650c-4d05-9217-bb8f6363d757/screenshot HTTP/1.1
Cache-Control: no-cache
User-Agent: selenium/4.12.0 (java windows)
Content-Type: application/json; charset=utf-8
host: localhost:40347
accept: */*

Response DefaultHttpResponse(decodeResult: success, version: HTTP/1.1)
HTTP/1.1 200 OK
content-type: application/json; charset=utf-8
cache-control: no-cache
content-length: 803500
date: Sun, 28 Apr 2024 01:42:24 GMT

20:42:25.155 [AsyncHttpClient-1-5] DEBUG org.asynchttpclient.netty.channel.ChannelManager -- Adding key: http://localhost:40347 for channel [id: 0xbe92272c, L:/127.0.0.1:56803 - R:localhost/127.0.0.1:40347]
20:42:25.170 [main] DEBUG net.serenitybdd.core.photography.Darkroom -- Send negative for processing for C:\Users\USUARIO\OneDrive\Documentos\02 Automatización\03 Pragma\pragma\pragma\target\site\serenity\4c09c2ffedc37c65c23db70c4bc9b393f1b76e6fae961377a134774560e86287.png
20:42:25.172 [Forwarding getPageSource on session 5bf85049-650c-4d05-9217-bb8f6363d757 to remote] DEBUG org.asynchttpclient.netty.request.NettyRequestSender -- Using pooled Channel '[id: 0xbe92272c, L:/127.0.0.1:56803 - R:localhost/127.0.0.1:40347]' for 'POST' to 'http://localhost:40347/session/5bf85049-650c-4d05-9217-bb8f6363d757/execute/sync'
20:42:25.172 [Forwarding getPageSource on session 5bf85049-650c-4d05-9217-bb8f6363d757 to remote] DEBUG org.asynchttpclient.netty.request.NettyRequestSender -- Using open Channel [id: 0xbe92272c, L:/127.0.0.1:56803 - R:localhost/127.0.0.1:40347] for POST '/session/5bf85049-650c-4d05-9217-bb8f6363d757/execute/sync'
20:42:25.176 [AsyncHttpClient-1-5] DEBUG org.asynchttpclient.netty.handler.HttpHandler -- 

Request DefaultHttpRequest(decodeResult: success, version: HTTP/1.1)
POST /session/5bf85049-650c-4d05-9217-bb8f6363d757/execute/sync HTTP/1.1
User-Agent: selenium/4.12.0 (java windows)
Content-Length: 176
Content-Type: application/json; charset=utf-8
host: localhost:40347
accept: */*

Response DefaultHttpResponse(decodeResult: success, version: HTTP/1.1)
HTTP/1.1 200 OK
content-type: application/json; charset=utf-8
cache-control: no-cache
content-length: 52816
date: Sun, 28 Apr 2024 01:42:25 GMT

20:42:25.177 [AsyncHttpClient-1-5] DEBUG org.asynchttpclient.netty.channel.ChannelManager -- Adding key: http://localhost:40347 for channel [id: 0xbe92272c, L:/127.0.0.1:56803 - R:localhost/127.0.0.1:40347]
20:42:25.182 [Forwarding getCurrentUrl on session 5bf85049-650c-4d05-9217-bb8f6363d757 to remote] DEBUG org.asynchttpclient.netty.request.NettyRequestSender -- Using pooled Channel '[id: 0xbe92272c, L:/127.0.0.1:56803 - R:localhost/127.0.0.1:40347]' for 'GET' to 'http://localhost:40347/session/5bf85049-650c-4d05-9217-bb8f6363d757/url'
20:42:25.182 [Forwarding getCurrentUrl on session 5bf85049-650c-4d05-9217-bb8f6363d757 to remote] DEBUG org.asynchttpclient.netty.request.NettyRequestSender -- Using open Channel [id: 0xbe92272c, L:/127.0.0.1:56803 - R:localhost/127.0.0.1:40347] for GET '/session/5bf85049-650c-4d05-9217-bb8f6363d757/url'
20:42:25.184 [AsyncHttpClient-1-5] DEBUG org.asynchttpclient.netty.handler.HttpHandler -- 

Request DefaultFullHttpRequest(decodeResult: success, version: HTTP/1.1, content: EmptyByteBufBE)
GET /session/5bf85049-650c-4d05-9217-bb8f6363d757/url HTTP/1.1
Cache-Control: no-cache
User-Agent: selenium/4.12.0 (java windows)
Content-Type: application/json; charset=utf-8
host: localhost:40347
accept: */*

Response DefaultHttpResponse(decodeResult: success, version: HTTP/1.1)
HTTP/1.1 200 OK
content-type: application/json; charset=utf-8
cache-control: no-cache
content-length: 38
date: Sun, 28 Apr 2024 01:42:25 GMT

20:42:25.184 [AsyncHttpClient-1-5] DEBUG org.asynchttpclient.netty.channel.ChannelManager -- Adding key: http://localhost:40347 for channel [id: 0xbe92272c, L:/127.0.0.1:56803 - R:localhost/127.0.0.1:40347]
20:42:26.034 [AsyncHttpClient-1-1] DEBUG org.asynchttpclient.netty.channel.DefaultChannelPool -- Entry count for : http://localhost:40347 : 1
20:42:26.190 [main] DEBUG net.thucydides.core.steps.StepInterceptor -- STEP DONE: validarLoginExitoso
20:42:26.193 [Forwarding getAlertText on session 5bf85049-650c-4d05-9217-bb8f6363d757 to remote] DEBUG org.asynchttpclient.netty.request.NettyRequestSender -- Using pooled Channel '[id: 0xbe92272c, L:/127.0.0.1:56803 - R:localhost/127.0.0.1:40347]' for 'GET' to 'http://localhost:40347/session/5bf85049-650c-4d05-9217-bb8f6363d757/alert/text'
20:42:26.193 [Forwarding getAlertText on session 5bf85049-650c-4d05-9217-bb8f6363d757 to remote] DEBUG org.asynchttpclient.netty.request.NettyRequestSender -- Using open Channel [id: 0xbe92272c, L:/127.0.0.1:56803 - R:localhost/127.0.0.1:40347] for GET '/session/5bf85049-650c-4d05-9217-bb8f6363d757/alert/text'
20:42:26.194 [AsyncHttpClient-1-5] DEBUG org.asynchttpclient.netty.handler.HttpHandler -- 

Request DefaultFullHttpRequest(decodeResult: success, version: HTTP/1.1, content: EmptyByteBufBE)
GET /session/5bf85049-650c-4d05-9217-bb8f6363d757/alert/text HTTP/1.1
Cache-Control: no-cache
User-Agent: selenium/4.12.0 (java windows)
Content-Type: application/json; charset=utf-8
host: localhost:40347
accept: */*

Response DefaultHttpResponse(decodeResult: success, version: HTTP/1.1)
HTTP/1.1 404 Not Found
content-type: application/json; charset=utf-8
cache-control: no-cache
content-length: 842
date: Sun, 28 Apr 2024 01:42:26 GMT

20:42:26.194 [AsyncHttpClient-1-5] DEBUG org.asynchttpclient.netty.channel.ChannelManager -- Adding key: http://localhost:40347 for channel [id: 0xbe92272c, L:/127.0.0.1:56803 - R:localhost/127.0.0.1:40347]
20:42:26.195 [Forwarding getCurrentUrl on session 5bf85049-650c-4d05-9217-bb8f6363d757 to remote] DEBUG org.asynchttpclient.netty.request.NettyRequestSender -- Using pooled Channel '[id: 0xbe92272c, L:/127.0.0.1:56803 - R:localhost/127.0.0.1:40347]' for 'GET' to 'http://localhost:40347/session/5bf85049-650c-4d05-9217-bb8f6363d757/url'
20:42:26.195 [Forwarding getCurrentUrl on session 5bf85049-650c-4d05-9217-bb8f6363d757 to remote] DEBUG org.asynchttpclient.netty.request.NettyRequestSender -- Using open Channel [id: 0xbe92272c, L:/127.0.0.1:56803 - R:localhost/127.0.0.1:40347] for GET '/session/5bf85049-650c-4d05-9217-bb8f6363d757/url'
20:42:26.196 [AsyncHttpClient-1-5] DEBUG org.asynchttpclient.netty.handler.HttpHandler -- 

Request DefaultFullHttpRequest(decodeResult: success, version: HTTP/1.1, content: EmptyByteBufBE)
GET /session/5bf85049-650c-4d05-9217-bb8f6363d757/url HTTP/1.1
Cache-Control: no-cache
User-Agent: selenium/4.12.0 (java windows)
Content-Type: application/json; charset=utf-8
host: localhost:40347
accept: */*

Response DefaultHttpResponse(decodeResult: success, version: HTTP/1.1)
HTTP/1.1 200 OK
content-type: application/json; charset=utf-8
cache-control: no-cache
content-length: 38
date: Sun, 28 Apr 2024 01:42:26 GMT

20:42:26.196 [AsyncHttpClient-1-5] DEBUG org.asynchttpclient.netty.channel.ChannelManager -- Adding key: http://localhost:40347 for channel [id: 0xbe92272c, L:/127.0.0.1:56803 - R:localhost/127.0.0.1:40347]
20:42:26.196 [Forwarding screenshot on session 5bf85049-650c-4d05-9217-bb8f6363d757 to remote] DEBUG org.asynchttpclient.netty.request.NettyRequestSender -- Using pooled Channel '[id: 0xbe92272c, L:/127.0.0.1:56803 - R:localhost/127.0.0.1:40347]' for 'GET' to 'http://localhost:40347/session/5bf85049-650c-4d05-9217-bb8f6363d757/screenshot'
20:42:26.196 [Forwarding screenshot on session 5bf85049-650c-4d05-9217-bb8f6363d757 to remote] DEBUG org.asynchttpclient.netty.request.NettyRequestSender -- Using open Channel [id: 0xbe92272c, L:/127.0.0.1:56803 - R:localhost/127.0.0.1:40347] for GET '/session/5bf85049-650c-4d05-9217-bb8f6363d757/screenshot'
20:42:26.272 [AsyncHttpClient-1-5] DEBUG org.asynchttpclient.netty.handler.HttpHandler -- 

Request DefaultFullHttpRequest(decodeResult: success, version: HTTP/1.1, content: EmptyByteBufBE)
GET /session/5bf85049-650c-4d05-9217-bb8f6363d757/screenshot HTTP/1.1
Cache-Control: no-cache
User-Agent: selenium/4.12.0 (java windows)
Content-Type: application/json; charset=utf-8
host: localhost:40347
accept: */*

Response DefaultHttpResponse(decodeResult: success, version: HTTP/1.1)
HTTP/1.1 200 OK
content-type: application/json; charset=utf-8
cache-control: no-cache
content-length: 930420
date: Sun, 28 Apr 2024 01:42:26 GMT

20:42:26.273 [AsyncHttpClient-1-5] DEBUG org.asynchttpclient.netty.channel.ChannelManager -- Adding key: http://localhost:40347 for channel [id: 0xbe92272c, L:/127.0.0.1:56803 - R:localhost/127.0.0.1:40347]
20:42:26.281 [main] DEBUG net.serenitybdd.core.photography.Darkroom -- Send negative for processing for C:\Users\USUARIO\OneDrive\Documentos\02 Automatización\03 Pragma\pragma\pragma\target\site\serenity\f8db4ab2598c53e93f11c23f1e7477b55d692b2cb6e73c50008d66e41def918b.png
20:42:26.281 [Darkroom Processing Line] DEBUG net.serenitybdd.core.photography.DarkroomProcessingLine -- Processing screenshot image in /var/screenshots/screenshot-5374707569201784786
20:42:26.281 [Darkroom Processing Line] DEBUG net.serenitybdd.core.photography.DarkroomProcessingLine -- Saving screenshot to C:\Users\USUARIO\OneDrive\Documentos\02 Automatización\03 Pragma\pragma\pragma\target\site\serenity\f8db4ab2598c53e93f11c23f1e7477b55d692b2cb6e73c50008d66e41def918b.png
20:42:27.132 [AsyncHttpClient-1-1] DEBUG org.asynchttpclient.netty.channel.DefaultChannelPool -- Entry count for : http://localhost:40347 : 1
20:42:27.287 [main] INFO  -- &amp#27;[92m
  _____   ___   ___   _____     ___     _     ___   ___   ___   ___  
 |_   _| | __| / __| |_   _|   | _ \   /_\   / __| / __| | __| |   \ 
   | |   | _|  \__ \   | |     |  _/  / _ \  \__ \ \__ \ | _|  | |) |
   |_|   |___| |___/   |_|     |_|   /_/ \_\ |___/ |___/ |___| |___/ 

Iniciar sesión en el portal demoblaze.com
----------------------------------------------------------------------&amp#27;[0m
20:42:27.293 [AsyncHttpClient-1-7] DEBUG org.asynchttpclient.netty.channel.NettyConnectListener -- Using new Channel '[id: 0xf5c0ba3b, L:/127.0.0.1:56970 - R:/127.0.0.1:1916]' for 'GET' to '/devtools/browser/5db06b58-3074-4f27-bd38-59f298331e62'
20:42:27.296 [AsyncHttpClient-1-7] DEBUG org.asynchttpclient.netty.handler.WebSocketHandler -- 

Request DefaultFullHttpRequest(decodeResult: success, version: HTTP/1.1, content: EmptyByteBufBE)
GET /devtools/browser/5db06b58-3074-4f27-bd38-59f298331e62 HTTP/1.1
upgrade: websocket
connection: upgrade
sec-websocket-key: q7nsEPkxH34Ep1EezbkKZw==
sec-websocket-version: 13
origin: http://127.0.0.1:1916
host: 127.0.0.1:1916
accept: */*
user-agent: AHC/2.1

Response DefaultHttpResponse(decodeResult: success, version: HTTP/1.1)
HTTP/1.1 101 Switching Protocols
Server: httpd.js
Upgrade: websocket
Connection: Upgrade
Sec-WebSocket-Accept: 1wcKegZ/N0Tj5AwAuxya4YBpClI=
Content-Length: 0

20:42:27.298 [Driver Command Executor] DEBUG org.asynchttpclient.netty.request.NettyRequestSender -- Using pooled Channel '[id: 0xbe92272c, L:/127.0.0.1:56803 - R:localhost/127.0.0.1:40347]' for 'DELETE' to 'http://localhost:40347/session/5bf85049-650c-4d05-9217-bb8f6363d757'
20:42:27.298 [Driver Command Executor] DEBUG org.asynchttpclient.netty.request.NettyRequestSender -- Using open Channel [id: 0xbe92272c, L:/127.0.0.1:56803 - R:localhost/127.0.0.1:40347] for DELETE '/session/5bf85049-650c-4d05-9217-bb8f6363d757'
20:42:27.299 [AsyncHttpClient-1-7] DEBUG org.asynchttpclient.netty.handler.WebSocketHandler -- Channel Closed: [id: 0xf5c0ba3b, L:/127.0.0.1:56970 ! R:/127.0.0.1:1916] with attribute DISCARD
20:42:27.940 [AsyncHttpClient-1-5] DEBUG org.asynchttpclient.netty.handler.HttpHandler -- 

Request DefaultFullHttpRequest(decodeResult: success, version: HTTP/1.1, content: EmptyByteBufBE)
DELETE /session/5bf85049-650c-4d05-9217-bb8f6363d757 HTTP/1.1
User-Agent: selenium/4.12.0 (java windows)
Content-Type: application/json; charset=utf-8
host: localhost:40347
accept: */*

Response DefaultHttpResponse(decodeResult: success, version: HTTP/1.1)
HTTP/1.1 200 OK
content-type: application/json; charset=utf-8
cache-control: no-cache
content-length: 14
date: Sun, 28 Apr 2024 01:42:27 GMT

20:42:27.940 [AsyncHttpClient-1-5] DEBUG org.asynchttpclient.netty.channel.ChannelManager -- Adding key: http://localhost:40347 for channel [id: 0xbe92272c, L:/127.0.0.1:56803 - R:localhost/127.0.0.1:40347]
20:42:27.940 [AsyncHttpClient-1-5] DEBUG org.asynchttpclient.netty.handler.HttpHandler -- Unexpected I/O exception on channel [id: 0xbe92272c, L:/127.0.0.1:56803 - R:localhost/127.0.0.1:40347]
java.net.SocketException: Connection reset
	at java.base/sun.nio.ch.SocketChannelImpl.throwConnectionReset(SocketChannelImpl.java:403)
	at java.base/sun.nio.ch.SocketChannelImpl.implRead(SocketChannelImpl.java:435)
	at java.base/sun.nio.ch.SocketChannelImpl.read(SocketChannelImpl.java:493)
	at io.netty.buffer.PooledByteBuf.setBytes(PooledByteBuf.java:254)
	at io.netty.buffer.AbstractByteBuf.writeBytes(AbstractByteBuf.java:1132)
	at io.netty.channel.socket.nio.NioSocketChannel.doReadBytes(NioSocketChannel.java:357)
	at io.netty.channel.nio.AbstractNioByteChannel$NioByteUnsafe.read(AbstractNioByteChannel.java:151)
	at io.netty.channel.nio.NioEventLoop.processSelectedKey(NioEventLoop.java:788)
	at io.netty.channel.nio.NioEventLoop.processSelectedKeysOptimized(NioEventLoop.java:724)
	at io.netty.channel.nio.NioEventLoop.processSelectedKeys(NioEventLoop.java:650)
	at io.netty.channel.nio.NioEventLoop.run(NioEventLoop.java:562)
	at io.netty.util.concurrent.SingleThreadEventExecutor$4.run(SingleThreadEventExecutor.java:997)
	at io.netty.util.internal.ThreadExecutorMap$2.run(ThreadExecutorMap.java:74)
	at io.netty.util.concurrent.FastThreadLocalRunnable.run(FastThreadLocalRunnable.java:30)
	at java.base/java.lang.Thread.run(Thread.java:1570)
20:42:27.940 [AsyncHttpClient-1-5] DEBUG org.asynchttpclient.netty.channel.ChannelManager -- Closing Channel [id: 0xbe92272c, L:/127.0.0.1:56803 - R:localhost/127.0.0.1:40347] 
20:42:27.944 [AsyncHttpClient-1-5] DEBUG org.asynchttpclient.netty.handler.HttpHandler -- Channel Closed: [id: 0xbe92272c, L:/127.0.0.1:56803 ! R:localhost/127.0.0.1:40347] with attribute DISCARD
]]></system-out>
    <system-err><![CDATA[abr 27, 2024 8:42:11 P. M. org.openqa.selenium.manager.SeleniumManager lambda$runCommand$1
INFO: Driver path: C:\Users\USUARIO\.cache\selenium\geckodriver\win64\0.34.0\geckodriver.exe
abr 27, 2024 8:42:11 P. M. org.openqa.selenium.manager.SeleniumManager lambda$runCommand$1
INFO: Browser path: C:\Program Files\Mozilla Firefox\firefox.exe
]]></system-err>
  </testcase>
</testsuite>