<?xml version="1.0" encoding="UTF-8"?>
<testsuite xmlns:xsi="http://www.w3.org/2001/XMLSchema-instance" xsi:noNamespaceSchemaLocation="https://maven.apache.org/surefire/maven-failsafe-plugin/xsd/failsafe-test-report-3.0.xsd" version="3.0" name="pragma.acceptanceTests.RunnerRegistroYLoginTest" time="12.807" tests="1" errors="0" skipped="0" failures="0">
  <properties>
    <property name="java.specification.version" value="22"/>
    <property name="sun.cpu.isalist" value="amd64"/>
    <property name="sun.jnu.encoding" value="Cp1252"/>
    <property name="java.class.path" value="C:\Users\USUARIO\OneDrive\Documentos\02 Automatización\03 Pragma\pragma\pragma\target\test-classes;C:\Users\USUARIO\OneDrive\Documentos\02 Automatización\03 Pragma\pragma\pragma\target\pragma-1.0-SNAPSHOT.jar;C:\Users\USUARIO\.m2\repository\net\serenity-bdd\serenity-core\4.0.1\serenity-core-4.0.1.jar;C:\Users\USUARIO\.m2\repository\net\serenity-bdd\serenity-model\4.0.1\serenity-model-4.0.1.jar;C:\Users\USUARIO\.m2\repository\commons-net\commons-net\3.9.0\commons-net-3.9.0.jar;C:\Users\USUARIO\.m2\repository\com\google\guava\guava\32.1.2-jre\guava-32.1.2-jre.jar;C:\Users\USUARIO\.m2\repository\com\google\guava\failureaccess\1.0.1\failureaccess-1.0.1.jar;C:\Users\USUARIO\.m2\repository\com\google\guava\listenablefuture\9999.0-empty-to-avoid-conflict-with-guava\listenablefuture-9999.0-empty-to-avoid-conflict-with-guava.jar;C:\Users\USUARIO\.m2\repository\com\google\code\findbugs\jsr305\3.0.2\jsr305-3.0.2.jar;C:\Users\USUARIO\.m2\repository\org\checkerframework\checker-qual\3.33.0\checker-qual-3.33.0.jar;C:\Users\USUARIO\.m2\repository\com\google\errorprone\error_prone_annotations\2.18.0\error_prone_annotations-2.18.0.jar;C:\Users\USUARIO\.m2\repository\com\google\j2objc\j2objc-annotations\2.8\j2objc-annotations-2.8.jar;C:\Users\USUARIO\.m2\repository\org\jsoup\jsoup\1.15.4\jsoup-1.15.4.jar;C:\Users\USUARIO\.m2\repository\com\thoughtworks\xstream\xstream\1.4.20\xstream-1.4.20.jar;C:\Users\USUARIO\.m2\repository\io\github\x-stream\mxparser\1.2.2\mxparser-1.2.2.jar;C:\Users\USUARIO\.m2\repository\xmlpull\xmlpull\1.1.3.1\xmlpull-1.1.3.1.jar;C:\Users\USUARIO\.m2\repository\com\typesafe\config\1.4.2\config-1.4.2.jar;C:\Users\USUARIO\.m2\repository\org\imgscalr\imgscalr-lib\4.2\imgscalr-lib-4.2.jar;C:\Users\USUARIO\.m2\repository\org\awaitility\awaitility\4.2.0\awaitility-4.2.0.jar;C:\Users\USUARIO\.m2\repository\org\freemarker\freemarker\2.3.31\freemarker-2.3.31.jar;C:\Users\USUARIO\.m2\repository\io\github\classgraph\classgraph\4.8.157\classgraph-4.8.157.jar;C:\Users\USUARIO\.m2\repository\com\github\ben-manes\caffeine\caffeine\2.9.2\caffeine-2.9.2.jar;C:\Users\USUARIO\.m2\repository\org\ehcache\ehcache\3.10.8\ehcache-3.10.8.jar;C:\Users\USUARIO\.m2\repository\javax\cache\cache-api\1.1.0\cache-api-1.1.0.jar;C:\Users\USUARIO\.m2\repository\net\sourceforge\jexcelapi\jxl\2.6.12\jxl-2.6.12.jar;C:\Users\USUARIO\.m2\repository\net\bytebuddy\byte-buddy-agent\1.14.5\byte-buddy-agent-1.14.5.jar;C:\Users\USUARIO\.m2\repository\org\objenesis\objenesis\3.3\objenesis-3.3.jar;C:\Users\USUARIO\.m2\repository\com\vladsch\flexmark\flexmark-all\0.64.8\flexmark-all-0.64.8.jar;C:\Users\USUARIO\.m2\repository\com\vladsch\flexmark\flexmark\0.64.8\flexmark-0.64.8.jar;C:\Users\USUARIO\.m2\repository\com\vladsch\flexmark\flexmark-ext-abbreviation\0.64.8\flexmark-ext-abbreviation-0.64.8.jar;C:\Users\USUARIO\.m2\repository\com\vladsch\flexmark\flexmark-util\0.64.8\flexmark-util-0.64.8.jar;C:\Users\USUARIO\.m2\repository\com\vladsch\flexmark\flexmark-ext-admonition\0.64.8\flexmark-ext-admonition-0.64.8.jar;C:\Users\USUARIO\.m2\repository\com\vladsch\flexmark\flexmark-ext-anchorlink\0.64.8\flexmark-ext-anchorlink-0.64.8.jar;C:\Users\USUARIO\.m2\repository\com\vladsch\flexmark\flexmark-ext-aside\0.64.8\flexmark-ext-aside-0.64.8.jar;C:\Users\USUARIO\.m2\repository\com\vladsch\flexmark\flexmark-ext-attributes\0.64.8\flexmark-ext-attributes-0.64.8.jar;C:\Users\USUARIO\.m2\repository\com\vladsch\flexmark\flexmark-ext-autolink\0.64.8\flexmark-ext-autolink-0.64.8.jar;C:\Users\USUARIO\.m2\repository\org\nibor\autolink\autolink\0.6.0\autolink-0.6.0.jar;C:\Users\USUARIO\.m2\repository\com\vladsch\flexmark\flexmark-ext-definition\0.64.8\flexmark-ext-definition-0.64.8.jar;C:\Users\USUARIO\.m2\repository\com\vladsch\flexmark\flexmark-ext-emoji\0.64.8\flexmark-ext-emoji-0.64.8.jar;C:\Users\USUARIO\.m2\repository\com\vladsch\flexmark\flexmark-ext-enumerated-reference\0.64.8\flexmark-ext-enumerated-reference-0.64.8.jar;C:\Users\USUARIO\.m2\repository\com\vladsch\flexmark\flexmark-ext-escaped-character\0.64.8\flexmark-ext-escaped-character-0.64.8.jar;C:\Users\USUARIO\.m2\repository\com\vladsch\flexmark\flexmark-ext-footnotes\0.64.8\flexmark-ext-footnotes-0.64.8.jar;C:\Users\USUARIO\.m2\repository\com\vladsch\flexmark\flexmark-ext-gfm-issues\0.64.8\flexmark-ext-gfm-issues-0.64.8.jar;C:\Users\USUARIO\.m2\repository\com\vladsch\flexmark\flexmark-ext-gfm-strikethrough\0.64.8\flexmark-ext-gfm-strikethrough-0.64.8.jar;C:\Users\USUARIO\.m2\repository\com\vladsch\flexmark\flexmark-ext-gfm-tasklist\0.64.8\flexmark-ext-gfm-tasklist-0.64.8.jar;C:\Users\USUARIO\.m2\repository\com\vladsch\flexmark\flexmark-ext-gfm-users\0.64.8\flexmark-ext-gfm-users-0.64.8.jar;C:\Users\USUARIO\.m2\repository\com\vladsch\flexmark\flexmark-ext-gitlab\0.64.8\flexmark-ext-gitlab-0.64.8.jar;C:\Users\USUARIO\.m2\repository\com\vladsch\flexmark\flexmark-ext-jekyll-front-matter\0.64.8\flexmark-ext-jekyll-front-matter-0.64.8.jar;C:\Users\USUARIO\.m2\repository\com\vladsch\flexmark\flexmark-ext-jekyll-tag\0.64.8\flexmark-ext-jekyll-tag-0.64.8.jar;C:\Users\USUARIO\.m2\repository\com\vladsch\flexmark\flexmark-ext-media-tags\0.64.8\flexmark-ext-media-tags-0.64.8.jar;C:\Users\USUARIO\.m2\repository\com\vladsch\flexmark\flexmark-ext-resizable-image\0.64.8\flexmark-ext-resizable-image-0.64.8.jar;C:\Users\USUARIO\.m2\repository\com\vladsch\flexmark\flexmark-ext-macros\0.64.8\flexmark-ext-macros-0.64.8.jar;C:\Users\USUARIO\.m2\repository\com\vladsch\flexmark\flexmark-ext-ins\0.64.8\flexmark-ext-ins-0.64.8.jar;C:\Users\USUARIO\.m2\repository\com\vladsch\flexmark\flexmark-ext-xwiki-macros\0.64.8\flexmark-ext-xwiki-macros-0.64.8.jar;C:\Users\USUARIO\.m2\repository\com\vladsch\flexmark\flexmark-ext-superscript\0.64.8\flexmark-ext-superscript-0.64.8.jar;C:\Users\USUARIO\.m2\repository\com\vladsch\flexmark\flexmark-ext-tables\0.64.8\flexmark-ext-tables-0.64.8.jar;C:\Users\USUARIO\.m2\repository\com\vladsch\flexmark\flexmark-ext-toc\0.64.8\flexmark-ext-toc-0.64.8.jar;C:\Users\USUARIO\.m2\repository\com\vladsch\flexmark\flexmark-ext-typographic\0.64.8\flexmark-ext-typographic-0.64.8.jar;C:\Users\USUARIO\.m2\repository\com\vladsch\flexmark\flexmark-ext-wikilink\0.64.8\flexmark-ext-wikilink-0.64.8.jar;C:\Users\USUARIO\.m2\repository\com\vladsch\flexmark\flexmark-ext-yaml-front-matter\0.64.8\flexmark-ext-yaml-front-matter-0.64.8.jar;C:\Users\USUARIO\.m2\repository\com\vladsch\flexmark\flexmark-ext-youtube-embedded\0.64.8\flexmark-ext-youtube-embedded-0.64.8.jar;C:\Users\USUARIO\.m2\repository\com\vladsch\flexmark\flexmark-html2md-converter\0.64.8\flexmark-html2md-converter-0.64.8.jar;C:\Users\USUARIO\.m2\repository\com\vladsch\flexmark\flexmark-jira-converter\0.64.8\flexmark-jira-converter-0.64.8.jar;C:\Users\USUARIO\.m2\repository\com\vladsch\flexmark\flexmark-pdf-converter\0.64.8\flexmark-pdf-converter-0.64.8.jar;C:\Users\USUARIO\.m2\repository\com\openhtmltopdf\openhtmltopdf-core\1.0.10\openhtmltopdf-core-1.0.10.jar;C:\Users\USUARIO\.m2\repository\com\openhtmltopdf\openhtmltopdf-pdfbox\1.0.10\openhtmltopdf-pdfbox-1.0.10.jar;C:\Users\USUARIO\.m2\repository\org\apache\pdfbox\pdfbox\2.0.24\pdfbox-2.0.24.jar;C:\Users\USUARIO\.m2\repository\org\apache\pdfbox\fontbox\2.0.24\fontbox-2.0.24.jar;C:\Users\USUARIO\.m2\repository\org\apache\pdfbox\xmpbox\2.0.24\xmpbox-2.0.24.jar;C:\Users\USUARIO\.m2\repository\de\rototor\pdfbox\graphics2d\0.32\graphics2d-0.32.jar;C:\Users\USUARIO\.m2\repository\com\openhtmltopdf\openhtmltopdf-rtl-support\1.0.10\openhtmltopdf-rtl-support-1.0.10.jar;C:\Users\USUARIO\.m2\repository\com\vladsch\flexmark\flexmark-profile-pegdown\0.64.8\flexmark-profile-pegdown-0.64.8.jar;C:\Users\USUARIO\.m2\repository\com\vladsch\flexmark\flexmark-util-ast\0.64.8\flexmark-util-ast-0.64.8.jar;C:\Users\USUARIO\.m2\repository\com\vladsch\flexmark\flexmark-util-builder\0.64.8\flexmark-util-builder-0.64.8.jar;C:\Users\USUARIO\.m2\repository\com\vladsch\flexmark\flexmark-util-collection\0.64.8\flexmark-util-collection-0.64.8.jar;C:\Users\USUARIO\.m2\repository\com\vladsch\flexmark\flexmark-util-data\0.64.8\flexmark-util-data-0.64.8.jar;C:\Users\USUARIO\.m2\repository\com\vladsch\flexmark\flexmark-util-dependency\0.64.8\flexmark-util-dependency-0.64.8.jar;C:\Users\USUARIO\.m2\repository\com\vladsch\flexmark\flexmark-util-format\0.64.8\flexmark-util-format-0.64.8.jar;C:\Users\USUARIO\.m2\repository\com\vladsch\flexmark\flexmark-util-html\0.64.8\flexmark-util-html-0.64.8.jar;C:\Users\USUARIO\.m2\repository\com\vladsch\flexmark\flexmark-util-misc\0.64.8\flexmark-util-misc-0.64.8.jar;C:\Users\USUARIO\.m2\repository\com\vladsch\flexmark\flexmark-util-options\0.64.8\flexmark-util-options-0.64.8.jar;C:\Users\USUARIO\.m2\repository\com\vladsch\flexmark\flexmark-util-sequence\0.64.8\flexmark-util-sequence-0.64.8.jar;C:\Users\USUARIO\.m2\repository\com\vladsch\flexmark\flexmark-util-visitor\0.64.8\flexmark-util-visitor-0.64.8.jar;C:\Users\USUARIO\.m2\repository\com\vladsch\flexmark\flexmark-youtrack-converter\0.64.8\flexmark-youtrack-converter-0.64.8.jar;C:\Users\USUARIO\.m2\repository\net\serenity-bdd\serenity-reports\4.0.1\serenity-reports-4.0.1.jar;C:\Users\USUARIO\.m2\repository\net\serenity-bdd\serenity-stats\4.0.1\serenity-stats-4.0.1.jar;C:\Users\USUARIO\.m2\repository\net\serenity-bdd\serenity-reports-configuration\4.0.1\serenity-reports-configuration-4.0.1.jar;C:\Users\USUARIO\.m2\repository\com\ibm\icu\icu4j\72.1\icu4j-72.1.jar;C:\Users\USUARIO\.m2\repository\es\nitaur\markdown\txtmark\0.16\txtmark-0.16.jar;C:\Users\USUARIO\.m2\repository\net\serenity-bdd\serenity-report-resources\4.0.1\serenity-report-resources-4.0.1.jar;C:\Users\USUARIO\.m2\repository\com\google\code\gson\gson\2.10.1\gson-2.10.1.jar;C:\Users\USUARIO\.m2\repository\com\fasterxml\jackson\core\jackson-core\2.15.2\jackson-core-2.15.2.jar;C:\Users\USUARIO\.m2\repository\com\fasterxml\jackson\core\jackson-databind\2.15.2\jackson-databind-2.15.2.jar;C:\Users\USUARIO\.m2\repository\com\fasterxml\jackson\core\jackson-annotations\2.15.2\jackson-annotations-2.15.2.jar;C:\Users\USUARIO\.m2\repository\commons-codec\commons-codec\1.16.0\commons-codec-1.16.0.jar;C:\Users\USUARIO\.m2\repository\commons-io\commons-io\2.11.0\commons-io-2.11.0.jar;C:\Users\USUARIO\.m2\repository\org\apache\httpcomponents\httpclient\4.5.13\httpclient-4.5.13.jar;C:\Users\USUARIO\.m2\repository\org\apache\httpcomponents\httpcore\4.4.13\httpcore-4.4.13.jar;C:\Users\USUARIO\.m2\repository\commons-logging\commons-logging\1.2\commons-logging-1.2.jar;C:\Users\USUARIO\.m2\repository\org\seleniumhq\selenium\selenium-java\4.12.0\selenium-java-4.12.0.jar;C:\Users\USUARIO\.m2\repository\org\seleniumhq\selenium\selenium-devtools-v114\4.12.0\selenium-devtools-v114-4.12.0.jar;C:\Users\USUARIO\.m2\repository\org\seleniumhq\selenium\selenium-devtools-v115\4.12.0\selenium-devtools-v115-4.12.0.jar;C:\Users\USUARIO\.m2\repository\org\seleniumhq\selenium\selenium-devtools-v116\4.12.0\selenium-devtools-v116-4.12.0.jar;C:\Users\USUARIO\.m2\repository\org\seleniumhq\selenium\selenium-devtools-v85\4.12.0\selenium-devtools-v85-4.12.0.jar;C:\Users\USUARIO\.m2\repository\org\seleniumhq\selenium\selenium-remote-driver\4.12.0\selenium-remote-driver-4.12.0.jar;C:\Users\USUARIO\.m2\repository\io\netty\netty-buffer\4.1.96.Final\netty-buffer-4.1.96.Final.jar;C:\Users\USUARIO\.m2\repository\io\netty\netty-codec-http\4.1.96.Final\netty-codec-http-4.1.96.Final.jar;C:\Users\USUARIO\.m2\repository\io\netty\netty-codec\4.1.96.Final\netty-codec-4.1.96.Final.jar;C:\Users\USUARIO\.m2\repository\io\netty\netty-handler\4.1.96.Final\netty-handler-4.1.96.Final.jar;C:\Users\USUARIO\.m2\repository\io\netty\netty-common\4.1.96.Final\netty-common-4.1.96.Final.jar;C:\Users\USUARIO\.m2\repository\io\netty\netty-transport-classes-epoll\4.1.96.Final\netty-transport-classes-epoll-4.1.96.Final.jar;C:\Users\USUARIO\.m2\repository\io\netty\netty-transport-classes-kqueue\4.1.96.Final\netty-transport-classes-kqueue-4.1.96.Final.jar;C:\Users\USUARIO\.m2\repository\io\netty\netty-transport-native-epoll\4.1.96.Final\netty-transport-native-epoll-4.1.96.Final.jar;C:\Users\USUARIO\.m2\repository\io\netty\netty-transport-native-kqueue\4.1.96.Final\netty-transport-native-kqueue-4.1.96.Final.jar;C:\Users\USUARIO\.m2\repository\io\netty\netty-transport-native-unix-common\4.1.96.Final\netty-transport-native-unix-common-4.1.96.Final.jar;C:\Users\USUARIO\.m2\repository\io\netty\netty-transport\4.1.96.Final\netty-transport-4.1.96.Final.jar;C:\Users\USUARIO\.m2\repository\io\netty\netty-resolver\4.1.96.Final\netty-resolver-4.1.96.Final.jar;C:\Users\USUARIO\.m2\repository\io\opentelemetry\opentelemetry-api\1.28.0\opentelemetry-api-1.28.0.jar;C:\Users\USUARIO\.m2\repository\io\opentelemetry\opentelemetry-context\1.28.0\opentelemetry-context-1.28.0.jar;C:\Users\USUARIO\.m2\repository\io\opentelemetry\opentelemetry-exporter-logging\1.28.0\opentelemetry-exporter-logging-1.28.0.jar;C:\Users\USUARIO\.m2\repository\io\opentelemetry\opentelemetry-sdk-metrics\1.28.0\opentelemetry-sdk-metrics-1.28.0.jar;C:\Users\USUARIO\.m2\repository\io\opentelemetry\opentelemetry-extension-incubator\1.28.0-alpha\opentelemetry-extension-incubator-1.28.0-alpha.jar;C:\Users\USUARIO\.m2\repository\io\opentelemetry\opentelemetry-sdk-logs\1.28.0\opentelemetry-sdk-logs-1.28.0.jar;C:\Users\USUARIO\.m2\repository\io\opentelemetry\opentelemetry-sdk-common\1.28.0\opentelemetry-sdk-common-1.28.0.jar;C:\Users\USUARIO\.m2\repository\io\opentelemetry\opentelemetry-sdk-extension-autoconfigure-spi\1.28.0\opentelemetry-sdk-extension-autoconfigure-spi-1.28.0.jar;C:\Users\USUARIO\.m2\repository\io\opentelemetry\opentelemetry-sdk-extension-autoconfigure\1.28.0\opentelemetry-sdk-extension-autoconfigure-1.28.0.jar;C:\Users\USUARIO\.m2\repository\io\opentelemetry\opentelemetry-api-events\1.28.0-alpha\opentelemetry-api-events-1.28.0-alpha.jar;C:\Users\USUARIO\.m2\repository\io\opentelemetry\opentelemetry-sdk-trace\1.28.0\opentelemetry-sdk-trace-1.28.0.jar;C:\Users\USUARIO\.m2\repository\io\opentelemetry\opentelemetry-sdk\1.28.0\opentelemetry-sdk-1.28.0.jar;C:\Users\USUARIO\.m2\repository\io\opentelemetry\opentelemetry-semconv\1.28.0-alpha\opentelemetry-semconv-1.28.0-alpha.jar;C:\Users\USUARIO\.m2\repository\org\asynchttpclient\async-http-client\2.12.3\async-http-client-2.12.3.jar;C:\Users\USUARIO\.m2\repository\org\asynchttpclient\async-http-client-netty-utils\2.12.3\async-http-client-netty-utils-2.12.3.jar;C:\Users\USUARIO\.m2\repository\io\netty\netty-codec-socks\4.1.60.Final\netty-codec-socks-4.1.60.Final.jar;C:\Users\USUARIO\.m2\repository\io\netty\netty-handler-proxy\4.1.60.Final\netty-handler-proxy-4.1.60.Final.jar;C:\Users\USUARIO\.m2\repository\io\netty\netty-transport-native-epoll\4.1.60.Final\netty-transport-native-epoll-4.1.60.Final-linux-x86_64.jar;C:\Users\USUARIO\.m2\repository\io\netty\netty-transport-native-kqueue\4.1.60.Final\netty-transport-native-kqueue-4.1.60.Final-osx-x86_64.jar;C:\Users\USUARIO\.m2\repository\org\reactivestreams\reactive-streams\1.0.3\reactive-streams-1.0.3.jar;C:\Users\USUARIO\.m2\repository\com\typesafe\netty\netty-reactive-streams\2.0.4\netty-reactive-streams-2.0.4.jar;C:\Users\USUARIO\.m2\repository\org\seleniumhq\selenium\selenium-os\4.12.0\selenium-os-4.12.0.jar;C:\Users\USUARIO\.m2\repository\org\apache\commons\commons-exec\1.3\commons-exec-1.3.jar;C:\Users\USUARIO\.m2\repository\org\seleniumhq\selenium\selenium-safari-driver\4.12.0\selenium-safari-driver-4.12.0.jar;C:\Users\USUARIO\.m2\repository\org\seleniumhq\selenium\selenium-api\4.12.0\selenium-api-4.12.0.jar;C:\Users\USUARIO\.m2\repository\org\seleniumhq\selenium\selenium-support\4.12.0\selenium-support-4.12.0.jar;C:\Users\USUARIO\.m2\repository\com\google\auto\service\auto-service-annotations\1.1.1\auto-service-annotations-1.1.1.jar;C:\Users\USUARIO\.m2\repository\org\seleniumhq\selenium\selenium-json\4.12.0\selenium-json-4.12.0.jar;C:\Users\USUARIO\.m2\repository\org\seleniumhq\selenium\selenium-chrome-driver\4.12.0\selenium-chrome-driver-4.12.0.jar;C:\Users\USUARIO\.m2\repository\org\seleniumhq\selenium\selenium-chromium-driver\4.12.0\selenium-chromium-driver-4.12.0.jar;C:\Users\USUARIO\.m2\repository\org\seleniumhq\selenium\selenium-manager\4.12.0\selenium-manager-4.12.0.jar;C:\Users\USUARIO\.m2\repository\org\seleniumhq\selenium\selenium-firefox-driver\4.12.0\selenium-firefox-driver-4.12.0.jar;C:\Users\USUARIO\.m2\repository\org\seleniumhq\selenium\selenium-http\4.12.0\selenium-http-4.12.0.jar;C:\Users\USUARIO\.m2\repository\dev\failsafe\failsafe\3.3.2\failsafe-3.3.2.jar;C:\Users\USUARIO\.m2\repository\org\seleniumhq\selenium\selenium-edge-driver\4.12.0\selenium-edge-driver-4.12.0.jar;C:\Users\USUARIO\.m2\repository\org\seleniumhq\selenium\selenium-ie-driver\4.12.0\selenium-ie-driver-4.12.0.jar;C:\Users\USUARIO\.m2\repository\org\projectlombok\lombok\1.18.20\lombok-1.18.20.jar;C:\Users\USUARIO\.m2\repository\org\htmlunit\htmlunit\3.4.0\htmlunit-3.4.0.jar;C:\Users\USUARIO\.m2\repository\org\htmlunit\htmlunit-core-js\3.4.0\htmlunit-core-js-3.4.0.jar;C:\Users\USUARIO\.m2\repository\org\htmlunit\neko-htmlunit\3.4.0\neko-htmlunit-3.4.0.jar;C:\Users\USUARIO\.m2\repository\org\htmlunit\htmlunit-cssparser\3.4.0\htmlunit-cssparser-3.4.0.jar;C:\Users\USUARIO\.m2\repository\org\htmlunit\htmlunit-xpath\3.4.0\htmlunit-xpath-3.4.0.jar;C:\Users\USUARIO\.m2\repository\org\brotli\dec\0.1.2\dec-0.1.2.jar;C:\Users\USUARIO\.m2\repository\com\shapesecurity\salvation2\3.0.1\salvation2-3.0.1.jar;C:\Users\USUARIO\.m2\repository\org\eclipse\jetty\websocket\websocket-client\9.4.51.v20230217\websocket-client-9.4.51.v20230217.jar;C:\Users\USUARIO\.m2\repository\org\eclipse\jetty\jetty-client\9.4.51.v20230217\jetty-client-9.4.51.v20230217.jar;C:\Users\USUARIO\.m2\repository\org\eclipse\jetty\jetty-http\9.4.51.v20230217\jetty-http-9.4.51.v20230217.jar;C:\Users\USUARIO\.m2\repository\org\eclipse\jetty\jetty-util\9.4.51.v20230217\jetty-util-9.4.51.v20230217.jar;C:\Users\USUARIO\.m2\repository\org\eclipse\jetty\jetty-io\9.4.51.v20230217\jetty-io-9.4.51.v20230217.jar;C:\Users\USUARIO\.m2\repository\org\eclipse\jetty\websocket\websocket-common\9.4.51.v20230217\websocket-common-9.4.51.v20230217.jar;C:\Users\USUARIO\.m2\repository\org\eclipse\jetty\websocket\websocket-api\9.4.51.v20230217\websocket-api-9.4.51.v20230217.jar;C:\Users\USUARIO\.m2\repository\org\seleniumhq\selenium\htmlunit3-driver\4.10.0\htmlunit3-driver-4.10.0.jar;C:\Users\USUARIO\.m2\repository\io\appium\java-client\8.3.0\java-client-8.3.0.jar;C:\Users\USUARIO\.m2\repository\commons-validator\commons-validator\1.7\commons-validator-1.7.jar;C:\Users\USUARIO\.m2\repository\commons-digester\commons-digester\2.1\commons-digester-2.1.jar;C:\Users\USUARIO\.m2\repository\org\apache\groovy\groovy\4.0.13\groovy-4.0.13.jar;C:\Users\USUARIO\.m2\repository\net\sf\opencsv\opencsv\2.0\opencsv-2.0.jar;C:\Users\USUARIO\.m2\repository\commons-beanutils\commons-beanutils\1.9.4\commons-beanutils-1.9.4.jar;C:\Users\USUARIO\.m2\repository\commons-collections\commons-collections\3.2.2\commons-collections-3.2.2.jar;C:\Users\USUARIO\.m2\repository\org\apache\commons\commons-lang3\3.13.0\commons-lang3-3.13.0.jar;C:\Users\USUARIO\.m2\repository\org\apache\commons\commons-collections4\4.4\commons-collections4-4.4.jar;C:\Users\USUARIO\.m2\repository\org\apache\commons\commons-compress\1.23.0\commons-compress-1.23.0.jar;C:\Users\USUARIO\.m2\repository\org\fluentlenium\fluentlenium-core\0.10.2\fluentlenium-core-0.10.2.jar;C:\Users\USUARIO\.m2\repository\com\jhlabs\filters\2.0.235\filters-2.0.235.jar;C:\Users\USUARIO\.m2\repository\com\paulhammant\ngwebdriver\1.1.6\ngwebdriver-1.1.6.jar;C:\Users\USUARIO\.m2\repository\joda-time\joda-time\2.12.2\joda-time-2.12.2.jar;C:\Users\USUARIO\.m2\repository\org\hamcrest\hamcrest\2.2\hamcrest-2.2.jar;C:\Users\USUARIO\.m2\repository\com\google\jimfs\jimfs\1.3.0\jimfs-1.3.0.jar;C:\Users\USUARIO\.m2\repository\org\mockito\mockito-core\3.3.3\mockito-core-3.3.3.jar;C:\Users\USUARIO\.m2\repository\javax\xml\bind\jaxb-api\2.3.1\jaxb-api-2.3.1.jar;C:\Users\USUARIO\.m2\repository\javax\activation\javax.activation-api\1.2.0\javax.activation-api-1.2.0.jar;C:\Users\USUARIO\.m2\repository\com\sun\xml\bind\jaxb-core\2.3.0.1\jaxb-core-2.3.0.1.jar;C:\Users\USUARIO\.m2\repository\com\sun\xml\bind\jaxb-impl\2.3.3\jaxb-impl-2.3.3.jar;C:\Users\USUARIO\.m2\repository\com\sun\activation\jakarta.activation\1.2.2\jakarta.activation-1.2.2.jar;C:\Users\USUARIO\.m2\repository\javax\activation\activation\1.1.1\activation-1.1.1.jar;C:\Users\USUARIO\.m2\repository\net\serenity-bdd\serenity-cucumber\4.0.1\serenity-cucumber-4.0.1.jar;C:\Users\USUARIO\.m2\repository\io\cucumber\cucumber-core\7.13.0\cucumber-core-7.13.0.jar;C:\Users\USUARIO\.m2\repository\io\cucumber\cucumber-gherkin\7.13.0\cucumber-gherkin-7.13.0.jar;C:\Users\USUARIO\.m2\repository\io\cucumber\cucumber-gherkin-messages\7.13.0\cucumber-gherkin-messages-7.13.0.jar;C:\Users\USUARIO\.m2\repository\io\cucumber\gherkin\26.2.0\gherkin-26.2.0.jar;C:\Users\USUARIO\.m2\repository\io\cucumber\messages\22.0.0\messages-22.0.0.jar;C:\Users\USUARIO\.m2\repository\io\cucumber\tag-expressions\5.0.1\tag-expressions-5.0.1.jar;C:\Users\USUARIO\.m2\repository\io\cucumber\cucumber-expressions\16.1.2\cucumber-expressions-16.1.2.jar;C:\Users\USUARIO\.m2\repository\io\cucumber\datatable\7.13.0\datatable-7.13.0.jar;C:\Users\USUARIO\.m2\repository\io\cucumber\cucumber-plugin\7.13.0\cucumber-plugin-7.13.0.jar;C:\Users\USUARIO\.m2\repository\io\cucumber\docstring\7.13.0\docstring-7.13.0.jar;C:\Users\USUARIO\.m2\repository\io\cucumber\html-formatter\20.3.1\html-formatter-20.3.1.jar;C:\Users\USUARIO\.m2\repository\io\cucumber\junit-xml-formatter\0.2.0\junit-xml-formatter-0.2.0.jar;C:\Users\USUARIO\.m2\repository\io\cucumber\ci-environment\9.2.0\ci-environment-9.2.0.jar;C:\Users\USUARIO\.m2\repository\io\cucumber\cucumber-java\7.13.0\cucumber-java-7.13.0.jar;C:\Users\USUARIO\.m2\repository\io\cucumber\cucumber-junit\7.13.0\cucumber-junit-7.13.0.jar;C:\Users\USUARIO\.m2\repository\org\apache\commons\commons-csv\1.5\commons-csv-1.5.jar;C:\Users\USUARIO\.m2\repository\net\serenity-bdd\serenity-screenplay\4.0.1\serenity-screenplay-4.0.1.jar;C:\Users\USUARIO\.m2\repository\net\serenity-bdd\serenity-screenplay-webdriver\4.0.1\serenity-screenplay-webdriver-4.0.1.jar;C:\Users\USUARIO\.m2\repository\net\serenity-bdd\serenity-ensure\4.0.1\serenity-ensure-4.0.1.jar;C:\Users\USUARIO\.m2\repository\org\jetbrains\kotlin\kotlin-stdlib\1.9.0\kotlin-stdlib-1.9.0.jar;C:\Users\USUARIO\.m2\repository\org\jetbrains\kotlin\kotlin-stdlib-common\1.9.0\kotlin-stdlib-common-1.9.0.jar;C:\Users\USUARIO\.m2\repository\org\jetbrains\annotations\13.0\annotations-13.0.jar;C:\Users\USUARIO\.m2\repository\net\serenity-bdd\serenity-rest-assured\4.0.1\serenity-rest-assured-4.0.1.jar;C:\Users\USUARIO\.m2\repository\org\apache\groovy\groovy-json\4.0.13\groovy-json-4.0.13.jar;C:\Users\USUARIO\.m2\repository\org\apache\groovy\groovy-xml\4.0.13\groovy-xml-4.0.13.jar;C:\Users\USUARIO\.m2\repository\org\opentest4j\opentest4j\1.2.0\opentest4j-1.2.0.jar;C:\Users\USUARIO\.m2\repository\net\serenity-bdd\serenity-junit5\4.0.1\serenity-junit5-4.0.1.jar;C:\Users\USUARIO\.m2\repository\org\junit\jupiter\junit-jupiter-params\5.10.0\junit-jupiter-params-5.10.0.jar;C:\Users\USUARIO\.m2\repository\io\rest-assured\rest-assured\5.4.0\rest-assured-5.4.0.jar;C:\Users\USUARIO\.m2\repository\org\apache\httpcomponents\httpmime\4.5.13\httpmime-4.5.13.jar;C:\Users\USUARIO\.m2\repository\org\ccil\cowan\tagsoup\tagsoup\1.2.1\tagsoup-1.2.1.jar;C:\Users\USUARIO\.m2\repository\io\rest-assured\json-path\5.4.0\json-path-5.4.0.jar;C:\Users\USUARIO\.m2\repository\io\rest-assured\rest-assured-common\5.4.0\rest-assured-common-5.4.0.jar;C:\Users\USUARIO\.m2\repository\io\rest-assured\xml-path\5.4.0\xml-path-5.4.0.jar;C:\Users\USUARIO\.m2\repository\org\json\json\20240303\json-20240303.jar;C:\Users\USUARIO\.m2\repository\net\serenity-bdd\serenity-junit\4.0.1\serenity-junit-4.0.1.jar;C:\Users\USUARIO\.m2\repository\junit\junit\4.13.2\junit-4.13.2.jar;C:\Users\USUARIO\.m2\repository\jakarta\xml\bind\jakarta.xml.bind-api\4.0.0\jakarta.xml.bind-api-4.0.0.jar;C:\Users\USUARIO\.m2\repository\jakarta\activation\jakarta.activation-api\2.1.0\jakarta.activation-api-2.1.0.jar;C:\Users\USUARIO\.m2\repository\org\junit\platform\junit-platform-launcher\1.10.2\junit-platform-launcher-1.10.2.jar;C:\Users\USUARIO\.m2\repository\org\junit\platform\junit-platform-engine\1.10.2\junit-platform-engine-1.10.2.jar;C:\Users\USUARIO\.m2\repository\org\apiguardian\apiguardian-api\1.1.2\apiguardian-api-1.1.2.jar;C:\Users\USUARIO\.m2\repository\io\cucumber\cucumber-junit-platform-engine\7.17.0\cucumber-junit-platform-engine-7.17.0.jar;C:\Users\USUARIO\.m2\repository\org\junit\platform\junit-platform-suite\1.10.2\junit-platform-suite-1.10.2.jar;C:\Users\USUARIO\.m2\repository\org\junit\platform\junit-platform-suite-api\1.10.2\junit-platform-suite-api-1.10.2.jar;C:\Users\USUARIO\.m2\repository\org\junit\platform\junit-platform-suite-engine\1.10.2\junit-platform-suite-engine-1.10.2.jar;C:\Users\USUARIO\.m2\repository\org\junit\platform\junit-platform-suite-commons\1.10.2\junit-platform-suite-commons-1.10.2.jar;C:\Users\USUARIO\.m2\repository\org\junit\jupiter\junit-jupiter-engine\5.10.2\junit-jupiter-engine-5.10.2.jar;C:\Users\USUARIO\.m2\repository\org\junit\vintage\junit-vintage-engine\5.10.2\junit-vintage-engine-5.10.2.jar;C:\Users\USUARIO\.m2\repository\org\junit\jupiter\junit-jupiter-api\5.10.2\junit-jupiter-api-5.10.2.jar;C:\Users\USUARIO\.m2\repository\org\junit\platform\junit-platform-commons\1.10.2\junit-platform-commons-1.10.2.jar;C:\Users\USUARIO\.m2\repository\ch\qos\logback\logback-classic\1.5.6\logback-classic-1.5.6.jar;C:\Users\USUARIO\.m2\repository\ch\qos\logback\logback-core\1.5.6\logback-core-1.5.6.jar;C:\Users\USUARIO\.m2\repository\org\slf4j\slf4j-api\2.0.13\slf4j-api-2.0.13.jar;C:\Users\USUARIO\.m2\repository\org\assertj\assertj-core\3.25.3\assertj-core-3.25.3.jar;C:\Users\USUARIO\.m2\repository\net\bytebuddy\byte-buddy\1.14.11\byte-buddy-1.14.11.jar;C:\Users\USUARIO\.m2\repository\com\opencsv\opencsv\5.9\opencsv-5.9.jar;C:\Users\USUARIO\.m2\repository\org\apache\commons\commons-text\1.11.0\commons-text-1.11.0.jar;C:\Users\USUARIO\.m2\repository\com\jayway\jsonpath\json-path\2.8.0\json-path-2.8.0.jar;C:\Users\USUARIO\.m2\repository\net\minidev\json-smart\2.4.10\json-smart-2.4.10.jar;C:\Users\USUARIO\.m2\repository\net\minidev\accessors-smart\2.4.9\accessors-smart-2.4.9.jar;C:\Users\USUARIO\.m2\repository\org\ow2\asm\asm\9.3\asm-9.3.jar;"/>
    <property name="java.vm.vendor" value="Oracle Corporation"/>
    <property name="sun.arch.data.model" value="64"/>
    <property name="user.variant" value=""/>
    <property name="java.vendor.url" value="https://java.oracle.com/"/>
    <property name="user.timezone" value="America/Bogota"/>
    <property name="os.name" value="Windows 11"/>
    <property name="java.vm.specification.version" value="22"/>
    <property name="sun.java.launcher" value="SUN_STANDARD"/>
    <property name="user.country" value="CO"/>
    <property name="sun.boot.library.path" value="C:\Program Files\Java\jdk-22\bin"/>
    <property name="sun.java.command" value="C:\Users\USUARIO\AppData\Local\Temp\surefire16376927794389648174\surefirebooter-20240427222438156_6.jar C:\Users\USUARIO\AppData\Local\Temp\surefire16376927794389648174 2024-04-27T22-24-36_484-jvmRun1 surefire-20240427222438156_2tmp surefire_0-20240427222438156_4tmp"/>
    <property name="jdk.debug" value="release"/>
    <property name="surefire.test.class.path" value="C:\Users\USUARIO\OneDrive\Documentos\02 Automatización\03 Pragma\pragma\pragma\target\test-classes;C:\Users\USUARIO\OneDrive\Documentos\02 Automatización\03 Pragma\pragma\pragma\target\pragma-1.0-SNAPSHOT.jar;C:\Users\USUARIO\.m2\repository\net\serenity-bdd\serenity-core\4.0.1\serenity-core-4.0.1.jar;C:\Users\USUARIO\.m2\repository\net\serenity-bdd\serenity-model\4.0.1\serenity-model-4.0.1.jar;C:\Users\USUARIO\.m2\repository\commons-net\commons-net\3.9.0\commons-net-3.9.0.jar;C:\Users\USUARIO\.m2\repository\com\google\guava\guava\32.1.2-jre\guava-32.1.2-jre.jar;C:\Users\USUARIO\.m2\repository\com\google\guava\failureaccess\1.0.1\failureaccess-1.0.1.jar;C:\Users\USUARIO\.m2\repository\com\google\guava\listenablefuture\9999.0-empty-to-avoid-conflict-with-guava\listenablefuture-9999.0-empty-to-avoid-conflict-with-guava.jar;C:\Users\USUARIO\.m2\repository\com\google\code\findbugs\jsr305\3.0.2\jsr305-3.0.2.jar;C:\Users\USUARIO\.m2\repository\org\checkerframework\checker-qual\3.33.0\checker-qual-3.33.0.jar;C:\Users\USUARIO\.m2\repository\com\google\errorprone\error_prone_annotations\2.18.0\error_prone_annotations-2.18.0.jar;C:\Users\USUARIO\.m2\repository\com\google\j2objc\j2objc-annotations\2.8\j2objc-annotations-2.8.jar;C:\Users\USUARIO\.m2\repository\org\jsoup\jsoup\1.15.4\jsoup-1.15.4.jar;C:\Users\USUARIO\.m2\repository\com\thoughtworks\xstream\xstream\1.4.20\xstream-1.4.20.jar;C:\Users\USUARIO\.m2\repository\io\github\x-stream\mxparser\1.2.2\mxparser-1.2.2.jar;C:\Users\USUARIO\.m2\repository\xmlpull\xmlpull\1.1.3.1\xmlpull-1.1.3.1.jar;C:\Users\USUARIO\.m2\repository\com\typesafe\config\1.4.2\config-1.4.2.jar;C:\Users\USUARIO\.m2\repository\org\imgscalr\imgscalr-lib\4.2\imgscalr-lib-4.2.jar;C:\Users\USUARIO\.m2\repository\org\awaitility\awaitility\4.2.0\awaitility-4.2.0.jar;C:\Users\USUARIO\.m2\repository\org\freemarker\freemarker\2.3.31\freemarker-2.3.31.jar;C:\Users\USUARIO\.m2\repository\io\github\classgraph\classgraph\4.8.157\classgraph-4.8.157.jar;C:\Users\USUARIO\.m2\repository\com\github\ben-manes\caffeine\caffeine\2.9.2\caffeine-2.9.2.jar;C:\Users\USUARIO\.m2\repository\org\ehcache\ehcache\3.10.8\ehcache-3.10.8.jar;C:\Users\USUARIO\.m2\repository\javax\cache\cache-api\1.1.0\cache-api-1.1.0.jar;C:\Users\USUARIO\.m2\repository\net\sourceforge\jexcelapi\jxl\2.6.12\jxl-2.6.12.jar;C:\Users\USUARIO\.m2\repository\net\bytebuddy\byte-buddy-agent\1.14.5\byte-buddy-agent-1.14.5.jar;C:\Users\USUARIO\.m2\repository\org\objenesis\objenesis\3.3\objenesis-3.3.jar;C:\Users\USUARIO\.m2\repository\com\vladsch\flexmark\flexmark-all\0.64.8\flexmark-all-0.64.8.jar;C:\Users\USUARIO\.m2\repository\com\vladsch\flexmark\flexmark\0.64.8\flexmark-0.64.8.jar;C:\Users\USUARIO\.m2\repository\com\vladsch\flexmark\flexmark-ext-abbreviation\0.64.8\flexmark-ext-abbreviation-0.64.8.jar;C:\Users\USUARIO\.m2\repository\com\vladsch\flexmark\flexmark-util\0.64.8\flexmark-util-0.64.8.jar;C:\Users\USUARIO\.m2\repository\com\vladsch\flexmark\flexmark-ext-admonition\0.64.8\flexmark-ext-admonition-0.64.8.jar;C:\Users\USUARIO\.m2\repository\com\vladsch\flexmark\flexmark-ext-anchorlink\0.64.8\flexmark-ext-anchorlink-0.64.8.jar;C:\Users\USUARIO\.m2\repository\com\vladsch\flexmark\flexmark-ext-aside\0.64.8\flexmark-ext-aside-0.64.8.jar;C:\Users\USUARIO\.m2\repository\com\vladsch\flexmark\flexmark-ext-attributes\0.64.8\flexmark-ext-attributes-0.64.8.jar;C:\Users\USUARIO\.m2\repository\com\vladsch\flexmark\flexmark-ext-autolink\0.64.8\flexmark-ext-autolink-0.64.8.jar;C:\Users\USUARIO\.m2\repository\org\nibor\autolink\autolink\0.6.0\autolink-0.6.0.jar;C:\Users\USUARIO\.m2\repository\com\vladsch\flexmark\flexmark-ext-definition\0.64.8\flexmark-ext-definition-0.64.8.jar;C:\Users\USUARIO\.m2\repository\com\vladsch\flexmark\flexmark-ext-emoji\0.64.8\flexmark-ext-emoji-0.64.8.jar;C:\Users\USUARIO\.m2\repository\com\vladsch\flexmark\flexmark-ext-enumerated-reference\0.64.8\flexmark-ext-enumerated-reference-0.64.8.jar;C:\Users\USUARIO\.m2\repository\com\vladsch\flexmark\flexmark-ext-escaped-character\0.64.8\flexmark-ext-escaped-character-0.64.8.jar;C:\Users\USUARIO\.m2\repository\com\vladsch\flexmark\flexmark-ext-footnotes\0.64.8\flexmark-ext-footnotes-0.64.8.jar;C:\Users\USUARIO\.m2\repository\com\vladsch\flexmark\flexmark-ext-gfm-issues\0.64.8\flexmark-ext-gfm-issues-0.64.8.jar;C:\Users\USUARIO\.m2\repository\com\vladsch\flexmark\flexmark-ext-gfm-strikethrough\0.64.8\flexmark-ext-gfm-strikethrough-0.64.8.jar;C:\Users\USUARIO\.m2\repository\com\vladsch\flexmark\flexmark-ext-gfm-tasklist\0.64.8\flexmark-ext-gfm-tasklist-0.64.8.jar;C:\Users\USUARIO\.m2\repository\com\vladsch\flexmark\flexmark-ext-gfm-users\0.64.8\flexmark-ext-gfm-users-0.64.8.jar;C:\Users\USUARIO\.m2\repository\com\vladsch\flexmark\flexmark-ext-gitlab\0.64.8\flexmark-ext-gitlab-0.64.8.jar;C:\Users\USUARIO\.m2\repository\com\vladsch\flexmark\flexmark-ext-jekyll-front-matter\0.64.8\flexmark-ext-jekyll-front-matter-0.64.8.jar;C:\Users\USUARIO\.m2\repository\com\vladsch\flexmark\flexmark-ext-jekyll-tag\0.64.8\flexmark-ext-jekyll-tag-0.64.8.jar;C:\Users\USUARIO\.m2\repository\com\vladsch\flexmark\flexmark-ext-media-tags\0.64.8\flexmark-ext-media-tags-0.64.8.jar;C:\Users\USUARIO\.m2\repository\com\vladsch\flexmark\flexmark-ext-resizable-image\0.64.8\flexmark-ext-resizable-image-0.64.8.jar;C:\Users\USUARIO\.m2\repository\com\vladsch\flexmark\flexmark-ext-macros\0.64.8\flexmark-ext-macros-0.64.8.jar;C:\Users\USUARIO\.m2\repository\com\vladsch\flexmark\flexmark-ext-ins\0.64.8\flexmark-ext-ins-0.64.8.jar;C:\Users\USUARIO\.m2\repository\com\vladsch\flexmark\flexmark-ext-xwiki-macros\0.64.8\flexmark-ext-xwiki-macros-0.64.8.jar;C:\Users\USUARIO\.m2\repository\com\vladsch\flexmark\flexmark-ext-superscript\0.64.8\flexmark-ext-superscript-0.64.8.jar;C:\Users\USUARIO\.m2\repository\com\vladsch\flexmark\flexmark-ext-tables\0.64.8\flexmark-ext-tables-0.64.8.jar;C:\Users\USUARIO\.m2\repository\com\vladsch\flexmark\flexmark-ext-toc\0.64.8\flexmark-ext-toc-0.64.8.jar;C:\Users\USUARIO\.m2\repository\com\vladsch\flexmark\flexmark-ext-typographic\0.64.8\flexmark-ext-typographic-0.64.8.jar;C:\Users\USUARIO\.m2\repository\com\vladsch\flexmark\flexmark-ext-wikilink\0.64.8\flexmark-ext-wikilink-0.64.8.jar;C:\Users\USUARIO\.m2\repository\com\vladsch\flexmark\flexmark-ext-yaml-front-matter\0.64.8\flexmark-ext-yaml-front-matter-0.64.8.jar;C:\Users\USUARIO\.m2\repository\com\vladsch\flexmark\flexmark-ext-youtube-embedded\0.64.8\flexmark-ext-youtube-embedded-0.64.8.jar;C:\Users\USUARIO\.m2\repository\com\vladsch\flexmark\flexmark-html2md-converter\0.64.8\flexmark-html2md-converter-0.64.8.jar;C:\Users\USUARIO\.m2\repository\com\vladsch\flexmark\flexmark-jira-converter\0.64.8\flexmark-jira-converter-0.64.8.jar;C:\Users\USUARIO\.m2\repository\com\vladsch\flexmark\flexmark-pdf-converter\0.64.8\flexmark-pdf-converter-0.64.8.jar;C:\Users\USUARIO\.m2\repository\com\openhtmltopdf\openhtmltopdf-core\1.0.10\openhtmltopdf-core-1.0.10.jar;C:\Users\USUARIO\.m2\repository\com\openhtmltopdf\openhtmltopdf-pdfbox\1.0.10\openhtmltopdf-pdfbox-1.0.10.jar;C:\Users\USUARIO\.m2\repository\org\apache\pdfbox\pdfbox\2.0.24\pdfbox-2.0.24.jar;C:\Users\USUARIO\.m2\repository\org\apache\pdfbox\fontbox\2.0.24\fontbox-2.0.24.jar;C:\Users\USUARIO\.m2\repository\org\apache\pdfbox\xmpbox\2.0.24\xmpbox-2.0.24.jar;C:\Users\USUARIO\.m2\repository\de\rototor\pdfbox\graphics2d\0.32\graphics2d-0.32.jar;C:\Users\USUARIO\.m2\repository\com\openhtmltopdf\openhtmltopdf-rtl-support\1.0.10\openhtmltopdf-rtl-support-1.0.10.jar;C:\Users\USUARIO\.m2\repository\com\vladsch\flexmark\flexmark-profile-pegdown\0.64.8\flexmark-profile-pegdown-0.64.8.jar;C:\Users\USUARIO\.m2\repository\com\vladsch\flexmark\flexmark-util-ast\0.64.8\flexmark-util-ast-0.64.8.jar;C:\Users\USUARIO\.m2\repository\com\vladsch\flexmark\flexmark-util-builder\0.64.8\flexmark-util-builder-0.64.8.jar;C:\Users\USUARIO\.m2\repository\com\vladsch\flexmark\flexmark-util-collection\0.64.8\flexmark-util-collection-0.64.8.jar;C:\Users\USUARIO\.m2\repository\com\vladsch\flexmark\flexmark-util-data\0.64.8\flexmark-util-data-0.64.8.jar;C:\Users\USUARIO\.m2\repository\com\vladsch\flexmark\flexmark-util-dependency\0.64.8\flexmark-util-dependency-0.64.8.jar;C:\Users\USUARIO\.m2\repository\com\vladsch\flexmark\flexmark-util-format\0.64.8\flexmark-util-format-0.64.8.jar;C:\Users\USUARIO\.m2\repository\com\vladsch\flexmark\flexmark-util-html\0.64.8\flexmark-util-html-0.64.8.jar;C:\Users\USUARIO\.m2\repository\com\vladsch\flexmark\flexmark-util-misc\0.64.8\flexmark-util-misc-0.64.8.jar;C:\Users\USUARIO\.m2\repository\com\vladsch\flexmark\flexmark-util-options\0.64.8\flexmark-util-options-0.64.8.jar;C:\Users\USUARIO\.m2\repository\com\vladsch\flexmark\flexmark-util-sequence\0.64.8\flexmark-util-sequence-0.64.8.jar;C:\Users\USUARIO\.m2\repository\com\vladsch\flexmark\flexmark-util-visitor\0.64.8\flexmark-util-visitor-0.64.8.jar;C:\Users\USUARIO\.m2\repository\com\vladsch\flexmark\flexmark-youtrack-converter\0.64.8\flexmark-youtrack-converter-0.64.8.jar;C:\Users\USUARIO\.m2\repository\net\serenity-bdd\serenity-reports\4.0.1\serenity-reports-4.0.1.jar;C:\Users\USUARIO\.m2\repository\net\serenity-bdd\serenity-stats\4.0.1\serenity-stats-4.0.1.jar;C:\Users\USUARIO\.m2\repository\net\serenity-bdd\serenity-reports-configuration\4.0.1\serenity-reports-configuration-4.0.1.jar;C:\Users\USUARIO\.m2\repository\com\ibm\icu\icu4j\72.1\icu4j-72.1.jar;C:\Users\USUARIO\.m2\repository\es\nitaur\markdown\txtmark\0.16\txtmark-0.16.jar;C:\Users\USUARIO\.m2\repository\net\serenity-bdd\serenity-report-resources\4.0.1\serenity-report-resources-4.0.1.jar;C:\Users\USUARIO\.m2\repository\com\google\code\gson\gson\2.10.1\gson-2.10.1.jar;C:\Users\USUARIO\.m2\repository\com\fasterxml\jackson\core\jackson-core\2.15.2\jackson-core-2.15.2.jar;C:\Users\USUARIO\.m2\repository\com\fasterxml\jackson\core\jackson-databind\2.15.2\jackson-databind-2.15.2.jar;C:\Users\USUARIO\.m2\repository\com\fasterxml\jackson\core\jackson-annotations\2.15.2\jackson-annotations-2.15.2.jar;C:\Users\USUARIO\.m2\repository\commons-codec\commons-codec\1.16.0\commons-codec-1.16.0.jar;C:\Users\USUARIO\.m2\repository\commons-io\commons-io\2.11.0\commons-io-2.11.0.jar;C:\Users\USUARIO\.m2\repository\org\apache\httpcomponents\httpclient\4.5.13\httpclient-4.5.13.jar;C:\Users\USUARIO\.m2\repository\org\apache\httpcomponents\httpcore\4.4.13\httpcore-4.4.13.jar;C:\Users\USUARIO\.m2\repository\commons-logging\commons-logging\1.2\commons-logging-1.2.jar;C:\Users\USUARIO\.m2\repository\org\seleniumhq\selenium\selenium-java\4.12.0\selenium-java-4.12.0.jar;C:\Users\USUARIO\.m2\repository\org\seleniumhq\selenium\selenium-devtools-v114\4.12.0\selenium-devtools-v114-4.12.0.jar;C:\Users\USUARIO\.m2\repository\org\seleniumhq\selenium\selenium-devtools-v115\4.12.0\selenium-devtools-v115-4.12.0.jar;C:\Users\USUARIO\.m2\repository\org\seleniumhq\selenium\selenium-devtools-v116\4.12.0\selenium-devtools-v116-4.12.0.jar;C:\Users\USUARIO\.m2\repository\org\seleniumhq\selenium\selenium-devtools-v85\4.12.0\selenium-devtools-v85-4.12.0.jar;C:\Users\USUARIO\.m2\repository\org\seleniumhq\selenium\selenium-remote-driver\4.12.0\selenium-remote-driver-4.12.0.jar;C:\Users\USUARIO\.m2\repository\io\netty\netty-buffer\4.1.96.Final\netty-buffer-4.1.96.Final.jar;C:\Users\USUARIO\.m2\repository\io\netty\netty-codec-http\4.1.96.Final\netty-codec-http-4.1.96.Final.jar;C:\Users\USUARIO\.m2\repository\io\netty\netty-codec\4.1.96.Final\netty-codec-4.1.96.Final.jar;C:\Users\USUARIO\.m2\repository\io\netty\netty-handler\4.1.96.Final\netty-handler-4.1.96.Final.jar;C:\Users\USUARIO\.m2\repository\io\netty\netty-common\4.1.96.Final\netty-common-4.1.96.Final.jar;C:\Users\USUARIO\.m2\repository\io\netty\netty-transport-classes-epoll\4.1.96.Final\netty-transport-classes-epoll-4.1.96.Final.jar;C:\Users\USUARIO\.m2\repository\io\netty\netty-transport-classes-kqueue\4.1.96.Final\netty-transport-classes-kqueue-4.1.96.Final.jar;C:\Users\USUARIO\.m2\repository\io\netty\netty-transport-native-epoll\4.1.96.Final\netty-transport-native-epoll-4.1.96.Final.jar;C:\Users\USUARIO\.m2\repository\io\netty\netty-transport-native-kqueue\4.1.96.Final\netty-transport-native-kqueue-4.1.96.Final.jar;C:\Users\USUARIO\.m2\repository\io\netty\netty-transport-native-unix-common\4.1.96.Final\netty-transport-native-unix-common-4.1.96.Final.jar;C:\Users\USUARIO\.m2\repository\io\netty\netty-transport\4.1.96.Final\netty-transport-4.1.96.Final.jar;C:\Users\USUARIO\.m2\repository\io\netty\netty-resolver\4.1.96.Final\netty-resolver-4.1.96.Final.jar;C:\Users\USUARIO\.m2\repository\io\opentelemetry\opentelemetry-api\1.28.0\opentelemetry-api-1.28.0.jar;C:\Users\USUARIO\.m2\repository\io\opentelemetry\opentelemetry-context\1.28.0\opentelemetry-context-1.28.0.jar;C:\Users\USUARIO\.m2\repository\io\opentelemetry\opentelemetry-exporter-logging\1.28.0\opentelemetry-exporter-logging-1.28.0.jar;C:\Users\USUARIO\.m2\repository\io\opentelemetry\opentelemetry-sdk-metrics\1.28.0\opentelemetry-sdk-metrics-1.28.0.jar;C:\Users\USUARIO\.m2\repository\io\opentelemetry\opentelemetry-extension-incubator\1.28.0-alpha\opentelemetry-extension-incubator-1.28.0-alpha.jar;C:\Users\USUARIO\.m2\repository\io\opentelemetry\opentelemetry-sdk-logs\1.28.0\opentelemetry-sdk-logs-1.28.0.jar;C:\Users\USUARIO\.m2\repository\io\opentelemetry\opentelemetry-sdk-common\1.28.0\opentelemetry-sdk-common-1.28.0.jar;C:\Users\USUARIO\.m2\repository\io\opentelemetry\opentelemetry-sdk-extension-autoconfigure-spi\1.28.0\opentelemetry-sdk-extension-autoconfigure-spi-1.28.0.jar;C:\Users\USUARIO\.m2\repository\io\opentelemetry\opentelemetry-sdk-extension-autoconfigure\1.28.0\opentelemetry-sdk-extension-autoconfigure-1.28.0.jar;C:\Users\USUARIO\.m2\repository\io\opentelemetry\opentelemetry-api-events\1.28.0-alpha\opentelemetry-api-events-1.28.0-alpha.jar;C:\Users\USUARIO\.m2\repository\io\opentelemetry\opentelemetry-sdk-trace\1.28.0\opentelemetry-sdk-trace-1.28.0.jar;C:\Users\USUARIO\.m2\repository\io\opentelemetry\opentelemetry-sdk\1.28.0\opentelemetry-sdk-1.28.0.jar;C:\Users\USUARIO\.m2\repository\io\opentelemetry\opentelemetry-semconv\1.28.0-alpha\opentelemetry-semconv-1.28.0-alpha.jar;C:\Users\USUARIO\.m2\repository\org\asynchttpclient\async-http-client\2.12.3\async-http-client-2.12.3.jar;C:\Users\USUARIO\.m2\repository\org\asynchttpclient\async-http-client-netty-utils\2.12.3\async-http-client-netty-utils-2.12.3.jar;C:\Users\USUARIO\.m2\repository\io\netty\netty-codec-socks\4.1.60.Final\netty-codec-socks-4.1.60.Final.jar;C:\Users\USUARIO\.m2\repository\io\netty\netty-handler-proxy\4.1.60.Final\netty-handler-proxy-4.1.60.Final.jar;C:\Users\USUARIO\.m2\repository\io\netty\netty-transport-native-epoll\4.1.60.Final\netty-transport-native-epoll-4.1.60.Final-linux-x86_64.jar;C:\Users\USUARIO\.m2\repository\io\netty\netty-transport-native-kqueue\4.1.60.Final\netty-transport-native-kqueue-4.1.60.Final-osx-x86_64.jar;C:\Users\USUARIO\.m2\repository\org\reactivestreams\reactive-streams\1.0.3\reactive-streams-1.0.3.jar;C:\Users\USUARIO\.m2\repository\com\typesafe\netty\netty-reactive-streams\2.0.4\netty-reactive-streams-2.0.4.jar;C:\Users\USUARIO\.m2\repository\org\seleniumhq\selenium\selenium-os\4.12.0\selenium-os-4.12.0.jar;C:\Users\USUARIO\.m2\repository\org\apache\commons\commons-exec\1.3\commons-exec-1.3.jar;C:\Users\USUARIO\.m2\repository\org\seleniumhq\selenium\selenium-safari-driver\4.12.0\selenium-safari-driver-4.12.0.jar;C:\Users\USUARIO\.m2\repository\org\seleniumhq\selenium\selenium-api\4.12.0\selenium-api-4.12.0.jar;C:\Users\USUARIO\.m2\repository\org\seleniumhq\selenium\selenium-support\4.12.0\selenium-support-4.12.0.jar;C:\Users\USUARIO\.m2\repository\com\google\auto\service\auto-service-annotations\1.1.1\auto-service-annotations-1.1.1.jar;C:\Users\USUARIO\.m2\repository\org\seleniumhq\selenium\selenium-json\4.12.0\selenium-json-4.12.0.jar;C:\Users\USUARIO\.m2\repository\org\seleniumhq\selenium\selenium-chrome-driver\4.12.0\selenium-chrome-driver-4.12.0.jar;C:\Users\USUARIO\.m2\repository\org\seleniumhq\selenium\selenium-chromium-driver\4.12.0\selenium-chromium-driver-4.12.0.jar;C:\Users\USUARIO\.m2\repository\org\seleniumhq\selenium\selenium-manager\4.12.0\selenium-manager-4.12.0.jar;C:\Users\USUARIO\.m2\repository\org\seleniumhq\selenium\selenium-firefox-driver\4.12.0\selenium-firefox-driver-4.12.0.jar;C:\Users\USUARIO\.m2\repository\org\seleniumhq\selenium\selenium-http\4.12.0\selenium-http-4.12.0.jar;C:\Users\USUARIO\.m2\repository\dev\failsafe\failsafe\3.3.2\failsafe-3.3.2.jar;C:\Users\USUARIO\.m2\repository\org\seleniumhq\selenium\selenium-edge-driver\4.12.0\selenium-edge-driver-4.12.0.jar;C:\Users\USUARIO\.m2\repository\org\seleniumhq\selenium\selenium-ie-driver\4.12.0\selenium-ie-driver-4.12.0.jar;C:\Users\USUARIO\.m2\repository\org\projectlombok\lombok\1.18.20\lombok-1.18.20.jar;C:\Users\USUARIO\.m2\repository\org\htmlunit\htmlunit\3.4.0\htmlunit-3.4.0.jar;C:\Users\USUARIO\.m2\repository\org\htmlunit\htmlunit-core-js\3.4.0\htmlunit-core-js-3.4.0.jar;C:\Users\USUARIO\.m2\repository\org\htmlunit\neko-htmlunit\3.4.0\neko-htmlunit-3.4.0.jar;C:\Users\USUARIO\.m2\repository\org\htmlunit\htmlunit-cssparser\3.4.0\htmlunit-cssparser-3.4.0.jar;C:\Users\USUARIO\.m2\repository\org\htmlunit\htmlunit-xpath\3.4.0\htmlunit-xpath-3.4.0.jar;C:\Users\USUARIO\.m2\repository\org\brotli\dec\0.1.2\dec-0.1.2.jar;C:\Users\USUARIO\.m2\repository\com\shapesecurity\salvation2\3.0.1\salvation2-3.0.1.jar;C:\Users\USUARIO\.m2\repository\org\eclipse\jetty\websocket\websocket-client\9.4.51.v20230217\websocket-client-9.4.51.v20230217.jar;C:\Users\USUARIO\.m2\repository\org\eclipse\jetty\jetty-client\9.4.51.v20230217\jetty-client-9.4.51.v20230217.jar;C:\Users\USUARIO\.m2\repository\org\eclipse\jetty\jetty-http\9.4.51.v20230217\jetty-http-9.4.51.v20230217.jar;C:\Users\USUARIO\.m2\repository\org\eclipse\jetty\jetty-util\9.4.51.v20230217\jetty-util-9.4.51.v20230217.jar;C:\Users\USUARIO\.m2\repository\org\eclipse\jetty\jetty-io\9.4.51.v20230217\jetty-io-9.4.51.v20230217.jar;C:\Users\USUARIO\.m2\repository\org\eclipse\jetty\websocket\websocket-common\9.4.51.v20230217\websocket-common-9.4.51.v20230217.jar;C:\Users\USUARIO\.m2\repository\org\eclipse\jetty\websocket\websocket-api\9.4.51.v20230217\websocket-api-9.4.51.v20230217.jar;C:\Users\USUARIO\.m2\repository\org\seleniumhq\selenium\htmlunit3-driver\4.10.0\htmlunit3-driver-4.10.0.jar;C:\Users\USUARIO\.m2\repository\io\appium\java-client\8.3.0\java-client-8.3.0.jar;C:\Users\USUARIO\.m2\repository\commons-validator\commons-validator\1.7\commons-validator-1.7.jar;C:\Users\USUARIO\.m2\repository\commons-digester\commons-digester\2.1\commons-digester-2.1.jar;C:\Users\USUARIO\.m2\repository\org\apache\groovy\groovy\4.0.13\groovy-4.0.13.jar;C:\Users\USUARIO\.m2\repository\net\sf\opencsv\opencsv\2.0\opencsv-2.0.jar;C:\Users\USUARIO\.m2\repository\commons-beanutils\commons-beanutils\1.9.4\commons-beanutils-1.9.4.jar;C:\Users\USUARIO\.m2\repository\commons-collections\commons-collections\3.2.2\commons-collections-3.2.2.jar;C:\Users\USUARIO\.m2\repository\org\apache\commons\commons-lang3\3.13.0\commons-lang3-3.13.0.jar;C:\Users\USUARIO\.m2\repository\org\apache\commons\commons-collections4\4.4\commons-collections4-4.4.jar;C:\Users\USUARIO\.m2\repository\org\apache\commons\commons-compress\1.23.0\commons-compress-1.23.0.jar;C:\Users\USUARIO\.m2\repository\org\fluentlenium\fluentlenium-core\0.10.2\fluentlenium-core-0.10.2.jar;C:\Users\USUARIO\.m2\repository\com\jhlabs\filters\2.0.235\filters-2.0.235.jar;C:\Users\USUARIO\.m2\repository\com\paulhammant\ngwebdriver\1.1.6\ngwebdriver-1.1.6.jar;C:\Users\USUARIO\.m2\repository\joda-time\joda-time\2.12.2\joda-time-2.12.2.jar;C:\Users\USUARIO\.m2\repository\org\hamcrest\hamcrest\2.2\hamcrest-2.2.jar;C:\Users\USUARIO\.m2\repository\com\google\jimfs\jimfs\1.3.0\jimfs-1.3.0.jar;C:\Users\USUARIO\.m2\repository\org\mockito\mockito-core\3.3.3\mockito-core-3.3.3.jar;C:\Users\USUARIO\.m2\repository\javax\xml\bind\jaxb-api\2.3.1\jaxb-api-2.3.1.jar;C:\Users\USUARIO\.m2\repository\javax\activation\javax.activation-api\1.2.0\javax.activation-api-1.2.0.jar;C:\Users\USUARIO\.m2\repository\com\sun\xml\bind\jaxb-core\2.3.0.1\jaxb-core-2.3.0.1.jar;C:\Users\USUARIO\.m2\repository\com\sun\xml\bind\jaxb-impl\2.3.3\jaxb-impl-2.3.3.jar;C:\Users\USUARIO\.m2\repository\com\sun\activation\jakarta.activation\1.2.2\jakarta.activation-1.2.2.jar;C:\Users\USUARIO\.m2\repository\javax\activation\activation\1.1.1\activation-1.1.1.jar;C:\Users\USUARIO\.m2\repository\net\serenity-bdd\serenity-cucumber\4.0.1\serenity-cucumber-4.0.1.jar;C:\Users\USUARIO\.m2\repository\io\cucumber\cucumber-core\7.13.0\cucumber-core-7.13.0.jar;C:\Users\USUARIO\.m2\repository\io\cucumber\cucumber-gherkin\7.13.0\cucumber-gherkin-7.13.0.jar;C:\Users\USUARIO\.m2\repository\io\cucumber\cucumber-gherkin-messages\7.13.0\cucumber-gherkin-messages-7.13.0.jar;C:\Users\USUARIO\.m2\repository\io\cucumber\gherkin\26.2.0\gherkin-26.2.0.jar;C:\Users\USUARIO\.m2\repository\io\cucumber\messages\22.0.0\messages-22.0.0.jar;C:\Users\USUARIO\.m2\repository\io\cucumber\tag-expressions\5.0.1\tag-expressions-5.0.1.jar;C:\Users\USUARIO\.m2\repository\io\cucumber\cucumber-expressions\16.1.2\cucumber-expressions-16.1.2.jar;C:\Users\USUARIO\.m2\repository\io\cucumber\datatable\7.13.0\datatable-7.13.0.jar;C:\Users\USUARIO\.m2\repository\io\cucumber\cucumber-plugin\7.13.0\cucumber-plugin-7.13.0.jar;C:\Users\USUARIO\.m2\repository\io\cucumber\docstring\7.13.0\docstring-7.13.0.jar;C:\Users\USUARIO\.m2\repository\io\cucumber\html-formatter\20.3.1\html-formatter-20.3.1.jar;C:\Users\USUARIO\.m2\repository\io\cucumber\junit-xml-formatter\0.2.0\junit-xml-formatter-0.2.0.jar;C:\Users\USUARIO\.m2\repository\io\cucumber\ci-environment\9.2.0\ci-environment-9.2.0.jar;C:\Users\USUARIO\.m2\repository\io\cucumber\cucumber-java\7.13.0\cucumber-java-7.13.0.jar;C:\Users\USUARIO\.m2\repository\io\cucumber\cucumber-junit\7.13.0\cucumber-junit-7.13.0.jar;C:\Users\USUARIO\.m2\repository\org\apache\commons\commons-csv\1.5\commons-csv-1.5.jar;C:\Users\USUARIO\.m2\repository\net\serenity-bdd\serenity-screenplay\4.0.1\serenity-screenplay-4.0.1.jar;C:\Users\USUARIO\.m2\repository\net\serenity-bdd\serenity-screenplay-webdriver\4.0.1\serenity-screenplay-webdriver-4.0.1.jar;C:\Users\USUARIO\.m2\repository\net\serenity-bdd\serenity-ensure\4.0.1\serenity-ensure-4.0.1.jar;C:\Users\USUARIO\.m2\repository\org\jetbrains\kotlin\kotlin-stdlib\1.9.0\kotlin-stdlib-1.9.0.jar;C:\Users\USUARIO\.m2\repository\org\jetbrains\kotlin\kotlin-stdlib-common\1.9.0\kotlin-stdlib-common-1.9.0.jar;C:\Users\USUARIO\.m2\repository\org\jetbrains\annotations\13.0\annotations-13.0.jar;C:\Users\USUARIO\.m2\repository\net\serenity-bdd\serenity-rest-assured\4.0.1\serenity-rest-assured-4.0.1.jar;C:\Users\USUARIO\.m2\repository\org\apache\groovy\groovy-json\4.0.13\groovy-json-4.0.13.jar;C:\Users\USUARIO\.m2\repository\org\apache\groovy\groovy-xml\4.0.13\groovy-xml-4.0.13.jar;C:\Users\USUARIO\.m2\repository\org\opentest4j\opentest4j\1.2.0\opentest4j-1.2.0.jar;C:\Users\USUARIO\.m2\repository\net\serenity-bdd\serenity-junit5\4.0.1\serenity-junit5-4.0.1.jar;C:\Users\USUARIO\.m2\repository\org\junit\jupiter\junit-jupiter-params\5.10.0\junit-jupiter-params-5.10.0.jar;C:\Users\USUARIO\.m2\repository\io\rest-assured\rest-assured\5.4.0\rest-assured-5.4.0.jar;C:\Users\USUARIO\.m2\repository\org\apache\httpcomponents\httpmime\4.5.13\httpmime-4.5.13.jar;C:\Users\USUARIO\.m2\repository\org\ccil\cowan\tagsoup\tagsoup\1.2.1\tagsoup-1.2.1.jar;C:\Users\USUARIO\.m2\repository\io\rest-assured\json-path\5.4.0\json-path-5.4.0.jar;C:\Users\USUARIO\.m2\repository\io\rest-assured\rest-assured-common\5.4.0\rest-assured-common-5.4.0.jar;C:\Users\USUARIO\.m2\repository\io\rest-assured\xml-path\5.4.0\xml-path-5.4.0.jar;C:\Users\USUARIO\.m2\repository\org\json\json\20240303\json-20240303.jar;C:\Users\USUARIO\.m2\repository\net\serenity-bdd\serenity-junit\4.0.1\serenity-junit-4.0.1.jar;C:\Users\USUARIO\.m2\repository\junit\junit\4.13.2\junit-4.13.2.jar;C:\Users\USUARIO\.m2\repository\jakarta\xml\bind\jakarta.xml.bind-api\4.0.0\jakarta.xml.bind-api-4.0.0.jar;C:\Users\USUARIO\.m2\repository\jakarta\activation\jakarta.activation-api\2.1.0\jakarta.activation-api-2.1.0.jar;C:\Users\USUARIO\.m2\repository\org\junit\platform\junit-platform-launcher\1.10.2\junit-platform-launcher-1.10.2.jar;C:\Users\USUARIO\.m2\repository\org\junit\platform\junit-platform-engine\1.10.2\junit-platform-engine-1.10.2.jar;C:\Users\USUARIO\.m2\repository\org\apiguardian\apiguardian-api\1.1.2\apiguardian-api-1.1.2.jar;C:\Users\USUARIO\.m2\repository\io\cucumber\cucumber-junit-platform-engine\7.17.0\cucumber-junit-platform-engine-7.17.0.jar;C:\Users\USUARIO\.m2\repository\org\junit\platform\junit-platform-suite\1.10.2\junit-platform-suite-1.10.2.jar;C:\Users\USUARIO\.m2\repository\org\junit\platform\junit-platform-suite-api\1.10.2\junit-platform-suite-api-1.10.2.jar;C:\Users\USUARIO\.m2\repository\org\junit\platform\junit-platform-suite-engine\1.10.2\junit-platform-suite-engine-1.10.2.jar;C:\Users\USUARIO\.m2\repository\org\junit\platform\junit-platform-suite-commons\1.10.2\junit-platform-suite-commons-1.10.2.jar;C:\Users\USUARIO\.m2\repository\org\junit\jupiter\junit-jupiter-engine\5.10.2\junit-jupiter-engine-5.10.2.jar;C:\Users\USUARIO\.m2\repository\org\junit\vintage\junit-vintage-engine\5.10.2\junit-vintage-engine-5.10.2.jar;C:\Users\USUARIO\.m2\repository\org\junit\jupiter\junit-jupiter-api\5.10.2\junit-jupiter-api-5.10.2.jar;C:\Users\USUARIO\.m2\repository\org\junit\platform\junit-platform-commons\1.10.2\junit-platform-commons-1.10.2.jar;C:\Users\USUARIO\.m2\repository\ch\qos\logback\logback-classic\1.5.6\logback-classic-1.5.6.jar;C:\Users\USUARIO\.m2\repository\ch\qos\logback\logback-core\1.5.6\logback-core-1.5.6.jar;C:\Users\USUARIO\.m2\repository\org\slf4j\slf4j-api\2.0.13\slf4j-api-2.0.13.jar;C:\Users\USUARIO\.m2\repository\org\assertj\assertj-core\3.25.3\assertj-core-3.25.3.jar;C:\Users\USUARIO\.m2\repository\net\bytebuddy\byte-buddy\1.14.11\byte-buddy-1.14.11.jar;C:\Users\USUARIO\.m2\repository\com\opencsv\opencsv\5.9\opencsv-5.9.jar;C:\Users\USUARIO\.m2\repository\org\apache\commons\commons-text\1.11.0\commons-text-1.11.0.jar;C:\Users\USUARIO\.m2\repository\com\jayway\jsonpath\json-path\2.8.0\json-path-2.8.0.jar;C:\Users\USUARIO\.m2\repository\net\minidev\json-smart\2.4.10\json-smart-2.4.10.jar;C:\Users\USUARIO\.m2\repository\net\minidev\accessors-smart\2.4.9\accessors-smart-2.4.9.jar;C:\Users\USUARIO\.m2\repository\org\ow2\asm\asm\9.3\asm-9.3.jar;"/>
    <property name="sun.cpu.endian" value="little"/>
    <property name="user.home" value="C:\Users\USUARIO"/>
    <property name="user.language" value="es"/>
    <property name="java.specification.vendor" value="Oracle Corporation"/>
    <property name="java.version.date" value="2024-03-19"/>
    <property name="java.home" value="C:\Program Files\Java\jdk-22"/>
    <property name="file.separator" value="\"/>
    <property name="basedir" value="C:\Users\USUARIO\OneDrive\Documentos\02 Automatización\03 Pragma\pragma\pragma"/>
    <property name="java.vm.compressedOopsMode" value="Zero based"/>
    <property name="line.separator" value="&#10;"/>
    <property name="java.vm.specification.vendor" value="Oracle Corporation"/>
    <property name="java.specification.name" value="Java Platform API Specification"/>
    <property name="surefire.real.class.path" value="C:\Users\USUARIO\AppData\Local\Temp\surefire16376927794389648174\surefirebooter-20240427222438156_6.jar"/>
    <property name="user.script" value=""/>
    <property name="java.protocol.handler.pkgs" value="com.google.common"/>
    <property name="sun.management.compiler" value="HotSpot 64-Bit Tiered Compilers"/>
    <property name="java.runtime.version" value="22+36-2370"/>
    <property name="user.name" value="USUARIO"/>
    <property name="stdout.encoding" value="Cp1252"/>
    <property name="path.separator" value=";"/>
    <property name="os.version" value="10.0"/>
    <property name="java.runtime.name" value="Java(TM) SE Runtime Environment"/>
    <property name="file.encoding" value="UTF-8"/>
    <property name="java.vm.name" value="Java HotSpot(TM) 64-Bit Server VM"/>
    <property name="localRepository" value="C:\Users\USUARIO\.m2\repository"/>
    <property name="java.vendor.url.bug" value="https://bugreport.java.com/bugreport/"/>
    <property name="java.io.tmpdir" value="C:\Users\USUARIO\AppData\Local\Temp\"/>
    <property name="java.version" value="22"/>
    <property name="user.dir" value="C:\Users\USUARIO\OneDrive\Documentos\02 Automatización\03 Pragma\pragma\pragma"/>
    <property name="os.arch" value="amd64"/>
    <property name="java.vm.specification.name" value="Java Virtual Machine Specification"/>
    <property name="sun.os.patch.level" value=""/>
    <property name="native.encoding" value="Cp1252"/>
    <property name="java.library.path" value="C:\Program Files\Java\jdk-22\bin;C:\Windows\Sun\Java\bin;C:\Windows\system32;C:\Windows;C:\ProgramData\Oracle\Java\javapath;C:\Program Files\Common Files\Oracle\Java\javapath;C:\Windows\system32;C:\Windows;C:\Windows\System32\Wbem;C:\Windows\System32\WindowsPowerShell\v1.0\;C:\Windows\System32\OpenSSH\;C:\Program Files\dotnet\;C:\Program Files\Git\cmd;C:\Program Files\Java\jdk-22\bin;C:\Program Files\apache-maven-3.9.6\bin;C:\ProgramData\chocolatey\bin;C:\Users\USUARIO\AppData\Local\Android\Sdk\platform-tools;C:\Users\USUARIO\AppData\Local\Android\Sdk\tools;C:\Program Files\nodejs\;C:\Users\USUARIO\AppData\Local\Android\Sdk\tools\bin;C:\Users\USUARIO\AppData\Local\Microsoft\WindowsApps;C:\Users\USUARIO\AppData\Local\Programs\Microsoft VS Code\bin;C:\Users\USUARIO\AppData\Roaming\npm;."/>
    <property name="junit.jupiter.extensions.autodetection.enabled" value="true"/>
    <property name="java.vm.info" value="mixed mode, sharing"/>
    <property name="stderr.encoding" value="Cp1252"/>
    <property name="java.vendor" value="Oracle Corporation"/>
    <property name="java.vm.version" value="22+36-2370"/>
    <property name="sun.io.unicode.encoding" value="UnicodeLittle"/>
    <property name="java.class.version" value="66.0"/>
  </properties>
  <testcase name="Registrase en el portal demoblaze.com" classname="Test de registro y login de usuario en el portal" time="12.792">
    <system-out><![CDATA[22:25:39.800 [main] DEBUG io.cucumber.core.plugin.SerenityReporter -- Running feature from file:///C:/Users/USUARIO/OneDrive/Documentos/02%20Automatización/03%20Pragma/pragma/pragma/src/test/resources/features/RegistroYLoginUsuario.feature
22:25:39.804 [main] DEBUG net.thucydides.core.steps.StepEventBus -- Test suite started for story net.thucydides.model.domain.Story@7460a160
22:25:39.805 [main] INFO  -- Test Suite Started: Test de registro y login de usuario en el portal
22:25:39.805 [main] DEBUG io.cucumber.core.plugin.SerenityReporter -- Running feature from file:///C:/Users/USUARIO/OneDrive/Documentos/02%20Automatización/03%20Pragma/pragma/pragma/src/test/resources/features/RegistroYLoginUsuario.feature
22:25:39.807 [main] DEBUG net.thucydides.core.steps.StepEventBus -- Test suite started for story net.thucydides.model.domain.Story@7460a160
22:25:39.807 [main] INFO  -- Test Suite Started: Test de registro y login de usuario en el portal
22:25:39.811 [main] DEBUG io.cucumber.core.plugin.SerenityReporter -- Running feature from file:///C:/Users/USUARIO/OneDrive/Documentos/02%20Automatización/03%20Pragma/pragma/pragma/src/test/resources/features/RegistroYLoginUsuario.feature
22:25:39.813 [main] INFO  -- 
  _____   ___   ___   _____     ___   _____     _     ___   _____   ___   ___  
 |_   _| | __| / __| |_   _|   / __| |_   _|   /_\   | _ \ |_   _| | __| |   \ 
   | |   | _|  \__ \   | |     \__ \   | |    / _ \  |   /   | |   | _|  | |) |
   |_|   |___| |___/   |_|     |___/   |_|   /_/ \_\ |_|_\   |_|   |___| |___/ 

Registrase en el portal demoblaze.com(test-de-registro-y-login-de-usuario-en-el-portal;registrase-en-el-portal-demoblaze.com)
--------------------------------------------------------------------------------
22:25:39.847 [main] DEBUG net.thucydides.core.steps.StepInterceptor -- STARTING STEP: StepInterceptor.testContext - ingresarAlPortal
22:25:40.155 [AsyncHttpClient-1-8] DEBUG org.asynchttpclient.netty.channel.NettyConnectListener -- Using new Channel '[id: 0xf69d5a1d, L:/127.0.0.1:63521 - R:localhost/127.0.0.1:9923]' for 'POST' to '/session'
22:25:40.414 [AsyncHttpClient-1-1] DEBUG org.asynchttpclient.netty.channel.DefaultChannelPool -- Entry count for : http://localhost:43842 : 1
22:25:40.414 [AsyncHttpClient-1-1] DEBUG org.asynchttpclient.netty.channel.DefaultChannelPool -- Adding Candidate expired Channel [id: 0xca50dd4e, L:/127.0.0.1:63321 ! R:localhost/127.0.0.1:43842] isIdleTimeoutExpired=false isRemotelyClosed=true isTtlExpired=false
22:25:40.414 [AsyncHttpClient-1-1] DEBUG org.asynchttpclient.netty.channel.DefaultChannelPool -- Closing Idle Channel [id: 0xca50dd4e, L:/127.0.0.1:63321 ! R:localhost/127.0.0.1:43842]
22:25:40.414 [AsyncHttpClient-1-1] DEBUG org.asynchttpclient.netty.channel.DefaultChannelPool -- Closed 1 connections out of 1 in 0 ms
22:25:41.392 [AsyncHttpClient-1-8] DEBUG org.asynchttpclient.netty.handler.HttpHandler -- 

Request DefaultHttpRequest(decodeResult: success, version: HTTP/1.1)
POST /session HTTP/1.1
User-Agent: selenium/4.12.0 (java windows)
Content-Length: 383
Content-Type: application/json; charset=utf-8
host: localhost:9923
accept: */*

Response DefaultHttpResponse(decodeResult: success, version: HTTP/1.1)
HTTP/1.1 200 OK
content-type: application/json; charset=utf-8
cache-control: no-cache
content-length: 843
date: Sun, 28 Apr 2024 03:25:40 GMT

22:25:41.392 [AsyncHttpClient-1-8] DEBUG org.asynchttpclient.netty.channel.ChannelManager -- Adding key: http://localhost:9923 for channel [id: 0xf69d5a1d, L:/127.0.0.1:63521 - R:localhost/127.0.0.1:9923]
22:25:41.395 [AsyncHttpClient-1-9] DEBUG org.asynchttpclient.netty.channel.NettyConnectListener -- Using new Channel '[id: 0x137c983f, L:/127.0.0.1:63550 - R:/127.0.0.1:24569]' for 'GET' to '/json/version'
22:25:41.398 [AsyncHttpClient-1-9] DEBUG org.asynchttpclient.netty.handler.HttpHandler -- 

Request DefaultFullHttpRequest(decodeResult: success, version: HTTP/1.1, content: EmptyByteBufBE)
GET /json/version HTTP/1.1
User-Agent: selenium/4.12.0 (java windows)
host: 127.0.0.1:24569
accept: */*

Response DefaultHttpResponse(decodeResult: success, version: HTTP/1.1)
HTTP/1.1 200 OK
content-type: application/json
content-security-policy: frame-ancestors 'none'
connection: close
server: httpd.js
date: Sun, 28 Apr 2024 03:25:41 GMT

22:25:41.399 [AsyncHttpClient-1-9] DEBUG org.asynchttpclient.netty.channel.ChannelManager -- Closing Channel [id: 0x137c983f, L:/127.0.0.1:63550 ! R:/127.0.0.1:24569] 
22:25:41.399 [AsyncHttpClient-1-9] DEBUG org.asynchttpclient.netty.handler.HttpHandler -- Channel Closed: [id: 0x137c983f, L:/127.0.0.1:63550 ! R:/127.0.0.1:24569] with attribute DISCARD
22:25:41.400 [Forwarding setTimeout on session 07d8ee0d-94c5-4698-80e6-2a52328be02c to remote] DEBUG org.asynchttpclient.netty.request.NettyRequestSender -- Using pooled Channel '[id: 0xf69d5a1d, L:/127.0.0.1:63521 - R:localhost/127.0.0.1:9923]' for 'POST' to 'http://localhost:9923/session/07d8ee0d-94c5-4698-80e6-2a52328be02c/timeouts'
22:25:41.400 [Forwarding setTimeout on session 07d8ee0d-94c5-4698-80e6-2a52328be02c to remote] DEBUG org.asynchttpclient.netty.request.NettyRequestSender -- Using open Channel [id: 0xf69d5a1d, L:/127.0.0.1:63521 - R:localhost/127.0.0.1:9923] for POST '/session/07d8ee0d-94c5-4698-80e6-2a52328be02c/timeouts'
22:25:41.401 [AsyncHttpClient-1-8] DEBUG org.asynchttpclient.netty.handler.HttpHandler -- 

Request DefaultHttpRequest(decodeResult: success, version: HTTP/1.1)
POST /session/07d8ee0d-94c5-4698-80e6-2a52328be02c/timeouts HTTP/1.1
User-Agent: selenium/4.12.0 (java windows)
Content-Length: 22
Content-Type: application/json; charset=utf-8
host: localhost:9923
accept: */*

Response DefaultHttpResponse(decodeResult: success, version: HTTP/1.1)
HTTP/1.1 200 OK
content-type: application/json; charset=utf-8
cache-control: no-cache
content-length: 14
date: Sun, 28 Apr 2024 03:25:41 GMT

22:25:41.401 [AsyncHttpClient-1-8] DEBUG org.asynchttpclient.netty.channel.ChannelManager -- Adding key: http://localhost:9923 for channel [id: 0xf69d5a1d, L:/127.0.0.1:63521 - R:localhost/127.0.0.1:9923]
22:25:41.402 [Forwarding maximizeCurrentWindow on session 07d8ee0d-94c5-4698-80e6-2a52328be02c to remote] DEBUG org.asynchttpclient.netty.request.NettyRequestSender -- Using pooled Channel '[id: 0xf69d5a1d, L:/127.0.0.1:63521 - R:localhost/127.0.0.1:9923]' for 'POST' to 'http://localhost:9923/session/07d8ee0d-94c5-4698-80e6-2a52328be02c/window/maximize'
22:25:41.402 [Forwarding maximizeCurrentWindow on session 07d8ee0d-94c5-4698-80e6-2a52328be02c to remote] DEBUG org.asynchttpclient.netty.request.NettyRequestSender -- Using open Channel [id: 0xf69d5a1d, L:/127.0.0.1:63521 - R:localhost/127.0.0.1:9923] for POST '/session/07d8ee0d-94c5-4698-80e6-2a52328be02c/window/maximize'
22:25:41.665 [AsyncHttpClient-1-8] DEBUG org.asynchttpclient.netty.handler.HttpHandler -- 

Request DefaultHttpRequest(decodeResult: success, version: HTTP/1.1)
POST /session/07d8ee0d-94c5-4698-80e6-2a52328be02c/window/maximize HTTP/1.1
User-Agent: selenium/4.12.0 (java windows)
Content-Length: 3
Content-Type: application/json; charset=utf-8
host: localhost:9923
accept: */*

Response DefaultHttpResponse(decodeResult: success, version: HTTP/1.1)
HTTP/1.1 200 OK
content-type: application/json; charset=utf-8
cache-control: no-cache
content-length: 51
date: Sun, 28 Apr 2024 03:25:41 GMT

22:25:41.666 [AsyncHttpClient-1-8] DEBUG org.asynchttpclient.netty.channel.ChannelManager -- Adding key: http://localhost:9923 for channel [id: 0xf69d5a1d, L:/127.0.0.1:63521 - R:localhost/127.0.0.1:9923]
22:25:41.667 [Forwarding get on session 07d8ee0d-94c5-4698-80e6-2a52328be02c to remote] DEBUG org.asynchttpclient.netty.request.NettyRequestSender -- Using pooled Channel '[id: 0xf69d5a1d, L:/127.0.0.1:63521 - R:localhost/127.0.0.1:9923]' for 'POST' to 'http://localhost:9923/session/07d8ee0d-94c5-4698-80e6-2a52328be02c/url'
22:25:41.668 [Forwarding get on session 07d8ee0d-94c5-4698-80e6-2a52328be02c to remote] DEBUG org.asynchttpclient.netty.request.NettyRequestSender -- Using open Channel [id: 0xf69d5a1d, L:/127.0.0.1:63521 - R:localhost/127.0.0.1:9923] for POST '/session/07d8ee0d-94c5-4698-80e6-2a52328be02c/url'
22:25:42.588 [AsyncHttpClient-1-8] DEBUG org.asynchttpclient.netty.handler.HttpHandler -- 

Request DefaultHttpRequest(decodeResult: success, version: HTTP/1.1)
POST /session/07d8ee0d-94c5-4698-80e6-2a52328be02c/url HTTP/1.1
User-Agent: selenium/4.12.0 (java windows)
Content-Length: 56
Content-Type: application/json; charset=utf-8
host: localhost:9923
accept: */*

Response DefaultHttpResponse(decodeResult: success, version: HTTP/1.1)
HTTP/1.1 200 OK
content-type: application/json; charset=utf-8
cache-control: no-cache
content-length: 14
date: Sun, 28 Apr 2024 03:25:41 GMT

22:25:42.588 [AsyncHttpClient-1-8] DEBUG org.asynchttpclient.netty.channel.ChannelManager -- Adding key: http://localhost:9923 for channel [id: 0xf69d5a1d, L:/127.0.0.1:63521 - R:localhost/127.0.0.1:9923]
22:25:42.589 [Forwarding setTimeout on session 07d8ee0d-94c5-4698-80e6-2a52328be02c to remote] DEBUG org.asynchttpclient.netty.request.NettyRequestSender -- Using pooled Channel '[id: 0xf69d5a1d, L:/127.0.0.1:63521 - R:localhost/127.0.0.1:9923]' for 'POST' to 'http://localhost:9923/session/07d8ee0d-94c5-4698-80e6-2a52328be02c/timeouts'
22:25:42.589 [Forwarding setTimeout on session 07d8ee0d-94c5-4698-80e6-2a52328be02c to remote] DEBUG org.asynchttpclient.netty.request.NettyRequestSender -- Using open Channel [id: 0xf69d5a1d, L:/127.0.0.1:63521 - R:localhost/127.0.0.1:9923] for POST '/session/07d8ee0d-94c5-4698-80e6-2a52328be02c/timeouts'
22:25:42.590 [AsyncHttpClient-1-8] DEBUG org.asynchttpclient.netty.handler.HttpHandler -- 

Request DefaultHttpRequest(decodeResult: success, version: HTTP/1.1)
POST /session/07d8ee0d-94c5-4698-80e6-2a52328be02c/timeouts HTTP/1.1
User-Agent: selenium/4.12.0 (java windows)
Content-Length: 22
Content-Type: application/json; charset=utf-8
host: localhost:9923
accept: */*

Response DefaultHttpResponse(decodeResult: success, version: HTTP/1.1)
HTTP/1.1 200 OK
content-type: application/json; charset=utf-8
cache-control: no-cache
content-length: 14
date: Sun, 28 Apr 2024 03:25:42 GMT

22:25:42.591 [AsyncHttpClient-1-8] DEBUG org.asynchttpclient.netty.channel.ChannelManager -- Adding key: http://localhost:9923 for channel [id: 0xf69d5a1d, L:/127.0.0.1:63521 - R:localhost/127.0.0.1:9923]
22:25:42.593 [main] DEBUG net.serenitybdd.core.photography.Darkroom -- Opening darkroom
22:25:42.594 [Darkroom Processing Line] DEBUG net.serenitybdd.core.photography.DarkroomProcessingLine -- Darkroom processing line starting up
22:25:42.594 [Forwarding getAlertText on session 07d8ee0d-94c5-4698-80e6-2a52328be02c to remote] DEBUG org.asynchttpclient.netty.request.NettyRequestSender -- Using pooled Channel '[id: 0xf69d5a1d, L:/127.0.0.1:63521 - R:localhost/127.0.0.1:9923]' for 'GET' to 'http://localhost:9923/session/07d8ee0d-94c5-4698-80e6-2a52328be02c/alert/text'
22:25:42.594 [Forwarding getAlertText on session 07d8ee0d-94c5-4698-80e6-2a52328be02c to remote] DEBUG org.asynchttpclient.netty.request.NettyRequestSender -- Using open Channel [id: 0xf69d5a1d, L:/127.0.0.1:63521 - R:localhost/127.0.0.1:9923] for GET '/session/07d8ee0d-94c5-4698-80e6-2a52328be02c/alert/text'
22:25:42.596 [AsyncHttpClient-1-8] DEBUG org.asynchttpclient.netty.handler.HttpHandler -- 

Request DefaultFullHttpRequest(decodeResult: success, version: HTTP/1.1, content: EmptyByteBufBE)
GET /session/07d8ee0d-94c5-4698-80e6-2a52328be02c/alert/text HTTP/1.1
Cache-Control: no-cache
User-Agent: selenium/4.12.0 (java windows)
Content-Type: application/json; charset=utf-8
host: localhost:9923
accept: */*

Response DefaultHttpResponse(decodeResult: success, version: HTTP/1.1)
HTTP/1.1 404 Not Found
content-type: application/json; charset=utf-8
cache-control: no-cache
content-length: 842
date: Sun, 28 Apr 2024 03:25:42 GMT

22:25:42.596 [AsyncHttpClient-1-8] DEBUG org.asynchttpclient.netty.channel.ChannelManager -- Adding key: http://localhost:9923 for channel [id: 0xf69d5a1d, L:/127.0.0.1:63521 - R:localhost/127.0.0.1:9923]
22:25:42.598 [Forwarding getCurrentUrl on session 07d8ee0d-94c5-4698-80e6-2a52328be02c to remote] DEBUG org.asynchttpclient.netty.request.NettyRequestSender -- Using pooled Channel '[id: 0xf69d5a1d, L:/127.0.0.1:63521 - R:localhost/127.0.0.1:9923]' for 'GET' to 'http://localhost:9923/session/07d8ee0d-94c5-4698-80e6-2a52328be02c/url'
22:25:42.598 [Forwarding getCurrentUrl on session 07d8ee0d-94c5-4698-80e6-2a52328be02c to remote] DEBUG org.asynchttpclient.netty.request.NettyRequestSender -- Using open Channel [id: 0xf69d5a1d, L:/127.0.0.1:63521 - R:localhost/127.0.0.1:9923] for GET '/session/07d8ee0d-94c5-4698-80e6-2a52328be02c/url'
22:25:42.620 [AsyncHttpClient-1-8] DEBUG org.asynchttpclient.netty.handler.HttpHandler -- 

Request DefaultFullHttpRequest(decodeResult: success, version: HTTP/1.1, content: EmptyByteBufBE)
GET /session/07d8ee0d-94c5-4698-80e6-2a52328be02c/url HTTP/1.1
Cache-Control: no-cache
User-Agent: selenium/4.12.0 (java windows)
Content-Type: application/json; charset=utf-8
host: localhost:9923
accept: */*

Response DefaultHttpResponse(decodeResult: success, version: HTTP/1.1)
HTTP/1.1 200 OK
content-type: application/json; charset=utf-8
cache-control: no-cache
content-length: 38
date: Sun, 28 Apr 2024 03:25:42 GMT

22:25:42.620 [AsyncHttpClient-1-8] DEBUG org.asynchttpclient.netty.channel.ChannelManager -- Adding key: http://localhost:9923 for channel [id: 0xf69d5a1d, L:/127.0.0.1:63521 - R:localhost/127.0.0.1:9923]
22:25:42.621 [Forwarding screenshot on session 07d8ee0d-94c5-4698-80e6-2a52328be02c to remote] DEBUG org.asynchttpclient.netty.request.NettyRequestSender -- Using pooled Channel '[id: 0xf69d5a1d, L:/127.0.0.1:63521 - R:localhost/127.0.0.1:9923]' for 'GET' to 'http://localhost:9923/session/07d8ee0d-94c5-4698-80e6-2a52328be02c/screenshot'
22:25:42.621 [Forwarding screenshot on session 07d8ee0d-94c5-4698-80e6-2a52328be02c to remote] DEBUG org.asynchttpclient.netty.request.NettyRequestSender -- Using open Channel [id: 0xf69d5a1d, L:/127.0.0.1:63521 - R:localhost/127.0.0.1:9923] for GET '/session/07d8ee0d-94c5-4698-80e6-2a52328be02c/screenshot'
22:25:42.688 [AsyncHttpClient-1-8] DEBUG org.asynchttpclient.netty.handler.HttpHandler -- 

Request DefaultFullHttpRequest(decodeResult: success, version: HTTP/1.1, content: EmptyByteBufBE)
GET /session/07d8ee0d-94c5-4698-80e6-2a52328be02c/screenshot HTTP/1.1
Cache-Control: no-cache
User-Agent: selenium/4.12.0 (java windows)
Content-Type: application/json; charset=utf-8
host: localhost:9923
accept: */*

Response DefaultHttpResponse(decodeResult: success, version: HTTP/1.1)
HTTP/1.1 200 OK
content-type: application/json; charset=utf-8
cache-control: no-cache
content-length: 504948
date: Sun, 28 Apr 2024 03:25:42 GMT

22:25:42.689 [AsyncHttpClient-1-8] DEBUG org.asynchttpclient.netty.channel.ChannelManager -- Adding key: http://localhost:9923 for channel [id: 0xf69d5a1d, L:/127.0.0.1:63521 - R:localhost/127.0.0.1:9923]
22:25:42.699 [main] DEBUG net.serenitybdd.core.photography.Darkroom -- Send negative for processing for C:\Users\USUARIO\OneDrive\Documentos\02 Automatización\03 Pragma\pragma\pragma\target\site\serenity\4ee8a2605a1cdda36c2b7788194c259ded3d98d35a623d38fa3b86f65a89fac1.png
22:25:43.704 [main] DEBUG net.thucydides.core.steps.StepInterceptor -- STEP DONE: ingresarAlPortal
22:25:43.712 [Forwarding getAlertText on session 07d8ee0d-94c5-4698-80e6-2a52328be02c to remote] DEBUG org.asynchttpclient.netty.request.NettyRequestSender -- Using pooled Channel '[id: 0xf69d5a1d, L:/127.0.0.1:63521 - R:localhost/127.0.0.1:9923]' for 'GET' to 'http://localhost:9923/session/07d8ee0d-94c5-4698-80e6-2a52328be02c/alert/text'
22:25:43.712 [Forwarding getAlertText on session 07d8ee0d-94c5-4698-80e6-2a52328be02c to remote] DEBUG org.asynchttpclient.netty.request.NettyRequestSender -- Using open Channel [id: 0xf69d5a1d, L:/127.0.0.1:63521 - R:localhost/127.0.0.1:9923] for GET '/session/07d8ee0d-94c5-4698-80e6-2a52328be02c/alert/text'
22:25:43.714 [AsyncHttpClient-1-8] DEBUG org.asynchttpclient.netty.handler.HttpHandler -- 

Request DefaultFullHttpRequest(decodeResult: success, version: HTTP/1.1, content: EmptyByteBufBE)
GET /session/07d8ee0d-94c5-4698-80e6-2a52328be02c/alert/text HTTP/1.1
Cache-Control: no-cache
User-Agent: selenium/4.12.0 (java windows)
Content-Type: application/json; charset=utf-8
host: localhost:9923
accept: */*

Response DefaultHttpResponse(decodeResult: success, version: HTTP/1.1)
HTTP/1.1 404 Not Found
content-type: application/json; charset=utf-8
cache-control: no-cache
content-length: 842
date: Sun, 28 Apr 2024 03:25:43 GMT

22:25:43.715 [AsyncHttpClient-1-8] DEBUG org.asynchttpclient.netty.channel.ChannelManager -- Adding key: http://localhost:9923 for channel [id: 0xf69d5a1d, L:/127.0.0.1:63521 - R:localhost/127.0.0.1:9923]
22:25:43.716 [Forwarding getCurrentUrl on session 07d8ee0d-94c5-4698-80e6-2a52328be02c to remote] DEBUG org.asynchttpclient.netty.request.NettyRequestSender -- Using pooled Channel '[id: 0xf69d5a1d, L:/127.0.0.1:63521 - R:localhost/127.0.0.1:9923]' for 'GET' to 'http://localhost:9923/session/07d8ee0d-94c5-4698-80e6-2a52328be02c/url'
22:25:43.716 [Forwarding getCurrentUrl on session 07d8ee0d-94c5-4698-80e6-2a52328be02c to remote] DEBUG org.asynchttpclient.netty.request.NettyRequestSender -- Using open Channel [id: 0xf69d5a1d, L:/127.0.0.1:63521 - R:localhost/127.0.0.1:9923] for GET '/session/07d8ee0d-94c5-4698-80e6-2a52328be02c/url'
22:25:43.718 [AsyncHttpClient-1-8] DEBUG org.asynchttpclient.netty.handler.HttpHandler -- 

Request DefaultFullHttpRequest(decodeResult: success, version: HTTP/1.1, content: EmptyByteBufBE)
GET /session/07d8ee0d-94c5-4698-80e6-2a52328be02c/url HTTP/1.1
Cache-Control: no-cache
User-Agent: selenium/4.12.0 (java windows)
Content-Type: application/json; charset=utf-8
host: localhost:9923
accept: */*

Response DefaultHttpResponse(decodeResult: success, version: HTTP/1.1)
HTTP/1.1 200 OK
content-type: application/json; charset=utf-8
cache-control: no-cache
content-length: 38
date: Sun, 28 Apr 2024 03:25:43 GMT

22:25:43.718 [AsyncHttpClient-1-8] DEBUG org.asynchttpclient.netty.channel.ChannelManager -- Adding key: http://localhost:9923 for channel [id: 0xf69d5a1d, L:/127.0.0.1:63521 - R:localhost/127.0.0.1:9923]
22:25:43.719 [AsyncHttpClient-1-1] DEBUG org.asynchttpclient.netty.channel.DefaultChannelPool -- Entry count for : http://localhost:9923 : 1
22:25:43.719 [Forwarding screenshot on session 07d8ee0d-94c5-4698-80e6-2a52328be02c to remote] DEBUG org.asynchttpclient.netty.request.NettyRequestSender -- Using pooled Channel '[id: 0xf69d5a1d, L:/127.0.0.1:63521 - R:localhost/127.0.0.1:9923]' for 'GET' to 'http://localhost:9923/session/07d8ee0d-94c5-4698-80e6-2a52328be02c/screenshot'
22:25:43.719 [Forwarding screenshot on session 07d8ee0d-94c5-4698-80e6-2a52328be02c to remote] DEBUG org.asynchttpclient.netty.request.NettyRequestSender -- Using open Channel [id: 0xf69d5a1d, L:/127.0.0.1:63521 - R:localhost/127.0.0.1:9923] for GET '/session/07d8ee0d-94c5-4698-80e6-2a52328be02c/screenshot'
22:25:43.794 [AsyncHttpClient-1-8] DEBUG org.asynchttpclient.netty.handler.HttpHandler -- 

Request DefaultFullHttpRequest(decodeResult: success, version: HTTP/1.1, content: EmptyByteBufBE)
GET /session/07d8ee0d-94c5-4698-80e6-2a52328be02c/screenshot HTTP/1.1
Cache-Control: no-cache
User-Agent: selenium/4.12.0 (java windows)
Content-Type: application/json; charset=utf-8
host: localhost:9923
accept: */*

Response DefaultHttpResponse(decodeResult: success, version: HTTP/1.1)
HTTP/1.1 200 OK
content-type: application/json; charset=utf-8
cache-control: no-cache
content-length: 800340
date: Sun, 28 Apr 2024 03:25:43 GMT

22:25:43.794 [AsyncHttpClient-1-8] DEBUG org.asynchttpclient.netty.channel.ChannelManager -- Adding key: http://localhost:9923 for channel [id: 0xf69d5a1d, L:/127.0.0.1:63521 - R:localhost/127.0.0.1:9923]
22:25:43.802 [main] DEBUG net.serenitybdd.core.photography.Darkroom -- Send negative for processing for C:\Users\USUARIO\OneDrive\Documentos\02 Automatización\03 Pragma\pragma\pragma\target\site\serenity\c6d2d59253a3c52d8b8db4ad723f6da73641757028d146bd6c52f7f99c9aebe9.png
22:25:44.817 [main] DEBUG net.thucydides.core.steps.StepInterceptor -- STARTING STEP: StepInterceptor.testContext - ingresarSeccionRegistro
22:25:44.821 [AsyncHttpClient-1-1] DEBUG org.asynchttpclient.netty.channel.DefaultChannelPool -- Entry count for : http://localhost:9923 : 1
22:25:44.823 [Forwarding findElement on session 07d8ee0d-94c5-4698-80e6-2a52328be02c to remote] DEBUG org.asynchttpclient.netty.request.NettyRequestSender -- Using pooled Channel '[id: 0xf69d5a1d, L:/127.0.0.1:63521 - R:localhost/127.0.0.1:9923]' for 'POST' to 'http://localhost:9923/session/07d8ee0d-94c5-4698-80e6-2a52328be02c/element'
22:25:44.823 [Forwarding findElement on session 07d8ee0d-94c5-4698-80e6-2a52328be02c to remote] DEBUG org.asynchttpclient.netty.request.NettyRequestSender -- Using open Channel [id: 0xf69d5a1d, L:/127.0.0.1:63521 - R:localhost/127.0.0.1:9923] for POST '/session/07d8ee0d-94c5-4698-80e6-2a52328be02c/element'
22:25:44.828 [AsyncHttpClient-1-8] DEBUG org.asynchttpclient.netty.handler.HttpHandler -- 

Request DefaultHttpRequest(decodeResult: success, version: HTTP/1.1)
POST /session/07d8ee0d-94c5-4698-80e6-2a52328be02c/element HTTP/1.1
User-Agent: selenium/4.12.0 (java windows)
Content-Length: 52
Content-Type: application/json; charset=utf-8
host: localhost:9923
accept: */*

Response DefaultHttpResponse(decodeResult: success, version: HTTP/1.1)
HTTP/1.1 200 OK
content-type: application/json; charset=utf-8
cache-control: no-cache
content-length: 88
date: Sun, 28 Apr 2024 03:25:44 GMT

22:25:44.828 [AsyncHttpClient-1-8] DEBUG org.asynchttpclient.netty.channel.ChannelManager -- Adding key: http://localhost:9923 for channel [id: 0xf69d5a1d, L:/127.0.0.1:63521 - R:localhost/127.0.0.1:9923]
22:25:44.829 [Forwarding getElementTagName on session 07d8ee0d-94c5-4698-80e6-2a52328be02c to remote] DEBUG org.asynchttpclient.netty.request.NettyRequestSender -- Using pooled Channel '[id: 0xf69d5a1d, L:/127.0.0.1:63521 - R:localhost/127.0.0.1:9923]' for 'GET' to 'http://localhost:9923/session/07d8ee0d-94c5-4698-80e6-2a52328be02c/element/ec2c3909-a03d-406b-a06f-fbcca330b6e1/name'
22:25:44.829 [Forwarding getElementTagName on session 07d8ee0d-94c5-4698-80e6-2a52328be02c to remote] DEBUG org.asynchttpclient.netty.request.NettyRequestSender -- Using open Channel [id: 0xf69d5a1d, L:/127.0.0.1:63521 - R:localhost/127.0.0.1:9923] for GET '/session/07d8ee0d-94c5-4698-80e6-2a52328be02c/element/ec2c3909-a03d-406b-a06f-fbcca330b6e1/name'
22:25:44.831 [AsyncHttpClient-1-8] DEBUG org.asynchttpclient.netty.handler.HttpHandler -- 

Request DefaultFullHttpRequest(decodeResult: success, version: HTTP/1.1, content: EmptyByteBufBE)
GET /session/07d8ee0d-94c5-4698-80e6-2a52328be02c/element/ec2c3909-a03d-406b-a06f-fbcca330b6e1/name HTTP/1.1
Cache-Control: no-cache
User-Agent: selenium/4.12.0 (java windows)
Content-Type: application/json; charset=utf-8
host: localhost:9923
accept: */*

Response DefaultHttpResponse(decodeResult: success, version: HTTP/1.1)
HTTP/1.1 200 OK
content-type: application/json; charset=utf-8
cache-control: no-cache
content-length: 13
date: Sun, 28 Apr 2024 03:25:44 GMT

22:25:44.831 [AsyncHttpClient-1-8] DEBUG org.asynchttpclient.netty.channel.ChannelManager -- Adding key: http://localhost:9923 for channel [id: 0xf69d5a1d, L:/127.0.0.1:63521 - R:localhost/127.0.0.1:9923]
22:25:44.831 [Forwarding getElementTagName on session 07d8ee0d-94c5-4698-80e6-2a52328be02c to remote] DEBUG org.asynchttpclient.netty.request.NettyRequestSender -- Using pooled Channel '[id: 0xf69d5a1d, L:/127.0.0.1:63521 - R:localhost/127.0.0.1:9923]' for 'GET' to 'http://localhost:9923/session/07d8ee0d-94c5-4698-80e6-2a52328be02c/element/ec2c3909-a03d-406b-a06f-fbcca330b6e1/name'
22:25:44.831 [Forwarding getElementTagName on session 07d8ee0d-94c5-4698-80e6-2a52328be02c to remote] DEBUG org.asynchttpclient.netty.request.NettyRequestSender -- Using open Channel [id: 0xf69d5a1d, L:/127.0.0.1:63521 - R:localhost/127.0.0.1:9923] for GET '/session/07d8ee0d-94c5-4698-80e6-2a52328be02c/element/ec2c3909-a03d-406b-a06f-fbcca330b6e1/name'
22:25:44.833 [AsyncHttpClient-1-8] DEBUG org.asynchttpclient.netty.handler.HttpHandler -- 

Request DefaultFullHttpRequest(decodeResult: success, version: HTTP/1.1, content: EmptyByteBufBE)
GET /session/07d8ee0d-94c5-4698-80e6-2a52328be02c/element/ec2c3909-a03d-406b-a06f-fbcca330b6e1/name HTTP/1.1
Cache-Control: no-cache
User-Agent: selenium/4.12.0 (java windows)
Content-Type: application/json; charset=utf-8
host: localhost:9923
accept: */*

Response DefaultHttpResponse(decodeResult: success, version: HTTP/1.1)
HTTP/1.1 200 OK
content-type: application/json; charset=utf-8
cache-control: no-cache
content-length: 13
date: Sun, 28 Apr 2024 03:25:44 GMT

22:25:44.833 [AsyncHttpClient-1-8] DEBUG org.asynchttpclient.netty.channel.ChannelManager -- Adding key: http://localhost:9923 for channel [id: 0xf69d5a1d, L:/127.0.0.1:63521 - R:localhost/127.0.0.1:9923]
22:25:44.833 [Forwarding findElement on session 07d8ee0d-94c5-4698-80e6-2a52328be02c to remote] DEBUG org.asynchttpclient.netty.request.NettyRequestSender -- Using pooled Channel '[id: 0xf69d5a1d, L:/127.0.0.1:63521 - R:localhost/127.0.0.1:9923]' for 'POST' to 'http://localhost:9923/session/07d8ee0d-94c5-4698-80e6-2a52328be02c/element'
22:25:44.833 [Forwarding findElement on session 07d8ee0d-94c5-4698-80e6-2a52328be02c to remote] DEBUG org.asynchttpclient.netty.request.NettyRequestSender -- Using open Channel [id: 0xf69d5a1d, L:/127.0.0.1:63521 - R:localhost/127.0.0.1:9923] for POST '/session/07d8ee0d-94c5-4698-80e6-2a52328be02c/element'
22:25:44.835 [AsyncHttpClient-1-8] DEBUG org.asynchttpclient.netty.handler.HttpHandler -- 

Request DefaultHttpRequest(decodeResult: success, version: HTTP/1.1)
POST /session/07d8ee0d-94c5-4698-80e6-2a52328be02c/element HTTP/1.1
User-Agent: selenium/4.12.0 (java windows)
Content-Length: 52
Content-Type: application/json; charset=utf-8
host: localhost:9923
accept: */*

Response DefaultHttpResponse(decodeResult: success, version: HTTP/1.1)
HTTP/1.1 200 OK
content-type: application/json; charset=utf-8
cache-control: no-cache
content-length: 88
date: Sun, 28 Apr 2024 03:25:44 GMT

22:25:44.835 [AsyncHttpClient-1-8] DEBUG org.asynchttpclient.netty.channel.ChannelManager -- Adding key: http://localhost:9923 for channel [id: 0xf69d5a1d, L:/127.0.0.1:63521 - R:localhost/127.0.0.1:9923]
22:25:44.835 [Forwarding clickElement on session 07d8ee0d-94c5-4698-80e6-2a52328be02c to remote] DEBUG org.asynchttpclient.netty.request.NettyRequestSender -- Using pooled Channel '[id: 0xf69d5a1d, L:/127.0.0.1:63521 - R:localhost/127.0.0.1:9923]' for 'POST' to 'http://localhost:9923/session/07d8ee0d-94c5-4698-80e6-2a52328be02c/element/ec2c3909-a03d-406b-a06f-fbcca330b6e1/click'
22:25:44.835 [Forwarding clickElement on session 07d8ee0d-94c5-4698-80e6-2a52328be02c to remote] DEBUG org.asynchttpclient.netty.request.NettyRequestSender -- Using open Channel [id: 0xf69d5a1d, L:/127.0.0.1:63521 - R:localhost/127.0.0.1:9923] for POST '/session/07d8ee0d-94c5-4698-80e6-2a52328be02c/element/ec2c3909-a03d-406b-a06f-fbcca330b6e1/click'
22:25:45.051 [AsyncHttpClient-1-8] DEBUG org.asynchttpclient.netty.handler.HttpHandler -- 

Request DefaultHttpRequest(decodeResult: success, version: HTTP/1.1)
POST /session/07d8ee0d-94c5-4698-80e6-2a52328be02c/element/ec2c3909-a03d-406b-a06f-fbcca330b6e1/click HTTP/1.1
User-Agent: selenium/4.12.0 (java windows)
Content-Length: 50
Content-Type: application/json; charset=utf-8
host: localhost:9923
accept: */*

Response DefaultHttpResponse(decodeResult: success, version: HTTP/1.1)
HTTP/1.1 200 OK
content-type: application/json; charset=utf-8
cache-control: no-cache
content-length: 14
date: Sun, 28 Apr 2024 03:25:44 GMT

22:25:45.051 [AsyncHttpClient-1-8] DEBUG org.asynchttpclient.netty.channel.ChannelManager -- Adding key: http://localhost:9923 for channel [id: 0xf69d5a1d, L:/127.0.0.1:63521 - R:localhost/127.0.0.1:9923]
22:25:45.054 [Forwarding getAlertText on session 07d8ee0d-94c5-4698-80e6-2a52328be02c to remote] DEBUG org.asynchttpclient.netty.request.NettyRequestSender -- Using pooled Channel '[id: 0xf69d5a1d, L:/127.0.0.1:63521 - R:localhost/127.0.0.1:9923]' for 'GET' to 'http://localhost:9923/session/07d8ee0d-94c5-4698-80e6-2a52328be02c/alert/text'
22:25:45.055 [Forwarding getAlertText on session 07d8ee0d-94c5-4698-80e6-2a52328be02c to remote] DEBUG org.asynchttpclient.netty.request.NettyRequestSender -- Using open Channel [id: 0xf69d5a1d, L:/127.0.0.1:63521 - R:localhost/127.0.0.1:9923] for GET '/session/07d8ee0d-94c5-4698-80e6-2a52328be02c/alert/text'
22:25:45.056 [AsyncHttpClient-1-8] DEBUG org.asynchttpclient.netty.handler.HttpHandler -- 

Request DefaultFullHttpRequest(decodeResult: success, version: HTTP/1.1, content: EmptyByteBufBE)
GET /session/07d8ee0d-94c5-4698-80e6-2a52328be02c/alert/text HTTP/1.1
Cache-Control: no-cache
User-Agent: selenium/4.12.0 (java windows)
Content-Type: application/json; charset=utf-8
host: localhost:9923
accept: */*

Response DefaultHttpResponse(decodeResult: success, version: HTTP/1.1)
HTTP/1.1 404 Not Found
content-type: application/json; charset=utf-8
cache-control: no-cache
content-length: 842
date: Sun, 28 Apr 2024 03:25:44 GMT

22:25:45.056 [AsyncHttpClient-1-8] DEBUG org.asynchttpclient.netty.channel.ChannelManager -- Adding key: http://localhost:9923 for channel [id: 0xf69d5a1d, L:/127.0.0.1:63521 - R:localhost/127.0.0.1:9923]
22:25:45.057 [Forwarding getCurrentUrl on session 07d8ee0d-94c5-4698-80e6-2a52328be02c to remote] DEBUG org.asynchttpclient.netty.request.NettyRequestSender -- Using pooled Channel '[id: 0xf69d5a1d, L:/127.0.0.1:63521 - R:localhost/127.0.0.1:9923]' for 'GET' to 'http://localhost:9923/session/07d8ee0d-94c5-4698-80e6-2a52328be02c/url'
22:25:45.057 [Forwarding getCurrentUrl on session 07d8ee0d-94c5-4698-80e6-2a52328be02c to remote] DEBUG org.asynchttpclient.netty.request.NettyRequestSender -- Using open Channel [id: 0xf69d5a1d, L:/127.0.0.1:63521 - R:localhost/127.0.0.1:9923] for GET '/session/07d8ee0d-94c5-4698-80e6-2a52328be02c/url'
22:25:45.058 [AsyncHttpClient-1-8] DEBUG org.asynchttpclient.netty.handler.HttpHandler -- 

Request DefaultFullHttpRequest(decodeResult: success, version: HTTP/1.1, content: EmptyByteBufBE)
GET /session/07d8ee0d-94c5-4698-80e6-2a52328be02c/url HTTP/1.1
Cache-Control: no-cache
User-Agent: selenium/4.12.0 (java windows)
Content-Type: application/json; charset=utf-8
host: localhost:9923
accept: */*

Response DefaultHttpResponse(decodeResult: success, version: HTTP/1.1)
HTTP/1.1 200 OK
content-type: application/json; charset=utf-8
cache-control: no-cache
content-length: 38
date: Sun, 28 Apr 2024 03:25:44 GMT

22:25:45.058 [AsyncHttpClient-1-8] DEBUG org.asynchttpclient.netty.channel.ChannelManager -- Adding key: http://localhost:9923 for channel [id: 0xf69d5a1d, L:/127.0.0.1:63521 - R:localhost/127.0.0.1:9923]
22:25:45.058 [Forwarding screenshot on session 07d8ee0d-94c5-4698-80e6-2a52328be02c to remote] DEBUG org.asynchttpclient.netty.request.NettyRequestSender -- Using pooled Channel '[id: 0xf69d5a1d, L:/127.0.0.1:63521 - R:localhost/127.0.0.1:9923]' for 'GET' to 'http://localhost:9923/session/07d8ee0d-94c5-4698-80e6-2a52328be02c/screenshot'
22:25:45.058 [Forwarding screenshot on session 07d8ee0d-94c5-4698-80e6-2a52328be02c to remote] DEBUG org.asynchttpclient.netty.request.NettyRequestSender -- Using open Channel [id: 0xf69d5a1d, L:/127.0.0.1:63521 - R:localhost/127.0.0.1:9923] for GET '/session/07d8ee0d-94c5-4698-80e6-2a52328be02c/screenshot'
22:25:45.164 [AsyncHttpClient-1-8] DEBUG org.asynchttpclient.netty.handler.HttpHandler -- 

Request DefaultFullHttpRequest(decodeResult: success, version: HTTP/1.1, content: EmptyByteBufBE)
GET /session/07d8ee0d-94c5-4698-80e6-2a52328be02c/screenshot HTTP/1.1
Cache-Control: no-cache
User-Agent: selenium/4.12.0 (java windows)
Content-Type: application/json; charset=utf-8
host: localhost:9923
accept: */*

Response DefaultHttpResponse(decodeResult: success, version: HTTP/1.1)
HTTP/1.1 200 OK
content-type: application/json; charset=utf-8
cache-control: no-cache
content-length: 648364
date: Sun, 28 Apr 2024 03:25:44 GMT

22:25:45.165 [AsyncHttpClient-1-8] DEBUG org.asynchttpclient.netty.channel.ChannelManager -- Adding key: http://localhost:9923 for channel [id: 0xf69d5a1d, L:/127.0.0.1:63521 - R:localhost/127.0.0.1:9923]
22:25:45.178 [main] DEBUG net.serenitybdd.core.photography.Darkroom -- Send negative for processing for C:\Users\USUARIO\OneDrive\Documentos\02 Automatización\03 Pragma\pragma\pragma\target\site\serenity\2c39510cdd3632dbb7e2e4291b5d2a0d471d14a6b705c8e292fb3a92fe15b60a.png
22:25:45.178 [Darkroom Processing Line] DEBUG net.serenitybdd.core.photography.DarkroomProcessingLine -- Processing screenshot image in /var/screenshots/screenshot-6796068580232705299
22:25:45.178 [Darkroom Processing Line] DEBUG net.serenitybdd.core.photography.DarkroomProcessingLine -- Saving screenshot to C:\Users\USUARIO\OneDrive\Documentos\02 Automatización\03 Pragma\pragma\pragma\target\site\serenity\2c39510cdd3632dbb7e2e4291b5d2a0d471d14a6b705c8e292fb3a92fe15b60a.png
22:25:45.914 [AsyncHttpClient-1-1] DEBUG org.asynchttpclient.netty.channel.DefaultChannelPool -- Entry count for : http://localhost:9923 : 1
22:25:46.189 [main] DEBUG net.thucydides.core.steps.StepInterceptor -- STEP DONE: ingresarSeccionRegistro
22:25:46.194 [Forwarding getAlertText on session 07d8ee0d-94c5-4698-80e6-2a52328be02c to remote] DEBUG org.asynchttpclient.netty.request.NettyRequestSender -- Using pooled Channel '[id: 0xf69d5a1d, L:/127.0.0.1:63521 - R:localhost/127.0.0.1:9923]' for 'GET' to 'http://localhost:9923/session/07d8ee0d-94c5-4698-80e6-2a52328be02c/alert/text'
22:25:46.194 [Forwarding getAlertText on session 07d8ee0d-94c5-4698-80e6-2a52328be02c to remote] DEBUG org.asynchttpclient.netty.request.NettyRequestSender -- Using open Channel [id: 0xf69d5a1d, L:/127.0.0.1:63521 - R:localhost/127.0.0.1:9923] for GET '/session/07d8ee0d-94c5-4698-80e6-2a52328be02c/alert/text'
22:25:46.197 [AsyncHttpClient-1-8] DEBUG org.asynchttpclient.netty.handler.HttpHandler -- 

Request DefaultFullHttpRequest(decodeResult: success, version: HTTP/1.1, content: EmptyByteBufBE)
GET /session/07d8ee0d-94c5-4698-80e6-2a52328be02c/alert/text HTTP/1.1
Cache-Control: no-cache
User-Agent: selenium/4.12.0 (java windows)
Content-Type: application/json; charset=utf-8
host: localhost:9923
accept: */*

Response DefaultHttpResponse(decodeResult: success, version: HTTP/1.1)
HTTP/1.1 404 Not Found
content-type: application/json; charset=utf-8
cache-control: no-cache
content-length: 842
date: Sun, 28 Apr 2024 03:25:46 GMT

22:25:46.197 [AsyncHttpClient-1-8] DEBUG org.asynchttpclient.netty.channel.ChannelManager -- Adding key: http://localhost:9923 for channel [id: 0xf69d5a1d, L:/127.0.0.1:63521 - R:localhost/127.0.0.1:9923]
22:25:46.198 [Forwarding getCurrentUrl on session 07d8ee0d-94c5-4698-80e6-2a52328be02c to remote] DEBUG org.asynchttpclient.netty.request.NettyRequestSender -- Using pooled Channel '[id: 0xf69d5a1d, L:/127.0.0.1:63521 - R:localhost/127.0.0.1:9923]' for 'GET' to 'http://localhost:9923/session/07d8ee0d-94c5-4698-80e6-2a52328be02c/url'
22:25:46.198 [Forwarding getCurrentUrl on session 07d8ee0d-94c5-4698-80e6-2a52328be02c to remote] DEBUG org.asynchttpclient.netty.request.NettyRequestSender -- Using open Channel [id: 0xf69d5a1d, L:/127.0.0.1:63521 - R:localhost/127.0.0.1:9923] for GET '/session/07d8ee0d-94c5-4698-80e6-2a52328be02c/url'
22:25:46.200 [AsyncHttpClient-1-8] DEBUG org.asynchttpclient.netty.handler.HttpHandler -- 

Request DefaultFullHttpRequest(decodeResult: success, version: HTTP/1.1, content: EmptyByteBufBE)
GET /session/07d8ee0d-94c5-4698-80e6-2a52328be02c/url HTTP/1.1
Cache-Control: no-cache
User-Agent: selenium/4.12.0 (java windows)
Content-Type: application/json; charset=utf-8
host: localhost:9923
accept: */*

Response DefaultHttpResponse(decodeResult: success, version: HTTP/1.1)
HTTP/1.1 200 OK
content-type: application/json; charset=utf-8
cache-control: no-cache
content-length: 38
date: Sun, 28 Apr 2024 03:25:46 GMT

22:25:46.200 [AsyncHttpClient-1-8] DEBUG org.asynchttpclient.netty.channel.ChannelManager -- Adding key: http://localhost:9923 for channel [id: 0xf69d5a1d, L:/127.0.0.1:63521 - R:localhost/127.0.0.1:9923]
22:25:46.201 [Forwarding screenshot on session 07d8ee0d-94c5-4698-80e6-2a52328be02c to remote] DEBUG org.asynchttpclient.netty.request.NettyRequestSender -- Using pooled Channel '[id: 0xf69d5a1d, L:/127.0.0.1:63521 - R:localhost/127.0.0.1:9923]' for 'GET' to 'http://localhost:9923/session/07d8ee0d-94c5-4698-80e6-2a52328be02c/screenshot'
22:25:46.201 [Forwarding screenshot on session 07d8ee0d-94c5-4698-80e6-2a52328be02c to remote] DEBUG org.asynchttpclient.netty.request.NettyRequestSender -- Using open Channel [id: 0xf69d5a1d, L:/127.0.0.1:63521 - R:localhost/127.0.0.1:9923] for GET '/session/07d8ee0d-94c5-4698-80e6-2a52328be02c/screenshot'
22:25:46.271 [AsyncHttpClient-1-8] DEBUG org.asynchttpclient.netty.handler.HttpHandler -- 

Request DefaultFullHttpRequest(decodeResult: success, version: HTTP/1.1, content: EmptyByteBufBE)
GET /session/07d8ee0d-94c5-4698-80e6-2a52328be02c/screenshot HTTP/1.1
Cache-Control: no-cache
User-Agent: selenium/4.12.0 (java windows)
Content-Type: application/json; charset=utf-8
host: localhost:9923
accept: */*

Response DefaultHttpResponse(decodeResult: success, version: HTTP/1.1)
HTTP/1.1 200 OK
content-type: application/json; charset=utf-8
cache-control: no-cache
content-length: 475868
date: Sun, 28 Apr 2024 03:25:46 GMT

22:25:46.271 [AsyncHttpClient-1-8] DEBUG org.asynchttpclient.netty.channel.ChannelManager -- Adding key: http://localhost:9923 for channel [id: 0xf69d5a1d, L:/127.0.0.1:63521 - R:localhost/127.0.0.1:9923]
22:25:46.275 [main] DEBUG net.serenitybdd.core.photography.Darkroom -- Send negative for processing for C:\Users\USUARIO\OneDrive\Documentos\02 Automatización\03 Pragma\pragma\pragma\target\site\serenity\fd826a39f14d4ae1c90f0aba8848c5de35b03fec7fa0c7ed50b763e4bbfa3828.png
22:25:46.275 [Darkroom Processing Line] DEBUG net.serenitybdd.core.photography.DarkroomProcessingLine -- Processing screenshot image in /var/screenshots/screenshot-5133501432421382574
22:25:46.275 [Darkroom Processing Line] DEBUG net.serenitybdd.core.photography.DarkroomProcessingLine -- Saving screenshot to C:\Users\USUARIO\OneDrive\Documentos\02 Automatización\03 Pragma\pragma\pragma\target\site\serenity\fd826a39f14d4ae1c90f0aba8848c5de35b03fec7fa0c7ed50b763e4bbfa3828.png
22:25:47.014 [AsyncHttpClient-1-1] DEBUG org.asynchttpclient.netty.channel.DefaultChannelPool -- Entry count for : http://localhost:9923 : 1
22:25:47.295 [main] DEBUG net.thucydides.core.steps.StepInterceptor -- STARTING STEP: StepInterceptor.testContext - registro
22:25:47.308 [Forwarding findElement on session 07d8ee0d-94c5-4698-80e6-2a52328be02c to remote] DEBUG org.asynchttpclient.netty.request.NettyRequestSender -- Using pooled Channel '[id: 0xf69d5a1d, L:/127.0.0.1:63521 - R:localhost/127.0.0.1:9923]' for 'POST' to 'http://localhost:9923/session/07d8ee0d-94c5-4698-80e6-2a52328be02c/element'
22:25:47.308 [Forwarding findElement on session 07d8ee0d-94c5-4698-80e6-2a52328be02c to remote] DEBUG org.asynchttpclient.netty.request.NettyRequestSender -- Using open Channel [id: 0xf69d5a1d, L:/127.0.0.1:63521 - R:localhost/127.0.0.1:9923] for POST '/session/07d8ee0d-94c5-4698-80e6-2a52328be02c/element'
22:25:47.310 [AsyncHttpClient-1-8] DEBUG org.asynchttpclient.netty.handler.HttpHandler -- 

Request DefaultHttpRequest(decodeResult: success, version: HTTP/1.1)
POST /session/07d8ee0d-94c5-4698-80e6-2a52328be02c/element HTTP/1.1
User-Agent: selenium/4.12.0 (java windows)
Content-Length: 60
Content-Type: application/json; charset=utf-8
host: localhost:9923
accept: */*

Response DefaultHttpResponse(decodeResult: success, version: HTTP/1.1)
HTTP/1.1 200 OK
content-type: application/json; charset=utf-8
cache-control: no-cache
content-length: 88
date: Sun, 28 Apr 2024 03:25:47 GMT

22:25:47.310 [AsyncHttpClient-1-8] DEBUG org.asynchttpclient.netty.channel.ChannelManager -- Adding key: http://localhost:9923 for channel [id: 0xf69d5a1d, L:/127.0.0.1:63521 - R:localhost/127.0.0.1:9923]
22:25:47.311 [Forwarding clearElement on session 07d8ee0d-94c5-4698-80e6-2a52328be02c to remote] DEBUG org.asynchttpclient.netty.request.NettyRequestSender -- Using pooled Channel '[id: 0xf69d5a1d, L:/127.0.0.1:63521 - R:localhost/127.0.0.1:9923]' for 'POST' to 'http://localhost:9923/session/07d8ee0d-94c5-4698-80e6-2a52328be02c/element/93e927c3-3aab-40eb-b2bd-2541f055c8f5/clear'
22:25:47.311 [Forwarding clearElement on session 07d8ee0d-94c5-4698-80e6-2a52328be02c to remote] DEBUG org.asynchttpclient.netty.request.NettyRequestSender -- Using open Channel [id: 0xf69d5a1d, L:/127.0.0.1:63521 - R:localhost/127.0.0.1:9923] for POST '/session/07d8ee0d-94c5-4698-80e6-2a52328be02c/element/93e927c3-3aab-40eb-b2bd-2541f055c8f5/clear'
22:25:47.313 [AsyncHttpClient-1-8] DEBUG org.asynchttpclient.netty.handler.HttpHandler -- 

Request DefaultHttpRequest(decodeResult: success, version: HTTP/1.1)
POST /session/07d8ee0d-94c5-4698-80e6-2a52328be02c/element/93e927c3-3aab-40eb-b2bd-2541f055c8f5/clear HTTP/1.1
User-Agent: selenium/4.12.0 (java windows)
Content-Length: 50
Content-Type: application/json; charset=utf-8
host: localhost:9923
accept: */*

Response DefaultHttpResponse(decodeResult: success, version: HTTP/1.1)
HTTP/1.1 200 OK
content-type: application/json; charset=utf-8
cache-control: no-cache
content-length: 14
date: Sun, 28 Apr 2024 03:25:47 GMT

22:25:47.313 [AsyncHttpClient-1-8] DEBUG org.asynchttpclient.netty.channel.ChannelManager -- Adding key: http://localhost:9923 for channel [id: 0xf69d5a1d, L:/127.0.0.1:63521 - R:localhost/127.0.0.1:9923]
22:25:47.315 [Forwarding sendKeysToElement on session 07d8ee0d-94c5-4698-80e6-2a52328be02c to remote] DEBUG org.asynchttpclient.netty.request.NettyRequestSender -- Using pooled Channel '[id: 0xf69d5a1d, L:/127.0.0.1:63521 - R:localhost/127.0.0.1:9923]' for 'POST' to 'http://localhost:9923/session/07d8ee0d-94c5-4698-80e6-2a52328be02c/element/93e927c3-3aab-40eb-b2bd-2541f055c8f5/value'
22:25:47.316 [Forwarding sendKeysToElement on session 07d8ee0d-94c5-4698-80e6-2a52328be02c to remote] DEBUG org.asynchttpclient.netty.request.NettyRequestSender -- Using open Channel [id: 0xf69d5a1d, L:/127.0.0.1:63521 - R:localhost/127.0.0.1:9923] for POST '/session/07d8ee0d-94c5-4698-80e6-2a52328be02c/element/93e927c3-3aab-40eb-b2bd-2541f055c8f5/value'
22:25:47.342 [AsyncHttpClient-1-8] DEBUG org.asynchttpclient.netty.handler.HttpHandler -- 

Request DefaultHttpRequest(decodeResult: success, version: HTTP/1.1)
POST /session/07d8ee0d-94c5-4698-80e6-2a52328be02c/element/93e927c3-3aab-40eb-b2bd-2541f055c8f5/value HTTP/1.1
User-Agent: selenium/4.12.0 (java windows)
Content-Length: 195
Content-Type: application/json; charset=utf-8
host: localhost:9923
accept: */*

Response DefaultHttpResponse(decodeResult: success, version: HTTP/1.1)
HTTP/1.1 200 OK
content-type: application/json; charset=utf-8
cache-control: no-cache
content-length: 14
date: Sun, 28 Apr 2024 03:25:47 GMT

22:25:47.343 [AsyncHttpClient-1-8] DEBUG org.asynchttpclient.netty.channel.ChannelManager -- Adding key: http://localhost:9923 for channel [id: 0xf69d5a1d, L:/127.0.0.1:63521 - R:localhost/127.0.0.1:9923]
22:25:47.344 [Forwarding findElement on session 07d8ee0d-94c5-4698-80e6-2a52328be02c to remote] DEBUG org.asynchttpclient.netty.request.NettyRequestSender -- Using pooled Channel '[id: 0xf69d5a1d, L:/127.0.0.1:63521 - R:localhost/127.0.0.1:9923]' for 'POST' to 'http://localhost:9923/session/07d8ee0d-94c5-4698-80e6-2a52328be02c/element'
22:25:47.345 [Forwarding findElement on session 07d8ee0d-94c5-4698-80e6-2a52328be02c to remote] DEBUG org.asynchttpclient.netty.request.NettyRequestSender -- Using open Channel [id: 0xf69d5a1d, L:/127.0.0.1:63521 - R:localhost/127.0.0.1:9923] for POST '/session/07d8ee0d-94c5-4698-80e6-2a52328be02c/element'
22:25:47.346 [AsyncHttpClient-1-8] DEBUG org.asynchttpclient.netty.handler.HttpHandler -- 

Request DefaultHttpRequest(decodeResult: success, version: HTTP/1.1)
POST /session/07d8ee0d-94c5-4698-80e6-2a52328be02c/element HTTP/1.1
User-Agent: selenium/4.12.0 (java windows)
Content-Length: 60
Content-Type: application/json; charset=utf-8
host: localhost:9923
accept: */*

Response DefaultHttpResponse(decodeResult: success, version: HTTP/1.1)
HTTP/1.1 200 OK
content-type: application/json; charset=utf-8
cache-control: no-cache
content-length: 88
date: Sun, 28 Apr 2024 03:25:47 GMT

22:25:47.347 [AsyncHttpClient-1-8] DEBUG org.asynchttpclient.netty.channel.ChannelManager -- Adding key: http://localhost:9923 for channel [id: 0xf69d5a1d, L:/127.0.0.1:63521 - R:localhost/127.0.0.1:9923]
22:25:47.348 [Forwarding clearElement on session 07d8ee0d-94c5-4698-80e6-2a52328be02c to remote] DEBUG org.asynchttpclient.netty.request.NettyRequestSender -- Using pooled Channel '[id: 0xf69d5a1d, L:/127.0.0.1:63521 - R:localhost/127.0.0.1:9923]' for 'POST' to 'http://localhost:9923/session/07d8ee0d-94c5-4698-80e6-2a52328be02c/element/e403439b-5850-4b65-9f59-899226173383/clear'
22:25:47.348 [Forwarding clearElement on session 07d8ee0d-94c5-4698-80e6-2a52328be02c to remote] DEBUG org.asynchttpclient.netty.request.NettyRequestSender -- Using open Channel [id: 0xf69d5a1d, L:/127.0.0.1:63521 - R:localhost/127.0.0.1:9923] for POST '/session/07d8ee0d-94c5-4698-80e6-2a52328be02c/element/e403439b-5850-4b65-9f59-899226173383/clear'
22:25:47.350 [AsyncHttpClient-1-8] DEBUG org.asynchttpclient.netty.handler.HttpHandler -- 

Request DefaultHttpRequest(decodeResult: success, version: HTTP/1.1)
POST /session/07d8ee0d-94c5-4698-80e6-2a52328be02c/element/e403439b-5850-4b65-9f59-899226173383/clear HTTP/1.1
User-Agent: selenium/4.12.0 (java windows)
Content-Length: 50
Content-Type: application/json; charset=utf-8
host: localhost:9923
accept: */*

Response DefaultHttpResponse(decodeResult: success, version: HTTP/1.1)
HTTP/1.1 200 OK
content-type: application/json; charset=utf-8
cache-control: no-cache
content-length: 14
date: Sun, 28 Apr 2024 03:25:47 GMT

22:25:47.350 [AsyncHttpClient-1-8] DEBUG org.asynchttpclient.netty.channel.ChannelManager -- Adding key: http://localhost:9923 for channel [id: 0xf69d5a1d, L:/127.0.0.1:63521 - R:localhost/127.0.0.1:9923]
22:25:47.351 [Forwarding sendKeysToElement on session 07d8ee0d-94c5-4698-80e6-2a52328be02c to remote] DEBUG org.asynchttpclient.netty.request.NettyRequestSender -- Using pooled Channel '[id: 0xf69d5a1d, L:/127.0.0.1:63521 - R:localhost/127.0.0.1:9923]' for 'POST' to 'http://localhost:9923/session/07d8ee0d-94c5-4698-80e6-2a52328be02c/element/e403439b-5850-4b65-9f59-899226173383/value'
22:25:47.351 [Forwarding sendKeysToElement on session 07d8ee0d-94c5-4698-80e6-2a52328be02c to remote] DEBUG org.asynchttpclient.netty.request.NettyRequestSender -- Using open Channel [id: 0xf69d5a1d, L:/127.0.0.1:63521 - R:localhost/127.0.0.1:9923] for POST '/session/07d8ee0d-94c5-4698-80e6-2a52328be02c/element/e403439b-5850-4b65-9f59-899226173383/value'
22:25:47.358 [AsyncHttpClient-1-8] DEBUG org.asynchttpclient.netty.handler.HttpHandler -- 

Request DefaultHttpRequest(decodeResult: success, version: HTTP/1.1)
POST /session/07d8ee0d-94c5-4698-80e6-2a52328be02c/element/e403439b-5850-4b65-9f59-899226173383/value HTTP/1.1
User-Agent: selenium/4.12.0 (java windows)
Content-Length: 205
Content-Type: application/json; charset=utf-8
host: localhost:9923
accept: */*

Response DefaultHttpResponse(decodeResult: success, version: HTTP/1.1)
HTTP/1.1 200 OK
content-type: application/json; charset=utf-8
cache-control: no-cache
content-length: 14
date: Sun, 28 Apr 2024 03:25:47 GMT

22:25:47.358 [AsyncHttpClient-1-8] DEBUG org.asynchttpclient.netty.channel.ChannelManager -- Adding key: http://localhost:9923 for channel [id: 0xf69d5a1d, L:/127.0.0.1:63521 - R:localhost/127.0.0.1:9923]
22:25:47.360 [Forwarding findElement on session 07d8ee0d-94c5-4698-80e6-2a52328be02c to remote] DEBUG org.asynchttpclient.netty.request.NettyRequestSender -- Using pooled Channel '[id: 0xf69d5a1d, L:/127.0.0.1:63521 - R:localhost/127.0.0.1:9923]' for 'POST' to 'http://localhost:9923/session/07d8ee0d-94c5-4698-80e6-2a52328be02c/element'
22:25:47.360 [Forwarding findElement on session 07d8ee0d-94c5-4698-80e6-2a52328be02c to remote] DEBUG org.asynchttpclient.netty.request.NettyRequestSender -- Using open Channel [id: 0xf69d5a1d, L:/127.0.0.1:63521 - R:localhost/127.0.0.1:9923] for POST '/session/07d8ee0d-94c5-4698-80e6-2a52328be02c/element'
22:25:47.363 [AsyncHttpClient-1-8] DEBUG org.asynchttpclient.netty.handler.HttpHandler -- 

Request DefaultHttpRequest(decodeResult: success, version: HTTP/1.1)
POST /session/07d8ee0d-94c5-4698-80e6-2a52328be02c/element HTTP/1.1
User-Agent: selenium/4.12.0 (java windows)
Content-Length: 116
Content-Type: application/json; charset=utf-8
host: localhost:9923
accept: */*

Response DefaultHttpResponse(decodeResult: success, version: HTTP/1.1)
HTTP/1.1 200 OK
content-type: application/json; charset=utf-8
cache-control: no-cache
content-length: 88
date: Sun, 28 Apr 2024 03:25:47 GMT

22:25:47.363 [AsyncHttpClient-1-8] DEBUG org.asynchttpclient.netty.channel.ChannelManager -- Adding key: http://localhost:9923 for channel [id: 0xf69d5a1d, L:/127.0.0.1:63521 - R:localhost/127.0.0.1:9923]
22:25:47.364 [Forwarding getElementTagName on session 07d8ee0d-94c5-4698-80e6-2a52328be02c to remote] DEBUG org.asynchttpclient.netty.request.NettyRequestSender -- Using pooled Channel '[id: 0xf69d5a1d, L:/127.0.0.1:63521 - R:localhost/127.0.0.1:9923]' for 'GET' to 'http://localhost:9923/session/07d8ee0d-94c5-4698-80e6-2a52328be02c/element/e6a149ce-20ea-470e-a4de-7d4ebe8a3b4d/name'
22:25:47.364 [Forwarding getElementTagName on session 07d8ee0d-94c5-4698-80e6-2a52328be02c to remote] DEBUG org.asynchttpclient.netty.request.NettyRequestSender -- Using open Channel [id: 0xf69d5a1d, L:/127.0.0.1:63521 - R:localhost/127.0.0.1:9923] for GET '/session/07d8ee0d-94c5-4698-80e6-2a52328be02c/element/e6a149ce-20ea-470e-a4de-7d4ebe8a3b4d/name'
22:25:47.366 [AsyncHttpClient-1-8] DEBUG org.asynchttpclient.netty.handler.HttpHandler -- 

Request DefaultFullHttpRequest(decodeResult: success, version: HTTP/1.1, content: EmptyByteBufBE)
GET /session/07d8ee0d-94c5-4698-80e6-2a52328be02c/element/e6a149ce-20ea-470e-a4de-7d4ebe8a3b4d/name HTTP/1.1
Cache-Control: no-cache
User-Agent: selenium/4.12.0 (java windows)
Content-Type: application/json; charset=utf-8
host: localhost:9923
accept: */*

Response DefaultHttpResponse(decodeResult: success, version: HTTP/1.1)
HTTP/1.1 200 OK
content-type: application/json; charset=utf-8
cache-control: no-cache
content-length: 18
date: Sun, 28 Apr 2024 03:25:47 GMT

22:25:47.366 [AsyncHttpClient-1-8] DEBUG org.asynchttpclient.netty.channel.ChannelManager -- Adding key: http://localhost:9923 for channel [id: 0xf69d5a1d, L:/127.0.0.1:63521 - R:localhost/127.0.0.1:9923]
22:25:47.367 [Forwarding getElementTagName on session 07d8ee0d-94c5-4698-80e6-2a52328be02c to remote] DEBUG org.asynchttpclient.netty.request.NettyRequestSender -- Using pooled Channel '[id: 0xf69d5a1d, L:/127.0.0.1:63521 - R:localhost/127.0.0.1:9923]' for 'GET' to 'http://localhost:9923/session/07d8ee0d-94c5-4698-80e6-2a52328be02c/element/e6a149ce-20ea-470e-a4de-7d4ebe8a3b4d/name'
22:25:47.367 [Forwarding getElementTagName on session 07d8ee0d-94c5-4698-80e6-2a52328be02c to remote] DEBUG org.asynchttpclient.netty.request.NettyRequestSender -- Using open Channel [id: 0xf69d5a1d, L:/127.0.0.1:63521 - R:localhost/127.0.0.1:9923] for GET '/session/07d8ee0d-94c5-4698-80e6-2a52328be02c/element/e6a149ce-20ea-470e-a4de-7d4ebe8a3b4d/name'
22:25:47.368 [AsyncHttpClient-1-8] DEBUG org.asynchttpclient.netty.handler.HttpHandler -- 

Request DefaultFullHttpRequest(decodeResult: success, version: HTTP/1.1, content: EmptyByteBufBE)
GET /session/07d8ee0d-94c5-4698-80e6-2a52328be02c/element/e6a149ce-20ea-470e-a4de-7d4ebe8a3b4d/name HTTP/1.1
Cache-Control: no-cache
User-Agent: selenium/4.12.0 (java windows)
Content-Type: application/json; charset=utf-8
host: localhost:9923
accept: */*

Response DefaultHttpResponse(decodeResult: success, version: HTTP/1.1)
HTTP/1.1 200 OK
content-type: application/json; charset=utf-8
cache-control: no-cache
content-length: 18
date: Sun, 28 Apr 2024 03:25:47 GMT

22:25:47.369 [AsyncHttpClient-1-8] DEBUG org.asynchttpclient.netty.channel.ChannelManager -- Adding key: http://localhost:9923 for channel [id: 0xf69d5a1d, L:/127.0.0.1:63521 - R:localhost/127.0.0.1:9923]
22:25:47.370 [Forwarding isElementEnabled on session 07d8ee0d-94c5-4698-80e6-2a52328be02c to remote] DEBUG org.asynchttpclient.netty.request.NettyRequestSender -- Using pooled Channel '[id: 0xf69d5a1d, L:/127.0.0.1:63521 - R:localhost/127.0.0.1:9923]' for 'GET' to 'http://localhost:9923/session/07d8ee0d-94c5-4698-80e6-2a52328be02c/element/e6a149ce-20ea-470e-a4de-7d4ebe8a3b4d/enabled'
22:25:47.370 [Forwarding isElementEnabled on session 07d8ee0d-94c5-4698-80e6-2a52328be02c to remote] DEBUG org.asynchttpclient.netty.request.NettyRequestSender -- Using open Channel [id: 0xf69d5a1d, L:/127.0.0.1:63521 - R:localhost/127.0.0.1:9923] for GET '/session/07d8ee0d-94c5-4698-80e6-2a52328be02c/element/e6a149ce-20ea-470e-a4de-7d4ebe8a3b4d/enabled'
22:25:47.374 [AsyncHttpClient-1-8] DEBUG org.asynchttpclient.netty.handler.HttpHandler -- 

Request DefaultFullHttpRequest(decodeResult: success, version: HTTP/1.1, content: EmptyByteBufBE)
GET /session/07d8ee0d-94c5-4698-80e6-2a52328be02c/element/e6a149ce-20ea-470e-a4de-7d4ebe8a3b4d/enabled HTTP/1.1
Cache-Control: no-cache
User-Agent: selenium/4.12.0 (java windows)
Content-Type: application/json; charset=utf-8
host: localhost:9923
accept: */*

Response DefaultHttpResponse(decodeResult: success, version: HTTP/1.1)
HTTP/1.1 200 OK
content-type: application/json; charset=utf-8
cache-control: no-cache
content-length: 14
date: Sun, 28 Apr 2024 03:25:47 GMT

22:25:47.374 [AsyncHttpClient-1-8] DEBUG org.asynchttpclient.netty.channel.ChannelManager -- Adding key: http://localhost:9923 for channel [id: 0xf69d5a1d, L:/127.0.0.1:63521 - R:localhost/127.0.0.1:9923]
22:25:47.375 [Forwarding isElementEnabled on session 07d8ee0d-94c5-4698-80e6-2a52328be02c to remote] DEBUG org.asynchttpclient.netty.request.NettyRequestSender -- Using pooled Channel '[id: 0xf69d5a1d, L:/127.0.0.1:63521 - R:localhost/127.0.0.1:9923]' for 'GET' to 'http://localhost:9923/session/07d8ee0d-94c5-4698-80e6-2a52328be02c/element/e6a149ce-20ea-470e-a4de-7d4ebe8a3b4d/enabled'
22:25:47.375 [Forwarding isElementEnabled on session 07d8ee0d-94c5-4698-80e6-2a52328be02c to remote] DEBUG org.asynchttpclient.netty.request.NettyRequestSender -- Using open Channel [id: 0xf69d5a1d, L:/127.0.0.1:63521 - R:localhost/127.0.0.1:9923] for GET '/session/07d8ee0d-94c5-4698-80e6-2a52328be02c/element/e6a149ce-20ea-470e-a4de-7d4ebe8a3b4d/enabled'
22:25:47.378 [AsyncHttpClient-1-8] DEBUG org.asynchttpclient.netty.handler.HttpHandler -- 

Request DefaultFullHttpRequest(decodeResult: success, version: HTTP/1.1, content: EmptyByteBufBE)
GET /session/07d8ee0d-94c5-4698-80e6-2a52328be02c/element/e6a149ce-20ea-470e-a4de-7d4ebe8a3b4d/enabled HTTP/1.1
Cache-Control: no-cache
User-Agent: selenium/4.12.0 (java windows)
Content-Type: application/json; charset=utf-8
host: localhost:9923
accept: */*

Response DefaultHttpResponse(decodeResult: success, version: HTTP/1.1)
HTTP/1.1 200 OK
content-type: application/json; charset=utf-8
cache-control: no-cache
content-length: 14
date: Sun, 28 Apr 2024 03:25:47 GMT

22:25:47.378 [AsyncHttpClient-1-8] DEBUG org.asynchttpclient.netty.channel.ChannelManager -- Adding key: http://localhost:9923 for channel [id: 0xf69d5a1d, L:/127.0.0.1:63521 - R:localhost/127.0.0.1:9923]
22:25:47.380 [Forwarding findElement on session 07d8ee0d-94c5-4698-80e6-2a52328be02c to remote] DEBUG org.asynchttpclient.netty.request.NettyRequestSender -- Using pooled Channel '[id: 0xf69d5a1d, L:/127.0.0.1:63521 - R:localhost/127.0.0.1:9923]' for 'POST' to 'http://localhost:9923/session/07d8ee0d-94c5-4698-80e6-2a52328be02c/element'
22:25:47.380 [Forwarding findElement on session 07d8ee0d-94c5-4698-80e6-2a52328be02c to remote] DEBUG org.asynchttpclient.netty.request.NettyRequestSender -- Using open Channel [id: 0xf69d5a1d, L:/127.0.0.1:63521 - R:localhost/127.0.0.1:9923] for POST '/session/07d8ee0d-94c5-4698-80e6-2a52328be02c/element'
22:25:47.383 [AsyncHttpClient-1-8] DEBUG org.asynchttpclient.netty.handler.HttpHandler -- 

Request DefaultHttpRequest(decodeResult: success, version: HTTP/1.1)
POST /session/07d8ee0d-94c5-4698-80e6-2a52328be02c/element HTTP/1.1
User-Agent: selenium/4.12.0 (java windows)
Content-Length: 116
Content-Type: application/json; charset=utf-8
host: localhost:9923
accept: */*

Response DefaultHttpResponse(decodeResult: success, version: HTTP/1.1)
HTTP/1.1 200 OK
content-type: application/json; charset=utf-8
cache-control: no-cache
content-length: 88
date: Sun, 28 Apr 2024 03:25:47 GMT

22:25:47.383 [AsyncHttpClient-1-8] DEBUG org.asynchttpclient.netty.channel.ChannelManager -- Adding key: http://localhost:9923 for channel [id: 0xf69d5a1d, L:/127.0.0.1:63521 - R:localhost/127.0.0.1:9923]
22:25:47.384 [Forwarding clickElement on session 07d8ee0d-94c5-4698-80e6-2a52328be02c to remote] DEBUG org.asynchttpclient.netty.request.NettyRequestSender -- Using pooled Channel '[id: 0xf69d5a1d, L:/127.0.0.1:63521 - R:localhost/127.0.0.1:9923]' for 'POST' to 'http://localhost:9923/session/07d8ee0d-94c5-4698-80e6-2a52328be02c/element/e6a149ce-20ea-470e-a4de-7d4ebe8a3b4d/click'
22:25:47.384 [Forwarding clickElement on session 07d8ee0d-94c5-4698-80e6-2a52328be02c to remote] DEBUG org.asynchttpclient.netty.request.NettyRequestSender -- Using open Channel [id: 0xf69d5a1d, L:/127.0.0.1:63521 - R:localhost/127.0.0.1:9923] for POST '/session/07d8ee0d-94c5-4698-80e6-2a52328be02c/element/e6a149ce-20ea-470e-a4de-7d4ebe8a3b4d/click'
22:25:47.591 [AsyncHttpClient-1-8] DEBUG org.asynchttpclient.netty.handler.HttpHandler -- 

Request DefaultHttpRequest(decodeResult: success, version: HTTP/1.1)
POST /session/07d8ee0d-94c5-4698-80e6-2a52328be02c/element/e6a149ce-20ea-470e-a4de-7d4ebe8a3b4d/click HTTP/1.1
User-Agent: selenium/4.12.0 (java windows)
Content-Length: 50
Content-Type: application/json; charset=utf-8
host: localhost:9923
accept: */*

Response DefaultHttpResponse(decodeResult: success, version: HTTP/1.1)
HTTP/1.1 200 OK
content-type: application/json; charset=utf-8
cache-control: no-cache
content-length: 14
date: Sun, 28 Apr 2024 03:25:47 GMT

22:25:47.591 [AsyncHttpClient-1-8] DEBUG org.asynchttpclient.netty.channel.ChannelManager -- Adding key: http://localhost:9923 for channel [id: 0xf69d5a1d, L:/127.0.0.1:63521 - R:localhost/127.0.0.1:9923]
22:25:47.594 [Forwarding getAlertText on session 07d8ee0d-94c5-4698-80e6-2a52328be02c to remote] DEBUG org.asynchttpclient.netty.request.NettyRequestSender -- Using pooled Channel '[id: 0xf69d5a1d, L:/127.0.0.1:63521 - R:localhost/127.0.0.1:9923]' for 'GET' to 'http://localhost:9923/session/07d8ee0d-94c5-4698-80e6-2a52328be02c/alert/text'
22:25:47.594 [Forwarding getAlertText on session 07d8ee0d-94c5-4698-80e6-2a52328be02c to remote] DEBUG org.asynchttpclient.netty.request.NettyRequestSender -- Using open Channel [id: 0xf69d5a1d, L:/127.0.0.1:63521 - R:localhost/127.0.0.1:9923] for GET '/session/07d8ee0d-94c5-4698-80e6-2a52328be02c/alert/text'
22:25:47.595 [AsyncHttpClient-1-8] DEBUG org.asynchttpclient.netty.handler.HttpHandler -- 

Request DefaultFullHttpRequest(decodeResult: success, version: HTTP/1.1, content: EmptyByteBufBE)
GET /session/07d8ee0d-94c5-4698-80e6-2a52328be02c/alert/text HTTP/1.1
Cache-Control: no-cache
User-Agent: selenium/4.12.0 (java windows)
Content-Type: application/json; charset=utf-8
host: localhost:9923
accept: */*

Response DefaultHttpResponse(decodeResult: success, version: HTTP/1.1)
HTTP/1.1 404 Not Found
content-type: application/json; charset=utf-8
cache-control: no-cache
content-length: 842
date: Sun, 28 Apr 2024 03:25:47 GMT

22:25:47.595 [AsyncHttpClient-1-8] DEBUG org.asynchttpclient.netty.channel.ChannelManager -- Adding key: http://localhost:9923 for channel [id: 0xf69d5a1d, L:/127.0.0.1:63521 - R:localhost/127.0.0.1:9923]
22:25:47.596 [Forwarding getCurrentUrl on session 07d8ee0d-94c5-4698-80e6-2a52328be02c to remote] DEBUG org.asynchttpclient.netty.request.NettyRequestSender -- Using pooled Channel '[id: 0xf69d5a1d, L:/127.0.0.1:63521 - R:localhost/127.0.0.1:9923]' for 'GET' to 'http://localhost:9923/session/07d8ee0d-94c5-4698-80e6-2a52328be02c/url'
22:25:47.596 [Forwarding getCurrentUrl on session 07d8ee0d-94c5-4698-80e6-2a52328be02c to remote] DEBUG org.asynchttpclient.netty.request.NettyRequestSender -- Using open Channel [id: 0xf69d5a1d, L:/127.0.0.1:63521 - R:localhost/127.0.0.1:9923] for GET '/session/07d8ee0d-94c5-4698-80e6-2a52328be02c/url'
22:25:47.597 [AsyncHttpClient-1-8] DEBUG org.asynchttpclient.netty.handler.HttpHandler -- 

Request DefaultFullHttpRequest(decodeResult: success, version: HTTP/1.1, content: EmptyByteBufBE)
GET /session/07d8ee0d-94c5-4698-80e6-2a52328be02c/url HTTP/1.1
Cache-Control: no-cache
User-Agent: selenium/4.12.0 (java windows)
Content-Type: application/json; charset=utf-8
host: localhost:9923
accept: */*

Response DefaultHttpResponse(decodeResult: success, version: HTTP/1.1)
HTTP/1.1 200 OK
content-type: application/json; charset=utf-8
cache-control: no-cache
content-length: 38
date: Sun, 28 Apr 2024 03:25:47 GMT

22:25:47.597 [AsyncHttpClient-1-8] DEBUG org.asynchttpclient.netty.channel.ChannelManager -- Adding key: http://localhost:9923 for channel [id: 0xf69d5a1d, L:/127.0.0.1:63521 - R:localhost/127.0.0.1:9923]
22:25:47.597 [Forwarding screenshot on session 07d8ee0d-94c5-4698-80e6-2a52328be02c to remote] DEBUG org.asynchttpclient.netty.request.NettyRequestSender -- Using pooled Channel '[id: 0xf69d5a1d, L:/127.0.0.1:63521 - R:localhost/127.0.0.1:9923]' for 'GET' to 'http://localhost:9923/session/07d8ee0d-94c5-4698-80e6-2a52328be02c/screenshot'
22:25:47.598 [Forwarding screenshot on session 07d8ee0d-94c5-4698-80e6-2a52328be02c to remote] DEBUG org.asynchttpclient.netty.request.NettyRequestSender -- Using open Channel [id: 0xf69d5a1d, L:/127.0.0.1:63521 - R:localhost/127.0.0.1:9923] for GET '/session/07d8ee0d-94c5-4698-80e6-2a52328be02c/screenshot'
22:25:47.663 [AsyncHttpClient-1-8] DEBUG org.asynchttpclient.netty.handler.HttpHandler -- 

Request DefaultFullHttpRequest(decodeResult: success, version: HTTP/1.1, content: EmptyByteBufBE)
GET /session/07d8ee0d-94c5-4698-80e6-2a52328be02c/screenshot HTTP/1.1
Cache-Control: no-cache
User-Agent: selenium/4.12.0 (java windows)
Content-Type: application/json; charset=utf-8
host: localhost:9923
accept: */*

Response DefaultHttpResponse(decodeResult: success, version: HTTP/1.1)
HTTP/1.1 200 OK
content-type: application/json; charset=utf-8
cache-control: no-cache
content-length: 480168
date: Sun, 28 Apr 2024 03:25:47 GMT

22:25:47.664 [AsyncHttpClient-1-8] DEBUG org.asynchttpclient.netty.channel.ChannelManager -- Adding key: http://localhost:9923 for channel [id: 0xf69d5a1d, L:/127.0.0.1:63521 - R:localhost/127.0.0.1:9923]
22:25:47.670 [main] DEBUG net.serenitybdd.core.photography.Darkroom -- Send negative for processing for C:\Users\USUARIO\OneDrive\Documentos\02 Automatización\03 Pragma\pragma\pragma\target\site\serenity\e74e0b78a396442ca9ea23941790f172b853bdc93e7fc59913633c726c6f41bb.png
22:25:47.670 [Darkroom Processing Line] DEBUG net.serenitybdd.core.photography.DarkroomProcessingLine -- Processing screenshot image in /var/screenshots/screenshot-2848114139217231468
22:25:47.670 [Darkroom Processing Line] DEBUG net.serenitybdd.core.photography.DarkroomProcessingLine -- Saving screenshot to C:\Users\USUARIO\OneDrive\Documentos\02 Automatización\03 Pragma\pragma\pragma\target\site\serenity\e74e0b78a396442ca9ea23941790f172b853bdc93e7fc59913633c726c6f41bb.png
22:25:48.115 [AsyncHttpClient-1-1] DEBUG org.asynchttpclient.netty.channel.DefaultChannelPool -- Entry count for : http://localhost:9923 : 1
22:25:48.673 [main] DEBUG net.thucydides.core.steps.StepInterceptor -- STEP DONE: registro
22:25:48.682 [Forwarding getAlertText on session 07d8ee0d-94c5-4698-80e6-2a52328be02c to remote] DEBUG org.asynchttpclient.netty.request.NettyRequestSender -- Using pooled Channel '[id: 0xf69d5a1d, L:/127.0.0.1:63521 - R:localhost/127.0.0.1:9923]' for 'GET' to 'http://localhost:9923/session/07d8ee0d-94c5-4698-80e6-2a52328be02c/alert/text'
22:25:48.682 [Forwarding getAlertText on session 07d8ee0d-94c5-4698-80e6-2a52328be02c to remote] DEBUG org.asynchttpclient.netty.request.NettyRequestSender -- Using open Channel [id: 0xf69d5a1d, L:/127.0.0.1:63521 - R:localhost/127.0.0.1:9923] for GET '/session/07d8ee0d-94c5-4698-80e6-2a52328be02c/alert/text'
22:25:48.684 [AsyncHttpClient-1-8] DEBUG org.asynchttpclient.netty.handler.HttpHandler -- 

Request DefaultFullHttpRequest(decodeResult: success, version: HTTP/1.1, content: EmptyByteBufBE)
GET /session/07d8ee0d-94c5-4698-80e6-2a52328be02c/alert/text HTTP/1.1
Cache-Control: no-cache
User-Agent: selenium/4.12.0 (java windows)
Content-Type: application/json; charset=utf-8
host: localhost:9923
accept: */*

Response DefaultHttpResponse(decodeResult: success, version: HTTP/1.1)
HTTP/1.1 200 OK
content-type: application/json; charset=utf-8
cache-control: no-cache
content-length: 31
date: Sun, 28 Apr 2024 03:25:48 GMT

22:25:48.684 [AsyncHttpClient-1-8] DEBUG org.asynchttpclient.netty.channel.ChannelManager -- Adding key: http://localhost:9923 for channel [id: 0xf69d5a1d, L:/127.0.0.1:63521 - R:localhost/127.0.0.1:9923]
22:25:49.215 [AsyncHttpClient-1-1] DEBUG org.asynchttpclient.netty.channel.DefaultChannelPool -- Entry count for : http://localhost:9923 : 1
22:25:49.693 [main] DEBUG net.thucydides.core.steps.StepInterceptor -- STARTING STEP: StepInterceptor.testContext - validarRegistroExitoso
22:25:49.694 [Forwarding getAlertText on session 07d8ee0d-94c5-4698-80e6-2a52328be02c to remote] DEBUG org.asynchttpclient.netty.request.NettyRequestSender -- Using pooled Channel '[id: 0xf69d5a1d, L:/127.0.0.1:63521 - R:localhost/127.0.0.1:9923]' for 'GET' to 'http://localhost:9923/session/07d8ee0d-94c5-4698-80e6-2a52328be02c/alert/text'
22:25:49.694 [Forwarding getAlertText on session 07d8ee0d-94c5-4698-80e6-2a52328be02c to remote] DEBUG org.asynchttpclient.netty.request.NettyRequestSender -- Using open Channel [id: 0xf69d5a1d, L:/127.0.0.1:63521 - R:localhost/127.0.0.1:9923] for GET '/session/07d8ee0d-94c5-4698-80e6-2a52328be02c/alert/text'
22:25:49.696 [AsyncHttpClient-1-8] DEBUG org.asynchttpclient.netty.handler.HttpHandler -- 

Request DefaultFullHttpRequest(decodeResult: success, version: HTTP/1.1, content: EmptyByteBufBE)
GET /session/07d8ee0d-94c5-4698-80e6-2a52328be02c/alert/text HTTP/1.1
Cache-Control: no-cache
User-Agent: selenium/4.12.0 (java windows)
Content-Type: application/json; charset=utf-8
host: localhost:9923
accept: */*

Response DefaultHttpResponse(decodeResult: success, version: HTTP/1.1)
HTTP/1.1 200 OK
content-type: application/json; charset=utf-8
cache-control: no-cache
content-length: 31
date: Sun, 28 Apr 2024 03:25:49 GMT

22:25:49.697 [AsyncHttpClient-1-8] DEBUG org.asynchttpclient.netty.channel.ChannelManager -- Adding key: http://localhost:9923 for channel [id: 0xf69d5a1d, L:/127.0.0.1:63521 - R:localhost/127.0.0.1:9923]
22:25:49.699 [Forwarding getAlertText on session 07d8ee0d-94c5-4698-80e6-2a52328be02c to remote] DEBUG org.asynchttpclient.netty.request.NettyRequestSender -- Using pooled Channel '[id: 0xf69d5a1d, L:/127.0.0.1:63521 - R:localhost/127.0.0.1:9923]' for 'GET' to 'http://localhost:9923/session/07d8ee0d-94c5-4698-80e6-2a52328be02c/alert/text'
22:25:49.699 [Forwarding getAlertText on session 07d8ee0d-94c5-4698-80e6-2a52328be02c to remote] DEBUG org.asynchttpclient.netty.request.NettyRequestSender -- Using open Channel [id: 0xf69d5a1d, L:/127.0.0.1:63521 - R:localhost/127.0.0.1:9923] for GET '/session/07d8ee0d-94c5-4698-80e6-2a52328be02c/alert/text'
22:25:49.700 [AsyncHttpClient-1-8] DEBUG org.asynchttpclient.netty.handler.HttpHandler -- 

Request DefaultFullHttpRequest(decodeResult: success, version: HTTP/1.1, content: EmptyByteBufBE)
GET /session/07d8ee0d-94c5-4698-80e6-2a52328be02c/alert/text HTTP/1.1
Cache-Control: no-cache
User-Agent: selenium/4.12.0 (java windows)
Content-Type: application/json; charset=utf-8
host: localhost:9923
accept: */*

Response DefaultHttpResponse(decodeResult: success, version: HTTP/1.1)
HTTP/1.1 200 OK
content-type: application/json; charset=utf-8
cache-control: no-cache
content-length: 31
date: Sun, 28 Apr 2024 03:25:49 GMT

22:25:49.700 [AsyncHttpClient-1-8] DEBUG org.asynchttpclient.netty.channel.ChannelManager -- Adding key: http://localhost:9923 for channel [id: 0xf69d5a1d, L:/127.0.0.1:63521 - R:localhost/127.0.0.1:9923]
22:25:49.701 [Forwarding getAlertText on session 07d8ee0d-94c5-4698-80e6-2a52328be02c to remote] DEBUG org.asynchttpclient.netty.request.NettyRequestSender -- Using pooled Channel '[id: 0xf69d5a1d, L:/127.0.0.1:63521 - R:localhost/127.0.0.1:9923]' for 'GET' to 'http://localhost:9923/session/07d8ee0d-94c5-4698-80e6-2a52328be02c/alert/text'
22:25:49.701 [Forwarding getAlertText on session 07d8ee0d-94c5-4698-80e6-2a52328be02c to remote] DEBUG org.asynchttpclient.netty.request.NettyRequestSender -- Using open Channel [id: 0xf69d5a1d, L:/127.0.0.1:63521 - R:localhost/127.0.0.1:9923] for GET '/session/07d8ee0d-94c5-4698-80e6-2a52328be02c/alert/text'
22:25:49.702 [AsyncHttpClient-1-8] DEBUG org.asynchttpclient.netty.handler.HttpHandler -- 

Request DefaultFullHttpRequest(decodeResult: success, version: HTTP/1.1, content: EmptyByteBufBE)
GET /session/07d8ee0d-94c5-4698-80e6-2a52328be02c/alert/text HTTP/1.1
Cache-Control: no-cache
User-Agent: selenium/4.12.0 (java windows)
Content-Type: application/json; charset=utf-8
host: localhost:9923
accept: */*

Response DefaultHttpResponse(decodeResult: success, version: HTTP/1.1)
HTTP/1.1 200 OK
content-type: application/json; charset=utf-8
cache-control: no-cache
content-length: 31
date: Sun, 28 Apr 2024 03:25:49 GMT

22:25:49.702 [AsyncHttpClient-1-8] DEBUG org.asynchttpclient.netty.channel.ChannelManager -- Adding key: http://localhost:9923 for channel [id: 0xf69d5a1d, L:/127.0.0.1:63521 - R:localhost/127.0.0.1:9923]
22:25:49.703 [Forwarding getAlertText on session 07d8ee0d-94c5-4698-80e6-2a52328be02c to remote] DEBUG org.asynchttpclient.netty.request.NettyRequestSender -- Using pooled Channel '[id: 0xf69d5a1d, L:/127.0.0.1:63521 - R:localhost/127.0.0.1:9923]' for 'GET' to 'http://localhost:9923/session/07d8ee0d-94c5-4698-80e6-2a52328be02c/alert/text'
22:25:49.703 [Forwarding getAlertText on session 07d8ee0d-94c5-4698-80e6-2a52328be02c to remote] DEBUG org.asynchttpclient.netty.request.NettyRequestSender -- Using open Channel [id: 0xf69d5a1d, L:/127.0.0.1:63521 - R:localhost/127.0.0.1:9923] for GET '/session/07d8ee0d-94c5-4698-80e6-2a52328be02c/alert/text'
22:25:49.704 [AsyncHttpClient-1-8] DEBUG org.asynchttpclient.netty.handler.HttpHandler -- 

Request DefaultFullHttpRequest(decodeResult: success, version: HTTP/1.1, content: EmptyByteBufBE)
GET /session/07d8ee0d-94c5-4698-80e6-2a52328be02c/alert/text HTTP/1.1
Cache-Control: no-cache
User-Agent: selenium/4.12.0 (java windows)
Content-Type: application/json; charset=utf-8
host: localhost:9923
accept: */*

Response DefaultHttpResponse(decodeResult: success, version: HTTP/1.1)
HTTP/1.1 200 OK
content-type: application/json; charset=utf-8
cache-control: no-cache
content-length: 31
date: Sun, 28 Apr 2024 03:25:49 GMT

22:25:49.704 [AsyncHttpClient-1-8] DEBUG org.asynchttpclient.netty.channel.ChannelManager -- Adding key: http://localhost:9923 for channel [id: 0xf69d5a1d, L:/127.0.0.1:63521 - R:localhost/127.0.0.1:9923]
>>>> Cliente registrado con exito !!
22:25:49.707 [Forwarding getAlertText on session 07d8ee0d-94c5-4698-80e6-2a52328be02c to remote] DEBUG org.asynchttpclient.netty.request.NettyRequestSender -- Using pooled Channel '[id: 0xf69d5a1d, L:/127.0.0.1:63521 - R:localhost/127.0.0.1:9923]' for 'GET' to 'http://localhost:9923/session/07d8ee0d-94c5-4698-80e6-2a52328be02c/alert/text'
22:25:49.707 [Forwarding getAlertText on session 07d8ee0d-94c5-4698-80e6-2a52328be02c to remote] DEBUG org.asynchttpclient.netty.request.NettyRequestSender -- Using open Channel [id: 0xf69d5a1d, L:/127.0.0.1:63521 - R:localhost/127.0.0.1:9923] for GET '/session/07d8ee0d-94c5-4698-80e6-2a52328be02c/alert/text'
22:25:49.708 [AsyncHttpClient-1-8] DEBUG org.asynchttpclient.netty.handler.HttpHandler -- 

Request DefaultFullHttpRequest(decodeResult: success, version: HTTP/1.1, content: EmptyByteBufBE)
GET /session/07d8ee0d-94c5-4698-80e6-2a52328be02c/alert/text HTTP/1.1
Cache-Control: no-cache
User-Agent: selenium/4.12.0 (java windows)
Content-Type: application/json; charset=utf-8
host: localhost:9923
accept: */*

Response DefaultHttpResponse(decodeResult: success, version: HTTP/1.1)
HTTP/1.1 200 OK
content-type: application/json; charset=utf-8
cache-control: no-cache
content-length: 31
date: Sun, 28 Apr 2024 03:25:49 GMT

22:25:49.708 [AsyncHttpClient-1-8] DEBUG org.asynchttpclient.netty.channel.ChannelManager -- Adding key: http://localhost:9923 for channel [id: 0xf69d5a1d, L:/127.0.0.1:63521 - R:localhost/127.0.0.1:9923]
22:25:49.709 [Forwarding getPageSource on session 07d8ee0d-94c5-4698-80e6-2a52328be02c to remote] DEBUG org.asynchttpclient.netty.request.NettyRequestSender -- Using pooled Channel '[id: 0xf69d5a1d, L:/127.0.0.1:63521 - R:localhost/127.0.0.1:9923]' for 'POST' to 'http://localhost:9923/session/07d8ee0d-94c5-4698-80e6-2a52328be02c/execute/sync'
22:25:49.709 [Forwarding getPageSource on session 07d8ee0d-94c5-4698-80e6-2a52328be02c to remote] DEBUG org.asynchttpclient.netty.request.NettyRequestSender -- Using open Channel [id: 0xf69d5a1d, L:/127.0.0.1:63521 - R:localhost/127.0.0.1:9923] for POST '/session/07d8ee0d-94c5-4698-80e6-2a52328be02c/execute/sync'
22:25:49.715 [AsyncHttpClient-1-8] DEBUG org.asynchttpclient.netty.handler.HttpHandler -- 

Request DefaultHttpRequest(decodeResult: success, version: HTTP/1.1)
POST /session/07d8ee0d-94c5-4698-80e6-2a52328be02c/execute/sync HTTP/1.1
User-Agent: selenium/4.12.0 (java windows)
Content-Length: 176
Content-Type: application/json; charset=utf-8
host: localhost:9923
accept: */*

Response DefaultHttpResponse(decodeResult: success, version: HTTP/1.1)
HTTP/1.1 500 Internal Server Error
content-type: application/json; charset=utf-8
cache-control: no-cache
content-length: 455
date: Sun, 28 Apr 2024 03:25:49 GMT

22:25:49.715 [AsyncHttpClient-1-8] DEBUG org.asynchttpclient.netty.channel.ChannelManager -- Adding key: http://localhost:9923 for channel [id: 0xf69d5a1d, L:/127.0.0.1:63521 - R:localhost/127.0.0.1:9923]
22:25:49.742 [Forwarding getCurrentUrl on session 07d8ee0d-94c5-4698-80e6-2a52328be02c to remote] DEBUG org.asynchttpclient.netty.request.NettyRequestSender -- Using pooled Channel '[id: 0xf69d5a1d, L:/127.0.0.1:63521 - R:localhost/127.0.0.1:9923]' for 'GET' to 'http://localhost:9923/session/07d8ee0d-94c5-4698-80e6-2a52328be02c/url'
22:25:49.742 [Forwarding getCurrentUrl on session 07d8ee0d-94c5-4698-80e6-2a52328be02c to remote] DEBUG org.asynchttpclient.netty.request.NettyRequestSender -- Using open Channel [id: 0xf69d5a1d, L:/127.0.0.1:63521 - R:localhost/127.0.0.1:9923] for GET '/session/07d8ee0d-94c5-4698-80e6-2a52328be02c/url'
22:25:49.743 [AsyncHttpClient-1-8] DEBUG org.asynchttpclient.netty.handler.HttpHandler -- 

Request DefaultFullHttpRequest(decodeResult: success, version: HTTP/1.1, content: EmptyByteBufBE)
GET /session/07d8ee0d-94c5-4698-80e6-2a52328be02c/url HTTP/1.1
Cache-Control: no-cache
User-Agent: selenium/4.12.0 (java windows)
Content-Type: application/json; charset=utf-8
host: localhost:9923
accept: */*

Response DefaultHttpResponse(decodeResult: success, version: HTTP/1.1)
HTTP/1.1 200 OK
content-type: application/json; charset=utf-8
cache-control: no-cache
content-length: 38
date: Sun, 28 Apr 2024 03:25:49 GMT

22:25:49.743 [AsyncHttpClient-1-8] DEBUG org.asynchttpclient.netty.channel.ChannelManager -- Adding key: http://localhost:9923 for channel [id: 0xf69d5a1d, L:/127.0.0.1:63521 - R:localhost/127.0.0.1:9923]
22:25:49.748 [Forwarding getAlertText on session 07d8ee0d-94c5-4698-80e6-2a52328be02c to remote] DEBUG org.asynchttpclient.netty.request.NettyRequestSender -- Using pooled Channel '[id: 0xf69d5a1d, L:/127.0.0.1:63521 - R:localhost/127.0.0.1:9923]' for 'GET' to 'http://localhost:9923/session/07d8ee0d-94c5-4698-80e6-2a52328be02c/alert/text'
22:25:49.748 [Forwarding getAlertText on session 07d8ee0d-94c5-4698-80e6-2a52328be02c to remote] DEBUG org.asynchttpclient.netty.request.NettyRequestSender -- Using open Channel [id: 0xf69d5a1d, L:/127.0.0.1:63521 - R:localhost/127.0.0.1:9923] for GET '/session/07d8ee0d-94c5-4698-80e6-2a52328be02c/alert/text'
22:25:49.750 [AsyncHttpClient-1-8] DEBUG org.asynchttpclient.netty.handler.HttpHandler -- 

Request DefaultFullHttpRequest(decodeResult: success, version: HTTP/1.1, content: EmptyByteBufBE)
GET /session/07d8ee0d-94c5-4698-80e6-2a52328be02c/alert/text HTTP/1.1
Cache-Control: no-cache
User-Agent: selenium/4.12.0 (java windows)
Content-Type: application/json; charset=utf-8
host: localhost:9923
accept: */*

Response DefaultHttpResponse(decodeResult: success, version: HTTP/1.1)
HTTP/1.1 404 Not Found
content-type: application/json; charset=utf-8
cache-control: no-cache
content-length: 842
date: Sun, 28 Apr 2024 03:25:49 GMT

22:25:49.751 [AsyncHttpClient-1-8] DEBUG org.asynchttpclient.netty.channel.ChannelManager -- Adding key: http://localhost:9923 for channel [id: 0xf69d5a1d, L:/127.0.0.1:63521 - R:localhost/127.0.0.1:9923]
22:25:49.752 [Forwarding getCurrentUrl on session 07d8ee0d-94c5-4698-80e6-2a52328be02c to remote] DEBUG org.asynchttpclient.netty.request.NettyRequestSender -- Using pooled Channel '[id: 0xf69d5a1d, L:/127.0.0.1:63521 - R:localhost/127.0.0.1:9923]' for 'GET' to 'http://localhost:9923/session/07d8ee0d-94c5-4698-80e6-2a52328be02c/url'
22:25:49.752 [Forwarding getCurrentUrl on session 07d8ee0d-94c5-4698-80e6-2a52328be02c to remote] DEBUG org.asynchttpclient.netty.request.NettyRequestSender -- Using open Channel [id: 0xf69d5a1d, L:/127.0.0.1:63521 - R:localhost/127.0.0.1:9923] for GET '/session/07d8ee0d-94c5-4698-80e6-2a52328be02c/url'
22:25:49.753 [AsyncHttpClient-1-8] DEBUG org.asynchttpclient.netty.handler.HttpHandler -- 

Request DefaultFullHttpRequest(decodeResult: success, version: HTTP/1.1, content: EmptyByteBufBE)
GET /session/07d8ee0d-94c5-4698-80e6-2a52328be02c/url HTTP/1.1
Cache-Control: no-cache
User-Agent: selenium/4.12.0 (java windows)
Content-Type: application/json; charset=utf-8
host: localhost:9923
accept: */*

Response DefaultHttpResponse(decodeResult: success, version: HTTP/1.1)
HTTP/1.1 200 OK
content-type: application/json; charset=utf-8
cache-control: no-cache
content-length: 38
date: Sun, 28 Apr 2024 03:25:49 GMT

22:25:49.753 [AsyncHttpClient-1-8] DEBUG org.asynchttpclient.netty.channel.ChannelManager -- Adding key: http://localhost:9923 for channel [id: 0xf69d5a1d, L:/127.0.0.1:63521 - R:localhost/127.0.0.1:9923]
22:25:49.753 [Forwarding screenshot on session 07d8ee0d-94c5-4698-80e6-2a52328be02c to remote] DEBUG org.asynchttpclient.netty.request.NettyRequestSender -- Using pooled Channel '[id: 0xf69d5a1d, L:/127.0.0.1:63521 - R:localhost/127.0.0.1:9923]' for 'GET' to 'http://localhost:9923/session/07d8ee0d-94c5-4698-80e6-2a52328be02c/screenshot'
22:25:49.753 [Forwarding screenshot on session 07d8ee0d-94c5-4698-80e6-2a52328be02c to remote] DEBUG org.asynchttpclient.netty.request.NettyRequestSender -- Using open Channel [id: 0xf69d5a1d, L:/127.0.0.1:63521 - R:localhost/127.0.0.1:9923] for GET '/session/07d8ee0d-94c5-4698-80e6-2a52328be02c/screenshot'
22:25:49.826 [AsyncHttpClient-1-8] DEBUG org.asynchttpclient.netty.handler.HttpHandler -- 

Request DefaultFullHttpRequest(decodeResult: success, version: HTTP/1.1, content: EmptyByteBufBE)
GET /session/07d8ee0d-94c5-4698-80e6-2a52328be02c/screenshot HTTP/1.1
Cache-Control: no-cache
User-Agent: selenium/4.12.0 (java windows)
Content-Type: application/json; charset=utf-8
host: localhost:9923
accept: */*

Response DefaultHttpResponse(decodeResult: success, version: HTTP/1.1)
HTTP/1.1 200 OK
content-type: application/json; charset=utf-8
cache-control: no-cache
content-length: 927304
date: Sun, 28 Apr 2024 03:25:49 GMT

22:25:49.827 [AsyncHttpClient-1-8] DEBUG org.asynchttpclient.netty.channel.ChannelManager -- Adding key: http://localhost:9923 for channel [id: 0xf69d5a1d, L:/127.0.0.1:63521 - R:localhost/127.0.0.1:9923]
22:25:49.836 [main] DEBUG net.serenitybdd.core.photography.Darkroom -- Send negative for processing for C:\Users\USUARIO\OneDrive\Documentos\02 Automatización\03 Pragma\pragma\pragma\target\site\serenity\ae582ce275256e6cb60093eca4c1dc8c6362a94b27319a3d0bfa49d9b1cb3db2.png
22:25:49.836 [Darkroom Processing Line] DEBUG net.serenitybdd.core.photography.DarkroomProcessingLine -- Processing screenshot image in /var/screenshots/screenshot-16163786214966639102
22:25:49.836 [Darkroom Processing Line] DEBUG net.serenitybdd.core.photography.DarkroomProcessingLine -- Saving screenshot to C:\Users\USUARIO\OneDrive\Documentos\02 Automatización\03 Pragma\pragma\pragma\target\site\serenity\ae582ce275256e6cb60093eca4c1dc8c6362a94b27319a3d0bfa49d9b1cb3db2.png
22:25:50.313 [AsyncHttpClient-1-1] DEBUG org.asynchttpclient.netty.channel.DefaultChannelPool -- Entry count for : http://localhost:9923 : 1
22:25:50.838 [main] DEBUG net.thucydides.core.steps.StepInterceptor -- STEP DONE: validarRegistroExitoso
22:25:50.841 [Forwarding getAlertText on session 07d8ee0d-94c5-4698-80e6-2a52328be02c to remote] DEBUG org.asynchttpclient.netty.request.NettyRequestSender -- Using pooled Channel '[id: 0xf69d5a1d, L:/127.0.0.1:63521 - R:localhost/127.0.0.1:9923]' for 'GET' to 'http://localhost:9923/session/07d8ee0d-94c5-4698-80e6-2a52328be02c/alert/text'
22:25:50.841 [Forwarding getAlertText on session 07d8ee0d-94c5-4698-80e6-2a52328be02c to remote] DEBUG org.asynchttpclient.netty.request.NettyRequestSender -- Using open Channel [id: 0xf69d5a1d, L:/127.0.0.1:63521 - R:localhost/127.0.0.1:9923] for GET '/session/07d8ee0d-94c5-4698-80e6-2a52328be02c/alert/text'
22:25:50.845 [AsyncHttpClient-1-8] DEBUG org.asynchttpclient.netty.handler.HttpHandler -- 

Request DefaultFullHttpRequest(decodeResult: success, version: HTTP/1.1, content: EmptyByteBufBE)
GET /session/07d8ee0d-94c5-4698-80e6-2a52328be02c/alert/text HTTP/1.1
Cache-Control: no-cache
User-Agent: selenium/4.12.0 (java windows)
Content-Type: application/json; charset=utf-8
host: localhost:9923
accept: */*

Response DefaultHttpResponse(decodeResult: success, version: HTTP/1.1)
HTTP/1.1 404 Not Found
content-type: application/json; charset=utf-8
cache-control: no-cache
content-length: 842
date: Sun, 28 Apr 2024 03:25:50 GMT

22:25:50.845 [AsyncHttpClient-1-8] DEBUG org.asynchttpclient.netty.channel.ChannelManager -- Adding key: http://localhost:9923 for channel [id: 0xf69d5a1d, L:/127.0.0.1:63521 - R:localhost/127.0.0.1:9923]
22:25:50.845 [Forwarding getCurrentUrl on session 07d8ee0d-94c5-4698-80e6-2a52328be02c to remote] DEBUG org.asynchttpclient.netty.request.NettyRequestSender -- Using pooled Channel '[id: 0xf69d5a1d, L:/127.0.0.1:63521 - R:localhost/127.0.0.1:9923]' for 'GET' to 'http://localhost:9923/session/07d8ee0d-94c5-4698-80e6-2a52328be02c/url'
22:25:50.845 [Forwarding getCurrentUrl on session 07d8ee0d-94c5-4698-80e6-2a52328be02c to remote] DEBUG org.asynchttpclient.netty.request.NettyRequestSender -- Using open Channel [id: 0xf69d5a1d, L:/127.0.0.1:63521 - R:localhost/127.0.0.1:9923] for GET '/session/07d8ee0d-94c5-4698-80e6-2a52328be02c/url'
22:25:50.845 [AsyncHttpClient-1-8] DEBUG org.asynchttpclient.netty.handler.HttpHandler -- 

Request DefaultFullHttpRequest(decodeResult: success, version: HTTP/1.1, content: EmptyByteBufBE)
GET /session/07d8ee0d-94c5-4698-80e6-2a52328be02c/url HTTP/1.1
Cache-Control: no-cache
User-Agent: selenium/4.12.0 (java windows)
Content-Type: application/json; charset=utf-8
host: localhost:9923
accept: */*

Response DefaultHttpResponse(decodeResult: success, version: HTTP/1.1)
HTTP/1.1 200 OK
content-type: application/json; charset=utf-8
cache-control: no-cache
content-length: 38
date: Sun, 28 Apr 2024 03:25:50 GMT

22:25:50.845 [AsyncHttpClient-1-8] DEBUG org.asynchttpclient.netty.channel.ChannelManager -- Adding key: http://localhost:9923 for channel [id: 0xf69d5a1d, L:/127.0.0.1:63521 - R:localhost/127.0.0.1:9923]
22:25:50.845 [Forwarding screenshot on session 07d8ee0d-94c5-4698-80e6-2a52328be02c to remote] DEBUG org.asynchttpclient.netty.request.NettyRequestSender -- Using pooled Channel '[id: 0xf69d5a1d, L:/127.0.0.1:63521 - R:localhost/127.0.0.1:9923]' for 'GET' to 'http://localhost:9923/session/07d8ee0d-94c5-4698-80e6-2a52328be02c/screenshot'
22:25:50.845 [Forwarding screenshot on session 07d8ee0d-94c5-4698-80e6-2a52328be02c to remote] DEBUG org.asynchttpclient.netty.request.NettyRequestSender -- Using open Channel [id: 0xf69d5a1d, L:/127.0.0.1:63521 - R:localhost/127.0.0.1:9923] for GET '/session/07d8ee0d-94c5-4698-80e6-2a52328be02c/screenshot'
22:25:50.918 [AsyncHttpClient-1-8] DEBUG org.asynchttpclient.netty.handler.HttpHandler -- 

Request DefaultFullHttpRequest(decodeResult: success, version: HTTP/1.1, content: EmptyByteBufBE)
GET /session/07d8ee0d-94c5-4698-80e6-2a52328be02c/screenshot HTTP/1.1
Cache-Control: no-cache
User-Agent: selenium/4.12.0 (java windows)
Content-Type: application/json; charset=utf-8
host: localhost:9923
accept: */*

Response DefaultHttpResponse(decodeResult: success, version: HTTP/1.1)
HTTP/1.1 200 OK
content-type: application/json; charset=utf-8
cache-control: no-cache
content-length: 928016
date: Sun, 28 Apr 2024 03:25:50 GMT

22:25:50.918 [AsyncHttpClient-1-8] DEBUG org.asynchttpclient.netty.channel.ChannelManager -- Adding key: http://localhost:9923 for channel [id: 0xf69d5a1d, L:/127.0.0.1:63521 - R:localhost/127.0.0.1:9923]
22:25:50.926 [main] DEBUG net.serenitybdd.core.photography.Darkroom -- Send negative for processing for C:\Users\USUARIO\OneDrive\Documentos\02 Automatización\03 Pragma\pragma\pragma\target\site\serenity\17d38076a311c06528d20fc8f3a562bd3db9bae07a62f3ef0564395983d00e91.png
22:25:50.926 [Darkroom Processing Line] DEBUG net.serenitybdd.core.photography.DarkroomProcessingLine -- Processing screenshot image in /var/screenshots/screenshot-14566748700690329309
22:25:50.930 [Darkroom Processing Line] DEBUG net.serenitybdd.core.photography.DarkroomProcessingLine -- Saving screenshot to C:\Users\USUARIO\OneDrive\Documentos\02 Automatización\03 Pragma\pragma\pragma\target\site\serenity\17d38076a311c06528d20fc8f3a562bd3db9bae07a62f3ef0564395983d00e91.png
22:25:51.417 [AsyncHttpClient-1-1] DEBUG org.asynchttpclient.netty.channel.DefaultChannelPool -- Entry count for : http://localhost:9923 : 1
22:25:51.941 [main] INFO  -- &amp#27;[92m
  _____   ___   ___   _____     ___     _     ___   ___   ___   ___  
 |_   _| | __| / __| |_   _|   | _ \   /_\   / __| / __| | __| |   \ 
   | |   | _|  \__ \   | |     |  _/  / _ \  \__ \ \__ \ | _|  | |) |
   |_|   |___| |___/   |_|     |_|   /_/ \_\ |___/ |___/ |___| |___/ 

Registrase en el portal demoblaze.com
----------------------------------------------------------------------&amp#27;[0m
22:25:51.943 [AsyncHttpClient-1-10] DEBUG org.asynchttpclient.netty.channel.NettyConnectListener -- Using new Channel '[id: 0x7fed278b, L:/127.0.0.1:63615 - R:/127.0.0.1:24569]' for 'GET' to '/devtools/browser/1abb5765-f34b-49ea-bf4e-3fabe3e09b56'
22:25:51.947 [AsyncHttpClient-1-10] DEBUG org.asynchttpclient.netty.handler.WebSocketHandler -- 

Request DefaultFullHttpRequest(decodeResult: success, version: HTTP/1.1, content: EmptyByteBufBE)
GET /devtools/browser/1abb5765-f34b-49ea-bf4e-3fabe3e09b56 HTTP/1.1
upgrade: websocket
connection: upgrade
sec-websocket-key: PdSZmnbJScZFtJuE50JNrQ==
sec-websocket-version: 13
origin: http://127.0.0.1:24569
host: 127.0.0.1:24569
accept: */*
user-agent: AHC/2.1

Response DefaultHttpResponse(decodeResult: success, version: HTTP/1.1)
HTTP/1.1 101 Switching Protocols
Server: httpd.js
Upgrade: websocket
Connection: Upgrade
Sec-WebSocket-Accept: dxyDeAkGtiG9uOc6//+m36t9COE=
Content-Length: 0

22:25:51.947 [Driver Command Executor] DEBUG org.asynchttpclient.netty.request.NettyRequestSender -- Using pooled Channel '[id: 0xf69d5a1d, L:/127.0.0.1:63521 - R:localhost/127.0.0.1:9923]' for 'DELETE' to 'http://localhost:9923/session/07d8ee0d-94c5-4698-80e6-2a52328be02c'
22:25:51.947 [Driver Command Executor] DEBUG org.asynchttpclient.netty.request.NettyRequestSender -- Using open Channel [id: 0xf69d5a1d, L:/127.0.0.1:63521 - R:localhost/127.0.0.1:9923] for DELETE '/session/07d8ee0d-94c5-4698-80e6-2a52328be02c'
22:25:51.947 [AsyncHttpClient-1-10] DEBUG org.asynchttpclient.netty.handler.WebSocketHandler -- Channel Closed: [id: 0x7fed278b, L:/127.0.0.1:63615 ! R:/127.0.0.1:24569] with attribute DISCARD
22:25:52.535 [AsyncHttpClient-1-8] DEBUG org.asynchttpclient.netty.handler.HttpHandler -- 

Request DefaultFullHttpRequest(decodeResult: success, version: HTTP/1.1, content: EmptyByteBufBE)
DELETE /session/07d8ee0d-94c5-4698-80e6-2a52328be02c HTTP/1.1
User-Agent: selenium/4.12.0 (java windows)
Content-Type: application/json; charset=utf-8
host: localhost:9923
accept: */*

Response DefaultHttpResponse(decodeResult: success, version: HTTP/1.1)
HTTP/1.1 200 OK
content-type: application/json; charset=utf-8
cache-control: no-cache
content-length: 14
date: Sun, 28 Apr 2024 03:25:51 GMT

22:25:52.535 [AsyncHttpClient-1-8] DEBUG org.asynchttpclient.netty.channel.ChannelManager -- Adding key: http://localhost:9923 for channel [id: 0xf69d5a1d, L:/127.0.0.1:63521 - R:localhost/127.0.0.1:9923]
22:25:52.535 [AsyncHttpClient-1-8] DEBUG org.asynchttpclient.netty.handler.HttpHandler -- Unexpected I/O exception on channel [id: 0xf69d5a1d, L:/127.0.0.1:63521 - R:localhost/127.0.0.1:9923]
java.net.SocketException: Connection reset
	at java.base/sun.nio.ch.SocketChannelImpl.throwConnectionReset(SocketChannelImpl.java:403)
	at java.base/sun.nio.ch.SocketChannelImpl.implRead(SocketChannelImpl.java:435)
	at java.base/sun.nio.ch.SocketChannelImpl.read(SocketChannelImpl.java:493)
	at io.netty.buffer.PooledByteBuf.setBytes(PooledByteBuf.java:254)
	at io.netty.buffer.AbstractByteBuf.writeBytes(AbstractByteBuf.java:1132)
	at io.netty.channel.socket.nio.NioSocketChannel.doReadBytes(NioSocketChannel.java:357)
	at io.netty.channel.nio.AbstractNioByteChannel$NioByteUnsafe.read(AbstractNioByteChannel.java:151)
	at io.netty.channel.nio.NioEventLoop.processSelectedKey(NioEventLoop.java:788)
	at io.netty.channel.nio.NioEventLoop.processSelectedKeysOptimized(NioEventLoop.java:724)
	at io.netty.channel.nio.NioEventLoop.processSelectedKeys(NioEventLoop.java:650)
	at io.netty.channel.nio.NioEventLoop.run(NioEventLoop.java:562)
	at io.netty.util.concurrent.SingleThreadEventExecutor$4.run(SingleThreadEventExecutor.java:997)
	at io.netty.util.internal.ThreadExecutorMap$2.run(ThreadExecutorMap.java:74)
	at io.netty.util.concurrent.FastThreadLocalRunnable.run(FastThreadLocalRunnable.java:30)
	at java.base/java.lang.Thread.run(Thread.java:1570)
22:25:52.535 [AsyncHttpClient-1-8] DEBUG org.asynchttpclient.netty.channel.ChannelManager -- Closing Channel [id: 0xf69d5a1d, L:/127.0.0.1:63521 - R:localhost/127.0.0.1:9923] 
22:25:52.535 [AsyncHttpClient-1-8] DEBUG org.asynchttpclient.netty.handler.HttpHandler -- Channel Closed: [id: 0xf69d5a1d, L:/127.0.0.1:63521 ! R:localhost/127.0.0.1:9923] with attribute DISCARD
]]></system-out>
    <system-err><![CDATA[abr 27, 2024 10:25:40 P. M. org.openqa.selenium.manager.SeleniumManager lambda$runCommand$1
INFO: Driver path: C:\Users\USUARIO\.cache\selenium\geckodriver\win64\0.34.0\geckodriver.exe
abr 27, 2024 10:25:40 P. M. org.openqa.selenium.manager.SeleniumManager lambda$runCommand$1
INFO: Browser path: C:\Program Files\Mozilla Firefox\firefox.exe
]]></system-err>
  </testcase>
</testsuite>