<?xml version="1.0" encoding="UTF-8"?>
<testsuite xmlns:xsi="http://www.w3.org/2001/XMLSchema-instance" xsi:noNamespaceSchemaLocation="https://maven.apache.org/surefire/maven-failsafe-plugin/xsd/failsafe-test-report-3.0.xsd" version="3.0" name="pragma.acceptanceTests.RunnerAgregarProductosTest" time="59.965" tests="2" errors="0" skipped="0" failures="0">
  <properties>
    <property name="java.specification.version" value="22"/>
    <property name="sun.cpu.isalist" value="amd64"/>
    <property name="sun.jnu.encoding" value="Cp1252"/>
    <property name="java.class.path" value="C:\Users\USUARIO\OneDrive\Documentos\02 Automatización\03 Pragma\pragma\pragma\target\test-classes;C:\Users\USUARIO\OneDrive\Documentos\02 Automatización\03 Pragma\pragma\pragma\target\pragma-1.0-SNAPSHOT.jar;C:\Users\USUARIO\.m2\repository\net\serenity-bdd\serenity-core\4.0.1\serenity-core-4.0.1.jar;C:\Users\USUARIO\.m2\repository\net\serenity-bdd\serenity-model\4.0.1\serenity-model-4.0.1.jar;C:\Users\USUARIO\.m2\repository\commons-net\commons-net\3.9.0\commons-net-3.9.0.jar;C:\Users\USUARIO\.m2\repository\com\google\guava\guava\32.1.2-jre\guava-32.1.2-jre.jar;C:\Users\USUARIO\.m2\repository\com\google\guava\failureaccess\1.0.1\failureaccess-1.0.1.jar;C:\Users\USUARIO\.m2\repository\com\google\guava\listenablefuture\9999.0-empty-to-avoid-conflict-with-guava\listenablefuture-9999.0-empty-to-avoid-conflict-with-guava.jar;C:\Users\USUARIO\.m2\repository\com\google\code\findbugs\jsr305\3.0.2\jsr305-3.0.2.jar;C:\Users\USUARIO\.m2\repository\org\checkerframework\checker-qual\3.33.0\checker-qual-3.33.0.jar;C:\Users\USUARIO\.m2\repository\com\google\errorprone\error_prone_annotations\2.18.0\error_prone_annotations-2.18.0.jar;C:\Users\USUARIO\.m2\repository\com\google\j2objc\j2objc-annotations\2.8\j2objc-annotations-2.8.jar;C:\Users\USUARIO\.m2\repository\org\jsoup\jsoup\1.15.4\jsoup-1.15.4.jar;C:\Users\USUARIO\.m2\repository\com\thoughtworks\xstream\xstream\1.4.20\xstream-1.4.20.jar;C:\Users\USUARIO\.m2\repository\io\github\x-stream\mxparser\1.2.2\mxparser-1.2.2.jar;C:\Users\USUARIO\.m2\repository\xmlpull\xmlpull\1.1.3.1\xmlpull-1.1.3.1.jar;C:\Users\USUARIO\.m2\repository\com\typesafe\config\1.4.2\config-1.4.2.jar;C:\Users\USUARIO\.m2\repository\org\imgscalr\imgscalr-lib\4.2\imgscalr-lib-4.2.jar;C:\Users\USUARIO\.m2\repository\org\awaitility\awaitility\4.2.0\awaitility-4.2.0.jar;C:\Users\USUARIO\.m2\repository\org\freemarker\freemarker\2.3.31\freemarker-2.3.31.jar;C:\Users\USUARIO\.m2\repository\io\github\classgraph\classgraph\4.8.157\classgraph-4.8.157.jar;C:\Users\USUARIO\.m2\repository\com\github\ben-manes\caffeine\caffeine\2.9.2\caffeine-2.9.2.jar;C:\Users\USUARIO\.m2\repository\org\ehcache\ehcache\3.10.8\ehcache-3.10.8.jar;C:\Users\USUARIO\.m2\repository\javax\cache\cache-api\1.1.0\cache-api-1.1.0.jar;C:\Users\USUARIO\.m2\repository\net\sourceforge\jexcelapi\jxl\2.6.12\jxl-2.6.12.jar;C:\Users\USUARIO\.m2\repository\net\bytebuddy\byte-buddy-agent\1.14.5\byte-buddy-agent-1.14.5.jar;C:\Users\USUARIO\.m2\repository\org\objenesis\objenesis\3.3\objenesis-3.3.jar;C:\Users\USUARIO\.m2\repository\com\vladsch\flexmark\flexmark-all\0.64.8\flexmark-all-0.64.8.jar;C:\Users\USUARIO\.m2\repository\com\vladsch\flexmark\flexmark\0.64.8\flexmark-0.64.8.jar;C:\Users\USUARIO\.m2\repository\com\vladsch\flexmark\flexmark-ext-abbreviation\0.64.8\flexmark-ext-abbreviation-0.64.8.jar;C:\Users\USUARIO\.m2\repository\com\vladsch\flexmark\flexmark-util\0.64.8\flexmark-util-0.64.8.jar;C:\Users\USUARIO\.m2\repository\com\vladsch\flexmark\flexmark-ext-admonition\0.64.8\flexmark-ext-admonition-0.64.8.jar;C:\Users\USUARIO\.m2\repository\com\vladsch\flexmark\flexmark-ext-anchorlink\0.64.8\flexmark-ext-anchorlink-0.64.8.jar;C:\Users\USUARIO\.m2\repository\com\vladsch\flexmark\flexmark-ext-aside\0.64.8\flexmark-ext-aside-0.64.8.jar;C:\Users\USUARIO\.m2\repository\com\vladsch\flexmark\flexmark-ext-attributes\0.64.8\flexmark-ext-attributes-0.64.8.jar;C:\Users\USUARIO\.m2\repository\com\vladsch\flexmark\flexmark-ext-autolink\0.64.8\flexmark-ext-autolink-0.64.8.jar;C:\Users\USUARIO\.m2\repository\org\nibor\autolink\autolink\0.6.0\autolink-0.6.0.jar;C:\Users\USUARIO\.m2\repository\com\vladsch\flexmark\flexmark-ext-definition\0.64.8\flexmark-ext-definition-0.64.8.jar;C:\Users\USUARIO\.m2\repository\com\vladsch\flexmark\flexmark-ext-emoji\0.64.8\flexmark-ext-emoji-0.64.8.jar;C:\Users\USUARIO\.m2\repository\com\vladsch\flexmark\flexmark-ext-enumerated-reference\0.64.8\flexmark-ext-enumerated-reference-0.64.8.jar;C:\Users\USUARIO\.m2\repository\com\vladsch\flexmark\flexmark-ext-escaped-character\0.64.8\flexmark-ext-escaped-character-0.64.8.jar;C:\Users\USUARIO\.m2\repository\com\vladsch\flexmark\flexmark-ext-footnotes\0.64.8\flexmark-ext-footnotes-0.64.8.jar;C:\Users\USUARIO\.m2\repository\com\vladsch\flexmark\flexmark-ext-gfm-issues\0.64.8\flexmark-ext-gfm-issues-0.64.8.jar;C:\Users\USUARIO\.m2\repository\com\vladsch\flexmark\flexmark-ext-gfm-strikethrough\0.64.8\flexmark-ext-gfm-strikethrough-0.64.8.jar;C:\Users\USUARIO\.m2\repository\com\vladsch\flexmark\flexmark-ext-gfm-tasklist\0.64.8\flexmark-ext-gfm-tasklist-0.64.8.jar;C:\Users\USUARIO\.m2\repository\com\vladsch\flexmark\flexmark-ext-gfm-users\0.64.8\flexmark-ext-gfm-users-0.64.8.jar;C:\Users\USUARIO\.m2\repository\com\vladsch\flexmark\flexmark-ext-gitlab\0.64.8\flexmark-ext-gitlab-0.64.8.jar;C:\Users\USUARIO\.m2\repository\com\vladsch\flexmark\flexmark-ext-jekyll-front-matter\0.64.8\flexmark-ext-jekyll-front-matter-0.64.8.jar;C:\Users\USUARIO\.m2\repository\com\vladsch\flexmark\flexmark-ext-jekyll-tag\0.64.8\flexmark-ext-jekyll-tag-0.64.8.jar;C:\Users\USUARIO\.m2\repository\com\vladsch\flexmark\flexmark-ext-media-tags\0.64.8\flexmark-ext-media-tags-0.64.8.jar;C:\Users\USUARIO\.m2\repository\com\vladsch\flexmark\flexmark-ext-resizable-image\0.64.8\flexmark-ext-resizable-image-0.64.8.jar;C:\Users\USUARIO\.m2\repository\com\vladsch\flexmark\flexmark-ext-macros\0.64.8\flexmark-ext-macros-0.64.8.jar;C:\Users\USUARIO\.m2\repository\com\vladsch\flexmark\flexmark-ext-ins\0.64.8\flexmark-ext-ins-0.64.8.jar;C:\Users\USUARIO\.m2\repository\com\vladsch\flexmark\flexmark-ext-xwiki-macros\0.64.8\flexmark-ext-xwiki-macros-0.64.8.jar;C:\Users\USUARIO\.m2\repository\com\vladsch\flexmark\flexmark-ext-superscript\0.64.8\flexmark-ext-superscript-0.64.8.jar;C:\Users\USUARIO\.m2\repository\com\vladsch\flexmark\flexmark-ext-tables\0.64.8\flexmark-ext-tables-0.64.8.jar;C:\Users\USUARIO\.m2\repository\com\vladsch\flexmark\flexmark-ext-toc\0.64.8\flexmark-ext-toc-0.64.8.jar;C:\Users\USUARIO\.m2\repository\com\vladsch\flexmark\flexmark-ext-typographic\0.64.8\flexmark-ext-typographic-0.64.8.jar;C:\Users\USUARIO\.m2\repository\com\vladsch\flexmark\flexmark-ext-wikilink\0.64.8\flexmark-ext-wikilink-0.64.8.jar;C:\Users\USUARIO\.m2\repository\com\vladsch\flexmark\flexmark-ext-yaml-front-matter\0.64.8\flexmark-ext-yaml-front-matter-0.64.8.jar;C:\Users\USUARIO\.m2\repository\com\vladsch\flexmark\flexmark-ext-youtube-embedded\0.64.8\flexmark-ext-youtube-embedded-0.64.8.jar;C:\Users\USUARIO\.m2\repository\com\vladsch\flexmark\flexmark-html2md-converter\0.64.8\flexmark-html2md-converter-0.64.8.jar;C:\Users\USUARIO\.m2\repository\com\vladsch\flexmark\flexmark-jira-converter\0.64.8\flexmark-jira-converter-0.64.8.jar;C:\Users\USUARIO\.m2\repository\com\vladsch\flexmark\flexmark-pdf-converter\0.64.8\flexmark-pdf-converter-0.64.8.jar;C:\Users\USUARIO\.m2\repository\com\openhtmltopdf\openhtmltopdf-core\1.0.10\openhtmltopdf-core-1.0.10.jar;C:\Users\USUARIO\.m2\repository\com\openhtmltopdf\openhtmltopdf-pdfbox\1.0.10\openhtmltopdf-pdfbox-1.0.10.jar;C:\Users\USUARIO\.m2\repository\org\apache\pdfbox\pdfbox\2.0.24\pdfbox-2.0.24.jar;C:\Users\USUARIO\.m2\repository\org\apache\pdfbox\fontbox\2.0.24\fontbox-2.0.24.jar;C:\Users\USUARIO\.m2\repository\org\apache\pdfbox\xmpbox\2.0.24\xmpbox-2.0.24.jar;C:\Users\USUARIO\.m2\repository\de\rototor\pdfbox\graphics2d\0.32\graphics2d-0.32.jar;C:\Users\USUARIO\.m2\repository\com\openhtmltopdf\openhtmltopdf-rtl-support\1.0.10\openhtmltopdf-rtl-support-1.0.10.jar;C:\Users\USUARIO\.m2\repository\com\vladsch\flexmark\flexmark-profile-pegdown\0.64.8\flexmark-profile-pegdown-0.64.8.jar;C:\Users\USUARIO\.m2\repository\com\vladsch\flexmark\flexmark-util-ast\0.64.8\flexmark-util-ast-0.64.8.jar;C:\Users\USUARIO\.m2\repository\com\vladsch\flexmark\flexmark-util-builder\0.64.8\flexmark-util-builder-0.64.8.jar;C:\Users\USUARIO\.m2\repository\com\vladsch\flexmark\flexmark-util-collection\0.64.8\flexmark-util-collection-0.64.8.jar;C:\Users\USUARIO\.m2\repository\com\vladsch\flexmark\flexmark-util-data\0.64.8\flexmark-util-data-0.64.8.jar;C:\Users\USUARIO\.m2\repository\com\vladsch\flexmark\flexmark-util-dependency\0.64.8\flexmark-util-dependency-0.64.8.jar;C:\Users\USUARIO\.m2\repository\com\vladsch\flexmark\flexmark-util-format\0.64.8\flexmark-util-format-0.64.8.jar;C:\Users\USUARIO\.m2\repository\com\vladsch\flexmark\flexmark-util-html\0.64.8\flexmark-util-html-0.64.8.jar;C:\Users\USUARIO\.m2\repository\com\vladsch\flexmark\flexmark-util-misc\0.64.8\flexmark-util-misc-0.64.8.jar;C:\Users\USUARIO\.m2\repository\com\vladsch\flexmark\flexmark-util-options\0.64.8\flexmark-util-options-0.64.8.jar;C:\Users\USUARIO\.m2\repository\com\vladsch\flexmark\flexmark-util-sequence\0.64.8\flexmark-util-sequence-0.64.8.jar;C:\Users\USUARIO\.m2\repository\com\vladsch\flexmark\flexmark-util-visitor\0.64.8\flexmark-util-visitor-0.64.8.jar;C:\Users\USUARIO\.m2\repository\com\vladsch\flexmark\flexmark-youtrack-converter\0.64.8\flexmark-youtrack-converter-0.64.8.jar;C:\Users\USUARIO\.m2\repository\net\serenity-bdd\serenity-reports\4.0.1\serenity-reports-4.0.1.jar;C:\Users\USUARIO\.m2\repository\net\serenity-bdd\serenity-stats\4.0.1\serenity-stats-4.0.1.jar;C:\Users\USUARIO\.m2\repository\net\serenity-bdd\serenity-reports-configuration\4.0.1\serenity-reports-configuration-4.0.1.jar;C:\Users\USUARIO\.m2\repository\com\ibm\icu\icu4j\72.1\icu4j-72.1.jar;C:\Users\USUARIO\.m2\repository\es\nitaur\markdown\txtmark\0.16\txtmark-0.16.jar;C:\Users\USUARIO\.m2\repository\net\serenity-bdd\serenity-report-resources\4.0.1\serenity-report-resources-4.0.1.jar;C:\Users\USUARIO\.m2\repository\com\google\code\gson\gson\2.10.1\gson-2.10.1.jar;C:\Users\USUARIO\.m2\repository\com\fasterxml\jackson\core\jackson-core\2.15.2\jackson-core-2.15.2.jar;C:\Users\USUARIO\.m2\repository\com\fasterxml\jackson\core\jackson-databind\2.15.2\jackson-databind-2.15.2.jar;C:\Users\USUARIO\.m2\repository\com\fasterxml\jackson\core\jackson-annotations\2.15.2\jackson-annotations-2.15.2.jar;C:\Users\USUARIO\.m2\repository\commons-codec\commons-codec\1.16.0\commons-codec-1.16.0.jar;C:\Users\USUARIO\.m2\repository\commons-io\commons-io\2.11.0\commons-io-2.11.0.jar;C:\Users\USUARIO\.m2\repository\org\apache\httpcomponents\httpclient\4.5.13\httpclient-4.5.13.jar;C:\Users\USUARIO\.m2\repository\org\apache\httpcomponents\httpcore\4.4.13\httpcore-4.4.13.jar;C:\Users\USUARIO\.m2\repository\commons-logging\commons-logging\1.2\commons-logging-1.2.jar;C:\Users\USUARIO\.m2\repository\org\seleniumhq\selenium\selenium-java\4.12.0\selenium-java-4.12.0.jar;C:\Users\USUARIO\.m2\repository\org\seleniumhq\selenium\selenium-devtools-v114\4.12.0\selenium-devtools-v114-4.12.0.jar;C:\Users\USUARIO\.m2\repository\org\seleniumhq\selenium\selenium-devtools-v115\4.12.0\selenium-devtools-v115-4.12.0.jar;C:\Users\USUARIO\.m2\repository\org\seleniumhq\selenium\selenium-devtools-v116\4.12.0\selenium-devtools-v116-4.12.0.jar;C:\Users\USUARIO\.m2\repository\org\seleniumhq\selenium\selenium-devtools-v85\4.12.0\selenium-devtools-v85-4.12.0.jar;C:\Users\USUARIO\.m2\repository\org\seleniumhq\selenium\selenium-remote-driver\4.12.0\selenium-remote-driver-4.12.0.jar;C:\Users\USUARIO\.m2\repository\io\netty\netty-buffer\4.1.96.Final\netty-buffer-4.1.96.Final.jar;C:\Users\USUARIO\.m2\repository\io\netty\netty-codec-http\4.1.96.Final\netty-codec-http-4.1.96.Final.jar;C:\Users\USUARIO\.m2\repository\io\netty\netty-codec\4.1.96.Final\netty-codec-4.1.96.Final.jar;C:\Users\USUARIO\.m2\repository\io\netty\netty-handler\4.1.96.Final\netty-handler-4.1.96.Final.jar;C:\Users\USUARIO\.m2\repository\io\netty\netty-common\4.1.96.Final\netty-common-4.1.96.Final.jar;C:\Users\USUARIO\.m2\repository\io\netty\netty-transport-classes-epoll\4.1.96.Final\netty-transport-classes-epoll-4.1.96.Final.jar;C:\Users\USUARIO\.m2\repository\io\netty\netty-transport-classes-kqueue\4.1.96.Final\netty-transport-classes-kqueue-4.1.96.Final.jar;C:\Users\USUARIO\.m2\repository\io\netty\netty-transport-native-epoll\4.1.96.Final\netty-transport-native-epoll-4.1.96.Final.jar;C:\Users\USUARIO\.m2\repository\io\netty\netty-transport-native-kqueue\4.1.96.Final\netty-transport-native-kqueue-4.1.96.Final.jar;C:\Users\USUARIO\.m2\repository\io\netty\netty-transport-native-unix-common\4.1.96.Final\netty-transport-native-unix-common-4.1.96.Final.jar;C:\Users\USUARIO\.m2\repository\io\netty\netty-transport\4.1.96.Final\netty-transport-4.1.96.Final.jar;C:\Users\USUARIO\.m2\repository\io\netty\netty-resolver\4.1.96.Final\netty-resolver-4.1.96.Final.jar;C:\Users\USUARIO\.m2\repository\io\opentelemetry\opentelemetry-api\1.28.0\opentelemetry-api-1.28.0.jar;C:\Users\USUARIO\.m2\repository\io\opentelemetry\opentelemetry-context\1.28.0\opentelemetry-context-1.28.0.jar;C:\Users\USUARIO\.m2\repository\io\opentelemetry\opentelemetry-exporter-logging\1.28.0\opentelemetry-exporter-logging-1.28.0.jar;C:\Users\USUARIO\.m2\repository\io\opentelemetry\opentelemetry-sdk-metrics\1.28.0\opentelemetry-sdk-metrics-1.28.0.jar;C:\Users\USUARIO\.m2\repository\io\opentelemetry\opentelemetry-extension-incubator\1.28.0-alpha\opentelemetry-extension-incubator-1.28.0-alpha.jar;C:\Users\USUARIO\.m2\repository\io\opentelemetry\opentelemetry-sdk-logs\1.28.0\opentelemetry-sdk-logs-1.28.0.jar;C:\Users\USUARIO\.m2\repository\io\opentelemetry\opentelemetry-sdk-common\1.28.0\opentelemetry-sdk-common-1.28.0.jar;C:\Users\USUARIO\.m2\repository\io\opentelemetry\opentelemetry-sdk-extension-autoconfigure-spi\1.28.0\opentelemetry-sdk-extension-autoconfigure-spi-1.28.0.jar;C:\Users\USUARIO\.m2\repository\io\opentelemetry\opentelemetry-sdk-extension-autoconfigure\1.28.0\opentelemetry-sdk-extension-autoconfigure-1.28.0.jar;C:\Users\USUARIO\.m2\repository\io\opentelemetry\opentelemetry-api-events\1.28.0-alpha\opentelemetry-api-events-1.28.0-alpha.jar;C:\Users\USUARIO\.m2\repository\io\opentelemetry\opentelemetry-sdk-trace\1.28.0\opentelemetry-sdk-trace-1.28.0.jar;C:\Users\USUARIO\.m2\repository\io\opentelemetry\opentelemetry-sdk\1.28.0\opentelemetry-sdk-1.28.0.jar;C:\Users\USUARIO\.m2\repository\io\opentelemetry\opentelemetry-semconv\1.28.0-alpha\opentelemetry-semconv-1.28.0-alpha.jar;C:\Users\USUARIO\.m2\repository\org\asynchttpclient\async-http-client\2.12.3\async-http-client-2.12.3.jar;C:\Users\USUARIO\.m2\repository\org\asynchttpclient\async-http-client-netty-utils\2.12.3\async-http-client-netty-utils-2.12.3.jar;C:\Users\USUARIO\.m2\repository\io\netty\netty-codec-socks\4.1.60.Final\netty-codec-socks-4.1.60.Final.jar;C:\Users\USUARIO\.m2\repository\io\netty\netty-handler-proxy\4.1.60.Final\netty-handler-proxy-4.1.60.Final.jar;C:\Users\USUARIO\.m2\repository\io\netty\netty-transport-native-epoll\4.1.60.Final\netty-transport-native-epoll-4.1.60.Final-linux-x86_64.jar;C:\Users\USUARIO\.m2\repository\io\netty\netty-transport-native-kqueue\4.1.60.Final\netty-transport-native-kqueue-4.1.60.Final-osx-x86_64.jar;C:\Users\USUARIO\.m2\repository\org\reactivestreams\reactive-streams\1.0.3\reactive-streams-1.0.3.jar;C:\Users\USUARIO\.m2\repository\com\typesafe\netty\netty-reactive-streams\2.0.4\netty-reactive-streams-2.0.4.jar;C:\Users\USUARIO\.m2\repository\org\seleniumhq\selenium\selenium-os\4.12.0\selenium-os-4.12.0.jar;C:\Users\USUARIO\.m2\repository\org\apache\commons\commons-exec\1.3\commons-exec-1.3.jar;C:\Users\USUARIO\.m2\repository\org\seleniumhq\selenium\selenium-safari-driver\4.12.0\selenium-safari-driver-4.12.0.jar;C:\Users\USUARIO\.m2\repository\org\seleniumhq\selenium\selenium-api\4.12.0\selenium-api-4.12.0.jar;C:\Users\USUARIO\.m2\repository\org\seleniumhq\selenium\selenium-support\4.12.0\selenium-support-4.12.0.jar;C:\Users\USUARIO\.m2\repository\com\google\auto\service\auto-service-annotations\1.1.1\auto-service-annotations-1.1.1.jar;C:\Users\USUARIO\.m2\repository\org\seleniumhq\selenium\selenium-json\4.12.0\selenium-json-4.12.0.jar;C:\Users\USUARIO\.m2\repository\org\seleniumhq\selenium\selenium-chrome-driver\4.12.0\selenium-chrome-driver-4.12.0.jar;C:\Users\USUARIO\.m2\repository\org\seleniumhq\selenium\selenium-chromium-driver\4.12.0\selenium-chromium-driver-4.12.0.jar;C:\Users\USUARIO\.m2\repository\org\seleniumhq\selenium\selenium-manager\4.12.0\selenium-manager-4.12.0.jar;C:\Users\USUARIO\.m2\repository\org\seleniumhq\selenium\selenium-firefox-driver\4.12.0\selenium-firefox-driver-4.12.0.jar;C:\Users\USUARIO\.m2\repository\org\seleniumhq\selenium\selenium-http\4.12.0\selenium-http-4.12.0.jar;C:\Users\USUARIO\.m2\repository\dev\failsafe\failsafe\3.3.2\failsafe-3.3.2.jar;C:\Users\USUARIO\.m2\repository\org\seleniumhq\selenium\selenium-edge-driver\4.12.0\selenium-edge-driver-4.12.0.jar;C:\Users\USUARIO\.m2\repository\org\seleniumhq\selenium\selenium-ie-driver\4.12.0\selenium-ie-driver-4.12.0.jar;C:\Users\USUARIO\.m2\repository\org\projectlombok\lombok\1.18.20\lombok-1.18.20.jar;C:\Users\USUARIO\.m2\repository\org\htmlunit\htmlunit\3.4.0\htmlunit-3.4.0.jar;C:\Users\USUARIO\.m2\repository\org\htmlunit\htmlunit-core-js\3.4.0\htmlunit-core-js-3.4.0.jar;C:\Users\USUARIO\.m2\repository\org\htmlunit\neko-htmlunit\3.4.0\neko-htmlunit-3.4.0.jar;C:\Users\USUARIO\.m2\repository\org\htmlunit\htmlunit-cssparser\3.4.0\htmlunit-cssparser-3.4.0.jar;C:\Users\USUARIO\.m2\repository\org\htmlunit\htmlunit-xpath\3.4.0\htmlunit-xpath-3.4.0.jar;C:\Users\USUARIO\.m2\repository\org\brotli\dec\0.1.2\dec-0.1.2.jar;C:\Users\USUARIO\.m2\repository\com\shapesecurity\salvation2\3.0.1\salvation2-3.0.1.jar;C:\Users\USUARIO\.m2\repository\org\eclipse\jetty\websocket\websocket-client\9.4.51.v20230217\websocket-client-9.4.51.v20230217.jar;C:\Users\USUARIO\.m2\repository\org\eclipse\jetty\jetty-client\9.4.51.v20230217\jetty-client-9.4.51.v20230217.jar;C:\Users\USUARIO\.m2\repository\org\eclipse\jetty\jetty-http\9.4.51.v20230217\jetty-http-9.4.51.v20230217.jar;C:\Users\USUARIO\.m2\repository\org\eclipse\jetty\jetty-util\9.4.51.v20230217\jetty-util-9.4.51.v20230217.jar;C:\Users\USUARIO\.m2\repository\org\eclipse\jetty\jetty-io\9.4.51.v20230217\jetty-io-9.4.51.v20230217.jar;C:\Users\USUARIO\.m2\repository\org\eclipse\jetty\websocket\websocket-common\9.4.51.v20230217\websocket-common-9.4.51.v20230217.jar;C:\Users\USUARIO\.m2\repository\org\eclipse\jetty\websocket\websocket-api\9.4.51.v20230217\websocket-api-9.4.51.v20230217.jar;C:\Users\USUARIO\.m2\repository\org\seleniumhq\selenium\htmlunit3-driver\4.10.0\htmlunit3-driver-4.10.0.jar;C:\Users\USUARIO\.m2\repository\io\appium\java-client\8.3.0\java-client-8.3.0.jar;C:\Users\USUARIO\.m2\repository\commons-validator\commons-validator\1.7\commons-validator-1.7.jar;C:\Users\USUARIO\.m2\repository\commons-digester\commons-digester\2.1\commons-digester-2.1.jar;C:\Users\USUARIO\.m2\repository\org\apache\groovy\groovy\4.0.13\groovy-4.0.13.jar;C:\Users\USUARIO\.m2\repository\net\sf\opencsv\opencsv\2.0\opencsv-2.0.jar;C:\Users\USUARIO\.m2\repository\commons-beanutils\commons-beanutils\1.9.4\commons-beanutils-1.9.4.jar;C:\Users\USUARIO\.m2\repository\commons-collections\commons-collections\3.2.2\commons-collections-3.2.2.jar;C:\Users\USUARIO\.m2\repository\org\apache\commons\commons-lang3\3.13.0\commons-lang3-3.13.0.jar;C:\Users\USUARIO\.m2\repository\org\apache\commons\commons-collections4\4.4\commons-collections4-4.4.jar;C:\Users\USUARIO\.m2\repository\org\apache\commons\commons-compress\1.23.0\commons-compress-1.23.0.jar;C:\Users\USUARIO\.m2\repository\org\fluentlenium\fluentlenium-core\0.10.2\fluentlenium-core-0.10.2.jar;C:\Users\USUARIO\.m2\repository\com\jhlabs\filters\2.0.235\filters-2.0.235.jar;C:\Users\USUARIO\.m2\repository\com\paulhammant\ngwebdriver\1.1.6\ngwebdriver-1.1.6.jar;C:\Users\USUARIO\.m2\repository\joda-time\joda-time\2.12.2\joda-time-2.12.2.jar;C:\Users\USUARIO\.m2\repository\org\hamcrest\hamcrest\2.2\hamcrest-2.2.jar;C:\Users\USUARIO\.m2\repository\com\google\jimfs\jimfs\1.3.0\jimfs-1.3.0.jar;C:\Users\USUARIO\.m2\repository\org\mockito\mockito-core\3.3.3\mockito-core-3.3.3.jar;C:\Users\USUARIO\.m2\repository\javax\xml\bind\jaxb-api\2.3.1\jaxb-api-2.3.1.jar;C:\Users\USUARIO\.m2\repository\javax\activation\javax.activation-api\1.2.0\javax.activation-api-1.2.0.jar;C:\Users\USUARIO\.m2\repository\com\sun\xml\bind\jaxb-core\2.3.0.1\jaxb-core-2.3.0.1.jar;C:\Users\USUARIO\.m2\repository\com\sun\xml\bind\jaxb-impl\2.3.3\jaxb-impl-2.3.3.jar;C:\Users\USUARIO\.m2\repository\com\sun\activation\jakarta.activation\1.2.2\jakarta.activation-1.2.2.jar;C:\Users\USUARIO\.m2\repository\javax\activation\activation\1.1.1\activation-1.1.1.jar;C:\Users\USUARIO\.m2\repository\net\serenity-bdd\serenity-cucumber\4.0.1\serenity-cucumber-4.0.1.jar;C:\Users\USUARIO\.m2\repository\io\cucumber\cucumber-core\7.13.0\cucumber-core-7.13.0.jar;C:\Users\USUARIO\.m2\repository\io\cucumber\cucumber-gherkin\7.13.0\cucumber-gherkin-7.13.0.jar;C:\Users\USUARIO\.m2\repository\io\cucumber\cucumber-gherkin-messages\7.13.0\cucumber-gherkin-messages-7.13.0.jar;C:\Users\USUARIO\.m2\repository\io\cucumber\gherkin\26.2.0\gherkin-26.2.0.jar;C:\Users\USUARIO\.m2\repository\io\cucumber\messages\22.0.0\messages-22.0.0.jar;C:\Users\USUARIO\.m2\repository\io\cucumber\tag-expressions\5.0.1\tag-expressions-5.0.1.jar;C:\Users\USUARIO\.m2\repository\io\cucumber\cucumber-expressions\16.1.2\cucumber-expressions-16.1.2.jar;C:\Users\USUARIO\.m2\repository\io\cucumber\datatable\7.13.0\datatable-7.13.0.jar;C:\Users\USUARIO\.m2\repository\io\cucumber\cucumber-plugin\7.13.0\cucumber-plugin-7.13.0.jar;C:\Users\USUARIO\.m2\repository\io\cucumber\docstring\7.13.0\docstring-7.13.0.jar;C:\Users\USUARIO\.m2\repository\io\cucumber\html-formatter\20.3.1\html-formatter-20.3.1.jar;C:\Users\USUARIO\.m2\repository\io\cucumber\junit-xml-formatter\0.2.0\junit-xml-formatter-0.2.0.jar;C:\Users\USUARIO\.m2\repository\io\cucumber\ci-environment\9.2.0\ci-environment-9.2.0.jar;C:\Users\USUARIO\.m2\repository\io\cucumber\cucumber-java\7.13.0\cucumber-java-7.13.0.jar;C:\Users\USUARIO\.m2\repository\io\cucumber\cucumber-junit\7.13.0\cucumber-junit-7.13.0.jar;C:\Users\USUARIO\.m2\repository\org\apache\commons\commons-csv\1.5\commons-csv-1.5.jar;C:\Users\USUARIO\.m2\repository\net\serenity-bdd\serenity-screenplay\4.0.1\serenity-screenplay-4.0.1.jar;C:\Users\USUARIO\.m2\repository\net\serenity-bdd\serenity-screenplay-webdriver\4.0.1\serenity-screenplay-webdriver-4.0.1.jar;C:\Users\USUARIO\.m2\repository\net\serenity-bdd\serenity-ensure\4.0.1\serenity-ensure-4.0.1.jar;C:\Users\USUARIO\.m2\repository\org\jetbrains\kotlin\kotlin-stdlib\1.9.0\kotlin-stdlib-1.9.0.jar;C:\Users\USUARIO\.m2\repository\org\jetbrains\kotlin\kotlin-stdlib-common\1.9.0\kotlin-stdlib-common-1.9.0.jar;C:\Users\USUARIO\.m2\repository\org\jetbrains\annotations\13.0\annotations-13.0.jar;C:\Users\USUARIO\.m2\repository\net\serenity-bdd\serenity-rest-assured\4.0.1\serenity-rest-assured-4.0.1.jar;C:\Users\USUARIO\.m2\repository\org\apache\groovy\groovy-json\4.0.13\groovy-json-4.0.13.jar;C:\Users\USUARIO\.m2\repository\org\apache\groovy\groovy-xml\4.0.13\groovy-xml-4.0.13.jar;C:\Users\USUARIO\.m2\repository\org\opentest4j\opentest4j\1.2.0\opentest4j-1.2.0.jar;C:\Users\USUARIO\.m2\repository\net\serenity-bdd\serenity-junit5\4.0.1\serenity-junit5-4.0.1.jar;C:\Users\USUARIO\.m2\repository\org\junit\jupiter\junit-jupiter-params\5.10.0\junit-jupiter-params-5.10.0.jar;C:\Users\USUARIO\.m2\repository\io\rest-assured\rest-assured\5.4.0\rest-assured-5.4.0.jar;C:\Users\USUARIO\.m2\repository\org\apache\httpcomponents\httpmime\4.5.13\httpmime-4.5.13.jar;C:\Users\USUARIO\.m2\repository\org\ccil\cowan\tagsoup\tagsoup\1.2.1\tagsoup-1.2.1.jar;C:\Users\USUARIO\.m2\repository\io\rest-assured\json-path\5.4.0\json-path-5.4.0.jar;C:\Users\USUARIO\.m2\repository\io\rest-assured\rest-assured-common\5.4.0\rest-assured-common-5.4.0.jar;C:\Users\USUARIO\.m2\repository\io\rest-assured\xml-path\5.4.0\xml-path-5.4.0.jar;C:\Users\USUARIO\.m2\repository\org\json\json\20240303\json-20240303.jar;C:\Users\USUARIO\.m2\repository\net\serenity-bdd\serenity-junit\4.0.1\serenity-junit-4.0.1.jar;C:\Users\USUARIO\.m2\repository\junit\junit\4.13.2\junit-4.13.2.jar;C:\Users\USUARIO\.m2\repository\jakarta\xml\bind\jakarta.xml.bind-api\4.0.0\jakarta.xml.bind-api-4.0.0.jar;C:\Users\USUARIO\.m2\repository\jakarta\activation\jakarta.activation-api\2.1.0\jakarta.activation-api-2.1.0.jar;C:\Users\USUARIO\.m2\repository\org\junit\platform\junit-platform-launcher\1.10.2\junit-platform-launcher-1.10.2.jar;C:\Users\USUARIO\.m2\repository\org\junit\platform\junit-platform-engine\1.10.2\junit-platform-engine-1.10.2.jar;C:\Users\USUARIO\.m2\repository\org\apiguardian\apiguardian-api\1.1.2\apiguardian-api-1.1.2.jar;C:\Users\USUARIO\.m2\repository\io\cucumber\cucumber-junit-platform-engine\7.17.0\cucumber-junit-platform-engine-7.17.0.jar;C:\Users\USUARIO\.m2\repository\org\junit\platform\junit-platform-suite\1.10.2\junit-platform-suite-1.10.2.jar;C:\Users\USUARIO\.m2\repository\org\junit\platform\junit-platform-suite-api\1.10.2\junit-platform-suite-api-1.10.2.jar;C:\Users\USUARIO\.m2\repository\org\junit\platform\junit-platform-suite-engine\1.10.2\junit-platform-suite-engine-1.10.2.jar;C:\Users\USUARIO\.m2\repository\org\junit\platform\junit-platform-suite-commons\1.10.2\junit-platform-suite-commons-1.10.2.jar;C:\Users\USUARIO\.m2\repository\org\junit\jupiter\junit-jupiter-engine\5.10.2\junit-jupiter-engine-5.10.2.jar;C:\Users\USUARIO\.m2\repository\org\junit\vintage\junit-vintage-engine\5.10.2\junit-vintage-engine-5.10.2.jar;C:\Users\USUARIO\.m2\repository\org\junit\jupiter\junit-jupiter-api\5.10.2\junit-jupiter-api-5.10.2.jar;C:\Users\USUARIO\.m2\repository\org\junit\platform\junit-platform-commons\1.10.2\junit-platform-commons-1.10.2.jar;C:\Users\USUARIO\.m2\repository\ch\qos\logback\logback-classic\1.5.6\logback-classic-1.5.6.jar;C:\Users\USUARIO\.m2\repository\ch\qos\logback\logback-core\1.5.6\logback-core-1.5.6.jar;C:\Users\USUARIO\.m2\repository\org\slf4j\slf4j-api\2.0.13\slf4j-api-2.0.13.jar;C:\Users\USUARIO\.m2\repository\org\assertj\assertj-core\3.25.3\assertj-core-3.25.3.jar;C:\Users\USUARIO\.m2\repository\net\bytebuddy\byte-buddy\1.14.11\byte-buddy-1.14.11.jar;C:\Users\USUARIO\.m2\repository\com\opencsv\opencsv\5.9\opencsv-5.9.jar;C:\Users\USUARIO\.m2\repository\org\apache\commons\commons-text\1.11.0\commons-text-1.11.0.jar;C:\Users\USUARIO\.m2\repository\com\jayway\jsonpath\json-path\2.8.0\json-path-2.8.0.jar;C:\Users\USUARIO\.m2\repository\net\minidev\json-smart\2.4.10\json-smart-2.4.10.jar;C:\Users\USUARIO\.m2\repository\net\minidev\accessors-smart\2.4.9\accessors-smart-2.4.9.jar;C:\Users\USUARIO\.m2\repository\org\ow2\asm\asm\9.3\asm-9.3.jar;"/>
    <property name="java.vm.vendor" value="Oracle Corporation"/>
    <property name="sun.arch.data.model" value="64"/>
    <property name="user.variant" value=""/>
    <property name="java.vendor.url" value="https://java.oracle.com/"/>
    <property name="user.timezone" value="America/Bogota"/>
    <property name="os.name" value="Windows 11"/>
    <property name="java.vm.specification.version" value="22"/>
    <property name="sun.java.launcher" value="SUN_STANDARD"/>
    <property name="user.country" value="CO"/>
    <property name="sun.boot.library.path" value="C:\Program Files\Java\jdk-22\bin"/>
    <property name="sun.java.command" value="C:\Users\USUARIO\AppData\Local\Temp\surefire16376927794389648174\surefirebooter-20240427222438156_6.jar C:\Users\USUARIO\AppData\Local\Temp\surefire16376927794389648174 2024-04-27T22-24-36_484-jvmRun1 surefire-20240427222438156_2tmp surefire_0-20240427222438156_4tmp"/>
    <property name="jdk.debug" value="release"/>
    <property name="surefire.test.class.path" value="C:\Users\USUARIO\OneDrive\Documentos\02 Automatización\03 Pragma\pragma\pragma\target\test-classes;C:\Users\USUARIO\OneDrive\Documentos\02 Automatización\03 Pragma\pragma\pragma\target\pragma-1.0-SNAPSHOT.jar;C:\Users\USUARIO\.m2\repository\net\serenity-bdd\serenity-core\4.0.1\serenity-core-4.0.1.jar;C:\Users\USUARIO\.m2\repository\net\serenity-bdd\serenity-model\4.0.1\serenity-model-4.0.1.jar;C:\Users\USUARIO\.m2\repository\commons-net\commons-net\3.9.0\commons-net-3.9.0.jar;C:\Users\USUARIO\.m2\repository\com\google\guava\guava\32.1.2-jre\guava-32.1.2-jre.jar;C:\Users\USUARIO\.m2\repository\com\google\guava\failureaccess\1.0.1\failureaccess-1.0.1.jar;C:\Users\USUARIO\.m2\repository\com\google\guava\listenablefuture\9999.0-empty-to-avoid-conflict-with-guava\listenablefuture-9999.0-empty-to-avoid-conflict-with-guava.jar;C:\Users\USUARIO\.m2\repository\com\google\code\findbugs\jsr305\3.0.2\jsr305-3.0.2.jar;C:\Users\USUARIO\.m2\repository\org\checkerframework\checker-qual\3.33.0\checker-qual-3.33.0.jar;C:\Users\USUARIO\.m2\repository\com\google\errorprone\error_prone_annotations\2.18.0\error_prone_annotations-2.18.0.jar;C:\Users\USUARIO\.m2\repository\com\google\j2objc\j2objc-annotations\2.8\j2objc-annotations-2.8.jar;C:\Users\USUARIO\.m2\repository\org\jsoup\jsoup\1.15.4\jsoup-1.15.4.jar;C:\Users\USUARIO\.m2\repository\com\thoughtworks\xstream\xstream\1.4.20\xstream-1.4.20.jar;C:\Users\USUARIO\.m2\repository\io\github\x-stream\mxparser\1.2.2\mxparser-1.2.2.jar;C:\Users\USUARIO\.m2\repository\xmlpull\xmlpull\1.1.3.1\xmlpull-1.1.3.1.jar;C:\Users\USUARIO\.m2\repository\com\typesafe\config\1.4.2\config-1.4.2.jar;C:\Users\USUARIO\.m2\repository\org\imgscalr\imgscalr-lib\4.2\imgscalr-lib-4.2.jar;C:\Users\USUARIO\.m2\repository\org\awaitility\awaitility\4.2.0\awaitility-4.2.0.jar;C:\Users\USUARIO\.m2\repository\org\freemarker\freemarker\2.3.31\freemarker-2.3.31.jar;C:\Users\USUARIO\.m2\repository\io\github\classgraph\classgraph\4.8.157\classgraph-4.8.157.jar;C:\Users\USUARIO\.m2\repository\com\github\ben-manes\caffeine\caffeine\2.9.2\caffeine-2.9.2.jar;C:\Users\USUARIO\.m2\repository\org\ehcache\ehcache\3.10.8\ehcache-3.10.8.jar;C:\Users\USUARIO\.m2\repository\javax\cache\cache-api\1.1.0\cache-api-1.1.0.jar;C:\Users\USUARIO\.m2\repository\net\sourceforge\jexcelapi\jxl\2.6.12\jxl-2.6.12.jar;C:\Users\USUARIO\.m2\repository\net\bytebuddy\byte-buddy-agent\1.14.5\byte-buddy-agent-1.14.5.jar;C:\Users\USUARIO\.m2\repository\org\objenesis\objenesis\3.3\objenesis-3.3.jar;C:\Users\USUARIO\.m2\repository\com\vladsch\flexmark\flexmark-all\0.64.8\flexmark-all-0.64.8.jar;C:\Users\USUARIO\.m2\repository\com\vladsch\flexmark\flexmark\0.64.8\flexmark-0.64.8.jar;C:\Users\USUARIO\.m2\repository\com\vladsch\flexmark\flexmark-ext-abbreviation\0.64.8\flexmark-ext-abbreviation-0.64.8.jar;C:\Users\USUARIO\.m2\repository\com\vladsch\flexmark\flexmark-util\0.64.8\flexmark-util-0.64.8.jar;C:\Users\USUARIO\.m2\repository\com\vladsch\flexmark\flexmark-ext-admonition\0.64.8\flexmark-ext-admonition-0.64.8.jar;C:\Users\USUARIO\.m2\repository\com\vladsch\flexmark\flexmark-ext-anchorlink\0.64.8\flexmark-ext-anchorlink-0.64.8.jar;C:\Users\USUARIO\.m2\repository\com\vladsch\flexmark\flexmark-ext-aside\0.64.8\flexmark-ext-aside-0.64.8.jar;C:\Users\USUARIO\.m2\repository\com\vladsch\flexmark\flexmark-ext-attributes\0.64.8\flexmark-ext-attributes-0.64.8.jar;C:\Users\USUARIO\.m2\repository\com\vladsch\flexmark\flexmark-ext-autolink\0.64.8\flexmark-ext-autolink-0.64.8.jar;C:\Users\USUARIO\.m2\repository\org\nibor\autolink\autolink\0.6.0\autolink-0.6.0.jar;C:\Users\USUARIO\.m2\repository\com\vladsch\flexmark\flexmark-ext-definition\0.64.8\flexmark-ext-definition-0.64.8.jar;C:\Users\USUARIO\.m2\repository\com\vladsch\flexmark\flexmark-ext-emoji\0.64.8\flexmark-ext-emoji-0.64.8.jar;C:\Users\USUARIO\.m2\repository\com\vladsch\flexmark\flexmark-ext-enumerated-reference\0.64.8\flexmark-ext-enumerated-reference-0.64.8.jar;C:\Users\USUARIO\.m2\repository\com\vladsch\flexmark\flexmark-ext-escaped-character\0.64.8\flexmark-ext-escaped-character-0.64.8.jar;C:\Users\USUARIO\.m2\repository\com\vladsch\flexmark\flexmark-ext-footnotes\0.64.8\flexmark-ext-footnotes-0.64.8.jar;C:\Users\USUARIO\.m2\repository\com\vladsch\flexmark\flexmark-ext-gfm-issues\0.64.8\flexmark-ext-gfm-issues-0.64.8.jar;C:\Users\USUARIO\.m2\repository\com\vladsch\flexmark\flexmark-ext-gfm-strikethrough\0.64.8\flexmark-ext-gfm-strikethrough-0.64.8.jar;C:\Users\USUARIO\.m2\repository\com\vladsch\flexmark\flexmark-ext-gfm-tasklist\0.64.8\flexmark-ext-gfm-tasklist-0.64.8.jar;C:\Users\USUARIO\.m2\repository\com\vladsch\flexmark\flexmark-ext-gfm-users\0.64.8\flexmark-ext-gfm-users-0.64.8.jar;C:\Users\USUARIO\.m2\repository\com\vladsch\flexmark\flexmark-ext-gitlab\0.64.8\flexmark-ext-gitlab-0.64.8.jar;C:\Users\USUARIO\.m2\repository\com\vladsch\flexmark\flexmark-ext-jekyll-front-matter\0.64.8\flexmark-ext-jekyll-front-matter-0.64.8.jar;C:\Users\USUARIO\.m2\repository\com\vladsch\flexmark\flexmark-ext-jekyll-tag\0.64.8\flexmark-ext-jekyll-tag-0.64.8.jar;C:\Users\USUARIO\.m2\repository\com\vladsch\flexmark\flexmark-ext-media-tags\0.64.8\flexmark-ext-media-tags-0.64.8.jar;C:\Users\USUARIO\.m2\repository\com\vladsch\flexmark\flexmark-ext-resizable-image\0.64.8\flexmark-ext-resizable-image-0.64.8.jar;C:\Users\USUARIO\.m2\repository\com\vladsch\flexmark\flexmark-ext-macros\0.64.8\flexmark-ext-macros-0.64.8.jar;C:\Users\USUARIO\.m2\repository\com\vladsch\flexmark\flexmark-ext-ins\0.64.8\flexmark-ext-ins-0.64.8.jar;C:\Users\USUARIO\.m2\repository\com\vladsch\flexmark\flexmark-ext-xwiki-macros\0.64.8\flexmark-ext-xwiki-macros-0.64.8.jar;C:\Users\USUARIO\.m2\repository\com\vladsch\flexmark\flexmark-ext-superscript\0.64.8\flexmark-ext-superscript-0.64.8.jar;C:\Users\USUARIO\.m2\repository\com\vladsch\flexmark\flexmark-ext-tables\0.64.8\flexmark-ext-tables-0.64.8.jar;C:\Users\USUARIO\.m2\repository\com\vladsch\flexmark\flexmark-ext-toc\0.64.8\flexmark-ext-toc-0.64.8.jar;C:\Users\USUARIO\.m2\repository\com\vladsch\flexmark\flexmark-ext-typographic\0.64.8\flexmark-ext-typographic-0.64.8.jar;C:\Users\USUARIO\.m2\repository\com\vladsch\flexmark\flexmark-ext-wikilink\0.64.8\flexmark-ext-wikilink-0.64.8.jar;C:\Users\USUARIO\.m2\repository\com\vladsch\flexmark\flexmark-ext-yaml-front-matter\0.64.8\flexmark-ext-yaml-front-matter-0.64.8.jar;C:\Users\USUARIO\.m2\repository\com\vladsch\flexmark\flexmark-ext-youtube-embedded\0.64.8\flexmark-ext-youtube-embedded-0.64.8.jar;C:\Users\USUARIO\.m2\repository\com\vladsch\flexmark\flexmark-html2md-converter\0.64.8\flexmark-html2md-converter-0.64.8.jar;C:\Users\USUARIO\.m2\repository\com\vladsch\flexmark\flexmark-jira-converter\0.64.8\flexmark-jira-converter-0.64.8.jar;C:\Users\USUARIO\.m2\repository\com\vladsch\flexmark\flexmark-pdf-converter\0.64.8\flexmark-pdf-converter-0.64.8.jar;C:\Users\USUARIO\.m2\repository\com\openhtmltopdf\openhtmltopdf-core\1.0.10\openhtmltopdf-core-1.0.10.jar;C:\Users\USUARIO\.m2\repository\com\openhtmltopdf\openhtmltopdf-pdfbox\1.0.10\openhtmltopdf-pdfbox-1.0.10.jar;C:\Users\USUARIO\.m2\repository\org\apache\pdfbox\pdfbox\2.0.24\pdfbox-2.0.24.jar;C:\Users\USUARIO\.m2\repository\org\apache\pdfbox\fontbox\2.0.24\fontbox-2.0.24.jar;C:\Users\USUARIO\.m2\repository\org\apache\pdfbox\xmpbox\2.0.24\xmpbox-2.0.24.jar;C:\Users\USUARIO\.m2\repository\de\rototor\pdfbox\graphics2d\0.32\graphics2d-0.32.jar;C:\Users\USUARIO\.m2\repository\com\openhtmltopdf\openhtmltopdf-rtl-support\1.0.10\openhtmltopdf-rtl-support-1.0.10.jar;C:\Users\USUARIO\.m2\repository\com\vladsch\flexmark\flexmark-profile-pegdown\0.64.8\flexmark-profile-pegdown-0.64.8.jar;C:\Users\USUARIO\.m2\repository\com\vladsch\flexmark\flexmark-util-ast\0.64.8\flexmark-util-ast-0.64.8.jar;C:\Users\USUARIO\.m2\repository\com\vladsch\flexmark\flexmark-util-builder\0.64.8\flexmark-util-builder-0.64.8.jar;C:\Users\USUARIO\.m2\repository\com\vladsch\flexmark\flexmark-util-collection\0.64.8\flexmark-util-collection-0.64.8.jar;C:\Users\USUARIO\.m2\repository\com\vladsch\flexmark\flexmark-util-data\0.64.8\flexmark-util-data-0.64.8.jar;C:\Users\USUARIO\.m2\repository\com\vladsch\flexmark\flexmark-util-dependency\0.64.8\flexmark-util-dependency-0.64.8.jar;C:\Users\USUARIO\.m2\repository\com\vladsch\flexmark\flexmark-util-format\0.64.8\flexmark-util-format-0.64.8.jar;C:\Users\USUARIO\.m2\repository\com\vladsch\flexmark\flexmark-util-html\0.64.8\flexmark-util-html-0.64.8.jar;C:\Users\USUARIO\.m2\repository\com\vladsch\flexmark\flexmark-util-misc\0.64.8\flexmark-util-misc-0.64.8.jar;C:\Users\USUARIO\.m2\repository\com\vladsch\flexmark\flexmark-util-options\0.64.8\flexmark-util-options-0.64.8.jar;C:\Users\USUARIO\.m2\repository\com\vladsch\flexmark\flexmark-util-sequence\0.64.8\flexmark-util-sequence-0.64.8.jar;C:\Users\USUARIO\.m2\repository\com\vladsch\flexmark\flexmark-util-visitor\0.64.8\flexmark-util-visitor-0.64.8.jar;C:\Users\USUARIO\.m2\repository\com\vladsch\flexmark\flexmark-youtrack-converter\0.64.8\flexmark-youtrack-converter-0.64.8.jar;C:\Users\USUARIO\.m2\repository\net\serenity-bdd\serenity-reports\4.0.1\serenity-reports-4.0.1.jar;C:\Users\USUARIO\.m2\repository\net\serenity-bdd\serenity-stats\4.0.1\serenity-stats-4.0.1.jar;C:\Users\USUARIO\.m2\repository\net\serenity-bdd\serenity-reports-configuration\4.0.1\serenity-reports-configuration-4.0.1.jar;C:\Users\USUARIO\.m2\repository\com\ibm\icu\icu4j\72.1\icu4j-72.1.jar;C:\Users\USUARIO\.m2\repository\es\nitaur\markdown\txtmark\0.16\txtmark-0.16.jar;C:\Users\USUARIO\.m2\repository\net\serenity-bdd\serenity-report-resources\4.0.1\serenity-report-resources-4.0.1.jar;C:\Users\USUARIO\.m2\repository\com\google\code\gson\gson\2.10.1\gson-2.10.1.jar;C:\Users\USUARIO\.m2\repository\com\fasterxml\jackson\core\jackson-core\2.15.2\jackson-core-2.15.2.jar;C:\Users\USUARIO\.m2\repository\com\fasterxml\jackson\core\jackson-databind\2.15.2\jackson-databind-2.15.2.jar;C:\Users\USUARIO\.m2\repository\com\fasterxml\jackson\core\jackson-annotations\2.15.2\jackson-annotations-2.15.2.jar;C:\Users\USUARIO\.m2\repository\commons-codec\commons-codec\1.16.0\commons-codec-1.16.0.jar;C:\Users\USUARIO\.m2\repository\commons-io\commons-io\2.11.0\commons-io-2.11.0.jar;C:\Users\USUARIO\.m2\repository\org\apache\httpcomponents\httpclient\4.5.13\httpclient-4.5.13.jar;C:\Users\USUARIO\.m2\repository\org\apache\httpcomponents\httpcore\4.4.13\httpcore-4.4.13.jar;C:\Users\USUARIO\.m2\repository\commons-logging\commons-logging\1.2\commons-logging-1.2.jar;C:\Users\USUARIO\.m2\repository\org\seleniumhq\selenium\selenium-java\4.12.0\selenium-java-4.12.0.jar;C:\Users\USUARIO\.m2\repository\org\seleniumhq\selenium\selenium-devtools-v114\4.12.0\selenium-devtools-v114-4.12.0.jar;C:\Users\USUARIO\.m2\repository\org\seleniumhq\selenium\selenium-devtools-v115\4.12.0\selenium-devtools-v115-4.12.0.jar;C:\Users\USUARIO\.m2\repository\org\seleniumhq\selenium\selenium-devtools-v116\4.12.0\selenium-devtools-v116-4.12.0.jar;C:\Users\USUARIO\.m2\repository\org\seleniumhq\selenium\selenium-devtools-v85\4.12.0\selenium-devtools-v85-4.12.0.jar;C:\Users\USUARIO\.m2\repository\org\seleniumhq\selenium\selenium-remote-driver\4.12.0\selenium-remote-driver-4.12.0.jar;C:\Users\USUARIO\.m2\repository\io\netty\netty-buffer\4.1.96.Final\netty-buffer-4.1.96.Final.jar;C:\Users\USUARIO\.m2\repository\io\netty\netty-codec-http\4.1.96.Final\netty-codec-http-4.1.96.Final.jar;C:\Users\USUARIO\.m2\repository\io\netty\netty-codec\4.1.96.Final\netty-codec-4.1.96.Final.jar;C:\Users\USUARIO\.m2\repository\io\netty\netty-handler\4.1.96.Final\netty-handler-4.1.96.Final.jar;C:\Users\USUARIO\.m2\repository\io\netty\netty-common\4.1.96.Final\netty-common-4.1.96.Final.jar;C:\Users\USUARIO\.m2\repository\io\netty\netty-transport-classes-epoll\4.1.96.Final\netty-transport-classes-epoll-4.1.96.Final.jar;C:\Users\USUARIO\.m2\repository\io\netty\netty-transport-classes-kqueue\4.1.96.Final\netty-transport-classes-kqueue-4.1.96.Final.jar;C:\Users\USUARIO\.m2\repository\io\netty\netty-transport-native-epoll\4.1.96.Final\netty-transport-native-epoll-4.1.96.Final.jar;C:\Users\USUARIO\.m2\repository\io\netty\netty-transport-native-kqueue\4.1.96.Final\netty-transport-native-kqueue-4.1.96.Final.jar;C:\Users\USUARIO\.m2\repository\io\netty\netty-transport-native-unix-common\4.1.96.Final\netty-transport-native-unix-common-4.1.96.Final.jar;C:\Users\USUARIO\.m2\repository\io\netty\netty-transport\4.1.96.Final\netty-transport-4.1.96.Final.jar;C:\Users\USUARIO\.m2\repository\io\netty\netty-resolver\4.1.96.Final\netty-resolver-4.1.96.Final.jar;C:\Users\USUARIO\.m2\repository\io\opentelemetry\opentelemetry-api\1.28.0\opentelemetry-api-1.28.0.jar;C:\Users\USUARIO\.m2\repository\io\opentelemetry\opentelemetry-context\1.28.0\opentelemetry-context-1.28.0.jar;C:\Users\USUARIO\.m2\repository\io\opentelemetry\opentelemetry-exporter-logging\1.28.0\opentelemetry-exporter-logging-1.28.0.jar;C:\Users\USUARIO\.m2\repository\io\opentelemetry\opentelemetry-sdk-metrics\1.28.0\opentelemetry-sdk-metrics-1.28.0.jar;C:\Users\USUARIO\.m2\repository\io\opentelemetry\opentelemetry-extension-incubator\1.28.0-alpha\opentelemetry-extension-incubator-1.28.0-alpha.jar;C:\Users\USUARIO\.m2\repository\io\opentelemetry\opentelemetry-sdk-logs\1.28.0\opentelemetry-sdk-logs-1.28.0.jar;C:\Users\USUARIO\.m2\repository\io\opentelemetry\opentelemetry-sdk-common\1.28.0\opentelemetry-sdk-common-1.28.0.jar;C:\Users\USUARIO\.m2\repository\io\opentelemetry\opentelemetry-sdk-extension-autoconfigure-spi\1.28.0\opentelemetry-sdk-extension-autoconfigure-spi-1.28.0.jar;C:\Users\USUARIO\.m2\repository\io\opentelemetry\opentelemetry-sdk-extension-autoconfigure\1.28.0\opentelemetry-sdk-extension-autoconfigure-1.28.0.jar;C:\Users\USUARIO\.m2\repository\io\opentelemetry\opentelemetry-api-events\1.28.0-alpha\opentelemetry-api-events-1.28.0-alpha.jar;C:\Users\USUARIO\.m2\repository\io\opentelemetry\opentelemetry-sdk-trace\1.28.0\opentelemetry-sdk-trace-1.28.0.jar;C:\Users\USUARIO\.m2\repository\io\opentelemetry\opentelemetry-sdk\1.28.0\opentelemetry-sdk-1.28.0.jar;C:\Users\USUARIO\.m2\repository\io\opentelemetry\opentelemetry-semconv\1.28.0-alpha\opentelemetry-semconv-1.28.0-alpha.jar;C:\Users\USUARIO\.m2\repository\org\asynchttpclient\async-http-client\2.12.3\async-http-client-2.12.3.jar;C:\Users\USUARIO\.m2\repository\org\asynchttpclient\async-http-client-netty-utils\2.12.3\async-http-client-netty-utils-2.12.3.jar;C:\Users\USUARIO\.m2\repository\io\netty\netty-codec-socks\4.1.60.Final\netty-codec-socks-4.1.60.Final.jar;C:\Users\USUARIO\.m2\repository\io\netty\netty-handler-proxy\4.1.60.Final\netty-handler-proxy-4.1.60.Final.jar;C:\Users\USUARIO\.m2\repository\io\netty\netty-transport-native-epoll\4.1.60.Final\netty-transport-native-epoll-4.1.60.Final-linux-x86_64.jar;C:\Users\USUARIO\.m2\repository\io\netty\netty-transport-native-kqueue\4.1.60.Final\netty-transport-native-kqueue-4.1.60.Final-osx-x86_64.jar;C:\Users\USUARIO\.m2\repository\org\reactivestreams\reactive-streams\1.0.3\reactive-streams-1.0.3.jar;C:\Users\USUARIO\.m2\repository\com\typesafe\netty\netty-reactive-streams\2.0.4\netty-reactive-streams-2.0.4.jar;C:\Users\USUARIO\.m2\repository\org\seleniumhq\selenium\selenium-os\4.12.0\selenium-os-4.12.0.jar;C:\Users\USUARIO\.m2\repository\org\apache\commons\commons-exec\1.3\commons-exec-1.3.jar;C:\Users\USUARIO\.m2\repository\org\seleniumhq\selenium\selenium-safari-driver\4.12.0\selenium-safari-driver-4.12.0.jar;C:\Users\USUARIO\.m2\repository\org\seleniumhq\selenium\selenium-api\4.12.0\selenium-api-4.12.0.jar;C:\Users\USUARIO\.m2\repository\org\seleniumhq\selenium\selenium-support\4.12.0\selenium-support-4.12.0.jar;C:\Users\USUARIO\.m2\repository\com\google\auto\service\auto-service-annotations\1.1.1\auto-service-annotations-1.1.1.jar;C:\Users\USUARIO\.m2\repository\org\seleniumhq\selenium\selenium-json\4.12.0\selenium-json-4.12.0.jar;C:\Users\USUARIO\.m2\repository\org\seleniumhq\selenium\selenium-chrome-driver\4.12.0\selenium-chrome-driver-4.12.0.jar;C:\Users\USUARIO\.m2\repository\org\seleniumhq\selenium\selenium-chromium-driver\4.12.0\selenium-chromium-driver-4.12.0.jar;C:\Users\USUARIO\.m2\repository\org\seleniumhq\selenium\selenium-manager\4.12.0\selenium-manager-4.12.0.jar;C:\Users\USUARIO\.m2\repository\org\seleniumhq\selenium\selenium-firefox-driver\4.12.0\selenium-firefox-driver-4.12.0.jar;C:\Users\USUARIO\.m2\repository\org\seleniumhq\selenium\selenium-http\4.12.0\selenium-http-4.12.0.jar;C:\Users\USUARIO\.m2\repository\dev\failsafe\failsafe\3.3.2\failsafe-3.3.2.jar;C:\Users\USUARIO\.m2\repository\org\seleniumhq\selenium\selenium-edge-driver\4.12.0\selenium-edge-driver-4.12.0.jar;C:\Users\USUARIO\.m2\repository\org\seleniumhq\selenium\selenium-ie-driver\4.12.0\selenium-ie-driver-4.12.0.jar;C:\Users\USUARIO\.m2\repository\org\projectlombok\lombok\1.18.20\lombok-1.18.20.jar;C:\Users\USUARIO\.m2\repository\org\htmlunit\htmlunit\3.4.0\htmlunit-3.4.0.jar;C:\Users\USUARIO\.m2\repository\org\htmlunit\htmlunit-core-js\3.4.0\htmlunit-core-js-3.4.0.jar;C:\Users\USUARIO\.m2\repository\org\htmlunit\neko-htmlunit\3.4.0\neko-htmlunit-3.4.0.jar;C:\Users\USUARIO\.m2\repository\org\htmlunit\htmlunit-cssparser\3.4.0\htmlunit-cssparser-3.4.0.jar;C:\Users\USUARIO\.m2\repository\org\htmlunit\htmlunit-xpath\3.4.0\htmlunit-xpath-3.4.0.jar;C:\Users\USUARIO\.m2\repository\org\brotli\dec\0.1.2\dec-0.1.2.jar;C:\Users\USUARIO\.m2\repository\com\shapesecurity\salvation2\3.0.1\salvation2-3.0.1.jar;C:\Users\USUARIO\.m2\repository\org\eclipse\jetty\websocket\websocket-client\9.4.51.v20230217\websocket-client-9.4.51.v20230217.jar;C:\Users\USUARIO\.m2\repository\org\eclipse\jetty\jetty-client\9.4.51.v20230217\jetty-client-9.4.51.v20230217.jar;C:\Users\USUARIO\.m2\repository\org\eclipse\jetty\jetty-http\9.4.51.v20230217\jetty-http-9.4.51.v20230217.jar;C:\Users\USUARIO\.m2\repository\org\eclipse\jetty\jetty-util\9.4.51.v20230217\jetty-util-9.4.51.v20230217.jar;C:\Users\USUARIO\.m2\repository\org\eclipse\jetty\jetty-io\9.4.51.v20230217\jetty-io-9.4.51.v20230217.jar;C:\Users\USUARIO\.m2\repository\org\eclipse\jetty\websocket\websocket-common\9.4.51.v20230217\websocket-common-9.4.51.v20230217.jar;C:\Users\USUARIO\.m2\repository\org\eclipse\jetty\websocket\websocket-api\9.4.51.v20230217\websocket-api-9.4.51.v20230217.jar;C:\Users\USUARIO\.m2\repository\org\seleniumhq\selenium\htmlunit3-driver\4.10.0\htmlunit3-driver-4.10.0.jar;C:\Users\USUARIO\.m2\repository\io\appium\java-client\8.3.0\java-client-8.3.0.jar;C:\Users\USUARIO\.m2\repository\commons-validator\commons-validator\1.7\commons-validator-1.7.jar;C:\Users\USUARIO\.m2\repository\commons-digester\commons-digester\2.1\commons-digester-2.1.jar;C:\Users\USUARIO\.m2\repository\org\apache\groovy\groovy\4.0.13\groovy-4.0.13.jar;C:\Users\USUARIO\.m2\repository\net\sf\opencsv\opencsv\2.0\opencsv-2.0.jar;C:\Users\USUARIO\.m2\repository\commons-beanutils\commons-beanutils\1.9.4\commons-beanutils-1.9.4.jar;C:\Users\USUARIO\.m2\repository\commons-collections\commons-collections\3.2.2\commons-collections-3.2.2.jar;C:\Users\USUARIO\.m2\repository\org\apache\commons\commons-lang3\3.13.0\commons-lang3-3.13.0.jar;C:\Users\USUARIO\.m2\repository\org\apache\commons\commons-collections4\4.4\commons-collections4-4.4.jar;C:\Users\USUARIO\.m2\repository\org\apache\commons\commons-compress\1.23.0\commons-compress-1.23.0.jar;C:\Users\USUARIO\.m2\repository\org\fluentlenium\fluentlenium-core\0.10.2\fluentlenium-core-0.10.2.jar;C:\Users\USUARIO\.m2\repository\com\jhlabs\filters\2.0.235\filters-2.0.235.jar;C:\Users\USUARIO\.m2\repository\com\paulhammant\ngwebdriver\1.1.6\ngwebdriver-1.1.6.jar;C:\Users\USUARIO\.m2\repository\joda-time\joda-time\2.12.2\joda-time-2.12.2.jar;C:\Users\USUARIO\.m2\repository\org\hamcrest\hamcrest\2.2\hamcrest-2.2.jar;C:\Users\USUARIO\.m2\repository\com\google\jimfs\jimfs\1.3.0\jimfs-1.3.0.jar;C:\Users\USUARIO\.m2\repository\org\mockito\mockito-core\3.3.3\mockito-core-3.3.3.jar;C:\Users\USUARIO\.m2\repository\javax\xml\bind\jaxb-api\2.3.1\jaxb-api-2.3.1.jar;C:\Users\USUARIO\.m2\repository\javax\activation\javax.activation-api\1.2.0\javax.activation-api-1.2.0.jar;C:\Users\USUARIO\.m2\repository\com\sun\xml\bind\jaxb-core\2.3.0.1\jaxb-core-2.3.0.1.jar;C:\Users\USUARIO\.m2\repository\com\sun\xml\bind\jaxb-impl\2.3.3\jaxb-impl-2.3.3.jar;C:\Users\USUARIO\.m2\repository\com\sun\activation\jakarta.activation\1.2.2\jakarta.activation-1.2.2.jar;C:\Users\USUARIO\.m2\repository\javax\activation\activation\1.1.1\activation-1.1.1.jar;C:\Users\USUARIO\.m2\repository\net\serenity-bdd\serenity-cucumber\4.0.1\serenity-cucumber-4.0.1.jar;C:\Users\USUARIO\.m2\repository\io\cucumber\cucumber-core\7.13.0\cucumber-core-7.13.0.jar;C:\Users\USUARIO\.m2\repository\io\cucumber\cucumber-gherkin\7.13.0\cucumber-gherkin-7.13.0.jar;C:\Users\USUARIO\.m2\repository\io\cucumber\cucumber-gherkin-messages\7.13.0\cucumber-gherkin-messages-7.13.0.jar;C:\Users\USUARIO\.m2\repository\io\cucumber\gherkin\26.2.0\gherkin-26.2.0.jar;C:\Users\USUARIO\.m2\repository\io\cucumber\messages\22.0.0\messages-22.0.0.jar;C:\Users\USUARIO\.m2\repository\io\cucumber\tag-expressions\5.0.1\tag-expressions-5.0.1.jar;C:\Users\USUARIO\.m2\repository\io\cucumber\cucumber-expressions\16.1.2\cucumber-expressions-16.1.2.jar;C:\Users\USUARIO\.m2\repository\io\cucumber\datatable\7.13.0\datatable-7.13.0.jar;C:\Users\USUARIO\.m2\repository\io\cucumber\cucumber-plugin\7.13.0\cucumber-plugin-7.13.0.jar;C:\Users\USUARIO\.m2\repository\io\cucumber\docstring\7.13.0\docstring-7.13.0.jar;C:\Users\USUARIO\.m2\repository\io\cucumber\html-formatter\20.3.1\html-formatter-20.3.1.jar;C:\Users\USUARIO\.m2\repository\io\cucumber\junit-xml-formatter\0.2.0\junit-xml-formatter-0.2.0.jar;C:\Users\USUARIO\.m2\repository\io\cucumber\ci-environment\9.2.0\ci-environment-9.2.0.jar;C:\Users\USUARIO\.m2\repository\io\cucumber\cucumber-java\7.13.0\cucumber-java-7.13.0.jar;C:\Users\USUARIO\.m2\repository\io\cucumber\cucumber-junit\7.13.0\cucumber-junit-7.13.0.jar;C:\Users\USUARIO\.m2\repository\org\apache\commons\commons-csv\1.5\commons-csv-1.5.jar;C:\Users\USUARIO\.m2\repository\net\serenity-bdd\serenity-screenplay\4.0.1\serenity-screenplay-4.0.1.jar;C:\Users\USUARIO\.m2\repository\net\serenity-bdd\serenity-screenplay-webdriver\4.0.1\serenity-screenplay-webdriver-4.0.1.jar;C:\Users\USUARIO\.m2\repository\net\serenity-bdd\serenity-ensure\4.0.1\serenity-ensure-4.0.1.jar;C:\Users\USUARIO\.m2\repository\org\jetbrains\kotlin\kotlin-stdlib\1.9.0\kotlin-stdlib-1.9.0.jar;C:\Users\USUARIO\.m2\repository\org\jetbrains\kotlin\kotlin-stdlib-common\1.9.0\kotlin-stdlib-common-1.9.0.jar;C:\Users\USUARIO\.m2\repository\org\jetbrains\annotations\13.0\annotations-13.0.jar;C:\Users\USUARIO\.m2\repository\net\serenity-bdd\serenity-rest-assured\4.0.1\serenity-rest-assured-4.0.1.jar;C:\Users\USUARIO\.m2\repository\org\apache\groovy\groovy-json\4.0.13\groovy-json-4.0.13.jar;C:\Users\USUARIO\.m2\repository\org\apache\groovy\groovy-xml\4.0.13\groovy-xml-4.0.13.jar;C:\Users\USUARIO\.m2\repository\org\opentest4j\opentest4j\1.2.0\opentest4j-1.2.0.jar;C:\Users\USUARIO\.m2\repository\net\serenity-bdd\serenity-junit5\4.0.1\serenity-junit5-4.0.1.jar;C:\Users\USUARIO\.m2\repository\org\junit\jupiter\junit-jupiter-params\5.10.0\junit-jupiter-params-5.10.0.jar;C:\Users\USUARIO\.m2\repository\io\rest-assured\rest-assured\5.4.0\rest-assured-5.4.0.jar;C:\Users\USUARIO\.m2\repository\org\apache\httpcomponents\httpmime\4.5.13\httpmime-4.5.13.jar;C:\Users\USUARIO\.m2\repository\org\ccil\cowan\tagsoup\tagsoup\1.2.1\tagsoup-1.2.1.jar;C:\Users\USUARIO\.m2\repository\io\rest-assured\json-path\5.4.0\json-path-5.4.0.jar;C:\Users\USUARIO\.m2\repository\io\rest-assured\rest-assured-common\5.4.0\rest-assured-common-5.4.0.jar;C:\Users\USUARIO\.m2\repository\io\rest-assured\xml-path\5.4.0\xml-path-5.4.0.jar;C:\Users\USUARIO\.m2\repository\org\json\json\20240303\json-20240303.jar;C:\Users\USUARIO\.m2\repository\net\serenity-bdd\serenity-junit\4.0.1\serenity-junit-4.0.1.jar;C:\Users\USUARIO\.m2\repository\junit\junit\4.13.2\junit-4.13.2.jar;C:\Users\USUARIO\.m2\repository\jakarta\xml\bind\jakarta.xml.bind-api\4.0.0\jakarta.xml.bind-api-4.0.0.jar;C:\Users\USUARIO\.m2\repository\jakarta\activation\jakarta.activation-api\2.1.0\jakarta.activation-api-2.1.0.jar;C:\Users\USUARIO\.m2\repository\org\junit\platform\junit-platform-launcher\1.10.2\junit-platform-launcher-1.10.2.jar;C:\Users\USUARIO\.m2\repository\org\junit\platform\junit-platform-engine\1.10.2\junit-platform-engine-1.10.2.jar;C:\Users\USUARIO\.m2\repository\org\apiguardian\apiguardian-api\1.1.2\apiguardian-api-1.1.2.jar;C:\Users\USUARIO\.m2\repository\io\cucumber\cucumber-junit-platform-engine\7.17.0\cucumber-junit-platform-engine-7.17.0.jar;C:\Users\USUARIO\.m2\repository\org\junit\platform\junit-platform-suite\1.10.2\junit-platform-suite-1.10.2.jar;C:\Users\USUARIO\.m2\repository\org\junit\platform\junit-platform-suite-api\1.10.2\junit-platform-suite-api-1.10.2.jar;C:\Users\USUARIO\.m2\repository\org\junit\platform\junit-platform-suite-engine\1.10.2\junit-platform-suite-engine-1.10.2.jar;C:\Users\USUARIO\.m2\repository\org\junit\platform\junit-platform-suite-commons\1.10.2\junit-platform-suite-commons-1.10.2.jar;C:\Users\USUARIO\.m2\repository\org\junit\jupiter\junit-jupiter-engine\5.10.2\junit-jupiter-engine-5.10.2.jar;C:\Users\USUARIO\.m2\repository\org\junit\vintage\junit-vintage-engine\5.10.2\junit-vintage-engine-5.10.2.jar;C:\Users\USUARIO\.m2\repository\org\junit\jupiter\junit-jupiter-api\5.10.2\junit-jupiter-api-5.10.2.jar;C:\Users\USUARIO\.m2\repository\org\junit\platform\junit-platform-commons\1.10.2\junit-platform-commons-1.10.2.jar;C:\Users\USUARIO\.m2\repository\ch\qos\logback\logback-classic\1.5.6\logback-classic-1.5.6.jar;C:\Users\USUARIO\.m2\repository\ch\qos\logback\logback-core\1.5.6\logback-core-1.5.6.jar;C:\Users\USUARIO\.m2\repository\org\slf4j\slf4j-api\2.0.13\slf4j-api-2.0.13.jar;C:\Users\USUARIO\.m2\repository\org\assertj\assertj-core\3.25.3\assertj-core-3.25.3.jar;C:\Users\USUARIO\.m2\repository\net\bytebuddy\byte-buddy\1.14.11\byte-buddy-1.14.11.jar;C:\Users\USUARIO\.m2\repository\com\opencsv\opencsv\5.9\opencsv-5.9.jar;C:\Users\USUARIO\.m2\repository\org\apache\commons\commons-text\1.11.0\commons-text-1.11.0.jar;C:\Users\USUARIO\.m2\repository\com\jayway\jsonpath\json-path\2.8.0\json-path-2.8.0.jar;C:\Users\USUARIO\.m2\repository\net\minidev\json-smart\2.4.10\json-smart-2.4.10.jar;C:\Users\USUARIO\.m2\repository\net\minidev\accessors-smart\2.4.9\accessors-smart-2.4.9.jar;C:\Users\USUARIO\.m2\repository\org\ow2\asm\asm\9.3\asm-9.3.jar;"/>
    <property name="sun.cpu.endian" value="little"/>
    <property name="user.home" value="C:\Users\USUARIO"/>
    <property name="user.language" value="es"/>
    <property name="java.specification.vendor" value="Oracle Corporation"/>
    <property name="java.version.date" value="2024-03-19"/>
    <property name="java.home" value="C:\Program Files\Java\jdk-22"/>
    <property name="file.separator" value="\"/>
    <property name="basedir" value="C:\Users\USUARIO\OneDrive\Documentos\02 Automatización\03 Pragma\pragma\pragma"/>
    <property name="java.vm.compressedOopsMode" value="Zero based"/>
    <property name="line.separator" value="&#10;"/>
    <property name="java.vm.specification.vendor" value="Oracle Corporation"/>
    <property name="java.specification.name" value="Java Platform API Specification"/>
    <property name="surefire.real.class.path" value="C:\Users\USUARIO\AppData\Local\Temp\surefire16376927794389648174\surefirebooter-20240427222438156_6.jar"/>
    <property name="user.script" value=""/>
    <property name="java.protocol.handler.pkgs" value="com.google.common"/>
    <property name="sun.management.compiler" value="HotSpot 64-Bit Tiered Compilers"/>
    <property name="java.runtime.version" value="22+36-2370"/>
    <property name="user.name" value="USUARIO"/>
    <property name="stdout.encoding" value="Cp1252"/>
    <property name="path.separator" value=";"/>
    <property name="os.version" value="10.0"/>
    <property name="java.runtime.name" value="Java(TM) SE Runtime Environment"/>
    <property name="file.encoding" value="UTF-8"/>
    <property name="java.vm.name" value="Java HotSpot(TM) 64-Bit Server VM"/>
    <property name="localRepository" value="C:\Users\USUARIO\.m2\repository"/>
    <property name="java.vendor.url.bug" value="https://bugreport.java.com/bugreport/"/>
    <property name="java.io.tmpdir" value="C:\Users\USUARIO\AppData\Local\Temp\"/>
    <property name="java.version" value="22"/>
    <property name="user.dir" value="C:\Users\USUARIO\OneDrive\Documentos\02 Automatización\03 Pragma\pragma\pragma"/>
    <property name="os.arch" value="amd64"/>
    <property name="java.vm.specification.name" value="Java Virtual Machine Specification"/>
    <property name="sun.os.patch.level" value=""/>
    <property name="native.encoding" value="Cp1252"/>
    <property name="java.library.path" value="C:\Program Files\Java\jdk-22\bin;C:\Windows\Sun\Java\bin;C:\Windows\system32;C:\Windows;C:\ProgramData\Oracle\Java\javapath;C:\Program Files\Common Files\Oracle\Java\javapath;C:\Windows\system32;C:\Windows;C:\Windows\System32\Wbem;C:\Windows\System32\WindowsPowerShell\v1.0\;C:\Windows\System32\OpenSSH\;C:\Program Files\dotnet\;C:\Program Files\Git\cmd;C:\Program Files\Java\jdk-22\bin;C:\Program Files\apache-maven-3.9.6\bin;C:\ProgramData\chocolatey\bin;C:\Users\USUARIO\AppData\Local\Android\Sdk\platform-tools;C:\Users\USUARIO\AppData\Local\Android\Sdk\tools;C:\Program Files\nodejs\;C:\Users\USUARIO\AppData\Local\Android\Sdk\tools\bin;C:\Users\USUARIO\AppData\Local\Microsoft\WindowsApps;C:\Users\USUARIO\AppData\Local\Programs\Microsoft VS Code\bin;C:\Users\USUARIO\AppData\Roaming\npm;."/>
    <property name="junit.jupiter.extensions.autodetection.enabled" value="true"/>
    <property name="java.vm.info" value="mixed mode, sharing"/>
    <property name="stderr.encoding" value="Cp1252"/>
    <property name="java.vendor" value="Oracle Corporation"/>
    <property name="java.vm.version" value="22+36-2370"/>
    <property name="sun.io.unicode.encoding" value="UnicodeLittle"/>
    <property name="java.class.version" value="66.0"/>
  </properties>
  <testcase name="Agregar un producto al carrito de compra" classname="Test agregar productos al carrito de compra en el portal" time="23.979">
    <system-out><![CDATA[22:24:39.908 [main] DEBUG io.cucumber.core.plugin.SerenityReporter -- Running feature from file:///C:/Users/USUARIO/OneDrive/Documentos/02%20Automatización/03%20Pragma/pragma/pragma/src/test/resources/features/AgregarProductosCarrito.feature
22:24:39.953 [main] INFO  -- &amp#27;[96m

-------------------------------------------------------------------------------------
     _______. _______ .______       _______ .__   __.  __  .___________.____    ____ 
    /       ||   ____||   _  \     |   ____||  \ |  | |  | |           |\   \  /   / 
   |   (----`|  |__   |  |_)  |    |  |__   |   \|  | |  | `---|  |----` \   \/   /  
    \   \    |   __|  |      /     |   __|  |  . `  | |  |     |  |       \_    _/   
.----)   |   |  |____ |  |\  \----.|  |____ |  |\   | |  |     |  |         |  |     
|_______/    |_______|| _| `._____||_______||__| \__| |__|     |__|         |__|    
                                                                                     
 News and tutorials at http://www.serenity-bdd.info                                  
 Documentation at https://wakaleo.gitbooks.io/the-serenity-book/content/             
 Join the Serenity Community on Gitter: https://gitter.im/serenity-bdd/serenity-core 
 Serenity BDD Support and Training at http://serenity-bdd.info/#/trainingandsupport  
-------------------------------------------------------------------------------------
&amp#27;[0m
22:24:39.958 [main] DEBUG net.thucydides.core.steps.StepEventBus -- Test suite started for story net.thucydides.model.domain.Story@2f237240
22:24:39.961 [main] INFO  -- Test Suite Started: Test agregar productos al carrito de compra en el portal
22:24:39.999 [main] DEBUG io.cucumber.core.plugin.SerenityReporter -- Running feature from file:///C:/Users/USUARIO/OneDrive/Documentos/02%20Automatización/03%20Pragma/pragma/pragma/src/test/resources/features/AgregarProductosCarrito.feature
22:24:40.004 [main] DEBUG net.thucydides.core.steps.StepEventBus -- Test suite started for story net.thucydides.model.domain.Story@2f237240
22:24:40.005 [main] INFO  -- Test Suite Started: Test agregar productos al carrito de compra en el portal
22:24:40.080 [main] DEBUG io.cucumber.core.plugin.SerenityReporter -- Running feature from file:///C:/Users/USUARIO/OneDrive/Documentos/02%20Automatización/03%20Pragma/pragma/pragma/src/test/resources/features/AgregarProductosCarrito.feature
22:24:40.093 [main] INFO  -- 
  _____   ___   ___   _____     ___   _____     _     ___   _____   ___   ___  
 |_   _| | __| / __| |_   _|   / __| |_   _|   /_\   | _ \ |_   _| | __| |   \ 
   | |   | _|  \__ \   | |     \__ \   | |    / _ \  |   /   | |   | _|  | |) |
   |_|   |___| |___/   |_|     |___/   |_|   /_/ \_\ |_|_\   |_|   |___| |___/ 

Agregar un producto al carrito de compra(test-agregar-productos-al-carrito-de-compra-en-el-portal;agregar-un-producto-al-carrito-de-compra)
--------------------------------------------------------------------------------
22:24:40.461 [main] DEBUG net.thucydides.core.steps.StepInterceptor -- STARTING STEP: StepInterceptor.testContext - ingresarAlPortal
22:24:40.486 [main] WARN net.serenitybdd.model.buildinfo.PropertyBasedDriverCapabilityRecord -- Failed to store browser configuration for {moz:debuggerAddress=true, acceptInsecureCerts=true, browserName=firefox, moz:firefoxOptions={args=[], log={level=error}}}
22:24:40.891 [main] DEBUG io.netty.util.internal.logging.InternalLoggerFactory -- Using SLF4J as the default logging framework
22:24:40.892 [main] DEBUG io.netty.util.ResourceLeakDetector -- -Dio.netty.leakDetection.level: simple
22:24:40.892 [main] DEBUG io.netty.util.ResourceLeakDetector -- -Dio.netty.leakDetection.targetRecords: 4
22:24:40.895 [main] DEBUG io.netty.util.ResourceLeakDetectorFactory -- Loaded default ResourceLeakDetector: io.netty.util.ResourceLeakDetector@7c96c85
22:24:40.902 [main] DEBUG io.netty.util.internal.PlatformDependent0 -- -Dio.netty.noUnsafe: false
22:24:40.902 [main] DEBUG io.netty.util.internal.PlatformDependent0 -- Java version: 22
22:24:40.903 [main] DEBUG io.netty.util.internal.PlatformDependent0 -- sun.misc.Unsafe.theUnsafe: available
22:24:40.903 [main] DEBUG io.netty.util.internal.PlatformDependent0 -- sun.misc.Unsafe.copyMemory: available
22:24:40.903 [main] DEBUG io.netty.util.internal.PlatformDependent0 -- sun.misc.Unsafe.storeFence: available
22:24:40.904 [main] DEBUG io.netty.util.internal.PlatformDependent0 -- java.nio.Buffer.address: available
22:24:40.904 [main] DEBUG io.netty.util.internal.PlatformDependent0 -- direct buffer constructor: unavailable: Reflective setAccessible(true) disabled
22:24:40.905 [main] DEBUG io.netty.util.internal.PlatformDependent0 -- java.nio.Bits.unaligned: available, true
22:24:40.905 [main] DEBUG io.netty.util.internal.PlatformDependent0 -- jdk.internal.misc.Unsafe.allocateUninitializedArray(int): unavailable: class io.netty.util.internal.PlatformDependent0$7 cannot access class jdk.internal.misc.Unsafe (in module java.base) because module java.base does not export jdk.internal.misc to unnamed module @55b0dcab
22:24:40.906 [main] DEBUG io.netty.util.internal.PlatformDependent0 -- java.nio.DirectByteBuffer.<init>(long, {int,long}): unavailable
22:24:40.906 [main] DEBUG io.netty.util.internal.PlatformDependent -- sun.misc.Unsafe: available
22:24:40.906 [main] DEBUG io.netty.util.internal.PlatformDependent -- maxDirectMemory: 4198498304 bytes (maybe)
22:24:40.906 [main] DEBUG io.netty.util.internal.PlatformDependent -- -Dio.netty.tmpdir: C:\Users\USUARIO\AppData\Local\Temp (java.io.tmpdir)
22:24:40.906 [main] DEBUG io.netty.util.internal.PlatformDependent -- -Dio.netty.bitMode: 64 (sun.arch.data.model)
22:24:40.907 [main] DEBUG io.netty.util.internal.PlatformDependent -- Platform: Windows
22:24:40.907 [main] DEBUG io.netty.util.internal.PlatformDependent -- -Dio.netty.maxDirectMemory: -1 bytes
22:24:40.907 [main] DEBUG io.netty.util.internal.PlatformDependent -- -Dio.netty.uninitializedArrayAllocationThreshold: -1
22:24:40.907 [main] DEBUG io.netty.util.internal.CleanerJava9 -- java.nio.ByteBuffer.cleaner(): available
22:24:40.907 [main] DEBUG io.netty.util.internal.PlatformDependent -- -Dio.netty.noPreferDirect: false
22:24:40.911 [main] DEBUG io.netty.util.internal.PlatformDependent -- org.jctools-core.MpscChunkedArrayQueue: available
22:24:40.920 [main] DEBUG io.netty.util.internal.InternalThreadLocalMap -- -Dio.netty.threadLocalMap.stringBuilder.initialSize: 1024
22:24:40.920 [main] DEBUG io.netty.util.internal.InternalThreadLocalMap -- -Dio.netty.threadLocalMap.stringBuilder.maxSize: 4096
22:24:41.025 [main] DEBUG io.netty.handler.ssl.JdkSslContext -- Default protocols (JDK): [TLSv1.3, TLSv1.2] 
22:24:41.025 [main] DEBUG io.netty.handler.ssl.JdkSslContext -- Default cipher suites (JDK): [TLS_ECDHE_ECDSA_WITH_AES_256_GCM_SHA384, TLS_ECDHE_ECDSA_WITH_AES_128_GCM_SHA256, TLS_ECDHE_RSA_WITH_AES_128_GCM_SHA256, TLS_ECDHE_RSA_WITH_AES_256_GCM_SHA384, TLS_ECDHE_RSA_WITH_AES_128_CBC_SHA, TLS_ECDHE_RSA_WITH_AES_256_CBC_SHA, TLS_RSA_WITH_AES_128_GCM_SHA256, TLS_RSA_WITH_AES_128_CBC_SHA, TLS_RSA_WITH_AES_256_CBC_SHA, TLS_AES_128_GCM_SHA256, TLS_AES_256_GCM_SHA384]
22:24:41.031 [main] DEBUG io.netty.util.concurrent.GlobalEventExecutor -- -Dio.netty.globalEventExecutor.quietPeriodSeconds: 1
22:24:41.037 [main] DEBUG io.netty.channel.MultithreadEventLoopGroup -- -Dio.netty.eventLoopThreads: 40
22:24:41.041 [main] DEBUG io.netty.channel.nio.NioEventLoop -- -Dio.netty.noKeySetOptimization: false
22:24:41.042 [main] DEBUG io.netty.channel.nio.NioEventLoop -- -Dio.netty.selectorAutoRebuildThreshold: 512
22:24:41.078 [main] DEBUG io.netty.buffer.PooledByteBufAllocator -- -Dio.netty.allocator.numHeapArenas: 40
22:24:41.079 [main] DEBUG io.netty.buffer.PooledByteBufAllocator -- -Dio.netty.allocator.numDirectArenas: 40
22:24:41.079 [main] DEBUG io.netty.buffer.PooledByteBufAllocator -- -Dio.netty.allocator.pageSize: 8192
22:24:41.079 [main] DEBUG io.netty.buffer.PooledByteBufAllocator -- -Dio.netty.allocator.maxOrder: 9
22:24:41.079 [main] DEBUG io.netty.buffer.PooledByteBufAllocator -- -Dio.netty.allocator.chunkSize: 4194304
22:24:41.079 [main] DEBUG io.netty.buffer.PooledByteBufAllocator -- -Dio.netty.allocator.smallCacheSize: 256
22:24:41.079 [main] DEBUG io.netty.buffer.PooledByteBufAllocator -- -Dio.netty.allocator.normalCacheSize: 64
22:24:41.079 [main] DEBUG io.netty.buffer.PooledByteBufAllocator -- -Dio.netty.allocator.maxCachedBufferCapacity: 32768
22:24:41.079 [main] DEBUG io.netty.buffer.PooledByteBufAllocator -- -Dio.netty.allocator.cacheTrimInterval: 8192
22:24:41.079 [main] DEBUG io.netty.buffer.PooledByteBufAllocator -- -Dio.netty.allocator.cacheTrimIntervalMillis: 0
22:24:41.079 [main] DEBUG io.netty.buffer.PooledByteBufAllocator -- -Dio.netty.allocator.useCacheForAllThreads: false
22:24:41.079 [main] DEBUG io.netty.buffer.PooledByteBufAllocator -- -Dio.netty.allocator.maxCachedByteBuffersPerChunk: 1023
22:24:41.086 [main] DEBUG io.netty.buffer.ByteBufUtil -- -Dio.netty.allocator.type: pooled
22:24:41.086 [main] DEBUG io.netty.buffer.ByteBufUtil -- -Dio.netty.threadLocalDirectBufferSize: 0
22:24:41.086 [main] DEBUG io.netty.buffer.ByteBufUtil -- -Dio.netty.maxThreadLocalCharBufferSize: 16384
22:24:41.238 [Forwarding newSession on session null to remote] DEBUG io.netty.channel.DefaultChannelId -- -Dio.netty.processId: 13696 (auto-detected)
22:24:41.239 [Forwarding newSession on session null to remote] DEBUG io.netty.util.NetUtil -- -Djava.net.preferIPv4Stack: false
22:24:41.239 [Forwarding newSession on session null to remote] DEBUG io.netty.util.NetUtil -- -Djava.net.preferIPv6Addresses: false
22:24:41.241 [Forwarding newSession on session null to remote] DEBUG io.netty.util.NetUtilInitializations -- Loopback interface: loopback_0 (Software Loopback Interface 1, 0:0:0:0:0:0:0:1)
22:24:41.241 [Forwarding newSession on session null to remote] DEBUG io.netty.util.NetUtil -- Failed to get SOMAXCONN from sysctl and file \proc\sys\net\core\somaxconn. Default: 200
22:24:41.242 [Forwarding newSession on session null to remote] DEBUG io.netty.channel.DefaultChannelId -- -Dio.netty.machineId: f8:54:f6:ff:fe:94:ff:b2 (auto-detected)
22:24:41.264 [AsyncHttpClient-1-2] DEBUG io.netty.buffer.AbstractByteBuf -- -Dio.netty.buffer.checkAccessible: true
22:24:41.264 [AsyncHttpClient-1-2] DEBUG io.netty.buffer.AbstractByteBuf -- -Dio.netty.buffer.checkBounds: true
22:24:41.264 [AsyncHttpClient-1-2] DEBUG io.netty.util.ResourceLeakDetectorFactory -- Loaded default ResourceLeakDetector: io.netty.util.ResourceLeakDetector@7ed16ee3
22:24:41.272 [AsyncHttpClient-1-2] DEBUG org.asynchttpclient.netty.channel.NettyConnectListener -- Using new Channel '[id: 0x59caad82, L:/127.0.0.1:63152 - R:localhost/127.0.0.1:34477]' for 'POST' to '/session'
22:24:41.281 [AsyncHttpClient-1-2] DEBUG io.netty.util.Recycler -- -Dio.netty.recycler.maxCapacityPerThread: 4096
22:24:41.282 [AsyncHttpClient-1-2] DEBUG io.netty.util.Recycler -- -Dio.netty.recycler.ratio: 8
22:24:41.282 [AsyncHttpClient-1-2] DEBUG io.netty.util.Recycler -- -Dio.netty.recycler.chunkSize: 32
22:24:41.282 [AsyncHttpClient-1-2] DEBUG io.netty.util.Recycler -- -Dio.netty.recycler.blocking: false
22:24:41.282 [AsyncHttpClient-1-2] DEBUG io.netty.util.Recycler -- -Dio.netty.recycler.batchFastThreadLocalOnly: true
22:24:42.639 [AsyncHttpClient-1-2] DEBUG io.netty.handler.codec.compression.Brotli -- brotli4j not in the classpath; Brotli support will be unavailable.
22:24:42.639 [AsyncHttpClient-1-2] DEBUG org.asynchttpclient.netty.handler.HttpHandler -- 

Request DefaultHttpRequest(decodeResult: success, version: HTTP/1.1)
POST /session HTTP/1.1
User-Agent: selenium/4.12.0 (java windows)
Content-Length: 383
Content-Type: application/json; charset=utf-8
host: localhost:34477
accept: */*

Response DefaultHttpResponse(decodeResult: success, version: HTTP/1.1)
HTTP/1.1 200 OK
content-type: application/json; charset=utf-8
cache-control: no-cache
content-length: 843
date: Sun, 28 Apr 2024 03:24:41 GMT

22:24:42.643 [AsyncHttpClient-1-2] DEBUG org.asynchttpclient.netty.channel.ChannelManager -- Adding key: http://localhost:34477 for channel [id: 0x59caad82, L:/127.0.0.1:63152 - R:localhost/127.0.0.1:34477]
22:24:42.676 [AsyncHttpClient-1-3] DEBUG org.asynchttpclient.netty.channel.NettyConnectListener -- Using new Channel '[id: 0xfb647fd7, L:/127.0.0.1:63225 - R:/127.0.0.1:35853]' for 'GET' to '/json/version'
22:24:42.679 [AsyncHttpClient-1-3] DEBUG org.asynchttpclient.netty.handler.HttpHandler -- 

Request DefaultFullHttpRequest(decodeResult: success, version: HTTP/1.1, content: EmptyByteBufBE)
GET /json/version HTTP/1.1
User-Agent: selenium/4.12.0 (java windows)
host: 127.0.0.1:35853
accept: */*

Response DefaultHttpResponse(decodeResult: success, version: HTTP/1.1)
HTTP/1.1 200 OK
content-type: application/json
content-security-policy: frame-ancestors 'none'
connection: close
server: httpd.js
date: Sun, 28 Apr 2024 03:24:42 GMT

22:24:42.681 [AsyncHttpClient-1-3] DEBUG org.asynchttpclient.netty.channel.ChannelManager -- Closing Channel [id: 0xfb647fd7, L:/127.0.0.1:63225 ! R:/127.0.0.1:35853] 
22:24:42.681 [AsyncHttpClient-1-3] DEBUG org.asynchttpclient.netty.handler.HttpHandler -- Channel Closed: [id: 0xfb647fd7, L:/127.0.0.1:63225 ! R:/127.0.0.1:35853] with attribute DISCARD
22:24:42.687 [Forwarding setTimeout on session 95c71151-6fbe-4261-b38e-54c0073864b2 to remote] DEBUG org.asynchttpclient.netty.request.NettyRequestSender -- Using pooled Channel '[id: 0x59caad82, L:/127.0.0.1:63152 - R:localhost/127.0.0.1:34477]' for 'POST' to 'http://localhost:34477/session/95c71151-6fbe-4261-b38e-54c0073864b2/timeouts'
22:24:42.687 [Forwarding setTimeout on session 95c71151-6fbe-4261-b38e-54c0073864b2 to remote] DEBUG org.asynchttpclient.netty.request.NettyRequestSender -- Using open Channel [id: 0x59caad82, L:/127.0.0.1:63152 - R:localhost/127.0.0.1:34477] for POST '/session/95c71151-6fbe-4261-b38e-54c0073864b2/timeouts'
22:24:42.696 [AsyncHttpClient-1-2] DEBUG org.asynchttpclient.netty.handler.HttpHandler -- 

Request DefaultHttpRequest(decodeResult: success, version: HTTP/1.1)
POST /session/95c71151-6fbe-4261-b38e-54c0073864b2/timeouts HTTP/1.1
User-Agent: selenium/4.12.0 (java windows)
Content-Length: 22
Content-Type: application/json; charset=utf-8
host: localhost:34477
accept: */*

Response DefaultHttpResponse(decodeResult: success, version: HTTP/1.1)
HTTP/1.1 200 OK
content-type: application/json; charset=utf-8
cache-control: no-cache
content-length: 14
date: Sun, 28 Apr 2024 03:24:42 GMT

22:24:42.696 [AsyncHttpClient-1-2] DEBUG org.asynchttpclient.netty.channel.ChannelManager -- Adding key: http://localhost:34477 for channel [id: 0x59caad82, L:/127.0.0.1:63152 - R:localhost/127.0.0.1:34477]
22:24:42.700 [Forwarding maximizeCurrentWindow on session 95c71151-6fbe-4261-b38e-54c0073864b2 to remote] DEBUG org.asynchttpclient.netty.request.NettyRequestSender -- Using pooled Channel '[id: 0x59caad82, L:/127.0.0.1:63152 - R:localhost/127.0.0.1:34477]' for 'POST' to 'http://localhost:34477/session/95c71151-6fbe-4261-b38e-54c0073864b2/window/maximize'
22:24:42.701 [Forwarding maximizeCurrentWindow on session 95c71151-6fbe-4261-b38e-54c0073864b2 to remote] DEBUG org.asynchttpclient.netty.request.NettyRequestSender -- Using open Channel [id: 0x59caad82, L:/127.0.0.1:63152 - R:localhost/127.0.0.1:34477] for POST '/session/95c71151-6fbe-4261-b38e-54c0073864b2/window/maximize'
22:24:42.967 [AsyncHttpClient-1-2] DEBUG org.asynchttpclient.netty.handler.HttpHandler -- 

Request DefaultHttpRequest(decodeResult: success, version: HTTP/1.1)
POST /session/95c71151-6fbe-4261-b38e-54c0073864b2/window/maximize HTTP/1.1
User-Agent: selenium/4.12.0 (java windows)
Content-Length: 3
Content-Type: application/json; charset=utf-8
host: localhost:34477
accept: */*

Response DefaultHttpResponse(decodeResult: success, version: HTTP/1.1)
HTTP/1.1 200 OK
content-type: application/json; charset=utf-8
cache-control: no-cache
content-length: 51
date: Sun, 28 Apr 2024 03:24:42 GMT

22:24:42.968 [AsyncHttpClient-1-2] DEBUG org.asynchttpclient.netty.channel.ChannelManager -- Adding key: http://localhost:34477 for channel [id: 0x59caad82, L:/127.0.0.1:63152 - R:localhost/127.0.0.1:34477]
22:24:43.010 [Forwarding get on session 95c71151-6fbe-4261-b38e-54c0073864b2 to remote] DEBUG org.asynchttpclient.netty.request.NettyRequestSender -- Using pooled Channel '[id: 0x59caad82, L:/127.0.0.1:63152 - R:localhost/127.0.0.1:34477]' for 'POST' to 'http://localhost:34477/session/95c71151-6fbe-4261-b38e-54c0073864b2/url'
22:24:43.010 [Forwarding get on session 95c71151-6fbe-4261-b38e-54c0073864b2 to remote] DEBUG org.asynchttpclient.netty.request.NettyRequestSender -- Using open Channel [id: 0x59caad82, L:/127.0.0.1:63152 - R:localhost/127.0.0.1:34477] for POST '/session/95c71151-6fbe-4261-b38e-54c0073864b2/url'
22:24:44.037 [AsyncHttpClient-1-2] DEBUG org.asynchttpclient.netty.handler.HttpHandler -- 

Request DefaultHttpRequest(decodeResult: success, version: HTTP/1.1)
POST /session/95c71151-6fbe-4261-b38e-54c0073864b2/url HTTP/1.1
User-Agent: selenium/4.12.0 (java windows)
Content-Length: 56
Content-Type: application/json; charset=utf-8
host: localhost:34477
accept: */*

Response DefaultHttpResponse(decodeResult: success, version: HTTP/1.1)
HTTP/1.1 200 OK
content-type: application/json; charset=utf-8
cache-control: no-cache
content-length: 14
date: Sun, 28 Apr 2024 03:24:42 GMT

22:24:44.037 [AsyncHttpClient-1-2] DEBUG org.asynchttpclient.netty.channel.ChannelManager -- Adding key: http://localhost:34477 for channel [id: 0x59caad82, L:/127.0.0.1:63152 - R:localhost/127.0.0.1:34477]
22:24:44.039 [Forwarding setTimeout on session 95c71151-6fbe-4261-b38e-54c0073864b2 to remote] DEBUG org.asynchttpclient.netty.request.NettyRequestSender -- Using pooled Channel '[id: 0x59caad82, L:/127.0.0.1:63152 - R:localhost/127.0.0.1:34477]' for 'POST' to 'http://localhost:34477/session/95c71151-6fbe-4261-b38e-54c0073864b2/timeouts'
22:24:44.039 [Forwarding setTimeout on session 95c71151-6fbe-4261-b38e-54c0073864b2 to remote] DEBUG org.asynchttpclient.netty.request.NettyRequestSender -- Using open Channel [id: 0x59caad82, L:/127.0.0.1:63152 - R:localhost/127.0.0.1:34477] for POST '/session/95c71151-6fbe-4261-b38e-54c0073864b2/timeouts'
22:24:44.040 [AsyncHttpClient-1-2] DEBUG org.asynchttpclient.netty.handler.HttpHandler -- 

Request DefaultHttpRequest(decodeResult: success, version: HTTP/1.1)
POST /session/95c71151-6fbe-4261-b38e-54c0073864b2/timeouts HTTP/1.1
User-Agent: selenium/4.12.0 (java windows)
Content-Length: 22
Content-Type: application/json; charset=utf-8
host: localhost:34477
accept: */*

Response DefaultHttpResponse(decodeResult: success, version: HTTP/1.1)
HTTP/1.1 200 OK
content-type: application/json; charset=utf-8
cache-control: no-cache
content-length: 14
date: Sun, 28 Apr 2024 03:24:44 GMT

22:24:44.040 [AsyncHttpClient-1-2] DEBUG org.asynchttpclient.netty.channel.ChannelManager -- Adding key: http://localhost:34477 for channel [id: 0x59caad82, L:/127.0.0.1:63152 - R:localhost/127.0.0.1:34477]
22:24:44.056 [main] DEBUG net.serenitybdd.core.photography.Darkroom -- Opening darkroom
22:24:44.057 [Darkroom Processing Line] DEBUG net.serenitybdd.core.photography.DarkroomProcessingLine -- Darkroom processing line starting up
22:24:44.065 [Forwarding getAlertText on session 95c71151-6fbe-4261-b38e-54c0073864b2 to remote] DEBUG org.asynchttpclient.netty.request.NettyRequestSender -- Using pooled Channel '[id: 0x59caad82, L:/127.0.0.1:63152 - R:localhost/127.0.0.1:34477]' for 'GET' to 'http://localhost:34477/session/95c71151-6fbe-4261-b38e-54c0073864b2/alert/text'
22:24:44.065 [Forwarding getAlertText on session 95c71151-6fbe-4261-b38e-54c0073864b2 to remote] DEBUG org.asynchttpclient.netty.request.NettyRequestSender -- Using open Channel [id: 0x59caad82, L:/127.0.0.1:63152 - R:localhost/127.0.0.1:34477] for GET '/session/95c71151-6fbe-4261-b38e-54c0073864b2/alert/text'
22:24:44.067 [AsyncHttpClient-1-2] DEBUG org.asynchttpclient.netty.handler.HttpHandler -- 

Request DefaultFullHttpRequest(decodeResult: success, version: HTTP/1.1, content: EmptyByteBufBE)
GET /session/95c71151-6fbe-4261-b38e-54c0073864b2/alert/text HTTP/1.1
Cache-Control: no-cache
User-Agent: selenium/4.12.0 (java windows)
Content-Type: application/json; charset=utf-8
host: localhost:34477
accept: */*

Response DefaultHttpResponse(decodeResult: success, version: HTTP/1.1)
HTTP/1.1 404 Not Found
content-type: application/json; charset=utf-8
cache-control: no-cache
content-length: 842
date: Sun, 28 Apr 2024 03:24:44 GMT

22:24:44.067 [AsyncHttpClient-1-2] DEBUG org.asynchttpclient.netty.channel.ChannelManager -- Adding key: http://localhost:34477 for channel [id: 0x59caad82, L:/127.0.0.1:63152 - R:localhost/127.0.0.1:34477]
22:24:44.071 [Forwarding getCurrentUrl on session 95c71151-6fbe-4261-b38e-54c0073864b2 to remote] DEBUG org.asynchttpclient.netty.request.NettyRequestSender -- Using pooled Channel '[id: 0x59caad82, L:/127.0.0.1:63152 - R:localhost/127.0.0.1:34477]' for 'GET' to 'http://localhost:34477/session/95c71151-6fbe-4261-b38e-54c0073864b2/url'
22:24:44.071 [Forwarding getCurrentUrl on session 95c71151-6fbe-4261-b38e-54c0073864b2 to remote] DEBUG org.asynchttpclient.netty.request.NettyRequestSender -- Using open Channel [id: 0x59caad82, L:/127.0.0.1:63152 - R:localhost/127.0.0.1:34477] for GET '/session/95c71151-6fbe-4261-b38e-54c0073864b2/url'
22:24:44.073 [AsyncHttpClient-1-2] DEBUG org.asynchttpclient.netty.handler.HttpHandler -- 

Request DefaultFullHttpRequest(decodeResult: success, version: HTTP/1.1, content: EmptyByteBufBE)
GET /session/95c71151-6fbe-4261-b38e-54c0073864b2/url HTTP/1.1
Cache-Control: no-cache
User-Agent: selenium/4.12.0 (java windows)
Content-Type: application/json; charset=utf-8
host: localhost:34477
accept: */*

Response DefaultHttpResponse(decodeResult: success, version: HTTP/1.1)
HTTP/1.1 200 OK
content-type: application/json; charset=utf-8
cache-control: no-cache
content-length: 38
date: Sun, 28 Apr 2024 03:24:44 GMT

22:24:44.073 [AsyncHttpClient-1-2] DEBUG org.asynchttpclient.netty.channel.ChannelManager -- Adding key: http://localhost:34477 for channel [id: 0x59caad82, L:/127.0.0.1:63152 - R:localhost/127.0.0.1:34477]
22:24:44.075 [Forwarding screenshot on session 95c71151-6fbe-4261-b38e-54c0073864b2 to remote] DEBUG org.asynchttpclient.netty.request.NettyRequestSender -- Using pooled Channel '[id: 0x59caad82, L:/127.0.0.1:63152 - R:localhost/127.0.0.1:34477]' for 'GET' to 'http://localhost:34477/session/95c71151-6fbe-4261-b38e-54c0073864b2/screenshot'
22:24:44.075 [Forwarding screenshot on session 95c71151-6fbe-4261-b38e-54c0073864b2 to remote] DEBUG org.asynchttpclient.netty.request.NettyRequestSender -- Using open Channel [id: 0x59caad82, L:/127.0.0.1:63152 - R:localhost/127.0.0.1:34477] for GET '/session/95c71151-6fbe-4261-b38e-54c0073864b2/screenshot'
22:24:44.174 [AsyncHttpClient-1-2] DEBUG org.asynchttpclient.netty.handler.HttpHandler -- 

Request DefaultFullHttpRequest(decodeResult: success, version: HTTP/1.1, content: EmptyByteBufBE)
GET /session/95c71151-6fbe-4261-b38e-54c0073864b2/screenshot HTTP/1.1
Cache-Control: no-cache
User-Agent: selenium/4.12.0 (java windows)
Content-Type: application/json; charset=utf-8
host: localhost:34477
accept: */*

Response DefaultHttpResponse(decodeResult: success, version: HTTP/1.1)
HTTP/1.1 200 OK
content-type: application/json; charset=utf-8
cache-control: no-cache
content-length: 504948
date: Sun, 28 Apr 2024 03:24:44 GMT

22:24:44.180 [AsyncHttpClient-1-2] DEBUG org.asynchttpclient.netty.channel.ChannelManager -- Adding key: http://localhost:34477 for channel [id: 0x59caad82, L:/127.0.0.1:63152 - R:localhost/127.0.0.1:34477]
22:24:44.267 [main] DEBUG net.serenitybdd.core.photography.Darkroom -- Send negative for processing for C:\Users\USUARIO\OneDrive\Documentos\02 Automatización\03 Pragma\pragma\pragma\target\site\serenity\4ee8a2605a1cdda36c2b7788194c259ded3d98d35a623d38fa3b86f65a89fac1.png
22:24:44.268 [Darkroom Processing Line] DEBUG net.serenitybdd.core.photography.DarkroomProcessingLine -- Processing screenshot image in /var/screenshots/screenshot-18433496334297580616
22:24:44.269 [Darkroom Processing Line] DEBUG net.serenitybdd.core.photography.DarkroomProcessingLine -- Saving screenshot to C:\Users\USUARIO\OneDrive\Documentos\02 Automatización\03 Pragma\pragma\pragma\target\site\serenity\4ee8a2605a1cdda36c2b7788194c259ded3d98d35a623d38fa3b86f65a89fac1.png
22:24:44.315 [AsyncHttpClient-1-1] DEBUG org.asynchttpclient.netty.channel.DefaultChannelPool -- Entry count for : http://localhost:34477 : 1
22:24:45.284 [main] DEBUG net.thucydides.core.steps.StepInterceptor -- STEP DONE: ingresarAlPortal
22:24:45.291 [Forwarding getAlertText on session 95c71151-6fbe-4261-b38e-54c0073864b2 to remote] DEBUG org.asynchttpclient.netty.request.NettyRequestSender -- Using pooled Channel '[id: 0x59caad82, L:/127.0.0.1:63152 - R:localhost/127.0.0.1:34477]' for 'GET' to 'http://localhost:34477/session/95c71151-6fbe-4261-b38e-54c0073864b2/alert/text'
22:24:45.291 [Forwarding getAlertText on session 95c71151-6fbe-4261-b38e-54c0073864b2 to remote] DEBUG org.asynchttpclient.netty.request.NettyRequestSender -- Using open Channel [id: 0x59caad82, L:/127.0.0.1:63152 - R:localhost/127.0.0.1:34477] for GET '/session/95c71151-6fbe-4261-b38e-54c0073864b2/alert/text'
22:24:45.293 [AsyncHttpClient-1-2] DEBUG org.asynchttpclient.netty.handler.HttpHandler -- 

Request DefaultFullHttpRequest(decodeResult: success, version: HTTP/1.1, content: EmptyByteBufBE)
GET /session/95c71151-6fbe-4261-b38e-54c0073864b2/alert/text HTTP/1.1
Cache-Control: no-cache
User-Agent: selenium/4.12.0 (java windows)
Content-Type: application/json; charset=utf-8
host: localhost:34477
accept: */*

Response DefaultHttpResponse(decodeResult: success, version: HTTP/1.1)
HTTP/1.1 404 Not Found
content-type: application/json; charset=utf-8
cache-control: no-cache
content-length: 842
date: Sun, 28 Apr 2024 03:24:45 GMT

22:24:45.293 [AsyncHttpClient-1-2] DEBUG org.asynchttpclient.netty.channel.ChannelManager -- Adding key: http://localhost:34477 for channel [id: 0x59caad82, L:/127.0.0.1:63152 - R:localhost/127.0.0.1:34477]
22:24:45.295 [Forwarding getCurrentUrl on session 95c71151-6fbe-4261-b38e-54c0073864b2 to remote] DEBUG org.asynchttpclient.netty.request.NettyRequestSender -- Using pooled Channel '[id: 0x59caad82, L:/127.0.0.1:63152 - R:localhost/127.0.0.1:34477]' for 'GET' to 'http://localhost:34477/session/95c71151-6fbe-4261-b38e-54c0073864b2/url'
22:24:45.295 [Forwarding getCurrentUrl on session 95c71151-6fbe-4261-b38e-54c0073864b2 to remote] DEBUG org.asynchttpclient.netty.request.NettyRequestSender -- Using open Channel [id: 0x59caad82, L:/127.0.0.1:63152 - R:localhost/127.0.0.1:34477] for GET '/session/95c71151-6fbe-4261-b38e-54c0073864b2/url'
22:24:45.297 [AsyncHttpClient-1-2] DEBUG org.asynchttpclient.netty.handler.HttpHandler -- 

Request DefaultFullHttpRequest(decodeResult: success, version: HTTP/1.1, content: EmptyByteBufBE)
GET /session/95c71151-6fbe-4261-b38e-54c0073864b2/url HTTP/1.1
Cache-Control: no-cache
User-Agent: selenium/4.12.0 (java windows)
Content-Type: application/json; charset=utf-8
host: localhost:34477
accept: */*

Response DefaultHttpResponse(decodeResult: success, version: HTTP/1.1)
HTTP/1.1 200 OK
content-type: application/json; charset=utf-8
cache-control: no-cache
content-length: 38
date: Sun, 28 Apr 2024 03:24:45 GMT

22:24:45.297 [AsyncHttpClient-1-2] DEBUG org.asynchttpclient.netty.channel.ChannelManager -- Adding key: http://localhost:34477 for channel [id: 0x59caad82, L:/127.0.0.1:63152 - R:localhost/127.0.0.1:34477]
22:24:45.299 [Forwarding screenshot on session 95c71151-6fbe-4261-b38e-54c0073864b2 to remote] DEBUG org.asynchttpclient.netty.request.NettyRequestSender -- Using pooled Channel '[id: 0x59caad82, L:/127.0.0.1:63152 - R:localhost/127.0.0.1:34477]' for 'GET' to 'http://localhost:34477/session/95c71151-6fbe-4261-b38e-54c0073864b2/screenshot'
22:24:45.299 [Forwarding screenshot on session 95c71151-6fbe-4261-b38e-54c0073864b2 to remote] DEBUG org.asynchttpclient.netty.request.NettyRequestSender -- Using open Channel [id: 0x59caad82, L:/127.0.0.1:63152 - R:localhost/127.0.0.1:34477] for GET '/session/95c71151-6fbe-4261-b38e-54c0073864b2/screenshot'
22:24:45.372 [AsyncHttpClient-1-2] DEBUG org.asynchttpclient.netty.handler.HttpHandler -- 

Request DefaultFullHttpRequest(decodeResult: success, version: HTTP/1.1, content: EmptyByteBufBE)
GET /session/95c71151-6fbe-4261-b38e-54c0073864b2/screenshot HTTP/1.1
Cache-Control: no-cache
User-Agent: selenium/4.12.0 (java windows)
Content-Type: application/json; charset=utf-8
host: localhost:34477
accept: */*

Response DefaultHttpResponse(decodeResult: success, version: HTTP/1.1)
HTTP/1.1 200 OK
content-type: application/json; charset=utf-8
cache-control: no-cache
content-length: 800340
date: Sun, 28 Apr 2024 03:24:45 GMT

22:24:45.374 [AsyncHttpClient-1-2] DEBUG org.asynchttpclient.netty.channel.ChannelManager -- Adding key: http://localhost:34477 for channel [id: 0x59caad82, L:/127.0.0.1:63152 - R:localhost/127.0.0.1:34477]
22:24:45.389 [main] DEBUG net.serenitybdd.core.photography.Darkroom -- Send negative for processing for C:\Users\USUARIO\OneDrive\Documentos\02 Automatización\03 Pragma\pragma\pragma\target\site\serenity\c6d2d59253a3c52d8b8db4ad723f6da73641757028d146bd6c52f7f99c9aebe9.png
22:24:45.393 [Darkroom Processing Line] DEBUG net.serenitybdd.core.photography.DarkroomProcessingLine -- Processing screenshot image in /var/screenshots/screenshot-851047809365634932
22:24:45.393 [Darkroom Processing Line] DEBUG net.serenitybdd.core.photography.DarkroomProcessingLine -- Saving screenshot to C:\Users\USUARIO\OneDrive\Documentos\02 Automatización\03 Pragma\pragma\pragma\target\site\serenity\c6d2d59253a3c52d8b8db4ad723f6da73641757028d146bd6c52f7f99c9aebe9.png
22:24:45.414 [AsyncHttpClient-1-1] DEBUG org.asynchttpclient.netty.channel.DefaultChannelPool -- Entry count for : http://localhost:34477 : 1
22:24:46.501 [main] DEBUG net.thucydides.core.steps.StepInterceptor -- STARTING STEP: StepInterceptor.testContext - ingresoACategoria
22:24:46.508 [Forwarding findElement on session 95c71151-6fbe-4261-b38e-54c0073864b2 to remote] DEBUG org.asynchttpclient.netty.request.NettyRequestSender -- Using pooled Channel '[id: 0x59caad82, L:/127.0.0.1:63152 - R:localhost/127.0.0.1:34477]' for 'POST' to 'http://localhost:34477/session/95c71151-6fbe-4261-b38e-54c0073864b2/element'
22:24:46.508 [Forwarding findElement on session 95c71151-6fbe-4261-b38e-54c0073864b2 to remote] DEBUG org.asynchttpclient.netty.request.NettyRequestSender -- Using open Channel [id: 0x59caad82, L:/127.0.0.1:63152 - R:localhost/127.0.0.1:34477] for POST '/session/95c71151-6fbe-4261-b38e-54c0073864b2/element'
22:24:46.514 [AsyncHttpClient-1-2] DEBUG org.asynchttpclient.netty.handler.HttpHandler -- 

Request DefaultHttpRequest(decodeResult: success, version: HTTP/1.1)
POST /session/95c71151-6fbe-4261-b38e-54c0073864b2/element HTTP/1.1
User-Agent: selenium/4.12.0 (java windows)
Content-Length: 77
Content-Type: application/json; charset=utf-8
host: localhost:34477
accept: */*

Response DefaultHttpResponse(decodeResult: success, version: HTTP/1.1)
HTTP/1.1 200 OK
content-type: application/json; charset=utf-8
cache-control: no-cache
content-length: 88
date: Sun, 28 Apr 2024 03:24:46 GMT

22:24:46.514 [AsyncHttpClient-1-2] DEBUG org.asynchttpclient.netty.channel.ChannelManager -- Adding key: http://localhost:34477 for channel [id: 0x59caad82, L:/127.0.0.1:63152 - R:localhost/127.0.0.1:34477]
22:24:46.515 [AsyncHttpClient-1-1] DEBUG org.asynchttpclient.netty.channel.DefaultChannelPool -- Entry count for : http://localhost:34477 : 1
22:24:46.517 [Forwarding getElementTagName on session 95c71151-6fbe-4261-b38e-54c0073864b2 to remote] DEBUG org.asynchttpclient.netty.request.NettyRequestSender -- Using pooled Channel '[id: 0x59caad82, L:/127.0.0.1:63152 - R:localhost/127.0.0.1:34477]' for 'GET' to 'http://localhost:34477/session/95c71151-6fbe-4261-b38e-54c0073864b2/element/3bcf5d9f-6163-49f0-a741-da63fe9422ee/name'
22:24:46.517 [Forwarding getElementTagName on session 95c71151-6fbe-4261-b38e-54c0073864b2 to remote] DEBUG org.asynchttpclient.netty.request.NettyRequestSender -- Using open Channel [id: 0x59caad82, L:/127.0.0.1:63152 - R:localhost/127.0.0.1:34477] for GET '/session/95c71151-6fbe-4261-b38e-54c0073864b2/element/3bcf5d9f-6163-49f0-a741-da63fe9422ee/name'
22:24:46.519 [AsyncHttpClient-1-2] DEBUG org.asynchttpclient.netty.handler.HttpHandler -- 

Request DefaultFullHttpRequest(decodeResult: success, version: HTTP/1.1, content: EmptyByteBufBE)
GET /session/95c71151-6fbe-4261-b38e-54c0073864b2/element/3bcf5d9f-6163-49f0-a741-da63fe9422ee/name HTTP/1.1
Cache-Control: no-cache
User-Agent: selenium/4.12.0 (java windows)
Content-Type: application/json; charset=utf-8
host: localhost:34477
accept: */*

Response DefaultHttpResponse(decodeResult: success, version: HTTP/1.1)
HTTP/1.1 200 OK
content-type: application/json; charset=utf-8
cache-control: no-cache
content-length: 13
date: Sun, 28 Apr 2024 03:24:46 GMT

22:24:46.520 [AsyncHttpClient-1-2] DEBUG org.asynchttpclient.netty.channel.ChannelManager -- Adding key: http://localhost:34477 for channel [id: 0x59caad82, L:/127.0.0.1:63152 - R:localhost/127.0.0.1:34477]
22:24:46.521 [Forwarding getElementTagName on session 95c71151-6fbe-4261-b38e-54c0073864b2 to remote] DEBUG org.asynchttpclient.netty.request.NettyRequestSender -- Using pooled Channel '[id: 0x59caad82, L:/127.0.0.1:63152 - R:localhost/127.0.0.1:34477]' for 'GET' to 'http://localhost:34477/session/95c71151-6fbe-4261-b38e-54c0073864b2/element/3bcf5d9f-6163-49f0-a741-da63fe9422ee/name'
22:24:46.521 [Forwarding getElementTagName on session 95c71151-6fbe-4261-b38e-54c0073864b2 to remote] DEBUG org.asynchttpclient.netty.request.NettyRequestSender -- Using open Channel [id: 0x59caad82, L:/127.0.0.1:63152 - R:localhost/127.0.0.1:34477] for GET '/session/95c71151-6fbe-4261-b38e-54c0073864b2/element/3bcf5d9f-6163-49f0-a741-da63fe9422ee/name'
22:24:46.523 [AsyncHttpClient-1-2] DEBUG org.asynchttpclient.netty.handler.HttpHandler -- 

Request DefaultFullHttpRequest(decodeResult: success, version: HTTP/1.1, content: EmptyByteBufBE)
GET /session/95c71151-6fbe-4261-b38e-54c0073864b2/element/3bcf5d9f-6163-49f0-a741-da63fe9422ee/name HTTP/1.1
Cache-Control: no-cache
User-Agent: selenium/4.12.0 (java windows)
Content-Type: application/json; charset=utf-8
host: localhost:34477
accept: */*

Response DefaultHttpResponse(decodeResult: success, version: HTTP/1.1)
HTTP/1.1 200 OK
content-type: application/json; charset=utf-8
cache-control: no-cache
content-length: 13
date: Sun, 28 Apr 2024 03:24:46 GMT

22:24:46.524 [AsyncHttpClient-1-2] DEBUG org.asynchttpclient.netty.channel.ChannelManager -- Adding key: http://localhost:34477 for channel [id: 0x59caad82, L:/127.0.0.1:63152 - R:localhost/127.0.0.1:34477]
22:24:46.528 [Forwarding findElement on session 95c71151-6fbe-4261-b38e-54c0073864b2 to remote] DEBUG org.asynchttpclient.netty.request.NettyRequestSender -- Using pooled Channel '[id: 0x59caad82, L:/127.0.0.1:63152 - R:localhost/127.0.0.1:34477]' for 'POST' to 'http://localhost:34477/session/95c71151-6fbe-4261-b38e-54c0073864b2/element'
22:24:46.528 [Forwarding findElement on session 95c71151-6fbe-4261-b38e-54c0073864b2 to remote] DEBUG org.asynchttpclient.netty.request.NettyRequestSender -- Using open Channel [id: 0x59caad82, L:/127.0.0.1:63152 - R:localhost/127.0.0.1:34477] for POST '/session/95c71151-6fbe-4261-b38e-54c0073864b2/element'
22:24:46.531 [AsyncHttpClient-1-2] DEBUG org.asynchttpclient.netty.handler.HttpHandler -- 

Request DefaultHttpRequest(decodeResult: success, version: HTTP/1.1)
POST /session/95c71151-6fbe-4261-b38e-54c0073864b2/element HTTP/1.1
User-Agent: selenium/4.12.0 (java windows)
Content-Length: 77
Content-Type: application/json; charset=utf-8
host: localhost:34477
accept: */*

Response DefaultHttpResponse(decodeResult: success, version: HTTP/1.1)
HTTP/1.1 200 OK
content-type: application/json; charset=utf-8
cache-control: no-cache
content-length: 88
date: Sun, 28 Apr 2024 03:24:46 GMT

22:24:46.531 [AsyncHttpClient-1-2] DEBUG org.asynchttpclient.netty.channel.ChannelManager -- Adding key: http://localhost:34477 for channel [id: 0x59caad82, L:/127.0.0.1:63152 - R:localhost/127.0.0.1:34477]
22:24:46.532 [Forwarding clickElement on session 95c71151-6fbe-4261-b38e-54c0073864b2 to remote] DEBUG org.asynchttpclient.netty.request.NettyRequestSender -- Using pooled Channel '[id: 0x59caad82, L:/127.0.0.1:63152 - R:localhost/127.0.0.1:34477]' for 'POST' to 'http://localhost:34477/session/95c71151-6fbe-4261-b38e-54c0073864b2/element/3bcf5d9f-6163-49f0-a741-da63fe9422ee/click'
22:24:46.533 [Forwarding clickElement on session 95c71151-6fbe-4261-b38e-54c0073864b2 to remote] DEBUG org.asynchttpclient.netty.request.NettyRequestSender -- Using open Channel [id: 0x59caad82, L:/127.0.0.1:63152 - R:localhost/127.0.0.1:34477] for POST '/session/95c71151-6fbe-4261-b38e-54c0073864b2/element/3bcf5d9f-6163-49f0-a741-da63fe9422ee/click'
22:24:46.558 [AsyncHttpClient-1-2] DEBUG org.asynchttpclient.netty.handler.HttpHandler -- 

Request DefaultHttpRequest(decodeResult: success, version: HTTP/1.1)
POST /session/95c71151-6fbe-4261-b38e-54c0073864b2/element/3bcf5d9f-6163-49f0-a741-da63fe9422ee/click HTTP/1.1
User-Agent: selenium/4.12.0 (java windows)
Content-Length: 50
Content-Type: application/json; charset=utf-8
host: localhost:34477
accept: */*

Response DefaultHttpResponse(decodeResult: success, version: HTTP/1.1)
HTTP/1.1 200 OK
content-type: application/json; charset=utf-8
cache-control: no-cache
content-length: 14
date: Sun, 28 Apr 2024 03:24:46 GMT

22:24:46.559 [AsyncHttpClient-1-2] DEBUG org.asynchttpclient.netty.channel.ChannelManager -- Adding key: http://localhost:34477 for channel [id: 0x59caad82, L:/127.0.0.1:63152 - R:localhost/127.0.0.1:34477]
22:24:46.568 [Forwarding getAlertText on session 95c71151-6fbe-4261-b38e-54c0073864b2 to remote] DEBUG org.asynchttpclient.netty.request.NettyRequestSender -- Using pooled Channel '[id: 0x59caad82, L:/127.0.0.1:63152 - R:localhost/127.0.0.1:34477]' for 'GET' to 'http://localhost:34477/session/95c71151-6fbe-4261-b38e-54c0073864b2/alert/text'
22:24:46.568 [Forwarding getAlertText on session 95c71151-6fbe-4261-b38e-54c0073864b2 to remote] DEBUG org.asynchttpclient.netty.request.NettyRequestSender -- Using open Channel [id: 0x59caad82, L:/127.0.0.1:63152 - R:localhost/127.0.0.1:34477] for GET '/session/95c71151-6fbe-4261-b38e-54c0073864b2/alert/text'
22:24:46.571 [AsyncHttpClient-1-2] DEBUG org.asynchttpclient.netty.handler.HttpHandler -- 

Request DefaultFullHttpRequest(decodeResult: success, version: HTTP/1.1, content: EmptyByteBufBE)
GET /session/95c71151-6fbe-4261-b38e-54c0073864b2/alert/text HTTP/1.1
Cache-Control: no-cache
User-Agent: selenium/4.12.0 (java windows)
Content-Type: application/json; charset=utf-8
host: localhost:34477
accept: */*

Response DefaultHttpResponse(decodeResult: success, version: HTTP/1.1)
HTTP/1.1 404 Not Found
content-type: application/json; charset=utf-8
cache-control: no-cache
content-length: 842
date: Sun, 28 Apr 2024 03:24:46 GMT

22:24:46.572 [AsyncHttpClient-1-2] DEBUG org.asynchttpclient.netty.channel.ChannelManager -- Adding key: http://localhost:34477 for channel [id: 0x59caad82, L:/127.0.0.1:63152 - R:localhost/127.0.0.1:34477]
22:24:46.573 [Forwarding getCurrentUrl on session 95c71151-6fbe-4261-b38e-54c0073864b2 to remote] DEBUG org.asynchttpclient.netty.request.NettyRequestSender -- Using pooled Channel '[id: 0x59caad82, L:/127.0.0.1:63152 - R:localhost/127.0.0.1:34477]' for 'GET' to 'http://localhost:34477/session/95c71151-6fbe-4261-b38e-54c0073864b2/url'
22:24:46.573 [Forwarding getCurrentUrl on session 95c71151-6fbe-4261-b38e-54c0073864b2 to remote] DEBUG org.asynchttpclient.netty.request.NettyRequestSender -- Using open Channel [id: 0x59caad82, L:/127.0.0.1:63152 - R:localhost/127.0.0.1:34477] for GET '/session/95c71151-6fbe-4261-b38e-54c0073864b2/url'
22:24:46.575 [AsyncHttpClient-1-2] DEBUG org.asynchttpclient.netty.handler.HttpHandler -- 

Request DefaultFullHttpRequest(decodeResult: success, version: HTTP/1.1, content: EmptyByteBufBE)
GET /session/95c71151-6fbe-4261-b38e-54c0073864b2/url HTTP/1.1
Cache-Control: no-cache
User-Agent: selenium/4.12.0 (java windows)
Content-Type: application/json; charset=utf-8
host: localhost:34477
accept: */*

Response DefaultHttpResponse(decodeResult: success, version: HTTP/1.1)
HTTP/1.1 200 OK
content-type: application/json; charset=utf-8
cache-control: no-cache
content-length: 39
date: Sun, 28 Apr 2024 03:24:46 GMT

22:24:46.575 [AsyncHttpClient-1-2] DEBUG org.asynchttpclient.netty.channel.ChannelManager -- Adding key: http://localhost:34477 for channel [id: 0x59caad82, L:/127.0.0.1:63152 - R:localhost/127.0.0.1:34477]
22:24:46.576 [Forwarding screenshot on session 95c71151-6fbe-4261-b38e-54c0073864b2 to remote] DEBUG org.asynchttpclient.netty.request.NettyRequestSender -- Using pooled Channel '[id: 0x59caad82, L:/127.0.0.1:63152 - R:localhost/127.0.0.1:34477]' for 'GET' to 'http://localhost:34477/session/95c71151-6fbe-4261-b38e-54c0073864b2/screenshot'
22:24:46.576 [Forwarding screenshot on session 95c71151-6fbe-4261-b38e-54c0073864b2 to remote] DEBUG org.asynchttpclient.netty.request.NettyRequestSender -- Using open Channel [id: 0x59caad82, L:/127.0.0.1:63152 - R:localhost/127.0.0.1:34477] for GET '/session/95c71151-6fbe-4261-b38e-54c0073864b2/screenshot'
22:24:46.654 [AsyncHttpClient-1-2] DEBUG org.asynchttpclient.netty.handler.HttpHandler -- 

Request DefaultFullHttpRequest(decodeResult: success, version: HTTP/1.1, content: EmptyByteBufBE)
GET /session/95c71151-6fbe-4261-b38e-54c0073864b2/screenshot HTTP/1.1
Cache-Control: no-cache
User-Agent: selenium/4.12.0 (java windows)
Content-Type: application/json; charset=utf-8
host: localhost:34477
accept: */*

Response DefaultHttpResponse(decodeResult: success, version: HTTP/1.1)
HTTP/1.1 200 OK
content-type: application/json; charset=utf-8
cache-control: no-cache
content-length: 800340
date: Sun, 28 Apr 2024 03:24:46 GMT

22:24:46.657 [AsyncHttpClient-1-2] DEBUG org.asynchttpclient.netty.channel.ChannelManager -- Adding key: http://localhost:34477 for channel [id: 0x59caad82, L:/127.0.0.1:63152 - R:localhost/127.0.0.1:34477]
22:24:46.669 [main] DEBUG net.serenitybdd.core.photography.Darkroom -- Send negative for processing for C:\Users\USUARIO\OneDrive\Documentos\02 Automatización\03 Pragma\pragma\pragma\target\site\serenity\c6d2d59253a3c52d8b8db4ad723f6da73641757028d146bd6c52f7f99c9aebe9.png
22:24:47.613 [AsyncHttpClient-1-1] DEBUG org.asynchttpclient.netty.channel.DefaultChannelPool -- Entry count for : http://localhost:34477 : 1
22:24:47.671 [main] DEBUG net.thucydides.core.steps.StepInterceptor -- STEP DONE: ingresoACategoria
22:24:47.683 [Forwarding getAlertText on session 95c71151-6fbe-4261-b38e-54c0073864b2 to remote] DEBUG org.asynchttpclient.netty.request.NettyRequestSender -- Using pooled Channel '[id: 0x59caad82, L:/127.0.0.1:63152 - R:localhost/127.0.0.1:34477]' for 'GET' to 'http://localhost:34477/session/95c71151-6fbe-4261-b38e-54c0073864b2/alert/text'
22:24:47.684 [Forwarding getAlertText on session 95c71151-6fbe-4261-b38e-54c0073864b2 to remote] DEBUG org.asynchttpclient.netty.request.NettyRequestSender -- Using open Channel [id: 0x59caad82, L:/127.0.0.1:63152 - R:localhost/127.0.0.1:34477] for GET '/session/95c71151-6fbe-4261-b38e-54c0073864b2/alert/text'
22:24:47.687 [AsyncHttpClient-1-2] DEBUG org.asynchttpclient.netty.handler.HttpHandler -- 

Request DefaultFullHttpRequest(decodeResult: success, version: HTTP/1.1, content: EmptyByteBufBE)
GET /session/95c71151-6fbe-4261-b38e-54c0073864b2/alert/text HTTP/1.1
Cache-Control: no-cache
User-Agent: selenium/4.12.0 (java windows)
Content-Type: application/json; charset=utf-8
host: localhost:34477
accept: */*

Response DefaultHttpResponse(decodeResult: success, version: HTTP/1.1)
HTTP/1.1 404 Not Found
content-type: application/json; charset=utf-8
cache-control: no-cache
content-length: 842
date: Sun, 28 Apr 2024 03:24:47 GMT

22:24:47.687 [AsyncHttpClient-1-2] DEBUG org.asynchttpclient.netty.channel.ChannelManager -- Adding key: http://localhost:34477 for channel [id: 0x59caad82, L:/127.0.0.1:63152 - R:localhost/127.0.0.1:34477]
22:24:47.692 [Forwarding getCurrentUrl on session 95c71151-6fbe-4261-b38e-54c0073864b2 to remote] DEBUG org.asynchttpclient.netty.request.NettyRequestSender -- Using pooled Channel '[id: 0x59caad82, L:/127.0.0.1:63152 - R:localhost/127.0.0.1:34477]' for 'GET' to 'http://localhost:34477/session/95c71151-6fbe-4261-b38e-54c0073864b2/url'
22:24:47.692 [Forwarding getCurrentUrl on session 95c71151-6fbe-4261-b38e-54c0073864b2 to remote] DEBUG org.asynchttpclient.netty.request.NettyRequestSender -- Using open Channel [id: 0x59caad82, L:/127.0.0.1:63152 - R:localhost/127.0.0.1:34477] for GET '/session/95c71151-6fbe-4261-b38e-54c0073864b2/url'
22:24:47.693 [AsyncHttpClient-1-2] DEBUG org.asynchttpclient.netty.handler.HttpHandler -- 

Request DefaultFullHttpRequest(decodeResult: success, version: HTTP/1.1, content: EmptyByteBufBE)
GET /session/95c71151-6fbe-4261-b38e-54c0073864b2/url HTTP/1.1
Cache-Control: no-cache
User-Agent: selenium/4.12.0 (java windows)
Content-Type: application/json; charset=utf-8
host: localhost:34477
accept: */*

Response DefaultHttpResponse(decodeResult: success, version: HTTP/1.1)
HTTP/1.1 200 OK
content-type: application/json; charset=utf-8
cache-control: no-cache
content-length: 39
date: Sun, 28 Apr 2024 03:24:47 GMT

22:24:47.693 [AsyncHttpClient-1-2] DEBUG org.asynchttpclient.netty.channel.ChannelManager -- Adding key: http://localhost:34477 for channel [id: 0x59caad82, L:/127.0.0.1:63152 - R:localhost/127.0.0.1:34477]
22:24:47.694 [Forwarding screenshot on session 95c71151-6fbe-4261-b38e-54c0073864b2 to remote] DEBUG org.asynchttpclient.netty.request.NettyRequestSender -- Using pooled Channel '[id: 0x59caad82, L:/127.0.0.1:63152 - R:localhost/127.0.0.1:34477]' for 'GET' to 'http://localhost:34477/session/95c71151-6fbe-4261-b38e-54c0073864b2/screenshot'
22:24:47.694 [Forwarding screenshot on session 95c71151-6fbe-4261-b38e-54c0073864b2 to remote] DEBUG org.asynchttpclient.netty.request.NettyRequestSender -- Using open Channel [id: 0x59caad82, L:/127.0.0.1:63152 - R:localhost/127.0.0.1:34477] for GET '/session/95c71151-6fbe-4261-b38e-54c0073864b2/screenshot'
22:24:47.763 [AsyncHttpClient-1-2] DEBUG org.asynchttpclient.netty.handler.HttpHandler -- 

Request DefaultFullHttpRequest(decodeResult: success, version: HTTP/1.1, content: EmptyByteBufBE)
GET /session/95c71151-6fbe-4261-b38e-54c0073864b2/screenshot HTTP/1.1
Cache-Control: no-cache
User-Agent: selenium/4.12.0 (java windows)
Content-Type: application/json; charset=utf-8
host: localhost:34477
accept: */*

Response DefaultHttpResponse(decodeResult: success, version: HTTP/1.1)
HTTP/1.1 200 OK
content-type: application/json; charset=utf-8
cache-control: no-cache
content-length: 800340
date: Sun, 28 Apr 2024 03:24:47 GMT

22:24:47.767 [AsyncHttpClient-1-2] DEBUG org.asynchttpclient.netty.channel.ChannelManager -- Adding key: http://localhost:34477 for channel [id: 0x59caad82, L:/127.0.0.1:63152 - R:localhost/127.0.0.1:34477]
22:24:47.778 [main] DEBUG net.serenitybdd.core.photography.Darkroom -- Send negative for processing for C:\Users\USUARIO\OneDrive\Documentos\02 Automatización\03 Pragma\pragma\pragma\target\site\serenity\c6d2d59253a3c52d8b8db4ad723f6da73641757028d146bd6c52f7f99c9aebe9.png
22:24:48.712 [AsyncHttpClient-1-1] DEBUG org.asynchttpclient.netty.channel.DefaultChannelPool -- Entry count for : http://localhost:34477 : 1
22:24:48.796 [main] DEBUG net.thucydides.core.steps.StepInterceptor -- STARTING STEP: StepInterceptor.testContext - ingresoAlProducto
22:24:48.800 [Forwarding findElement on session 95c71151-6fbe-4261-b38e-54c0073864b2 to remote] DEBUG org.asynchttpclient.netty.request.NettyRequestSender -- Using pooled Channel '[id: 0x59caad82, L:/127.0.0.1:63152 - R:localhost/127.0.0.1:34477]' for 'POST' to 'http://localhost:34477/session/95c71151-6fbe-4261-b38e-54c0073864b2/element'
22:24:48.800 [Forwarding findElement on session 95c71151-6fbe-4261-b38e-54c0073864b2 to remote] DEBUG org.asynchttpclient.netty.request.NettyRequestSender -- Using open Channel [id: 0x59caad82, L:/127.0.0.1:63152 - R:localhost/127.0.0.1:34477] for POST '/session/95c71151-6fbe-4261-b38e-54c0073864b2/element'
22:24:48.804 [AsyncHttpClient-1-2] DEBUG org.asynchttpclient.netty.handler.HttpHandler -- 

Request DefaultHttpRequest(decodeResult: success, version: HTTP/1.1)
POST /session/95c71151-6fbe-4261-b38e-54c0073864b2/element HTTP/1.1
User-Agent: selenium/4.12.0 (java windows)
Content-Length: 88
Content-Type: application/json; charset=utf-8
host: localhost:34477
accept: */*

Response DefaultHttpResponse(decodeResult: success, version: HTTP/1.1)
HTTP/1.1 200 OK
content-type: application/json; charset=utf-8
cache-control: no-cache
content-length: 88
date: Sun, 28 Apr 2024 03:24:48 GMT

22:24:48.804 [AsyncHttpClient-1-2] DEBUG org.asynchttpclient.netty.channel.ChannelManager -- Adding key: http://localhost:34477 for channel [id: 0x59caad82, L:/127.0.0.1:63152 - R:localhost/127.0.0.1:34477]
22:24:48.806 [Forwarding getElementTagName on session 95c71151-6fbe-4261-b38e-54c0073864b2 to remote] DEBUG org.asynchttpclient.netty.request.NettyRequestSender -- Using pooled Channel '[id: 0x59caad82, L:/127.0.0.1:63152 - R:localhost/127.0.0.1:34477]' for 'GET' to 'http://localhost:34477/session/95c71151-6fbe-4261-b38e-54c0073864b2/element/ae0b51ed-8c57-4f64-9422-f410d47c1cd8/name'
22:24:48.806 [Forwarding getElementTagName on session 95c71151-6fbe-4261-b38e-54c0073864b2 to remote] DEBUG org.asynchttpclient.netty.request.NettyRequestSender -- Using open Channel [id: 0x59caad82, L:/127.0.0.1:63152 - R:localhost/127.0.0.1:34477] for GET '/session/95c71151-6fbe-4261-b38e-54c0073864b2/element/ae0b51ed-8c57-4f64-9422-f410d47c1cd8/name'
22:24:48.808 [AsyncHttpClient-1-2] DEBUG org.asynchttpclient.netty.handler.HttpHandler -- 

Request DefaultFullHttpRequest(decodeResult: success, version: HTTP/1.1, content: EmptyByteBufBE)
GET /session/95c71151-6fbe-4261-b38e-54c0073864b2/element/ae0b51ed-8c57-4f64-9422-f410d47c1cd8/name HTTP/1.1
Cache-Control: no-cache
User-Agent: selenium/4.12.0 (java windows)
Content-Type: application/json; charset=utf-8
host: localhost:34477
accept: */*

Response DefaultHttpResponse(decodeResult: success, version: HTTP/1.1)
HTTP/1.1 200 OK
content-type: application/json; charset=utf-8
cache-control: no-cache
content-length: 13
date: Sun, 28 Apr 2024 03:24:48 GMT

22:24:48.809 [AsyncHttpClient-1-2] DEBUG org.asynchttpclient.netty.channel.ChannelManager -- Adding key: http://localhost:34477 for channel [id: 0x59caad82, L:/127.0.0.1:63152 - R:localhost/127.0.0.1:34477]
22:24:48.810 [Forwarding getElementTagName on session 95c71151-6fbe-4261-b38e-54c0073864b2 to remote] DEBUG org.asynchttpclient.netty.request.NettyRequestSender -- Using pooled Channel '[id: 0x59caad82, L:/127.0.0.1:63152 - R:localhost/127.0.0.1:34477]' for 'GET' to 'http://localhost:34477/session/95c71151-6fbe-4261-b38e-54c0073864b2/element/ae0b51ed-8c57-4f64-9422-f410d47c1cd8/name'
22:24:48.810 [Forwarding getElementTagName on session 95c71151-6fbe-4261-b38e-54c0073864b2 to remote] DEBUG org.asynchttpclient.netty.request.NettyRequestSender -- Using open Channel [id: 0x59caad82, L:/127.0.0.1:63152 - R:localhost/127.0.0.1:34477] for GET '/session/95c71151-6fbe-4261-b38e-54c0073864b2/element/ae0b51ed-8c57-4f64-9422-f410d47c1cd8/name'
22:24:48.811 [AsyncHttpClient-1-2] DEBUG org.asynchttpclient.netty.handler.HttpHandler -- 

Request DefaultFullHttpRequest(decodeResult: success, version: HTTP/1.1, content: EmptyByteBufBE)
GET /session/95c71151-6fbe-4261-b38e-54c0073864b2/element/ae0b51ed-8c57-4f64-9422-f410d47c1cd8/name HTTP/1.1
Cache-Control: no-cache
User-Agent: selenium/4.12.0 (java windows)
Content-Type: application/json; charset=utf-8
host: localhost:34477
accept: */*

Response DefaultHttpResponse(decodeResult: success, version: HTTP/1.1)
HTTP/1.1 200 OK
content-type: application/json; charset=utf-8
cache-control: no-cache
content-length: 13
date: Sun, 28 Apr 2024 03:24:48 GMT

22:24:48.811 [AsyncHttpClient-1-2] DEBUG org.asynchttpclient.netty.channel.ChannelManager -- Adding key: http://localhost:34477 for channel [id: 0x59caad82, L:/127.0.0.1:63152 - R:localhost/127.0.0.1:34477]
22:24:48.812 [Forwarding findElement on session 95c71151-6fbe-4261-b38e-54c0073864b2 to remote] DEBUG org.asynchttpclient.netty.request.NettyRequestSender -- Using pooled Channel '[id: 0x59caad82, L:/127.0.0.1:63152 - R:localhost/127.0.0.1:34477]' for 'POST' to 'http://localhost:34477/session/95c71151-6fbe-4261-b38e-54c0073864b2/element'
22:24:48.812 [Forwarding findElement on session 95c71151-6fbe-4261-b38e-54c0073864b2 to remote] DEBUG org.asynchttpclient.netty.request.NettyRequestSender -- Using open Channel [id: 0x59caad82, L:/127.0.0.1:63152 - R:localhost/127.0.0.1:34477] for POST '/session/95c71151-6fbe-4261-b38e-54c0073864b2/element'
22:24:48.814 [AsyncHttpClient-1-2] DEBUG org.asynchttpclient.netty.handler.HttpHandler -- 

Request DefaultHttpRequest(decodeResult: success, version: HTTP/1.1)
POST /session/95c71151-6fbe-4261-b38e-54c0073864b2/element HTTP/1.1
User-Agent: selenium/4.12.0 (java windows)
Content-Length: 88
Content-Type: application/json; charset=utf-8
host: localhost:34477
accept: */*

Response DefaultHttpResponse(decodeResult: success, version: HTTP/1.1)
HTTP/1.1 200 OK
content-type: application/json; charset=utf-8
cache-control: no-cache
content-length: 88
date: Sun, 28 Apr 2024 03:24:48 GMT

22:24:48.814 [AsyncHttpClient-1-2] DEBUG org.asynchttpclient.netty.channel.ChannelManager -- Adding key: http://localhost:34477 for channel [id: 0x59caad82, L:/127.0.0.1:63152 - R:localhost/127.0.0.1:34477]
22:24:48.816 [Forwarding clickElement on session 95c71151-6fbe-4261-b38e-54c0073864b2 to remote] DEBUG org.asynchttpclient.netty.request.NettyRequestSender -- Using pooled Channel '[id: 0x59caad82, L:/127.0.0.1:63152 - R:localhost/127.0.0.1:34477]' for 'POST' to 'http://localhost:34477/session/95c71151-6fbe-4261-b38e-54c0073864b2/element/ae0b51ed-8c57-4f64-9422-f410d47c1cd8/click'
22:24:48.816 [Forwarding clickElement on session 95c71151-6fbe-4261-b38e-54c0073864b2 to remote] DEBUG org.asynchttpclient.netty.request.NettyRequestSender -- Using open Channel [id: 0x59caad82, L:/127.0.0.1:63152 - R:localhost/127.0.0.1:34477] for POST '/session/95c71151-6fbe-4261-b38e-54c0073864b2/element/ae0b51ed-8c57-4f64-9422-f410d47c1cd8/click'
22:24:49.113 [AsyncHttpClient-1-2] DEBUG org.asynchttpclient.netty.handler.HttpHandler -- 

Request DefaultHttpRequest(decodeResult: success, version: HTTP/1.1)
POST /session/95c71151-6fbe-4261-b38e-54c0073864b2/element/ae0b51ed-8c57-4f64-9422-f410d47c1cd8/click HTTP/1.1
User-Agent: selenium/4.12.0 (java windows)
Content-Length: 50
Content-Type: application/json; charset=utf-8
host: localhost:34477
accept: */*

Response DefaultHttpResponse(decodeResult: success, version: HTTP/1.1)
HTTP/1.1 200 OK
content-type: application/json; charset=utf-8
cache-control: no-cache
content-length: 14
date: Sun, 28 Apr 2024 03:24:48 GMT

22:24:49.113 [AsyncHttpClient-1-2] DEBUG org.asynchttpclient.netty.channel.ChannelManager -- Adding key: http://localhost:34477 for channel [id: 0x59caad82, L:/127.0.0.1:63152 - R:localhost/127.0.0.1:34477]
22:24:49.118 [Forwarding findElement on session 95c71151-6fbe-4261-b38e-54c0073864b2 to remote] DEBUG org.asynchttpclient.netty.request.NettyRequestSender -- Using pooled Channel '[id: 0x59caad82, L:/127.0.0.1:63152 - R:localhost/127.0.0.1:34477]' for 'POST' to 'http://localhost:34477/session/95c71151-6fbe-4261-b38e-54c0073864b2/element'
22:24:49.119 [Forwarding findElement on session 95c71151-6fbe-4261-b38e-54c0073864b2 to remote] DEBUG org.asynchttpclient.netty.request.NettyRequestSender -- Using open Channel [id: 0x59caad82, L:/127.0.0.1:63152 - R:localhost/127.0.0.1:34477] for POST '/session/95c71151-6fbe-4261-b38e-54c0073864b2/element'
22:24:49.380 [AsyncHttpClient-1-2] DEBUG org.asynchttpclient.netty.handler.HttpHandler -- 

Request DefaultHttpRequest(decodeResult: success, version: HTTP/1.1)
POST /session/95c71151-6fbe-4261-b38e-54c0073864b2/element HTTP/1.1
User-Agent: selenium/4.12.0 (java windows)
Content-Length: 66
Content-Type: application/json; charset=utf-8
host: localhost:34477
accept: */*

Response DefaultHttpResponse(decodeResult: success, version: HTTP/1.1)
HTTP/1.1 200 OK
content-type: application/json; charset=utf-8
cache-control: no-cache
content-length: 88
date: Sun, 28 Apr 2024 03:24:48 GMT

22:24:49.381 [AsyncHttpClient-1-2] DEBUG org.asynchttpclient.netty.channel.ChannelManager -- Adding key: http://localhost:34477 for channel [id: 0x59caad82, L:/127.0.0.1:63152 - R:localhost/127.0.0.1:34477]
22:24:49.383 [Forwarding getElementText on session 95c71151-6fbe-4261-b38e-54c0073864b2 to remote] DEBUG org.asynchttpclient.netty.request.NettyRequestSender -- Using pooled Channel '[id: 0x59caad82, L:/127.0.0.1:63152 - R:localhost/127.0.0.1:34477]' for 'GET' to 'http://localhost:34477/session/95c71151-6fbe-4261-b38e-54c0073864b2/element/e2a42fc2-41d9-48cb-8d7b-dae3e0c6624a/text'
22:24:49.383 [Forwarding getElementText on session 95c71151-6fbe-4261-b38e-54c0073864b2 to remote] DEBUG org.asynchttpclient.netty.request.NettyRequestSender -- Using open Channel [id: 0x59caad82, L:/127.0.0.1:63152 - R:localhost/127.0.0.1:34477] for GET '/session/95c71151-6fbe-4261-b38e-54c0073864b2/element/e2a42fc2-41d9-48cb-8d7b-dae3e0c6624a/text'
22:24:49.391 [AsyncHttpClient-1-2] DEBUG org.asynchttpclient.netty.handler.HttpHandler -- 

Request DefaultFullHttpRequest(decodeResult: success, version: HTTP/1.1, content: EmptyByteBufBE)
GET /session/95c71151-6fbe-4261-b38e-54c0073864b2/element/e2a42fc2-41d9-48cb-8d7b-dae3e0c6624a/text HTTP/1.1
Cache-Control: no-cache
User-Agent: selenium/4.12.0 (java windows)
Content-Type: application/json; charset=utf-8
host: localhost:34477
accept: */*

Response DefaultHttpResponse(decodeResult: success, version: HTTP/1.1)
HTTP/1.1 200 OK
content-type: application/json; charset=utf-8
cache-control: no-cache
content-length: 29
date: Sun, 28 Apr 2024 03:24:48 GMT

22:24:49.391 [AsyncHttpClient-1-2] DEBUG org.asynchttpclient.netty.channel.ChannelManager -- Adding key: http://localhost:34477 for channel [id: 0x59caad82, L:/127.0.0.1:63152 - R:localhost/127.0.0.1:34477]
22:24:49.396 [Forwarding getAlertText on session 95c71151-6fbe-4261-b38e-54c0073864b2 to remote] DEBUG org.asynchttpclient.netty.request.NettyRequestSender -- Using pooled Channel '[id: 0x59caad82, L:/127.0.0.1:63152 - R:localhost/127.0.0.1:34477]' for 'GET' to 'http://localhost:34477/session/95c71151-6fbe-4261-b38e-54c0073864b2/alert/text'
22:24:49.396 [Forwarding getAlertText on session 95c71151-6fbe-4261-b38e-54c0073864b2 to remote] DEBUG org.asynchttpclient.netty.request.NettyRequestSender -- Using open Channel [id: 0x59caad82, L:/127.0.0.1:63152 - R:localhost/127.0.0.1:34477] for GET '/session/95c71151-6fbe-4261-b38e-54c0073864b2/alert/text'
22:24:49.398 [AsyncHttpClient-1-2] DEBUG org.asynchttpclient.netty.handler.HttpHandler -- 

Request DefaultFullHttpRequest(decodeResult: success, version: HTTP/1.1, content: EmptyByteBufBE)
GET /session/95c71151-6fbe-4261-b38e-54c0073864b2/alert/text HTTP/1.1
Cache-Control: no-cache
User-Agent: selenium/4.12.0 (java windows)
Content-Type: application/json; charset=utf-8
host: localhost:34477
accept: */*

Response DefaultHttpResponse(decodeResult: success, version: HTTP/1.1)
HTTP/1.1 404 Not Found
content-type: application/json; charset=utf-8
cache-control: no-cache
content-length: 842
date: Sun, 28 Apr 2024 03:24:48 GMT

22:24:49.398 [AsyncHttpClient-1-2] DEBUG org.asynchttpclient.netty.channel.ChannelManager -- Adding key: http://localhost:34477 for channel [id: 0x59caad82, L:/127.0.0.1:63152 - R:localhost/127.0.0.1:34477]
22:24:49.401 [Forwarding getCurrentUrl on session 95c71151-6fbe-4261-b38e-54c0073864b2 to remote] DEBUG org.asynchttpclient.netty.request.NettyRequestSender -- Using pooled Channel '[id: 0x59caad82, L:/127.0.0.1:63152 - R:localhost/127.0.0.1:34477]' for 'GET' to 'http://localhost:34477/session/95c71151-6fbe-4261-b38e-54c0073864b2/url'
22:24:49.401 [Forwarding getCurrentUrl on session 95c71151-6fbe-4261-b38e-54c0073864b2 to remote] DEBUG org.asynchttpclient.netty.request.NettyRequestSender -- Using open Channel [id: 0x59caad82, L:/127.0.0.1:63152 - R:localhost/127.0.0.1:34477] for GET '/session/95c71151-6fbe-4261-b38e-54c0073864b2/url'
22:24:49.403 [AsyncHttpClient-1-2] DEBUG org.asynchttpclient.netty.handler.HttpHandler -- 

Request DefaultFullHttpRequest(decodeResult: success, version: HTTP/1.1, content: EmptyByteBufBE)
GET /session/95c71151-6fbe-4261-b38e-54c0073864b2/url HTTP/1.1
Cache-Control: no-cache
User-Agent: selenium/4.12.0 (java windows)
Content-Type: application/json; charset=utf-8
host: localhost:34477
accept: */*

Response DefaultHttpResponse(decodeResult: success, version: HTTP/1.1)
HTTP/1.1 200 OK
content-type: application/json; charset=utf-8
cache-control: no-cache
content-length: 54
date: Sun, 28 Apr 2024 03:24:48 GMT

22:24:49.403 [AsyncHttpClient-1-2] DEBUG org.asynchttpclient.netty.channel.ChannelManager -- Adding key: http://localhost:34477 for channel [id: 0x59caad82, L:/127.0.0.1:63152 - R:localhost/127.0.0.1:34477]
22:24:49.404 [Forwarding screenshot on session 95c71151-6fbe-4261-b38e-54c0073864b2 to remote] DEBUG org.asynchttpclient.netty.request.NettyRequestSender -- Using pooled Channel '[id: 0x59caad82, L:/127.0.0.1:63152 - R:localhost/127.0.0.1:34477]' for 'GET' to 'http://localhost:34477/session/95c71151-6fbe-4261-b38e-54c0073864b2/screenshot'
22:24:49.404 [Forwarding screenshot on session 95c71151-6fbe-4261-b38e-54c0073864b2 to remote] DEBUG org.asynchttpclient.netty.request.NettyRequestSender -- Using open Channel [id: 0x59caad82, L:/127.0.0.1:63152 - R:localhost/127.0.0.1:34477] for GET '/session/95c71151-6fbe-4261-b38e-54c0073864b2/screenshot'
22:24:49.465 [AsyncHttpClient-1-2] DEBUG org.asynchttpclient.netty.handler.HttpHandler -- 

Request DefaultFullHttpRequest(decodeResult: success, version: HTTP/1.1, content: EmptyByteBufBE)
GET /session/95c71151-6fbe-4261-b38e-54c0073864b2/screenshot HTTP/1.1
Cache-Control: no-cache
User-Agent: selenium/4.12.0 (java windows)
Content-Type: application/json; charset=utf-8
host: localhost:34477
accept: */*

Response DefaultHttpResponse(decodeResult: success, version: HTTP/1.1)
HTTP/1.1 200 OK
content-type: application/json; charset=utf-8
cache-control: no-cache
content-length: 569920
date: Sun, 28 Apr 2024 03:24:48 GMT

22:24:49.466 [AsyncHttpClient-1-2] DEBUG org.asynchttpclient.netty.channel.ChannelManager -- Adding key: http://localhost:34477 for channel [id: 0x59caad82, L:/127.0.0.1:63152 - R:localhost/127.0.0.1:34477]
22:24:49.478 [main] DEBUG net.serenitybdd.core.photography.Darkroom -- Send negative for processing for C:\Users\USUARIO\OneDrive\Documentos\02 Automatización\03 Pragma\pragma\pragma\target\site\serenity\ae582afb1ecbb305068cab16d446c61923594e225aa13c9491f9a808e3ec74c1.png
22:24:49.479 [Darkroom Processing Line] DEBUG net.serenitybdd.core.photography.DarkroomProcessingLine -- Processing screenshot image in /var/screenshots/screenshot-7795255391183400444
22:24:49.479 [Darkroom Processing Line] DEBUG net.serenitybdd.core.photography.DarkroomProcessingLine -- Saving screenshot to C:\Users\USUARIO\OneDrive\Documentos\02 Automatización\03 Pragma\pragma\pragma\target\site\serenity\ae582afb1ecbb305068cab16d446c61923594e225aa13c9491f9a808e3ec74c1.png
22:24:49.814 [AsyncHttpClient-1-1] DEBUG org.asynchttpclient.netty.channel.DefaultChannelPool -- Entry count for : http://localhost:34477 : 1
22:24:50.491 [main] DEBUG net.thucydides.core.steps.StepInterceptor -- STEP DONE: ingresoAlProducto
22:24:50.495 [Forwarding getAlertText on session 95c71151-6fbe-4261-b38e-54c0073864b2 to remote] DEBUG org.asynchttpclient.netty.request.NettyRequestSender -- Using pooled Channel '[id: 0x59caad82, L:/127.0.0.1:63152 - R:localhost/127.0.0.1:34477]' for 'GET' to 'http://localhost:34477/session/95c71151-6fbe-4261-b38e-54c0073864b2/alert/text'
22:24:50.496 [Forwarding getAlertText on session 95c71151-6fbe-4261-b38e-54c0073864b2 to remote] DEBUG org.asynchttpclient.netty.request.NettyRequestSender -- Using open Channel [id: 0x59caad82, L:/127.0.0.1:63152 - R:localhost/127.0.0.1:34477] for GET '/session/95c71151-6fbe-4261-b38e-54c0073864b2/alert/text'
22:24:50.497 [AsyncHttpClient-1-2] DEBUG org.asynchttpclient.netty.handler.HttpHandler -- 

Request DefaultFullHttpRequest(decodeResult: success, version: HTTP/1.1, content: EmptyByteBufBE)
GET /session/95c71151-6fbe-4261-b38e-54c0073864b2/alert/text HTTP/1.1
Cache-Control: no-cache
User-Agent: selenium/4.12.0 (java windows)
Content-Type: application/json; charset=utf-8
host: localhost:34477
accept: */*

Response DefaultHttpResponse(decodeResult: success, version: HTTP/1.1)
HTTP/1.1 404 Not Found
content-type: application/json; charset=utf-8
cache-control: no-cache
content-length: 842
date: Sun, 28 Apr 2024 03:24:50 GMT

22:24:50.498 [AsyncHttpClient-1-2] DEBUG org.asynchttpclient.netty.channel.ChannelManager -- Adding key: http://localhost:34477 for channel [id: 0x59caad82, L:/127.0.0.1:63152 - R:localhost/127.0.0.1:34477]
22:24:50.499 [Forwarding getCurrentUrl on session 95c71151-6fbe-4261-b38e-54c0073864b2 to remote] DEBUG org.asynchttpclient.netty.request.NettyRequestSender -- Using pooled Channel '[id: 0x59caad82, L:/127.0.0.1:63152 - R:localhost/127.0.0.1:34477]' for 'GET' to 'http://localhost:34477/session/95c71151-6fbe-4261-b38e-54c0073864b2/url'
22:24:50.499 [Forwarding getCurrentUrl on session 95c71151-6fbe-4261-b38e-54c0073864b2 to remote] DEBUG org.asynchttpclient.netty.request.NettyRequestSender -- Using open Channel [id: 0x59caad82, L:/127.0.0.1:63152 - R:localhost/127.0.0.1:34477] for GET '/session/95c71151-6fbe-4261-b38e-54c0073864b2/url'
22:24:50.500 [AsyncHttpClient-1-2] DEBUG org.asynchttpclient.netty.handler.HttpHandler -- 

Request DefaultFullHttpRequest(decodeResult: success, version: HTTP/1.1, content: EmptyByteBufBE)
GET /session/95c71151-6fbe-4261-b38e-54c0073864b2/url HTTP/1.1
Cache-Control: no-cache
User-Agent: selenium/4.12.0 (java windows)
Content-Type: application/json; charset=utf-8
host: localhost:34477
accept: */*

Response DefaultHttpResponse(decodeResult: success, version: HTTP/1.1)
HTTP/1.1 200 OK
content-type: application/json; charset=utf-8
cache-control: no-cache
content-length: 54
date: Sun, 28 Apr 2024 03:24:50 GMT

22:24:50.500 [AsyncHttpClient-1-2] DEBUG org.asynchttpclient.netty.channel.ChannelManager -- Adding key: http://localhost:34477 for channel [id: 0x59caad82, L:/127.0.0.1:63152 - R:localhost/127.0.0.1:34477]
22:24:50.501 [Forwarding screenshot on session 95c71151-6fbe-4261-b38e-54c0073864b2 to remote] DEBUG org.asynchttpclient.netty.request.NettyRequestSender -- Using pooled Channel '[id: 0x59caad82, L:/127.0.0.1:63152 - R:localhost/127.0.0.1:34477]' for 'GET' to 'http://localhost:34477/session/95c71151-6fbe-4261-b38e-54c0073864b2/screenshot'
22:24:50.501 [Forwarding screenshot on session 95c71151-6fbe-4261-b38e-54c0073864b2 to remote] DEBUG org.asynchttpclient.netty.request.NettyRequestSender -- Using open Channel [id: 0x59caad82, L:/127.0.0.1:63152 - R:localhost/127.0.0.1:34477] for GET '/session/95c71151-6fbe-4261-b38e-54c0073864b2/screenshot'
22:24:50.551 [AsyncHttpClient-1-2] DEBUG org.asynchttpclient.netty.handler.HttpHandler -- 

Request DefaultFullHttpRequest(decodeResult: success, version: HTTP/1.1, content: EmptyByteBufBE)
GET /session/95c71151-6fbe-4261-b38e-54c0073864b2/screenshot HTTP/1.1
Cache-Control: no-cache
User-Agent: selenium/4.12.0 (java windows)
Content-Type: application/json; charset=utf-8
host: localhost:34477
accept: */*

Response DefaultHttpResponse(decodeResult: success, version: HTTP/1.1)
HTTP/1.1 200 OK
content-type: application/json; charset=utf-8
cache-control: no-cache
content-length: 569920
date: Sun, 28 Apr 2024 03:24:50 GMT

22:24:50.552 [AsyncHttpClient-1-2] DEBUG org.asynchttpclient.netty.channel.ChannelManager -- Adding key: http://localhost:34477 for channel [id: 0x59caad82, L:/127.0.0.1:63152 - R:localhost/127.0.0.1:34477]
22:24:50.560 [main] DEBUG net.serenitybdd.core.photography.Darkroom -- Send negative for processing for C:\Users\USUARIO\OneDrive\Documentos\02 Automatización\03 Pragma\pragma\pragma\target\site\serenity\ae582afb1ecbb305068cab16d446c61923594e225aa13c9491f9a808e3ec74c1.png
22:24:50.913 [AsyncHttpClient-1-1] DEBUG org.asynchttpclient.netty.channel.DefaultChannelPool -- Entry count for : http://localhost:34477 : 1
22:24:51.578 [main] DEBUG net.thucydides.core.steps.StepInterceptor -- STARTING STEP: StepInterceptor.testContext - extraigoElNombreYPrecioDelProducto
22:24:51.580 [Forwarding findElement on session 95c71151-6fbe-4261-b38e-54c0073864b2 to remote] DEBUG org.asynchttpclient.netty.request.NettyRequestSender -- Using pooled Channel '[id: 0x59caad82, L:/127.0.0.1:63152 - R:localhost/127.0.0.1:34477]' for 'POST' to 'http://localhost:34477/session/95c71151-6fbe-4261-b38e-54c0073864b2/element'
22:24:51.581 [Forwarding findElement on session 95c71151-6fbe-4261-b38e-54c0073864b2 to remote] DEBUG org.asynchttpclient.netty.request.NettyRequestSender -- Using open Channel [id: 0x59caad82, L:/127.0.0.1:63152 - R:localhost/127.0.0.1:34477] for POST '/session/95c71151-6fbe-4261-b38e-54c0073864b2/element'
22:24:51.584 [AsyncHttpClient-1-2] DEBUG org.asynchttpclient.netty.handler.HttpHandler -- 

Request DefaultHttpRequest(decodeResult: success, version: HTTP/1.1)
POST /session/95c71151-6fbe-4261-b38e-54c0073864b2/element HTTP/1.1
User-Agent: selenium/4.12.0 (java windows)
Content-Length: 77
Content-Type: application/json; charset=utf-8
host: localhost:34477
accept: */*

Response DefaultHttpResponse(decodeResult: success, version: HTTP/1.1)
HTTP/1.1 200 OK
content-type: application/json; charset=utf-8
cache-control: no-cache
content-length: 88
date: Sun, 28 Apr 2024 03:24:51 GMT

22:24:51.585 [AsyncHttpClient-1-2] DEBUG org.asynchttpclient.netty.channel.ChannelManager -- Adding key: http://localhost:34477 for channel [id: 0x59caad82, L:/127.0.0.1:63152 - R:localhost/127.0.0.1:34477]
22:24:51.586 [Forwarding getElementText on session 95c71151-6fbe-4261-b38e-54c0073864b2 to remote] DEBUG org.asynchttpclient.netty.request.NettyRequestSender -- Using pooled Channel '[id: 0x59caad82, L:/127.0.0.1:63152 - R:localhost/127.0.0.1:34477]' for 'GET' to 'http://localhost:34477/session/95c71151-6fbe-4261-b38e-54c0073864b2/element/d03f8947-b7e3-40c5-abad-54a7bed3e675/text'
22:24:51.587 [Forwarding getElementText on session 95c71151-6fbe-4261-b38e-54c0073864b2 to remote] DEBUG org.asynchttpclient.netty.request.NettyRequestSender -- Using open Channel [id: 0x59caad82, L:/127.0.0.1:63152 - R:localhost/127.0.0.1:34477] for GET '/session/95c71151-6fbe-4261-b38e-54c0073864b2/element/d03f8947-b7e3-40c5-abad-54a7bed3e675/text'
22:24:51.594 [AsyncHttpClient-1-2] DEBUG org.asynchttpclient.netty.handler.HttpHandler -- 

Request DefaultFullHttpRequest(decodeResult: success, version: HTTP/1.1, content: EmptyByteBufBE)
GET /session/95c71151-6fbe-4261-b38e-54c0073864b2/element/d03f8947-b7e3-40c5-abad-54a7bed3e675/text HTTP/1.1
Cache-Control: no-cache
User-Agent: selenium/4.12.0 (java windows)
Content-Type: application/json; charset=utf-8
host: localhost:34477
accept: */*

Response DefaultHttpResponse(decodeResult: success, version: HTTP/1.1)
HTTP/1.1 200 OK
content-type: application/json; charset=utf-8
cache-control: no-cache
content-length: 30
date: Sun, 28 Apr 2024 03:24:51 GMT

22:24:51.594 [AsyncHttpClient-1-2] DEBUG org.asynchttpclient.netty.channel.ChannelManager -- Adding key: http://localhost:34477 for channel [id: 0x59caad82, L:/127.0.0.1:63152 - R:localhost/127.0.0.1:34477]
22:24:51.596 [Forwarding findElement on session 95c71151-6fbe-4261-b38e-54c0073864b2 to remote] DEBUG org.asynchttpclient.netty.request.NettyRequestSender -- Using pooled Channel '[id: 0x59caad82, L:/127.0.0.1:63152 - R:localhost/127.0.0.1:34477]' for 'POST' to 'http://localhost:34477/session/95c71151-6fbe-4261-b38e-54c0073864b2/element'
22:24:51.596 [Forwarding findElement on session 95c71151-6fbe-4261-b38e-54c0073864b2 to remote] DEBUG org.asynchttpclient.netty.request.NettyRequestSender -- Using open Channel [id: 0x59caad82, L:/127.0.0.1:63152 - R:localhost/127.0.0.1:34477] for POST '/session/95c71151-6fbe-4261-b38e-54c0073864b2/element'
22:24:51.598 [AsyncHttpClient-1-2] DEBUG org.asynchttpclient.netty.handler.HttpHandler -- 

Request DefaultHttpRequest(decodeResult: success, version: HTTP/1.1)
POST /session/95c71151-6fbe-4261-b38e-54c0073864b2/element HTTP/1.1
User-Agent: selenium/4.12.0 (java windows)
Content-Length: 66
Content-Type: application/json; charset=utf-8
host: localhost:34477
accept: */*

Response DefaultHttpResponse(decodeResult: success, version: HTTP/1.1)
HTTP/1.1 200 OK
content-type: application/json; charset=utf-8
cache-control: no-cache
content-length: 88
date: Sun, 28 Apr 2024 03:24:51 GMT

22:24:51.598 [AsyncHttpClient-1-2] DEBUG org.asynchttpclient.netty.channel.ChannelManager -- Adding key: http://localhost:34477 for channel [id: 0x59caad82, L:/127.0.0.1:63152 - R:localhost/127.0.0.1:34477]
22:24:51.598 [Forwarding getElementText on session 95c71151-6fbe-4261-b38e-54c0073864b2 to remote] DEBUG org.asynchttpclient.netty.request.NettyRequestSender -- Using pooled Channel '[id: 0x59caad82, L:/127.0.0.1:63152 - R:localhost/127.0.0.1:34477]' for 'GET' to 'http://localhost:34477/session/95c71151-6fbe-4261-b38e-54c0073864b2/element/e2a42fc2-41d9-48cb-8d7b-dae3e0c6624a/text'
22:24:51.598 [Forwarding getElementText on session 95c71151-6fbe-4261-b38e-54c0073864b2 to remote] DEBUG org.asynchttpclient.netty.request.NettyRequestSender -- Using open Channel [id: 0x59caad82, L:/127.0.0.1:63152 - R:localhost/127.0.0.1:34477] for GET '/session/95c71151-6fbe-4261-b38e-54c0073864b2/element/e2a42fc2-41d9-48cb-8d7b-dae3e0c6624a/text'
22:24:51.603 [AsyncHttpClient-1-2] DEBUG org.asynchttpclient.netty.handler.HttpHandler -- 

Request DefaultFullHttpRequest(decodeResult: success, version: HTTP/1.1, content: EmptyByteBufBE)
GET /session/95c71151-6fbe-4261-b38e-54c0073864b2/element/e2a42fc2-41d9-48cb-8d7b-dae3e0c6624a/text HTTP/1.1
Cache-Control: no-cache
User-Agent: selenium/4.12.0 (java windows)
Content-Type: application/json; charset=utf-8
host: localhost:34477
accept: */*

Response DefaultHttpResponse(decodeResult: success, version: HTTP/1.1)
HTTP/1.1 200 OK
content-type: application/json; charset=utf-8
cache-control: no-cache
content-length: 29
date: Sun, 28 Apr 2024 03:24:51 GMT

22:24:51.603 [AsyncHttpClient-1-2] DEBUG org.asynchttpclient.netty.channel.ChannelManager -- Adding key: http://localhost:34477 for channel [id: 0x59caad82, L:/127.0.0.1:63152 - R:localhost/127.0.0.1:34477]
22:24:51.604 [Forwarding findElement on session 95c71151-6fbe-4261-b38e-54c0073864b2 to remote] DEBUG org.asynchttpclient.netty.request.NettyRequestSender -- Using pooled Channel '[id: 0x59caad82, L:/127.0.0.1:63152 - R:localhost/127.0.0.1:34477]' for 'POST' to 'http://localhost:34477/session/95c71151-6fbe-4261-b38e-54c0073864b2/element'
22:24:51.604 [Forwarding findElement on session 95c71151-6fbe-4261-b38e-54c0073864b2 to remote] DEBUG org.asynchttpclient.netty.request.NettyRequestSender -- Using open Channel [id: 0x59caad82, L:/127.0.0.1:63152 - R:localhost/127.0.0.1:34477] for POST '/session/95c71151-6fbe-4261-b38e-54c0073864b2/element'
22:24:51.606 [AsyncHttpClient-1-2] DEBUG org.asynchttpclient.netty.handler.HttpHandler -- 

Request DefaultHttpRequest(decodeResult: success, version: HTTP/1.1)
POST /session/95c71151-6fbe-4261-b38e-54c0073864b2/element HTTP/1.1
User-Agent: selenium/4.12.0 (java windows)
Content-Length: 77
Content-Type: application/json; charset=utf-8
host: localhost:34477
accept: */*

Response DefaultHttpResponse(decodeResult: success, version: HTTP/1.1)
HTTP/1.1 200 OK
content-type: application/json; charset=utf-8
cache-control: no-cache
content-length: 88
date: Sun, 28 Apr 2024 03:24:51 GMT

22:24:51.606 [AsyncHttpClient-1-2] DEBUG org.asynchttpclient.netty.channel.ChannelManager -- Adding key: http://localhost:34477 for channel [id: 0x59caad82, L:/127.0.0.1:63152 - R:localhost/127.0.0.1:34477]
22:24:51.606 [Forwarding getElementText on session 95c71151-6fbe-4261-b38e-54c0073864b2 to remote] DEBUG org.asynchttpclient.netty.request.NettyRequestSender -- Using pooled Channel '[id: 0x59caad82, L:/127.0.0.1:63152 - R:localhost/127.0.0.1:34477]' for 'GET' to 'http://localhost:34477/session/95c71151-6fbe-4261-b38e-54c0073864b2/element/d03f8947-b7e3-40c5-abad-54a7bed3e675/text'
22:24:51.606 [Forwarding getElementText on session 95c71151-6fbe-4261-b38e-54c0073864b2 to remote] DEBUG org.asynchttpclient.netty.request.NettyRequestSender -- Using open Channel [id: 0x59caad82, L:/127.0.0.1:63152 - R:localhost/127.0.0.1:34477] for GET '/session/95c71151-6fbe-4261-b38e-54c0073864b2/element/d03f8947-b7e3-40c5-abad-54a7bed3e675/text'
22:24:51.611 [AsyncHttpClient-1-2] DEBUG org.asynchttpclient.netty.handler.HttpHandler -- 

Request DefaultFullHttpRequest(decodeResult: success, version: HTTP/1.1, content: EmptyByteBufBE)
GET /session/95c71151-6fbe-4261-b38e-54c0073864b2/element/d03f8947-b7e3-40c5-abad-54a7bed3e675/text HTTP/1.1
Cache-Control: no-cache
User-Agent: selenium/4.12.0 (java windows)
Content-Type: application/json; charset=utf-8
host: localhost:34477
accept: */*

Response DefaultHttpResponse(decodeResult: success, version: HTTP/1.1)
HTTP/1.1 200 OK
content-type: application/json; charset=utf-8
cache-control: no-cache
content-length: 30
date: Sun, 28 Apr 2024 03:24:51 GMT

22:24:51.611 [AsyncHttpClient-1-2] DEBUG org.asynchttpclient.netty.channel.ChannelManager -- Adding key: http://localhost:34477 for channel [id: 0x59caad82, L:/127.0.0.1:63152 - R:localhost/127.0.0.1:34477]
22:24:51.612 [Forwarding findElement on session 95c71151-6fbe-4261-b38e-54c0073864b2 to remote] DEBUG org.asynchttpclient.netty.request.NettyRequestSender -- Using pooled Channel '[id: 0x59caad82, L:/127.0.0.1:63152 - R:localhost/127.0.0.1:34477]' for 'POST' to 'http://localhost:34477/session/95c71151-6fbe-4261-b38e-54c0073864b2/element'
22:24:51.612 [Forwarding findElement on session 95c71151-6fbe-4261-b38e-54c0073864b2 to remote] DEBUG org.asynchttpclient.netty.request.NettyRequestSender -- Using open Channel [id: 0x59caad82, L:/127.0.0.1:63152 - R:localhost/127.0.0.1:34477] for POST '/session/95c71151-6fbe-4261-b38e-54c0073864b2/element'
22:24:51.613 [AsyncHttpClient-1-2] DEBUG org.asynchttpclient.netty.handler.HttpHandler -- 

Request DefaultHttpRequest(decodeResult: success, version: HTTP/1.1)
POST /session/95c71151-6fbe-4261-b38e-54c0073864b2/element HTTP/1.1
User-Agent: selenium/4.12.0 (java windows)
Content-Length: 66
Content-Type: application/json; charset=utf-8
host: localhost:34477
accept: */*

Response DefaultHttpResponse(decodeResult: success, version: HTTP/1.1)
HTTP/1.1 200 OK
content-type: application/json; charset=utf-8
cache-control: no-cache
content-length: 88
date: Sun, 28 Apr 2024 03:24:51 GMT

22:24:51.613 [AsyncHttpClient-1-2] DEBUG org.asynchttpclient.netty.channel.ChannelManager -- Adding key: http://localhost:34477 for channel [id: 0x59caad82, L:/127.0.0.1:63152 - R:localhost/127.0.0.1:34477]
22:24:51.614 [Forwarding getElementText on session 95c71151-6fbe-4261-b38e-54c0073864b2 to remote] DEBUG org.asynchttpclient.netty.request.NettyRequestSender -- Using pooled Channel '[id: 0x59caad82, L:/127.0.0.1:63152 - R:localhost/127.0.0.1:34477]' for 'GET' to 'http://localhost:34477/session/95c71151-6fbe-4261-b38e-54c0073864b2/element/e2a42fc2-41d9-48cb-8d7b-dae3e0c6624a/text'
22:24:51.614 [Forwarding getElementText on session 95c71151-6fbe-4261-b38e-54c0073864b2 to remote] DEBUG org.asynchttpclient.netty.request.NettyRequestSender -- Using open Channel [id: 0x59caad82, L:/127.0.0.1:63152 - R:localhost/127.0.0.1:34477] for GET '/session/95c71151-6fbe-4261-b38e-54c0073864b2/element/e2a42fc2-41d9-48cb-8d7b-dae3e0c6624a/text'
22:24:51.619 [AsyncHttpClient-1-2] DEBUG org.asynchttpclient.netty.handler.HttpHandler -- 

Request DefaultFullHttpRequest(decodeResult: success, version: HTTP/1.1, content: EmptyByteBufBE)
GET /session/95c71151-6fbe-4261-b38e-54c0073864b2/element/e2a42fc2-41d9-48cb-8d7b-dae3e0c6624a/text HTTP/1.1
Cache-Control: no-cache
User-Agent: selenium/4.12.0 (java windows)
Content-Type: application/json; charset=utf-8
host: localhost:34477
accept: */*

Response DefaultHttpResponse(decodeResult: success, version: HTTP/1.1)
HTTP/1.1 200 OK
content-type: application/json; charset=utf-8
cache-control: no-cache
content-length: 29
date: Sun, 28 Apr 2024 03:24:51 GMT

22:24:51.619 [AsyncHttpClient-1-2] DEBUG org.asynchttpclient.netty.channel.ChannelManager -- Adding key: http://localhost:34477 for channel [id: 0x59caad82, L:/127.0.0.1:63152 - R:localhost/127.0.0.1:34477]
22:24:51.622 [Forwarding getAlertText on session 95c71151-6fbe-4261-b38e-54c0073864b2 to remote] DEBUG org.asynchttpclient.netty.request.NettyRequestSender -- Using pooled Channel '[id: 0x59caad82, L:/127.0.0.1:63152 - R:localhost/127.0.0.1:34477]' for 'GET' to 'http://localhost:34477/session/95c71151-6fbe-4261-b38e-54c0073864b2/alert/text'
22:24:51.622 [Forwarding getAlertText on session 95c71151-6fbe-4261-b38e-54c0073864b2 to remote] DEBUG org.asynchttpclient.netty.request.NettyRequestSender -- Using open Channel [id: 0x59caad82, L:/127.0.0.1:63152 - R:localhost/127.0.0.1:34477] for GET '/session/95c71151-6fbe-4261-b38e-54c0073864b2/alert/text'
22:24:51.624 [AsyncHttpClient-1-2] DEBUG org.asynchttpclient.netty.handler.HttpHandler -- 

Request DefaultFullHttpRequest(decodeResult: success, version: HTTP/1.1, content: EmptyByteBufBE)
GET /session/95c71151-6fbe-4261-b38e-54c0073864b2/alert/text HTTP/1.1
Cache-Control: no-cache
User-Agent: selenium/4.12.0 (java windows)
Content-Type: application/json; charset=utf-8
host: localhost:34477
accept: */*

Response DefaultHttpResponse(decodeResult: success, version: HTTP/1.1)
HTTP/1.1 404 Not Found
content-type: application/json; charset=utf-8
cache-control: no-cache
content-length: 842
date: Sun, 28 Apr 2024 03:24:51 GMT

22:24:51.624 [AsyncHttpClient-1-2] DEBUG org.asynchttpclient.netty.channel.ChannelManager -- Adding key: http://localhost:34477 for channel [id: 0x59caad82, L:/127.0.0.1:63152 - R:localhost/127.0.0.1:34477]
22:24:51.625 [Forwarding getCurrentUrl on session 95c71151-6fbe-4261-b38e-54c0073864b2 to remote] DEBUG org.asynchttpclient.netty.request.NettyRequestSender -- Using pooled Channel '[id: 0x59caad82, L:/127.0.0.1:63152 - R:localhost/127.0.0.1:34477]' for 'GET' to 'http://localhost:34477/session/95c71151-6fbe-4261-b38e-54c0073864b2/url'
22:24:51.625 [Forwarding getCurrentUrl on session 95c71151-6fbe-4261-b38e-54c0073864b2 to remote] DEBUG org.asynchttpclient.netty.request.NettyRequestSender -- Using open Channel [id: 0x59caad82, L:/127.0.0.1:63152 - R:localhost/127.0.0.1:34477] for GET '/session/95c71151-6fbe-4261-b38e-54c0073864b2/url'
22:24:51.626 [AsyncHttpClient-1-2] DEBUG org.asynchttpclient.netty.handler.HttpHandler -- 

Request DefaultFullHttpRequest(decodeResult: success, version: HTTP/1.1, content: EmptyByteBufBE)
GET /session/95c71151-6fbe-4261-b38e-54c0073864b2/url HTTP/1.1
Cache-Control: no-cache
User-Agent: selenium/4.12.0 (java windows)
Content-Type: application/json; charset=utf-8
host: localhost:34477
accept: */*

Response DefaultHttpResponse(decodeResult: success, version: HTTP/1.1)
HTTP/1.1 200 OK
content-type: application/json; charset=utf-8
cache-control: no-cache
content-length: 54
date: Sun, 28 Apr 2024 03:24:51 GMT

22:24:51.626 [AsyncHttpClient-1-2] DEBUG org.asynchttpclient.netty.channel.ChannelManager -- Adding key: http://localhost:34477 for channel [id: 0x59caad82, L:/127.0.0.1:63152 - R:localhost/127.0.0.1:34477]
22:24:51.627 [Forwarding screenshot on session 95c71151-6fbe-4261-b38e-54c0073864b2 to remote] DEBUG org.asynchttpclient.netty.request.NettyRequestSender -- Using pooled Channel '[id: 0x59caad82, L:/127.0.0.1:63152 - R:localhost/127.0.0.1:34477]' for 'GET' to 'http://localhost:34477/session/95c71151-6fbe-4261-b38e-54c0073864b2/screenshot'
22:24:51.627 [Forwarding screenshot on session 95c71151-6fbe-4261-b38e-54c0073864b2 to remote] DEBUG org.asynchttpclient.netty.request.NettyRequestSender -- Using open Channel [id: 0x59caad82, L:/127.0.0.1:63152 - R:localhost/127.0.0.1:34477] for GET '/session/95c71151-6fbe-4261-b38e-54c0073864b2/screenshot'
22:24:51.676 [AsyncHttpClient-1-2] DEBUG org.asynchttpclient.netty.handler.HttpHandler -- 

Request DefaultFullHttpRequest(decodeResult: success, version: HTTP/1.1, content: EmptyByteBufBE)
GET /session/95c71151-6fbe-4261-b38e-54c0073864b2/screenshot HTTP/1.1
Cache-Control: no-cache
User-Agent: selenium/4.12.0 (java windows)
Content-Type: application/json; charset=utf-8
host: localhost:34477
accept: */*

Response DefaultHttpResponse(decodeResult: success, version: HTTP/1.1)
HTTP/1.1 200 OK
content-type: application/json; charset=utf-8
cache-control: no-cache
content-length: 569920
date: Sun, 28 Apr 2024 03:24:51 GMT

22:24:51.677 [AsyncHttpClient-1-2] DEBUG org.asynchttpclient.netty.channel.ChannelManager -- Adding key: http://localhost:34477 for channel [id: 0x59caad82, L:/127.0.0.1:63152 - R:localhost/127.0.0.1:34477]
22:24:51.686 [main] DEBUG net.serenitybdd.core.photography.Darkroom -- Send negative for processing for C:\Users\USUARIO\OneDrive\Documentos\02 Automatización\03 Pragma\pragma\pragma\target\site\serenity\ae582afb1ecbb305068cab16d446c61923594e225aa13c9491f9a808e3ec74c1.png
22:24:52.020 [AsyncHttpClient-1-1] DEBUG org.asynchttpclient.netty.channel.DefaultChannelPool -- Entry count for : http://localhost:34477 : 1
22:24:52.694 [main] DEBUG net.thucydides.core.steps.StepInterceptor -- STEP DONE: extraigoElNombreYPrecioDelProducto
22:24:52.700 [Forwarding getAlertText on session 95c71151-6fbe-4261-b38e-54c0073864b2 to remote] DEBUG org.asynchttpclient.netty.request.NettyRequestSender -- Using pooled Channel '[id: 0x59caad82, L:/127.0.0.1:63152 - R:localhost/127.0.0.1:34477]' for 'GET' to 'http://localhost:34477/session/95c71151-6fbe-4261-b38e-54c0073864b2/alert/text'
22:24:52.700 [Forwarding getAlertText on session 95c71151-6fbe-4261-b38e-54c0073864b2 to remote] DEBUG org.asynchttpclient.netty.request.NettyRequestSender -- Using open Channel [id: 0x59caad82, L:/127.0.0.1:63152 - R:localhost/127.0.0.1:34477] for GET '/session/95c71151-6fbe-4261-b38e-54c0073864b2/alert/text'
22:24:52.703 [AsyncHttpClient-1-2] DEBUG org.asynchttpclient.netty.handler.HttpHandler -- 

Request DefaultFullHttpRequest(decodeResult: success, version: HTTP/1.1, content: EmptyByteBufBE)
GET /session/95c71151-6fbe-4261-b38e-54c0073864b2/alert/text HTTP/1.1
Cache-Control: no-cache
User-Agent: selenium/4.12.0 (java windows)
Content-Type: application/json; charset=utf-8
host: localhost:34477
accept: */*

Response DefaultHttpResponse(decodeResult: success, version: HTTP/1.1)
HTTP/1.1 404 Not Found
content-type: application/json; charset=utf-8
cache-control: no-cache
content-length: 842
date: Sun, 28 Apr 2024 03:24:52 GMT

22:24:52.704 [AsyncHttpClient-1-2] DEBUG org.asynchttpclient.netty.channel.ChannelManager -- Adding key: http://localhost:34477 for channel [id: 0x59caad82, L:/127.0.0.1:63152 - R:localhost/127.0.0.1:34477]
22:24:52.706 [Forwarding getCurrentUrl on session 95c71151-6fbe-4261-b38e-54c0073864b2 to remote] DEBUG org.asynchttpclient.netty.request.NettyRequestSender -- Using pooled Channel '[id: 0x59caad82, L:/127.0.0.1:63152 - R:localhost/127.0.0.1:34477]' for 'GET' to 'http://localhost:34477/session/95c71151-6fbe-4261-b38e-54c0073864b2/url'
22:24:52.706 [Forwarding getCurrentUrl on session 95c71151-6fbe-4261-b38e-54c0073864b2 to remote] DEBUG org.asynchttpclient.netty.request.NettyRequestSender -- Using open Channel [id: 0x59caad82, L:/127.0.0.1:63152 - R:localhost/127.0.0.1:34477] for GET '/session/95c71151-6fbe-4261-b38e-54c0073864b2/url'
22:24:52.708 [AsyncHttpClient-1-2] DEBUG org.asynchttpclient.netty.handler.HttpHandler -- 

Request DefaultFullHttpRequest(decodeResult: success, version: HTTP/1.1, content: EmptyByteBufBE)
GET /session/95c71151-6fbe-4261-b38e-54c0073864b2/url HTTP/1.1
Cache-Control: no-cache
User-Agent: selenium/4.12.0 (java windows)
Content-Type: application/json; charset=utf-8
host: localhost:34477
accept: */*

Response DefaultHttpResponse(decodeResult: success, version: HTTP/1.1)
HTTP/1.1 200 OK
content-type: application/json; charset=utf-8
cache-control: no-cache
content-length: 54
date: Sun, 28 Apr 2024 03:24:52 GMT

22:24:52.708 [AsyncHttpClient-1-2] DEBUG org.asynchttpclient.netty.channel.ChannelManager -- Adding key: http://localhost:34477 for channel [id: 0x59caad82, L:/127.0.0.1:63152 - R:localhost/127.0.0.1:34477]
22:24:52.709 [Forwarding screenshot on session 95c71151-6fbe-4261-b38e-54c0073864b2 to remote] DEBUG org.asynchttpclient.netty.request.NettyRequestSender -- Using pooled Channel '[id: 0x59caad82, L:/127.0.0.1:63152 - R:localhost/127.0.0.1:34477]' for 'GET' to 'http://localhost:34477/session/95c71151-6fbe-4261-b38e-54c0073864b2/screenshot'
22:24:52.710 [Forwarding screenshot on session 95c71151-6fbe-4261-b38e-54c0073864b2 to remote] DEBUG org.asynchttpclient.netty.request.NettyRequestSender -- Using open Channel [id: 0x59caad82, L:/127.0.0.1:63152 - R:localhost/127.0.0.1:34477] for GET '/session/95c71151-6fbe-4261-b38e-54c0073864b2/screenshot'
22:24:52.765 [AsyncHttpClient-1-2] DEBUG org.asynchttpclient.netty.handler.HttpHandler -- 

Request DefaultFullHttpRequest(decodeResult: success, version: HTTP/1.1, content: EmptyByteBufBE)
GET /session/95c71151-6fbe-4261-b38e-54c0073864b2/screenshot HTTP/1.1
Cache-Control: no-cache
User-Agent: selenium/4.12.0 (java windows)
Content-Type: application/json; charset=utf-8
host: localhost:34477
accept: */*

Response DefaultHttpResponse(decodeResult: success, version: HTTP/1.1)
HTTP/1.1 200 OK
content-type: application/json; charset=utf-8
cache-control: no-cache
content-length: 569920
date: Sun, 28 Apr 2024 03:24:52 GMT

22:24:52.767 [AsyncHttpClient-1-2] DEBUG org.asynchttpclient.netty.channel.ChannelManager -- Adding key: http://localhost:34477 for channel [id: 0x59caad82, L:/127.0.0.1:63152 - R:localhost/127.0.0.1:34477]
22:24:52.780 [main] DEBUG net.serenitybdd.core.photography.Darkroom -- Send negative for processing for C:\Users\USUARIO\OneDrive\Documentos\02 Automatización\03 Pragma\pragma\pragma\target\site\serenity\ae582afb1ecbb305068cab16d446c61923594e225aa13c9491f9a808e3ec74c1.png
22:24:53.115 [AsyncHttpClient-1-1] DEBUG org.asynchttpclient.netty.channel.DefaultChannelPool -- Entry count for : http://localhost:34477 : 1
22:24:53.802 [main] DEBUG net.thucydides.core.steps.StepInterceptor -- STARTING STEP: StepInterceptor.testContext - agregoElProductoAlCarritoDeCompra
22:24:53.806 [Forwarding findElement on session 95c71151-6fbe-4261-b38e-54c0073864b2 to remote] DEBUG org.asynchttpclient.netty.request.NettyRequestSender -- Using pooled Channel '[id: 0x59caad82, L:/127.0.0.1:63152 - R:localhost/127.0.0.1:34477]' for 'POST' to 'http://localhost:34477/session/95c71151-6fbe-4261-b38e-54c0073864b2/element'
22:24:53.806 [Forwarding findElement on session 95c71151-6fbe-4261-b38e-54c0073864b2 to remote] DEBUG org.asynchttpclient.netty.request.NettyRequestSender -- Using open Channel [id: 0x59caad82, L:/127.0.0.1:63152 - R:localhost/127.0.0.1:34477] for POST '/session/95c71151-6fbe-4261-b38e-54c0073864b2/element'
22:24:53.811 [AsyncHttpClient-1-2] DEBUG org.asynchttpclient.netty.handler.HttpHandler -- 

Request DefaultHttpRequest(decodeResult: success, version: HTTP/1.1)
POST /session/95c71151-6fbe-4261-b38e-54c0073864b2/element HTTP/1.1
User-Agent: selenium/4.12.0 (java windows)
Content-Length: 83
Content-Type: application/json; charset=utf-8
host: localhost:34477
accept: */*

Response DefaultHttpResponse(decodeResult: success, version: HTTP/1.1)
HTTP/1.1 200 OK
content-type: application/json; charset=utf-8
cache-control: no-cache
content-length: 88
date: Sun, 28 Apr 2024 03:24:53 GMT

22:24:53.811 [AsyncHttpClient-1-2] DEBUG org.asynchttpclient.netty.channel.ChannelManager -- Adding key: http://localhost:34477 for channel [id: 0x59caad82, L:/127.0.0.1:63152 - R:localhost/127.0.0.1:34477]
22:24:53.813 [Forwarding getElementTagName on session 95c71151-6fbe-4261-b38e-54c0073864b2 to remote] DEBUG org.asynchttpclient.netty.request.NettyRequestSender -- Using pooled Channel '[id: 0x59caad82, L:/127.0.0.1:63152 - R:localhost/127.0.0.1:34477]' for 'GET' to 'http://localhost:34477/session/95c71151-6fbe-4261-b38e-54c0073864b2/element/7c58af42-4bcd-4414-bfec-2c3b5ccb4dc1/name'
22:24:53.813 [Forwarding getElementTagName on session 95c71151-6fbe-4261-b38e-54c0073864b2 to remote] DEBUG org.asynchttpclient.netty.request.NettyRequestSender -- Using open Channel [id: 0x59caad82, L:/127.0.0.1:63152 - R:localhost/127.0.0.1:34477] for GET '/session/95c71151-6fbe-4261-b38e-54c0073864b2/element/7c58af42-4bcd-4414-bfec-2c3b5ccb4dc1/name'
22:24:53.815 [AsyncHttpClient-1-2] DEBUG org.asynchttpclient.netty.handler.HttpHandler -- 

Request DefaultFullHttpRequest(decodeResult: success, version: HTTP/1.1, content: EmptyByteBufBE)
GET /session/95c71151-6fbe-4261-b38e-54c0073864b2/element/7c58af42-4bcd-4414-bfec-2c3b5ccb4dc1/name HTTP/1.1
Cache-Control: no-cache
User-Agent: selenium/4.12.0 (java windows)
Content-Type: application/json; charset=utf-8
host: localhost:34477
accept: */*

Response DefaultHttpResponse(decodeResult: success, version: HTTP/1.1)
HTTP/1.1 200 OK
content-type: application/json; charset=utf-8
cache-control: no-cache
content-length: 13
date: Sun, 28 Apr 2024 03:24:53 GMT

22:24:53.815 [AsyncHttpClient-1-2] DEBUG org.asynchttpclient.netty.channel.ChannelManager -- Adding key: http://localhost:34477 for channel [id: 0x59caad82, L:/127.0.0.1:63152 - R:localhost/127.0.0.1:34477]
22:24:53.816 [Forwarding getElementTagName on session 95c71151-6fbe-4261-b38e-54c0073864b2 to remote] DEBUG org.asynchttpclient.netty.request.NettyRequestSender -- Using pooled Channel '[id: 0x59caad82, L:/127.0.0.1:63152 - R:localhost/127.0.0.1:34477]' for 'GET' to 'http://localhost:34477/session/95c71151-6fbe-4261-b38e-54c0073864b2/element/7c58af42-4bcd-4414-bfec-2c3b5ccb4dc1/name'
22:24:53.816 [Forwarding getElementTagName on session 95c71151-6fbe-4261-b38e-54c0073864b2 to remote] DEBUG org.asynchttpclient.netty.request.NettyRequestSender -- Using open Channel [id: 0x59caad82, L:/127.0.0.1:63152 - R:localhost/127.0.0.1:34477] for GET '/session/95c71151-6fbe-4261-b38e-54c0073864b2/element/7c58af42-4bcd-4414-bfec-2c3b5ccb4dc1/name'
22:24:53.818 [AsyncHttpClient-1-2] DEBUG org.asynchttpclient.netty.handler.HttpHandler -- 

Request DefaultFullHttpRequest(decodeResult: success, version: HTTP/1.1, content: EmptyByteBufBE)
GET /session/95c71151-6fbe-4261-b38e-54c0073864b2/element/7c58af42-4bcd-4414-bfec-2c3b5ccb4dc1/name HTTP/1.1
Cache-Control: no-cache
User-Agent: selenium/4.12.0 (java windows)
Content-Type: application/json; charset=utf-8
host: localhost:34477
accept: */*

Response DefaultHttpResponse(decodeResult: success, version: HTTP/1.1)
HTTP/1.1 200 OK
content-type: application/json; charset=utf-8
cache-control: no-cache
content-length: 13
date: Sun, 28 Apr 2024 03:24:53 GMT

22:24:53.818 [AsyncHttpClient-1-2] DEBUG org.asynchttpclient.netty.channel.ChannelManager -- Adding key: http://localhost:34477 for channel [id: 0x59caad82, L:/127.0.0.1:63152 - R:localhost/127.0.0.1:34477]
22:24:53.819 [Forwarding findElement on session 95c71151-6fbe-4261-b38e-54c0073864b2 to remote] DEBUG org.asynchttpclient.netty.request.NettyRequestSender -- Using pooled Channel '[id: 0x59caad82, L:/127.0.0.1:63152 - R:localhost/127.0.0.1:34477]' for 'POST' to 'http://localhost:34477/session/95c71151-6fbe-4261-b38e-54c0073864b2/element'
22:24:53.819 [Forwarding findElement on session 95c71151-6fbe-4261-b38e-54c0073864b2 to remote] DEBUG org.asynchttpclient.netty.request.NettyRequestSender -- Using open Channel [id: 0x59caad82, L:/127.0.0.1:63152 - R:localhost/127.0.0.1:34477] for POST '/session/95c71151-6fbe-4261-b38e-54c0073864b2/element'
22:24:53.820 [AsyncHttpClient-1-2] DEBUG org.asynchttpclient.netty.handler.HttpHandler -- 

Request DefaultHttpRequest(decodeResult: success, version: HTTP/1.1)
POST /session/95c71151-6fbe-4261-b38e-54c0073864b2/element HTTP/1.1
User-Agent: selenium/4.12.0 (java windows)
Content-Length: 83
Content-Type: application/json; charset=utf-8
host: localhost:34477
accept: */*

Response DefaultHttpResponse(decodeResult: success, version: HTTP/1.1)
HTTP/1.1 200 OK
content-type: application/json; charset=utf-8
cache-control: no-cache
content-length: 88
date: Sun, 28 Apr 2024 03:24:53 GMT

22:24:53.821 [AsyncHttpClient-1-2] DEBUG org.asynchttpclient.netty.channel.ChannelManager -- Adding key: http://localhost:34477 for channel [id: 0x59caad82, L:/127.0.0.1:63152 - R:localhost/127.0.0.1:34477]
22:24:53.821 [Forwarding clickElement on session 95c71151-6fbe-4261-b38e-54c0073864b2 to remote] DEBUG org.asynchttpclient.netty.request.NettyRequestSender -- Using pooled Channel '[id: 0x59caad82, L:/127.0.0.1:63152 - R:localhost/127.0.0.1:34477]' for 'POST' to 'http://localhost:34477/session/95c71151-6fbe-4261-b38e-54c0073864b2/element/7c58af42-4bcd-4414-bfec-2c3b5ccb4dc1/click'
22:24:53.821 [Forwarding clickElement on session 95c71151-6fbe-4261-b38e-54c0073864b2 to remote] DEBUG org.asynchttpclient.netty.request.NettyRequestSender -- Using open Channel [id: 0x59caad82, L:/127.0.0.1:63152 - R:localhost/127.0.0.1:34477] for POST '/session/95c71151-6fbe-4261-b38e-54c0073864b2/element/7c58af42-4bcd-4414-bfec-2c3b5ccb4dc1/click'
22:24:53.834 [AsyncHttpClient-1-2] DEBUG org.asynchttpclient.netty.handler.HttpHandler -- 

Request DefaultHttpRequest(decodeResult: success, version: HTTP/1.1)
POST /session/95c71151-6fbe-4261-b38e-54c0073864b2/element/7c58af42-4bcd-4414-bfec-2c3b5ccb4dc1/click HTTP/1.1
User-Agent: selenium/4.12.0 (java windows)
Content-Length: 50
Content-Type: application/json; charset=utf-8
host: localhost:34477
accept: */*

Response DefaultHttpResponse(decodeResult: success, version: HTTP/1.1)
HTTP/1.1 200 OK
content-type: application/json; charset=utf-8
cache-control: no-cache
content-length: 14
date: Sun, 28 Apr 2024 03:24:53 GMT

22:24:53.834 [AsyncHttpClient-1-2] DEBUG org.asynchttpclient.netty.channel.ChannelManager -- Adding key: http://localhost:34477 for channel [id: 0x59caad82, L:/127.0.0.1:63152 - R:localhost/127.0.0.1:34477]
22:24:53.836 [Forwarding getAlertText on session 95c71151-6fbe-4261-b38e-54c0073864b2 to remote] DEBUG org.asynchttpclient.netty.request.NettyRequestSender -- Using pooled Channel '[id: 0x59caad82, L:/127.0.0.1:63152 - R:localhost/127.0.0.1:34477]' for 'GET' to 'http://localhost:34477/session/95c71151-6fbe-4261-b38e-54c0073864b2/alert/text'
22:24:53.836 [Forwarding getAlertText on session 95c71151-6fbe-4261-b38e-54c0073864b2 to remote] DEBUG org.asynchttpclient.netty.request.NettyRequestSender -- Using open Channel [id: 0x59caad82, L:/127.0.0.1:63152 - R:localhost/127.0.0.1:34477] for GET '/session/95c71151-6fbe-4261-b38e-54c0073864b2/alert/text'
22:24:53.837 [AsyncHttpClient-1-2] DEBUG org.asynchttpclient.netty.handler.HttpHandler -- 

Request DefaultFullHttpRequest(decodeResult: success, version: HTTP/1.1, content: EmptyByteBufBE)
GET /session/95c71151-6fbe-4261-b38e-54c0073864b2/alert/text HTTP/1.1
Cache-Control: no-cache
User-Agent: selenium/4.12.0 (java windows)
Content-Type: application/json; charset=utf-8
host: localhost:34477
accept: */*

Response DefaultHttpResponse(decodeResult: success, version: HTTP/1.1)
HTTP/1.1 404 Not Found
content-type: application/json; charset=utf-8
cache-control: no-cache
content-length: 842
date: Sun, 28 Apr 2024 03:24:53 GMT

22:24:53.837 [AsyncHttpClient-1-2] DEBUG org.asynchttpclient.netty.channel.ChannelManager -- Adding key: http://localhost:34477 for channel [id: 0x59caad82, L:/127.0.0.1:63152 - R:localhost/127.0.0.1:34477]
22:24:54.215 [AsyncHttpClient-1-1] DEBUG org.asynchttpclient.netty.channel.DefaultChannelPool -- Entry count for : http://localhost:34477 : 1
22:24:54.352 [Forwarding getAlertText on session 95c71151-6fbe-4261-b38e-54c0073864b2 to remote] DEBUG org.asynchttpclient.netty.request.NettyRequestSender -- Using pooled Channel '[id: 0x59caad82, L:/127.0.0.1:63152 - R:localhost/127.0.0.1:34477]' for 'GET' to 'http://localhost:34477/session/95c71151-6fbe-4261-b38e-54c0073864b2/alert/text'
22:24:54.353 [Forwarding getAlertText on session 95c71151-6fbe-4261-b38e-54c0073864b2 to remote] DEBUG org.asynchttpclient.netty.request.NettyRequestSender -- Using open Channel [id: 0x59caad82, L:/127.0.0.1:63152 - R:localhost/127.0.0.1:34477] for GET '/session/95c71151-6fbe-4261-b38e-54c0073864b2/alert/text'
22:24:54.357 [AsyncHttpClient-1-2] DEBUG org.asynchttpclient.netty.handler.HttpHandler -- 

Request DefaultFullHttpRequest(decodeResult: success, version: HTTP/1.1, content: EmptyByteBufBE)
GET /session/95c71151-6fbe-4261-b38e-54c0073864b2/alert/text HTTP/1.1
Cache-Control: no-cache
User-Agent: selenium/4.12.0 (java windows)
Content-Type: application/json; charset=utf-8
host: localhost:34477
accept: */*

Response DefaultHttpResponse(decodeResult: success, version: HTTP/1.1)
HTTP/1.1 200 OK
content-type: application/json; charset=utf-8
cache-control: no-cache
content-length: 25
date: Sun, 28 Apr 2024 03:24:53 GMT

22:24:54.357 [AsyncHttpClient-1-2] DEBUG org.asynchttpclient.netty.channel.ChannelManager -- Adding key: http://localhost:34477 for channel [id: 0x59caad82, L:/127.0.0.1:63152 - R:localhost/127.0.0.1:34477]
22:24:54.360 [Forwarding getAlertText on session 95c71151-6fbe-4261-b38e-54c0073864b2 to remote] DEBUG org.asynchttpclient.netty.request.NettyRequestSender -- Using pooled Channel '[id: 0x59caad82, L:/127.0.0.1:63152 - R:localhost/127.0.0.1:34477]' for 'GET' to 'http://localhost:34477/session/95c71151-6fbe-4261-b38e-54c0073864b2/alert/text'
22:24:54.361 [Forwarding getAlertText on session 95c71151-6fbe-4261-b38e-54c0073864b2 to remote] DEBUG org.asynchttpclient.netty.request.NettyRequestSender -- Using open Channel [id: 0x59caad82, L:/127.0.0.1:63152 - R:localhost/127.0.0.1:34477] for GET '/session/95c71151-6fbe-4261-b38e-54c0073864b2/alert/text'
22:24:54.363 [AsyncHttpClient-1-2] DEBUG org.asynchttpclient.netty.handler.HttpHandler -- 

Request DefaultFullHttpRequest(decodeResult: success, version: HTTP/1.1, content: EmptyByteBufBE)
GET /session/95c71151-6fbe-4261-b38e-54c0073864b2/alert/text HTTP/1.1
Cache-Control: no-cache
User-Agent: selenium/4.12.0 (java windows)
Content-Type: application/json; charset=utf-8
host: localhost:34477
accept: */*

Response DefaultHttpResponse(decodeResult: success, version: HTTP/1.1)
HTTP/1.1 200 OK
content-type: application/json; charset=utf-8
cache-control: no-cache
content-length: 25
date: Sun, 28 Apr 2024 03:24:53 GMT

22:24:54.363 [AsyncHttpClient-1-2] DEBUG org.asynchttpclient.netty.channel.ChannelManager -- Adding key: http://localhost:34477 for channel [id: 0x59caad82, L:/127.0.0.1:63152 - R:localhost/127.0.0.1:34477]
22:24:54.365 [Forwarding acceptAlert on session 95c71151-6fbe-4261-b38e-54c0073864b2 to remote] DEBUG org.asynchttpclient.netty.request.NettyRequestSender -- Using pooled Channel '[id: 0x59caad82, L:/127.0.0.1:63152 - R:localhost/127.0.0.1:34477]' for 'POST' to 'http://localhost:34477/session/95c71151-6fbe-4261-b38e-54c0073864b2/alert/accept'
22:24:54.366 [Forwarding acceptAlert on session 95c71151-6fbe-4261-b38e-54c0073864b2 to remote] DEBUG org.asynchttpclient.netty.request.NettyRequestSender -- Using open Channel [id: 0x59caad82, L:/127.0.0.1:63152 - R:localhost/127.0.0.1:34477] for POST '/session/95c71151-6fbe-4261-b38e-54c0073864b2/alert/accept'
22:24:54.381 [AsyncHttpClient-1-2] DEBUG org.asynchttpclient.netty.handler.HttpHandler -- 

Request DefaultHttpRequest(decodeResult: success, version: HTTP/1.1)
POST /session/95c71151-6fbe-4261-b38e-54c0073864b2/alert/accept HTTP/1.1
User-Agent: selenium/4.12.0 (java windows)
Content-Length: 3
Content-Type: application/json; charset=utf-8
host: localhost:34477
accept: */*

Response DefaultHttpResponse(decodeResult: success, version: HTTP/1.1)
HTTP/1.1 200 OK
content-type: application/json; charset=utf-8
cache-control: no-cache
content-length: 14
date: Sun, 28 Apr 2024 03:24:53 GMT

22:24:54.381 [AsyncHttpClient-1-2] DEBUG org.asynchttpclient.netty.channel.ChannelManager -- Adding key: http://localhost:34477 for channel [id: 0x59caad82, L:/127.0.0.1:63152 - R:localhost/127.0.0.1:34477]
22:24:54.388 [Forwarding getAlertText on session 95c71151-6fbe-4261-b38e-54c0073864b2 to remote] DEBUG org.asynchttpclient.netty.request.NettyRequestSender -- Using pooled Channel '[id: 0x59caad82, L:/127.0.0.1:63152 - R:localhost/127.0.0.1:34477]' for 'GET' to 'http://localhost:34477/session/95c71151-6fbe-4261-b38e-54c0073864b2/alert/text'
22:24:54.388 [Forwarding getAlertText on session 95c71151-6fbe-4261-b38e-54c0073864b2 to remote] DEBUG org.asynchttpclient.netty.request.NettyRequestSender -- Using open Channel [id: 0x59caad82, L:/127.0.0.1:63152 - R:localhost/127.0.0.1:34477] for GET '/session/95c71151-6fbe-4261-b38e-54c0073864b2/alert/text'
22:24:54.390 [AsyncHttpClient-1-2] DEBUG org.asynchttpclient.netty.handler.HttpHandler -- 

Request DefaultFullHttpRequest(decodeResult: success, version: HTTP/1.1, content: EmptyByteBufBE)
GET /session/95c71151-6fbe-4261-b38e-54c0073864b2/alert/text HTTP/1.1
Cache-Control: no-cache
User-Agent: selenium/4.12.0 (java windows)
Content-Type: application/json; charset=utf-8
host: localhost:34477
accept: */*

Response DefaultHttpResponse(decodeResult: success, version: HTTP/1.1)
HTTP/1.1 404 Not Found
content-type: application/json; charset=utf-8
cache-control: no-cache
content-length: 842
date: Sun, 28 Apr 2024 03:24:53 GMT

22:24:54.390 [AsyncHttpClient-1-2] DEBUG org.asynchttpclient.netty.channel.ChannelManager -- Adding key: http://localhost:34477 for channel [id: 0x59caad82, L:/127.0.0.1:63152 - R:localhost/127.0.0.1:34477]
22:24:54.391 [Forwarding getCurrentUrl on session 95c71151-6fbe-4261-b38e-54c0073864b2 to remote] DEBUG org.asynchttpclient.netty.request.NettyRequestSender -- Using pooled Channel '[id: 0x59caad82, L:/127.0.0.1:63152 - R:localhost/127.0.0.1:34477]' for 'GET' to 'http://localhost:34477/session/95c71151-6fbe-4261-b38e-54c0073864b2/url'
22:24:54.391 [Forwarding getCurrentUrl on session 95c71151-6fbe-4261-b38e-54c0073864b2 to remote] DEBUG org.asynchttpclient.netty.request.NettyRequestSender -- Using open Channel [id: 0x59caad82, L:/127.0.0.1:63152 - R:localhost/127.0.0.1:34477] for GET '/session/95c71151-6fbe-4261-b38e-54c0073864b2/url'
22:24:54.393 [AsyncHttpClient-1-2] DEBUG org.asynchttpclient.netty.handler.HttpHandler -- 

Request DefaultFullHttpRequest(decodeResult: success, version: HTTP/1.1, content: EmptyByteBufBE)
GET /session/95c71151-6fbe-4261-b38e-54c0073864b2/url HTTP/1.1
Cache-Control: no-cache
User-Agent: selenium/4.12.0 (java windows)
Content-Type: application/json; charset=utf-8
host: localhost:34477
accept: */*

Response DefaultHttpResponse(decodeResult: success, version: HTTP/1.1)
HTTP/1.1 200 OK
content-type: application/json; charset=utf-8
cache-control: no-cache
content-length: 55
date: Sun, 28 Apr 2024 03:24:53 GMT

22:24:54.393 [AsyncHttpClient-1-2] DEBUG org.asynchttpclient.netty.channel.ChannelManager -- Adding key: http://localhost:34477 for channel [id: 0x59caad82, L:/127.0.0.1:63152 - R:localhost/127.0.0.1:34477]
22:24:54.394 [Forwarding screenshot on session 95c71151-6fbe-4261-b38e-54c0073864b2 to remote] DEBUG org.asynchttpclient.netty.request.NettyRequestSender -- Using pooled Channel '[id: 0x59caad82, L:/127.0.0.1:63152 - R:localhost/127.0.0.1:34477]' for 'GET' to 'http://localhost:34477/session/95c71151-6fbe-4261-b38e-54c0073864b2/screenshot'
22:24:54.394 [Forwarding screenshot on session 95c71151-6fbe-4261-b38e-54c0073864b2 to remote] DEBUG org.asynchttpclient.netty.request.NettyRequestSender -- Using open Channel [id: 0x59caad82, L:/127.0.0.1:63152 - R:localhost/127.0.0.1:34477] for GET '/session/95c71151-6fbe-4261-b38e-54c0073864b2/screenshot'
22:24:54.448 [AsyncHttpClient-1-2] DEBUG org.asynchttpclient.netty.handler.HttpHandler -- 

Request DefaultFullHttpRequest(decodeResult: success, version: HTTP/1.1, content: EmptyByteBufBE)
GET /session/95c71151-6fbe-4261-b38e-54c0073864b2/screenshot HTTP/1.1
Cache-Control: no-cache
User-Agent: selenium/4.12.0 (java windows)
Content-Type: application/json; charset=utf-8
host: localhost:34477
accept: */*

Response DefaultHttpResponse(decodeResult: success, version: HTTP/1.1)
HTTP/1.1 200 OK
content-type: application/json; charset=utf-8
cache-control: no-cache
content-length: 570536
date: Sun, 28 Apr 2024 03:24:53 GMT

22:24:54.449 [AsyncHttpClient-1-2] DEBUG org.asynchttpclient.netty.channel.ChannelManager -- Adding key: http://localhost:34477 for channel [id: 0x59caad82, L:/127.0.0.1:63152 - R:localhost/127.0.0.1:34477]
22:24:54.457 [main] DEBUG net.serenitybdd.core.photography.Darkroom -- Send negative for processing for C:\Users\USUARIO\OneDrive\Documentos\02 Automatización\03 Pragma\pragma\pragma\target\site\serenity\898615a5a89357c4144686c803b22776107d5a807c3797751df96b7842b66bc6.png
22:24:54.458 [Darkroom Processing Line] DEBUG net.serenitybdd.core.photography.DarkroomProcessingLine -- Processing screenshot image in /var/screenshots/screenshot-7471781010486963665
22:24:54.458 [Darkroom Processing Line] DEBUG net.serenitybdd.core.photography.DarkroomProcessingLine -- Saving screenshot to C:\Users\USUARIO\OneDrive\Documentos\02 Automatización\03 Pragma\pragma\pragma\target\site\serenity\898615a5a89357c4144686c803b22776107d5a807c3797751df96b7842b66bc6.png
22:24:55.315 [AsyncHttpClient-1-1] DEBUG org.asynchttpclient.netty.channel.DefaultChannelPool -- Entry count for : http://localhost:34477 : 1
22:24:55.464 [main] DEBUG net.thucydides.core.steps.StepInterceptor -- STEP DONE: agregoElProductoAlCarritoDeCompra
22:24:55.472 [Forwarding getAlertText on session 95c71151-6fbe-4261-b38e-54c0073864b2 to remote] DEBUG org.asynchttpclient.netty.request.NettyRequestSender -- Using pooled Channel '[id: 0x59caad82, L:/127.0.0.1:63152 - R:localhost/127.0.0.1:34477]' for 'GET' to 'http://localhost:34477/session/95c71151-6fbe-4261-b38e-54c0073864b2/alert/text'
22:24:55.472 [Forwarding getAlertText on session 95c71151-6fbe-4261-b38e-54c0073864b2 to remote] DEBUG org.asynchttpclient.netty.request.NettyRequestSender -- Using open Channel [id: 0x59caad82, L:/127.0.0.1:63152 - R:localhost/127.0.0.1:34477] for GET '/session/95c71151-6fbe-4261-b38e-54c0073864b2/alert/text'
22:24:55.475 [AsyncHttpClient-1-2] DEBUG org.asynchttpclient.netty.handler.HttpHandler -- 

Request DefaultFullHttpRequest(decodeResult: success, version: HTTP/1.1, content: EmptyByteBufBE)
GET /session/95c71151-6fbe-4261-b38e-54c0073864b2/alert/text HTTP/1.1
Cache-Control: no-cache
User-Agent: selenium/4.12.0 (java windows)
Content-Type: application/json; charset=utf-8
host: localhost:34477
accept: */*

Response DefaultHttpResponse(decodeResult: success, version: HTTP/1.1)
HTTP/1.1 404 Not Found
content-type: application/json; charset=utf-8
cache-control: no-cache
content-length: 842
date: Sun, 28 Apr 2024 03:24:55 GMT

22:24:55.476 [AsyncHttpClient-1-2] DEBUG org.asynchttpclient.netty.channel.ChannelManager -- Adding key: http://localhost:34477 for channel [id: 0x59caad82, L:/127.0.0.1:63152 - R:localhost/127.0.0.1:34477]
22:24:55.478 [Forwarding getCurrentUrl on session 95c71151-6fbe-4261-b38e-54c0073864b2 to remote] DEBUG org.asynchttpclient.netty.request.NettyRequestSender -- Using pooled Channel '[id: 0x59caad82, L:/127.0.0.1:63152 - R:localhost/127.0.0.1:34477]' for 'GET' to 'http://localhost:34477/session/95c71151-6fbe-4261-b38e-54c0073864b2/url'
22:24:55.478 [Forwarding getCurrentUrl on session 95c71151-6fbe-4261-b38e-54c0073864b2 to remote] DEBUG org.asynchttpclient.netty.request.NettyRequestSender -- Using open Channel [id: 0x59caad82, L:/127.0.0.1:63152 - R:localhost/127.0.0.1:34477] for GET '/session/95c71151-6fbe-4261-b38e-54c0073864b2/url'
22:24:55.480 [AsyncHttpClient-1-2] DEBUG org.asynchttpclient.netty.handler.HttpHandler -- 

Request DefaultFullHttpRequest(decodeResult: success, version: HTTP/1.1, content: EmptyByteBufBE)
GET /session/95c71151-6fbe-4261-b38e-54c0073864b2/url HTTP/1.1
Cache-Control: no-cache
User-Agent: selenium/4.12.0 (java windows)
Content-Type: application/json; charset=utf-8
host: localhost:34477
accept: */*

Response DefaultHttpResponse(decodeResult: success, version: HTTP/1.1)
HTTP/1.1 200 OK
content-type: application/json; charset=utf-8
cache-control: no-cache
content-length: 55
date: Sun, 28 Apr 2024 03:24:55 GMT

22:24:55.481 [AsyncHttpClient-1-2] DEBUG org.asynchttpclient.netty.channel.ChannelManager -- Adding key: http://localhost:34477 for channel [id: 0x59caad82, L:/127.0.0.1:63152 - R:localhost/127.0.0.1:34477]
22:24:55.482 [Forwarding screenshot on session 95c71151-6fbe-4261-b38e-54c0073864b2 to remote] DEBUG org.asynchttpclient.netty.request.NettyRequestSender -- Using pooled Channel '[id: 0x59caad82, L:/127.0.0.1:63152 - R:localhost/127.0.0.1:34477]' for 'GET' to 'http://localhost:34477/session/95c71151-6fbe-4261-b38e-54c0073864b2/screenshot'
22:24:55.482 [Forwarding screenshot on session 95c71151-6fbe-4261-b38e-54c0073864b2 to remote] DEBUG org.asynchttpclient.netty.request.NettyRequestSender -- Using open Channel [id: 0x59caad82, L:/127.0.0.1:63152 - R:localhost/127.0.0.1:34477] for GET '/session/95c71151-6fbe-4261-b38e-54c0073864b2/screenshot'
22:24:55.536 [AsyncHttpClient-1-2] DEBUG org.asynchttpclient.netty.handler.HttpHandler -- 

Request DefaultFullHttpRequest(decodeResult: success, version: HTTP/1.1, content: EmptyByteBufBE)
GET /session/95c71151-6fbe-4261-b38e-54c0073864b2/screenshot HTTP/1.1
Cache-Control: no-cache
User-Agent: selenium/4.12.0 (java windows)
Content-Type: application/json; charset=utf-8
host: localhost:34477
accept: */*

Response DefaultHttpResponse(decodeResult: success, version: HTTP/1.1)
HTTP/1.1 200 OK
content-type: application/json; charset=utf-8
cache-control: no-cache
content-length: 570536
date: Sun, 28 Apr 2024 03:24:55 GMT

22:24:55.537 [AsyncHttpClient-1-2] DEBUG org.asynchttpclient.netty.channel.ChannelManager -- Adding key: http://localhost:34477 for channel [id: 0x59caad82, L:/127.0.0.1:63152 - R:localhost/127.0.0.1:34477]
22:24:55.545 [main] DEBUG net.serenitybdd.core.photography.Darkroom -- Send negative for processing for C:\Users\USUARIO\OneDrive\Documentos\02 Automatización\03 Pragma\pragma\pragma\target\site\serenity\898615a5a89357c4144686c803b22776107d5a807c3797751df96b7842b66bc6.png
22:24:56.415 [AsyncHttpClient-1-1] DEBUG org.asynchttpclient.netty.channel.DefaultChannelPool -- Entry count for : http://localhost:34477 : 1
22:24:56.556 [main] DEBUG net.thucydides.core.steps.StepInterceptor -- STARTING STEP: StepInterceptor.testContext - ingresoAlCarritoDeCompras
22:24:56.558 [Forwarding findElement on session 95c71151-6fbe-4261-b38e-54c0073864b2 to remote] DEBUG org.asynchttpclient.netty.request.NettyRequestSender -- Using pooled Channel '[id: 0x59caad82, L:/127.0.0.1:63152 - R:localhost/127.0.0.1:34477]' for 'POST' to 'http://localhost:34477/session/95c71151-6fbe-4261-b38e-54c0073864b2/element'
22:24:56.558 [Forwarding findElement on session 95c71151-6fbe-4261-b38e-54c0073864b2 to remote] DEBUG org.asynchttpclient.netty.request.NettyRequestSender -- Using open Channel [id: 0x59caad82, L:/127.0.0.1:63152 - R:localhost/127.0.0.1:34477] for POST '/session/95c71151-6fbe-4261-b38e-54c0073864b2/element'
22:24:56.560 [AsyncHttpClient-1-2] DEBUG org.asynchttpclient.netty.handler.HttpHandler -- 

Request DefaultHttpRequest(decodeResult: success, version: HTTP/1.1)
POST /session/95c71151-6fbe-4261-b38e-54c0073864b2/element HTTP/1.1
User-Agent: selenium/4.12.0 (java windows)
Content-Length: 64
Content-Type: application/json; charset=utf-8
host: localhost:34477
accept: */*

Response DefaultHttpResponse(decodeResult: success, version: HTTP/1.1)
HTTP/1.1 200 OK
content-type: application/json; charset=utf-8
cache-control: no-cache
content-length: 88
date: Sun, 28 Apr 2024 03:24:56 GMT

22:24:56.560 [AsyncHttpClient-1-2] DEBUG org.asynchttpclient.netty.channel.ChannelManager -- Adding key: http://localhost:34477 for channel [id: 0x59caad82, L:/127.0.0.1:63152 - R:localhost/127.0.0.1:34477]
22:24:56.561 [Forwarding getElementTagName on session 95c71151-6fbe-4261-b38e-54c0073864b2 to remote] DEBUG org.asynchttpclient.netty.request.NettyRequestSender -- Using pooled Channel '[id: 0x59caad82, L:/127.0.0.1:63152 - R:localhost/127.0.0.1:34477]' for 'GET' to 'http://localhost:34477/session/95c71151-6fbe-4261-b38e-54c0073864b2/element/2ce580dd-e01a-44b3-b375-c58fb63a2b2e/name'
22:24:56.561 [Forwarding getElementTagName on session 95c71151-6fbe-4261-b38e-54c0073864b2 to remote] DEBUG org.asynchttpclient.netty.request.NettyRequestSender -- Using open Channel [id: 0x59caad82, L:/127.0.0.1:63152 - R:localhost/127.0.0.1:34477] for GET '/session/95c71151-6fbe-4261-b38e-54c0073864b2/element/2ce580dd-e01a-44b3-b375-c58fb63a2b2e/name'
22:24:56.562 [AsyncHttpClient-1-2] DEBUG org.asynchttpclient.netty.handler.HttpHandler -- 

Request DefaultFullHttpRequest(decodeResult: success, version: HTTP/1.1, content: EmptyByteBufBE)
GET /session/95c71151-6fbe-4261-b38e-54c0073864b2/element/2ce580dd-e01a-44b3-b375-c58fb63a2b2e/name HTTP/1.1
Cache-Control: no-cache
User-Agent: selenium/4.12.0 (java windows)
Content-Type: application/json; charset=utf-8
host: localhost:34477
accept: */*

Response DefaultHttpResponse(decodeResult: success, version: HTTP/1.1)
HTTP/1.1 200 OK
content-type: application/json; charset=utf-8
cache-control: no-cache
content-length: 13
date: Sun, 28 Apr 2024 03:24:56 GMT

22:24:56.563 [AsyncHttpClient-1-2] DEBUG org.asynchttpclient.netty.channel.ChannelManager -- Adding key: http://localhost:34477 for channel [id: 0x59caad82, L:/127.0.0.1:63152 - R:localhost/127.0.0.1:34477]
22:24:56.563 [Forwarding getElementTagName on session 95c71151-6fbe-4261-b38e-54c0073864b2 to remote] DEBUG org.asynchttpclient.netty.request.NettyRequestSender -- Using pooled Channel '[id: 0x59caad82, L:/127.0.0.1:63152 - R:localhost/127.0.0.1:34477]' for 'GET' to 'http://localhost:34477/session/95c71151-6fbe-4261-b38e-54c0073864b2/element/2ce580dd-e01a-44b3-b375-c58fb63a2b2e/name'
22:24:56.563 [Forwarding getElementTagName on session 95c71151-6fbe-4261-b38e-54c0073864b2 to remote] DEBUG org.asynchttpclient.netty.request.NettyRequestSender -- Using open Channel [id: 0x59caad82, L:/127.0.0.1:63152 - R:localhost/127.0.0.1:34477] for GET '/session/95c71151-6fbe-4261-b38e-54c0073864b2/element/2ce580dd-e01a-44b3-b375-c58fb63a2b2e/name'
22:24:56.566 [AsyncHttpClient-1-2] DEBUG org.asynchttpclient.netty.handler.HttpHandler -- 

Request DefaultFullHttpRequest(decodeResult: success, version: HTTP/1.1, content: EmptyByteBufBE)
GET /session/95c71151-6fbe-4261-b38e-54c0073864b2/element/2ce580dd-e01a-44b3-b375-c58fb63a2b2e/name HTTP/1.1
Cache-Control: no-cache
User-Agent: selenium/4.12.0 (java windows)
Content-Type: application/json; charset=utf-8
host: localhost:34477
accept: */*

Response DefaultHttpResponse(decodeResult: success, version: HTTP/1.1)
HTTP/1.1 200 OK
content-type: application/json; charset=utf-8
cache-control: no-cache
content-length: 13
date: Sun, 28 Apr 2024 03:24:56 GMT

22:24:56.567 [AsyncHttpClient-1-2] DEBUG org.asynchttpclient.netty.channel.ChannelManager -- Adding key: http://localhost:34477 for channel [id: 0x59caad82, L:/127.0.0.1:63152 - R:localhost/127.0.0.1:34477]
22:24:56.569 [Forwarding findElement on session 95c71151-6fbe-4261-b38e-54c0073864b2 to remote] DEBUG org.asynchttpclient.netty.request.NettyRequestSender -- Using pooled Channel '[id: 0x59caad82, L:/127.0.0.1:63152 - R:localhost/127.0.0.1:34477]' for 'POST' to 'http://localhost:34477/session/95c71151-6fbe-4261-b38e-54c0073864b2/element'
22:24:56.569 [Forwarding findElement on session 95c71151-6fbe-4261-b38e-54c0073864b2 to remote] DEBUG org.asynchttpclient.netty.request.NettyRequestSender -- Using open Channel [id: 0x59caad82, L:/127.0.0.1:63152 - R:localhost/127.0.0.1:34477] for POST '/session/95c71151-6fbe-4261-b38e-54c0073864b2/element'
22:24:56.570 [AsyncHttpClient-1-2] DEBUG org.asynchttpclient.netty.handler.HttpHandler -- 

Request DefaultHttpRequest(decodeResult: success, version: HTTP/1.1)
POST /session/95c71151-6fbe-4261-b38e-54c0073864b2/element HTTP/1.1
User-Agent: selenium/4.12.0 (java windows)
Content-Length: 64
Content-Type: application/json; charset=utf-8
host: localhost:34477
accept: */*

Response DefaultHttpResponse(decodeResult: success, version: HTTP/1.1)
HTTP/1.1 200 OK
content-type: application/json; charset=utf-8
cache-control: no-cache
content-length: 88
date: Sun, 28 Apr 2024 03:24:56 GMT

22:24:56.570 [AsyncHttpClient-1-2] DEBUG org.asynchttpclient.netty.channel.ChannelManager -- Adding key: http://localhost:34477 for channel [id: 0x59caad82, L:/127.0.0.1:63152 - R:localhost/127.0.0.1:34477]
22:24:56.571 [Forwarding clickElement on session 95c71151-6fbe-4261-b38e-54c0073864b2 to remote] DEBUG org.asynchttpclient.netty.request.NettyRequestSender -- Using pooled Channel '[id: 0x59caad82, L:/127.0.0.1:63152 - R:localhost/127.0.0.1:34477]' for 'POST' to 'http://localhost:34477/session/95c71151-6fbe-4261-b38e-54c0073864b2/element/2ce580dd-e01a-44b3-b375-c58fb63a2b2e/click'
22:24:56.571 [Forwarding clickElement on session 95c71151-6fbe-4261-b38e-54c0073864b2 to remote] DEBUG org.asynchttpclient.netty.request.NettyRequestSender -- Using open Channel [id: 0x59caad82, L:/127.0.0.1:63152 - R:localhost/127.0.0.1:34477] for POST '/session/95c71151-6fbe-4261-b38e-54c0073864b2/element/2ce580dd-e01a-44b3-b375-c58fb63a2b2e/click'
22:24:56.895 [AsyncHttpClient-1-2] DEBUG org.asynchttpclient.netty.handler.HttpHandler -- 

Request DefaultHttpRequest(decodeResult: success, version: HTTP/1.1)
POST /session/95c71151-6fbe-4261-b38e-54c0073864b2/element/2ce580dd-e01a-44b3-b375-c58fb63a2b2e/click HTTP/1.1
User-Agent: selenium/4.12.0 (java windows)
Content-Length: 50
Content-Type: application/json; charset=utf-8
host: localhost:34477
accept: */*

Response DefaultHttpResponse(decodeResult: success, version: HTTP/1.1)
HTTP/1.1 200 OK
content-type: application/json; charset=utf-8
cache-control: no-cache
content-length: 14
date: Sun, 28 Apr 2024 03:24:56 GMT

22:24:56.895 [AsyncHttpClient-1-2] DEBUG org.asynchttpclient.netty.channel.ChannelManager -- Adding key: http://localhost:34477 for channel [id: 0x59caad82, L:/127.0.0.1:63152 - R:localhost/127.0.0.1:34477]
22:24:56.902 [Forwarding getAlertText on session 95c71151-6fbe-4261-b38e-54c0073864b2 to remote] DEBUG org.asynchttpclient.netty.request.NettyRequestSender -- Using pooled Channel '[id: 0x59caad82, L:/127.0.0.1:63152 - R:localhost/127.0.0.1:34477]' for 'GET' to 'http://localhost:34477/session/95c71151-6fbe-4261-b38e-54c0073864b2/alert/text'
22:24:56.902 [Forwarding getAlertText on session 95c71151-6fbe-4261-b38e-54c0073864b2 to remote] DEBUG org.asynchttpclient.netty.request.NettyRequestSender -- Using open Channel [id: 0x59caad82, L:/127.0.0.1:63152 - R:localhost/127.0.0.1:34477] for GET '/session/95c71151-6fbe-4261-b38e-54c0073864b2/alert/text'
22:24:56.904 [AsyncHttpClient-1-2] DEBUG org.asynchttpclient.netty.handler.HttpHandler -- 

Request DefaultFullHttpRequest(decodeResult: success, version: HTTP/1.1, content: EmptyByteBufBE)
GET /session/95c71151-6fbe-4261-b38e-54c0073864b2/alert/text HTTP/1.1
Cache-Control: no-cache
User-Agent: selenium/4.12.0 (java windows)
Content-Type: application/json; charset=utf-8
host: localhost:34477
accept: */*

Response DefaultHttpResponse(decodeResult: success, version: HTTP/1.1)
HTTP/1.1 404 Not Found
content-type: application/json; charset=utf-8
cache-control: no-cache
content-length: 842
date: Sun, 28 Apr 2024 03:24:56 GMT

22:24:56.904 [AsyncHttpClient-1-2] DEBUG org.asynchttpclient.netty.channel.ChannelManager -- Adding key: http://localhost:34477 for channel [id: 0x59caad82, L:/127.0.0.1:63152 - R:localhost/127.0.0.1:34477]
22:24:56.905 [Forwarding getCurrentUrl on session 95c71151-6fbe-4261-b38e-54c0073864b2 to remote] DEBUG org.asynchttpclient.netty.request.NettyRequestSender -- Using pooled Channel '[id: 0x59caad82, L:/127.0.0.1:63152 - R:localhost/127.0.0.1:34477]' for 'GET' to 'http://localhost:34477/session/95c71151-6fbe-4261-b38e-54c0073864b2/url'
22:24:56.905 [Forwarding getCurrentUrl on session 95c71151-6fbe-4261-b38e-54c0073864b2 to remote] DEBUG org.asynchttpclient.netty.request.NettyRequestSender -- Using open Channel [id: 0x59caad82, L:/127.0.0.1:63152 - R:localhost/127.0.0.1:34477] for GET '/session/95c71151-6fbe-4261-b38e-54c0073864b2/url'
22:24:56.906 [AsyncHttpClient-1-2] DEBUG org.asynchttpclient.netty.handler.HttpHandler -- 

Request DefaultFullHttpRequest(decodeResult: success, version: HTTP/1.1, content: EmptyByteBufBE)
GET /session/95c71151-6fbe-4261-b38e-54c0073864b2/url HTTP/1.1
Cache-Control: no-cache
User-Agent: selenium/4.12.0 (java windows)
Content-Type: application/json; charset=utf-8
host: localhost:34477
accept: */*

Response DefaultHttpResponse(decodeResult: success, version: HTTP/1.1)
HTTP/1.1 200 OK
content-type: application/json; charset=utf-8
cache-control: no-cache
content-length: 47
date: Sun, 28 Apr 2024 03:24:56 GMT

22:24:56.906 [AsyncHttpClient-1-2] DEBUG org.asynchttpclient.netty.channel.ChannelManager -- Adding key: http://localhost:34477 for channel [id: 0x59caad82, L:/127.0.0.1:63152 - R:localhost/127.0.0.1:34477]
22:24:56.907 [Forwarding screenshot on session 95c71151-6fbe-4261-b38e-54c0073864b2 to remote] DEBUG org.asynchttpclient.netty.request.NettyRequestSender -- Using pooled Channel '[id: 0x59caad82, L:/127.0.0.1:63152 - R:localhost/127.0.0.1:34477]' for 'GET' to 'http://localhost:34477/session/95c71151-6fbe-4261-b38e-54c0073864b2/screenshot'
22:24:56.907 [Forwarding screenshot on session 95c71151-6fbe-4261-b38e-54c0073864b2 to remote] DEBUG org.asynchttpclient.netty.request.NettyRequestSender -- Using open Channel [id: 0x59caad82, L:/127.0.0.1:63152 - R:localhost/127.0.0.1:34477] for GET '/session/95c71151-6fbe-4261-b38e-54c0073864b2/screenshot'
22:24:56.945 [AsyncHttpClient-1-2] DEBUG org.asynchttpclient.netty.handler.HttpHandler -- 

Request DefaultFullHttpRequest(decodeResult: success, version: HTTP/1.1, content: EmptyByteBufBE)
GET /session/95c71151-6fbe-4261-b38e-54c0073864b2/screenshot HTTP/1.1
Cache-Control: no-cache
User-Agent: selenium/4.12.0 (java windows)
Content-Type: application/json; charset=utf-8
host: localhost:34477
accept: */*

Response DefaultHttpResponse(decodeResult: success, version: HTTP/1.1)
HTTP/1.1 200 OK
content-type: application/json; charset=utf-8
cache-control: no-cache
content-length: 286856
date: Sun, 28 Apr 2024 03:24:56 GMT

22:24:56.948 [AsyncHttpClient-1-2] DEBUG org.asynchttpclient.netty.channel.ChannelManager -- Adding key: http://localhost:34477 for channel [id: 0x59caad82, L:/127.0.0.1:63152 - R:localhost/127.0.0.1:34477]
22:24:56.955 [main] DEBUG net.serenitybdd.core.photography.Darkroom -- Send negative for processing for C:\Users\USUARIO\OneDrive\Documentos\02 Automatización\03 Pragma\pragma\pragma\target\site\serenity\5dc66e2877f7902fd4d4084dc1cc5fe67825ee3c2bff8a15944ee7f39ec50584.png
22:24:57.515 [AsyncHttpClient-1-1] DEBUG org.asynchttpclient.netty.channel.DefaultChannelPool -- Entry count for : http://localhost:34477 : 1
22:24:57.965 [main] DEBUG net.thucydides.core.steps.StepInterceptor -- STEP DONE: ingresoAlCarritoDeCompras
22:24:57.972 [Forwarding getAlertText on session 95c71151-6fbe-4261-b38e-54c0073864b2 to remote] DEBUG org.asynchttpclient.netty.request.NettyRequestSender -- Using pooled Channel '[id: 0x59caad82, L:/127.0.0.1:63152 - R:localhost/127.0.0.1:34477]' for 'GET' to 'http://localhost:34477/session/95c71151-6fbe-4261-b38e-54c0073864b2/alert/text'
22:24:57.972 [Forwarding getAlertText on session 95c71151-6fbe-4261-b38e-54c0073864b2 to remote] DEBUG org.asynchttpclient.netty.request.NettyRequestSender -- Using open Channel [id: 0x59caad82, L:/127.0.0.1:63152 - R:localhost/127.0.0.1:34477] for GET '/session/95c71151-6fbe-4261-b38e-54c0073864b2/alert/text'
22:24:57.976 [AsyncHttpClient-1-2] DEBUG org.asynchttpclient.netty.handler.HttpHandler -- 

Request DefaultFullHttpRequest(decodeResult: success, version: HTTP/1.1, content: EmptyByteBufBE)
GET /session/95c71151-6fbe-4261-b38e-54c0073864b2/alert/text HTTP/1.1
Cache-Control: no-cache
User-Agent: selenium/4.12.0 (java windows)
Content-Type: application/json; charset=utf-8
host: localhost:34477
accept: */*

Response DefaultHttpResponse(decodeResult: success, version: HTTP/1.1)
HTTP/1.1 404 Not Found
content-type: application/json; charset=utf-8
cache-control: no-cache
content-length: 842
date: Sun, 28 Apr 2024 03:24:57 GMT

22:24:57.976 [AsyncHttpClient-1-2] DEBUG org.asynchttpclient.netty.channel.ChannelManager -- Adding key: http://localhost:34477 for channel [id: 0x59caad82, L:/127.0.0.1:63152 - R:localhost/127.0.0.1:34477]
22:24:57.977 [Forwarding getCurrentUrl on session 95c71151-6fbe-4261-b38e-54c0073864b2 to remote] DEBUG org.asynchttpclient.netty.request.NettyRequestSender -- Using pooled Channel '[id: 0x59caad82, L:/127.0.0.1:63152 - R:localhost/127.0.0.1:34477]' for 'GET' to 'http://localhost:34477/session/95c71151-6fbe-4261-b38e-54c0073864b2/url'
22:24:57.978 [Forwarding getCurrentUrl on session 95c71151-6fbe-4261-b38e-54c0073864b2 to remote] DEBUG org.asynchttpclient.netty.request.NettyRequestSender -- Using open Channel [id: 0x59caad82, L:/127.0.0.1:63152 - R:localhost/127.0.0.1:34477] for GET '/session/95c71151-6fbe-4261-b38e-54c0073864b2/url'
22:24:57.980 [AsyncHttpClient-1-2] DEBUG org.asynchttpclient.netty.handler.HttpHandler -- 

Request DefaultFullHttpRequest(decodeResult: success, version: HTTP/1.1, content: EmptyByteBufBE)
GET /session/95c71151-6fbe-4261-b38e-54c0073864b2/url HTTP/1.1
Cache-Control: no-cache
User-Agent: selenium/4.12.0 (java windows)
Content-Type: application/json; charset=utf-8
host: localhost:34477
accept: */*

Response DefaultHttpResponse(decodeResult: success, version: HTTP/1.1)
HTTP/1.1 200 OK
content-type: application/json; charset=utf-8
cache-control: no-cache
content-length: 47
date: Sun, 28 Apr 2024 03:24:57 GMT

22:24:57.980 [AsyncHttpClient-1-2] DEBUG org.asynchttpclient.netty.channel.ChannelManager -- Adding key: http://localhost:34477 for channel [id: 0x59caad82, L:/127.0.0.1:63152 - R:localhost/127.0.0.1:34477]
22:24:57.981 [Forwarding screenshot on session 95c71151-6fbe-4261-b38e-54c0073864b2 to remote] DEBUG org.asynchttpclient.netty.request.NettyRequestSender -- Using pooled Channel '[id: 0x59caad82, L:/127.0.0.1:63152 - R:localhost/127.0.0.1:34477]' for 'GET' to 'http://localhost:34477/session/95c71151-6fbe-4261-b38e-54c0073864b2/screenshot'
22:24:57.982 [Forwarding screenshot on session 95c71151-6fbe-4261-b38e-54c0073864b2 to remote] DEBUG org.asynchttpclient.netty.request.NettyRequestSender -- Using open Channel [id: 0x59caad82, L:/127.0.0.1:63152 - R:localhost/127.0.0.1:34477] for GET '/session/95c71151-6fbe-4261-b38e-54c0073864b2/screenshot'
22:24:58.026 [AsyncHttpClient-1-2] DEBUG org.asynchttpclient.netty.handler.HttpHandler -- 

Request DefaultFullHttpRequest(decodeResult: success, version: HTTP/1.1, content: EmptyByteBufBE)
GET /session/95c71151-6fbe-4261-b38e-54c0073864b2/screenshot HTTP/1.1
Cache-Control: no-cache
User-Agent: selenium/4.12.0 (java windows)
Content-Type: application/json; charset=utf-8
host: localhost:34477
accept: */*

Response DefaultHttpResponse(decodeResult: success, version: HTTP/1.1)
HTTP/1.1 200 OK
content-type: application/json; charset=utf-8
cache-control: no-cache
content-length: 332812
date: Sun, 28 Apr 2024 03:24:57 GMT

22:24:58.027 [AsyncHttpClient-1-2] DEBUG org.asynchttpclient.netty.channel.ChannelManager -- Adding key: http://localhost:34477 for channel [id: 0x59caad82, L:/127.0.0.1:63152 - R:localhost/127.0.0.1:34477]
22:24:58.031 [main] DEBUG net.serenitybdd.core.photography.Darkroom -- Send negative for processing for C:\Users\USUARIO\OneDrive\Documentos\02 Automatización\03 Pragma\pragma\pragma\target\site\serenity\59165af437192763202e4540ec237d392207dfd87bda45f89483a0298e64d785.png
22:24:58.031 [Darkroom Processing Line] DEBUG net.serenitybdd.core.photography.DarkroomProcessingLine -- Processing screenshot image in /var/screenshots/screenshot-13895624279251518683
22:24:58.032 [Darkroom Processing Line] DEBUG net.serenitybdd.core.photography.DarkroomProcessingLine -- Saving screenshot to C:\Users\USUARIO\OneDrive\Documentos\02 Automatización\03 Pragma\pragma\pragma\target\site\serenity\59165af437192763202e4540ec237d392207dfd87bda45f89483a0298e64d785.png
22:24:58.617 [AsyncHttpClient-1-1] DEBUG org.asynchttpclient.netty.channel.DefaultChannelPool -- Entry count for : http://localhost:34477 : 1
22:24:59.046 [main] DEBUG net.thucydides.core.steps.StepInterceptor -- STARTING STEP: StepInterceptor.testContext - validarAdicionCorrectaDeProducto
22:24:59.048 [Forwarding findElement on session 95c71151-6fbe-4261-b38e-54c0073864b2 to remote] DEBUG org.asynchttpclient.netty.request.NettyRequestSender -- Using pooled Channel '[id: 0x59caad82, L:/127.0.0.1:63152 - R:localhost/127.0.0.1:34477]' for 'POST' to 'http://localhost:34477/session/95c71151-6fbe-4261-b38e-54c0073864b2/element'
22:24:59.048 [Forwarding findElement on session 95c71151-6fbe-4261-b38e-54c0073864b2 to remote] DEBUG org.asynchttpclient.netty.request.NettyRequestSender -- Using open Channel [id: 0x59caad82, L:/127.0.0.1:63152 - R:localhost/127.0.0.1:34477] for POST '/session/95c71151-6fbe-4261-b38e-54c0073864b2/element'
22:24:59.053 [AsyncHttpClient-1-2] DEBUG org.asynchttpclient.netty.handler.HttpHandler -- 

Request DefaultHttpRequest(decodeResult: success, version: HTTP/1.1)
POST /session/95c71151-6fbe-4261-b38e-54c0073864b2/element HTTP/1.1
User-Agent: selenium/4.12.0 (java windows)
Content-Length: 263
Content-Type: application/json; charset=utf-8
host: localhost:34477
accept: */*

Response DefaultHttpResponse(decodeResult: success, version: HTTP/1.1)
HTTP/1.1 200 OK
content-type: application/json; charset=utf-8
cache-control: no-cache
content-length: 88
date: Sun, 28 Apr 2024 03:24:59 GMT

22:24:59.054 [AsyncHttpClient-1-2] DEBUG org.asynchttpclient.netty.channel.ChannelManager -- Adding key: http://localhost:34477 for channel [id: 0x59caad82, L:/127.0.0.1:63152 - R:localhost/127.0.0.1:34477]
22:24:59.056 [Forwarding getElementText on session 95c71151-6fbe-4261-b38e-54c0073864b2 to remote] DEBUG org.asynchttpclient.netty.request.NettyRequestSender -- Using pooled Channel '[id: 0x59caad82, L:/127.0.0.1:63152 - R:localhost/127.0.0.1:34477]' for 'GET' to 'http://localhost:34477/session/95c71151-6fbe-4261-b38e-54c0073864b2/element/eaf2e62e-cfa5-4ba8-99d7-15d719df22bf/text'
22:24:59.057 [Forwarding getElementText on session 95c71151-6fbe-4261-b38e-54c0073864b2 to remote] DEBUG org.asynchttpclient.netty.request.NettyRequestSender -- Using open Channel [id: 0x59caad82, L:/127.0.0.1:63152 - R:localhost/127.0.0.1:34477] for GET '/session/95c71151-6fbe-4261-b38e-54c0073864b2/element/eaf2e62e-cfa5-4ba8-99d7-15d719df22bf/text'
22:24:59.066 [AsyncHttpClient-1-2] DEBUG org.asynchttpclient.netty.handler.HttpHandler -- 

Request DefaultFullHttpRequest(decodeResult: success, version: HTTP/1.1, content: EmptyByteBufBE)
GET /session/95c71151-6fbe-4261-b38e-54c0073864b2/element/eaf2e62e-cfa5-4ba8-99d7-15d719df22bf/text HTTP/1.1
Cache-Control: no-cache
User-Agent: selenium/4.12.0 (java windows)
Content-Type: application/json; charset=utf-8
host: localhost:34477
accept: */*

Response DefaultHttpResponse(decodeResult: success, version: HTTP/1.1)
HTTP/1.1 200 OK
content-type: application/json; charset=utf-8
cache-control: no-cache
content-length: 40
date: Sun, 28 Apr 2024 03:24:59 GMT

22:24:59.066 [AsyncHttpClient-1-2] DEBUG org.asynchttpclient.netty.channel.ChannelManager -- Adding key: http://localhost:34477 for channel [id: 0x59caad82, L:/127.0.0.1:63152 - R:localhost/127.0.0.1:34477]
Samsung galaxy s6 360
Producto agregado exitosamente
22:24:59.069 [Forwarding getAlertText on session 95c71151-6fbe-4261-b38e-54c0073864b2 to remote] DEBUG org.asynchttpclient.netty.request.NettyRequestSender -- Using pooled Channel '[id: 0x59caad82, L:/127.0.0.1:63152 - R:localhost/127.0.0.1:34477]' for 'GET' to 'http://localhost:34477/session/95c71151-6fbe-4261-b38e-54c0073864b2/alert/text'
22:24:59.069 [Forwarding getAlertText on session 95c71151-6fbe-4261-b38e-54c0073864b2 to remote] DEBUG org.asynchttpclient.netty.request.NettyRequestSender -- Using open Channel [id: 0x59caad82, L:/127.0.0.1:63152 - R:localhost/127.0.0.1:34477] for GET '/session/95c71151-6fbe-4261-b38e-54c0073864b2/alert/text'
22:24:59.070 [AsyncHttpClient-1-2] DEBUG org.asynchttpclient.netty.handler.HttpHandler -- 

Request DefaultFullHttpRequest(decodeResult: success, version: HTTP/1.1, content: EmptyByteBufBE)
GET /session/95c71151-6fbe-4261-b38e-54c0073864b2/alert/text HTTP/1.1
Cache-Control: no-cache
User-Agent: selenium/4.12.0 (java windows)
Content-Type: application/json; charset=utf-8
host: localhost:34477
accept: */*

Response DefaultHttpResponse(decodeResult: success, version: HTTP/1.1)
HTTP/1.1 404 Not Found
content-type: application/json; charset=utf-8
cache-control: no-cache
content-length: 842
date: Sun, 28 Apr 2024 03:24:59 GMT

22:24:59.070 [AsyncHttpClient-1-2] DEBUG org.asynchttpclient.netty.channel.ChannelManager -- Adding key: http://localhost:34477 for channel [id: 0x59caad82, L:/127.0.0.1:63152 - R:localhost/127.0.0.1:34477]
22:24:59.071 [Forwarding getCurrentUrl on session 95c71151-6fbe-4261-b38e-54c0073864b2 to remote] DEBUG org.asynchttpclient.netty.request.NettyRequestSender -- Using pooled Channel '[id: 0x59caad82, L:/127.0.0.1:63152 - R:localhost/127.0.0.1:34477]' for 'GET' to 'http://localhost:34477/session/95c71151-6fbe-4261-b38e-54c0073864b2/url'
22:24:59.071 [Forwarding getCurrentUrl on session 95c71151-6fbe-4261-b38e-54c0073864b2 to remote] DEBUG org.asynchttpclient.netty.request.NettyRequestSender -- Using open Channel [id: 0x59caad82, L:/127.0.0.1:63152 - R:localhost/127.0.0.1:34477] for GET '/session/95c71151-6fbe-4261-b38e-54c0073864b2/url'
22:24:59.071 [AsyncHttpClient-1-2] DEBUG org.asynchttpclient.netty.handler.HttpHandler -- 

Request DefaultFullHttpRequest(decodeResult: success, version: HTTP/1.1, content: EmptyByteBufBE)
GET /session/95c71151-6fbe-4261-b38e-54c0073864b2/url HTTP/1.1
Cache-Control: no-cache
User-Agent: selenium/4.12.0 (java windows)
Content-Type: application/json; charset=utf-8
host: localhost:34477
accept: */*

Response DefaultHttpResponse(decodeResult: success, version: HTTP/1.1)
HTTP/1.1 200 OK
content-type: application/json; charset=utf-8
cache-control: no-cache
content-length: 47
date: Sun, 28 Apr 2024 03:24:59 GMT

22:24:59.071 [AsyncHttpClient-1-2] DEBUG org.asynchttpclient.netty.channel.ChannelManager -- Adding key: http://localhost:34477 for channel [id: 0x59caad82, L:/127.0.0.1:63152 - R:localhost/127.0.0.1:34477]
22:24:59.072 [Forwarding screenshot on session 95c71151-6fbe-4261-b38e-54c0073864b2 to remote] DEBUG org.asynchttpclient.netty.request.NettyRequestSender -- Using pooled Channel '[id: 0x59caad82, L:/127.0.0.1:63152 - R:localhost/127.0.0.1:34477]' for 'GET' to 'http://localhost:34477/session/95c71151-6fbe-4261-b38e-54c0073864b2/screenshot'
22:24:59.072 [Forwarding screenshot on session 95c71151-6fbe-4261-b38e-54c0073864b2 to remote] DEBUG org.asynchttpclient.netty.request.NettyRequestSender -- Using open Channel [id: 0x59caad82, L:/127.0.0.1:63152 - R:localhost/127.0.0.1:34477] for GET '/session/95c71151-6fbe-4261-b38e-54c0073864b2/screenshot'
22:24:59.107 [AsyncHttpClient-1-2] DEBUG org.asynchttpclient.netty.handler.HttpHandler -- 

Request DefaultFullHttpRequest(decodeResult: success, version: HTTP/1.1, content: EmptyByteBufBE)
GET /session/95c71151-6fbe-4261-b38e-54c0073864b2/screenshot HTTP/1.1
Cache-Control: no-cache
User-Agent: selenium/4.12.0 (java windows)
Content-Type: application/json; charset=utf-8
host: localhost:34477
accept: */*

Response DefaultHttpResponse(decodeResult: success, version: HTTP/1.1)
HTTP/1.1 200 OK
content-type: application/json; charset=utf-8
cache-control: no-cache
content-length: 332812
date: Sun, 28 Apr 2024 03:24:59 GMT

22:24:59.108 [AsyncHttpClient-1-2] DEBUG org.asynchttpclient.netty.channel.ChannelManager -- Adding key: http://localhost:34477 for channel [id: 0x59caad82, L:/127.0.0.1:63152 - R:localhost/127.0.0.1:34477]
22:24:59.113 [main] DEBUG net.serenitybdd.core.photography.Darkroom -- Send negative for processing for C:\Users\USUARIO\OneDrive\Documentos\02 Automatización\03 Pragma\pragma\pragma\target\site\serenity\59165af437192763202e4540ec237d392207dfd87bda45f89483a0298e64d785.png
22:24:59.723 [AsyncHttpClient-1-1] DEBUG org.asynchttpclient.netty.channel.DefaultChannelPool -- Entry count for : http://localhost:34477 : 1
22:25:00.128 [main] DEBUG net.thucydides.core.steps.StepInterceptor -- STEP DONE: validarAdicionCorrectaDeProducto
22:25:00.137 [Forwarding getAlertText on session 95c71151-6fbe-4261-b38e-54c0073864b2 to remote] DEBUG org.asynchttpclient.netty.request.NettyRequestSender -- Using pooled Channel '[id: 0x59caad82, L:/127.0.0.1:63152 - R:localhost/127.0.0.1:34477]' for 'GET' to 'http://localhost:34477/session/95c71151-6fbe-4261-b38e-54c0073864b2/alert/text'
22:25:00.138 [Forwarding getAlertText on session 95c71151-6fbe-4261-b38e-54c0073864b2 to remote] DEBUG org.asynchttpclient.netty.request.NettyRequestSender -- Using open Channel [id: 0x59caad82, L:/127.0.0.1:63152 - R:localhost/127.0.0.1:34477] for GET '/session/95c71151-6fbe-4261-b38e-54c0073864b2/alert/text'
22:25:00.140 [AsyncHttpClient-1-2] DEBUG org.asynchttpclient.netty.handler.HttpHandler -- 

Request DefaultFullHttpRequest(decodeResult: success, version: HTTP/1.1, content: EmptyByteBufBE)
GET /session/95c71151-6fbe-4261-b38e-54c0073864b2/alert/text HTTP/1.1
Cache-Control: no-cache
User-Agent: selenium/4.12.0 (java windows)
Content-Type: application/json; charset=utf-8
host: localhost:34477
accept: */*

Response DefaultHttpResponse(decodeResult: success, version: HTTP/1.1)
HTTP/1.1 404 Not Found
content-type: application/json; charset=utf-8
cache-control: no-cache
content-length: 842
date: Sun, 28 Apr 2024 03:25:00 GMT

22:25:00.140 [AsyncHttpClient-1-2] DEBUG org.asynchttpclient.netty.channel.ChannelManager -- Adding key: http://localhost:34477 for channel [id: 0x59caad82, L:/127.0.0.1:63152 - R:localhost/127.0.0.1:34477]
22:25:00.141 [Forwarding getCurrentUrl on session 95c71151-6fbe-4261-b38e-54c0073864b2 to remote] DEBUG org.asynchttpclient.netty.request.NettyRequestSender -- Using pooled Channel '[id: 0x59caad82, L:/127.0.0.1:63152 - R:localhost/127.0.0.1:34477]' for 'GET' to 'http://localhost:34477/session/95c71151-6fbe-4261-b38e-54c0073864b2/url'
22:25:00.141 [Forwarding getCurrentUrl on session 95c71151-6fbe-4261-b38e-54c0073864b2 to remote] DEBUG org.asynchttpclient.netty.request.NettyRequestSender -- Using open Channel [id: 0x59caad82, L:/127.0.0.1:63152 - R:localhost/127.0.0.1:34477] for GET '/session/95c71151-6fbe-4261-b38e-54c0073864b2/url'
22:25:00.143 [AsyncHttpClient-1-2] DEBUG org.asynchttpclient.netty.handler.HttpHandler -- 

Request DefaultFullHttpRequest(decodeResult: success, version: HTTP/1.1, content: EmptyByteBufBE)
GET /session/95c71151-6fbe-4261-b38e-54c0073864b2/url HTTP/1.1
Cache-Control: no-cache
User-Agent: selenium/4.12.0 (java windows)
Content-Type: application/json; charset=utf-8
host: localhost:34477
accept: */*

Response DefaultHttpResponse(decodeResult: success, version: HTTP/1.1)
HTTP/1.1 200 OK
content-type: application/json; charset=utf-8
cache-control: no-cache
content-length: 47
date: Sun, 28 Apr 2024 03:25:00 GMT

22:25:00.143 [AsyncHttpClient-1-2] DEBUG org.asynchttpclient.netty.channel.ChannelManager -- Adding key: http://localhost:34477 for channel [id: 0x59caad82, L:/127.0.0.1:63152 - R:localhost/127.0.0.1:34477]
22:25:00.144 [Forwarding screenshot on session 95c71151-6fbe-4261-b38e-54c0073864b2 to remote] DEBUG org.asynchttpclient.netty.request.NettyRequestSender -- Using pooled Channel '[id: 0x59caad82, L:/127.0.0.1:63152 - R:localhost/127.0.0.1:34477]' for 'GET' to 'http://localhost:34477/session/95c71151-6fbe-4261-b38e-54c0073864b2/screenshot'
22:25:00.144 [Forwarding screenshot on session 95c71151-6fbe-4261-b38e-54c0073864b2 to remote] DEBUG org.asynchttpclient.netty.request.NettyRequestSender -- Using open Channel [id: 0x59caad82, L:/127.0.0.1:63152 - R:localhost/127.0.0.1:34477] for GET '/session/95c71151-6fbe-4261-b38e-54c0073864b2/screenshot'
22:25:00.181 [AsyncHttpClient-1-2] DEBUG org.asynchttpclient.netty.handler.HttpHandler -- 

Request DefaultFullHttpRequest(decodeResult: success, version: HTTP/1.1, content: EmptyByteBufBE)
GET /session/95c71151-6fbe-4261-b38e-54c0073864b2/screenshot HTTP/1.1
Cache-Control: no-cache
User-Agent: selenium/4.12.0 (java windows)
Content-Type: application/json; charset=utf-8
host: localhost:34477
accept: */*

Response DefaultHttpResponse(decodeResult: success, version: HTTP/1.1)
HTTP/1.1 200 OK
content-type: application/json; charset=utf-8
cache-control: no-cache
content-length: 332812
date: Sun, 28 Apr 2024 03:25:00 GMT

22:25:00.182 [AsyncHttpClient-1-2] DEBUG org.asynchttpclient.netty.channel.ChannelManager -- Adding key: http://localhost:34477 for channel [id: 0x59caad82, L:/127.0.0.1:63152 - R:localhost/127.0.0.1:34477]
22:25:00.187 [main] DEBUG net.serenitybdd.core.photography.Darkroom -- Send negative for processing for C:\Users\USUARIO\OneDrive\Documentos\02 Automatización\03 Pragma\pragma\pragma\target\site\serenity\59165af437192763202e4540ec237d392207dfd87bda45f89483a0298e64d785.png
22:25:00.814 [AsyncHttpClient-1-1] DEBUG org.asynchttpclient.netty.channel.DefaultChannelPool -- Entry count for : http://localhost:34477 : 1
22:25:01.208 [main] DEBUG net.thucydides.core.steps.StepInterceptor -- STARTING STEP: StepInterceptor.testContext - validarPrecioCorrectoDeCarrito
22:25:01.210 [Forwarding findElement on session 95c71151-6fbe-4261-b38e-54c0073864b2 to remote] DEBUG org.asynchttpclient.netty.request.NettyRequestSender -- Using pooled Channel '[id: 0x59caad82, L:/127.0.0.1:63152 - R:localhost/127.0.0.1:34477]' for 'POST' to 'http://localhost:34477/session/95c71151-6fbe-4261-b38e-54c0073864b2/element'
22:25:01.210 [Forwarding findElement on session 95c71151-6fbe-4261-b38e-54c0073864b2 to remote] DEBUG org.asynchttpclient.netty.request.NettyRequestSender -- Using open Channel [id: 0x59caad82, L:/127.0.0.1:63152 - R:localhost/127.0.0.1:34477] for POST '/session/95c71151-6fbe-4261-b38e-54c0073864b2/element'
22:25:01.213 [AsyncHttpClient-1-2] DEBUG org.asynchttpclient.netty.handler.HttpHandler -- 

Request DefaultHttpRequest(decodeResult: success, version: HTTP/1.1)
POST /session/95c71151-6fbe-4261-b38e-54c0073864b2/element HTTP/1.1
User-Agent: selenium/4.12.0 (java windows)
Content-Length: 65
Content-Type: application/json; charset=utf-8
host: localhost:34477
accept: */*

Response DefaultHttpResponse(decodeResult: success, version: HTTP/1.1)
HTTP/1.1 200 OK
content-type: application/json; charset=utf-8
cache-control: no-cache
content-length: 88
date: Sun, 28 Apr 2024 03:25:01 GMT

22:25:01.213 [AsyncHttpClient-1-2] DEBUG org.asynchttpclient.netty.channel.ChannelManager -- Adding key: http://localhost:34477 for channel [id: 0x59caad82, L:/127.0.0.1:63152 - R:localhost/127.0.0.1:34477]
22:25:01.215 [Forwarding getElementText on session 95c71151-6fbe-4261-b38e-54c0073864b2 to remote] DEBUG org.asynchttpclient.netty.request.NettyRequestSender -- Using pooled Channel '[id: 0x59caad82, L:/127.0.0.1:63152 - R:localhost/127.0.0.1:34477]' for 'GET' to 'http://localhost:34477/session/95c71151-6fbe-4261-b38e-54c0073864b2/element/fe5c73b1-1583-4cac-9f79-320ec6329476/text'
22:25:01.215 [Forwarding getElementText on session 95c71151-6fbe-4261-b38e-54c0073864b2 to remote] DEBUG org.asynchttpclient.netty.request.NettyRequestSender -- Using open Channel [id: 0x59caad82, L:/127.0.0.1:63152 - R:localhost/127.0.0.1:34477] for GET '/session/95c71151-6fbe-4261-b38e-54c0073864b2/element/fe5c73b1-1583-4cac-9f79-320ec6329476/text'
22:25:01.220 [AsyncHttpClient-1-2] DEBUG org.asynchttpclient.netty.handler.HttpHandler -- 

Request DefaultFullHttpRequest(decodeResult: success, version: HTTP/1.1, content: EmptyByteBufBE)
GET /session/95c71151-6fbe-4261-b38e-54c0073864b2/element/fe5c73b1-1583-4cac-9f79-320ec6329476/text HTTP/1.1
Cache-Control: no-cache
User-Agent: selenium/4.12.0 (java windows)
Content-Type: application/json; charset=utf-8
host: localhost:34477
accept: */*

Response DefaultHttpResponse(decodeResult: success, version: HTTP/1.1)
HTTP/1.1 200 OK
content-type: application/json; charset=utf-8
cache-control: no-cache
content-length: 15
date: Sun, 28 Apr 2024 03:25:01 GMT

22:25:01.220 [AsyncHttpClient-1-2] DEBUG org.asynchttpclient.netty.channel.ChannelManager -- Adding key: http://localhost:34477 for channel [id: 0x59caad82, L:/127.0.0.1:63152 - R:localhost/127.0.0.1:34477]
22:25:01.223 [Forwarding getAlertText on session 95c71151-6fbe-4261-b38e-54c0073864b2 to remote] DEBUG org.asynchttpclient.netty.request.NettyRequestSender -- Using pooled Channel '[id: 0x59caad82, L:/127.0.0.1:63152 - R:localhost/127.0.0.1:34477]' for 'GET' to 'http://localhost:34477/session/95c71151-6fbe-4261-b38e-54c0073864b2/alert/text'
22:25:01.223 [Forwarding getAlertText on session 95c71151-6fbe-4261-b38e-54c0073864b2 to remote] DEBUG org.asynchttpclient.netty.request.NettyRequestSender -- Using open Channel [id: 0x59caad82, L:/127.0.0.1:63152 - R:localhost/127.0.0.1:34477] for GET '/session/95c71151-6fbe-4261-b38e-54c0073864b2/alert/text'
22:25:01.224 [AsyncHttpClient-1-2] DEBUG org.asynchttpclient.netty.handler.HttpHandler -- 

Request DefaultFullHttpRequest(decodeResult: success, version: HTTP/1.1, content: EmptyByteBufBE)
GET /session/95c71151-6fbe-4261-b38e-54c0073864b2/alert/text HTTP/1.1
Cache-Control: no-cache
User-Agent: selenium/4.12.0 (java windows)
Content-Type: application/json; charset=utf-8
host: localhost:34477
accept: */*

Response DefaultHttpResponse(decodeResult: success, version: HTTP/1.1)
HTTP/1.1 404 Not Found
content-type: application/json; charset=utf-8
cache-control: no-cache
content-length: 842
date: Sun, 28 Apr 2024 03:25:01 GMT

22:25:01.224 [AsyncHttpClient-1-2] DEBUG org.asynchttpclient.netty.channel.ChannelManager -- Adding key: http://localhost:34477 for channel [id: 0x59caad82, L:/127.0.0.1:63152 - R:localhost/127.0.0.1:34477]
22:25:01.224 [Forwarding getCurrentUrl on session 95c71151-6fbe-4261-b38e-54c0073864b2 to remote] DEBUG org.asynchttpclient.netty.request.NettyRequestSender -- Using pooled Channel '[id: 0x59caad82, L:/127.0.0.1:63152 - R:localhost/127.0.0.1:34477]' for 'GET' to 'http://localhost:34477/session/95c71151-6fbe-4261-b38e-54c0073864b2/url'
22:25:01.224 [Forwarding getCurrentUrl on session 95c71151-6fbe-4261-b38e-54c0073864b2 to remote] DEBUG org.asynchttpclient.netty.request.NettyRequestSender -- Using open Channel [id: 0x59caad82, L:/127.0.0.1:63152 - R:localhost/127.0.0.1:34477] for GET '/session/95c71151-6fbe-4261-b38e-54c0073864b2/url'
22:25:01.226 [AsyncHttpClient-1-2] DEBUG org.asynchttpclient.netty.handler.HttpHandler -- 

Request DefaultFullHttpRequest(decodeResult: success, version: HTTP/1.1, content: EmptyByteBufBE)
GET /session/95c71151-6fbe-4261-b38e-54c0073864b2/url HTTP/1.1
Cache-Control: no-cache
User-Agent: selenium/4.12.0 (java windows)
Content-Type: application/json; charset=utf-8
host: localhost:34477
accept: */*

Response DefaultHttpResponse(decodeResult: success, version: HTTP/1.1)
HTTP/1.1 200 OK
content-type: application/json; charset=utf-8
cache-control: no-cache
content-length: 47
date: Sun, 28 Apr 2024 03:25:01 GMT

22:25:01.226 [AsyncHttpClient-1-2] DEBUG org.asynchttpclient.netty.channel.ChannelManager -- Adding key: http://localhost:34477 for channel [id: 0x59caad82, L:/127.0.0.1:63152 - R:localhost/127.0.0.1:34477]
22:25:01.226 [Forwarding screenshot on session 95c71151-6fbe-4261-b38e-54c0073864b2 to remote] DEBUG org.asynchttpclient.netty.request.NettyRequestSender -- Using pooled Channel '[id: 0x59caad82, L:/127.0.0.1:63152 - R:localhost/127.0.0.1:34477]' for 'GET' to 'http://localhost:34477/session/95c71151-6fbe-4261-b38e-54c0073864b2/screenshot'
22:25:01.226 [Forwarding screenshot on session 95c71151-6fbe-4261-b38e-54c0073864b2 to remote] DEBUG org.asynchttpclient.netty.request.NettyRequestSender -- Using open Channel [id: 0x59caad82, L:/127.0.0.1:63152 - R:localhost/127.0.0.1:34477] for GET '/session/95c71151-6fbe-4261-b38e-54c0073864b2/screenshot'
22:25:01.261 [AsyncHttpClient-1-2] DEBUG org.asynchttpclient.netty.handler.HttpHandler -- 

Request DefaultFullHttpRequest(decodeResult: success, version: HTTP/1.1, content: EmptyByteBufBE)
GET /session/95c71151-6fbe-4261-b38e-54c0073864b2/screenshot HTTP/1.1
Cache-Control: no-cache
User-Agent: selenium/4.12.0 (java windows)
Content-Type: application/json; charset=utf-8
host: localhost:34477
accept: */*

Response DefaultHttpResponse(decodeResult: success, version: HTTP/1.1)
HTTP/1.1 200 OK
content-type: application/json; charset=utf-8
cache-control: no-cache
content-length: 332812
date: Sun, 28 Apr 2024 03:25:01 GMT

22:25:01.262 [AsyncHttpClient-1-2] DEBUG org.asynchttpclient.netty.channel.ChannelManager -- Adding key: http://localhost:34477 for channel [id: 0x59caad82, L:/127.0.0.1:63152 - R:localhost/127.0.0.1:34477]
22:25:01.267 [main] DEBUG net.serenitybdd.core.photography.Darkroom -- Send negative for processing for C:\Users\USUARIO\OneDrive\Documentos\02 Automatización\03 Pragma\pragma\pragma\target\site\serenity\59165af437192763202e4540ec237d392207dfd87bda45f89483a0298e64d785.png
22:25:01.917 [AsyncHttpClient-1-1] DEBUG org.asynchttpclient.netty.channel.DefaultChannelPool -- Entry count for : http://localhost:34477 : 1
22:25:02.272 [main] DEBUG net.thucydides.core.steps.StepInterceptor -- STEP DONE: validarPrecioCorrectoDeCarrito
22:25:02.275 [Forwarding getAlertText on session 95c71151-6fbe-4261-b38e-54c0073864b2 to remote] DEBUG org.asynchttpclient.netty.request.NettyRequestSender -- Using pooled Channel '[id: 0x59caad82, L:/127.0.0.1:63152 - R:localhost/127.0.0.1:34477]' for 'GET' to 'http://localhost:34477/session/95c71151-6fbe-4261-b38e-54c0073864b2/alert/text'
22:25:02.275 [Forwarding getAlertText on session 95c71151-6fbe-4261-b38e-54c0073864b2 to remote] DEBUG org.asynchttpclient.netty.request.NettyRequestSender -- Using open Channel [id: 0x59caad82, L:/127.0.0.1:63152 - R:localhost/127.0.0.1:34477] for GET '/session/95c71151-6fbe-4261-b38e-54c0073864b2/alert/text'
22:25:02.276 [AsyncHttpClient-1-2] DEBUG org.asynchttpclient.netty.handler.HttpHandler -- 

Request DefaultFullHttpRequest(decodeResult: success, version: HTTP/1.1, content: EmptyByteBufBE)
GET /session/95c71151-6fbe-4261-b38e-54c0073864b2/alert/text HTTP/1.1
Cache-Control: no-cache
User-Agent: selenium/4.12.0 (java windows)
Content-Type: application/json; charset=utf-8
host: localhost:34477
accept: */*

Response DefaultHttpResponse(decodeResult: success, version: HTTP/1.1)
HTTP/1.1 404 Not Found
content-type: application/json; charset=utf-8
cache-control: no-cache
content-length: 842
date: Sun, 28 Apr 2024 03:25:02 GMT

22:25:02.277 [AsyncHttpClient-1-2] DEBUG org.asynchttpclient.netty.channel.ChannelManager -- Adding key: http://localhost:34477 for channel [id: 0x59caad82, L:/127.0.0.1:63152 - R:localhost/127.0.0.1:34477]
22:25:02.277 [Forwarding getCurrentUrl on session 95c71151-6fbe-4261-b38e-54c0073864b2 to remote] DEBUG org.asynchttpclient.netty.request.NettyRequestSender -- Using pooled Channel '[id: 0x59caad82, L:/127.0.0.1:63152 - R:localhost/127.0.0.1:34477]' for 'GET' to 'http://localhost:34477/session/95c71151-6fbe-4261-b38e-54c0073864b2/url'
22:25:02.277 [Forwarding getCurrentUrl on session 95c71151-6fbe-4261-b38e-54c0073864b2 to remote] DEBUG org.asynchttpclient.netty.request.NettyRequestSender -- Using open Channel [id: 0x59caad82, L:/127.0.0.1:63152 - R:localhost/127.0.0.1:34477] for GET '/session/95c71151-6fbe-4261-b38e-54c0073864b2/url'
22:25:02.278 [AsyncHttpClient-1-2] DEBUG org.asynchttpclient.netty.handler.HttpHandler -- 

Request DefaultFullHttpRequest(decodeResult: success, version: HTTP/1.1, content: EmptyByteBufBE)
GET /session/95c71151-6fbe-4261-b38e-54c0073864b2/url HTTP/1.1
Cache-Control: no-cache
User-Agent: selenium/4.12.0 (java windows)
Content-Type: application/json; charset=utf-8
host: localhost:34477
accept: */*

Response DefaultHttpResponse(decodeResult: success, version: HTTP/1.1)
HTTP/1.1 200 OK
content-type: application/json; charset=utf-8
cache-control: no-cache
content-length: 47
date: Sun, 28 Apr 2024 03:25:02 GMT

22:25:02.278 [AsyncHttpClient-1-2] DEBUG org.asynchttpclient.netty.channel.ChannelManager -- Adding key: http://localhost:34477 for channel [id: 0x59caad82, L:/127.0.0.1:63152 - R:localhost/127.0.0.1:34477]
22:25:02.279 [Forwarding screenshot on session 95c71151-6fbe-4261-b38e-54c0073864b2 to remote] DEBUG org.asynchttpclient.netty.request.NettyRequestSender -- Using pooled Channel '[id: 0x59caad82, L:/127.0.0.1:63152 - R:localhost/127.0.0.1:34477]' for 'GET' to 'http://localhost:34477/session/95c71151-6fbe-4261-b38e-54c0073864b2/screenshot'
22:25:02.279 [Forwarding screenshot on session 95c71151-6fbe-4261-b38e-54c0073864b2 to remote] DEBUG org.asynchttpclient.netty.request.NettyRequestSender -- Using open Channel [id: 0x59caad82, L:/127.0.0.1:63152 - R:localhost/127.0.0.1:34477] for GET '/session/95c71151-6fbe-4261-b38e-54c0073864b2/screenshot'
22:25:02.315 [AsyncHttpClient-1-2] DEBUG org.asynchttpclient.netty.handler.HttpHandler -- 

Request DefaultFullHttpRequest(decodeResult: success, version: HTTP/1.1, content: EmptyByteBufBE)
GET /session/95c71151-6fbe-4261-b38e-54c0073864b2/screenshot HTTP/1.1
Cache-Control: no-cache
User-Agent: selenium/4.12.0 (java windows)
Content-Type: application/json; charset=utf-8
host: localhost:34477
accept: */*

Response DefaultHttpResponse(decodeResult: success, version: HTTP/1.1)
HTTP/1.1 200 OK
content-type: application/json; charset=utf-8
cache-control: no-cache
content-length: 332812
date: Sun, 28 Apr 2024 03:25:02 GMT

22:25:02.316 [AsyncHttpClient-1-2] DEBUG org.asynchttpclient.netty.channel.ChannelManager -- Adding key: http://localhost:34477 for channel [id: 0x59caad82, L:/127.0.0.1:63152 - R:localhost/127.0.0.1:34477]
22:25:02.320 [main] DEBUG net.serenitybdd.core.photography.Darkroom -- Send negative for processing for C:\Users\USUARIO\OneDrive\Documentos\02 Automatización\03 Pragma\pragma\pragma\target\site\serenity\59165af437192763202e4540ec237d392207dfd87bda45f89483a0298e64d785.png
22:25:03.019 [AsyncHttpClient-1-1] DEBUG org.asynchttpclient.netty.channel.DefaultChannelPool -- Entry count for : http://localhost:34477 : 1
22:25:03.339 [main] INFO  -- &amp#27;[92m
  _____   ___   ___   _____     ___     _     ___   ___   ___   ___  
 |_   _| | __| / __| |_   _|   | _ \   /_\   / __| / __| | __| |   \ 
   | |   | _|  \__ \   | |     |  _/  / _ \  \__ \ \__ \ | _|  | |) |
   |_|   |___| |___/   |_|     |_|   /_/ \_\ |___/ |___/ |___| |___/ 

Agregar un producto al carrito de compra
----------------------------------------------------------------------&amp#27;[0m
22:25:03.374 [main] DEBUG io.netty.util.internal.ThreadLocalRandom -- -Dio.netty.initialSeedUniquifier: 0x6661cb7314fd89e8
22:25:03.377 [AsyncHttpClient-1-4] DEBUG org.asynchttpclient.netty.channel.NettyConnectListener -- Using new Channel '[id: 0xf039dad3, L:/127.0.0.1:63314 - R:/127.0.0.1:35853]' for 'GET' to '/devtools/browser/f533f04d-bb62-439c-8db5-d2d9ea31db36'
22:25:03.380 [AsyncHttpClient-1-4] DEBUG org.asynchttpclient.netty.handler.WebSocketHandler -- 

Request DefaultFullHttpRequest(decodeResult: success, version: HTTP/1.1, content: EmptyByteBufBE)
GET /devtools/browser/f533f04d-bb62-439c-8db5-d2d9ea31db36 HTTP/1.1
upgrade: websocket
connection: upgrade
sec-websocket-key: bvjwo0cCKEYY4GDZkb9eeA==
sec-websocket-version: 13
origin: http://127.0.0.1:35853
host: 127.0.0.1:35853
accept: */*
user-agent: AHC/2.1

Response DefaultHttpResponse(decodeResult: success, version: HTTP/1.1)
HTTP/1.1 101 Switching Protocols
Server: httpd.js
Upgrade: websocket
Connection: Upgrade
Sec-WebSocket-Accept: N95QK9O+MMi4N+YLXWForp7zgqk=
Content-Length: 0

22:25:03.394 [Driver Command Executor] DEBUG org.asynchttpclient.netty.request.NettyRequestSender -- Using pooled Channel '[id: 0x59caad82, L:/127.0.0.1:63152 - R:localhost/127.0.0.1:34477]' for 'DELETE' to 'http://localhost:34477/session/95c71151-6fbe-4261-b38e-54c0073864b2'
22:25:03.394 [Driver Command Executor] DEBUG org.asynchttpclient.netty.request.NettyRequestSender -- Using open Channel [id: 0x59caad82, L:/127.0.0.1:63152 - R:localhost/127.0.0.1:34477] for DELETE '/session/95c71151-6fbe-4261-b38e-54c0073864b2'
22:25:03.396 [AsyncHttpClient-1-4] DEBUG org.asynchttpclient.netty.handler.WebSocketHandler -- Channel Closed: [id: 0xf039dad3, L:/127.0.0.1:63314 ! R:/127.0.0.1:35853] with attribute DISCARD
22:25:03.909 [AsyncHttpClient-1-2] DEBUG org.asynchttpclient.netty.handler.HttpHandler -- 

Request DefaultFullHttpRequest(decodeResult: success, version: HTTP/1.1, content: EmptyByteBufBE)
DELETE /session/95c71151-6fbe-4261-b38e-54c0073864b2 HTTP/1.1
User-Agent: selenium/4.12.0 (java windows)
Content-Type: application/json; charset=utf-8
host: localhost:34477
accept: */*

Response DefaultHttpResponse(decodeResult: success, version: HTTP/1.1)
HTTP/1.1 200 OK
content-type: application/json; charset=utf-8
cache-control: no-cache
content-length: 14
date: Sun, 28 Apr 2024 03:25:03 GMT

22:25:03.909 [AsyncHttpClient-1-2] DEBUG org.asynchttpclient.netty.channel.ChannelManager -- Adding key: http://localhost:34477 for channel [id: 0x59caad82, L:/127.0.0.1:63152 - R:localhost/127.0.0.1:34477]
22:25:03.911 [AsyncHttpClient-1-2] DEBUG org.asynchttpclient.netty.handler.HttpHandler -- Unexpected I/O exception on channel [id: 0x59caad82, L:/127.0.0.1:63152 - R:localhost/127.0.0.1:34477]
java.net.SocketException: Connection reset
	at java.base/sun.nio.ch.SocketChannelImpl.throwConnectionReset(SocketChannelImpl.java:403)
	at java.base/sun.nio.ch.SocketChannelImpl.implRead(SocketChannelImpl.java:435)
	at java.base/sun.nio.ch.SocketChannelImpl.read(SocketChannelImpl.java:493)
	at io.netty.buffer.PooledByteBuf.setBytes(PooledByteBuf.java:254)
	at io.netty.buffer.AbstractByteBuf.writeBytes(AbstractByteBuf.java:1132)
	at io.netty.channel.socket.nio.NioSocketChannel.doReadBytes(NioSocketChannel.java:357)
	at io.netty.channel.nio.AbstractNioByteChannel$NioByteUnsafe.read(AbstractNioByteChannel.java:151)
	at io.netty.channel.nio.NioEventLoop.processSelectedKey(NioEventLoop.java:788)
	at io.netty.channel.nio.NioEventLoop.processSelectedKeysOptimized(NioEventLoop.java:724)
	at io.netty.channel.nio.NioEventLoop.processSelectedKeys(NioEventLoop.java:650)
	at io.netty.channel.nio.NioEventLoop.run(NioEventLoop.java:562)
	at io.netty.util.concurrent.SingleThreadEventExecutor$4.run(SingleThreadEventExecutor.java:997)
	at io.netty.util.internal.ThreadExecutorMap$2.run(ThreadExecutorMap.java:74)
	at io.netty.util.concurrent.FastThreadLocalRunnable.run(FastThreadLocalRunnable.java:30)
	at java.base/java.lang.Thread.run(Thread.java:1570)
22:25:03.912 [AsyncHttpClient-1-2] DEBUG org.asynchttpclient.netty.channel.ChannelManager -- Closing Channel [id: 0x59caad82, L:/127.0.0.1:63152 - R:localhost/127.0.0.1:34477] 
22:25:03.913 [AsyncHttpClient-1-2] DEBUG org.asynchttpclient.netty.handler.HttpHandler -- Channel Closed: [id: 0x59caad82, L:/127.0.0.1:63152 ! R:localhost/127.0.0.1:34477] with attribute DISCARD
]]></system-out>
    <system-err><![CDATA[WARNING: A Java agent has been loaded dynamically (C:\Users\USUARIO\.m2\repository\net\bytebuddy\byte-buddy-agent\1.14.5\byte-buddy-agent-1.14.5.jar)
WARNING: If a serviceability tool is in use, please run with -XX:+EnableDynamicAgentLoading to hide this warning
WARNING: If a serviceability tool is not in use, please run with -Djdk.instrument.traceUsage for more information
WARNING: Dynamic loading of agents will be disallowed by default in a future release
abr 27, 2024 10:24:40 P. M. org.openqa.selenium.manager.SeleniumManager lambda$runCommand$1
INFO: Driver path: C:\Users\USUARIO\.cache\selenium\geckodriver\win64\0.34.0\geckodriver.exe
abr 27, 2024 10:24:40 P. M. org.openqa.selenium.manager.SeleniumManager lambda$runCommand$1
INFO: Browser path: C:\Program Files\Mozilla Firefox\firefox.exe
]]></system-err>
  </testcase>
  <testcase name="Agregar dos productos al carrito de compra y validar el total" classname="Test agregar productos al carrito de compra en el portal" time="35.584">
    <system-out><![CDATA[22:25:03.993 [main] DEBUG io.cucumber.core.plugin.SerenityReporter -- Running feature from file:///C:/Users/USUARIO/OneDrive/Documentos/02%20Automatización/03%20Pragma/pragma/pragma/src/test/resources/features/AgregarProductosCarrito.feature
22:25:03.994 [main] INFO  -- 
  _____   ___   ___   _____     ___   _____     _     ___   _____   ___   ___  
 |_   _| | __| / __| |_   _|   / __| |_   _|   /_\   | _ \ |_   _| | __| |   \ 
   | |   | _|  \__ \   | |     \__ \   | |    / _ \  |   /   | |   | _|  | |) |
   |_|   |___| |___/   |_|     |___/   |_|   /_/ \_\ |_|_\   |_|   |___| |___/ 

Agregar dos productos al carrito de compra y validar el total(test-agregar-productos-al-carrito-de-compra-en-el-portal;agregar-dos-productos-al-carrito-de-compra-y-validar-el-total)
--------------------------------------------------------------------------------
22:25:04.020 [main] DEBUG net.thucydides.core.steps.StepInterceptor -- STARTING STEP: StepInterceptor.testContext - ingresarAlPortal
22:25:04.114 [AsyncHttpClient-1-1] DEBUG org.asynchttpclient.netty.channel.DefaultChannelPool -- Entry count for : http://localhost:34477 : 1
22:25:04.114 [AsyncHttpClient-1-1] DEBUG org.asynchttpclient.netty.channel.DefaultChannelPool -- Adding Candidate expired Channel [id: 0x59caad82, L:/127.0.0.1:63152 ! R:localhost/127.0.0.1:34477] isIdleTimeoutExpired=false isRemotelyClosed=true isTtlExpired=false
22:25:04.114 [AsyncHttpClient-1-1] DEBUG org.asynchttpclient.netty.channel.DefaultChannelPool -- Closing Idle Channel [id: 0x59caad82, L:/127.0.0.1:63152 ! R:localhost/127.0.0.1:34477]
22:25:04.114 [AsyncHttpClient-1-1] DEBUG org.asynchttpclient.netty.channel.DefaultChannelPool -- Closed 1 connections out of 1 in 0 ms
22:25:04.335 [AsyncHttpClient-1-5] DEBUG org.asynchttpclient.netty.channel.NettyConnectListener -- Using new Channel '[id: 0xca50dd4e, L:/127.0.0.1:63321 - R:localhost/127.0.0.1:43842]' for 'POST' to '/session'
22:25:05.543 [AsyncHttpClient-1-5] DEBUG org.asynchttpclient.netty.handler.HttpHandler -- 

Request DefaultHttpRequest(decodeResult: success, version: HTTP/1.1)
POST /session HTTP/1.1
User-Agent: selenium/4.12.0 (java windows)
Content-Length: 383
Content-Type: application/json; charset=utf-8
host: localhost:43842
accept: */*

Response DefaultHttpResponse(decodeResult: success, version: HTTP/1.1)
HTTP/1.1 200 OK
content-type: application/json; charset=utf-8
cache-control: no-cache
content-length: 842
date: Sun, 28 Apr 2024 03:25:04 GMT

22:25:05.544 [AsyncHttpClient-1-5] DEBUG org.asynchttpclient.netty.channel.ChannelManager -- Adding key: http://localhost:43842 for channel [id: 0xca50dd4e, L:/127.0.0.1:63321 - R:localhost/127.0.0.1:43842]
22:25:05.547 [AsyncHttpClient-1-6] DEBUG org.asynchttpclient.netty.channel.NettyConnectListener -- Using new Channel '[id: 0x6cf82b32, L:/127.0.0.1:63339 - R:/127.0.0.1:40133]' for 'GET' to '/json/version'
22:25:05.550 [AsyncHttpClient-1-6] DEBUG org.asynchttpclient.netty.handler.HttpHandler -- 

Request DefaultFullHttpRequest(decodeResult: success, version: HTTP/1.1, content: EmptyByteBufBE)
GET /json/version HTTP/1.1
User-Agent: selenium/4.12.0 (java windows)
host: 127.0.0.1:40133
accept: */*

Response DefaultHttpResponse(decodeResult: success, version: HTTP/1.1)
HTTP/1.1 200 OK
content-type: application/json
content-security-policy: frame-ancestors 'none'
connection: close
server: httpd.js
date: Sun, 28 Apr 2024 03:25:05 GMT

22:25:05.551 [AsyncHttpClient-1-6] DEBUG org.asynchttpclient.netty.channel.ChannelManager -- Closing Channel [id: 0x6cf82b32, L:/127.0.0.1:63339 ! R:/127.0.0.1:40133] 
22:25:05.551 [AsyncHttpClient-1-6] DEBUG org.asynchttpclient.netty.handler.HttpHandler -- Channel Closed: [id: 0x6cf82b32, L:/127.0.0.1:63339 ! R:/127.0.0.1:40133] with attribute DISCARD
22:25:05.552 [Forwarding setTimeout on session 9778c90b-985a-4cec-93d3-6f1a093d937b to remote] DEBUG org.asynchttpclient.netty.request.NettyRequestSender -- Using pooled Channel '[id: 0xca50dd4e, L:/127.0.0.1:63321 - R:localhost/127.0.0.1:43842]' for 'POST' to 'http://localhost:43842/session/9778c90b-985a-4cec-93d3-6f1a093d937b/timeouts'
22:25:05.552 [Forwarding setTimeout on session 9778c90b-985a-4cec-93d3-6f1a093d937b to remote] DEBUG org.asynchttpclient.netty.request.NettyRequestSender -- Using open Channel [id: 0xca50dd4e, L:/127.0.0.1:63321 - R:localhost/127.0.0.1:43842] for POST '/session/9778c90b-985a-4cec-93d3-6f1a093d937b/timeouts'
22:25:05.553 [AsyncHttpClient-1-5] DEBUG org.asynchttpclient.netty.handler.HttpHandler -- 

Request DefaultHttpRequest(decodeResult: success, version: HTTP/1.1)
POST /session/9778c90b-985a-4cec-93d3-6f1a093d937b/timeouts HTTP/1.1
User-Agent: selenium/4.12.0 (java windows)
Content-Length: 22
Content-Type: application/json; charset=utf-8
host: localhost:43842
accept: */*

Response DefaultHttpResponse(decodeResult: success, version: HTTP/1.1)
HTTP/1.1 200 OK
content-type: application/json; charset=utf-8
cache-control: no-cache
content-length: 14
date: Sun, 28 Apr 2024 03:25:05 GMT

22:25:05.553 [AsyncHttpClient-1-5] DEBUG org.asynchttpclient.netty.channel.ChannelManager -- Adding key: http://localhost:43842 for channel [id: 0xca50dd4e, L:/127.0.0.1:63321 - R:localhost/127.0.0.1:43842]
22:25:05.554 [Forwarding maximizeCurrentWindow on session 9778c90b-985a-4cec-93d3-6f1a093d937b to remote] DEBUG org.asynchttpclient.netty.request.NettyRequestSender -- Using pooled Channel '[id: 0xca50dd4e, L:/127.0.0.1:63321 - R:localhost/127.0.0.1:43842]' for 'POST' to 'http://localhost:43842/session/9778c90b-985a-4cec-93d3-6f1a093d937b/window/maximize'
22:25:05.554 [Forwarding maximizeCurrentWindow on session 9778c90b-985a-4cec-93d3-6f1a093d937b to remote] DEBUG org.asynchttpclient.netty.request.NettyRequestSender -- Using open Channel [id: 0xca50dd4e, L:/127.0.0.1:63321 - R:localhost/127.0.0.1:43842] for POST '/session/9778c90b-985a-4cec-93d3-6f1a093d937b/window/maximize'
22:25:05.808 [AsyncHttpClient-1-5] DEBUG org.asynchttpclient.netty.handler.HttpHandler -- 

Request DefaultHttpRequest(decodeResult: success, version: HTTP/1.1)
POST /session/9778c90b-985a-4cec-93d3-6f1a093d937b/window/maximize HTTP/1.1
User-Agent: selenium/4.12.0 (java windows)
Content-Length: 3
Content-Type: application/json; charset=utf-8
host: localhost:43842
accept: */*

Response DefaultHttpResponse(decodeResult: success, version: HTTP/1.1)
HTTP/1.1 200 OK
content-type: application/json; charset=utf-8
cache-control: no-cache
content-length: 51
date: Sun, 28 Apr 2024 03:25:05 GMT

22:25:05.808 [AsyncHttpClient-1-5] DEBUG org.asynchttpclient.netty.channel.ChannelManager -- Adding key: http://localhost:43842 for channel [id: 0xca50dd4e, L:/127.0.0.1:63321 - R:localhost/127.0.0.1:43842]
22:25:05.809 [Forwarding get on session 9778c90b-985a-4cec-93d3-6f1a093d937b to remote] DEBUG org.asynchttpclient.netty.request.NettyRequestSender -- Using pooled Channel '[id: 0xca50dd4e, L:/127.0.0.1:63321 - R:localhost/127.0.0.1:43842]' for 'POST' to 'http://localhost:43842/session/9778c90b-985a-4cec-93d3-6f1a093d937b/url'
22:25:05.809 [Forwarding get on session 9778c90b-985a-4cec-93d3-6f1a093d937b to remote] DEBUG org.asynchttpclient.netty.request.NettyRequestSender -- Using open Channel [id: 0xca50dd4e, L:/127.0.0.1:63321 - R:localhost/127.0.0.1:43842] for POST '/session/9778c90b-985a-4cec-93d3-6f1a093d937b/url'
22:25:06.853 [AsyncHttpClient-1-5] DEBUG org.asynchttpclient.netty.handler.HttpHandler -- 

Request DefaultHttpRequest(decodeResult: success, version: HTTP/1.1)
POST /session/9778c90b-985a-4cec-93d3-6f1a093d937b/url HTTP/1.1
User-Agent: selenium/4.12.0 (java windows)
Content-Length: 56
Content-Type: application/json; charset=utf-8
host: localhost:43842
accept: */*

Response DefaultHttpResponse(decodeResult: success, version: HTTP/1.1)
HTTP/1.1 200 OK
content-type: application/json; charset=utf-8
cache-control: no-cache
content-length: 14
date: Sun, 28 Apr 2024 03:25:05 GMT

22:25:06.853 [AsyncHttpClient-1-5] DEBUG org.asynchttpclient.netty.channel.ChannelManager -- Adding key: http://localhost:43842 for channel [id: 0xca50dd4e, L:/127.0.0.1:63321 - R:localhost/127.0.0.1:43842]
22:25:06.855 [Forwarding setTimeout on session 9778c90b-985a-4cec-93d3-6f1a093d937b to remote] DEBUG org.asynchttpclient.netty.request.NettyRequestSender -- Using pooled Channel '[id: 0xca50dd4e, L:/127.0.0.1:63321 - R:localhost/127.0.0.1:43842]' for 'POST' to 'http://localhost:43842/session/9778c90b-985a-4cec-93d3-6f1a093d937b/timeouts'
22:25:06.855 [Forwarding setTimeout on session 9778c90b-985a-4cec-93d3-6f1a093d937b to remote] DEBUG org.asynchttpclient.netty.request.NettyRequestSender -- Using open Channel [id: 0xca50dd4e, L:/127.0.0.1:63321 - R:localhost/127.0.0.1:43842] for POST '/session/9778c90b-985a-4cec-93d3-6f1a093d937b/timeouts'
22:25:06.856 [AsyncHttpClient-1-5] DEBUG org.asynchttpclient.netty.handler.HttpHandler -- 

Request DefaultHttpRequest(decodeResult: success, version: HTTP/1.1)
POST /session/9778c90b-985a-4cec-93d3-6f1a093d937b/timeouts HTTP/1.1
User-Agent: selenium/4.12.0 (java windows)
Content-Length: 22
Content-Type: application/json; charset=utf-8
host: localhost:43842
accept: */*

Response DefaultHttpResponse(decodeResult: success, version: HTTP/1.1)
HTTP/1.1 200 OK
content-type: application/json; charset=utf-8
cache-control: no-cache
content-length: 14
date: Sun, 28 Apr 2024 03:25:06 GMT

22:25:06.856 [AsyncHttpClient-1-5] DEBUG org.asynchttpclient.netty.channel.ChannelManager -- Adding key: http://localhost:43842 for channel [id: 0xca50dd4e, L:/127.0.0.1:63321 - R:localhost/127.0.0.1:43842]
22:25:06.861 [Forwarding getAlertText on session 9778c90b-985a-4cec-93d3-6f1a093d937b to remote] DEBUG org.asynchttpclient.netty.request.NettyRequestSender -- Using pooled Channel '[id: 0xca50dd4e, L:/127.0.0.1:63321 - R:localhost/127.0.0.1:43842]' for 'GET' to 'http://localhost:43842/session/9778c90b-985a-4cec-93d3-6f1a093d937b/alert/text'
22:25:06.861 [Forwarding getAlertText on session 9778c90b-985a-4cec-93d3-6f1a093d937b to remote] DEBUG org.asynchttpclient.netty.request.NettyRequestSender -- Using open Channel [id: 0xca50dd4e, L:/127.0.0.1:63321 - R:localhost/127.0.0.1:43842] for GET '/session/9778c90b-985a-4cec-93d3-6f1a093d937b/alert/text'
22:25:06.862 [AsyncHttpClient-1-5] DEBUG org.asynchttpclient.netty.handler.HttpHandler -- 

Request DefaultFullHttpRequest(decodeResult: success, version: HTTP/1.1, content: EmptyByteBufBE)
GET /session/9778c90b-985a-4cec-93d3-6f1a093d937b/alert/text HTTP/1.1
Cache-Control: no-cache
User-Agent: selenium/4.12.0 (java windows)
Content-Type: application/json; charset=utf-8
host: localhost:43842
accept: */*

Response DefaultHttpResponse(decodeResult: success, version: HTTP/1.1)
HTTP/1.1 404 Not Found
content-type: application/json; charset=utf-8
cache-control: no-cache
content-length: 842
date: Sun, 28 Apr 2024 03:25:06 GMT

22:25:06.863 [AsyncHttpClient-1-5] DEBUG org.asynchttpclient.netty.channel.ChannelManager -- Adding key: http://localhost:43842 for channel [id: 0xca50dd4e, L:/127.0.0.1:63321 - R:localhost/127.0.0.1:43842]
22:25:06.864 [Forwarding getCurrentUrl on session 9778c90b-985a-4cec-93d3-6f1a093d937b to remote] DEBUG org.asynchttpclient.netty.request.NettyRequestSender -- Using pooled Channel '[id: 0xca50dd4e, L:/127.0.0.1:63321 - R:localhost/127.0.0.1:43842]' for 'GET' to 'http://localhost:43842/session/9778c90b-985a-4cec-93d3-6f1a093d937b/url'
22:25:06.864 [Forwarding getCurrentUrl on session 9778c90b-985a-4cec-93d3-6f1a093d937b to remote] DEBUG org.asynchttpclient.netty.request.NettyRequestSender -- Using open Channel [id: 0xca50dd4e, L:/127.0.0.1:63321 - R:localhost/127.0.0.1:43842] for GET '/session/9778c90b-985a-4cec-93d3-6f1a093d937b/url'
22:25:06.865 [AsyncHttpClient-1-5] DEBUG org.asynchttpclient.netty.handler.HttpHandler -- 

Request DefaultFullHttpRequest(decodeResult: success, version: HTTP/1.1, content: EmptyByteBufBE)
GET /session/9778c90b-985a-4cec-93d3-6f1a093d937b/url HTTP/1.1
Cache-Control: no-cache
User-Agent: selenium/4.12.0 (java windows)
Content-Type: application/json; charset=utf-8
host: localhost:43842
accept: */*

Response DefaultHttpResponse(decodeResult: success, version: HTTP/1.1)
HTTP/1.1 200 OK
content-type: application/json; charset=utf-8
cache-control: no-cache
content-length: 38
date: Sun, 28 Apr 2024 03:25:06 GMT

22:25:06.865 [AsyncHttpClient-1-5] DEBUG org.asynchttpclient.netty.channel.ChannelManager -- Adding key: http://localhost:43842 for channel [id: 0xca50dd4e, L:/127.0.0.1:63321 - R:localhost/127.0.0.1:43842]
22:25:06.865 [Forwarding screenshot on session 9778c90b-985a-4cec-93d3-6f1a093d937b to remote] DEBUG org.asynchttpclient.netty.request.NettyRequestSender -- Using pooled Channel '[id: 0xca50dd4e, L:/127.0.0.1:63321 - R:localhost/127.0.0.1:43842]' for 'GET' to 'http://localhost:43842/session/9778c90b-985a-4cec-93d3-6f1a093d937b/screenshot'
22:25:06.865 [Forwarding screenshot on session 9778c90b-985a-4cec-93d3-6f1a093d937b to remote] DEBUG org.asynchttpclient.netty.request.NettyRequestSender -- Using open Channel [id: 0xca50dd4e, L:/127.0.0.1:63321 - R:localhost/127.0.0.1:43842] for GET '/session/9778c90b-985a-4cec-93d3-6f1a093d937b/screenshot'
22:25:06.925 [AsyncHttpClient-1-5] DEBUG org.asynchttpclient.netty.handler.HttpHandler -- 

Request DefaultFullHttpRequest(decodeResult: success, version: HTTP/1.1, content: EmptyByteBufBE)
GET /session/9778c90b-985a-4cec-93d3-6f1a093d937b/screenshot HTTP/1.1
Cache-Control: no-cache
User-Agent: selenium/4.12.0 (java windows)
Content-Type: application/json; charset=utf-8
host: localhost:43842
accept: */*

Response DefaultHttpResponse(decodeResult: success, version: HTTP/1.1)
HTTP/1.1 200 OK
content-type: application/json; charset=utf-8
cache-control: no-cache
content-length: 504948
date: Sun, 28 Apr 2024 03:25:06 GMT

22:25:06.926 [AsyncHttpClient-1-5] DEBUG org.asynchttpclient.netty.channel.ChannelManager -- Adding key: http://localhost:43842 for channel [id: 0xca50dd4e, L:/127.0.0.1:63321 - R:localhost/127.0.0.1:43842]
22:25:06.936 [main] DEBUG net.serenitybdd.core.photography.Darkroom -- Send negative for processing for C:\Users\USUARIO\OneDrive\Documentos\02 Automatización\03 Pragma\pragma\pragma\target\site\serenity\4ee8a2605a1cdda36c2b7788194c259ded3d98d35a623d38fa3b86f65a89fac1.png
22:25:07.423 [AsyncHttpClient-1-1] DEBUG org.asynchttpclient.netty.channel.DefaultChannelPool -- Entry count for : http://localhost:43842 : 1
22:25:07.948 [main] DEBUG net.thucydides.core.steps.StepInterceptor -- STEP DONE: ingresarAlPortal
22:25:07.952 [Forwarding getAlertText on session 9778c90b-985a-4cec-93d3-6f1a093d937b to remote] DEBUG org.asynchttpclient.netty.request.NettyRequestSender -- Using pooled Channel '[id: 0xca50dd4e, L:/127.0.0.1:63321 - R:localhost/127.0.0.1:43842]' for 'GET' to 'http://localhost:43842/session/9778c90b-985a-4cec-93d3-6f1a093d937b/alert/text'
22:25:07.952 [Forwarding getAlertText on session 9778c90b-985a-4cec-93d3-6f1a093d937b to remote] DEBUG org.asynchttpclient.netty.request.NettyRequestSender -- Using open Channel [id: 0xca50dd4e, L:/127.0.0.1:63321 - R:localhost/127.0.0.1:43842] for GET '/session/9778c90b-985a-4cec-93d3-6f1a093d937b/alert/text'
22:25:07.953 [AsyncHttpClient-1-5] DEBUG org.asynchttpclient.netty.handler.HttpHandler -- 

Request DefaultFullHttpRequest(decodeResult: success, version: HTTP/1.1, content: EmptyByteBufBE)
GET /session/9778c90b-985a-4cec-93d3-6f1a093d937b/alert/text HTTP/1.1
Cache-Control: no-cache
User-Agent: selenium/4.12.0 (java windows)
Content-Type: application/json; charset=utf-8
host: localhost:43842
accept: */*

Response DefaultHttpResponse(decodeResult: success, version: HTTP/1.1)
HTTP/1.1 404 Not Found
content-type: application/json; charset=utf-8
cache-control: no-cache
content-length: 842
date: Sun, 28 Apr 2024 03:25:07 GMT

22:25:07.953 [AsyncHttpClient-1-5] DEBUG org.asynchttpclient.netty.channel.ChannelManager -- Adding key: http://localhost:43842 for channel [id: 0xca50dd4e, L:/127.0.0.1:63321 - R:localhost/127.0.0.1:43842]
22:25:07.954 [Forwarding getCurrentUrl on session 9778c90b-985a-4cec-93d3-6f1a093d937b to remote] DEBUG org.asynchttpclient.netty.request.NettyRequestSender -- Using pooled Channel '[id: 0xca50dd4e, L:/127.0.0.1:63321 - R:localhost/127.0.0.1:43842]' for 'GET' to 'http://localhost:43842/session/9778c90b-985a-4cec-93d3-6f1a093d937b/url'
22:25:07.954 [Forwarding getCurrentUrl on session 9778c90b-985a-4cec-93d3-6f1a093d937b to remote] DEBUG org.asynchttpclient.netty.request.NettyRequestSender -- Using open Channel [id: 0xca50dd4e, L:/127.0.0.1:63321 - R:localhost/127.0.0.1:43842] for GET '/session/9778c90b-985a-4cec-93d3-6f1a093d937b/url'
22:25:07.955 [AsyncHttpClient-1-5] DEBUG org.asynchttpclient.netty.handler.HttpHandler -- 

Request DefaultFullHttpRequest(decodeResult: success, version: HTTP/1.1, content: EmptyByteBufBE)
GET /session/9778c90b-985a-4cec-93d3-6f1a093d937b/url HTTP/1.1
Cache-Control: no-cache
User-Agent: selenium/4.12.0 (java windows)
Content-Type: application/json; charset=utf-8
host: localhost:43842
accept: */*

Response DefaultHttpResponse(decodeResult: success, version: HTTP/1.1)
HTTP/1.1 200 OK
content-type: application/json; charset=utf-8
cache-control: no-cache
content-length: 38
date: Sun, 28 Apr 2024 03:25:07 GMT

22:25:07.955 [AsyncHttpClient-1-5] DEBUG org.asynchttpclient.netty.channel.ChannelManager -- Adding key: http://localhost:43842 for channel [id: 0xca50dd4e, L:/127.0.0.1:63321 - R:localhost/127.0.0.1:43842]
22:25:07.956 [Forwarding screenshot on session 9778c90b-985a-4cec-93d3-6f1a093d937b to remote] DEBUG org.asynchttpclient.netty.request.NettyRequestSender -- Using pooled Channel '[id: 0xca50dd4e, L:/127.0.0.1:63321 - R:localhost/127.0.0.1:43842]' for 'GET' to 'http://localhost:43842/session/9778c90b-985a-4cec-93d3-6f1a093d937b/screenshot'
22:25:07.956 [Forwarding screenshot on session 9778c90b-985a-4cec-93d3-6f1a093d937b to remote] DEBUG org.asynchttpclient.netty.request.NettyRequestSender -- Using open Channel [id: 0xca50dd4e, L:/127.0.0.1:63321 - R:localhost/127.0.0.1:43842] for GET '/session/9778c90b-985a-4cec-93d3-6f1a093d937b/screenshot'
22:25:08.023 [AsyncHttpClient-1-5] DEBUG org.asynchttpclient.netty.handler.HttpHandler -- 

Request DefaultFullHttpRequest(decodeResult: success, version: HTTP/1.1, content: EmptyByteBufBE)
GET /session/9778c90b-985a-4cec-93d3-6f1a093d937b/screenshot HTTP/1.1
Cache-Control: no-cache
User-Agent: selenium/4.12.0 (java windows)
Content-Type: application/json; charset=utf-8
host: localhost:43842
accept: */*

Response DefaultHttpResponse(decodeResult: success, version: HTTP/1.1)
HTTP/1.1 200 OK
content-type: application/json; charset=utf-8
cache-control: no-cache
content-length: 800340
date: Sun, 28 Apr 2024 03:25:07 GMT

22:25:08.024 [AsyncHttpClient-1-5] DEBUG org.asynchttpclient.netty.channel.ChannelManager -- Adding key: http://localhost:43842 for channel [id: 0xca50dd4e, L:/127.0.0.1:63321 - R:localhost/127.0.0.1:43842]
22:25:08.035 [main] DEBUG net.serenitybdd.core.photography.Darkroom -- Send negative for processing for C:\Users\USUARIO\OneDrive\Documentos\02 Automatización\03 Pragma\pragma\pragma\target\site\serenity\c6d2d59253a3c52d8b8db4ad723f6da73641757028d146bd6c52f7f99c9aebe9.png
22:25:08.525 [AsyncHttpClient-1-1] DEBUG org.asynchttpclient.netty.channel.DefaultChannelPool -- Entry count for : http://localhost:43842 : 1
22:25:09.087 [main] DEBUG net.thucydides.core.steps.StepInterceptor -- STARTING STEP: StepInterceptor.testContext - ingresoACategoria
22:25:09.087 [Forwarding findElement on session 9778c90b-985a-4cec-93d3-6f1a093d937b to remote] DEBUG org.asynchttpclient.netty.request.NettyRequestSender -- Using pooled Channel '[id: 0xca50dd4e, L:/127.0.0.1:63321 - R:localhost/127.0.0.1:43842]' for 'POST' to 'http://localhost:43842/session/9778c90b-985a-4cec-93d3-6f1a093d937b/element'
22:25:09.087 [Forwarding findElement on session 9778c90b-985a-4cec-93d3-6f1a093d937b to remote] DEBUG org.asynchttpclient.netty.request.NettyRequestSender -- Using open Channel [id: 0xca50dd4e, L:/127.0.0.1:63321 - R:localhost/127.0.0.1:43842] for POST '/session/9778c90b-985a-4cec-93d3-6f1a093d937b/element'
22:25:09.090 [AsyncHttpClient-1-5] DEBUG org.asynchttpclient.netty.handler.HttpHandler -- 

Request DefaultHttpRequest(decodeResult: success, version: HTTP/1.1)
POST /session/9778c90b-985a-4cec-93d3-6f1a093d937b/element HTTP/1.1
User-Agent: selenium/4.12.0 (java windows)
Content-Length: 78
Content-Type: application/json; charset=utf-8
host: localhost:43842
accept: */*

Response DefaultHttpResponse(decodeResult: success, version: HTTP/1.1)
HTTP/1.1 200 OK
content-type: application/json; charset=utf-8
cache-control: no-cache
content-length: 88
date: Sun, 28 Apr 2024 03:25:09 GMT

22:25:09.090 [AsyncHttpClient-1-5] DEBUG org.asynchttpclient.netty.channel.ChannelManager -- Adding key: http://localhost:43842 for channel [id: 0xca50dd4e, L:/127.0.0.1:63321 - R:localhost/127.0.0.1:43842]
22:25:09.094 [Forwarding getElementTagName on session 9778c90b-985a-4cec-93d3-6f1a093d937b to remote] DEBUG org.asynchttpclient.netty.request.NettyRequestSender -- Using pooled Channel '[id: 0xca50dd4e, L:/127.0.0.1:63321 - R:localhost/127.0.0.1:43842]' for 'GET' to 'http://localhost:43842/session/9778c90b-985a-4cec-93d3-6f1a093d937b/element/a22b29b7-0821-45c3-b3cc-ca3e2ffe41f1/name'
22:25:09.094 [Forwarding getElementTagName on session 9778c90b-985a-4cec-93d3-6f1a093d937b to remote] DEBUG org.asynchttpclient.netty.request.NettyRequestSender -- Using open Channel [id: 0xca50dd4e, L:/127.0.0.1:63321 - R:localhost/127.0.0.1:43842] for GET '/session/9778c90b-985a-4cec-93d3-6f1a093d937b/element/a22b29b7-0821-45c3-b3cc-ca3e2ffe41f1/name'
22:25:09.094 [AsyncHttpClient-1-5] DEBUG org.asynchttpclient.netty.handler.HttpHandler -- 

Request DefaultFullHttpRequest(decodeResult: success, version: HTTP/1.1, content: EmptyByteBufBE)
GET /session/9778c90b-985a-4cec-93d3-6f1a093d937b/element/a22b29b7-0821-45c3-b3cc-ca3e2ffe41f1/name HTTP/1.1
Cache-Control: no-cache
User-Agent: selenium/4.12.0 (java windows)
Content-Type: application/json; charset=utf-8
host: localhost:43842
accept: */*

Response DefaultHttpResponse(decodeResult: success, version: HTTP/1.1)
HTTP/1.1 200 OK
content-type: application/json; charset=utf-8
cache-control: no-cache
content-length: 13
date: Sun, 28 Apr 2024 03:25:09 GMT

22:25:09.094 [AsyncHttpClient-1-5] DEBUG org.asynchttpclient.netty.channel.ChannelManager -- Adding key: http://localhost:43842 for channel [id: 0xca50dd4e, L:/127.0.0.1:63321 - R:localhost/127.0.0.1:43842]
22:25:09.094 [Forwarding getElementTagName on session 9778c90b-985a-4cec-93d3-6f1a093d937b to remote] DEBUG org.asynchttpclient.netty.request.NettyRequestSender -- Using pooled Channel '[id: 0xca50dd4e, L:/127.0.0.1:63321 - R:localhost/127.0.0.1:43842]' for 'GET' to 'http://localhost:43842/session/9778c90b-985a-4cec-93d3-6f1a093d937b/element/a22b29b7-0821-45c3-b3cc-ca3e2ffe41f1/name'
22:25:09.094 [Forwarding getElementTagName on session 9778c90b-985a-4cec-93d3-6f1a093d937b to remote] DEBUG org.asynchttpclient.netty.request.NettyRequestSender -- Using open Channel [id: 0xca50dd4e, L:/127.0.0.1:63321 - R:localhost/127.0.0.1:43842] for GET '/session/9778c90b-985a-4cec-93d3-6f1a093d937b/element/a22b29b7-0821-45c3-b3cc-ca3e2ffe41f1/name'
22:25:09.098 [AsyncHttpClient-1-5] DEBUG org.asynchttpclient.netty.handler.HttpHandler -- 

Request DefaultFullHttpRequest(decodeResult: success, version: HTTP/1.1, content: EmptyByteBufBE)
GET /session/9778c90b-985a-4cec-93d3-6f1a093d937b/element/a22b29b7-0821-45c3-b3cc-ca3e2ffe41f1/name HTTP/1.1
Cache-Control: no-cache
User-Agent: selenium/4.12.0 (java windows)
Content-Type: application/json; charset=utf-8
host: localhost:43842
accept: */*

Response DefaultHttpResponse(decodeResult: success, version: HTTP/1.1)
HTTP/1.1 200 OK
content-type: application/json; charset=utf-8
cache-control: no-cache
content-length: 13
date: Sun, 28 Apr 2024 03:25:09 GMT

22:25:09.098 [AsyncHttpClient-1-5] DEBUG org.asynchttpclient.netty.channel.ChannelManager -- Adding key: http://localhost:43842 for channel [id: 0xca50dd4e, L:/127.0.0.1:63321 - R:localhost/127.0.0.1:43842]
22:25:09.100 [Forwarding findElement on session 9778c90b-985a-4cec-93d3-6f1a093d937b to remote] DEBUG org.asynchttpclient.netty.request.NettyRequestSender -- Using pooled Channel '[id: 0xca50dd4e, L:/127.0.0.1:63321 - R:localhost/127.0.0.1:43842]' for 'POST' to 'http://localhost:43842/session/9778c90b-985a-4cec-93d3-6f1a093d937b/element'
22:25:09.100 [Forwarding findElement on session 9778c90b-985a-4cec-93d3-6f1a093d937b to remote] DEBUG org.asynchttpclient.netty.request.NettyRequestSender -- Using open Channel [id: 0xca50dd4e, L:/127.0.0.1:63321 - R:localhost/127.0.0.1:43842] for POST '/session/9778c90b-985a-4cec-93d3-6f1a093d937b/element'
22:25:09.102 [AsyncHttpClient-1-5] DEBUG org.asynchttpclient.netty.handler.HttpHandler -- 

Request DefaultHttpRequest(decodeResult: success, version: HTTP/1.1)
POST /session/9778c90b-985a-4cec-93d3-6f1a093d937b/element HTTP/1.1
User-Agent: selenium/4.12.0 (java windows)
Content-Length: 78
Content-Type: application/json; charset=utf-8
host: localhost:43842
accept: */*

Response DefaultHttpResponse(decodeResult: success, version: HTTP/1.1)
HTTP/1.1 200 OK
content-type: application/json; charset=utf-8
cache-control: no-cache
content-length: 88
date: Sun, 28 Apr 2024 03:25:09 GMT

22:25:09.102 [AsyncHttpClient-1-5] DEBUG org.asynchttpclient.netty.channel.ChannelManager -- Adding key: http://localhost:43842 for channel [id: 0xca50dd4e, L:/127.0.0.1:63321 - R:localhost/127.0.0.1:43842]
22:25:09.102 [Forwarding clickElement on session 9778c90b-985a-4cec-93d3-6f1a093d937b to remote] DEBUG org.asynchttpclient.netty.request.NettyRequestSender -- Using pooled Channel '[id: 0xca50dd4e, L:/127.0.0.1:63321 - R:localhost/127.0.0.1:43842]' for 'POST' to 'http://localhost:43842/session/9778c90b-985a-4cec-93d3-6f1a093d937b/element/a22b29b7-0821-45c3-b3cc-ca3e2ffe41f1/click'
22:25:09.102 [Forwarding clickElement on session 9778c90b-985a-4cec-93d3-6f1a093d937b to remote] DEBUG org.asynchttpclient.netty.request.NettyRequestSender -- Using open Channel [id: 0xca50dd4e, L:/127.0.0.1:63321 - R:localhost/127.0.0.1:43842] for POST '/session/9778c90b-985a-4cec-93d3-6f1a093d937b/element/a22b29b7-0821-45c3-b3cc-ca3e2ffe41f1/click'
22:25:09.126 [AsyncHttpClient-1-5] DEBUG org.asynchttpclient.netty.handler.HttpHandler -- 

Request DefaultHttpRequest(decodeResult: success, version: HTTP/1.1)
POST /session/9778c90b-985a-4cec-93d3-6f1a093d937b/element/a22b29b7-0821-45c3-b3cc-ca3e2ffe41f1/click HTTP/1.1
User-Agent: selenium/4.12.0 (java windows)
Content-Length: 50
Content-Type: application/json; charset=utf-8
host: localhost:43842
accept: */*

Response DefaultHttpResponse(decodeResult: success, version: HTTP/1.1)
HTTP/1.1 200 OK
content-type: application/json; charset=utf-8
cache-control: no-cache
content-length: 14
date: Sun, 28 Apr 2024 03:25:09 GMT

22:25:09.126 [AsyncHttpClient-1-5] DEBUG org.asynchttpclient.netty.channel.ChannelManager -- Adding key: http://localhost:43842 for channel [id: 0xca50dd4e, L:/127.0.0.1:63321 - R:localhost/127.0.0.1:43842]
22:25:09.130 [Forwarding getAlertText on session 9778c90b-985a-4cec-93d3-6f1a093d937b to remote] DEBUG org.asynchttpclient.netty.request.NettyRequestSender -- Using pooled Channel '[id: 0xca50dd4e, L:/127.0.0.1:63321 - R:localhost/127.0.0.1:43842]' for 'GET' to 'http://localhost:43842/session/9778c90b-985a-4cec-93d3-6f1a093d937b/alert/text'
22:25:09.130 [Forwarding getAlertText on session 9778c90b-985a-4cec-93d3-6f1a093d937b to remote] DEBUG org.asynchttpclient.netty.request.NettyRequestSender -- Using open Channel [id: 0xca50dd4e, L:/127.0.0.1:63321 - R:localhost/127.0.0.1:43842] for GET '/session/9778c90b-985a-4cec-93d3-6f1a093d937b/alert/text'
22:25:09.132 [AsyncHttpClient-1-5] DEBUG org.asynchttpclient.netty.handler.HttpHandler -- 

Request DefaultFullHttpRequest(decodeResult: success, version: HTTP/1.1, content: EmptyByteBufBE)
GET /session/9778c90b-985a-4cec-93d3-6f1a093d937b/alert/text HTTP/1.1
Cache-Control: no-cache
User-Agent: selenium/4.12.0 (java windows)
Content-Type: application/json; charset=utf-8
host: localhost:43842
accept: */*

Response DefaultHttpResponse(decodeResult: success, version: HTTP/1.1)
HTTP/1.1 404 Not Found
content-type: application/json; charset=utf-8
cache-control: no-cache
content-length: 842
date: Sun, 28 Apr 2024 03:25:09 GMT

22:25:09.132 [AsyncHttpClient-1-5] DEBUG org.asynchttpclient.netty.channel.ChannelManager -- Adding key: http://localhost:43842 for channel [id: 0xca50dd4e, L:/127.0.0.1:63321 - R:localhost/127.0.0.1:43842]
22:25:09.132 [Forwarding getCurrentUrl on session 9778c90b-985a-4cec-93d3-6f1a093d937b to remote] DEBUG org.asynchttpclient.netty.request.NettyRequestSender -- Using pooled Channel '[id: 0xca50dd4e, L:/127.0.0.1:63321 - R:localhost/127.0.0.1:43842]' for 'GET' to 'http://localhost:43842/session/9778c90b-985a-4cec-93d3-6f1a093d937b/url'
22:25:09.132 [Forwarding getCurrentUrl on session 9778c90b-985a-4cec-93d3-6f1a093d937b to remote] DEBUG org.asynchttpclient.netty.request.NettyRequestSender -- Using open Channel [id: 0xca50dd4e, L:/127.0.0.1:63321 - R:localhost/127.0.0.1:43842] for GET '/session/9778c90b-985a-4cec-93d3-6f1a093d937b/url'
22:25:09.135 [AsyncHttpClient-1-5] DEBUG org.asynchttpclient.netty.handler.HttpHandler -- 

Request DefaultFullHttpRequest(decodeResult: success, version: HTTP/1.1, content: EmptyByteBufBE)
GET /session/9778c90b-985a-4cec-93d3-6f1a093d937b/url HTTP/1.1
Cache-Control: no-cache
User-Agent: selenium/4.12.0 (java windows)
Content-Type: application/json; charset=utf-8
host: localhost:43842
accept: */*

Response DefaultHttpResponse(decodeResult: success, version: HTTP/1.1)
HTTP/1.1 200 OK
content-type: application/json; charset=utf-8
cache-control: no-cache
content-length: 39
date: Sun, 28 Apr 2024 03:25:09 GMT

22:25:09.135 [AsyncHttpClient-1-5] DEBUG org.asynchttpclient.netty.channel.ChannelManager -- Adding key: http://localhost:43842 for channel [id: 0xca50dd4e, L:/127.0.0.1:63321 - R:localhost/127.0.0.1:43842]
22:25:09.135 [Forwarding screenshot on session 9778c90b-985a-4cec-93d3-6f1a093d937b to remote] DEBUG org.asynchttpclient.netty.request.NettyRequestSender -- Using pooled Channel '[id: 0xca50dd4e, L:/127.0.0.1:63321 - R:localhost/127.0.0.1:43842]' for 'GET' to 'http://localhost:43842/session/9778c90b-985a-4cec-93d3-6f1a093d937b/screenshot'
22:25:09.135 [Forwarding screenshot on session 9778c90b-985a-4cec-93d3-6f1a093d937b to remote] DEBUG org.asynchttpclient.netty.request.NettyRequestSender -- Using open Channel [id: 0xca50dd4e, L:/127.0.0.1:63321 - R:localhost/127.0.0.1:43842] for GET '/session/9778c90b-985a-4cec-93d3-6f1a093d937b/screenshot'
22:25:09.210 [AsyncHttpClient-1-5] DEBUG org.asynchttpclient.netty.handler.HttpHandler -- 

Request DefaultFullHttpRequest(decodeResult: success, version: HTTP/1.1, content: EmptyByteBufBE)
GET /session/9778c90b-985a-4cec-93d3-6f1a093d937b/screenshot HTTP/1.1
Cache-Control: no-cache
User-Agent: selenium/4.12.0 (java windows)
Content-Type: application/json; charset=utf-8
host: localhost:43842
accept: */*

Response DefaultHttpResponse(decodeResult: success, version: HTTP/1.1)
HTTP/1.1 200 OK
content-type: application/json; charset=utf-8
cache-control: no-cache
content-length: 800340
date: Sun, 28 Apr 2024 03:25:09 GMT

22:25:09.210 [AsyncHttpClient-1-5] DEBUG org.asynchttpclient.netty.channel.ChannelManager -- Adding key: http://localhost:43842 for channel [id: 0xca50dd4e, L:/127.0.0.1:63321 - R:localhost/127.0.0.1:43842]
22:25:09.223 [main] DEBUG net.serenitybdd.core.photography.Darkroom -- Send negative for processing for C:\Users\USUARIO\OneDrive\Documentos\02 Automatización\03 Pragma\pragma\pragma\target\site\serenity\c6d2d59253a3c52d8b8db4ad723f6da73641757028d146bd6c52f7f99c9aebe9.png
22:25:09.623 [AsyncHttpClient-1-1] DEBUG org.asynchttpclient.netty.channel.DefaultChannelPool -- Entry count for : http://localhost:43842 : 1
22:25:10.234 [main] DEBUG net.thucydides.core.steps.StepInterceptor -- STEP DONE: ingresoACategoria
22:25:10.234 [Forwarding getAlertText on session 9778c90b-985a-4cec-93d3-6f1a093d937b to remote] DEBUG org.asynchttpclient.netty.request.NettyRequestSender -- Using pooled Channel '[id: 0xca50dd4e, L:/127.0.0.1:63321 - R:localhost/127.0.0.1:43842]' for 'GET' to 'http://localhost:43842/session/9778c90b-985a-4cec-93d3-6f1a093d937b/alert/text'
22:25:10.234 [Forwarding getAlertText on session 9778c90b-985a-4cec-93d3-6f1a093d937b to remote] DEBUG org.asynchttpclient.netty.request.NettyRequestSender -- Using open Channel [id: 0xca50dd4e, L:/127.0.0.1:63321 - R:localhost/127.0.0.1:43842] for GET '/session/9778c90b-985a-4cec-93d3-6f1a093d937b/alert/text'
22:25:10.238 [AsyncHttpClient-1-5] DEBUG org.asynchttpclient.netty.handler.HttpHandler -- 

Request DefaultFullHttpRequest(decodeResult: success, version: HTTP/1.1, content: EmptyByteBufBE)
GET /session/9778c90b-985a-4cec-93d3-6f1a093d937b/alert/text HTTP/1.1
Cache-Control: no-cache
User-Agent: selenium/4.12.0 (java windows)
Content-Type: application/json; charset=utf-8
host: localhost:43842
accept: */*

Response DefaultHttpResponse(decodeResult: success, version: HTTP/1.1)
HTTP/1.1 404 Not Found
content-type: application/json; charset=utf-8
cache-control: no-cache
content-length: 842
date: Sun, 28 Apr 2024 03:25:10 GMT

22:25:10.238 [AsyncHttpClient-1-5] DEBUG org.asynchttpclient.netty.channel.ChannelManager -- Adding key: http://localhost:43842 for channel [id: 0xca50dd4e, L:/127.0.0.1:63321 - R:localhost/127.0.0.1:43842]
22:25:10.238 [Forwarding getCurrentUrl on session 9778c90b-985a-4cec-93d3-6f1a093d937b to remote] DEBUG org.asynchttpclient.netty.request.NettyRequestSender -- Using pooled Channel '[id: 0xca50dd4e, L:/127.0.0.1:63321 - R:localhost/127.0.0.1:43842]' for 'GET' to 'http://localhost:43842/session/9778c90b-985a-4cec-93d3-6f1a093d937b/url'
22:25:10.238 [Forwarding getCurrentUrl on session 9778c90b-985a-4cec-93d3-6f1a093d937b to remote] DEBUG org.asynchttpclient.netty.request.NettyRequestSender -- Using open Channel [id: 0xca50dd4e, L:/127.0.0.1:63321 - R:localhost/127.0.0.1:43842] for GET '/session/9778c90b-985a-4cec-93d3-6f1a093d937b/url'
22:25:10.238 [AsyncHttpClient-1-5] DEBUG org.asynchttpclient.netty.handler.HttpHandler -- 

Request DefaultFullHttpRequest(decodeResult: success, version: HTTP/1.1, content: EmptyByteBufBE)
GET /session/9778c90b-985a-4cec-93d3-6f1a093d937b/url HTTP/1.1
Cache-Control: no-cache
User-Agent: selenium/4.12.0 (java windows)
Content-Type: application/json; charset=utf-8
host: localhost:43842
accept: */*

Response DefaultHttpResponse(decodeResult: success, version: HTTP/1.1)
HTTP/1.1 200 OK
content-type: application/json; charset=utf-8
cache-control: no-cache
content-length: 39
date: Sun, 28 Apr 2024 03:25:10 GMT

22:25:10.238 [AsyncHttpClient-1-5] DEBUG org.asynchttpclient.netty.channel.ChannelManager -- Adding key: http://localhost:43842 for channel [id: 0xca50dd4e, L:/127.0.0.1:63321 - R:localhost/127.0.0.1:43842]
22:25:10.238 [Forwarding screenshot on session 9778c90b-985a-4cec-93d3-6f1a093d937b to remote] DEBUG org.asynchttpclient.netty.request.NettyRequestSender -- Using pooled Channel '[id: 0xca50dd4e, L:/127.0.0.1:63321 - R:localhost/127.0.0.1:43842]' for 'GET' to 'http://localhost:43842/session/9778c90b-985a-4cec-93d3-6f1a093d937b/screenshot'
22:25:10.238 [Forwarding screenshot on session 9778c90b-985a-4cec-93d3-6f1a093d937b to remote] DEBUG org.asynchttpclient.netty.request.NettyRequestSender -- Using open Channel [id: 0xca50dd4e, L:/127.0.0.1:63321 - R:localhost/127.0.0.1:43842] for GET '/session/9778c90b-985a-4cec-93d3-6f1a093d937b/screenshot'
22:25:10.315 [AsyncHttpClient-1-5] DEBUG org.asynchttpclient.netty.handler.HttpHandler -- 

Request DefaultFullHttpRequest(decodeResult: success, version: HTTP/1.1, content: EmptyByteBufBE)
GET /session/9778c90b-985a-4cec-93d3-6f1a093d937b/screenshot HTTP/1.1
Cache-Control: no-cache
User-Agent: selenium/4.12.0 (java windows)
Content-Type: application/json; charset=utf-8
host: localhost:43842
accept: */*

Response DefaultHttpResponse(decodeResult: success, version: HTTP/1.1)
HTTP/1.1 200 OK
content-type: application/json; charset=utf-8
cache-control: no-cache
content-length: 548564
date: Sun, 28 Apr 2024 03:25:10 GMT

22:25:10.315 [AsyncHttpClient-1-5] DEBUG org.asynchttpclient.netty.channel.ChannelManager -- Adding key: http://localhost:43842 for channel [id: 0xca50dd4e, L:/127.0.0.1:63321 - R:localhost/127.0.0.1:43842]
22:25:10.323 [main] DEBUG net.serenitybdd.core.photography.Darkroom -- Send negative for processing for C:\Users\USUARIO\OneDrive\Documentos\02 Automatización\03 Pragma\pragma\pragma\target\site\serenity\c5bd11b700bec8a0dbd87675db036b1814c8ede9f24bb4fbfea5ab0e5c610bbe.png
22:25:10.716 [AsyncHttpClient-1-1] DEBUG org.asynchttpclient.netty.channel.DefaultChannelPool -- Entry count for : http://localhost:43842 : 1
22:25:11.336 [main] DEBUG net.thucydides.core.steps.StepInterceptor -- STARTING STEP: StepInterceptor.testContext - ingresoAlProducto
22:25:11.336 [Forwarding findElement on session 9778c90b-985a-4cec-93d3-6f1a093d937b to remote] DEBUG org.asynchttpclient.netty.request.NettyRequestSender -- Using pooled Channel '[id: 0xca50dd4e, L:/127.0.0.1:63321 - R:localhost/127.0.0.1:43842]' for 'POST' to 'http://localhost:43842/session/9778c90b-985a-4cec-93d3-6f1a093d937b/element'
22:25:11.336 [Forwarding findElement on session 9778c90b-985a-4cec-93d3-6f1a093d937b to remote] DEBUG org.asynchttpclient.netty.request.NettyRequestSender -- Using open Channel [id: 0xca50dd4e, L:/127.0.0.1:63321 - R:localhost/127.0.0.1:43842] for POST '/session/9778c90b-985a-4cec-93d3-6f1a093d937b/element'
22:25:11.340 [AsyncHttpClient-1-5] DEBUG org.asynchttpclient.netty.handler.HttpHandler -- 

Request DefaultHttpRequest(decodeResult: success, version: HTTP/1.1)
POST /session/9778c90b-985a-4cec-93d3-6f1a093d937b/element HTTP/1.1
User-Agent: selenium/4.12.0 (java windows)
Content-Length: 83
Content-Type: application/json; charset=utf-8
host: localhost:43842
accept: */*

Response DefaultHttpResponse(decodeResult: success, version: HTTP/1.1)
HTTP/1.1 200 OK
content-type: application/json; charset=utf-8
cache-control: no-cache
content-length: 88
date: Sun, 28 Apr 2024 03:25:11 GMT

22:25:11.340 [AsyncHttpClient-1-5] DEBUG org.asynchttpclient.netty.channel.ChannelManager -- Adding key: http://localhost:43842 for channel [id: 0xca50dd4e, L:/127.0.0.1:63321 - R:localhost/127.0.0.1:43842]
22:25:11.340 [Forwarding getElementTagName on session 9778c90b-985a-4cec-93d3-6f1a093d937b to remote] DEBUG org.asynchttpclient.netty.request.NettyRequestSender -- Using pooled Channel '[id: 0xca50dd4e, L:/127.0.0.1:63321 - R:localhost/127.0.0.1:43842]' for 'GET' to 'http://localhost:43842/session/9778c90b-985a-4cec-93d3-6f1a093d937b/element/b36ecd82-a840-428c-86e9-02b2acf3056f/name'
22:25:11.340 [Forwarding getElementTagName on session 9778c90b-985a-4cec-93d3-6f1a093d937b to remote] DEBUG org.asynchttpclient.netty.request.NettyRequestSender -- Using open Channel [id: 0xca50dd4e, L:/127.0.0.1:63321 - R:localhost/127.0.0.1:43842] for GET '/session/9778c90b-985a-4cec-93d3-6f1a093d937b/element/b36ecd82-a840-428c-86e9-02b2acf3056f/name'
22:25:11.340 [AsyncHttpClient-1-5] DEBUG org.asynchttpclient.netty.handler.HttpHandler -- 

Request DefaultFullHttpRequest(decodeResult: success, version: HTTP/1.1, content: EmptyByteBufBE)
GET /session/9778c90b-985a-4cec-93d3-6f1a093d937b/element/b36ecd82-a840-428c-86e9-02b2acf3056f/name HTTP/1.1
Cache-Control: no-cache
User-Agent: selenium/4.12.0 (java windows)
Content-Type: application/json; charset=utf-8
host: localhost:43842
accept: */*

Response DefaultHttpResponse(decodeResult: success, version: HTTP/1.1)
HTTP/1.1 200 OK
content-type: application/json; charset=utf-8
cache-control: no-cache
content-length: 13
date: Sun, 28 Apr 2024 03:25:11 GMT

22:25:11.340 [AsyncHttpClient-1-5] DEBUG org.asynchttpclient.netty.channel.ChannelManager -- Adding key: http://localhost:43842 for channel [id: 0xca50dd4e, L:/127.0.0.1:63321 - R:localhost/127.0.0.1:43842]
22:25:11.340 [Forwarding getElementTagName on session 9778c90b-985a-4cec-93d3-6f1a093d937b to remote] DEBUG org.asynchttpclient.netty.request.NettyRequestSender -- Using pooled Channel '[id: 0xca50dd4e, L:/127.0.0.1:63321 - R:localhost/127.0.0.1:43842]' for 'GET' to 'http://localhost:43842/session/9778c90b-985a-4cec-93d3-6f1a093d937b/element/b36ecd82-a840-428c-86e9-02b2acf3056f/name'
22:25:11.340 [Forwarding getElementTagName on session 9778c90b-985a-4cec-93d3-6f1a093d937b to remote] DEBUG org.asynchttpclient.netty.request.NettyRequestSender -- Using open Channel [id: 0xca50dd4e, L:/127.0.0.1:63321 - R:localhost/127.0.0.1:43842] for GET '/session/9778c90b-985a-4cec-93d3-6f1a093d937b/element/b36ecd82-a840-428c-86e9-02b2acf3056f/name'
22:25:11.344 [AsyncHttpClient-1-5] DEBUG org.asynchttpclient.netty.handler.HttpHandler -- 

Request DefaultFullHttpRequest(decodeResult: success, version: HTTP/1.1, content: EmptyByteBufBE)
GET /session/9778c90b-985a-4cec-93d3-6f1a093d937b/element/b36ecd82-a840-428c-86e9-02b2acf3056f/name HTTP/1.1
Cache-Control: no-cache
User-Agent: selenium/4.12.0 (java windows)
Content-Type: application/json; charset=utf-8
host: localhost:43842
accept: */*

Response DefaultHttpResponse(decodeResult: success, version: HTTP/1.1)
HTTP/1.1 200 OK
content-type: application/json; charset=utf-8
cache-control: no-cache
content-length: 13
date: Sun, 28 Apr 2024 03:25:11 GMT

22:25:11.344 [AsyncHttpClient-1-5] DEBUG org.asynchttpclient.netty.channel.ChannelManager -- Adding key: http://localhost:43842 for channel [id: 0xca50dd4e, L:/127.0.0.1:63321 - R:localhost/127.0.0.1:43842]
22:25:11.344 [Forwarding findElement on session 9778c90b-985a-4cec-93d3-6f1a093d937b to remote] DEBUG org.asynchttpclient.netty.request.NettyRequestSender -- Using pooled Channel '[id: 0xca50dd4e, L:/127.0.0.1:63321 - R:localhost/127.0.0.1:43842]' for 'POST' to 'http://localhost:43842/session/9778c90b-985a-4cec-93d3-6f1a093d937b/element'
22:25:11.344 [Forwarding findElement on session 9778c90b-985a-4cec-93d3-6f1a093d937b to remote] DEBUG org.asynchttpclient.netty.request.NettyRequestSender -- Using open Channel [id: 0xca50dd4e, L:/127.0.0.1:63321 - R:localhost/127.0.0.1:43842] for POST '/session/9778c90b-985a-4cec-93d3-6f1a093d937b/element'
22:25:11.344 [AsyncHttpClient-1-5] DEBUG org.asynchttpclient.netty.handler.HttpHandler -- 

Request DefaultHttpRequest(decodeResult: success, version: HTTP/1.1)
POST /session/9778c90b-985a-4cec-93d3-6f1a093d937b/element HTTP/1.1
User-Agent: selenium/4.12.0 (java windows)
Content-Length: 83
Content-Type: application/json; charset=utf-8
host: localhost:43842
accept: */*

Response DefaultHttpResponse(decodeResult: success, version: HTTP/1.1)
HTTP/1.1 200 OK
content-type: application/json; charset=utf-8
cache-control: no-cache
content-length: 88
date: Sun, 28 Apr 2024 03:25:11 GMT

22:25:11.344 [AsyncHttpClient-1-5] DEBUG org.asynchttpclient.netty.channel.ChannelManager -- Adding key: http://localhost:43842 for channel [id: 0xca50dd4e, L:/127.0.0.1:63321 - R:localhost/127.0.0.1:43842]
22:25:11.347 [Forwarding clickElement on session 9778c90b-985a-4cec-93d3-6f1a093d937b to remote] DEBUG org.asynchttpclient.netty.request.NettyRequestSender -- Using pooled Channel '[id: 0xca50dd4e, L:/127.0.0.1:63321 - R:localhost/127.0.0.1:43842]' for 'POST' to 'http://localhost:43842/session/9778c90b-985a-4cec-93d3-6f1a093d937b/element/b36ecd82-a840-428c-86e9-02b2acf3056f/click'
22:25:11.347 [Forwarding clickElement on session 9778c90b-985a-4cec-93d3-6f1a093d937b to remote] DEBUG org.asynchttpclient.netty.request.NettyRequestSender -- Using open Channel [id: 0xca50dd4e, L:/127.0.0.1:63321 - R:localhost/127.0.0.1:43842] for POST '/session/9778c90b-985a-4cec-93d3-6f1a093d937b/element/b36ecd82-a840-428c-86e9-02b2acf3056f/click'
22:25:11.641 [AsyncHttpClient-1-5] DEBUG org.asynchttpclient.netty.handler.HttpHandler -- 

Request DefaultHttpRequest(decodeResult: success, version: HTTP/1.1)
POST /session/9778c90b-985a-4cec-93d3-6f1a093d937b/element/b36ecd82-a840-428c-86e9-02b2acf3056f/click HTTP/1.1
User-Agent: selenium/4.12.0 (java windows)
Content-Length: 50
Content-Type: application/json; charset=utf-8
host: localhost:43842
accept: */*

Response DefaultHttpResponse(decodeResult: success, version: HTTP/1.1)
HTTP/1.1 200 OK
content-type: application/json; charset=utf-8
cache-control: no-cache
content-length: 14
date: Sun, 28 Apr 2024 03:25:11 GMT

22:25:11.641 [AsyncHttpClient-1-5] DEBUG org.asynchttpclient.netty.channel.ChannelManager -- Adding key: http://localhost:43842 for channel [id: 0xca50dd4e, L:/127.0.0.1:63321 - R:localhost/127.0.0.1:43842]
22:25:11.645 [Forwarding findElement on session 9778c90b-985a-4cec-93d3-6f1a093d937b to remote] DEBUG org.asynchttpclient.netty.request.NettyRequestSender -- Using pooled Channel '[id: 0xca50dd4e, L:/127.0.0.1:63321 - R:localhost/127.0.0.1:43842]' for 'POST' to 'http://localhost:43842/session/9778c90b-985a-4cec-93d3-6f1a093d937b/element'
22:25:11.645 [Forwarding findElement on session 9778c90b-985a-4cec-93d3-6f1a093d937b to remote] DEBUG org.asynchttpclient.netty.request.NettyRequestSender -- Using open Channel [id: 0xca50dd4e, L:/127.0.0.1:63321 - R:localhost/127.0.0.1:43842] for POST '/session/9778c90b-985a-4cec-93d3-6f1a093d937b/element'
22:25:11.908 [AsyncHttpClient-1-5] DEBUG org.asynchttpclient.netty.handler.HttpHandler -- 

Request DefaultHttpRequest(decodeResult: success, version: HTTP/1.1)
POST /session/9778c90b-985a-4cec-93d3-6f1a093d937b/element HTTP/1.1
User-Agent: selenium/4.12.0 (java windows)
Content-Length: 66
Content-Type: application/json; charset=utf-8
host: localhost:43842
accept: */*

Response DefaultHttpResponse(decodeResult: success, version: HTTP/1.1)
HTTP/1.1 200 OK
content-type: application/json; charset=utf-8
cache-control: no-cache
content-length: 88
date: Sun, 28 Apr 2024 03:25:11 GMT

22:25:11.908 [AsyncHttpClient-1-5] DEBUG org.asynchttpclient.netty.channel.ChannelManager -- Adding key: http://localhost:43842 for channel [id: 0xca50dd4e, L:/127.0.0.1:63321 - R:localhost/127.0.0.1:43842]
22:25:11.910 [Forwarding getElementText on session 9778c90b-985a-4cec-93d3-6f1a093d937b to remote] DEBUG org.asynchttpclient.netty.request.NettyRequestSender -- Using pooled Channel '[id: 0xca50dd4e, L:/127.0.0.1:63321 - R:localhost/127.0.0.1:43842]' for 'GET' to 'http://localhost:43842/session/9778c90b-985a-4cec-93d3-6f1a093d937b/element/923c5af7-ecda-4f9a-9e18-9c9b5b69d611/text'
22:25:11.910 [Forwarding getElementText on session 9778c90b-985a-4cec-93d3-6f1a093d937b to remote] DEBUG org.asynchttpclient.netty.request.NettyRequestSender -- Using open Channel [id: 0xca50dd4e, L:/127.0.0.1:63321 - R:localhost/127.0.0.1:43842] for GET '/session/9778c90b-985a-4cec-93d3-6f1a093d937b/element/923c5af7-ecda-4f9a-9e18-9c9b5b69d611/text'
22:25:11.919 [AsyncHttpClient-1-5] DEBUG org.asynchttpclient.netty.handler.HttpHandler -- 

Request DefaultFullHttpRequest(decodeResult: success, version: HTTP/1.1, content: EmptyByteBufBE)
GET /session/9778c90b-985a-4cec-93d3-6f1a093d937b/element/923c5af7-ecda-4f9a-9e18-9c9b5b69d611/text HTTP/1.1
Cache-Control: no-cache
User-Agent: selenium/4.12.0 (java windows)
Content-Type: application/json; charset=utf-8
host: localhost:43842
accept: */*

Response DefaultHttpResponse(decodeResult: success, version: HTTP/1.1)
HTTP/1.1 200 OK
content-type: application/json; charset=utf-8
cache-control: no-cache
content-length: 24
date: Sun, 28 Apr 2024 03:25:11 GMT

22:25:11.919 [AsyncHttpClient-1-5] DEBUG org.asynchttpclient.netty.channel.ChannelManager -- Adding key: http://localhost:43842 for channel [id: 0xca50dd4e, L:/127.0.0.1:63321 - R:localhost/127.0.0.1:43842]
22:25:11.927 [Forwarding getAlertText on session 9778c90b-985a-4cec-93d3-6f1a093d937b to remote] DEBUG org.asynchttpclient.netty.request.NettyRequestSender -- Using pooled Channel '[id: 0xca50dd4e, L:/127.0.0.1:63321 - R:localhost/127.0.0.1:43842]' for 'GET' to 'http://localhost:43842/session/9778c90b-985a-4cec-93d3-6f1a093d937b/alert/text'
22:25:11.927 [Forwarding getAlertText on session 9778c90b-985a-4cec-93d3-6f1a093d937b to remote] DEBUG org.asynchttpclient.netty.request.NettyRequestSender -- Using open Channel [id: 0xca50dd4e, L:/127.0.0.1:63321 - R:localhost/127.0.0.1:43842] for GET '/session/9778c90b-985a-4cec-93d3-6f1a093d937b/alert/text'
22:25:11.927 [AsyncHttpClient-1-5] DEBUG org.asynchttpclient.netty.handler.HttpHandler -- 

Request DefaultFullHttpRequest(decodeResult: success, version: HTTP/1.1, content: EmptyByteBufBE)
GET /session/9778c90b-985a-4cec-93d3-6f1a093d937b/alert/text HTTP/1.1
Cache-Control: no-cache
User-Agent: selenium/4.12.0 (java windows)
Content-Type: application/json; charset=utf-8
host: localhost:43842
accept: */*

Response DefaultHttpResponse(decodeResult: success, version: HTTP/1.1)
HTTP/1.1 404 Not Found
content-type: application/json; charset=utf-8
cache-control: no-cache
content-length: 842
date: Sun, 28 Apr 2024 03:25:11 GMT

22:25:11.931 [AsyncHttpClient-1-5] DEBUG org.asynchttpclient.netty.channel.ChannelManager -- Adding key: http://localhost:43842 for channel [id: 0xca50dd4e, L:/127.0.0.1:63321 - R:localhost/127.0.0.1:43842]
22:25:11.932 [Forwarding getCurrentUrl on session 9778c90b-985a-4cec-93d3-6f1a093d937b to remote] DEBUG org.asynchttpclient.netty.request.NettyRequestSender -- Using pooled Channel '[id: 0xca50dd4e, L:/127.0.0.1:63321 - R:localhost/127.0.0.1:43842]' for 'GET' to 'http://localhost:43842/session/9778c90b-985a-4cec-93d3-6f1a093d937b/url'
22:25:11.933 [Forwarding getCurrentUrl on session 9778c90b-985a-4cec-93d3-6f1a093d937b to remote] DEBUG org.asynchttpclient.netty.request.NettyRequestSender -- Using open Channel [id: 0xca50dd4e, L:/127.0.0.1:63321 - R:localhost/127.0.0.1:43842] for GET '/session/9778c90b-985a-4cec-93d3-6f1a093d937b/url'
22:25:11.934 [AsyncHttpClient-1-5] DEBUG org.asynchttpclient.netty.handler.HttpHandler -- 

Request DefaultFullHttpRequest(decodeResult: success, version: HTTP/1.1, content: EmptyByteBufBE)
GET /session/9778c90b-985a-4cec-93d3-6f1a093d937b/url HTTP/1.1
Cache-Control: no-cache
User-Agent: selenium/4.12.0 (java windows)
Content-Type: application/json; charset=utf-8
host: localhost:43842
accept: */*

Response DefaultHttpResponse(decodeResult: success, version: HTTP/1.1)
HTTP/1.1 200 OK
content-type: application/json; charset=utf-8
cache-control: no-cache
content-length: 54
date: Sun, 28 Apr 2024 03:25:11 GMT

22:25:11.935 [AsyncHttpClient-1-5] DEBUG org.asynchttpclient.netty.channel.ChannelManager -- Adding key: http://localhost:43842 for channel [id: 0xca50dd4e, L:/127.0.0.1:63321 - R:localhost/127.0.0.1:43842]
22:25:11.936 [Forwarding screenshot on session 9778c90b-985a-4cec-93d3-6f1a093d937b to remote] DEBUG org.asynchttpclient.netty.request.NettyRequestSender -- Using pooled Channel '[id: 0xca50dd4e, L:/127.0.0.1:63321 - R:localhost/127.0.0.1:43842]' for 'GET' to 'http://localhost:43842/session/9778c90b-985a-4cec-93d3-6f1a093d937b/screenshot'
22:25:11.936 [Forwarding screenshot on session 9778c90b-985a-4cec-93d3-6f1a093d937b to remote] DEBUG org.asynchttpclient.netty.request.NettyRequestSender -- Using open Channel [id: 0xca50dd4e, L:/127.0.0.1:63321 - R:localhost/127.0.0.1:43842] for GET '/session/9778c90b-985a-4cec-93d3-6f1a093d937b/screenshot'
22:25:12.040 [AsyncHttpClient-1-5] DEBUG org.asynchttpclient.netty.handler.HttpHandler -- 

Request DefaultFullHttpRequest(decodeResult: success, version: HTTP/1.1, content: EmptyByteBufBE)
GET /session/9778c90b-985a-4cec-93d3-6f1a093d937b/screenshot HTTP/1.1
Cache-Control: no-cache
User-Agent: selenium/4.12.0 (java windows)
Content-Type: application/json; charset=utf-8
host: localhost:43842
accept: */*

Response DefaultHttpResponse(decodeResult: success, version: HTTP/1.1)
HTTP/1.1 200 OK
content-type: application/json; charset=utf-8
cache-control: no-cache
content-length: 406340
date: Sun, 28 Apr 2024 03:25:11 GMT

22:25:12.040 [AsyncHttpClient-1-5] DEBUG org.asynchttpclient.netty.channel.ChannelManager -- Adding key: http://localhost:43842 for channel [id: 0xca50dd4e, L:/127.0.0.1:63321 - R:localhost/127.0.0.1:43842]
22:25:12.044 [main] DEBUG net.serenitybdd.core.photography.Darkroom -- Send negative for processing for C:\Users\USUARIO\OneDrive\Documentos\02 Automatización\03 Pragma\pragma\pragma\target\site\serenity\3699990361de0e51975903dc1d7bd5fa5334730dfffda19bdda2045cd11b73eb.png
22:25:12.048 [Darkroom Processing Line] DEBUG net.serenitybdd.core.photography.DarkroomProcessingLine -- Processing screenshot image in /var/screenshots/screenshot-1068599567621840502
22:25:12.048 [Darkroom Processing Line] DEBUG net.serenitybdd.core.photography.DarkroomProcessingLine -- Saving screenshot to C:\Users\USUARIO\OneDrive\Documentos\02 Automatización\03 Pragma\pragma\pragma\target\site\serenity\3699990361de0e51975903dc1d7bd5fa5334730dfffda19bdda2045cd11b73eb.png
22:25:12.915 [AsyncHttpClient-1-1] DEBUG org.asynchttpclient.netty.channel.DefaultChannelPool -- Entry count for : http://localhost:43842 : 1
22:25:13.059 [main] DEBUG net.thucydides.core.steps.StepInterceptor -- STEP DONE: ingresoAlProducto
22:25:13.060 [Forwarding getAlertText on session 9778c90b-985a-4cec-93d3-6f1a093d937b to remote] DEBUG org.asynchttpclient.netty.request.NettyRequestSender -- Using pooled Channel '[id: 0xca50dd4e, L:/127.0.0.1:63321 - R:localhost/127.0.0.1:43842]' for 'GET' to 'http://localhost:43842/session/9778c90b-985a-4cec-93d3-6f1a093d937b/alert/text'
22:25:13.060 [Forwarding getAlertText on session 9778c90b-985a-4cec-93d3-6f1a093d937b to remote] DEBUG org.asynchttpclient.netty.request.NettyRequestSender -- Using open Channel [id: 0xca50dd4e, L:/127.0.0.1:63321 - R:localhost/127.0.0.1:43842] for GET '/session/9778c90b-985a-4cec-93d3-6f1a093d937b/alert/text'
22:25:13.064 [AsyncHttpClient-1-5] DEBUG org.asynchttpclient.netty.handler.HttpHandler -- 

Request DefaultFullHttpRequest(decodeResult: success, version: HTTP/1.1, content: EmptyByteBufBE)
GET /session/9778c90b-985a-4cec-93d3-6f1a093d937b/alert/text HTTP/1.1
Cache-Control: no-cache
User-Agent: selenium/4.12.0 (java windows)
Content-Type: application/json; charset=utf-8
host: localhost:43842
accept: */*

Response DefaultHttpResponse(decodeResult: success, version: HTTP/1.1)
HTTP/1.1 404 Not Found
content-type: application/json; charset=utf-8
cache-control: no-cache
content-length: 842
date: Sun, 28 Apr 2024 03:25:13 GMT

22:25:13.064 [AsyncHttpClient-1-5] DEBUG org.asynchttpclient.netty.channel.ChannelManager -- Adding key: http://localhost:43842 for channel [id: 0xca50dd4e, L:/127.0.0.1:63321 - R:localhost/127.0.0.1:43842]
22:25:13.067 [Forwarding getCurrentUrl on session 9778c90b-985a-4cec-93d3-6f1a093d937b to remote] DEBUG org.asynchttpclient.netty.request.NettyRequestSender -- Using pooled Channel '[id: 0xca50dd4e, L:/127.0.0.1:63321 - R:localhost/127.0.0.1:43842]' for 'GET' to 'http://localhost:43842/session/9778c90b-985a-4cec-93d3-6f1a093d937b/url'
22:25:13.067 [Forwarding getCurrentUrl on session 9778c90b-985a-4cec-93d3-6f1a093d937b to remote] DEBUG org.asynchttpclient.netty.request.NettyRequestSender -- Using open Channel [id: 0xca50dd4e, L:/127.0.0.1:63321 - R:localhost/127.0.0.1:43842] for GET '/session/9778c90b-985a-4cec-93d3-6f1a093d937b/url'
22:25:13.068 [AsyncHttpClient-1-5] DEBUG org.asynchttpclient.netty.handler.HttpHandler -- 

Request DefaultFullHttpRequest(decodeResult: success, version: HTTP/1.1, content: EmptyByteBufBE)
GET /session/9778c90b-985a-4cec-93d3-6f1a093d937b/url HTTP/1.1
Cache-Control: no-cache
User-Agent: selenium/4.12.0 (java windows)
Content-Type: application/json; charset=utf-8
host: localhost:43842
accept: */*

Response DefaultHttpResponse(decodeResult: success, version: HTTP/1.1)
HTTP/1.1 200 OK
content-type: application/json; charset=utf-8
cache-control: no-cache
content-length: 54
date: Sun, 28 Apr 2024 03:25:13 GMT

22:25:13.068 [AsyncHttpClient-1-5] DEBUG org.asynchttpclient.netty.channel.ChannelManager -- Adding key: http://localhost:43842 for channel [id: 0xca50dd4e, L:/127.0.0.1:63321 - R:localhost/127.0.0.1:43842]
22:25:13.068 [Forwarding screenshot on session 9778c90b-985a-4cec-93d3-6f1a093d937b to remote] DEBUG org.asynchttpclient.netty.request.NettyRequestSender -- Using pooled Channel '[id: 0xca50dd4e, L:/127.0.0.1:63321 - R:localhost/127.0.0.1:43842]' for 'GET' to 'http://localhost:43842/session/9778c90b-985a-4cec-93d3-6f1a093d937b/screenshot'
22:25:13.068 [Forwarding screenshot on session 9778c90b-985a-4cec-93d3-6f1a093d937b to remote] DEBUG org.asynchttpclient.netty.request.NettyRequestSender -- Using open Channel [id: 0xca50dd4e, L:/127.0.0.1:63321 - R:localhost/127.0.0.1:43842] for GET '/session/9778c90b-985a-4cec-93d3-6f1a093d937b/screenshot'
22:25:13.116 [AsyncHttpClient-1-5] DEBUG org.asynchttpclient.netty.handler.HttpHandler -- 

Request DefaultFullHttpRequest(decodeResult: success, version: HTTP/1.1, content: EmptyByteBufBE)
GET /session/9778c90b-985a-4cec-93d3-6f1a093d937b/screenshot HTTP/1.1
Cache-Control: no-cache
User-Agent: selenium/4.12.0 (java windows)
Content-Type: application/json; charset=utf-8
host: localhost:43842
accept: */*

Response DefaultHttpResponse(decodeResult: success, version: HTTP/1.1)
HTTP/1.1 200 OK
content-type: application/json; charset=utf-8
cache-control: no-cache
content-length: 406340
date: Sun, 28 Apr 2024 03:25:13 GMT

22:25:13.117 [AsyncHttpClient-1-5] DEBUG org.asynchttpclient.netty.channel.ChannelManager -- Adding key: http://localhost:43842 for channel [id: 0xca50dd4e, L:/127.0.0.1:63321 - R:localhost/127.0.0.1:43842]
22:25:13.121 [main] DEBUG net.serenitybdd.core.photography.Darkroom -- Send negative for processing for C:\Users\USUARIO\OneDrive\Documentos\02 Automatización\03 Pragma\pragma\pragma\target\site\serenity\3699990361de0e51975903dc1d7bd5fa5334730dfffda19bdda2045cd11b73eb.png
22:25:14.014 [AsyncHttpClient-1-1] DEBUG org.asynchttpclient.netty.channel.DefaultChannelPool -- Entry count for : http://localhost:43842 : 1
22:25:14.127 [main] DEBUG net.thucydides.core.steps.StepInterceptor -- STARTING STEP: StepInterceptor.testContext - extraigoElNombreYPrecioDelProducto
22:25:14.130 [Forwarding findElement on session 9778c90b-985a-4cec-93d3-6f1a093d937b to remote] DEBUG org.asynchttpclient.netty.request.NettyRequestSender -- Using pooled Channel '[id: 0xca50dd4e, L:/127.0.0.1:63321 - R:localhost/127.0.0.1:43842]' for 'POST' to 'http://localhost:43842/session/9778c90b-985a-4cec-93d3-6f1a093d937b/element'
22:25:14.130 [Forwarding findElement on session 9778c90b-985a-4cec-93d3-6f1a093d937b to remote] DEBUG org.asynchttpclient.netty.request.NettyRequestSender -- Using open Channel [id: 0xca50dd4e, L:/127.0.0.1:63321 - R:localhost/127.0.0.1:43842] for POST '/session/9778c90b-985a-4cec-93d3-6f1a093d937b/element'
22:25:14.131 [AsyncHttpClient-1-5] DEBUG org.asynchttpclient.netty.handler.HttpHandler -- 

Request DefaultHttpRequest(decodeResult: success, version: HTTP/1.1)
POST /session/9778c90b-985a-4cec-93d3-6f1a093d937b/element HTTP/1.1
User-Agent: selenium/4.12.0 (java windows)
Content-Length: 77
Content-Type: application/json; charset=utf-8
host: localhost:43842
accept: */*

Response DefaultHttpResponse(decodeResult: success, version: HTTP/1.1)
HTTP/1.1 200 OK
content-type: application/json; charset=utf-8
cache-control: no-cache
content-length: 88
date: Sun, 28 Apr 2024 03:25:14 GMT

22:25:14.131 [AsyncHttpClient-1-5] DEBUG org.asynchttpclient.netty.channel.ChannelManager -- Adding key: http://localhost:43842 for channel [id: 0xca50dd4e, L:/127.0.0.1:63321 - R:localhost/127.0.0.1:43842]
22:25:14.131 [Forwarding getElementText on session 9778c90b-985a-4cec-93d3-6f1a093d937b to remote] DEBUG org.asynchttpclient.netty.request.NettyRequestSender -- Using pooled Channel '[id: 0xca50dd4e, L:/127.0.0.1:63321 - R:localhost/127.0.0.1:43842]' for 'GET' to 'http://localhost:43842/session/9778c90b-985a-4cec-93d3-6f1a093d937b/element/f03fa34e-fbb8-4b93-96ea-85e4f8dd2eca/text'
22:25:14.131 [Forwarding getElementText on session 9778c90b-985a-4cec-93d3-6f1a093d937b to remote] DEBUG org.asynchttpclient.netty.request.NettyRequestSender -- Using open Channel [id: 0xca50dd4e, L:/127.0.0.1:63321 - R:localhost/127.0.0.1:43842] for GET '/session/9778c90b-985a-4cec-93d3-6f1a093d937b/element/f03fa34e-fbb8-4b93-96ea-85e4f8dd2eca/text'
22:25:14.135 [AsyncHttpClient-1-5] DEBUG org.asynchttpclient.netty.handler.HttpHandler -- 

Request DefaultFullHttpRequest(decodeResult: success, version: HTTP/1.1, content: EmptyByteBufBE)
GET /session/9778c90b-985a-4cec-93d3-6f1a093d937b/element/f03fa34e-fbb8-4b93-96ea-85e4f8dd2eca/text HTTP/1.1
Cache-Control: no-cache
User-Agent: selenium/4.12.0 (java windows)
Content-Type: application/json; charset=utf-8
host: localhost:43842
accept: */*

Response DefaultHttpResponse(decodeResult: success, version: HTTP/1.1)
HTTP/1.1 200 OK
content-type: application/json; charset=utf-8
cache-control: no-cache
content-length: 30
date: Sun, 28 Apr 2024 03:25:14 GMT

22:25:14.135 [AsyncHttpClient-1-5] DEBUG org.asynchttpclient.netty.channel.ChannelManager -- Adding key: http://localhost:43842 for channel [id: 0xca50dd4e, L:/127.0.0.1:63321 - R:localhost/127.0.0.1:43842]
22:25:14.139 [Forwarding findElement on session 9778c90b-985a-4cec-93d3-6f1a093d937b to remote] DEBUG org.asynchttpclient.netty.request.NettyRequestSender -- Using pooled Channel '[id: 0xca50dd4e, L:/127.0.0.1:63321 - R:localhost/127.0.0.1:43842]' for 'POST' to 'http://localhost:43842/session/9778c90b-985a-4cec-93d3-6f1a093d937b/element'
22:25:14.139 [Forwarding findElement on session 9778c90b-985a-4cec-93d3-6f1a093d937b to remote] DEBUG org.asynchttpclient.netty.request.NettyRequestSender -- Using open Channel [id: 0xca50dd4e, L:/127.0.0.1:63321 - R:localhost/127.0.0.1:43842] for POST '/session/9778c90b-985a-4cec-93d3-6f1a093d937b/element'
22:25:14.139 [AsyncHttpClient-1-5] DEBUG org.asynchttpclient.netty.handler.HttpHandler -- 

Request DefaultHttpRequest(decodeResult: success, version: HTTP/1.1)
POST /session/9778c90b-985a-4cec-93d3-6f1a093d937b/element HTTP/1.1
User-Agent: selenium/4.12.0 (java windows)
Content-Length: 66
Content-Type: application/json; charset=utf-8
host: localhost:43842
accept: */*

Response DefaultHttpResponse(decodeResult: success, version: HTTP/1.1)
HTTP/1.1 200 OK
content-type: application/json; charset=utf-8
cache-control: no-cache
content-length: 88
date: Sun, 28 Apr 2024 03:25:14 GMT

22:25:14.142 [AsyncHttpClient-1-5] DEBUG org.asynchttpclient.netty.channel.ChannelManager -- Adding key: http://localhost:43842 for channel [id: 0xca50dd4e, L:/127.0.0.1:63321 - R:localhost/127.0.0.1:43842]
22:25:14.142 [Forwarding getElementText on session 9778c90b-985a-4cec-93d3-6f1a093d937b to remote] DEBUG org.asynchttpclient.netty.request.NettyRequestSender -- Using pooled Channel '[id: 0xca50dd4e, L:/127.0.0.1:63321 - R:localhost/127.0.0.1:43842]' for 'GET' to 'http://localhost:43842/session/9778c90b-985a-4cec-93d3-6f1a093d937b/element/923c5af7-ecda-4f9a-9e18-9c9b5b69d611/text'
22:25:14.142 [Forwarding getElementText on session 9778c90b-985a-4cec-93d3-6f1a093d937b to remote] DEBUG org.asynchttpclient.netty.request.NettyRequestSender -- Using open Channel [id: 0xca50dd4e, L:/127.0.0.1:63321 - R:localhost/127.0.0.1:43842] for GET '/session/9778c90b-985a-4cec-93d3-6f1a093d937b/element/923c5af7-ecda-4f9a-9e18-9c9b5b69d611/text'
22:25:14.147 [AsyncHttpClient-1-5] DEBUG org.asynchttpclient.netty.handler.HttpHandler -- 

Request DefaultFullHttpRequest(decodeResult: success, version: HTTP/1.1, content: EmptyByteBufBE)
GET /session/9778c90b-985a-4cec-93d3-6f1a093d937b/element/923c5af7-ecda-4f9a-9e18-9c9b5b69d611/text HTTP/1.1
Cache-Control: no-cache
User-Agent: selenium/4.12.0 (java windows)
Content-Type: application/json; charset=utf-8
host: localhost:43842
accept: */*

Response DefaultHttpResponse(decodeResult: success, version: HTTP/1.1)
HTTP/1.1 200 OK
content-type: application/json; charset=utf-8
cache-control: no-cache
content-length: 24
date: Sun, 28 Apr 2024 03:25:14 GMT

22:25:14.147 [AsyncHttpClient-1-5] DEBUG org.asynchttpclient.netty.channel.ChannelManager -- Adding key: http://localhost:43842 for channel [id: 0xca50dd4e, L:/127.0.0.1:63321 - R:localhost/127.0.0.1:43842]
22:25:14.148 [Forwarding findElement on session 9778c90b-985a-4cec-93d3-6f1a093d937b to remote] DEBUG org.asynchttpclient.netty.request.NettyRequestSender -- Using pooled Channel '[id: 0xca50dd4e, L:/127.0.0.1:63321 - R:localhost/127.0.0.1:43842]' for 'POST' to 'http://localhost:43842/session/9778c90b-985a-4cec-93d3-6f1a093d937b/element'
22:25:14.148 [Forwarding findElement on session 9778c90b-985a-4cec-93d3-6f1a093d937b to remote] DEBUG org.asynchttpclient.netty.request.NettyRequestSender -- Using open Channel [id: 0xca50dd4e, L:/127.0.0.1:63321 - R:localhost/127.0.0.1:43842] for POST '/session/9778c90b-985a-4cec-93d3-6f1a093d937b/element'
22:25:14.148 [AsyncHttpClient-1-5] DEBUG org.asynchttpclient.netty.handler.HttpHandler -- 

Request DefaultHttpRequest(decodeResult: success, version: HTTP/1.1)
POST /session/9778c90b-985a-4cec-93d3-6f1a093d937b/element HTTP/1.1
User-Agent: selenium/4.12.0 (java windows)
Content-Length: 77
Content-Type: application/json; charset=utf-8
host: localhost:43842
accept: */*

Response DefaultHttpResponse(decodeResult: success, version: HTTP/1.1)
HTTP/1.1 200 OK
content-type: application/json; charset=utf-8
cache-control: no-cache
content-length: 88
date: Sun, 28 Apr 2024 03:25:14 GMT

22:25:14.148 [AsyncHttpClient-1-5] DEBUG org.asynchttpclient.netty.channel.ChannelManager -- Adding key: http://localhost:43842 for channel [id: 0xca50dd4e, L:/127.0.0.1:63321 - R:localhost/127.0.0.1:43842]
22:25:14.148 [Forwarding getElementText on session 9778c90b-985a-4cec-93d3-6f1a093d937b to remote] DEBUG org.asynchttpclient.netty.request.NettyRequestSender -- Using pooled Channel '[id: 0xca50dd4e, L:/127.0.0.1:63321 - R:localhost/127.0.0.1:43842]' for 'GET' to 'http://localhost:43842/session/9778c90b-985a-4cec-93d3-6f1a093d937b/element/f03fa34e-fbb8-4b93-96ea-85e4f8dd2eca/text'
22:25:14.148 [Forwarding getElementText on session 9778c90b-985a-4cec-93d3-6f1a093d937b to remote] DEBUG org.asynchttpclient.netty.request.NettyRequestSender -- Using open Channel [id: 0xca50dd4e, L:/127.0.0.1:63321 - R:localhost/127.0.0.1:43842] for GET '/session/9778c90b-985a-4cec-93d3-6f1a093d937b/element/f03fa34e-fbb8-4b93-96ea-85e4f8dd2eca/text'
22:25:14.151 [AsyncHttpClient-1-5] DEBUG org.asynchttpclient.netty.handler.HttpHandler -- 

Request DefaultFullHttpRequest(decodeResult: success, version: HTTP/1.1, content: EmptyByteBufBE)
GET /session/9778c90b-985a-4cec-93d3-6f1a093d937b/element/f03fa34e-fbb8-4b93-96ea-85e4f8dd2eca/text HTTP/1.1
Cache-Control: no-cache
User-Agent: selenium/4.12.0 (java windows)
Content-Type: application/json; charset=utf-8
host: localhost:43842
accept: */*

Response DefaultHttpResponse(decodeResult: success, version: HTTP/1.1)
HTTP/1.1 200 OK
content-type: application/json; charset=utf-8
cache-control: no-cache
content-length: 30
date: Sun, 28 Apr 2024 03:25:14 GMT

22:25:14.151 [AsyncHttpClient-1-5] DEBUG org.asynchttpclient.netty.channel.ChannelManager -- Adding key: http://localhost:43842 for channel [id: 0xca50dd4e, L:/127.0.0.1:63321 - R:localhost/127.0.0.1:43842]
22:25:14.155 [Forwarding findElement on session 9778c90b-985a-4cec-93d3-6f1a093d937b to remote] DEBUG org.asynchttpclient.netty.request.NettyRequestSender -- Using pooled Channel '[id: 0xca50dd4e, L:/127.0.0.1:63321 - R:localhost/127.0.0.1:43842]' for 'POST' to 'http://localhost:43842/session/9778c90b-985a-4cec-93d3-6f1a093d937b/element'
22:25:14.155 [Forwarding findElement on session 9778c90b-985a-4cec-93d3-6f1a093d937b to remote] DEBUG org.asynchttpclient.netty.request.NettyRequestSender -- Using open Channel [id: 0xca50dd4e, L:/127.0.0.1:63321 - R:localhost/127.0.0.1:43842] for POST '/session/9778c90b-985a-4cec-93d3-6f1a093d937b/element'
22:25:14.156 [AsyncHttpClient-1-5] DEBUG org.asynchttpclient.netty.handler.HttpHandler -- 

Request DefaultHttpRequest(decodeResult: success, version: HTTP/1.1)
POST /session/9778c90b-985a-4cec-93d3-6f1a093d937b/element HTTP/1.1
User-Agent: selenium/4.12.0 (java windows)
Content-Length: 66
Content-Type: application/json; charset=utf-8
host: localhost:43842
accept: */*

Response DefaultHttpResponse(decodeResult: success, version: HTTP/1.1)
HTTP/1.1 200 OK
content-type: application/json; charset=utf-8
cache-control: no-cache
content-length: 88
date: Sun, 28 Apr 2024 03:25:14 GMT

22:25:14.156 [AsyncHttpClient-1-5] DEBUG org.asynchttpclient.netty.channel.ChannelManager -- Adding key: http://localhost:43842 for channel [id: 0xca50dd4e, L:/127.0.0.1:63321 - R:localhost/127.0.0.1:43842]
22:25:14.156 [Forwarding getElementText on session 9778c90b-985a-4cec-93d3-6f1a093d937b to remote] DEBUG org.asynchttpclient.netty.request.NettyRequestSender -- Using pooled Channel '[id: 0xca50dd4e, L:/127.0.0.1:63321 - R:localhost/127.0.0.1:43842]' for 'GET' to 'http://localhost:43842/session/9778c90b-985a-4cec-93d3-6f1a093d937b/element/923c5af7-ecda-4f9a-9e18-9c9b5b69d611/text'
22:25:14.156 [Forwarding getElementText on session 9778c90b-985a-4cec-93d3-6f1a093d937b to remote] DEBUG org.asynchttpclient.netty.request.NettyRequestSender -- Using open Channel [id: 0xca50dd4e, L:/127.0.0.1:63321 - R:localhost/127.0.0.1:43842] for GET '/session/9778c90b-985a-4cec-93d3-6f1a093d937b/element/923c5af7-ecda-4f9a-9e18-9c9b5b69d611/text'
22:25:14.159 [AsyncHttpClient-1-5] DEBUG org.asynchttpclient.netty.handler.HttpHandler -- 

Request DefaultFullHttpRequest(decodeResult: success, version: HTTP/1.1, content: EmptyByteBufBE)
GET /session/9778c90b-985a-4cec-93d3-6f1a093d937b/element/923c5af7-ecda-4f9a-9e18-9c9b5b69d611/text HTTP/1.1
Cache-Control: no-cache
User-Agent: selenium/4.12.0 (java windows)
Content-Type: application/json; charset=utf-8
host: localhost:43842
accept: */*

Response DefaultHttpResponse(decodeResult: success, version: HTTP/1.1)
HTTP/1.1 200 OK
content-type: application/json; charset=utf-8
cache-control: no-cache
content-length: 24
date: Sun, 28 Apr 2024 03:25:14 GMT

22:25:14.159 [AsyncHttpClient-1-5] DEBUG org.asynchttpclient.netty.channel.ChannelManager -- Adding key: http://localhost:43842 for channel [id: 0xca50dd4e, L:/127.0.0.1:63321 - R:localhost/127.0.0.1:43842]
22:25:14.165 [Forwarding getAlertText on session 9778c90b-985a-4cec-93d3-6f1a093d937b to remote] DEBUG org.asynchttpclient.netty.request.NettyRequestSender -- Using pooled Channel '[id: 0xca50dd4e, L:/127.0.0.1:63321 - R:localhost/127.0.0.1:43842]' for 'GET' to 'http://localhost:43842/session/9778c90b-985a-4cec-93d3-6f1a093d937b/alert/text'
22:25:14.165 [Forwarding getAlertText on session 9778c90b-985a-4cec-93d3-6f1a093d937b to remote] DEBUG org.asynchttpclient.netty.request.NettyRequestSender -- Using open Channel [id: 0xca50dd4e, L:/127.0.0.1:63321 - R:localhost/127.0.0.1:43842] for GET '/session/9778c90b-985a-4cec-93d3-6f1a093d937b/alert/text'
22:25:14.166 [AsyncHttpClient-1-5] DEBUG org.asynchttpclient.netty.handler.HttpHandler -- 

Request DefaultFullHttpRequest(decodeResult: success, version: HTTP/1.1, content: EmptyByteBufBE)
GET /session/9778c90b-985a-4cec-93d3-6f1a093d937b/alert/text HTTP/1.1
Cache-Control: no-cache
User-Agent: selenium/4.12.0 (java windows)
Content-Type: application/json; charset=utf-8
host: localhost:43842
accept: */*

Response DefaultHttpResponse(decodeResult: success, version: HTTP/1.1)
HTTP/1.1 404 Not Found
content-type: application/json; charset=utf-8
cache-control: no-cache
content-length: 842
date: Sun, 28 Apr 2024 03:25:14 GMT

22:25:14.166 [AsyncHttpClient-1-5] DEBUG org.asynchttpclient.netty.channel.ChannelManager -- Adding key: http://localhost:43842 for channel [id: 0xca50dd4e, L:/127.0.0.1:63321 - R:localhost/127.0.0.1:43842]
22:25:14.166 [Forwarding getCurrentUrl on session 9778c90b-985a-4cec-93d3-6f1a093d937b to remote] DEBUG org.asynchttpclient.netty.request.NettyRequestSender -- Using pooled Channel '[id: 0xca50dd4e, L:/127.0.0.1:63321 - R:localhost/127.0.0.1:43842]' for 'GET' to 'http://localhost:43842/session/9778c90b-985a-4cec-93d3-6f1a093d937b/url'
22:25:14.166 [Forwarding getCurrentUrl on session 9778c90b-985a-4cec-93d3-6f1a093d937b to remote] DEBUG org.asynchttpclient.netty.request.NettyRequestSender -- Using open Channel [id: 0xca50dd4e, L:/127.0.0.1:63321 - R:localhost/127.0.0.1:43842] for GET '/session/9778c90b-985a-4cec-93d3-6f1a093d937b/url'
22:25:14.167 [AsyncHttpClient-1-5] DEBUG org.asynchttpclient.netty.handler.HttpHandler -- 

Request DefaultFullHttpRequest(decodeResult: success, version: HTTP/1.1, content: EmptyByteBufBE)
GET /session/9778c90b-985a-4cec-93d3-6f1a093d937b/url HTTP/1.1
Cache-Control: no-cache
User-Agent: selenium/4.12.0 (java windows)
Content-Type: application/json; charset=utf-8
host: localhost:43842
accept: */*

Response DefaultHttpResponse(decodeResult: success, version: HTTP/1.1)
HTTP/1.1 200 OK
content-type: application/json; charset=utf-8
cache-control: no-cache
content-length: 54
date: Sun, 28 Apr 2024 03:25:14 GMT

22:25:14.167 [AsyncHttpClient-1-5] DEBUG org.asynchttpclient.netty.channel.ChannelManager -- Adding key: http://localhost:43842 for channel [id: 0xca50dd4e, L:/127.0.0.1:63321 - R:localhost/127.0.0.1:43842]
22:25:14.167 [Forwarding screenshot on session 9778c90b-985a-4cec-93d3-6f1a093d937b to remote] DEBUG org.asynchttpclient.netty.request.NettyRequestSender -- Using pooled Channel '[id: 0xca50dd4e, L:/127.0.0.1:63321 - R:localhost/127.0.0.1:43842]' for 'GET' to 'http://localhost:43842/session/9778c90b-985a-4cec-93d3-6f1a093d937b/screenshot'
22:25:14.167 [Forwarding screenshot on session 9778c90b-985a-4cec-93d3-6f1a093d937b to remote] DEBUG org.asynchttpclient.netty.request.NettyRequestSender -- Using open Channel [id: 0xca50dd4e, L:/127.0.0.1:63321 - R:localhost/127.0.0.1:43842] for GET '/session/9778c90b-985a-4cec-93d3-6f1a093d937b/screenshot'
22:25:14.210 [AsyncHttpClient-1-5] DEBUG org.asynchttpclient.netty.handler.HttpHandler -- 

Request DefaultFullHttpRequest(decodeResult: success, version: HTTP/1.1, content: EmptyByteBufBE)
GET /session/9778c90b-985a-4cec-93d3-6f1a093d937b/screenshot HTTP/1.1
Cache-Control: no-cache
User-Agent: selenium/4.12.0 (java windows)
Content-Type: application/json; charset=utf-8
host: localhost:43842
accept: */*

Response DefaultHttpResponse(decodeResult: success, version: HTTP/1.1)
HTTP/1.1 200 OK
content-type: application/json; charset=utf-8
cache-control: no-cache
content-length: 406340
date: Sun, 28 Apr 2024 03:25:14 GMT

22:25:14.210 [AsyncHttpClient-1-5] DEBUG org.asynchttpclient.netty.channel.ChannelManager -- Adding key: http://localhost:43842 for channel [id: 0xca50dd4e, L:/127.0.0.1:63321 - R:localhost/127.0.0.1:43842]
22:25:14.215 [main] DEBUG net.serenitybdd.core.photography.Darkroom -- Send negative for processing for C:\Users\USUARIO\OneDrive\Documentos\02 Automatización\03 Pragma\pragma\pragma\target\site\serenity\3699990361de0e51975903dc1d7bd5fa5334730dfffda19bdda2045cd11b73eb.png
22:25:15.118 [AsyncHttpClient-1-1] DEBUG org.asynchttpclient.netty.channel.DefaultChannelPool -- Entry count for : http://localhost:43842 : 1
22:25:15.223 [main] DEBUG net.thucydides.core.steps.StepInterceptor -- STEP DONE: extraigoElNombreYPrecioDelProducto
22:25:15.223 [Forwarding getAlertText on session 9778c90b-985a-4cec-93d3-6f1a093d937b to remote] DEBUG org.asynchttpclient.netty.request.NettyRequestSender -- Using pooled Channel '[id: 0xca50dd4e, L:/127.0.0.1:63321 - R:localhost/127.0.0.1:43842]' for 'GET' to 'http://localhost:43842/session/9778c90b-985a-4cec-93d3-6f1a093d937b/alert/text'
22:25:15.223 [Forwarding getAlertText on session 9778c90b-985a-4cec-93d3-6f1a093d937b to remote] DEBUG org.asynchttpclient.netty.request.NettyRequestSender -- Using open Channel [id: 0xca50dd4e, L:/127.0.0.1:63321 - R:localhost/127.0.0.1:43842] for GET '/session/9778c90b-985a-4cec-93d3-6f1a093d937b/alert/text'
22:25:15.227 [AsyncHttpClient-1-5] DEBUG org.asynchttpclient.netty.handler.HttpHandler -- 

Request DefaultFullHttpRequest(decodeResult: success, version: HTTP/1.1, content: EmptyByteBufBE)
GET /session/9778c90b-985a-4cec-93d3-6f1a093d937b/alert/text HTTP/1.1
Cache-Control: no-cache
User-Agent: selenium/4.12.0 (java windows)
Content-Type: application/json; charset=utf-8
host: localhost:43842
accept: */*

Response DefaultHttpResponse(decodeResult: success, version: HTTP/1.1)
HTTP/1.1 404 Not Found
content-type: application/json; charset=utf-8
cache-control: no-cache
content-length: 842
date: Sun, 28 Apr 2024 03:25:15 GMT

22:25:15.227 [AsyncHttpClient-1-5] DEBUG org.asynchttpclient.netty.channel.ChannelManager -- Adding key: http://localhost:43842 for channel [id: 0xca50dd4e, L:/127.0.0.1:63321 - R:localhost/127.0.0.1:43842]
22:25:15.227 [Forwarding getCurrentUrl on session 9778c90b-985a-4cec-93d3-6f1a093d937b to remote] DEBUG org.asynchttpclient.netty.request.NettyRequestSender -- Using pooled Channel '[id: 0xca50dd4e, L:/127.0.0.1:63321 - R:localhost/127.0.0.1:43842]' for 'GET' to 'http://localhost:43842/session/9778c90b-985a-4cec-93d3-6f1a093d937b/url'
22:25:15.227 [Forwarding getCurrentUrl on session 9778c90b-985a-4cec-93d3-6f1a093d937b to remote] DEBUG org.asynchttpclient.netty.request.NettyRequestSender -- Using open Channel [id: 0xca50dd4e, L:/127.0.0.1:63321 - R:localhost/127.0.0.1:43842] for GET '/session/9778c90b-985a-4cec-93d3-6f1a093d937b/url'
22:25:15.227 [AsyncHttpClient-1-5] DEBUG org.asynchttpclient.netty.handler.HttpHandler -- 

Request DefaultFullHttpRequest(decodeResult: success, version: HTTP/1.1, content: EmptyByteBufBE)
GET /session/9778c90b-985a-4cec-93d3-6f1a093d937b/url HTTP/1.1
Cache-Control: no-cache
User-Agent: selenium/4.12.0 (java windows)
Content-Type: application/json; charset=utf-8
host: localhost:43842
accept: */*

Response DefaultHttpResponse(decodeResult: success, version: HTTP/1.1)
HTTP/1.1 200 OK
content-type: application/json; charset=utf-8
cache-control: no-cache
content-length: 54
date: Sun, 28 Apr 2024 03:25:15 GMT

22:25:15.227 [AsyncHttpClient-1-5] DEBUG org.asynchttpclient.netty.channel.ChannelManager -- Adding key: http://localhost:43842 for channel [id: 0xca50dd4e, L:/127.0.0.1:63321 - R:localhost/127.0.0.1:43842]
22:25:15.230 [Forwarding screenshot on session 9778c90b-985a-4cec-93d3-6f1a093d937b to remote] DEBUG org.asynchttpclient.netty.request.NettyRequestSender -- Using pooled Channel '[id: 0xca50dd4e, L:/127.0.0.1:63321 - R:localhost/127.0.0.1:43842]' for 'GET' to 'http://localhost:43842/session/9778c90b-985a-4cec-93d3-6f1a093d937b/screenshot'
22:25:15.230 [Forwarding screenshot on session 9778c90b-985a-4cec-93d3-6f1a093d937b to remote] DEBUG org.asynchttpclient.netty.request.NettyRequestSender -- Using open Channel [id: 0xca50dd4e, L:/127.0.0.1:63321 - R:localhost/127.0.0.1:43842] for GET '/session/9778c90b-985a-4cec-93d3-6f1a093d937b/screenshot'
22:25:15.276 [AsyncHttpClient-1-5] DEBUG org.asynchttpclient.netty.handler.HttpHandler -- 

Request DefaultFullHttpRequest(decodeResult: success, version: HTTP/1.1, content: EmptyByteBufBE)
GET /session/9778c90b-985a-4cec-93d3-6f1a093d937b/screenshot HTTP/1.1
Cache-Control: no-cache
User-Agent: selenium/4.12.0 (java windows)
Content-Type: application/json; charset=utf-8
host: localhost:43842
accept: */*

Response DefaultHttpResponse(decodeResult: success, version: HTTP/1.1)
HTTP/1.1 200 OK
content-type: application/json; charset=utf-8
cache-control: no-cache
content-length: 406340
date: Sun, 28 Apr 2024 03:25:15 GMT

22:25:15.276 [AsyncHttpClient-1-5] DEBUG org.asynchttpclient.netty.channel.ChannelManager -- Adding key: http://localhost:43842 for channel [id: 0xca50dd4e, L:/127.0.0.1:63321 - R:localhost/127.0.0.1:43842]
22:25:15.281 [main] DEBUG net.serenitybdd.core.photography.Darkroom -- Send negative for processing for C:\Users\USUARIO\OneDrive\Documentos\02 Automatización\03 Pragma\pragma\pragma\target\site\serenity\3699990361de0e51975903dc1d7bd5fa5334730dfffda19bdda2045cd11b73eb.png
22:25:16.214 [AsyncHttpClient-1-1] DEBUG org.asynchttpclient.netty.channel.DefaultChannelPool -- Entry count for : http://localhost:43842 : 1
22:25:16.291 [main] DEBUG net.thucydides.core.steps.StepInterceptor -- STARTING STEP: StepInterceptor.testContext - agregoElProductoAlCarritoDeCompra
22:25:16.294 [Forwarding findElement on session 9778c90b-985a-4cec-93d3-6f1a093d937b to remote] DEBUG org.asynchttpclient.netty.request.NettyRequestSender -- Using pooled Channel '[id: 0xca50dd4e, L:/127.0.0.1:63321 - R:localhost/127.0.0.1:43842]' for 'POST' to 'http://localhost:43842/session/9778c90b-985a-4cec-93d3-6f1a093d937b/element'
22:25:16.294 [Forwarding findElement on session 9778c90b-985a-4cec-93d3-6f1a093d937b to remote] DEBUG org.asynchttpclient.netty.request.NettyRequestSender -- Using open Channel [id: 0xca50dd4e, L:/127.0.0.1:63321 - R:localhost/127.0.0.1:43842] for POST '/session/9778c90b-985a-4cec-93d3-6f1a093d937b/element'
22:25:16.294 [AsyncHttpClient-1-5] DEBUG org.asynchttpclient.netty.handler.HttpHandler -- 

Request DefaultHttpRequest(decodeResult: success, version: HTTP/1.1)
POST /session/9778c90b-985a-4cec-93d3-6f1a093d937b/element HTTP/1.1
User-Agent: selenium/4.12.0 (java windows)
Content-Length: 83
Content-Type: application/json; charset=utf-8
host: localhost:43842
accept: */*

Response DefaultHttpResponse(decodeResult: success, version: HTTP/1.1)
HTTP/1.1 200 OK
content-type: application/json; charset=utf-8
cache-control: no-cache
content-length: 88
date: Sun, 28 Apr 2024 03:25:16 GMT

22:25:16.294 [AsyncHttpClient-1-5] DEBUG org.asynchttpclient.netty.channel.ChannelManager -- Adding key: http://localhost:43842 for channel [id: 0xca50dd4e, L:/127.0.0.1:63321 - R:localhost/127.0.0.1:43842]
22:25:16.297 [Forwarding getElementTagName on session 9778c90b-985a-4cec-93d3-6f1a093d937b to remote] DEBUG org.asynchttpclient.netty.request.NettyRequestSender -- Using pooled Channel '[id: 0xca50dd4e, L:/127.0.0.1:63321 - R:localhost/127.0.0.1:43842]' for 'GET' to 'http://localhost:43842/session/9778c90b-985a-4cec-93d3-6f1a093d937b/element/8f5db384-3159-4849-a29d-fb4cada4cf1e/name'
22:25:16.297 [Forwarding getElementTagName on session 9778c90b-985a-4cec-93d3-6f1a093d937b to remote] DEBUG org.asynchttpclient.netty.request.NettyRequestSender -- Using open Channel [id: 0xca50dd4e, L:/127.0.0.1:63321 - R:localhost/127.0.0.1:43842] for GET '/session/9778c90b-985a-4cec-93d3-6f1a093d937b/element/8f5db384-3159-4849-a29d-fb4cada4cf1e/name'
22:25:16.298 [AsyncHttpClient-1-5] DEBUG org.asynchttpclient.netty.handler.HttpHandler -- 

Request DefaultFullHttpRequest(decodeResult: success, version: HTTP/1.1, content: EmptyByteBufBE)
GET /session/9778c90b-985a-4cec-93d3-6f1a093d937b/element/8f5db384-3159-4849-a29d-fb4cada4cf1e/name HTTP/1.1
Cache-Control: no-cache
User-Agent: selenium/4.12.0 (java windows)
Content-Type: application/json; charset=utf-8
host: localhost:43842
accept: */*

Response DefaultHttpResponse(decodeResult: success, version: HTTP/1.1)
HTTP/1.1 200 OK
content-type: application/json; charset=utf-8
cache-control: no-cache
content-length: 13
date: Sun, 28 Apr 2024 03:25:16 GMT

22:25:16.298 [AsyncHttpClient-1-5] DEBUG org.asynchttpclient.netty.channel.ChannelManager -- Adding key: http://localhost:43842 for channel [id: 0xca50dd4e, L:/127.0.0.1:63321 - R:localhost/127.0.0.1:43842]
22:25:16.298 [Forwarding getElementTagName on session 9778c90b-985a-4cec-93d3-6f1a093d937b to remote] DEBUG org.asynchttpclient.netty.request.NettyRequestSender -- Using pooled Channel '[id: 0xca50dd4e, L:/127.0.0.1:63321 - R:localhost/127.0.0.1:43842]' for 'GET' to 'http://localhost:43842/session/9778c90b-985a-4cec-93d3-6f1a093d937b/element/8f5db384-3159-4849-a29d-fb4cada4cf1e/name'
22:25:16.298 [Forwarding getElementTagName on session 9778c90b-985a-4cec-93d3-6f1a093d937b to remote] DEBUG org.asynchttpclient.netty.request.NettyRequestSender -- Using open Channel [id: 0xca50dd4e, L:/127.0.0.1:63321 - R:localhost/127.0.0.1:43842] for GET '/session/9778c90b-985a-4cec-93d3-6f1a093d937b/element/8f5db384-3159-4849-a29d-fb4cada4cf1e/name'
22:25:16.302 [AsyncHttpClient-1-5] DEBUG org.asynchttpclient.netty.handler.HttpHandler -- 

Request DefaultFullHttpRequest(decodeResult: success, version: HTTP/1.1, content: EmptyByteBufBE)
GET /session/9778c90b-985a-4cec-93d3-6f1a093d937b/element/8f5db384-3159-4849-a29d-fb4cada4cf1e/name HTTP/1.1
Cache-Control: no-cache
User-Agent: selenium/4.12.0 (java windows)
Content-Type: application/json; charset=utf-8
host: localhost:43842
accept: */*

Response DefaultHttpResponse(decodeResult: success, version: HTTP/1.1)
HTTP/1.1 200 OK
content-type: application/json; charset=utf-8
cache-control: no-cache
content-length: 13
date: Sun, 28 Apr 2024 03:25:16 GMT

22:25:16.302 [AsyncHttpClient-1-5] DEBUG org.asynchttpclient.netty.channel.ChannelManager -- Adding key: http://localhost:43842 for channel [id: 0xca50dd4e, L:/127.0.0.1:63321 - R:localhost/127.0.0.1:43842]
22:25:16.303 [Forwarding findElement on session 9778c90b-985a-4cec-93d3-6f1a093d937b to remote] DEBUG org.asynchttpclient.netty.request.NettyRequestSender -- Using pooled Channel '[id: 0xca50dd4e, L:/127.0.0.1:63321 - R:localhost/127.0.0.1:43842]' for 'POST' to 'http://localhost:43842/session/9778c90b-985a-4cec-93d3-6f1a093d937b/element'
22:25:16.303 [Forwarding findElement on session 9778c90b-985a-4cec-93d3-6f1a093d937b to remote] DEBUG org.asynchttpclient.netty.request.NettyRequestSender -- Using open Channel [id: 0xca50dd4e, L:/127.0.0.1:63321 - R:localhost/127.0.0.1:43842] for POST '/session/9778c90b-985a-4cec-93d3-6f1a093d937b/element'
22:25:16.304 [AsyncHttpClient-1-5] DEBUG org.asynchttpclient.netty.handler.HttpHandler -- 

Request DefaultHttpRequest(decodeResult: success, version: HTTP/1.1)
POST /session/9778c90b-985a-4cec-93d3-6f1a093d937b/element HTTP/1.1
User-Agent: selenium/4.12.0 (java windows)
Content-Length: 83
Content-Type: application/json; charset=utf-8
host: localhost:43842
accept: */*

Response DefaultHttpResponse(decodeResult: success, version: HTTP/1.1)
HTTP/1.1 200 OK
content-type: application/json; charset=utf-8
cache-control: no-cache
content-length: 88
date: Sun, 28 Apr 2024 03:25:16 GMT

22:25:16.304 [AsyncHttpClient-1-5] DEBUG org.asynchttpclient.netty.channel.ChannelManager -- Adding key: http://localhost:43842 for channel [id: 0xca50dd4e, L:/127.0.0.1:63321 - R:localhost/127.0.0.1:43842]
22:25:16.304 [Forwarding clickElement on session 9778c90b-985a-4cec-93d3-6f1a093d937b to remote] DEBUG org.asynchttpclient.netty.request.NettyRequestSender -- Using pooled Channel '[id: 0xca50dd4e, L:/127.0.0.1:63321 - R:localhost/127.0.0.1:43842]' for 'POST' to 'http://localhost:43842/session/9778c90b-985a-4cec-93d3-6f1a093d937b/element/8f5db384-3159-4849-a29d-fb4cada4cf1e/click'
22:25:16.304 [Forwarding clickElement on session 9778c90b-985a-4cec-93d3-6f1a093d937b to remote] DEBUG org.asynchttpclient.netty.request.NettyRequestSender -- Using open Channel [id: 0xca50dd4e, L:/127.0.0.1:63321 - R:localhost/127.0.0.1:43842] for POST '/session/9778c90b-985a-4cec-93d3-6f1a093d937b/element/8f5db384-3159-4849-a29d-fb4cada4cf1e/click'
22:25:16.319 [AsyncHttpClient-1-5] DEBUG org.asynchttpclient.netty.handler.HttpHandler -- 

Request DefaultHttpRequest(decodeResult: success, version: HTTP/1.1)
POST /session/9778c90b-985a-4cec-93d3-6f1a093d937b/element/8f5db384-3159-4849-a29d-fb4cada4cf1e/click HTTP/1.1
User-Agent: selenium/4.12.0 (java windows)
Content-Length: 50
Content-Type: application/json; charset=utf-8
host: localhost:43842
accept: */*

Response DefaultHttpResponse(decodeResult: success, version: HTTP/1.1)
HTTP/1.1 200 OK
content-type: application/json; charset=utf-8
cache-control: no-cache
content-length: 14
date: Sun, 28 Apr 2024 03:25:16 GMT

22:25:16.319 [AsyncHttpClient-1-5] DEBUG org.asynchttpclient.netty.channel.ChannelManager -- Adding key: http://localhost:43842 for channel [id: 0xca50dd4e, L:/127.0.0.1:63321 - R:localhost/127.0.0.1:43842]
22:25:16.319 [Forwarding getAlertText on session 9778c90b-985a-4cec-93d3-6f1a093d937b to remote] DEBUG org.asynchttpclient.netty.request.NettyRequestSender -- Using pooled Channel '[id: 0xca50dd4e, L:/127.0.0.1:63321 - R:localhost/127.0.0.1:43842]' for 'GET' to 'http://localhost:43842/session/9778c90b-985a-4cec-93d3-6f1a093d937b/alert/text'
22:25:16.319 [Forwarding getAlertText on session 9778c90b-985a-4cec-93d3-6f1a093d937b to remote] DEBUG org.asynchttpclient.netty.request.NettyRequestSender -- Using open Channel [id: 0xca50dd4e, L:/127.0.0.1:63321 - R:localhost/127.0.0.1:43842] for GET '/session/9778c90b-985a-4cec-93d3-6f1a093d937b/alert/text'
22:25:16.319 [AsyncHttpClient-1-5] DEBUG org.asynchttpclient.netty.handler.HttpHandler -- 

Request DefaultFullHttpRequest(decodeResult: success, version: HTTP/1.1, content: EmptyByteBufBE)
GET /session/9778c90b-985a-4cec-93d3-6f1a093d937b/alert/text HTTP/1.1
Cache-Control: no-cache
User-Agent: selenium/4.12.0 (java windows)
Content-Type: application/json; charset=utf-8
host: localhost:43842
accept: */*

Response DefaultHttpResponse(decodeResult: success, version: HTTP/1.1)
HTTP/1.1 404 Not Found
content-type: application/json; charset=utf-8
cache-control: no-cache
content-length: 842
date: Sun, 28 Apr 2024 03:25:16 GMT

22:25:16.319 [AsyncHttpClient-1-5] DEBUG org.asynchttpclient.netty.channel.ChannelManager -- Adding key: http://localhost:43842 for channel [id: 0xca50dd4e, L:/127.0.0.1:63321 - R:localhost/127.0.0.1:43842]
22:25:16.830 [Forwarding getAlertText on session 9778c90b-985a-4cec-93d3-6f1a093d937b to remote] DEBUG org.asynchttpclient.netty.request.NettyRequestSender -- Using pooled Channel '[id: 0xca50dd4e, L:/127.0.0.1:63321 - R:localhost/127.0.0.1:43842]' for 'GET' to 'http://localhost:43842/session/9778c90b-985a-4cec-93d3-6f1a093d937b/alert/text'
22:25:16.830 [Forwarding getAlertText on session 9778c90b-985a-4cec-93d3-6f1a093d937b to remote] DEBUG org.asynchttpclient.netty.request.NettyRequestSender -- Using open Channel [id: 0xca50dd4e, L:/127.0.0.1:63321 - R:localhost/127.0.0.1:43842] for GET '/session/9778c90b-985a-4cec-93d3-6f1a093d937b/alert/text'
22:25:16.834 [AsyncHttpClient-1-5] DEBUG org.asynchttpclient.netty.handler.HttpHandler -- 

Request DefaultFullHttpRequest(decodeResult: success, version: HTTP/1.1, content: EmptyByteBufBE)
GET /session/9778c90b-985a-4cec-93d3-6f1a093d937b/alert/text HTTP/1.1
Cache-Control: no-cache
User-Agent: selenium/4.12.0 (java windows)
Content-Type: application/json; charset=utf-8
host: localhost:43842
accept: */*

Response DefaultHttpResponse(decodeResult: success, version: HTTP/1.1)
HTTP/1.1 200 OK
content-type: application/json; charset=utf-8
cache-control: no-cache
content-length: 25
date: Sun, 28 Apr 2024 03:25:16 GMT

22:25:16.834 [AsyncHttpClient-1-5] DEBUG org.asynchttpclient.netty.channel.ChannelManager -- Adding key: http://localhost:43842 for channel [id: 0xca50dd4e, L:/127.0.0.1:63321 - R:localhost/127.0.0.1:43842]
22:25:16.834 [Forwarding getAlertText on session 9778c90b-985a-4cec-93d3-6f1a093d937b to remote] DEBUG org.asynchttpclient.netty.request.NettyRequestSender -- Using pooled Channel '[id: 0xca50dd4e, L:/127.0.0.1:63321 - R:localhost/127.0.0.1:43842]' for 'GET' to 'http://localhost:43842/session/9778c90b-985a-4cec-93d3-6f1a093d937b/alert/text'
22:25:16.834 [Forwarding getAlertText on session 9778c90b-985a-4cec-93d3-6f1a093d937b to remote] DEBUG org.asynchttpclient.netty.request.NettyRequestSender -- Using open Channel [id: 0xca50dd4e, L:/127.0.0.1:63321 - R:localhost/127.0.0.1:43842] for GET '/session/9778c90b-985a-4cec-93d3-6f1a093d937b/alert/text'
22:25:16.834 [AsyncHttpClient-1-5] DEBUG org.asynchttpclient.netty.handler.HttpHandler -- 

Request DefaultFullHttpRequest(decodeResult: success, version: HTTP/1.1, content: EmptyByteBufBE)
GET /session/9778c90b-985a-4cec-93d3-6f1a093d937b/alert/text HTTP/1.1
Cache-Control: no-cache
User-Agent: selenium/4.12.0 (java windows)
Content-Type: application/json; charset=utf-8
host: localhost:43842
accept: */*

Response DefaultHttpResponse(decodeResult: success, version: HTTP/1.1)
HTTP/1.1 200 OK
content-type: application/json; charset=utf-8
cache-control: no-cache
content-length: 25
date: Sun, 28 Apr 2024 03:25:16 GMT

22:25:16.834 [AsyncHttpClient-1-5] DEBUG org.asynchttpclient.netty.channel.ChannelManager -- Adding key: http://localhost:43842 for channel [id: 0xca50dd4e, L:/127.0.0.1:63321 - R:localhost/127.0.0.1:43842]
22:25:16.834 [Forwarding acceptAlert on session 9778c90b-985a-4cec-93d3-6f1a093d937b to remote] DEBUG org.asynchttpclient.netty.request.NettyRequestSender -- Using pooled Channel '[id: 0xca50dd4e, L:/127.0.0.1:63321 - R:localhost/127.0.0.1:43842]' for 'POST' to 'http://localhost:43842/session/9778c90b-985a-4cec-93d3-6f1a093d937b/alert/accept'
22:25:16.834 [Forwarding acceptAlert on session 9778c90b-985a-4cec-93d3-6f1a093d937b to remote] DEBUG org.asynchttpclient.netty.request.NettyRequestSender -- Using open Channel [id: 0xca50dd4e, L:/127.0.0.1:63321 - R:localhost/127.0.0.1:43842] for POST '/session/9778c90b-985a-4cec-93d3-6f1a093d937b/alert/accept'
22:25:16.846 [AsyncHttpClient-1-5] DEBUG org.asynchttpclient.netty.handler.HttpHandler -- 

Request DefaultHttpRequest(decodeResult: success, version: HTTP/1.1)
POST /session/9778c90b-985a-4cec-93d3-6f1a093d937b/alert/accept HTTP/1.1
User-Agent: selenium/4.12.0 (java windows)
Content-Length: 3
Content-Type: application/json; charset=utf-8
host: localhost:43842
accept: */*

Response DefaultHttpResponse(decodeResult: success, version: HTTP/1.1)
HTTP/1.1 200 OK
content-type: application/json; charset=utf-8
cache-control: no-cache
content-length: 14
date: Sun, 28 Apr 2024 03:25:16 GMT

22:25:16.846 [AsyncHttpClient-1-5] DEBUG org.asynchttpclient.netty.channel.ChannelManager -- Adding key: http://localhost:43842 for channel [id: 0xca50dd4e, L:/127.0.0.1:63321 - R:localhost/127.0.0.1:43842]
22:25:16.850 [Forwarding getAlertText on session 9778c90b-985a-4cec-93d3-6f1a093d937b to remote] DEBUG org.asynchttpclient.netty.request.NettyRequestSender -- Using pooled Channel '[id: 0xca50dd4e, L:/127.0.0.1:63321 - R:localhost/127.0.0.1:43842]' for 'GET' to 'http://localhost:43842/session/9778c90b-985a-4cec-93d3-6f1a093d937b/alert/text'
22:25:16.850 [Forwarding getAlertText on session 9778c90b-985a-4cec-93d3-6f1a093d937b to remote] DEBUG org.asynchttpclient.netty.request.NettyRequestSender -- Using open Channel [id: 0xca50dd4e, L:/127.0.0.1:63321 - R:localhost/127.0.0.1:43842] for GET '/session/9778c90b-985a-4cec-93d3-6f1a093d937b/alert/text'
22:25:16.850 [AsyncHttpClient-1-5] DEBUG org.asynchttpclient.netty.handler.HttpHandler -- 

Request DefaultFullHttpRequest(decodeResult: success, version: HTTP/1.1, content: EmptyByteBufBE)
GET /session/9778c90b-985a-4cec-93d3-6f1a093d937b/alert/text HTTP/1.1
Cache-Control: no-cache
User-Agent: selenium/4.12.0 (java windows)
Content-Type: application/json; charset=utf-8
host: localhost:43842
accept: */*

Response DefaultHttpResponse(decodeResult: success, version: HTTP/1.1)
HTTP/1.1 404 Not Found
content-type: application/json; charset=utf-8
cache-control: no-cache
content-length: 842
date: Sun, 28 Apr 2024 03:25:16 GMT

22:25:16.850 [AsyncHttpClient-1-5] DEBUG org.asynchttpclient.netty.channel.ChannelManager -- Adding key: http://localhost:43842 for channel [id: 0xca50dd4e, L:/127.0.0.1:63321 - R:localhost/127.0.0.1:43842]
22:25:17.313 [AsyncHttpClient-1-1] DEBUG org.asynchttpclient.netty.channel.DefaultChannelPool -- Entry count for : http://localhost:43842 : 1
22:25:17.354 [Forwarding getAlertText on session 9778c90b-985a-4cec-93d3-6f1a093d937b to remote] DEBUG org.asynchttpclient.netty.request.NettyRequestSender -- Using pooled Channel '[id: 0xca50dd4e, L:/127.0.0.1:63321 - R:localhost/127.0.0.1:43842]' for 'GET' to 'http://localhost:43842/session/9778c90b-985a-4cec-93d3-6f1a093d937b/alert/text'
22:25:17.354 [Forwarding getAlertText on session 9778c90b-985a-4cec-93d3-6f1a093d937b to remote] DEBUG org.asynchttpclient.netty.request.NettyRequestSender -- Using open Channel [id: 0xca50dd4e, L:/127.0.0.1:63321 - R:localhost/127.0.0.1:43842] for GET '/session/9778c90b-985a-4cec-93d3-6f1a093d937b/alert/text'
22:25:17.357 [AsyncHttpClient-1-5] DEBUG org.asynchttpclient.netty.handler.HttpHandler -- 

Request DefaultFullHttpRequest(decodeResult: success, version: HTTP/1.1, content: EmptyByteBufBE)
GET /session/9778c90b-985a-4cec-93d3-6f1a093d937b/alert/text HTTP/1.1
Cache-Control: no-cache
User-Agent: selenium/4.12.0 (java windows)
Content-Type: application/json; charset=utf-8
host: localhost:43842
accept: */*

Response DefaultHttpResponse(decodeResult: success, version: HTTP/1.1)
HTTP/1.1 404 Not Found
content-type: application/json; charset=utf-8
cache-control: no-cache
content-length: 842
date: Sun, 28 Apr 2024 03:25:17 GMT

22:25:17.357 [AsyncHttpClient-1-5] DEBUG org.asynchttpclient.netty.channel.ChannelManager -- Adding key: http://localhost:43842 for channel [id: 0xca50dd4e, L:/127.0.0.1:63321 - R:localhost/127.0.0.1:43842]
22:25:17.357 [Forwarding getCurrentUrl on session 9778c90b-985a-4cec-93d3-6f1a093d937b to remote] DEBUG org.asynchttpclient.netty.request.NettyRequestSender -- Using pooled Channel '[id: 0xca50dd4e, L:/127.0.0.1:63321 - R:localhost/127.0.0.1:43842]' for 'GET' to 'http://localhost:43842/session/9778c90b-985a-4cec-93d3-6f1a093d937b/url'
22:25:17.357 [Forwarding getCurrentUrl on session 9778c90b-985a-4cec-93d3-6f1a093d937b to remote] DEBUG org.asynchttpclient.netty.request.NettyRequestSender -- Using open Channel [id: 0xca50dd4e, L:/127.0.0.1:63321 - R:localhost/127.0.0.1:43842] for GET '/session/9778c90b-985a-4cec-93d3-6f1a093d937b/url'
22:25:17.358 [AsyncHttpClient-1-5] DEBUG org.asynchttpclient.netty.handler.HttpHandler -- 

Request DefaultFullHttpRequest(decodeResult: success, version: HTTP/1.1, content: EmptyByteBufBE)
GET /session/9778c90b-985a-4cec-93d3-6f1a093d937b/url HTTP/1.1
Cache-Control: no-cache
User-Agent: selenium/4.12.0 (java windows)
Content-Type: application/json; charset=utf-8
host: localhost:43842
accept: */*

Response DefaultHttpResponse(decodeResult: success, version: HTTP/1.1)
HTTP/1.1 200 OK
content-type: application/json; charset=utf-8
cache-control: no-cache
content-length: 55
date: Sun, 28 Apr 2024 03:25:17 GMT

22:25:17.358 [AsyncHttpClient-1-5] DEBUG org.asynchttpclient.netty.channel.ChannelManager -- Adding key: http://localhost:43842 for channel [id: 0xca50dd4e, L:/127.0.0.1:63321 - R:localhost/127.0.0.1:43842]
22:25:17.358 [Forwarding screenshot on session 9778c90b-985a-4cec-93d3-6f1a093d937b to remote] DEBUG org.asynchttpclient.netty.request.NettyRequestSender -- Using pooled Channel '[id: 0xca50dd4e, L:/127.0.0.1:63321 - R:localhost/127.0.0.1:43842]' for 'GET' to 'http://localhost:43842/session/9778c90b-985a-4cec-93d3-6f1a093d937b/screenshot'
22:25:17.358 [Forwarding screenshot on session 9778c90b-985a-4cec-93d3-6f1a093d937b to remote] DEBUG org.asynchttpclient.netty.request.NettyRequestSender -- Using open Channel [id: 0xca50dd4e, L:/127.0.0.1:63321 - R:localhost/127.0.0.1:43842] for GET '/session/9778c90b-985a-4cec-93d3-6f1a093d937b/screenshot'
22:25:17.406 [AsyncHttpClient-1-5] DEBUG org.asynchttpclient.netty.handler.HttpHandler -- 

Request DefaultFullHttpRequest(decodeResult: success, version: HTTP/1.1, content: EmptyByteBufBE)
GET /session/9778c90b-985a-4cec-93d3-6f1a093d937b/screenshot HTTP/1.1
Cache-Control: no-cache
User-Agent: selenium/4.12.0 (java windows)
Content-Type: application/json; charset=utf-8
host: localhost:43842
accept: */*

Response DefaultHttpResponse(decodeResult: success, version: HTTP/1.1)
HTTP/1.1 200 OK
content-type: application/json; charset=utf-8
cache-control: no-cache
content-length: 407080
date: Sun, 28 Apr 2024 03:25:17 GMT

22:25:17.410 [AsyncHttpClient-1-5] DEBUG org.asynchttpclient.netty.channel.ChannelManager -- Adding key: http://localhost:43842 for channel [id: 0xca50dd4e, L:/127.0.0.1:63321 - R:localhost/127.0.0.1:43842]
22:25:17.415 [main] DEBUG net.serenitybdd.core.photography.Darkroom -- Send negative for processing for C:\Users\USUARIO\OneDrive\Documentos\02 Automatización\03 Pragma\pragma\pragma\target\site\serenity\f74ddf072b6890129e037efa382483a6a142be8917edc525a17bfd3f6fc31f63.png
22:25:17.415 [Darkroom Processing Line] DEBUG net.serenitybdd.core.photography.DarkroomProcessingLine -- Processing screenshot image in /var/screenshots/screenshot-5410367962794817674
22:25:17.415 [Darkroom Processing Line] DEBUG net.serenitybdd.core.photography.DarkroomProcessingLine -- Saving screenshot to C:\Users\USUARIO\OneDrive\Documentos\02 Automatización\03 Pragma\pragma\pragma\target\site\serenity\f74ddf072b6890129e037efa382483a6a142be8917edc525a17bfd3f6fc31f63.png
22:25:18.418 [main] DEBUG net.thucydides.core.steps.StepInterceptor -- STEP DONE: agregoElProductoAlCarritoDeCompra
22:25:18.418 [AsyncHttpClient-1-1] DEBUG org.asynchttpclient.netty.channel.DefaultChannelPool -- Entry count for : http://localhost:43842 : 1
22:25:18.422 [Forwarding getAlertText on session 9778c90b-985a-4cec-93d3-6f1a093d937b to remote] DEBUG org.asynchttpclient.netty.request.NettyRequestSender -- Using pooled Channel '[id: 0xca50dd4e, L:/127.0.0.1:63321 - R:localhost/127.0.0.1:43842]' for 'GET' to 'http://localhost:43842/session/9778c90b-985a-4cec-93d3-6f1a093d937b/alert/text'
22:25:18.422 [Forwarding getAlertText on session 9778c90b-985a-4cec-93d3-6f1a093d937b to remote] DEBUG org.asynchttpclient.netty.request.NettyRequestSender -- Using open Channel [id: 0xca50dd4e, L:/127.0.0.1:63321 - R:localhost/127.0.0.1:43842] for GET '/session/9778c90b-985a-4cec-93d3-6f1a093d937b/alert/text'
22:25:18.426 [AsyncHttpClient-1-5] DEBUG org.asynchttpclient.netty.handler.HttpHandler -- 

Request DefaultFullHttpRequest(decodeResult: success, version: HTTP/1.1, content: EmptyByteBufBE)
GET /session/9778c90b-985a-4cec-93d3-6f1a093d937b/alert/text HTTP/1.1
Cache-Control: no-cache
User-Agent: selenium/4.12.0 (java windows)
Content-Type: application/json; charset=utf-8
host: localhost:43842
accept: */*

Response DefaultHttpResponse(decodeResult: success, version: HTTP/1.1)
HTTP/1.1 404 Not Found
content-type: application/json; charset=utf-8
cache-control: no-cache
content-length: 842
date: Sun, 28 Apr 2024 03:25:18 GMT

22:25:18.426 [AsyncHttpClient-1-5] DEBUG org.asynchttpclient.netty.channel.ChannelManager -- Adding key: http://localhost:43842 for channel [id: 0xca50dd4e, L:/127.0.0.1:63321 - R:localhost/127.0.0.1:43842]
22:25:18.426 [Forwarding getCurrentUrl on session 9778c90b-985a-4cec-93d3-6f1a093d937b to remote] DEBUG org.asynchttpclient.netty.request.NettyRequestSender -- Using pooled Channel '[id: 0xca50dd4e, L:/127.0.0.1:63321 - R:localhost/127.0.0.1:43842]' for 'GET' to 'http://localhost:43842/session/9778c90b-985a-4cec-93d3-6f1a093d937b/url'
22:25:18.426 [Forwarding getCurrentUrl on session 9778c90b-985a-4cec-93d3-6f1a093d937b to remote] DEBUG org.asynchttpclient.netty.request.NettyRequestSender -- Using open Channel [id: 0xca50dd4e, L:/127.0.0.1:63321 - R:localhost/127.0.0.1:43842] for GET '/session/9778c90b-985a-4cec-93d3-6f1a093d937b/url'
22:25:18.430 [AsyncHttpClient-1-5] DEBUG org.asynchttpclient.netty.handler.HttpHandler -- 

Request DefaultFullHttpRequest(decodeResult: success, version: HTTP/1.1, content: EmptyByteBufBE)
GET /session/9778c90b-985a-4cec-93d3-6f1a093d937b/url HTTP/1.1
Cache-Control: no-cache
User-Agent: selenium/4.12.0 (java windows)
Content-Type: application/json; charset=utf-8
host: localhost:43842
accept: */*

Response DefaultHttpResponse(decodeResult: success, version: HTTP/1.1)
HTTP/1.1 200 OK
content-type: application/json; charset=utf-8
cache-control: no-cache
content-length: 55
date: Sun, 28 Apr 2024 03:25:18 GMT

22:25:18.430 [AsyncHttpClient-1-5] DEBUG org.asynchttpclient.netty.channel.ChannelManager -- Adding key: http://localhost:43842 for channel [id: 0xca50dd4e, L:/127.0.0.1:63321 - R:localhost/127.0.0.1:43842]
22:25:18.430 [Forwarding screenshot on session 9778c90b-985a-4cec-93d3-6f1a093d937b to remote] DEBUG org.asynchttpclient.netty.request.NettyRequestSender -- Using pooled Channel '[id: 0xca50dd4e, L:/127.0.0.1:63321 - R:localhost/127.0.0.1:43842]' for 'GET' to 'http://localhost:43842/session/9778c90b-985a-4cec-93d3-6f1a093d937b/screenshot'
22:25:18.430 [Forwarding screenshot on session 9778c90b-985a-4cec-93d3-6f1a093d937b to remote] DEBUG org.asynchttpclient.netty.request.NettyRequestSender -- Using open Channel [id: 0xca50dd4e, L:/127.0.0.1:63321 - R:localhost/127.0.0.1:43842] for GET '/session/9778c90b-985a-4cec-93d3-6f1a093d937b/screenshot'
22:25:18.479 [AsyncHttpClient-1-5] DEBUG org.asynchttpclient.netty.handler.HttpHandler -- 

Request DefaultFullHttpRequest(decodeResult: success, version: HTTP/1.1, content: EmptyByteBufBE)
GET /session/9778c90b-985a-4cec-93d3-6f1a093d937b/screenshot HTTP/1.1
Cache-Control: no-cache
User-Agent: selenium/4.12.0 (java windows)
Content-Type: application/json; charset=utf-8
host: localhost:43842
accept: */*

Response DefaultHttpResponse(decodeResult: success, version: HTTP/1.1)
HTTP/1.1 200 OK
content-type: application/json; charset=utf-8
cache-control: no-cache
content-length: 407080
date: Sun, 28 Apr 2024 03:25:18 GMT

22:25:18.479 [AsyncHttpClient-1-5] DEBUG org.asynchttpclient.netty.channel.ChannelManager -- Adding key: http://localhost:43842 for channel [id: 0xca50dd4e, L:/127.0.0.1:63321 - R:localhost/127.0.0.1:43842]
22:25:18.483 [main] DEBUG net.serenitybdd.core.photography.Darkroom -- Send negative for processing for C:\Users\USUARIO\OneDrive\Documentos\02 Automatización\03 Pragma\pragma\pragma\target\site\serenity\f74ddf072b6890129e037efa382483a6a142be8917edc525a17bfd3f6fc31f63.png
22:25:19.503 [main] DEBUG net.thucydides.core.steps.StepInterceptor -- STARTING STEP: StepInterceptor.testContext - regresoAlHomePage
22:25:19.503 [Forwarding findElement on session 9778c90b-985a-4cec-93d3-6f1a093d937b to remote] DEBUG org.asynchttpclient.netty.request.NettyRequestSender -- Using pooled Channel '[id: 0xca50dd4e, L:/127.0.0.1:63321 - R:localhost/127.0.0.1:43842]' for 'POST' to 'http://localhost:43842/session/9778c90b-985a-4cec-93d3-6f1a093d937b/element'
22:25:19.507 [Forwarding findElement on session 9778c90b-985a-4cec-93d3-6f1a093d937b to remote] DEBUG org.asynchttpclient.netty.request.NettyRequestSender -- Using open Channel [id: 0xca50dd4e, L:/127.0.0.1:63321 - R:localhost/127.0.0.1:43842] for POST '/session/9778c90b-985a-4cec-93d3-6f1a093d937b/element'
22:25:19.511 [AsyncHttpClient-1-5] DEBUG org.asynchttpclient.netty.handler.HttpHandler -- 

Request DefaultHttpRequest(decodeResult: success, version: HTTP/1.1)
POST /session/9778c90b-985a-4cec-93d3-6f1a093d937b/element HTTP/1.1
User-Agent: selenium/4.12.0 (java windows)
Content-Length: 75
Content-Type: application/json; charset=utf-8
host: localhost:43842
accept: */*

Response DefaultHttpResponse(decodeResult: success, version: HTTP/1.1)
HTTP/1.1 200 OK
content-type: application/json; charset=utf-8
cache-control: no-cache
content-length: 88
date: Sun, 28 Apr 2024 03:25:19 GMT

22:25:19.511 [AsyncHttpClient-1-5] DEBUG org.asynchttpclient.netty.channel.ChannelManager -- Adding key: http://localhost:43842 for channel [id: 0xca50dd4e, L:/127.0.0.1:63321 - R:localhost/127.0.0.1:43842]
22:25:19.511 [Forwarding getElementTagName on session 9778c90b-985a-4cec-93d3-6f1a093d937b to remote] DEBUG org.asynchttpclient.netty.request.NettyRequestSender -- Using pooled Channel '[id: 0xca50dd4e, L:/127.0.0.1:63321 - R:localhost/127.0.0.1:43842]' for 'GET' to 'http://localhost:43842/session/9778c90b-985a-4cec-93d3-6f1a093d937b/element/6e266f8f-7e20-4d7a-b910-7f1e974a8fa2/name'
22:25:19.511 [Forwarding getElementTagName on session 9778c90b-985a-4cec-93d3-6f1a093d937b to remote] DEBUG org.asynchttpclient.netty.request.NettyRequestSender -- Using open Channel [id: 0xca50dd4e, L:/127.0.0.1:63321 - R:localhost/127.0.0.1:43842] for GET '/session/9778c90b-985a-4cec-93d3-6f1a093d937b/element/6e266f8f-7e20-4d7a-b910-7f1e974a8fa2/name'
22:25:19.514 [AsyncHttpClient-1-5] DEBUG org.asynchttpclient.netty.handler.HttpHandler -- 

Request DefaultFullHttpRequest(decodeResult: success, version: HTTP/1.1, content: EmptyByteBufBE)
GET /session/9778c90b-985a-4cec-93d3-6f1a093d937b/element/6e266f8f-7e20-4d7a-b910-7f1e974a8fa2/name HTTP/1.1
Cache-Control: no-cache
User-Agent: selenium/4.12.0 (java windows)
Content-Type: application/json; charset=utf-8
host: localhost:43842
accept: */*

Response DefaultHttpResponse(decodeResult: success, version: HTTP/1.1)
HTTP/1.1 200 OK
content-type: application/json; charset=utf-8
cache-control: no-cache
content-length: 13
date: Sun, 28 Apr 2024 03:25:19 GMT

22:25:19.514 [AsyncHttpClient-1-5] DEBUG org.asynchttpclient.netty.channel.ChannelManager -- Adding key: http://localhost:43842 for channel [id: 0xca50dd4e, L:/127.0.0.1:63321 - R:localhost/127.0.0.1:43842]
22:25:19.514 [Forwarding getElementTagName on session 9778c90b-985a-4cec-93d3-6f1a093d937b to remote] DEBUG org.asynchttpclient.netty.request.NettyRequestSender -- Using pooled Channel '[id: 0xca50dd4e, L:/127.0.0.1:63321 - R:localhost/127.0.0.1:43842]' for 'GET' to 'http://localhost:43842/session/9778c90b-985a-4cec-93d3-6f1a093d937b/element/6e266f8f-7e20-4d7a-b910-7f1e974a8fa2/name'
22:25:19.514 [Forwarding getElementTagName on session 9778c90b-985a-4cec-93d3-6f1a093d937b to remote] DEBUG org.asynchttpclient.netty.request.NettyRequestSender -- Using open Channel [id: 0xca50dd4e, L:/127.0.0.1:63321 - R:localhost/127.0.0.1:43842] for GET '/session/9778c90b-985a-4cec-93d3-6f1a093d937b/element/6e266f8f-7e20-4d7a-b910-7f1e974a8fa2/name'
22:25:19.514 [AsyncHttpClient-1-5] DEBUG org.asynchttpclient.netty.handler.HttpHandler -- 

Request DefaultFullHttpRequest(decodeResult: success, version: HTTP/1.1, content: EmptyByteBufBE)
GET /session/9778c90b-985a-4cec-93d3-6f1a093d937b/element/6e266f8f-7e20-4d7a-b910-7f1e974a8fa2/name HTTP/1.1
Cache-Control: no-cache
User-Agent: selenium/4.12.0 (java windows)
Content-Type: application/json; charset=utf-8
host: localhost:43842
accept: */*

Response DefaultHttpResponse(decodeResult: success, version: HTTP/1.1)
HTTP/1.1 200 OK
content-type: application/json; charset=utf-8
cache-control: no-cache
content-length: 13
date: Sun, 28 Apr 2024 03:25:19 GMT

22:25:19.514 [AsyncHttpClient-1-5] DEBUG org.asynchttpclient.netty.channel.ChannelManager -- Adding key: http://localhost:43842 for channel [id: 0xca50dd4e, L:/127.0.0.1:63321 - R:localhost/127.0.0.1:43842]
22:25:19.518 [Forwarding findElement on session 9778c90b-985a-4cec-93d3-6f1a093d937b to remote] DEBUG org.asynchttpclient.netty.request.NettyRequestSender -- Using pooled Channel '[id: 0xca50dd4e, L:/127.0.0.1:63321 - R:localhost/127.0.0.1:43842]' for 'POST' to 'http://localhost:43842/session/9778c90b-985a-4cec-93d3-6f1a093d937b/element'
22:25:19.518 [Forwarding findElement on session 9778c90b-985a-4cec-93d3-6f1a093d937b to remote] DEBUG org.asynchttpclient.netty.request.NettyRequestSender -- Using open Channel [id: 0xca50dd4e, L:/127.0.0.1:63321 - R:localhost/127.0.0.1:43842] for POST '/session/9778c90b-985a-4cec-93d3-6f1a093d937b/element'
22:25:19.518 [AsyncHttpClient-1-5] DEBUG org.asynchttpclient.netty.handler.HttpHandler -- 

Request DefaultHttpRequest(decodeResult: success, version: HTTP/1.1)
POST /session/9778c90b-985a-4cec-93d3-6f1a093d937b/element HTTP/1.1
User-Agent: selenium/4.12.0 (java windows)
Content-Length: 75
Content-Type: application/json; charset=utf-8
host: localhost:43842
accept: */*

Response DefaultHttpResponse(decodeResult: success, version: HTTP/1.1)
HTTP/1.1 200 OK
content-type: application/json; charset=utf-8
cache-control: no-cache
content-length: 88
date: Sun, 28 Apr 2024 03:25:19 GMT

22:25:19.518 [AsyncHttpClient-1-5] DEBUG org.asynchttpclient.netty.channel.ChannelManager -- Adding key: http://localhost:43842 for channel [id: 0xca50dd4e, L:/127.0.0.1:63321 - R:localhost/127.0.0.1:43842]
22:25:19.518 [Forwarding clickElement on session 9778c90b-985a-4cec-93d3-6f1a093d937b to remote] DEBUG org.asynchttpclient.netty.request.NettyRequestSender -- Using pooled Channel '[id: 0xca50dd4e, L:/127.0.0.1:63321 - R:localhost/127.0.0.1:43842]' for 'POST' to 'http://localhost:43842/session/9778c90b-985a-4cec-93d3-6f1a093d937b/element/6e266f8f-7e20-4d7a-b910-7f1e974a8fa2/click'
22:25:19.518 [Forwarding clickElement on session 9778c90b-985a-4cec-93d3-6f1a093d937b to remote] DEBUG org.asynchttpclient.netty.request.NettyRequestSender -- Using open Channel [id: 0xca50dd4e, L:/127.0.0.1:63321 - R:localhost/127.0.0.1:43842] for POST '/session/9778c90b-985a-4cec-93d3-6f1a093d937b/element/6e266f8f-7e20-4d7a-b910-7f1e974a8fa2/click'
22:25:19.856 [AsyncHttpClient-1-5] DEBUG org.asynchttpclient.netty.handler.HttpHandler -- 

Request DefaultHttpRequest(decodeResult: success, version: HTTP/1.1)
POST /session/9778c90b-985a-4cec-93d3-6f1a093d937b/element/6e266f8f-7e20-4d7a-b910-7f1e974a8fa2/click HTTP/1.1
User-Agent: selenium/4.12.0 (java windows)
Content-Length: 50
Content-Type: application/json; charset=utf-8
host: localhost:43842
accept: */*

Response DefaultHttpResponse(decodeResult: success, version: HTTP/1.1)
HTTP/1.1 200 OK
content-type: application/json; charset=utf-8
cache-control: no-cache
content-length: 14
date: Sun, 28 Apr 2024 03:25:19 GMT

22:25:19.856 [AsyncHttpClient-1-5] DEBUG org.asynchttpclient.netty.channel.ChannelManager -- Adding key: http://localhost:43842 for channel [id: 0xca50dd4e, L:/127.0.0.1:63321 - R:localhost/127.0.0.1:43842]
22:25:19.856 [Forwarding getAlertText on session 9778c90b-985a-4cec-93d3-6f1a093d937b to remote] DEBUG org.asynchttpclient.netty.request.NettyRequestSender -- Using pooled Channel '[id: 0xca50dd4e, L:/127.0.0.1:63321 - R:localhost/127.0.0.1:43842]' for 'GET' to 'http://localhost:43842/session/9778c90b-985a-4cec-93d3-6f1a093d937b/alert/text'
22:25:19.856 [Forwarding getAlertText on session 9778c90b-985a-4cec-93d3-6f1a093d937b to remote] DEBUG org.asynchttpclient.netty.request.NettyRequestSender -- Using open Channel [id: 0xca50dd4e, L:/127.0.0.1:63321 - R:localhost/127.0.0.1:43842] for GET '/session/9778c90b-985a-4cec-93d3-6f1a093d937b/alert/text'
22:25:19.860 [AsyncHttpClient-1-5] DEBUG org.asynchttpclient.netty.handler.HttpHandler -- 

Request DefaultFullHttpRequest(decodeResult: success, version: HTTP/1.1, content: EmptyByteBufBE)
GET /session/9778c90b-985a-4cec-93d3-6f1a093d937b/alert/text HTTP/1.1
Cache-Control: no-cache
User-Agent: selenium/4.12.0 (java windows)
Content-Type: application/json; charset=utf-8
host: localhost:43842
accept: */*

Response DefaultHttpResponse(decodeResult: success, version: HTTP/1.1)
HTTP/1.1 404 Not Found
content-type: application/json; charset=utf-8
cache-control: no-cache
content-length: 842
date: Sun, 28 Apr 2024 03:25:19 GMT

22:25:19.860 [AsyncHttpClient-1-5] DEBUG org.asynchttpclient.netty.channel.ChannelManager -- Adding key: http://localhost:43842 for channel [id: 0xca50dd4e, L:/127.0.0.1:63321 - R:localhost/127.0.0.1:43842]
22:25:19.860 [Forwarding getCurrentUrl on session 9778c90b-985a-4cec-93d3-6f1a093d937b to remote] DEBUG org.asynchttpclient.netty.request.NettyRequestSender -- Using pooled Channel '[id: 0xca50dd4e, L:/127.0.0.1:63321 - R:localhost/127.0.0.1:43842]' for 'GET' to 'http://localhost:43842/session/9778c90b-985a-4cec-93d3-6f1a093d937b/url'
22:25:19.860 [Forwarding getCurrentUrl on session 9778c90b-985a-4cec-93d3-6f1a093d937b to remote] DEBUG org.asynchttpclient.netty.request.NettyRequestSender -- Using open Channel [id: 0xca50dd4e, L:/127.0.0.1:63321 - R:localhost/127.0.0.1:43842] for GET '/session/9778c90b-985a-4cec-93d3-6f1a093d937b/url'
22:25:19.860 [AsyncHttpClient-1-5] DEBUG org.asynchttpclient.netty.handler.HttpHandler -- 

Request DefaultFullHttpRequest(decodeResult: success, version: HTTP/1.1, content: EmptyByteBufBE)
GET /session/9778c90b-985a-4cec-93d3-6f1a093d937b/url HTTP/1.1
Cache-Control: no-cache
User-Agent: selenium/4.12.0 (java windows)
Content-Type: application/json; charset=utf-8
host: localhost:43842
accept: */*

Response DefaultHttpResponse(decodeResult: success, version: HTTP/1.1)
HTTP/1.1 200 OK
content-type: application/json; charset=utf-8
cache-control: no-cache
content-length: 48
date: Sun, 28 Apr 2024 03:25:19 GMT

22:25:19.860 [AsyncHttpClient-1-5] DEBUG org.asynchttpclient.netty.channel.ChannelManager -- Adding key: http://localhost:43842 for channel [id: 0xca50dd4e, L:/127.0.0.1:63321 - R:localhost/127.0.0.1:43842]
22:25:19.860 [Forwarding screenshot on session 9778c90b-985a-4cec-93d3-6f1a093d937b to remote] DEBUG org.asynchttpclient.netty.request.NettyRequestSender -- Using pooled Channel '[id: 0xca50dd4e, L:/127.0.0.1:63321 - R:localhost/127.0.0.1:43842]' for 'GET' to 'http://localhost:43842/session/9778c90b-985a-4cec-93d3-6f1a093d937b/screenshot'
22:25:19.860 [Forwarding screenshot on session 9778c90b-985a-4cec-93d3-6f1a093d937b to remote] DEBUG org.asynchttpclient.netty.request.NettyRequestSender -- Using open Channel [id: 0xca50dd4e, L:/127.0.0.1:63321 - R:localhost/127.0.0.1:43842] for GET '/session/9778c90b-985a-4cec-93d3-6f1a093d937b/screenshot'
22:25:19.915 [AsyncHttpClient-1-5] DEBUG org.asynchttpclient.netty.handler.HttpHandler -- 

Request DefaultFullHttpRequest(decodeResult: success, version: HTTP/1.1, content: EmptyByteBufBE)
GET /session/9778c90b-985a-4cec-93d3-6f1a093d937b/screenshot HTTP/1.1
Cache-Control: no-cache
User-Agent: selenium/4.12.0 (java windows)
Content-Type: application/json; charset=utf-8
host: localhost:43842
accept: */*

Response DefaultHttpResponse(decodeResult: success, version: HTTP/1.1)
HTTP/1.1 200 OK
content-type: application/json; charset=utf-8
cache-control: no-cache
content-length: 504948
date: Sun, 28 Apr 2024 03:25:19 GMT

22:25:19.918 [AsyncHttpClient-1-5] DEBUG org.asynchttpclient.netty.channel.ChannelManager -- Adding key: http://localhost:43842 for channel [id: 0xca50dd4e, L:/127.0.0.1:63321 - R:localhost/127.0.0.1:43842]
22:25:19.922 [main] DEBUG net.serenitybdd.core.photography.Darkroom -- Send negative for processing for C:\Users\USUARIO\OneDrive\Documentos\02 Automatización\03 Pragma\pragma\pragma\target\site\serenity\4ee8a2605a1cdda36c2b7788194c259ded3d98d35a623d38fa3b86f65a89fac1.png
22:25:20.613 [AsyncHttpClient-1-1] DEBUG org.asynchttpclient.netty.channel.DefaultChannelPool -- Entry count for : http://localhost:43842 : 1
22:25:20.932 [main] DEBUG net.thucydides.core.steps.StepInterceptor -- STEP DONE: regresoAlHomePage
22:25:20.938 [Forwarding getAlertText on session 9778c90b-985a-4cec-93d3-6f1a093d937b to remote] DEBUG org.asynchttpclient.netty.request.NettyRequestSender -- Using pooled Channel '[id: 0xca50dd4e, L:/127.0.0.1:63321 - R:localhost/127.0.0.1:43842]' for 'GET' to 'http://localhost:43842/session/9778c90b-985a-4cec-93d3-6f1a093d937b/alert/text'
22:25:20.938 [Forwarding getAlertText on session 9778c90b-985a-4cec-93d3-6f1a093d937b to remote] DEBUG org.asynchttpclient.netty.request.NettyRequestSender -- Using open Channel [id: 0xca50dd4e, L:/127.0.0.1:63321 - R:localhost/127.0.0.1:43842] for GET '/session/9778c90b-985a-4cec-93d3-6f1a093d937b/alert/text'
22:25:20.940 [AsyncHttpClient-1-5] DEBUG org.asynchttpclient.netty.handler.HttpHandler -- 

Request DefaultFullHttpRequest(decodeResult: success, version: HTTP/1.1, content: EmptyByteBufBE)
GET /session/9778c90b-985a-4cec-93d3-6f1a093d937b/alert/text HTTP/1.1
Cache-Control: no-cache
User-Agent: selenium/4.12.0 (java windows)
Content-Type: application/json; charset=utf-8
host: localhost:43842
accept: */*

Response DefaultHttpResponse(decodeResult: success, version: HTTP/1.1)
HTTP/1.1 404 Not Found
content-type: application/json; charset=utf-8
cache-control: no-cache
content-length: 842
date: Sun, 28 Apr 2024 03:25:20 GMT

22:25:20.940 [AsyncHttpClient-1-5] DEBUG org.asynchttpclient.netty.channel.ChannelManager -- Adding key: http://localhost:43842 for channel [id: 0xca50dd4e, L:/127.0.0.1:63321 - R:localhost/127.0.0.1:43842]
22:25:20.942 [Forwarding getCurrentUrl on session 9778c90b-985a-4cec-93d3-6f1a093d937b to remote] DEBUG org.asynchttpclient.netty.request.NettyRequestSender -- Using pooled Channel '[id: 0xca50dd4e, L:/127.0.0.1:63321 - R:localhost/127.0.0.1:43842]' for 'GET' to 'http://localhost:43842/session/9778c90b-985a-4cec-93d3-6f1a093d937b/url'
22:25:20.942 [Forwarding getCurrentUrl on session 9778c90b-985a-4cec-93d3-6f1a093d937b to remote] DEBUG org.asynchttpclient.netty.request.NettyRequestSender -- Using open Channel [id: 0xca50dd4e, L:/127.0.0.1:63321 - R:localhost/127.0.0.1:43842] for GET '/session/9778c90b-985a-4cec-93d3-6f1a093d937b/url'
22:25:20.943 [AsyncHttpClient-1-5] DEBUG org.asynchttpclient.netty.handler.HttpHandler -- 

Request DefaultFullHttpRequest(decodeResult: success, version: HTTP/1.1, content: EmptyByteBufBE)
GET /session/9778c90b-985a-4cec-93d3-6f1a093d937b/url HTTP/1.1
Cache-Control: no-cache
User-Agent: selenium/4.12.0 (java windows)
Content-Type: application/json; charset=utf-8
host: localhost:43842
accept: */*

Response DefaultHttpResponse(decodeResult: success, version: HTTP/1.1)
HTTP/1.1 200 OK
content-type: application/json; charset=utf-8
cache-control: no-cache
content-length: 48
date: Sun, 28 Apr 2024 03:25:20 GMT

22:25:20.943 [AsyncHttpClient-1-5] DEBUG org.asynchttpclient.netty.channel.ChannelManager -- Adding key: http://localhost:43842 for channel [id: 0xca50dd4e, L:/127.0.0.1:63321 - R:localhost/127.0.0.1:43842]
22:25:20.944 [Forwarding screenshot on session 9778c90b-985a-4cec-93d3-6f1a093d937b to remote] DEBUG org.asynchttpclient.netty.request.NettyRequestSender -- Using pooled Channel '[id: 0xca50dd4e, L:/127.0.0.1:63321 - R:localhost/127.0.0.1:43842]' for 'GET' to 'http://localhost:43842/session/9778c90b-985a-4cec-93d3-6f1a093d937b/screenshot'
22:25:20.944 [Forwarding screenshot on session 9778c90b-985a-4cec-93d3-6f1a093d937b to remote] DEBUG org.asynchttpclient.netty.request.NettyRequestSender -- Using open Channel [id: 0xca50dd4e, L:/127.0.0.1:63321 - R:localhost/127.0.0.1:43842] for GET '/session/9778c90b-985a-4cec-93d3-6f1a093d937b/screenshot'
22:25:21.023 [AsyncHttpClient-1-5] DEBUG org.asynchttpclient.netty.handler.HttpHandler -- 

Request DefaultFullHttpRequest(decodeResult: success, version: HTTP/1.1, content: EmptyByteBufBE)
GET /session/9778c90b-985a-4cec-93d3-6f1a093d937b/screenshot HTTP/1.1
Cache-Control: no-cache
User-Agent: selenium/4.12.0 (java windows)
Content-Type: application/json; charset=utf-8
host: localhost:43842
accept: */*

Response DefaultHttpResponse(decodeResult: success, version: HTTP/1.1)
HTTP/1.1 200 OK
content-type: application/json; charset=utf-8
cache-control: no-cache
content-length: 800340
date: Sun, 28 Apr 2024 03:25:20 GMT

22:25:21.023 [AsyncHttpClient-1-5] DEBUG org.asynchttpclient.netty.channel.ChannelManager -- Adding key: http://localhost:43842 for channel [id: 0xca50dd4e, L:/127.0.0.1:63321 - R:localhost/127.0.0.1:43842]
22:25:21.032 [main] DEBUG net.serenitybdd.core.photography.Darkroom -- Send negative for processing for C:\Users\USUARIO\OneDrive\Documentos\02 Automatización\03 Pragma\pragma\pragma\target\site\serenity\c6d2d59253a3c52d8b8db4ad723f6da73641757028d146bd6c52f7f99c9aebe9.png
22:25:21.713 [AsyncHttpClient-1-1] DEBUG org.asynchttpclient.netty.channel.DefaultChannelPool -- Entry count for : http://localhost:43842 : 1
22:25:22.046 [main] DEBUG net.thucydides.core.steps.StepInterceptor -- STARTING STEP: StepInterceptor.testContext - ingresoACategoria
22:25:22.049 [Forwarding findElement on session 9778c90b-985a-4cec-93d3-6f1a093d937b to remote] DEBUG org.asynchttpclient.netty.request.NettyRequestSender -- Using pooled Channel '[id: 0xca50dd4e, L:/127.0.0.1:63321 - R:localhost/127.0.0.1:43842]' for 'POST' to 'http://localhost:43842/session/9778c90b-985a-4cec-93d3-6f1a093d937b/element'
22:25:22.049 [Forwarding findElement on session 9778c90b-985a-4cec-93d3-6f1a093d937b to remote] DEBUG org.asynchttpclient.netty.request.NettyRequestSender -- Using open Channel [id: 0xca50dd4e, L:/127.0.0.1:63321 - R:localhost/127.0.0.1:43842] for POST '/session/9778c90b-985a-4cec-93d3-6f1a093d937b/element'
22:25:22.052 [AsyncHttpClient-1-5] DEBUG org.asynchttpclient.netty.handler.HttpHandler -- 

Request DefaultHttpRequest(decodeResult: success, version: HTTP/1.1)
POST /session/9778c90b-985a-4cec-93d3-6f1a093d937b/element HTTP/1.1
User-Agent: selenium/4.12.0 (java windows)
Content-Length: 79
Content-Type: application/json; charset=utf-8
host: localhost:43842
accept: */*

Response DefaultHttpResponse(decodeResult: success, version: HTTP/1.1)
HTTP/1.1 200 OK
content-type: application/json; charset=utf-8
cache-control: no-cache
content-length: 88
date: Sun, 28 Apr 2024 03:25:22 GMT

22:25:22.053 [AsyncHttpClient-1-5] DEBUG org.asynchttpclient.netty.channel.ChannelManager -- Adding key: http://localhost:43842 for channel [id: 0xca50dd4e, L:/127.0.0.1:63321 - R:localhost/127.0.0.1:43842]
22:25:22.054 [Forwarding getElementTagName on session 9778c90b-985a-4cec-93d3-6f1a093d937b to remote] DEBUG org.asynchttpclient.netty.request.NettyRequestSender -- Using pooled Channel '[id: 0xca50dd4e, L:/127.0.0.1:63321 - R:localhost/127.0.0.1:43842]' for 'GET' to 'http://localhost:43842/session/9778c90b-985a-4cec-93d3-6f1a093d937b/element/842a6a6d-553f-4306-80af-af40456dba36/name'
22:25:22.054 [Forwarding getElementTagName on session 9778c90b-985a-4cec-93d3-6f1a093d937b to remote] DEBUG org.asynchttpclient.netty.request.NettyRequestSender -- Using open Channel [id: 0xca50dd4e, L:/127.0.0.1:63321 - R:localhost/127.0.0.1:43842] for GET '/session/9778c90b-985a-4cec-93d3-6f1a093d937b/element/842a6a6d-553f-4306-80af-af40456dba36/name'
22:25:22.058 [AsyncHttpClient-1-5] DEBUG org.asynchttpclient.netty.handler.HttpHandler -- 

Request DefaultFullHttpRequest(decodeResult: success, version: HTTP/1.1, content: EmptyByteBufBE)
GET /session/9778c90b-985a-4cec-93d3-6f1a093d937b/element/842a6a6d-553f-4306-80af-af40456dba36/name HTTP/1.1
Cache-Control: no-cache
User-Agent: selenium/4.12.0 (java windows)
Content-Type: application/json; charset=utf-8
host: localhost:43842
accept: */*

Response DefaultHttpResponse(decodeResult: success, version: HTTP/1.1)
HTTP/1.1 200 OK
content-type: application/json; charset=utf-8
cache-control: no-cache
content-length: 13
date: Sun, 28 Apr 2024 03:25:22 GMT

22:25:22.058 [AsyncHttpClient-1-5] DEBUG org.asynchttpclient.netty.channel.ChannelManager -- Adding key: http://localhost:43842 for channel [id: 0xca50dd4e, L:/127.0.0.1:63321 - R:localhost/127.0.0.1:43842]
22:25:22.059 [Forwarding getElementTagName on session 9778c90b-985a-4cec-93d3-6f1a093d937b to remote] DEBUG org.asynchttpclient.netty.request.NettyRequestSender -- Using pooled Channel '[id: 0xca50dd4e, L:/127.0.0.1:63321 - R:localhost/127.0.0.1:43842]' for 'GET' to 'http://localhost:43842/session/9778c90b-985a-4cec-93d3-6f1a093d937b/element/842a6a6d-553f-4306-80af-af40456dba36/name'
22:25:22.060 [Forwarding getElementTagName on session 9778c90b-985a-4cec-93d3-6f1a093d937b to remote] DEBUG org.asynchttpclient.netty.request.NettyRequestSender -- Using open Channel [id: 0xca50dd4e, L:/127.0.0.1:63321 - R:localhost/127.0.0.1:43842] for GET '/session/9778c90b-985a-4cec-93d3-6f1a093d937b/element/842a6a6d-553f-4306-80af-af40456dba36/name'
22:25:22.061 [AsyncHttpClient-1-5] DEBUG org.asynchttpclient.netty.handler.HttpHandler -- 

Request DefaultFullHttpRequest(decodeResult: success, version: HTTP/1.1, content: EmptyByteBufBE)
GET /session/9778c90b-985a-4cec-93d3-6f1a093d937b/element/842a6a6d-553f-4306-80af-af40456dba36/name HTTP/1.1
Cache-Control: no-cache
User-Agent: selenium/4.12.0 (java windows)
Content-Type: application/json; charset=utf-8
host: localhost:43842
accept: */*

Response DefaultHttpResponse(decodeResult: success, version: HTTP/1.1)
HTTP/1.1 200 OK
content-type: application/json; charset=utf-8
cache-control: no-cache
content-length: 13
date: Sun, 28 Apr 2024 03:25:22 GMT

22:25:22.061 [AsyncHttpClient-1-5] DEBUG org.asynchttpclient.netty.channel.ChannelManager -- Adding key: http://localhost:43842 for channel [id: 0xca50dd4e, L:/127.0.0.1:63321 - R:localhost/127.0.0.1:43842]
22:25:22.064 [Forwarding findElement on session 9778c90b-985a-4cec-93d3-6f1a093d937b to remote] DEBUG org.asynchttpclient.netty.request.NettyRequestSender -- Using pooled Channel '[id: 0xca50dd4e, L:/127.0.0.1:63321 - R:localhost/127.0.0.1:43842]' for 'POST' to 'http://localhost:43842/session/9778c90b-985a-4cec-93d3-6f1a093d937b/element'
22:25:22.064 [Forwarding findElement on session 9778c90b-985a-4cec-93d3-6f1a093d937b to remote] DEBUG org.asynchttpclient.netty.request.NettyRequestSender -- Using open Channel [id: 0xca50dd4e, L:/127.0.0.1:63321 - R:localhost/127.0.0.1:43842] for POST '/session/9778c90b-985a-4cec-93d3-6f1a093d937b/element'
22:25:22.067 [AsyncHttpClient-1-5] DEBUG org.asynchttpclient.netty.handler.HttpHandler -- 

Request DefaultHttpRequest(decodeResult: success, version: HTTP/1.1)
POST /session/9778c90b-985a-4cec-93d3-6f1a093d937b/element HTTP/1.1
User-Agent: selenium/4.12.0 (java windows)
Content-Length: 79
Content-Type: application/json; charset=utf-8
host: localhost:43842
accept: */*

Response DefaultHttpResponse(decodeResult: success, version: HTTP/1.1)
HTTP/1.1 200 OK
content-type: application/json; charset=utf-8
cache-control: no-cache
content-length: 88
date: Sun, 28 Apr 2024 03:25:22 GMT

22:25:22.067 [AsyncHttpClient-1-5] DEBUG org.asynchttpclient.netty.channel.ChannelManager -- Adding key: http://localhost:43842 for channel [id: 0xca50dd4e, L:/127.0.0.1:63321 - R:localhost/127.0.0.1:43842]
22:25:22.068 [Forwarding clickElement on session 9778c90b-985a-4cec-93d3-6f1a093d937b to remote] DEBUG org.asynchttpclient.netty.request.NettyRequestSender -- Using pooled Channel '[id: 0xca50dd4e, L:/127.0.0.1:63321 - R:localhost/127.0.0.1:43842]' for 'POST' to 'http://localhost:43842/session/9778c90b-985a-4cec-93d3-6f1a093d937b/element/842a6a6d-553f-4306-80af-af40456dba36/click'
22:25:22.068 [Forwarding clickElement on session 9778c90b-985a-4cec-93d3-6f1a093d937b to remote] DEBUG org.asynchttpclient.netty.request.NettyRequestSender -- Using open Channel [id: 0xca50dd4e, L:/127.0.0.1:63321 - R:localhost/127.0.0.1:43842] for POST '/session/9778c90b-985a-4cec-93d3-6f1a093d937b/element/842a6a6d-553f-4306-80af-af40456dba36/click'
22:25:22.079 [AsyncHttpClient-1-5] DEBUG org.asynchttpclient.netty.handler.HttpHandler -- 

Request DefaultHttpRequest(decodeResult: success, version: HTTP/1.1)
POST /session/9778c90b-985a-4cec-93d3-6f1a093d937b/element/842a6a6d-553f-4306-80af-af40456dba36/click HTTP/1.1
User-Agent: selenium/4.12.0 (java windows)
Content-Length: 50
Content-Type: application/json; charset=utf-8
host: localhost:43842
accept: */*

Response DefaultHttpResponse(decodeResult: success, version: HTTP/1.1)
HTTP/1.1 200 OK
content-type: application/json; charset=utf-8
cache-control: no-cache
content-length: 14
date: Sun, 28 Apr 2024 03:25:22 GMT

22:25:22.080 [AsyncHttpClient-1-5] DEBUG org.asynchttpclient.netty.channel.ChannelManager -- Adding key: http://localhost:43842 for channel [id: 0xca50dd4e, L:/127.0.0.1:63321 - R:localhost/127.0.0.1:43842]
22:25:22.083 [Forwarding getAlertText on session 9778c90b-985a-4cec-93d3-6f1a093d937b to remote] DEBUG org.asynchttpclient.netty.request.NettyRequestSender -- Using pooled Channel '[id: 0xca50dd4e, L:/127.0.0.1:63321 - R:localhost/127.0.0.1:43842]' for 'GET' to 'http://localhost:43842/session/9778c90b-985a-4cec-93d3-6f1a093d937b/alert/text'
22:25:22.083 [Forwarding getAlertText on session 9778c90b-985a-4cec-93d3-6f1a093d937b to remote] DEBUG org.asynchttpclient.netty.request.NettyRequestSender -- Using open Channel [id: 0xca50dd4e, L:/127.0.0.1:63321 - R:localhost/127.0.0.1:43842] for GET '/session/9778c90b-985a-4cec-93d3-6f1a093d937b/alert/text'
22:25:22.085 [AsyncHttpClient-1-5] DEBUG org.asynchttpclient.netty.handler.HttpHandler -- 

Request DefaultFullHttpRequest(decodeResult: success, version: HTTP/1.1, content: EmptyByteBufBE)
GET /session/9778c90b-985a-4cec-93d3-6f1a093d937b/alert/text HTTP/1.1
Cache-Control: no-cache
User-Agent: selenium/4.12.0 (java windows)
Content-Type: application/json; charset=utf-8
host: localhost:43842
accept: */*

Response DefaultHttpResponse(decodeResult: success, version: HTTP/1.1)
HTTP/1.1 404 Not Found
content-type: application/json; charset=utf-8
cache-control: no-cache
content-length: 842
date: Sun, 28 Apr 2024 03:25:22 GMT

22:25:22.085 [AsyncHttpClient-1-5] DEBUG org.asynchttpclient.netty.channel.ChannelManager -- Adding key: http://localhost:43842 for channel [id: 0xca50dd4e, L:/127.0.0.1:63321 - R:localhost/127.0.0.1:43842]
22:25:22.086 [Forwarding getCurrentUrl on session 9778c90b-985a-4cec-93d3-6f1a093d937b to remote] DEBUG org.asynchttpclient.netty.request.NettyRequestSender -- Using pooled Channel '[id: 0xca50dd4e, L:/127.0.0.1:63321 - R:localhost/127.0.0.1:43842]' for 'GET' to 'http://localhost:43842/session/9778c90b-985a-4cec-93d3-6f1a093d937b/url'
22:25:22.086 [Forwarding getCurrentUrl on session 9778c90b-985a-4cec-93d3-6f1a093d937b to remote] DEBUG org.asynchttpclient.netty.request.NettyRequestSender -- Using open Channel [id: 0xca50dd4e, L:/127.0.0.1:63321 - R:localhost/127.0.0.1:43842] for GET '/session/9778c90b-985a-4cec-93d3-6f1a093d937b/url'
22:25:22.087 [AsyncHttpClient-1-5] DEBUG org.asynchttpclient.netty.handler.HttpHandler -- 

Request DefaultFullHttpRequest(decodeResult: success, version: HTTP/1.1, content: EmptyByteBufBE)
GET /session/9778c90b-985a-4cec-93d3-6f1a093d937b/url HTTP/1.1
Cache-Control: no-cache
User-Agent: selenium/4.12.0 (java windows)
Content-Type: application/json; charset=utf-8
host: localhost:43842
accept: */*

Response DefaultHttpResponse(decodeResult: success, version: HTTP/1.1)
HTTP/1.1 200 OK
content-type: application/json; charset=utf-8
cache-control: no-cache
content-length: 49
date: Sun, 28 Apr 2024 03:25:22 GMT

22:25:22.087 [AsyncHttpClient-1-5] DEBUG org.asynchttpclient.netty.channel.ChannelManager -- Adding key: http://localhost:43842 for channel [id: 0xca50dd4e, L:/127.0.0.1:63321 - R:localhost/127.0.0.1:43842]
22:25:22.087 [Forwarding screenshot on session 9778c90b-985a-4cec-93d3-6f1a093d937b to remote] DEBUG org.asynchttpclient.netty.request.NettyRequestSender -- Using pooled Channel '[id: 0xca50dd4e, L:/127.0.0.1:63321 - R:localhost/127.0.0.1:43842]' for 'GET' to 'http://localhost:43842/session/9778c90b-985a-4cec-93d3-6f1a093d937b/screenshot'
22:25:22.087 [Forwarding screenshot on session 9778c90b-985a-4cec-93d3-6f1a093d937b to remote] DEBUG org.asynchttpclient.netty.request.NettyRequestSender -- Using open Channel [id: 0xca50dd4e, L:/127.0.0.1:63321 - R:localhost/127.0.0.1:43842] for GET '/session/9778c90b-985a-4cec-93d3-6f1a093d937b/screenshot'
22:25:22.172 [AsyncHttpClient-1-5] DEBUG org.asynchttpclient.netty.handler.HttpHandler -- 

Request DefaultFullHttpRequest(decodeResult: success, version: HTTP/1.1, content: EmptyByteBufBE)
GET /session/9778c90b-985a-4cec-93d3-6f1a093d937b/screenshot HTTP/1.1
Cache-Control: no-cache
User-Agent: selenium/4.12.0 (java windows)
Content-Type: application/json; charset=utf-8
host: localhost:43842
accept: */*

Response DefaultHttpResponse(decodeResult: success, version: HTTP/1.1)
HTTP/1.1 200 OK
content-type: application/json; charset=utf-8
cache-control: no-cache
content-length: 800340
date: Sun, 28 Apr 2024 03:25:22 GMT

22:25:22.172 [AsyncHttpClient-1-5] DEBUG org.asynchttpclient.netty.channel.ChannelManager -- Adding key: http://localhost:43842 for channel [id: 0xca50dd4e, L:/127.0.0.1:63321 - R:localhost/127.0.0.1:43842]
22:25:22.183 [main] DEBUG net.serenitybdd.core.photography.Darkroom -- Send negative for processing for C:\Users\USUARIO\OneDrive\Documentos\02 Automatización\03 Pragma\pragma\pragma\target\site\serenity\c6d2d59253a3c52d8b8db4ad723f6da73641757028d146bd6c52f7f99c9aebe9.png
22:25:22.813 [AsyncHttpClient-1-1] DEBUG org.asynchttpclient.netty.channel.DefaultChannelPool -- Entry count for : http://localhost:43842 : 1
22:25:23.187 [main] DEBUG net.thucydides.core.steps.StepInterceptor -- STEP DONE: ingresoACategoria
22:25:23.194 [Forwarding getAlertText on session 9778c90b-985a-4cec-93d3-6f1a093d937b to remote] DEBUG org.asynchttpclient.netty.request.NettyRequestSender -- Using pooled Channel '[id: 0xca50dd4e, L:/127.0.0.1:63321 - R:localhost/127.0.0.1:43842]' for 'GET' to 'http://localhost:43842/session/9778c90b-985a-4cec-93d3-6f1a093d937b/alert/text'
22:25:23.194 [Forwarding getAlertText on session 9778c90b-985a-4cec-93d3-6f1a093d937b to remote] DEBUG org.asynchttpclient.netty.request.NettyRequestSender -- Using open Channel [id: 0xca50dd4e, L:/127.0.0.1:63321 - R:localhost/127.0.0.1:43842] for GET '/session/9778c90b-985a-4cec-93d3-6f1a093d937b/alert/text'
22:25:23.195 [AsyncHttpClient-1-5] DEBUG org.asynchttpclient.netty.handler.HttpHandler -- 

Request DefaultFullHttpRequest(decodeResult: success, version: HTTP/1.1, content: EmptyByteBufBE)
GET /session/9778c90b-985a-4cec-93d3-6f1a093d937b/alert/text HTTP/1.1
Cache-Control: no-cache
User-Agent: selenium/4.12.0 (java windows)
Content-Type: application/json; charset=utf-8
host: localhost:43842
accept: */*

Response DefaultHttpResponse(decodeResult: success, version: HTTP/1.1)
HTTP/1.1 404 Not Found
content-type: application/json; charset=utf-8
cache-control: no-cache
content-length: 842
date: Sun, 28 Apr 2024 03:25:23 GMT

22:25:23.195 [AsyncHttpClient-1-5] DEBUG org.asynchttpclient.netty.channel.ChannelManager -- Adding key: http://localhost:43842 for channel [id: 0xca50dd4e, L:/127.0.0.1:63321 - R:localhost/127.0.0.1:43842]
22:25:23.197 [Forwarding getCurrentUrl on session 9778c90b-985a-4cec-93d3-6f1a093d937b to remote] DEBUG org.asynchttpclient.netty.request.NettyRequestSender -- Using pooled Channel '[id: 0xca50dd4e, L:/127.0.0.1:63321 - R:localhost/127.0.0.1:43842]' for 'GET' to 'http://localhost:43842/session/9778c90b-985a-4cec-93d3-6f1a093d937b/url'
22:25:23.197 [Forwarding getCurrentUrl on session 9778c90b-985a-4cec-93d3-6f1a093d937b to remote] DEBUG org.asynchttpclient.netty.request.NettyRequestSender -- Using open Channel [id: 0xca50dd4e, L:/127.0.0.1:63321 - R:localhost/127.0.0.1:43842] for GET '/session/9778c90b-985a-4cec-93d3-6f1a093d937b/url'
22:25:23.198 [AsyncHttpClient-1-5] DEBUG org.asynchttpclient.netty.handler.HttpHandler -- 

Request DefaultFullHttpRequest(decodeResult: success, version: HTTP/1.1, content: EmptyByteBufBE)
GET /session/9778c90b-985a-4cec-93d3-6f1a093d937b/url HTTP/1.1
Cache-Control: no-cache
User-Agent: selenium/4.12.0 (java windows)
Content-Type: application/json; charset=utf-8
host: localhost:43842
accept: */*

Response DefaultHttpResponse(decodeResult: success, version: HTTP/1.1)
HTTP/1.1 200 OK
content-type: application/json; charset=utf-8
cache-control: no-cache
content-length: 49
date: Sun, 28 Apr 2024 03:25:23 GMT

22:25:23.199 [AsyncHttpClient-1-5] DEBUG org.asynchttpclient.netty.channel.ChannelManager -- Adding key: http://localhost:43842 for channel [id: 0xca50dd4e, L:/127.0.0.1:63321 - R:localhost/127.0.0.1:43842]
22:25:23.199 [Forwarding screenshot on session 9778c90b-985a-4cec-93d3-6f1a093d937b to remote] DEBUG org.asynchttpclient.netty.request.NettyRequestSender -- Using pooled Channel '[id: 0xca50dd4e, L:/127.0.0.1:63321 - R:localhost/127.0.0.1:43842]' for 'GET' to 'http://localhost:43842/session/9778c90b-985a-4cec-93d3-6f1a093d937b/screenshot'
22:25:23.199 [Forwarding screenshot on session 9778c90b-985a-4cec-93d3-6f1a093d937b to remote] DEBUG org.asynchttpclient.netty.request.NettyRequestSender -- Using open Channel [id: 0xca50dd4e, L:/127.0.0.1:63321 - R:localhost/127.0.0.1:43842] for GET '/session/9778c90b-985a-4cec-93d3-6f1a093d937b/screenshot'
22:25:23.267 [AsyncHttpClient-1-5] DEBUG org.asynchttpclient.netty.handler.HttpHandler -- 

Request DefaultFullHttpRequest(decodeResult: success, version: HTTP/1.1, content: EmptyByteBufBE)
GET /session/9778c90b-985a-4cec-93d3-6f1a093d937b/screenshot HTTP/1.1
Cache-Control: no-cache
User-Agent: selenium/4.12.0 (java windows)
Content-Type: application/json; charset=utf-8
host: localhost:43842
accept: */*

Response DefaultHttpResponse(decodeResult: success, version: HTTP/1.1)
HTTP/1.1 200 OK
content-type: application/json; charset=utf-8
cache-control: no-cache
content-length: 561988
date: Sun, 28 Apr 2024 03:25:23 GMT

22:25:23.268 [AsyncHttpClient-1-5] DEBUG org.asynchttpclient.netty.channel.ChannelManager -- Adding key: http://localhost:43842 for channel [id: 0xca50dd4e, L:/127.0.0.1:63321 - R:localhost/127.0.0.1:43842]
22:25:23.274 [main] DEBUG net.serenitybdd.core.photography.Darkroom -- Send negative for processing for C:\Users\USUARIO\OneDrive\Documentos\02 Automatización\03 Pragma\pragma\pragma\target\site\serenity\f4989cbfc2dac5acadc25b91672a55c7eb39afc3df656588105747134e7c9382.png
22:25:23.275 [Darkroom Processing Line] DEBUG net.serenitybdd.core.photography.DarkroomProcessingLine -- Processing screenshot image in /var/screenshots/screenshot-14965988952714919122
22:25:23.275 [Darkroom Processing Line] DEBUG net.serenitybdd.core.photography.DarkroomProcessingLine -- Saving screenshot to C:\Users\USUARIO\OneDrive\Documentos\02 Automatización\03 Pragma\pragma\pragma\target\site\serenity\f4989cbfc2dac5acadc25b91672a55c7eb39afc3df656588105747134e7c9382.png
22:25:23.923 [AsyncHttpClient-1-1] DEBUG org.asynchttpclient.netty.channel.DefaultChannelPool -- Entry count for : http://localhost:43842 : 1
22:25:24.289 [main] DEBUG net.thucydides.core.steps.StepInterceptor -- STARTING STEP: StepInterceptor.testContext - ingresoAlProducto
22:25:24.292 [Forwarding findElement on session 9778c90b-985a-4cec-93d3-6f1a093d937b to remote] DEBUG org.asynchttpclient.netty.request.NettyRequestSender -- Using pooled Channel '[id: 0xca50dd4e, L:/127.0.0.1:63321 - R:localhost/127.0.0.1:43842]' for 'POST' to 'http://localhost:43842/session/9778c90b-985a-4cec-93d3-6f1a093d937b/element'
22:25:24.292 [Forwarding findElement on session 9778c90b-985a-4cec-93d3-6f1a093d937b to remote] DEBUG org.asynchttpclient.netty.request.NettyRequestSender -- Using open Channel [id: 0xca50dd4e, L:/127.0.0.1:63321 - R:localhost/127.0.0.1:43842] for POST '/session/9778c90b-985a-4cec-93d3-6f1a093d937b/element'
22:25:24.294 [AsyncHttpClient-1-5] DEBUG org.asynchttpclient.netty.handler.HttpHandler -- 

Request DefaultHttpRequest(decodeResult: success, version: HTTP/1.1)
POST /session/9778c90b-985a-4cec-93d3-6f1a093d937b/element HTTP/1.1
User-Agent: selenium/4.12.0 (java windows)
Content-Length: 87
Content-Type: application/json; charset=utf-8
host: localhost:43842
accept: */*

Response DefaultHttpResponse(decodeResult: success, version: HTTP/1.1)
HTTP/1.1 200 OK
content-type: application/json; charset=utf-8
cache-control: no-cache
content-length: 88
date: Sun, 28 Apr 2024 03:25:24 GMT

22:25:24.295 [AsyncHttpClient-1-5] DEBUG org.asynchttpclient.netty.channel.ChannelManager -- Adding key: http://localhost:43842 for channel [id: 0xca50dd4e, L:/127.0.0.1:63321 - R:localhost/127.0.0.1:43842]
22:25:24.296 [Forwarding getElementTagName on session 9778c90b-985a-4cec-93d3-6f1a093d937b to remote] DEBUG org.asynchttpclient.netty.request.NettyRequestSender -- Using pooled Channel '[id: 0xca50dd4e, L:/127.0.0.1:63321 - R:localhost/127.0.0.1:43842]' for 'GET' to 'http://localhost:43842/session/9778c90b-985a-4cec-93d3-6f1a093d937b/element/80289890-f8b0-40bc-91f8-19f3b170e63e/name'
22:25:24.296 [Forwarding getElementTagName on session 9778c90b-985a-4cec-93d3-6f1a093d937b to remote] DEBUG org.asynchttpclient.netty.request.NettyRequestSender -- Using open Channel [id: 0xca50dd4e, L:/127.0.0.1:63321 - R:localhost/127.0.0.1:43842] for GET '/session/9778c90b-985a-4cec-93d3-6f1a093d937b/element/80289890-f8b0-40bc-91f8-19f3b170e63e/name'
22:25:24.298 [AsyncHttpClient-1-5] DEBUG org.asynchttpclient.netty.handler.HttpHandler -- 

Request DefaultFullHttpRequest(decodeResult: success, version: HTTP/1.1, content: EmptyByteBufBE)
GET /session/9778c90b-985a-4cec-93d3-6f1a093d937b/element/80289890-f8b0-40bc-91f8-19f3b170e63e/name HTTP/1.1
Cache-Control: no-cache
User-Agent: selenium/4.12.0 (java windows)
Content-Type: application/json; charset=utf-8
host: localhost:43842
accept: */*

Response DefaultHttpResponse(decodeResult: success, version: HTTP/1.1)
HTTP/1.1 200 OK
content-type: application/json; charset=utf-8
cache-control: no-cache
content-length: 13
date: Sun, 28 Apr 2024 03:25:24 GMT

22:25:24.299 [AsyncHttpClient-1-5] DEBUG org.asynchttpclient.netty.channel.ChannelManager -- Adding key: http://localhost:43842 for channel [id: 0xca50dd4e, L:/127.0.0.1:63321 - R:localhost/127.0.0.1:43842]
22:25:24.300 [Forwarding getElementTagName on session 9778c90b-985a-4cec-93d3-6f1a093d937b to remote] DEBUG org.asynchttpclient.netty.request.NettyRequestSender -- Using pooled Channel '[id: 0xca50dd4e, L:/127.0.0.1:63321 - R:localhost/127.0.0.1:43842]' for 'GET' to 'http://localhost:43842/session/9778c90b-985a-4cec-93d3-6f1a093d937b/element/80289890-f8b0-40bc-91f8-19f3b170e63e/name'
22:25:24.300 [Forwarding getElementTagName on session 9778c90b-985a-4cec-93d3-6f1a093d937b to remote] DEBUG org.asynchttpclient.netty.request.NettyRequestSender -- Using open Channel [id: 0xca50dd4e, L:/127.0.0.1:63321 - R:localhost/127.0.0.1:43842] for GET '/session/9778c90b-985a-4cec-93d3-6f1a093d937b/element/80289890-f8b0-40bc-91f8-19f3b170e63e/name'
22:25:24.302 [AsyncHttpClient-1-5] DEBUG org.asynchttpclient.netty.handler.HttpHandler -- 

Request DefaultFullHttpRequest(decodeResult: success, version: HTTP/1.1, content: EmptyByteBufBE)
GET /session/9778c90b-985a-4cec-93d3-6f1a093d937b/element/80289890-f8b0-40bc-91f8-19f3b170e63e/name HTTP/1.1
Cache-Control: no-cache
User-Agent: selenium/4.12.0 (java windows)
Content-Type: application/json; charset=utf-8
host: localhost:43842
accept: */*

Response DefaultHttpResponse(decodeResult: success, version: HTTP/1.1)
HTTP/1.1 200 OK
content-type: application/json; charset=utf-8
cache-control: no-cache
content-length: 13
date: Sun, 28 Apr 2024 03:25:24 GMT

22:25:24.302 [AsyncHttpClient-1-5] DEBUG org.asynchttpclient.netty.channel.ChannelManager -- Adding key: http://localhost:43842 for channel [id: 0xca50dd4e, L:/127.0.0.1:63321 - R:localhost/127.0.0.1:43842]
22:25:24.303 [Forwarding findElement on session 9778c90b-985a-4cec-93d3-6f1a093d937b to remote] DEBUG org.asynchttpclient.netty.request.NettyRequestSender -- Using pooled Channel '[id: 0xca50dd4e, L:/127.0.0.1:63321 - R:localhost/127.0.0.1:43842]' for 'POST' to 'http://localhost:43842/session/9778c90b-985a-4cec-93d3-6f1a093d937b/element'
22:25:24.304 [Forwarding findElement on session 9778c90b-985a-4cec-93d3-6f1a093d937b to remote] DEBUG org.asynchttpclient.netty.request.NettyRequestSender -- Using open Channel [id: 0xca50dd4e, L:/127.0.0.1:63321 - R:localhost/127.0.0.1:43842] for POST '/session/9778c90b-985a-4cec-93d3-6f1a093d937b/element'
22:25:24.306 [AsyncHttpClient-1-5] DEBUG org.asynchttpclient.netty.handler.HttpHandler -- 

Request DefaultHttpRequest(decodeResult: success, version: HTTP/1.1)
POST /session/9778c90b-985a-4cec-93d3-6f1a093d937b/element HTTP/1.1
User-Agent: selenium/4.12.0 (java windows)
Content-Length: 87
Content-Type: application/json; charset=utf-8
host: localhost:43842
accept: */*

Response DefaultHttpResponse(decodeResult: success, version: HTTP/1.1)
HTTP/1.1 200 OK
content-type: application/json; charset=utf-8
cache-control: no-cache
content-length: 88
date: Sun, 28 Apr 2024 03:25:24 GMT

22:25:24.306 [AsyncHttpClient-1-5] DEBUG org.asynchttpclient.netty.channel.ChannelManager -- Adding key: http://localhost:43842 for channel [id: 0xca50dd4e, L:/127.0.0.1:63321 - R:localhost/127.0.0.1:43842]
22:25:24.307 [Forwarding clickElement on session 9778c90b-985a-4cec-93d3-6f1a093d937b to remote] DEBUG org.asynchttpclient.netty.request.NettyRequestSender -- Using pooled Channel '[id: 0xca50dd4e, L:/127.0.0.1:63321 - R:localhost/127.0.0.1:43842]' for 'POST' to 'http://localhost:43842/session/9778c90b-985a-4cec-93d3-6f1a093d937b/element/80289890-f8b0-40bc-91f8-19f3b170e63e/click'
22:25:24.307 [Forwarding clickElement on session 9778c90b-985a-4cec-93d3-6f1a093d937b to remote] DEBUG org.asynchttpclient.netty.request.NettyRequestSender -- Using open Channel [id: 0xca50dd4e, L:/127.0.0.1:63321 - R:localhost/127.0.0.1:43842] for POST '/session/9778c90b-985a-4cec-93d3-6f1a093d937b/element/80289890-f8b0-40bc-91f8-19f3b170e63e/click'
22:25:24.601 [AsyncHttpClient-1-5] DEBUG org.asynchttpclient.netty.handler.HttpHandler -- 

Request DefaultHttpRequest(decodeResult: success, version: HTTP/1.1)
POST /session/9778c90b-985a-4cec-93d3-6f1a093d937b/element/80289890-f8b0-40bc-91f8-19f3b170e63e/click HTTP/1.1
User-Agent: selenium/4.12.0 (java windows)
Content-Length: 50
Content-Type: application/json; charset=utf-8
host: localhost:43842
accept: */*

Response DefaultHttpResponse(decodeResult: success, version: HTTP/1.1)
HTTP/1.1 200 OK
content-type: application/json; charset=utf-8
cache-control: no-cache
content-length: 14
date: Sun, 28 Apr 2024 03:25:24 GMT

22:25:24.601 [AsyncHttpClient-1-5] DEBUG org.asynchttpclient.netty.channel.ChannelManager -- Adding key: http://localhost:43842 for channel [id: 0xca50dd4e, L:/127.0.0.1:63321 - R:localhost/127.0.0.1:43842]
22:25:24.603 [Forwarding findElement on session 9778c90b-985a-4cec-93d3-6f1a093d937b to remote] DEBUG org.asynchttpclient.netty.request.NettyRequestSender -- Using pooled Channel '[id: 0xca50dd4e, L:/127.0.0.1:63321 - R:localhost/127.0.0.1:43842]' for 'POST' to 'http://localhost:43842/session/9778c90b-985a-4cec-93d3-6f1a093d937b/element'
22:25:24.603 [Forwarding findElement on session 9778c90b-985a-4cec-93d3-6f1a093d937b to remote] DEBUG org.asynchttpclient.netty.request.NettyRequestSender -- Using open Channel [id: 0xca50dd4e, L:/127.0.0.1:63321 - R:localhost/127.0.0.1:43842] for POST '/session/9778c90b-985a-4cec-93d3-6f1a093d937b/element'
22:25:24.871 [AsyncHttpClient-1-5] DEBUG org.asynchttpclient.netty.handler.HttpHandler -- 

Request DefaultHttpRequest(decodeResult: success, version: HTTP/1.1)
POST /session/9778c90b-985a-4cec-93d3-6f1a093d937b/element HTTP/1.1
User-Agent: selenium/4.12.0 (java windows)
Content-Length: 66
Content-Type: application/json; charset=utf-8
host: localhost:43842
accept: */*

Response DefaultHttpResponse(decodeResult: success, version: HTTP/1.1)
HTTP/1.1 200 OK
content-type: application/json; charset=utf-8
cache-control: no-cache
content-length: 88
date: Sun, 28 Apr 2024 03:25:24 GMT

22:25:24.871 [AsyncHttpClient-1-5] DEBUG org.asynchttpclient.netty.channel.ChannelManager -- Adding key: http://localhost:43842 for channel [id: 0xca50dd4e, L:/127.0.0.1:63321 - R:localhost/127.0.0.1:43842]
22:25:24.871 [Forwarding getElementText on session 9778c90b-985a-4cec-93d3-6f1a093d937b to remote] DEBUG org.asynchttpclient.netty.request.NettyRequestSender -- Using pooled Channel '[id: 0xca50dd4e, L:/127.0.0.1:63321 - R:localhost/127.0.0.1:43842]' for 'GET' to 'http://localhost:43842/session/9778c90b-985a-4cec-93d3-6f1a093d937b/element/47ba243d-77cb-441b-b92f-66ff4367c733/text'
22:25:24.871 [Forwarding getElementText on session 9778c90b-985a-4cec-93d3-6f1a093d937b to remote] DEBUG org.asynchttpclient.netty.request.NettyRequestSender -- Using open Channel [id: 0xca50dd4e, L:/127.0.0.1:63321 - R:localhost/127.0.0.1:43842] for GET '/session/9778c90b-985a-4cec-93d3-6f1a093d937b/element/47ba243d-77cb-441b-b92f-66ff4367c733/text'
22:25:24.877 [AsyncHttpClient-1-5] DEBUG org.asynchttpclient.netty.handler.HttpHandler -- 

Request DefaultFullHttpRequest(decodeResult: success, version: HTTP/1.1, content: EmptyByteBufBE)
GET /session/9778c90b-985a-4cec-93d3-6f1a093d937b/element/47ba243d-77cb-441b-b92f-66ff4367c733/text HTTP/1.1
Cache-Control: no-cache
User-Agent: selenium/4.12.0 (java windows)
Content-Type: application/json; charset=utf-8
host: localhost:43842
accept: */*

Response DefaultHttpResponse(decodeResult: success, version: HTTP/1.1)
HTTP/1.1 200 OK
content-type: application/json; charset=utf-8
cache-control: no-cache
content-length: 28
date: Sun, 28 Apr 2024 03:25:24 GMT

22:25:24.877 [AsyncHttpClient-1-5] DEBUG org.asynchttpclient.netty.channel.ChannelManager -- Adding key: http://localhost:43842 for channel [id: 0xca50dd4e, L:/127.0.0.1:63321 - R:localhost/127.0.0.1:43842]
22:25:24.880 [Forwarding getAlertText on session 9778c90b-985a-4cec-93d3-6f1a093d937b to remote] DEBUG org.asynchttpclient.netty.request.NettyRequestSender -- Using pooled Channel '[id: 0xca50dd4e, L:/127.0.0.1:63321 - R:localhost/127.0.0.1:43842]' for 'GET' to 'http://localhost:43842/session/9778c90b-985a-4cec-93d3-6f1a093d937b/alert/text'
22:25:24.880 [Forwarding getAlertText on session 9778c90b-985a-4cec-93d3-6f1a093d937b to remote] DEBUG org.asynchttpclient.netty.request.NettyRequestSender -- Using open Channel [id: 0xca50dd4e, L:/127.0.0.1:63321 - R:localhost/127.0.0.1:43842] for GET '/session/9778c90b-985a-4cec-93d3-6f1a093d937b/alert/text'
22:25:24.881 [AsyncHttpClient-1-5] DEBUG org.asynchttpclient.netty.handler.HttpHandler -- 

Request DefaultFullHttpRequest(decodeResult: success, version: HTTP/1.1, content: EmptyByteBufBE)
GET /session/9778c90b-985a-4cec-93d3-6f1a093d937b/alert/text HTTP/1.1
Cache-Control: no-cache
User-Agent: selenium/4.12.0 (java windows)
Content-Type: application/json; charset=utf-8
host: localhost:43842
accept: */*

Response DefaultHttpResponse(decodeResult: success, version: HTTP/1.1)
HTTP/1.1 404 Not Found
content-type: application/json; charset=utf-8
cache-control: no-cache
content-length: 842
date: Sun, 28 Apr 2024 03:25:24 GMT

22:25:24.881 [AsyncHttpClient-1-5] DEBUG org.asynchttpclient.netty.channel.ChannelManager -- Adding key: http://localhost:43842 for channel [id: 0xca50dd4e, L:/127.0.0.1:63321 - R:localhost/127.0.0.1:43842]
22:25:24.882 [Forwarding getCurrentUrl on session 9778c90b-985a-4cec-93d3-6f1a093d937b to remote] DEBUG org.asynchttpclient.netty.request.NettyRequestSender -- Using pooled Channel '[id: 0xca50dd4e, L:/127.0.0.1:63321 - R:localhost/127.0.0.1:43842]' for 'GET' to 'http://localhost:43842/session/9778c90b-985a-4cec-93d3-6f1a093d937b/url'
22:25:24.882 [Forwarding getCurrentUrl on session 9778c90b-985a-4cec-93d3-6f1a093d937b to remote] DEBUG org.asynchttpclient.netty.request.NettyRequestSender -- Using open Channel [id: 0xca50dd4e, L:/127.0.0.1:63321 - R:localhost/127.0.0.1:43842] for GET '/session/9778c90b-985a-4cec-93d3-6f1a093d937b/url'
22:25:24.883 [AsyncHttpClient-1-5] DEBUG org.asynchttpclient.netty.handler.HttpHandler -- 

Request DefaultFullHttpRequest(decodeResult: success, version: HTTP/1.1, content: EmptyByteBufBE)
GET /session/9778c90b-985a-4cec-93d3-6f1a093d937b/url HTTP/1.1
Cache-Control: no-cache
User-Agent: selenium/4.12.0 (java windows)
Content-Type: application/json; charset=utf-8
host: localhost:43842
accept: */*

Response DefaultHttpResponse(decodeResult: success, version: HTTP/1.1)
HTTP/1.1 200 OK
content-type: application/json; charset=utf-8
cache-control: no-cache
content-length: 55
date: Sun, 28 Apr 2024 03:25:24 GMT

22:25:24.883 [AsyncHttpClient-1-5] DEBUG org.asynchttpclient.netty.channel.ChannelManager -- Adding key: http://localhost:43842 for channel [id: 0xca50dd4e, L:/127.0.0.1:63321 - R:localhost/127.0.0.1:43842]
22:25:24.884 [Forwarding screenshot on session 9778c90b-985a-4cec-93d3-6f1a093d937b to remote] DEBUG org.asynchttpclient.netty.request.NettyRequestSender -- Using pooled Channel '[id: 0xca50dd4e, L:/127.0.0.1:63321 - R:localhost/127.0.0.1:43842]' for 'GET' to 'http://localhost:43842/session/9778c90b-985a-4cec-93d3-6f1a093d937b/screenshot'
22:25:24.884 [Forwarding screenshot on session 9778c90b-985a-4cec-93d3-6f1a093d937b to remote] DEBUG org.asynchttpclient.netty.request.NettyRequestSender -- Using open Channel [id: 0xca50dd4e, L:/127.0.0.1:63321 - R:localhost/127.0.0.1:43842] for GET '/session/9778c90b-985a-4cec-93d3-6f1a093d937b/screenshot'
22:25:24.939 [AsyncHttpClient-1-5] DEBUG org.asynchttpclient.netty.handler.HttpHandler -- 

Request DefaultFullHttpRequest(decodeResult: success, version: HTTP/1.1, content: EmptyByteBufBE)
GET /session/9778c90b-985a-4cec-93d3-6f1a093d937b/screenshot HTTP/1.1
Cache-Control: no-cache
User-Agent: selenium/4.12.0 (java windows)
Content-Type: application/json; charset=utf-8
host: localhost:43842
accept: */*

Response DefaultHttpResponse(decodeResult: success, version: HTTP/1.1)
HTTP/1.1 200 OK
content-type: application/json; charset=utf-8
cache-control: no-cache
content-length: 541772
date: Sun, 28 Apr 2024 03:25:24 GMT

22:25:24.939 [AsyncHttpClient-1-5] DEBUG org.asynchttpclient.netty.channel.ChannelManager -- Adding key: http://localhost:43842 for channel [id: 0xca50dd4e, L:/127.0.0.1:63321 - R:localhost/127.0.0.1:43842]
22:25:24.946 [main] DEBUG net.serenitybdd.core.photography.Darkroom -- Send negative for processing for C:\Users\USUARIO\OneDrive\Documentos\02 Automatización\03 Pragma\pragma\pragma\target\site\serenity\582afbfc6efc13cd51fdda4fb2a400807aa3eb13bbdef42693e8c795723a2def.png
22:25:24.946 [Darkroom Processing Line] DEBUG net.serenitybdd.core.photography.DarkroomProcessingLine -- Processing screenshot image in /var/screenshots/screenshot-15346454992708751560
22:25:24.946 [Darkroom Processing Line] DEBUG net.serenitybdd.core.photography.DarkroomProcessingLine -- Saving screenshot to C:\Users\USUARIO\OneDrive\Documentos\02 Automatización\03 Pragma\pragma\pragma\target\site\serenity\582afbfc6efc13cd51fdda4fb2a400807aa3eb13bbdef42693e8c795723a2def.png
22:25:25.013 [AsyncHttpClient-1-1] DEBUG org.asynchttpclient.netty.channel.DefaultChannelPool -- Entry count for : http://localhost:43842 : 1
22:25:25.954 [main] DEBUG net.thucydides.core.steps.StepInterceptor -- STEP DONE: ingresoAlProducto
22:25:25.960 [Forwarding getAlertText on session 9778c90b-985a-4cec-93d3-6f1a093d937b to remote] DEBUG org.asynchttpclient.netty.request.NettyRequestSender -- Using pooled Channel '[id: 0xca50dd4e, L:/127.0.0.1:63321 - R:localhost/127.0.0.1:43842]' for 'GET' to 'http://localhost:43842/session/9778c90b-985a-4cec-93d3-6f1a093d937b/alert/text'
22:25:25.960 [Forwarding getAlertText on session 9778c90b-985a-4cec-93d3-6f1a093d937b to remote] DEBUG org.asynchttpclient.netty.request.NettyRequestSender -- Using open Channel [id: 0xca50dd4e, L:/127.0.0.1:63321 - R:localhost/127.0.0.1:43842] for GET '/session/9778c90b-985a-4cec-93d3-6f1a093d937b/alert/text'
22:25:25.962 [AsyncHttpClient-1-5] DEBUG org.asynchttpclient.netty.handler.HttpHandler -- 

Request DefaultFullHttpRequest(decodeResult: success, version: HTTP/1.1, content: EmptyByteBufBE)
GET /session/9778c90b-985a-4cec-93d3-6f1a093d937b/alert/text HTTP/1.1
Cache-Control: no-cache
User-Agent: selenium/4.12.0 (java windows)
Content-Type: application/json; charset=utf-8
host: localhost:43842
accept: */*

Response DefaultHttpResponse(decodeResult: success, version: HTTP/1.1)
HTTP/1.1 404 Not Found
content-type: application/json; charset=utf-8
cache-control: no-cache
content-length: 842
date: Sun, 28 Apr 2024 03:25:25 GMT

22:25:25.962 [AsyncHttpClient-1-5] DEBUG org.asynchttpclient.netty.channel.ChannelManager -- Adding key: http://localhost:43842 for channel [id: 0xca50dd4e, L:/127.0.0.1:63321 - R:localhost/127.0.0.1:43842]
22:25:25.963 [Forwarding getCurrentUrl on session 9778c90b-985a-4cec-93d3-6f1a093d937b to remote] DEBUG org.asynchttpclient.netty.request.NettyRequestSender -- Using pooled Channel '[id: 0xca50dd4e, L:/127.0.0.1:63321 - R:localhost/127.0.0.1:43842]' for 'GET' to 'http://localhost:43842/session/9778c90b-985a-4cec-93d3-6f1a093d937b/url'
22:25:25.964 [Forwarding getCurrentUrl on session 9778c90b-985a-4cec-93d3-6f1a093d937b to remote] DEBUG org.asynchttpclient.netty.request.NettyRequestSender -- Using open Channel [id: 0xca50dd4e, L:/127.0.0.1:63321 - R:localhost/127.0.0.1:43842] for GET '/session/9778c90b-985a-4cec-93d3-6f1a093d937b/url'
22:25:25.965 [AsyncHttpClient-1-5] DEBUG org.asynchttpclient.netty.handler.HttpHandler -- 

Request DefaultFullHttpRequest(decodeResult: success, version: HTTP/1.1, content: EmptyByteBufBE)
GET /session/9778c90b-985a-4cec-93d3-6f1a093d937b/url HTTP/1.1
Cache-Control: no-cache
User-Agent: selenium/4.12.0 (java windows)
Content-Type: application/json; charset=utf-8
host: localhost:43842
accept: */*

Response DefaultHttpResponse(decodeResult: success, version: HTTP/1.1)
HTTP/1.1 200 OK
content-type: application/json; charset=utf-8
cache-control: no-cache
content-length: 55
date: Sun, 28 Apr 2024 03:25:25 GMT

22:25:25.965 [AsyncHttpClient-1-5] DEBUG org.asynchttpclient.netty.channel.ChannelManager -- Adding key: http://localhost:43842 for channel [id: 0xca50dd4e, L:/127.0.0.1:63321 - R:localhost/127.0.0.1:43842]
22:25:25.966 [Forwarding screenshot on session 9778c90b-985a-4cec-93d3-6f1a093d937b to remote] DEBUG org.asynchttpclient.netty.request.NettyRequestSender -- Using pooled Channel '[id: 0xca50dd4e, L:/127.0.0.1:63321 - R:localhost/127.0.0.1:43842]' for 'GET' to 'http://localhost:43842/session/9778c90b-985a-4cec-93d3-6f1a093d937b/screenshot'
22:25:25.966 [Forwarding screenshot on session 9778c90b-985a-4cec-93d3-6f1a093d937b to remote] DEBUG org.asynchttpclient.netty.request.NettyRequestSender -- Using open Channel [id: 0xca50dd4e, L:/127.0.0.1:63321 - R:localhost/127.0.0.1:43842] for GET '/session/9778c90b-985a-4cec-93d3-6f1a093d937b/screenshot'
22:25:26.022 [AsyncHttpClient-1-5] DEBUG org.asynchttpclient.netty.handler.HttpHandler -- 

Request DefaultFullHttpRequest(decodeResult: success, version: HTTP/1.1, content: EmptyByteBufBE)
GET /session/9778c90b-985a-4cec-93d3-6f1a093d937b/screenshot HTTP/1.1
Cache-Control: no-cache
User-Agent: selenium/4.12.0 (java windows)
Content-Type: application/json; charset=utf-8
host: localhost:43842
accept: */*

Response DefaultHttpResponse(decodeResult: success, version: HTTP/1.1)
HTTP/1.1 200 OK
content-type: application/json; charset=utf-8
cache-control: no-cache
content-length: 541772
date: Sun, 28 Apr 2024 03:25:25 GMT

22:25:26.022 [AsyncHttpClient-1-5] DEBUG org.asynchttpclient.netty.channel.ChannelManager -- Adding key: http://localhost:43842 for channel [id: 0xca50dd4e, L:/127.0.0.1:63321 - R:localhost/127.0.0.1:43842]
22:25:26.031 [main] DEBUG net.serenitybdd.core.photography.Darkroom -- Send negative for processing for C:\Users\USUARIO\OneDrive\Documentos\02 Automatización\03 Pragma\pragma\pragma\target\site\serenity\582afbfc6efc13cd51fdda4fb2a400807aa3eb13bbdef42693e8c795723a2def.png
22:25:26.114 [AsyncHttpClient-1-1] DEBUG org.asynchttpclient.netty.channel.DefaultChannelPool -- Entry count for : http://localhost:43842 : 1
22:25:27.043 [main] DEBUG net.thucydides.core.steps.StepInterceptor -- STARTING STEP: StepInterceptor.testContext - extraigoElNombreYPrecioDelProducto
22:25:27.044 [Forwarding findElement on session 9778c90b-985a-4cec-93d3-6f1a093d937b to remote] DEBUG org.asynchttpclient.netty.request.NettyRequestSender -- Using pooled Channel '[id: 0xca50dd4e, L:/127.0.0.1:63321 - R:localhost/127.0.0.1:43842]' for 'POST' to 'http://localhost:43842/session/9778c90b-985a-4cec-93d3-6f1a093d937b/element'
22:25:27.044 [Forwarding findElement on session 9778c90b-985a-4cec-93d3-6f1a093d937b to remote] DEBUG org.asynchttpclient.netty.request.NettyRequestSender -- Using open Channel [id: 0xca50dd4e, L:/127.0.0.1:63321 - R:localhost/127.0.0.1:43842] for POST '/session/9778c90b-985a-4cec-93d3-6f1a093d937b/element'
22:25:27.046 [AsyncHttpClient-1-5] DEBUG org.asynchttpclient.netty.handler.HttpHandler -- 

Request DefaultHttpRequest(decodeResult: success, version: HTTP/1.1)
POST /session/9778c90b-985a-4cec-93d3-6f1a093d937b/element HTTP/1.1
User-Agent: selenium/4.12.0 (java windows)
Content-Length: 77
Content-Type: application/json; charset=utf-8
host: localhost:43842
accept: */*

Response DefaultHttpResponse(decodeResult: success, version: HTTP/1.1)
HTTP/1.1 200 OK
content-type: application/json; charset=utf-8
cache-control: no-cache
content-length: 88
date: Sun, 28 Apr 2024 03:25:27 GMT

22:25:27.046 [AsyncHttpClient-1-5] DEBUG org.asynchttpclient.netty.channel.ChannelManager -- Adding key: http://localhost:43842 for channel [id: 0xca50dd4e, L:/127.0.0.1:63321 - R:localhost/127.0.0.1:43842]
22:25:27.046 [Forwarding getElementText on session 9778c90b-985a-4cec-93d3-6f1a093d937b to remote] DEBUG org.asynchttpclient.netty.request.NettyRequestSender -- Using pooled Channel '[id: 0xca50dd4e, L:/127.0.0.1:63321 - R:localhost/127.0.0.1:43842]' for 'GET' to 'http://localhost:43842/session/9778c90b-985a-4cec-93d3-6f1a093d937b/element/29028de1-310c-4e24-99df-9c45a15af37a/text'
22:25:27.046 [Forwarding getElementText on session 9778c90b-985a-4cec-93d3-6f1a093d937b to remote] DEBUG org.asynchttpclient.netty.request.NettyRequestSender -- Using open Channel [id: 0xca50dd4e, L:/127.0.0.1:63321 - R:localhost/127.0.0.1:43842] for GET '/session/9778c90b-985a-4cec-93d3-6f1a093d937b/element/29028de1-310c-4e24-99df-9c45a15af37a/text'
22:25:27.052 [AsyncHttpClient-1-5] DEBUG org.asynchttpclient.netty.handler.HttpHandler -- 

Request DefaultFullHttpRequest(decodeResult: success, version: HTTP/1.1, content: EmptyByteBufBE)
GET /session/9778c90b-985a-4cec-93d3-6f1a093d937b/element/29028de1-310c-4e24-99df-9c45a15af37a/text HTTP/1.1
Cache-Control: no-cache
User-Agent: selenium/4.12.0 (java windows)
Content-Type: application/json; charset=utf-8
host: localhost:43842
accept: */*

Response DefaultHttpResponse(decodeResult: success, version: HTTP/1.1)
HTTP/1.1 200 OK
content-type: application/json; charset=utf-8
cache-control: no-cache
content-length: 30
date: Sun, 28 Apr 2024 03:25:27 GMT

22:25:27.052 [AsyncHttpClient-1-5] DEBUG org.asynchttpclient.netty.channel.ChannelManager -- Adding key: http://localhost:43842 for channel [id: 0xca50dd4e, L:/127.0.0.1:63321 - R:localhost/127.0.0.1:43842]
22:25:27.054 [Forwarding findElement on session 9778c90b-985a-4cec-93d3-6f1a093d937b to remote] DEBUG org.asynchttpclient.netty.request.NettyRequestSender -- Using pooled Channel '[id: 0xca50dd4e, L:/127.0.0.1:63321 - R:localhost/127.0.0.1:43842]' for 'POST' to 'http://localhost:43842/session/9778c90b-985a-4cec-93d3-6f1a093d937b/element'
22:25:27.054 [Forwarding findElement on session 9778c90b-985a-4cec-93d3-6f1a093d937b to remote] DEBUG org.asynchttpclient.netty.request.NettyRequestSender -- Using open Channel [id: 0xca50dd4e, L:/127.0.0.1:63321 - R:localhost/127.0.0.1:43842] for POST '/session/9778c90b-985a-4cec-93d3-6f1a093d937b/element'
22:25:27.055 [AsyncHttpClient-1-5] DEBUG org.asynchttpclient.netty.handler.HttpHandler -- 

Request DefaultHttpRequest(decodeResult: success, version: HTTP/1.1)
POST /session/9778c90b-985a-4cec-93d3-6f1a093d937b/element HTTP/1.1
User-Agent: selenium/4.12.0 (java windows)
Content-Length: 66
Content-Type: application/json; charset=utf-8
host: localhost:43842
accept: */*

Response DefaultHttpResponse(decodeResult: success, version: HTTP/1.1)
HTTP/1.1 200 OK
content-type: application/json; charset=utf-8
cache-control: no-cache
content-length: 88
date: Sun, 28 Apr 2024 03:25:27 GMT

22:25:27.055 [AsyncHttpClient-1-5] DEBUG org.asynchttpclient.netty.channel.ChannelManager -- Adding key: http://localhost:43842 for channel [id: 0xca50dd4e, L:/127.0.0.1:63321 - R:localhost/127.0.0.1:43842]
22:25:27.056 [Forwarding getElementText on session 9778c90b-985a-4cec-93d3-6f1a093d937b to remote] DEBUG org.asynchttpclient.netty.request.NettyRequestSender -- Using pooled Channel '[id: 0xca50dd4e, L:/127.0.0.1:63321 - R:localhost/127.0.0.1:43842]' for 'GET' to 'http://localhost:43842/session/9778c90b-985a-4cec-93d3-6f1a093d937b/element/47ba243d-77cb-441b-b92f-66ff4367c733/text'
22:25:27.056 [Forwarding getElementText on session 9778c90b-985a-4cec-93d3-6f1a093d937b to remote] DEBUG org.asynchttpclient.netty.request.NettyRequestSender -- Using open Channel [id: 0xca50dd4e, L:/127.0.0.1:63321 - R:localhost/127.0.0.1:43842] for GET '/session/9778c90b-985a-4cec-93d3-6f1a093d937b/element/47ba243d-77cb-441b-b92f-66ff4367c733/text'
22:25:27.060 [AsyncHttpClient-1-5] DEBUG org.asynchttpclient.netty.handler.HttpHandler -- 

Request DefaultFullHttpRequest(decodeResult: success, version: HTTP/1.1, content: EmptyByteBufBE)
GET /session/9778c90b-985a-4cec-93d3-6f1a093d937b/element/47ba243d-77cb-441b-b92f-66ff4367c733/text HTTP/1.1
Cache-Control: no-cache
User-Agent: selenium/4.12.0 (java windows)
Content-Type: application/json; charset=utf-8
host: localhost:43842
accept: */*

Response DefaultHttpResponse(decodeResult: success, version: HTTP/1.1)
HTTP/1.1 200 OK
content-type: application/json; charset=utf-8
cache-control: no-cache
content-length: 28
date: Sun, 28 Apr 2024 03:25:27 GMT

22:25:27.060 [AsyncHttpClient-1-5] DEBUG org.asynchttpclient.netty.channel.ChannelManager -- Adding key: http://localhost:43842 for channel [id: 0xca50dd4e, L:/127.0.0.1:63321 - R:localhost/127.0.0.1:43842]
22:25:27.061 [Forwarding findElement on session 9778c90b-985a-4cec-93d3-6f1a093d937b to remote] DEBUG org.asynchttpclient.netty.request.NettyRequestSender -- Using pooled Channel '[id: 0xca50dd4e, L:/127.0.0.1:63321 - R:localhost/127.0.0.1:43842]' for 'POST' to 'http://localhost:43842/session/9778c90b-985a-4cec-93d3-6f1a093d937b/element'
22:25:27.061 [Forwarding findElement on session 9778c90b-985a-4cec-93d3-6f1a093d937b to remote] DEBUG org.asynchttpclient.netty.request.NettyRequestSender -- Using open Channel [id: 0xca50dd4e, L:/127.0.0.1:63321 - R:localhost/127.0.0.1:43842] for POST '/session/9778c90b-985a-4cec-93d3-6f1a093d937b/element'
22:25:27.063 [AsyncHttpClient-1-5] DEBUG org.asynchttpclient.netty.handler.HttpHandler -- 

Request DefaultHttpRequest(decodeResult: success, version: HTTP/1.1)
POST /session/9778c90b-985a-4cec-93d3-6f1a093d937b/element HTTP/1.1
User-Agent: selenium/4.12.0 (java windows)
Content-Length: 77
Content-Type: application/json; charset=utf-8
host: localhost:43842
accept: */*

Response DefaultHttpResponse(decodeResult: success, version: HTTP/1.1)
HTTP/1.1 200 OK
content-type: application/json; charset=utf-8
cache-control: no-cache
content-length: 88
date: Sun, 28 Apr 2024 03:25:27 GMT

22:25:27.063 [AsyncHttpClient-1-5] DEBUG org.asynchttpclient.netty.channel.ChannelManager -- Adding key: http://localhost:43842 for channel [id: 0xca50dd4e, L:/127.0.0.1:63321 - R:localhost/127.0.0.1:43842]
22:25:27.064 [Forwarding getElementText on session 9778c90b-985a-4cec-93d3-6f1a093d937b to remote] DEBUG org.asynchttpclient.netty.request.NettyRequestSender -- Using pooled Channel '[id: 0xca50dd4e, L:/127.0.0.1:63321 - R:localhost/127.0.0.1:43842]' for 'GET' to 'http://localhost:43842/session/9778c90b-985a-4cec-93d3-6f1a093d937b/element/29028de1-310c-4e24-99df-9c45a15af37a/text'
22:25:27.064 [Forwarding getElementText on session 9778c90b-985a-4cec-93d3-6f1a093d937b to remote] DEBUG org.asynchttpclient.netty.request.NettyRequestSender -- Using open Channel [id: 0xca50dd4e, L:/127.0.0.1:63321 - R:localhost/127.0.0.1:43842] for GET '/session/9778c90b-985a-4cec-93d3-6f1a093d937b/element/29028de1-310c-4e24-99df-9c45a15af37a/text'
22:25:27.072 [AsyncHttpClient-1-5] DEBUG org.asynchttpclient.netty.handler.HttpHandler -- 

Request DefaultFullHttpRequest(decodeResult: success, version: HTTP/1.1, content: EmptyByteBufBE)
GET /session/9778c90b-985a-4cec-93d3-6f1a093d937b/element/29028de1-310c-4e24-99df-9c45a15af37a/text HTTP/1.1
Cache-Control: no-cache
User-Agent: selenium/4.12.0 (java windows)
Content-Type: application/json; charset=utf-8
host: localhost:43842
accept: */*

Response DefaultHttpResponse(decodeResult: success, version: HTTP/1.1)
HTTP/1.1 200 OK
content-type: application/json; charset=utf-8
cache-control: no-cache
content-length: 30
date: Sun, 28 Apr 2024 03:25:27 GMT

22:25:27.072 [AsyncHttpClient-1-5] DEBUG org.asynchttpclient.netty.channel.ChannelManager -- Adding key: http://localhost:43842 for channel [id: 0xca50dd4e, L:/127.0.0.1:63321 - R:localhost/127.0.0.1:43842]
22:25:27.074 [Forwarding findElement on session 9778c90b-985a-4cec-93d3-6f1a093d937b to remote] DEBUG org.asynchttpclient.netty.request.NettyRequestSender -- Using pooled Channel '[id: 0xca50dd4e, L:/127.0.0.1:63321 - R:localhost/127.0.0.1:43842]' for 'POST' to 'http://localhost:43842/session/9778c90b-985a-4cec-93d3-6f1a093d937b/element'
22:25:27.074 [Forwarding findElement on session 9778c90b-985a-4cec-93d3-6f1a093d937b to remote] DEBUG org.asynchttpclient.netty.request.NettyRequestSender -- Using open Channel [id: 0xca50dd4e, L:/127.0.0.1:63321 - R:localhost/127.0.0.1:43842] for POST '/session/9778c90b-985a-4cec-93d3-6f1a093d937b/element'
22:25:27.076 [AsyncHttpClient-1-5] DEBUG org.asynchttpclient.netty.handler.HttpHandler -- 

Request DefaultHttpRequest(decodeResult: success, version: HTTP/1.1)
POST /session/9778c90b-985a-4cec-93d3-6f1a093d937b/element HTTP/1.1
User-Agent: selenium/4.12.0 (java windows)
Content-Length: 66
Content-Type: application/json; charset=utf-8
host: localhost:43842
accept: */*

Response DefaultHttpResponse(decodeResult: success, version: HTTP/1.1)
HTTP/1.1 200 OK
content-type: application/json; charset=utf-8
cache-control: no-cache
content-length: 88
date: Sun, 28 Apr 2024 03:25:27 GMT

22:25:27.076 [AsyncHttpClient-1-5] DEBUG org.asynchttpclient.netty.channel.ChannelManager -- Adding key: http://localhost:43842 for channel [id: 0xca50dd4e, L:/127.0.0.1:63321 - R:localhost/127.0.0.1:43842]
22:25:27.077 [Forwarding getElementText on session 9778c90b-985a-4cec-93d3-6f1a093d937b to remote] DEBUG org.asynchttpclient.netty.request.NettyRequestSender -- Using pooled Channel '[id: 0xca50dd4e, L:/127.0.0.1:63321 - R:localhost/127.0.0.1:43842]' for 'GET' to 'http://localhost:43842/session/9778c90b-985a-4cec-93d3-6f1a093d937b/element/47ba243d-77cb-441b-b92f-66ff4367c733/text'
22:25:27.077 [Forwarding getElementText on session 9778c90b-985a-4cec-93d3-6f1a093d937b to remote] DEBUG org.asynchttpclient.netty.request.NettyRequestSender -- Using open Channel [id: 0xca50dd4e, L:/127.0.0.1:63321 - R:localhost/127.0.0.1:43842] for GET '/session/9778c90b-985a-4cec-93d3-6f1a093d937b/element/47ba243d-77cb-441b-b92f-66ff4367c733/text'
22:25:27.084 [AsyncHttpClient-1-5] DEBUG org.asynchttpclient.netty.handler.HttpHandler -- 

Request DefaultFullHttpRequest(decodeResult: success, version: HTTP/1.1, content: EmptyByteBufBE)
GET /session/9778c90b-985a-4cec-93d3-6f1a093d937b/element/47ba243d-77cb-441b-b92f-66ff4367c733/text HTTP/1.1
Cache-Control: no-cache
User-Agent: selenium/4.12.0 (java windows)
Content-Type: application/json; charset=utf-8
host: localhost:43842
accept: */*

Response DefaultHttpResponse(decodeResult: success, version: HTTP/1.1)
HTTP/1.1 200 OK
content-type: application/json; charset=utf-8
cache-control: no-cache
content-length: 28
date: Sun, 28 Apr 2024 03:25:27 GMT

22:25:27.084 [AsyncHttpClient-1-5] DEBUG org.asynchttpclient.netty.channel.ChannelManager -- Adding key: http://localhost:43842 for channel [id: 0xca50dd4e, L:/127.0.0.1:63321 - R:localhost/127.0.0.1:43842]
22:25:27.088 [Forwarding getAlertText on session 9778c90b-985a-4cec-93d3-6f1a093d937b to remote] DEBUG org.asynchttpclient.netty.request.NettyRequestSender -- Using pooled Channel '[id: 0xca50dd4e, L:/127.0.0.1:63321 - R:localhost/127.0.0.1:43842]' for 'GET' to 'http://localhost:43842/session/9778c90b-985a-4cec-93d3-6f1a093d937b/alert/text'
22:25:27.088 [Forwarding getAlertText on session 9778c90b-985a-4cec-93d3-6f1a093d937b to remote] DEBUG org.asynchttpclient.netty.request.NettyRequestSender -- Using open Channel [id: 0xca50dd4e, L:/127.0.0.1:63321 - R:localhost/127.0.0.1:43842] for GET '/session/9778c90b-985a-4cec-93d3-6f1a093d937b/alert/text'
22:25:27.089 [AsyncHttpClient-1-5] DEBUG org.asynchttpclient.netty.handler.HttpHandler -- 

Request DefaultFullHttpRequest(decodeResult: success, version: HTTP/1.1, content: EmptyByteBufBE)
GET /session/9778c90b-985a-4cec-93d3-6f1a093d937b/alert/text HTTP/1.1
Cache-Control: no-cache
User-Agent: selenium/4.12.0 (java windows)
Content-Type: application/json; charset=utf-8
host: localhost:43842
accept: */*

Response DefaultHttpResponse(decodeResult: success, version: HTTP/1.1)
HTTP/1.1 404 Not Found
content-type: application/json; charset=utf-8
cache-control: no-cache
content-length: 842
date: Sun, 28 Apr 2024 03:25:27 GMT

22:25:27.089 [AsyncHttpClient-1-5] DEBUG org.asynchttpclient.netty.channel.ChannelManager -- Adding key: http://localhost:43842 for channel [id: 0xca50dd4e, L:/127.0.0.1:63321 - R:localhost/127.0.0.1:43842]
22:25:27.090 [Forwarding getCurrentUrl on session 9778c90b-985a-4cec-93d3-6f1a093d937b to remote] DEBUG org.asynchttpclient.netty.request.NettyRequestSender -- Using pooled Channel '[id: 0xca50dd4e, L:/127.0.0.1:63321 - R:localhost/127.0.0.1:43842]' for 'GET' to 'http://localhost:43842/session/9778c90b-985a-4cec-93d3-6f1a093d937b/url'
22:25:27.090 [Forwarding getCurrentUrl on session 9778c90b-985a-4cec-93d3-6f1a093d937b to remote] DEBUG org.asynchttpclient.netty.request.NettyRequestSender -- Using open Channel [id: 0xca50dd4e, L:/127.0.0.1:63321 - R:localhost/127.0.0.1:43842] for GET '/session/9778c90b-985a-4cec-93d3-6f1a093d937b/url'
22:25:27.091 [AsyncHttpClient-1-5] DEBUG org.asynchttpclient.netty.handler.HttpHandler -- 

Request DefaultFullHttpRequest(decodeResult: success, version: HTTP/1.1, content: EmptyByteBufBE)
GET /session/9778c90b-985a-4cec-93d3-6f1a093d937b/url HTTP/1.1
Cache-Control: no-cache
User-Agent: selenium/4.12.0 (java windows)
Content-Type: application/json; charset=utf-8
host: localhost:43842
accept: */*

Response DefaultHttpResponse(decodeResult: success, version: HTTP/1.1)
HTTP/1.1 200 OK
content-type: application/json; charset=utf-8
cache-control: no-cache
content-length: 55
date: Sun, 28 Apr 2024 03:25:27 GMT

22:25:27.091 [AsyncHttpClient-1-5] DEBUG org.asynchttpclient.netty.channel.ChannelManager -- Adding key: http://localhost:43842 for channel [id: 0xca50dd4e, L:/127.0.0.1:63321 - R:localhost/127.0.0.1:43842]
22:25:27.091 [Forwarding screenshot on session 9778c90b-985a-4cec-93d3-6f1a093d937b to remote] DEBUG org.asynchttpclient.netty.request.NettyRequestSender -- Using pooled Channel '[id: 0xca50dd4e, L:/127.0.0.1:63321 - R:localhost/127.0.0.1:43842]' for 'GET' to 'http://localhost:43842/session/9778c90b-985a-4cec-93d3-6f1a093d937b/screenshot'
22:25:27.091 [Forwarding screenshot on session 9778c90b-985a-4cec-93d3-6f1a093d937b to remote] DEBUG org.asynchttpclient.netty.request.NettyRequestSender -- Using open Channel [id: 0xca50dd4e, L:/127.0.0.1:63321 - R:localhost/127.0.0.1:43842] for GET '/session/9778c90b-985a-4cec-93d3-6f1a093d937b/screenshot'
22:25:27.146 [AsyncHttpClient-1-5] DEBUG org.asynchttpclient.netty.handler.HttpHandler -- 

Request DefaultFullHttpRequest(decodeResult: success, version: HTTP/1.1, content: EmptyByteBufBE)
GET /session/9778c90b-985a-4cec-93d3-6f1a093d937b/screenshot HTTP/1.1
Cache-Control: no-cache
User-Agent: selenium/4.12.0 (java windows)
Content-Type: application/json; charset=utf-8
host: localhost:43842
accept: */*

Response DefaultHttpResponse(decodeResult: success, version: HTTP/1.1)
HTTP/1.1 200 OK
content-type: application/json; charset=utf-8
cache-control: no-cache
content-length: 541772
date: Sun, 28 Apr 2024 03:25:27 GMT

22:25:27.147 [AsyncHttpClient-1-5] DEBUG org.asynchttpclient.netty.channel.ChannelManager -- Adding key: http://localhost:43842 for channel [id: 0xca50dd4e, L:/127.0.0.1:63321 - R:localhost/127.0.0.1:43842]
22:25:27.153 [main] DEBUG net.serenitybdd.core.photography.Darkroom -- Send negative for processing for C:\Users\USUARIO\OneDrive\Documentos\02 Automatización\03 Pragma\pragma\pragma\target\site\serenity\582afbfc6efc13cd51fdda4fb2a400807aa3eb13bbdef42693e8c795723a2def.png
22:25:27.216 [AsyncHttpClient-1-1] DEBUG org.asynchttpclient.netty.channel.DefaultChannelPool -- Entry count for : http://localhost:43842 : 1
22:25:28.159 [main] DEBUG net.thucydides.core.steps.StepInterceptor -- STEP DONE: extraigoElNombreYPrecioDelProducto
22:25:28.166 [Forwarding getAlertText on session 9778c90b-985a-4cec-93d3-6f1a093d937b to remote] DEBUG org.asynchttpclient.netty.request.NettyRequestSender -- Using pooled Channel '[id: 0xca50dd4e, L:/127.0.0.1:63321 - R:localhost/127.0.0.1:43842]' for 'GET' to 'http://localhost:43842/session/9778c90b-985a-4cec-93d3-6f1a093d937b/alert/text'
22:25:28.166 [Forwarding getAlertText on session 9778c90b-985a-4cec-93d3-6f1a093d937b to remote] DEBUG org.asynchttpclient.netty.request.NettyRequestSender -- Using open Channel [id: 0xca50dd4e, L:/127.0.0.1:63321 - R:localhost/127.0.0.1:43842] for GET '/session/9778c90b-985a-4cec-93d3-6f1a093d937b/alert/text'
22:25:28.169 [AsyncHttpClient-1-5] DEBUG org.asynchttpclient.netty.handler.HttpHandler -- 

Request DefaultFullHttpRequest(decodeResult: success, version: HTTP/1.1, content: EmptyByteBufBE)
GET /session/9778c90b-985a-4cec-93d3-6f1a093d937b/alert/text HTTP/1.1
Cache-Control: no-cache
User-Agent: selenium/4.12.0 (java windows)
Content-Type: application/json; charset=utf-8
host: localhost:43842
accept: */*

Response DefaultHttpResponse(decodeResult: success, version: HTTP/1.1)
HTTP/1.1 404 Not Found
content-type: application/json; charset=utf-8
cache-control: no-cache
content-length: 842
date: Sun, 28 Apr 2024 03:25:28 GMT

22:25:28.169 [AsyncHttpClient-1-5] DEBUG org.asynchttpclient.netty.channel.ChannelManager -- Adding key: http://localhost:43842 for channel [id: 0xca50dd4e, L:/127.0.0.1:63321 - R:localhost/127.0.0.1:43842]
22:25:28.170 [Forwarding getCurrentUrl on session 9778c90b-985a-4cec-93d3-6f1a093d937b to remote] DEBUG org.asynchttpclient.netty.request.NettyRequestSender -- Using pooled Channel '[id: 0xca50dd4e, L:/127.0.0.1:63321 - R:localhost/127.0.0.1:43842]' for 'GET' to 'http://localhost:43842/session/9778c90b-985a-4cec-93d3-6f1a093d937b/url'
22:25:28.170 [Forwarding getCurrentUrl on session 9778c90b-985a-4cec-93d3-6f1a093d937b to remote] DEBUG org.asynchttpclient.netty.request.NettyRequestSender -- Using open Channel [id: 0xca50dd4e, L:/127.0.0.1:63321 - R:localhost/127.0.0.1:43842] for GET '/session/9778c90b-985a-4cec-93d3-6f1a093d937b/url'
22:25:28.172 [AsyncHttpClient-1-5] DEBUG org.asynchttpclient.netty.handler.HttpHandler -- 

Request DefaultFullHttpRequest(decodeResult: success, version: HTTP/1.1, content: EmptyByteBufBE)
GET /session/9778c90b-985a-4cec-93d3-6f1a093d937b/url HTTP/1.1
Cache-Control: no-cache
User-Agent: selenium/4.12.0 (java windows)
Content-Type: application/json; charset=utf-8
host: localhost:43842
accept: */*

Response DefaultHttpResponse(decodeResult: success, version: HTTP/1.1)
HTTP/1.1 200 OK
content-type: application/json; charset=utf-8
cache-control: no-cache
content-length: 55
date: Sun, 28 Apr 2024 03:25:28 GMT

22:25:28.172 [AsyncHttpClient-1-5] DEBUG org.asynchttpclient.netty.channel.ChannelManager -- Adding key: http://localhost:43842 for channel [id: 0xca50dd4e, L:/127.0.0.1:63321 - R:localhost/127.0.0.1:43842]
22:25:28.173 [Forwarding screenshot on session 9778c90b-985a-4cec-93d3-6f1a093d937b to remote] DEBUG org.asynchttpclient.netty.request.NettyRequestSender -- Using pooled Channel '[id: 0xca50dd4e, L:/127.0.0.1:63321 - R:localhost/127.0.0.1:43842]' for 'GET' to 'http://localhost:43842/session/9778c90b-985a-4cec-93d3-6f1a093d937b/screenshot'
22:25:28.173 [Forwarding screenshot on session 9778c90b-985a-4cec-93d3-6f1a093d937b to remote] DEBUG org.asynchttpclient.netty.request.NettyRequestSender -- Using open Channel [id: 0xca50dd4e, L:/127.0.0.1:63321 - R:localhost/127.0.0.1:43842] for GET '/session/9778c90b-985a-4cec-93d3-6f1a093d937b/screenshot'
22:25:28.235 [AsyncHttpClient-1-5] DEBUG org.asynchttpclient.netty.handler.HttpHandler -- 

Request DefaultFullHttpRequest(decodeResult: success, version: HTTP/1.1, content: EmptyByteBufBE)
GET /session/9778c90b-985a-4cec-93d3-6f1a093d937b/screenshot HTTP/1.1
Cache-Control: no-cache
User-Agent: selenium/4.12.0 (java windows)
Content-Type: application/json; charset=utf-8
host: localhost:43842
accept: */*

Response DefaultHttpResponse(decodeResult: success, version: HTTP/1.1)
HTTP/1.1 200 OK
content-type: application/json; charset=utf-8
cache-control: no-cache
content-length: 541772
date: Sun, 28 Apr 2024 03:25:28 GMT

22:25:28.236 [AsyncHttpClient-1-5] DEBUG org.asynchttpclient.netty.channel.ChannelManager -- Adding key: http://localhost:43842 for channel [id: 0xca50dd4e, L:/127.0.0.1:63321 - R:localhost/127.0.0.1:43842]
22:25:28.242 [main] DEBUG net.serenitybdd.core.photography.Darkroom -- Send negative for processing for C:\Users\USUARIO\OneDrive\Documentos\02 Automatización\03 Pragma\pragma\pragma\target\site\serenity\582afbfc6efc13cd51fdda4fb2a400807aa3eb13bbdef42693e8c795723a2def.png
22:25:28.316 [AsyncHttpClient-1-1] DEBUG org.asynchttpclient.netty.channel.DefaultChannelPool -- Entry count for : http://localhost:43842 : 1
22:25:29.255 [main] DEBUG net.thucydides.core.steps.StepInterceptor -- STARTING STEP: StepInterceptor.testContext - agregoElProductoAlCarritoDeCompra
22:25:29.256 [Forwarding findElement on session 9778c90b-985a-4cec-93d3-6f1a093d937b to remote] DEBUG org.asynchttpclient.netty.request.NettyRequestSender -- Using pooled Channel '[id: 0xca50dd4e, L:/127.0.0.1:63321 - R:localhost/127.0.0.1:43842]' for 'POST' to 'http://localhost:43842/session/9778c90b-985a-4cec-93d3-6f1a093d937b/element'
22:25:29.256 [Forwarding findElement on session 9778c90b-985a-4cec-93d3-6f1a093d937b to remote] DEBUG org.asynchttpclient.netty.request.NettyRequestSender -- Using open Channel [id: 0xca50dd4e, L:/127.0.0.1:63321 - R:localhost/127.0.0.1:43842] for POST '/session/9778c90b-985a-4cec-93d3-6f1a093d937b/element'
22:25:29.258 [AsyncHttpClient-1-5] DEBUG org.asynchttpclient.netty.handler.HttpHandler -- 

Request DefaultHttpRequest(decodeResult: success, version: HTTP/1.1)
POST /session/9778c90b-985a-4cec-93d3-6f1a093d937b/element HTTP/1.1
User-Agent: selenium/4.12.0 (java windows)
Content-Length: 83
Content-Type: application/json; charset=utf-8
host: localhost:43842
accept: */*

Response DefaultHttpResponse(decodeResult: success, version: HTTP/1.1)
HTTP/1.1 200 OK
content-type: application/json; charset=utf-8
cache-control: no-cache
content-length: 88
date: Sun, 28 Apr 2024 03:25:29 GMT

22:25:29.258 [AsyncHttpClient-1-5] DEBUG org.asynchttpclient.netty.channel.ChannelManager -- Adding key: http://localhost:43842 for channel [id: 0xca50dd4e, L:/127.0.0.1:63321 - R:localhost/127.0.0.1:43842]
22:25:29.259 [Forwarding getElementTagName on session 9778c90b-985a-4cec-93d3-6f1a093d937b to remote] DEBUG org.asynchttpclient.netty.request.NettyRequestSender -- Using pooled Channel '[id: 0xca50dd4e, L:/127.0.0.1:63321 - R:localhost/127.0.0.1:43842]' for 'GET' to 'http://localhost:43842/session/9778c90b-985a-4cec-93d3-6f1a093d937b/element/564a5b45-2cae-446d-af6d-02818df797ec/name'
22:25:29.259 [Forwarding getElementTagName on session 9778c90b-985a-4cec-93d3-6f1a093d937b to remote] DEBUG org.asynchttpclient.netty.request.NettyRequestSender -- Using open Channel [id: 0xca50dd4e, L:/127.0.0.1:63321 - R:localhost/127.0.0.1:43842] for GET '/session/9778c90b-985a-4cec-93d3-6f1a093d937b/element/564a5b45-2cae-446d-af6d-02818df797ec/name'
22:25:29.260 [AsyncHttpClient-1-5] DEBUG org.asynchttpclient.netty.handler.HttpHandler -- 

Request DefaultFullHttpRequest(decodeResult: success, version: HTTP/1.1, content: EmptyByteBufBE)
GET /session/9778c90b-985a-4cec-93d3-6f1a093d937b/element/564a5b45-2cae-446d-af6d-02818df797ec/name HTTP/1.1
Cache-Control: no-cache
User-Agent: selenium/4.12.0 (java windows)
Content-Type: application/json; charset=utf-8
host: localhost:43842
accept: */*

Response DefaultHttpResponse(decodeResult: success, version: HTTP/1.1)
HTTP/1.1 200 OK
content-type: application/json; charset=utf-8
cache-control: no-cache
content-length: 13
date: Sun, 28 Apr 2024 03:25:29 GMT

22:25:29.261 [AsyncHttpClient-1-5] DEBUG org.asynchttpclient.netty.channel.ChannelManager -- Adding key: http://localhost:43842 for channel [id: 0xca50dd4e, L:/127.0.0.1:63321 - R:localhost/127.0.0.1:43842]
22:25:29.261 [Forwarding getElementTagName on session 9778c90b-985a-4cec-93d3-6f1a093d937b to remote] DEBUG org.asynchttpclient.netty.request.NettyRequestSender -- Using pooled Channel '[id: 0xca50dd4e, L:/127.0.0.1:63321 - R:localhost/127.0.0.1:43842]' for 'GET' to 'http://localhost:43842/session/9778c90b-985a-4cec-93d3-6f1a093d937b/element/564a5b45-2cae-446d-af6d-02818df797ec/name'
22:25:29.261 [Forwarding getElementTagName on session 9778c90b-985a-4cec-93d3-6f1a093d937b to remote] DEBUG org.asynchttpclient.netty.request.NettyRequestSender -- Using open Channel [id: 0xca50dd4e, L:/127.0.0.1:63321 - R:localhost/127.0.0.1:43842] for GET '/session/9778c90b-985a-4cec-93d3-6f1a093d937b/element/564a5b45-2cae-446d-af6d-02818df797ec/name'
22:25:29.263 [AsyncHttpClient-1-5] DEBUG org.asynchttpclient.netty.handler.HttpHandler -- 

Request DefaultFullHttpRequest(decodeResult: success, version: HTTP/1.1, content: EmptyByteBufBE)
GET /session/9778c90b-985a-4cec-93d3-6f1a093d937b/element/564a5b45-2cae-446d-af6d-02818df797ec/name HTTP/1.1
Cache-Control: no-cache
User-Agent: selenium/4.12.0 (java windows)
Content-Type: application/json; charset=utf-8
host: localhost:43842
accept: */*

Response DefaultHttpResponse(decodeResult: success, version: HTTP/1.1)
HTTP/1.1 200 OK
content-type: application/json; charset=utf-8
cache-control: no-cache
content-length: 13
date: Sun, 28 Apr 2024 03:25:29 GMT

22:25:29.263 [AsyncHttpClient-1-5] DEBUG org.asynchttpclient.netty.channel.ChannelManager -- Adding key: http://localhost:43842 for channel [id: 0xca50dd4e, L:/127.0.0.1:63321 - R:localhost/127.0.0.1:43842]
22:25:29.264 [Forwarding findElement on session 9778c90b-985a-4cec-93d3-6f1a093d937b to remote] DEBUG org.asynchttpclient.netty.request.NettyRequestSender -- Using pooled Channel '[id: 0xca50dd4e, L:/127.0.0.1:63321 - R:localhost/127.0.0.1:43842]' for 'POST' to 'http://localhost:43842/session/9778c90b-985a-4cec-93d3-6f1a093d937b/element'
22:25:29.264 [Forwarding findElement on session 9778c90b-985a-4cec-93d3-6f1a093d937b to remote] DEBUG org.asynchttpclient.netty.request.NettyRequestSender -- Using open Channel [id: 0xca50dd4e, L:/127.0.0.1:63321 - R:localhost/127.0.0.1:43842] for POST '/session/9778c90b-985a-4cec-93d3-6f1a093d937b/element'
22:25:29.266 [AsyncHttpClient-1-5] DEBUG org.asynchttpclient.netty.handler.HttpHandler -- 

Request DefaultHttpRequest(decodeResult: success, version: HTTP/1.1)
POST /session/9778c90b-985a-4cec-93d3-6f1a093d937b/element HTTP/1.1
User-Agent: selenium/4.12.0 (java windows)
Content-Length: 83
Content-Type: application/json; charset=utf-8
host: localhost:43842
accept: */*

Response DefaultHttpResponse(decodeResult: success, version: HTTP/1.1)
HTTP/1.1 200 OK
content-type: application/json; charset=utf-8
cache-control: no-cache
content-length: 88
date: Sun, 28 Apr 2024 03:25:29 GMT

22:25:29.266 [AsyncHttpClient-1-5] DEBUG org.asynchttpclient.netty.channel.ChannelManager -- Adding key: http://localhost:43842 for channel [id: 0xca50dd4e, L:/127.0.0.1:63321 - R:localhost/127.0.0.1:43842]
22:25:29.267 [Forwarding clickElement on session 9778c90b-985a-4cec-93d3-6f1a093d937b to remote] DEBUG org.asynchttpclient.netty.request.NettyRequestSender -- Using pooled Channel '[id: 0xca50dd4e, L:/127.0.0.1:63321 - R:localhost/127.0.0.1:43842]' for 'POST' to 'http://localhost:43842/session/9778c90b-985a-4cec-93d3-6f1a093d937b/element/564a5b45-2cae-446d-af6d-02818df797ec/click'
22:25:29.267 [Forwarding clickElement on session 9778c90b-985a-4cec-93d3-6f1a093d937b to remote] DEBUG org.asynchttpclient.netty.request.NettyRequestSender -- Using open Channel [id: 0xca50dd4e, L:/127.0.0.1:63321 - R:localhost/127.0.0.1:43842] for POST '/session/9778c90b-985a-4cec-93d3-6f1a093d937b/element/564a5b45-2cae-446d-af6d-02818df797ec/click'
22:25:29.282 [AsyncHttpClient-1-5] DEBUG org.asynchttpclient.netty.handler.HttpHandler -- 

Request DefaultHttpRequest(decodeResult: success, version: HTTP/1.1)
POST /session/9778c90b-985a-4cec-93d3-6f1a093d937b/element/564a5b45-2cae-446d-af6d-02818df797ec/click HTTP/1.1
User-Agent: selenium/4.12.0 (java windows)
Content-Length: 50
Content-Type: application/json; charset=utf-8
host: localhost:43842
accept: */*

Response DefaultHttpResponse(decodeResult: success, version: HTTP/1.1)
HTTP/1.1 200 OK
content-type: application/json; charset=utf-8
cache-control: no-cache
content-length: 14
date: Sun, 28 Apr 2024 03:25:29 GMT

22:25:29.282 [AsyncHttpClient-1-5] DEBUG org.asynchttpclient.netty.channel.ChannelManager -- Adding key: http://localhost:43842 for channel [id: 0xca50dd4e, L:/127.0.0.1:63321 - R:localhost/127.0.0.1:43842]
22:25:29.284 [Forwarding getAlertText on session 9778c90b-985a-4cec-93d3-6f1a093d937b to remote] DEBUG org.asynchttpclient.netty.request.NettyRequestSender -- Using pooled Channel '[id: 0xca50dd4e, L:/127.0.0.1:63321 - R:localhost/127.0.0.1:43842]' for 'GET' to 'http://localhost:43842/session/9778c90b-985a-4cec-93d3-6f1a093d937b/alert/text'
22:25:29.284 [Forwarding getAlertText on session 9778c90b-985a-4cec-93d3-6f1a093d937b to remote] DEBUG org.asynchttpclient.netty.request.NettyRequestSender -- Using open Channel [id: 0xca50dd4e, L:/127.0.0.1:63321 - R:localhost/127.0.0.1:43842] for GET '/session/9778c90b-985a-4cec-93d3-6f1a093d937b/alert/text'
22:25:29.285 [AsyncHttpClient-1-5] DEBUG org.asynchttpclient.netty.handler.HttpHandler -- 

Request DefaultFullHttpRequest(decodeResult: success, version: HTTP/1.1, content: EmptyByteBufBE)
GET /session/9778c90b-985a-4cec-93d3-6f1a093d937b/alert/text HTTP/1.1
Cache-Control: no-cache
User-Agent: selenium/4.12.0 (java windows)
Content-Type: application/json; charset=utf-8
host: localhost:43842
accept: */*

Response DefaultHttpResponse(decodeResult: success, version: HTTP/1.1)
HTTP/1.1 404 Not Found
content-type: application/json; charset=utf-8
cache-control: no-cache
content-length: 842
date: Sun, 28 Apr 2024 03:25:29 GMT

22:25:29.285 [AsyncHttpClient-1-5] DEBUG org.asynchttpclient.netty.channel.ChannelManager -- Adding key: http://localhost:43842 for channel [id: 0xca50dd4e, L:/127.0.0.1:63321 - R:localhost/127.0.0.1:43842]
22:25:29.417 [AsyncHttpClient-1-1] DEBUG org.asynchttpclient.netty.channel.DefaultChannelPool -- Entry count for : http://localhost:43842 : 1
22:25:29.796 [Forwarding getAlertText on session 9778c90b-985a-4cec-93d3-6f1a093d937b to remote] DEBUG org.asynchttpclient.netty.request.NettyRequestSender -- Using pooled Channel '[id: 0xca50dd4e, L:/127.0.0.1:63321 - R:localhost/127.0.0.1:43842]' for 'GET' to 'http://localhost:43842/session/9778c90b-985a-4cec-93d3-6f1a093d937b/alert/text'
22:25:29.796 [Forwarding getAlertText on session 9778c90b-985a-4cec-93d3-6f1a093d937b to remote] DEBUG org.asynchttpclient.netty.request.NettyRequestSender -- Using open Channel [id: 0xca50dd4e, L:/127.0.0.1:63321 - R:localhost/127.0.0.1:43842] for GET '/session/9778c90b-985a-4cec-93d3-6f1a093d937b/alert/text'
22:25:29.800 [AsyncHttpClient-1-5] DEBUG org.asynchttpclient.netty.handler.HttpHandler -- 

Request DefaultFullHttpRequest(decodeResult: success, version: HTTP/1.1, content: EmptyByteBufBE)
GET /session/9778c90b-985a-4cec-93d3-6f1a093d937b/alert/text HTTP/1.1
Cache-Control: no-cache
User-Agent: selenium/4.12.0 (java windows)
Content-Type: application/json; charset=utf-8
host: localhost:43842
accept: */*

Response DefaultHttpResponse(decodeResult: success, version: HTTP/1.1)
HTTP/1.1 200 OK
content-type: application/json; charset=utf-8
cache-control: no-cache
content-length: 25
date: Sun, 28 Apr 2024 03:25:29 GMT

22:25:29.800 [AsyncHttpClient-1-5] DEBUG org.asynchttpclient.netty.channel.ChannelManager -- Adding key: http://localhost:43842 for channel [id: 0xca50dd4e, L:/127.0.0.1:63321 - R:localhost/127.0.0.1:43842]
22:25:29.801 [Forwarding getAlertText on session 9778c90b-985a-4cec-93d3-6f1a093d937b to remote] DEBUG org.asynchttpclient.netty.request.NettyRequestSender -- Using pooled Channel '[id: 0xca50dd4e, L:/127.0.0.1:63321 - R:localhost/127.0.0.1:43842]' for 'GET' to 'http://localhost:43842/session/9778c90b-985a-4cec-93d3-6f1a093d937b/alert/text'
22:25:29.802 [Forwarding getAlertText on session 9778c90b-985a-4cec-93d3-6f1a093d937b to remote] DEBUG org.asynchttpclient.netty.request.NettyRequestSender -- Using open Channel [id: 0xca50dd4e, L:/127.0.0.1:63321 - R:localhost/127.0.0.1:43842] for GET '/session/9778c90b-985a-4cec-93d3-6f1a093d937b/alert/text'
22:25:29.804 [AsyncHttpClient-1-5] DEBUG org.asynchttpclient.netty.handler.HttpHandler -- 

Request DefaultFullHttpRequest(decodeResult: success, version: HTTP/1.1, content: EmptyByteBufBE)
GET /session/9778c90b-985a-4cec-93d3-6f1a093d937b/alert/text HTTP/1.1
Cache-Control: no-cache
User-Agent: selenium/4.12.0 (java windows)
Content-Type: application/json; charset=utf-8
host: localhost:43842
accept: */*

Response DefaultHttpResponse(decodeResult: success, version: HTTP/1.1)
HTTP/1.1 200 OK
content-type: application/json; charset=utf-8
cache-control: no-cache
content-length: 25
date: Sun, 28 Apr 2024 03:25:29 GMT

22:25:29.804 [AsyncHttpClient-1-5] DEBUG org.asynchttpclient.netty.channel.ChannelManager -- Adding key: http://localhost:43842 for channel [id: 0xca50dd4e, L:/127.0.0.1:63321 - R:localhost/127.0.0.1:43842]
22:25:29.805 [Forwarding acceptAlert on session 9778c90b-985a-4cec-93d3-6f1a093d937b to remote] DEBUG org.asynchttpclient.netty.request.NettyRequestSender -- Using pooled Channel '[id: 0xca50dd4e, L:/127.0.0.1:63321 - R:localhost/127.0.0.1:43842]' for 'POST' to 'http://localhost:43842/session/9778c90b-985a-4cec-93d3-6f1a093d937b/alert/accept'
22:25:29.805 [Forwarding acceptAlert on session 9778c90b-985a-4cec-93d3-6f1a093d937b to remote] DEBUG org.asynchttpclient.netty.request.NettyRequestSender -- Using open Channel [id: 0xca50dd4e, L:/127.0.0.1:63321 - R:localhost/127.0.0.1:43842] for POST '/session/9778c90b-985a-4cec-93d3-6f1a093d937b/alert/accept'
22:25:29.813 [AsyncHttpClient-1-5] DEBUG org.asynchttpclient.netty.handler.HttpHandler -- 

Request DefaultHttpRequest(decodeResult: success, version: HTTP/1.1)
POST /session/9778c90b-985a-4cec-93d3-6f1a093d937b/alert/accept HTTP/1.1
User-Agent: selenium/4.12.0 (java windows)
Content-Length: 3
Content-Type: application/json; charset=utf-8
host: localhost:43842
accept: */*

Response DefaultHttpResponse(decodeResult: success, version: HTTP/1.1)
HTTP/1.1 200 OK
content-type: application/json; charset=utf-8
cache-control: no-cache
content-length: 14
date: Sun, 28 Apr 2024 03:25:29 GMT

22:25:29.813 [AsyncHttpClient-1-5] DEBUG org.asynchttpclient.netty.channel.ChannelManager -- Adding key: http://localhost:43842 for channel [id: 0xca50dd4e, L:/127.0.0.1:63321 - R:localhost/127.0.0.1:43842]
22:25:29.817 [Forwarding getAlertText on session 9778c90b-985a-4cec-93d3-6f1a093d937b to remote] DEBUG org.asynchttpclient.netty.request.NettyRequestSender -- Using pooled Channel '[id: 0xca50dd4e, L:/127.0.0.1:63321 - R:localhost/127.0.0.1:43842]' for 'GET' to 'http://localhost:43842/session/9778c90b-985a-4cec-93d3-6f1a093d937b/alert/text'
22:25:29.817 [Forwarding getAlertText on session 9778c90b-985a-4cec-93d3-6f1a093d937b to remote] DEBUG org.asynchttpclient.netty.request.NettyRequestSender -- Using open Channel [id: 0xca50dd4e, L:/127.0.0.1:63321 - R:localhost/127.0.0.1:43842] for GET '/session/9778c90b-985a-4cec-93d3-6f1a093d937b/alert/text'
22:25:29.818 [AsyncHttpClient-1-5] DEBUG org.asynchttpclient.netty.handler.HttpHandler -- 

Request DefaultFullHttpRequest(decodeResult: success, version: HTTP/1.1, content: EmptyByteBufBE)
GET /session/9778c90b-985a-4cec-93d3-6f1a093d937b/alert/text HTTP/1.1
Cache-Control: no-cache
User-Agent: selenium/4.12.0 (java windows)
Content-Type: application/json; charset=utf-8
host: localhost:43842
accept: */*

Response DefaultHttpResponse(decodeResult: success, version: HTTP/1.1)
HTTP/1.1 404 Not Found
content-type: application/json; charset=utf-8
cache-control: no-cache
content-length: 842
date: Sun, 28 Apr 2024 03:25:29 GMT

22:25:29.818 [AsyncHttpClient-1-5] DEBUG org.asynchttpclient.netty.channel.ChannelManager -- Adding key: http://localhost:43842 for channel [id: 0xca50dd4e, L:/127.0.0.1:63321 - R:localhost/127.0.0.1:43842]
22:25:29.819 [Forwarding getCurrentUrl on session 9778c90b-985a-4cec-93d3-6f1a093d937b to remote] DEBUG org.asynchttpclient.netty.request.NettyRequestSender -- Using pooled Channel '[id: 0xca50dd4e, L:/127.0.0.1:63321 - R:localhost/127.0.0.1:43842]' for 'GET' to 'http://localhost:43842/session/9778c90b-985a-4cec-93d3-6f1a093d937b/url'
22:25:29.819 [Forwarding getCurrentUrl on session 9778c90b-985a-4cec-93d3-6f1a093d937b to remote] DEBUG org.asynchttpclient.netty.request.NettyRequestSender -- Using open Channel [id: 0xca50dd4e, L:/127.0.0.1:63321 - R:localhost/127.0.0.1:43842] for GET '/session/9778c90b-985a-4cec-93d3-6f1a093d937b/url'
22:25:29.820 [AsyncHttpClient-1-5] DEBUG org.asynchttpclient.netty.handler.HttpHandler -- 

Request DefaultFullHttpRequest(decodeResult: success, version: HTTP/1.1, content: EmptyByteBufBE)
GET /session/9778c90b-985a-4cec-93d3-6f1a093d937b/url HTTP/1.1
Cache-Control: no-cache
User-Agent: selenium/4.12.0 (java windows)
Content-Type: application/json; charset=utf-8
host: localhost:43842
accept: */*

Response DefaultHttpResponse(decodeResult: success, version: HTTP/1.1)
HTTP/1.1 200 OK
content-type: application/json; charset=utf-8
cache-control: no-cache
content-length: 56
date: Sun, 28 Apr 2024 03:25:29 GMT

22:25:29.820 [AsyncHttpClient-1-5] DEBUG org.asynchttpclient.netty.channel.ChannelManager -- Adding key: http://localhost:43842 for channel [id: 0xca50dd4e, L:/127.0.0.1:63321 - R:localhost/127.0.0.1:43842]
22:25:29.820 [Forwarding screenshot on session 9778c90b-985a-4cec-93d3-6f1a093d937b to remote] DEBUG org.asynchttpclient.netty.request.NettyRequestSender -- Using pooled Channel '[id: 0xca50dd4e, L:/127.0.0.1:63321 - R:localhost/127.0.0.1:43842]' for 'GET' to 'http://localhost:43842/session/9778c90b-985a-4cec-93d3-6f1a093d937b/screenshot'
22:25:29.820 [Forwarding screenshot on session 9778c90b-985a-4cec-93d3-6f1a093d937b to remote] DEBUG org.asynchttpclient.netty.request.NettyRequestSender -- Using open Channel [id: 0xca50dd4e, L:/127.0.0.1:63321 - R:localhost/127.0.0.1:43842] for GET '/session/9778c90b-985a-4cec-93d3-6f1a093d937b/screenshot'
22:25:29.875 [AsyncHttpClient-1-5] DEBUG org.asynchttpclient.netty.handler.HttpHandler -- 

Request DefaultFullHttpRequest(decodeResult: success, version: HTTP/1.1, content: EmptyByteBufBE)
GET /session/9778c90b-985a-4cec-93d3-6f1a093d937b/screenshot HTTP/1.1
Cache-Control: no-cache
User-Agent: selenium/4.12.0 (java windows)
Content-Type: application/json; charset=utf-8
host: localhost:43842
accept: */*

Response DefaultHttpResponse(decodeResult: success, version: HTTP/1.1)
HTTP/1.1 200 OK
content-type: application/json; charset=utf-8
cache-control: no-cache
content-length: 542120
date: Sun, 28 Apr 2024 03:25:29 GMT

22:25:29.875 [AsyncHttpClient-1-5] DEBUG org.asynchttpclient.netty.channel.ChannelManager -- Adding key: http://localhost:43842 for channel [id: 0xca50dd4e, L:/127.0.0.1:63321 - R:localhost/127.0.0.1:43842]
22:25:29.881 [main] DEBUG net.serenitybdd.core.photography.Darkroom -- Send negative for processing for C:\Users\USUARIO\OneDrive\Documentos\02 Automatización\03 Pragma\pragma\pragma\target\site\serenity\ab1aa6d551226faad70dc967905f521936e3cb82c7c4ec503e3f8af185ee1b89.png
22:25:29.881 [Darkroom Processing Line] DEBUG net.serenitybdd.core.photography.DarkroomProcessingLine -- Processing screenshot image in /var/screenshots/screenshot-12532967753837858162
22:25:29.881 [Darkroom Processing Line] DEBUG net.serenitybdd.core.photography.DarkroomProcessingLine -- Saving screenshot to C:\Users\USUARIO\OneDrive\Documentos\02 Automatización\03 Pragma\pragma\pragma\target\site\serenity\ab1aa6d551226faad70dc967905f521936e3cb82c7c4ec503e3f8af185ee1b89.png
22:25:30.516 [AsyncHttpClient-1-1] DEBUG org.asynchttpclient.netty.channel.DefaultChannelPool -- Entry count for : http://localhost:43842 : 1
22:25:30.895 [main] DEBUG net.thucydides.core.steps.StepInterceptor -- STEP DONE: agregoElProductoAlCarritoDeCompra
22:25:30.904 [Forwarding getAlertText on session 9778c90b-985a-4cec-93d3-6f1a093d937b to remote] DEBUG org.asynchttpclient.netty.request.NettyRequestSender -- Using pooled Channel '[id: 0xca50dd4e, L:/127.0.0.1:63321 - R:localhost/127.0.0.1:43842]' for 'GET' to 'http://localhost:43842/session/9778c90b-985a-4cec-93d3-6f1a093d937b/alert/text'
22:25:30.904 [Forwarding getAlertText on session 9778c90b-985a-4cec-93d3-6f1a093d937b to remote] DEBUG org.asynchttpclient.netty.request.NettyRequestSender -- Using open Channel [id: 0xca50dd4e, L:/127.0.0.1:63321 - R:localhost/127.0.0.1:43842] for GET '/session/9778c90b-985a-4cec-93d3-6f1a093d937b/alert/text'
22:25:30.906 [AsyncHttpClient-1-5] DEBUG org.asynchttpclient.netty.handler.HttpHandler -- 

Request DefaultFullHttpRequest(decodeResult: success, version: HTTP/1.1, content: EmptyByteBufBE)
GET /session/9778c90b-985a-4cec-93d3-6f1a093d937b/alert/text HTTP/1.1
Cache-Control: no-cache
User-Agent: selenium/4.12.0 (java windows)
Content-Type: application/json; charset=utf-8
host: localhost:43842
accept: */*

Response DefaultHttpResponse(decodeResult: success, version: HTTP/1.1)
HTTP/1.1 404 Not Found
content-type: application/json; charset=utf-8
cache-control: no-cache
content-length: 842
date: Sun, 28 Apr 2024 03:25:30 GMT

22:25:30.906 [AsyncHttpClient-1-5] DEBUG org.asynchttpclient.netty.channel.ChannelManager -- Adding key: http://localhost:43842 for channel [id: 0xca50dd4e, L:/127.0.0.1:63321 - R:localhost/127.0.0.1:43842]
22:25:30.908 [Forwarding getCurrentUrl on session 9778c90b-985a-4cec-93d3-6f1a093d937b to remote] DEBUG org.asynchttpclient.netty.request.NettyRequestSender -- Using pooled Channel '[id: 0xca50dd4e, L:/127.0.0.1:63321 - R:localhost/127.0.0.1:43842]' for 'GET' to 'http://localhost:43842/session/9778c90b-985a-4cec-93d3-6f1a093d937b/url'
22:25:30.908 [Forwarding getCurrentUrl on session 9778c90b-985a-4cec-93d3-6f1a093d937b to remote] DEBUG org.asynchttpclient.netty.request.NettyRequestSender -- Using open Channel [id: 0xca50dd4e, L:/127.0.0.1:63321 - R:localhost/127.0.0.1:43842] for GET '/session/9778c90b-985a-4cec-93d3-6f1a093d937b/url'
22:25:30.909 [AsyncHttpClient-1-5] DEBUG org.asynchttpclient.netty.handler.HttpHandler -- 

Request DefaultFullHttpRequest(decodeResult: success, version: HTTP/1.1, content: EmptyByteBufBE)
GET /session/9778c90b-985a-4cec-93d3-6f1a093d937b/url HTTP/1.1
Cache-Control: no-cache
User-Agent: selenium/4.12.0 (java windows)
Content-Type: application/json; charset=utf-8
host: localhost:43842
accept: */*

Response DefaultHttpResponse(decodeResult: success, version: HTTP/1.1)
HTTP/1.1 200 OK
content-type: application/json; charset=utf-8
cache-control: no-cache
content-length: 56
date: Sun, 28 Apr 2024 03:25:30 GMT

22:25:30.909 [AsyncHttpClient-1-5] DEBUG org.asynchttpclient.netty.channel.ChannelManager -- Adding key: http://localhost:43842 for channel [id: 0xca50dd4e, L:/127.0.0.1:63321 - R:localhost/127.0.0.1:43842]
22:25:30.910 [Forwarding screenshot on session 9778c90b-985a-4cec-93d3-6f1a093d937b to remote] DEBUG org.asynchttpclient.netty.request.NettyRequestSender -- Using pooled Channel '[id: 0xca50dd4e, L:/127.0.0.1:63321 - R:localhost/127.0.0.1:43842]' for 'GET' to 'http://localhost:43842/session/9778c90b-985a-4cec-93d3-6f1a093d937b/screenshot'
22:25:30.910 [Forwarding screenshot on session 9778c90b-985a-4cec-93d3-6f1a093d937b to remote] DEBUG org.asynchttpclient.netty.request.NettyRequestSender -- Using open Channel [id: 0xca50dd4e, L:/127.0.0.1:63321 - R:localhost/127.0.0.1:43842] for GET '/session/9778c90b-985a-4cec-93d3-6f1a093d937b/screenshot'
22:25:30.965 [AsyncHttpClient-1-5] DEBUG org.asynchttpclient.netty.handler.HttpHandler -- 

Request DefaultFullHttpRequest(decodeResult: success, version: HTTP/1.1, content: EmptyByteBufBE)
GET /session/9778c90b-985a-4cec-93d3-6f1a093d937b/screenshot HTTP/1.1
Cache-Control: no-cache
User-Agent: selenium/4.12.0 (java windows)
Content-Type: application/json; charset=utf-8
host: localhost:43842
accept: */*

Response DefaultHttpResponse(decodeResult: success, version: HTTP/1.1)
HTTP/1.1 200 OK
content-type: application/json; charset=utf-8
cache-control: no-cache
content-length: 542120
date: Sun, 28 Apr 2024 03:25:30 GMT

22:25:30.965 [AsyncHttpClient-1-5] DEBUG org.asynchttpclient.netty.channel.ChannelManager -- Adding key: http://localhost:43842 for channel [id: 0xca50dd4e, L:/127.0.0.1:63321 - R:localhost/127.0.0.1:43842]
22:25:30.971 [main] DEBUG net.serenitybdd.core.photography.Darkroom -- Send negative for processing for C:\Users\USUARIO\OneDrive\Documentos\02 Automatización\03 Pragma\pragma\pragma\target\site\serenity\ab1aa6d551226faad70dc967905f521936e3cb82c7c4ec503e3f8af185ee1b89.png
22:25:31.617 [AsyncHttpClient-1-1] DEBUG org.asynchttpclient.netty.channel.DefaultChannelPool -- Entry count for : http://localhost:43842 : 1
22:25:31.994 [main] DEBUG net.thucydides.core.steps.StepInterceptor -- STARTING STEP: StepInterceptor.testContext - ingresoAlCarritoDeCompras
22:25:31.997 [Forwarding findElement on session 9778c90b-985a-4cec-93d3-6f1a093d937b to remote] DEBUG org.asynchttpclient.netty.request.NettyRequestSender -- Using pooled Channel '[id: 0xca50dd4e, L:/127.0.0.1:63321 - R:localhost/127.0.0.1:43842]' for 'POST' to 'http://localhost:43842/session/9778c90b-985a-4cec-93d3-6f1a093d937b/element'
22:25:31.997 [Forwarding findElement on session 9778c90b-985a-4cec-93d3-6f1a093d937b to remote] DEBUG org.asynchttpclient.netty.request.NettyRequestSender -- Using open Channel [id: 0xca50dd4e, L:/127.0.0.1:63321 - R:localhost/127.0.0.1:43842] for POST '/session/9778c90b-985a-4cec-93d3-6f1a093d937b/element'
22:25:32.003 [AsyncHttpClient-1-5] DEBUG org.asynchttpclient.netty.handler.HttpHandler -- 

Request DefaultHttpRequest(decodeResult: success, version: HTTP/1.1)
POST /session/9778c90b-985a-4cec-93d3-6f1a093d937b/element HTTP/1.1
User-Agent: selenium/4.12.0 (java windows)
Content-Length: 64
Content-Type: application/json; charset=utf-8
host: localhost:43842
accept: */*

Response DefaultHttpResponse(decodeResult: success, version: HTTP/1.1)
HTTP/1.1 200 OK
content-type: application/json; charset=utf-8
cache-control: no-cache
content-length: 88
date: Sun, 28 Apr 2024 03:25:31 GMT

22:25:32.003 [AsyncHttpClient-1-5] DEBUG org.asynchttpclient.netty.channel.ChannelManager -- Adding key: http://localhost:43842 for channel [id: 0xca50dd4e, L:/127.0.0.1:63321 - R:localhost/127.0.0.1:43842]
22:25:32.004 [Forwarding getElementTagName on session 9778c90b-985a-4cec-93d3-6f1a093d937b to remote] DEBUG org.asynchttpclient.netty.request.NettyRequestSender -- Using pooled Channel '[id: 0xca50dd4e, L:/127.0.0.1:63321 - R:localhost/127.0.0.1:43842]' for 'GET' to 'http://localhost:43842/session/9778c90b-985a-4cec-93d3-6f1a093d937b/element/a79324f5-7d97-431e-8b37-57e5d2d2877a/name'
22:25:32.004 [Forwarding getElementTagName on session 9778c90b-985a-4cec-93d3-6f1a093d937b to remote] DEBUG org.asynchttpclient.netty.request.NettyRequestSender -- Using open Channel [id: 0xca50dd4e, L:/127.0.0.1:63321 - R:localhost/127.0.0.1:43842] for GET '/session/9778c90b-985a-4cec-93d3-6f1a093d937b/element/a79324f5-7d97-431e-8b37-57e5d2d2877a/name'
22:25:32.007 [AsyncHttpClient-1-5] DEBUG org.asynchttpclient.netty.handler.HttpHandler -- 

Request DefaultFullHttpRequest(decodeResult: success, version: HTTP/1.1, content: EmptyByteBufBE)
GET /session/9778c90b-985a-4cec-93d3-6f1a093d937b/element/a79324f5-7d97-431e-8b37-57e5d2d2877a/name HTTP/1.1
Cache-Control: no-cache
User-Agent: selenium/4.12.0 (java windows)
Content-Type: application/json; charset=utf-8
host: localhost:43842
accept: */*

Response DefaultHttpResponse(decodeResult: success, version: HTTP/1.1)
HTTP/1.1 200 OK
content-type: application/json; charset=utf-8
cache-control: no-cache
content-length: 13
date: Sun, 28 Apr 2024 03:25:31 GMT

22:25:32.007 [AsyncHttpClient-1-5] DEBUG org.asynchttpclient.netty.channel.ChannelManager -- Adding key: http://localhost:43842 for channel [id: 0xca50dd4e, L:/127.0.0.1:63321 - R:localhost/127.0.0.1:43842]
22:25:32.007 [Forwarding getElementTagName on session 9778c90b-985a-4cec-93d3-6f1a093d937b to remote] DEBUG org.asynchttpclient.netty.request.NettyRequestSender -- Using pooled Channel '[id: 0xca50dd4e, L:/127.0.0.1:63321 - R:localhost/127.0.0.1:43842]' for 'GET' to 'http://localhost:43842/session/9778c90b-985a-4cec-93d3-6f1a093d937b/element/a79324f5-7d97-431e-8b37-57e5d2d2877a/name'
22:25:32.007 [Forwarding getElementTagName on session 9778c90b-985a-4cec-93d3-6f1a093d937b to remote] DEBUG org.asynchttpclient.netty.request.NettyRequestSender -- Using open Channel [id: 0xca50dd4e, L:/127.0.0.1:63321 - R:localhost/127.0.0.1:43842] for GET '/session/9778c90b-985a-4cec-93d3-6f1a093d937b/element/a79324f5-7d97-431e-8b37-57e5d2d2877a/name'
22:25:32.009 [AsyncHttpClient-1-5] DEBUG org.asynchttpclient.netty.handler.HttpHandler -- 

Request DefaultFullHttpRequest(decodeResult: success, version: HTTP/1.1, content: EmptyByteBufBE)
GET /session/9778c90b-985a-4cec-93d3-6f1a093d937b/element/a79324f5-7d97-431e-8b37-57e5d2d2877a/name HTTP/1.1
Cache-Control: no-cache
User-Agent: selenium/4.12.0 (java windows)
Content-Type: application/json; charset=utf-8
host: localhost:43842
accept: */*

Response DefaultHttpResponse(decodeResult: success, version: HTTP/1.1)
HTTP/1.1 200 OK
content-type: application/json; charset=utf-8
cache-control: no-cache
content-length: 13
date: Sun, 28 Apr 2024 03:25:31 GMT

22:25:32.009 [AsyncHttpClient-1-5] DEBUG org.asynchttpclient.netty.channel.ChannelManager -- Adding key: http://localhost:43842 for channel [id: 0xca50dd4e, L:/127.0.0.1:63321 - R:localhost/127.0.0.1:43842]
22:25:32.010 [Forwarding findElement on session 9778c90b-985a-4cec-93d3-6f1a093d937b to remote] DEBUG org.asynchttpclient.netty.request.NettyRequestSender -- Using pooled Channel '[id: 0xca50dd4e, L:/127.0.0.1:63321 - R:localhost/127.0.0.1:43842]' for 'POST' to 'http://localhost:43842/session/9778c90b-985a-4cec-93d3-6f1a093d937b/element'
22:25:32.010 [Forwarding findElement on session 9778c90b-985a-4cec-93d3-6f1a093d937b to remote] DEBUG org.asynchttpclient.netty.request.NettyRequestSender -- Using open Channel [id: 0xca50dd4e, L:/127.0.0.1:63321 - R:localhost/127.0.0.1:43842] for POST '/session/9778c90b-985a-4cec-93d3-6f1a093d937b/element'
22:25:32.012 [AsyncHttpClient-1-5] DEBUG org.asynchttpclient.netty.handler.HttpHandler -- 

Request DefaultHttpRequest(decodeResult: success, version: HTTP/1.1)
POST /session/9778c90b-985a-4cec-93d3-6f1a093d937b/element HTTP/1.1
User-Agent: selenium/4.12.0 (java windows)
Content-Length: 64
Content-Type: application/json; charset=utf-8
host: localhost:43842
accept: */*

Response DefaultHttpResponse(decodeResult: success, version: HTTP/1.1)
HTTP/1.1 200 OK
content-type: application/json; charset=utf-8
cache-control: no-cache
content-length: 88
date: Sun, 28 Apr 2024 03:25:31 GMT

22:25:32.012 [AsyncHttpClient-1-5] DEBUG org.asynchttpclient.netty.channel.ChannelManager -- Adding key: http://localhost:43842 for channel [id: 0xca50dd4e, L:/127.0.0.1:63321 - R:localhost/127.0.0.1:43842]
22:25:32.012 [Forwarding clickElement on session 9778c90b-985a-4cec-93d3-6f1a093d937b to remote] DEBUG org.asynchttpclient.netty.request.NettyRequestSender -- Using pooled Channel '[id: 0xca50dd4e, L:/127.0.0.1:63321 - R:localhost/127.0.0.1:43842]' for 'POST' to 'http://localhost:43842/session/9778c90b-985a-4cec-93d3-6f1a093d937b/element/a79324f5-7d97-431e-8b37-57e5d2d2877a/click'
22:25:32.012 [Forwarding clickElement on session 9778c90b-985a-4cec-93d3-6f1a093d937b to remote] DEBUG org.asynchttpclient.netty.request.NettyRequestSender -- Using open Channel [id: 0xca50dd4e, L:/127.0.0.1:63321 - R:localhost/127.0.0.1:43842] for POST '/session/9778c90b-985a-4cec-93d3-6f1a093d937b/element/a79324f5-7d97-431e-8b37-57e5d2d2877a/click'
22:25:32.403 [AsyncHttpClient-1-5] DEBUG org.asynchttpclient.netty.handler.HttpHandler -- 

Request DefaultHttpRequest(decodeResult: success, version: HTTP/1.1)
POST /session/9778c90b-985a-4cec-93d3-6f1a093d937b/element/a79324f5-7d97-431e-8b37-57e5d2d2877a/click HTTP/1.1
User-Agent: selenium/4.12.0 (java windows)
Content-Length: 50
Content-Type: application/json; charset=utf-8
host: localhost:43842
accept: */*

Response DefaultHttpResponse(decodeResult: success, version: HTTP/1.1)
HTTP/1.1 200 OK
content-type: application/json; charset=utf-8
cache-control: no-cache
content-length: 14
date: Sun, 28 Apr 2024 03:25:31 GMT

22:25:32.403 [AsyncHttpClient-1-5] DEBUG org.asynchttpclient.netty.channel.ChannelManager -- Adding key: http://localhost:43842 for channel [id: 0xca50dd4e, L:/127.0.0.1:63321 - R:localhost/127.0.0.1:43842]
22:25:32.409 [Forwarding getAlertText on session 9778c90b-985a-4cec-93d3-6f1a093d937b to remote] DEBUG org.asynchttpclient.netty.request.NettyRequestSender -- Using pooled Channel '[id: 0xca50dd4e, L:/127.0.0.1:63321 - R:localhost/127.0.0.1:43842]' for 'GET' to 'http://localhost:43842/session/9778c90b-985a-4cec-93d3-6f1a093d937b/alert/text'
22:25:32.409 [Forwarding getAlertText on session 9778c90b-985a-4cec-93d3-6f1a093d937b to remote] DEBUG org.asynchttpclient.netty.request.NettyRequestSender -- Using open Channel [id: 0xca50dd4e, L:/127.0.0.1:63321 - R:localhost/127.0.0.1:43842] for GET '/session/9778c90b-985a-4cec-93d3-6f1a093d937b/alert/text'
22:25:32.411 [AsyncHttpClient-1-5] DEBUG org.asynchttpclient.netty.handler.HttpHandler -- 

Request DefaultFullHttpRequest(decodeResult: success, version: HTTP/1.1, content: EmptyByteBufBE)
GET /session/9778c90b-985a-4cec-93d3-6f1a093d937b/alert/text HTTP/1.1
Cache-Control: no-cache
User-Agent: selenium/4.12.0 (java windows)
Content-Type: application/json; charset=utf-8
host: localhost:43842
accept: */*

Response DefaultHttpResponse(decodeResult: success, version: HTTP/1.1)
HTTP/1.1 404 Not Found
content-type: application/json; charset=utf-8
cache-control: no-cache
content-length: 842
date: Sun, 28 Apr 2024 03:25:31 GMT

22:25:32.411 [AsyncHttpClient-1-5] DEBUG org.asynchttpclient.netty.channel.ChannelManager -- Adding key: http://localhost:43842 for channel [id: 0xca50dd4e, L:/127.0.0.1:63321 - R:localhost/127.0.0.1:43842]
22:25:32.412 [Forwarding getCurrentUrl on session 9778c90b-985a-4cec-93d3-6f1a093d937b to remote] DEBUG org.asynchttpclient.netty.request.NettyRequestSender -- Using pooled Channel '[id: 0xca50dd4e, L:/127.0.0.1:63321 - R:localhost/127.0.0.1:43842]' for 'GET' to 'http://localhost:43842/session/9778c90b-985a-4cec-93d3-6f1a093d937b/url'
22:25:32.412 [Forwarding getCurrentUrl on session 9778c90b-985a-4cec-93d3-6f1a093d937b to remote] DEBUG org.asynchttpclient.netty.request.NettyRequestSender -- Using open Channel [id: 0xca50dd4e, L:/127.0.0.1:63321 - R:localhost/127.0.0.1:43842] for GET '/session/9778c90b-985a-4cec-93d3-6f1a093d937b/url'
22:25:32.413 [AsyncHttpClient-1-5] DEBUG org.asynchttpclient.netty.handler.HttpHandler -- 

Request DefaultFullHttpRequest(decodeResult: success, version: HTTP/1.1, content: EmptyByteBufBE)
GET /session/9778c90b-985a-4cec-93d3-6f1a093d937b/url HTTP/1.1
Cache-Control: no-cache
User-Agent: selenium/4.12.0 (java windows)
Content-Type: application/json; charset=utf-8
host: localhost:43842
accept: */*

Response DefaultHttpResponse(decodeResult: success, version: HTTP/1.1)
HTTP/1.1 200 OK
content-type: application/json; charset=utf-8
cache-control: no-cache
content-length: 47
date: Sun, 28 Apr 2024 03:25:31 GMT

22:25:32.413 [AsyncHttpClient-1-5] DEBUG org.asynchttpclient.netty.channel.ChannelManager -- Adding key: http://localhost:43842 for channel [id: 0xca50dd4e, L:/127.0.0.1:63321 - R:localhost/127.0.0.1:43842]
22:25:32.414 [Forwarding screenshot on session 9778c90b-985a-4cec-93d3-6f1a093d937b to remote] DEBUG org.asynchttpclient.netty.request.NettyRequestSender -- Using pooled Channel '[id: 0xca50dd4e, L:/127.0.0.1:63321 - R:localhost/127.0.0.1:43842]' for 'GET' to 'http://localhost:43842/session/9778c90b-985a-4cec-93d3-6f1a093d937b/screenshot'
22:25:32.414 [Forwarding screenshot on session 9778c90b-985a-4cec-93d3-6f1a093d937b to remote] DEBUG org.asynchttpclient.netty.request.NettyRequestSender -- Using open Channel [id: 0xca50dd4e, L:/127.0.0.1:63321 - R:localhost/127.0.0.1:43842] for GET '/session/9778c90b-985a-4cec-93d3-6f1a093d937b/screenshot'
22:25:32.470 [AsyncHttpClient-1-5] DEBUG org.asynchttpclient.netty.handler.HttpHandler -- 

Request DefaultFullHttpRequest(decodeResult: success, version: HTTP/1.1, content: EmptyByteBufBE)
GET /session/9778c90b-985a-4cec-93d3-6f1a093d937b/screenshot HTTP/1.1
Cache-Control: no-cache
User-Agent: selenium/4.12.0 (java windows)
Content-Type: application/json; charset=utf-8
host: localhost:43842
accept: */*

Response DefaultHttpResponse(decodeResult: success, version: HTTP/1.1)
HTTP/1.1 200 OK
content-type: application/json; charset=utf-8
cache-control: no-cache
content-length: 286856
date: Sun, 28 Apr 2024 03:25:31 GMT

22:25:32.471 [AsyncHttpClient-1-5] DEBUG org.asynchttpclient.netty.channel.ChannelManager -- Adding key: http://localhost:43842 for channel [id: 0xca50dd4e, L:/127.0.0.1:63321 - R:localhost/127.0.0.1:43842]
22:25:32.475 [main] DEBUG net.serenitybdd.core.photography.Darkroom -- Send negative for processing for C:\Users\USUARIO\OneDrive\Documentos\02 Automatización\03 Pragma\pragma\pragma\target\site\serenity\5dc66e2877f7902fd4d4084dc1cc5fe67825ee3c2bff8a15944ee7f39ec50584.png
22:25:32.718 [AsyncHttpClient-1-1] DEBUG org.asynchttpclient.netty.channel.DefaultChannelPool -- Entry count for : http://localhost:43842 : 1
22:25:33.476 [main] DEBUG net.thucydides.core.steps.StepInterceptor -- STEP DONE: ingresoAlCarritoDeCompras
22:25:33.484 [Forwarding getAlertText on session 9778c90b-985a-4cec-93d3-6f1a093d937b to remote] DEBUG org.asynchttpclient.netty.request.NettyRequestSender -- Using pooled Channel '[id: 0xca50dd4e, L:/127.0.0.1:63321 - R:localhost/127.0.0.1:43842]' for 'GET' to 'http://localhost:43842/session/9778c90b-985a-4cec-93d3-6f1a093d937b/alert/text'
22:25:33.484 [Forwarding getAlertText on session 9778c90b-985a-4cec-93d3-6f1a093d937b to remote] DEBUG org.asynchttpclient.netty.request.NettyRequestSender -- Using open Channel [id: 0xca50dd4e, L:/127.0.0.1:63321 - R:localhost/127.0.0.1:43842] for GET '/session/9778c90b-985a-4cec-93d3-6f1a093d937b/alert/text'
22:25:33.487 [AsyncHttpClient-1-5] DEBUG org.asynchttpclient.netty.handler.HttpHandler -- 

Request DefaultFullHttpRequest(decodeResult: success, version: HTTP/1.1, content: EmptyByteBufBE)
GET /session/9778c90b-985a-4cec-93d3-6f1a093d937b/alert/text HTTP/1.1
Cache-Control: no-cache
User-Agent: selenium/4.12.0 (java windows)
Content-Type: application/json; charset=utf-8
host: localhost:43842
accept: */*

Response DefaultHttpResponse(decodeResult: success, version: HTTP/1.1)
HTTP/1.1 404 Not Found
content-type: application/json; charset=utf-8
cache-control: no-cache
content-length: 842
date: Sun, 28 Apr 2024 03:25:33 GMT

22:25:33.487 [AsyncHttpClient-1-5] DEBUG org.asynchttpclient.netty.channel.ChannelManager -- Adding key: http://localhost:43842 for channel [id: 0xca50dd4e, L:/127.0.0.1:63321 - R:localhost/127.0.0.1:43842]
22:25:33.488 [Forwarding getCurrentUrl on session 9778c90b-985a-4cec-93d3-6f1a093d937b to remote] DEBUG org.asynchttpclient.netty.request.NettyRequestSender -- Using pooled Channel '[id: 0xca50dd4e, L:/127.0.0.1:63321 - R:localhost/127.0.0.1:43842]' for 'GET' to 'http://localhost:43842/session/9778c90b-985a-4cec-93d3-6f1a093d937b/url'
22:25:33.489 [Forwarding getCurrentUrl on session 9778c90b-985a-4cec-93d3-6f1a093d937b to remote] DEBUG org.asynchttpclient.netty.request.NettyRequestSender -- Using open Channel [id: 0xca50dd4e, L:/127.0.0.1:63321 - R:localhost/127.0.0.1:43842] for GET '/session/9778c90b-985a-4cec-93d3-6f1a093d937b/url'
22:25:33.490 [AsyncHttpClient-1-5] DEBUG org.asynchttpclient.netty.handler.HttpHandler -- 

Request DefaultFullHttpRequest(decodeResult: success, version: HTTP/1.1, content: EmptyByteBufBE)
GET /session/9778c90b-985a-4cec-93d3-6f1a093d937b/url HTTP/1.1
Cache-Control: no-cache
User-Agent: selenium/4.12.0 (java windows)
Content-Type: application/json; charset=utf-8
host: localhost:43842
accept: */*

Response DefaultHttpResponse(decodeResult: success, version: HTTP/1.1)
HTTP/1.1 200 OK
content-type: application/json; charset=utf-8
cache-control: no-cache
content-length: 47
date: Sun, 28 Apr 2024 03:25:33 GMT

22:25:33.490 [AsyncHttpClient-1-5] DEBUG org.asynchttpclient.netty.channel.ChannelManager -- Adding key: http://localhost:43842 for channel [id: 0xca50dd4e, L:/127.0.0.1:63321 - R:localhost/127.0.0.1:43842]
22:25:33.491 [Forwarding screenshot on session 9778c90b-985a-4cec-93d3-6f1a093d937b to remote] DEBUG org.asynchttpclient.netty.request.NettyRequestSender -- Using pooled Channel '[id: 0xca50dd4e, L:/127.0.0.1:63321 - R:localhost/127.0.0.1:43842]' for 'GET' to 'http://localhost:43842/session/9778c90b-985a-4cec-93d3-6f1a093d937b/screenshot'
22:25:33.491 [Forwarding screenshot on session 9778c90b-985a-4cec-93d3-6f1a093d937b to remote] DEBUG org.asynchttpclient.netty.request.NettyRequestSender -- Using open Channel [id: 0xca50dd4e, L:/127.0.0.1:63321 - R:localhost/127.0.0.1:43842] for GET '/session/9778c90b-985a-4cec-93d3-6f1a093d937b/screenshot'
22:25:33.535 [AsyncHttpClient-1-5] DEBUG org.asynchttpclient.netty.handler.HttpHandler -- 

Request DefaultFullHttpRequest(decodeResult: success, version: HTTP/1.1, content: EmptyByteBufBE)
GET /session/9778c90b-985a-4cec-93d3-6f1a093d937b/screenshot HTTP/1.1
Cache-Control: no-cache
User-Agent: selenium/4.12.0 (java windows)
Content-Type: application/json; charset=utf-8
host: localhost:43842
accept: */*

Response DefaultHttpResponse(decodeResult: success, version: HTTP/1.1)
HTTP/1.1 200 OK
content-type: application/json; charset=utf-8
cache-control: no-cache
content-length: 353640
date: Sun, 28 Apr 2024 03:25:33 GMT

22:25:33.536 [AsyncHttpClient-1-5] DEBUG org.asynchttpclient.netty.channel.ChannelManager -- Adding key: http://localhost:43842 for channel [id: 0xca50dd4e, L:/127.0.0.1:63321 - R:localhost/127.0.0.1:43842]
22:25:33.539 [main] DEBUG net.serenitybdd.core.photography.Darkroom -- Send negative for processing for C:\Users\USUARIO\OneDrive\Documentos\02 Automatización\03 Pragma\pragma\pragma\target\site\serenity\7f822f4105e475c610d667e3e258b01f985aa0876427133aa5418b0db912133e.png
22:25:33.539 [Darkroom Processing Line] DEBUG net.serenitybdd.core.photography.DarkroomProcessingLine -- Processing screenshot image in /var/screenshots/screenshot-14278425925509033006
22:25:33.540 [Darkroom Processing Line] DEBUG net.serenitybdd.core.photography.DarkroomProcessingLine -- Saving screenshot to C:\Users\USUARIO\OneDrive\Documentos\02 Automatización\03 Pragma\pragma\pragma\target\site\serenity\7f822f4105e475c610d667e3e258b01f985aa0876427133aa5418b0db912133e.png
22:25:33.818 [AsyncHttpClient-1-1] DEBUG org.asynchttpclient.netty.channel.DefaultChannelPool -- Entry count for : http://localhost:43842 : 1
22:25:34.550 [main] DEBUG net.thucydides.core.steps.StepInterceptor -- STARTING STEP: StepInterceptor.testContext - validarAdicionCorrectaDeProductos
22:25:34.551 [Forwarding findElement on session 9778c90b-985a-4cec-93d3-6f1a093d937b to remote] DEBUG org.asynchttpclient.netty.request.NettyRequestSender -- Using pooled Channel '[id: 0xca50dd4e, L:/127.0.0.1:63321 - R:localhost/127.0.0.1:43842]' for 'POST' to 'http://localhost:43842/session/9778c90b-985a-4cec-93d3-6f1a093d937b/element'
22:25:34.551 [Forwarding findElement on session 9778c90b-985a-4cec-93d3-6f1a093d937b to remote] DEBUG org.asynchttpclient.netty.request.NettyRequestSender -- Using open Channel [id: 0xca50dd4e, L:/127.0.0.1:63321 - R:localhost/127.0.0.1:43842] for POST '/session/9778c90b-985a-4cec-93d3-6f1a093d937b/element'
22:25:34.553 [AsyncHttpClient-1-5] DEBUG org.asynchttpclient.netty.handler.HttpHandler -- 

Request DefaultHttpRequest(decodeResult: success, version: HTTP/1.1)
POST /session/9778c90b-985a-4cec-93d3-6f1a093d937b/element HTTP/1.1
User-Agent: selenium/4.12.0 (java windows)
Content-Length: 263
Content-Type: application/json; charset=utf-8
host: localhost:43842
accept: */*

Response DefaultHttpResponse(decodeResult: success, version: HTTP/1.1)
HTTP/1.1 200 OK
content-type: application/json; charset=utf-8
cache-control: no-cache
content-length: 88
date: Sun, 28 Apr 2024 03:25:34 GMT

22:25:34.553 [AsyncHttpClient-1-5] DEBUG org.asynchttpclient.netty.channel.ChannelManager -- Adding key: http://localhost:43842 for channel [id: 0xca50dd4e, L:/127.0.0.1:63321 - R:localhost/127.0.0.1:43842]
22:25:34.553 [Forwarding getElementText on session 9778c90b-985a-4cec-93d3-6f1a093d937b to remote] DEBUG org.asynchttpclient.netty.request.NettyRequestSender -- Using pooled Channel '[id: 0xca50dd4e, L:/127.0.0.1:63321 - R:localhost/127.0.0.1:43842]' for 'GET' to 'http://localhost:43842/session/9778c90b-985a-4cec-93d3-6f1a093d937b/element/d32b3b19-1ece-4a7c-9942-1f7bf9b89c24/text'
22:25:34.553 [Forwarding getElementText on session 9778c90b-985a-4cec-93d3-6f1a093d937b to remote] DEBUG org.asynchttpclient.netty.request.NettyRequestSender -- Using open Channel [id: 0xca50dd4e, L:/127.0.0.1:63321 - R:localhost/127.0.0.1:43842] for GET '/session/9778c90b-985a-4cec-93d3-6f1a093d937b/element/d32b3b19-1ece-4a7c-9942-1f7bf9b89c24/text'
22:25:34.563 [AsyncHttpClient-1-5] DEBUG org.asynchttpclient.netty.handler.HttpHandler -- 

Request DefaultFullHttpRequest(decodeResult: success, version: HTTP/1.1, content: EmptyByteBufBE)
GET /session/9778c90b-985a-4cec-93d3-6f1a093d937b/element/d32b3b19-1ece-4a7c-9942-1f7bf9b89c24/text HTTP/1.1
Cache-Control: no-cache
User-Agent: selenium/4.12.0 (java windows)
Content-Type: application/json; charset=utf-8
host: localhost:43842
accept: */*

Response DefaultHttpResponse(decodeResult: success, version: HTTP/1.1)
HTTP/1.1 200 OK
content-type: application/json; charset=utf-8
cache-control: no-cache
content-length: 64
date: Sun, 28 Apr 2024 03:25:34 GMT

22:25:34.563 [AsyncHttpClient-1-5] DEBUG org.asynchttpclient.netty.channel.ChannelManager -- Adding key: http://localhost:43842 for channel [id: 0xca50dd4e, L:/127.0.0.1:63321 - R:localhost/127.0.0.1:43842]
Apple monitor 24 400
Sony vaio i7 790
Producto no agregado
22:25:34.566 [Forwarding getAlertText on session 9778c90b-985a-4cec-93d3-6f1a093d937b to remote] DEBUG org.asynchttpclient.netty.request.NettyRequestSender -- Using pooled Channel '[id: 0xca50dd4e, L:/127.0.0.1:63321 - R:localhost/127.0.0.1:43842]' for 'GET' to 'http://localhost:43842/session/9778c90b-985a-4cec-93d3-6f1a093d937b/alert/text'
22:25:34.566 [Forwarding getAlertText on session 9778c90b-985a-4cec-93d3-6f1a093d937b to remote] DEBUG org.asynchttpclient.netty.request.NettyRequestSender -- Using open Channel [id: 0xca50dd4e, L:/127.0.0.1:63321 - R:localhost/127.0.0.1:43842] for GET '/session/9778c90b-985a-4cec-93d3-6f1a093d937b/alert/text'
22:25:34.567 [AsyncHttpClient-1-5] DEBUG org.asynchttpclient.netty.handler.HttpHandler -- 

Request DefaultFullHttpRequest(decodeResult: success, version: HTTP/1.1, content: EmptyByteBufBE)
GET /session/9778c90b-985a-4cec-93d3-6f1a093d937b/alert/text HTTP/1.1
Cache-Control: no-cache
User-Agent: selenium/4.12.0 (java windows)
Content-Type: application/json; charset=utf-8
host: localhost:43842
accept: */*

Response DefaultHttpResponse(decodeResult: success, version: HTTP/1.1)
HTTP/1.1 404 Not Found
content-type: application/json; charset=utf-8
cache-control: no-cache
content-length: 842
date: Sun, 28 Apr 2024 03:25:34 GMT

22:25:34.567 [AsyncHttpClient-1-5] DEBUG org.asynchttpclient.netty.channel.ChannelManager -- Adding key: http://localhost:43842 for channel [id: 0xca50dd4e, L:/127.0.0.1:63321 - R:localhost/127.0.0.1:43842]
22:25:34.568 [Forwarding getCurrentUrl on session 9778c90b-985a-4cec-93d3-6f1a093d937b to remote] DEBUG org.asynchttpclient.netty.request.NettyRequestSender -- Using pooled Channel '[id: 0xca50dd4e, L:/127.0.0.1:63321 - R:localhost/127.0.0.1:43842]' for 'GET' to 'http://localhost:43842/session/9778c90b-985a-4cec-93d3-6f1a093d937b/url'
22:25:34.568 [Forwarding getCurrentUrl on session 9778c90b-985a-4cec-93d3-6f1a093d937b to remote] DEBUG org.asynchttpclient.netty.request.NettyRequestSender -- Using open Channel [id: 0xca50dd4e, L:/127.0.0.1:63321 - R:localhost/127.0.0.1:43842] for GET '/session/9778c90b-985a-4cec-93d3-6f1a093d937b/url'
22:25:34.568 [AsyncHttpClient-1-5] DEBUG org.asynchttpclient.netty.handler.HttpHandler -- 

Request DefaultFullHttpRequest(decodeResult: success, version: HTTP/1.1, content: EmptyByteBufBE)
GET /session/9778c90b-985a-4cec-93d3-6f1a093d937b/url HTTP/1.1
Cache-Control: no-cache
User-Agent: selenium/4.12.0 (java windows)
Content-Type: application/json; charset=utf-8
host: localhost:43842
accept: */*

Response DefaultHttpResponse(decodeResult: success, version: HTTP/1.1)
HTTP/1.1 200 OK
content-type: application/json; charset=utf-8
cache-control: no-cache
content-length: 47
date: Sun, 28 Apr 2024 03:25:34 GMT

22:25:34.568 [AsyncHttpClient-1-5] DEBUG org.asynchttpclient.netty.channel.ChannelManager -- Adding key: http://localhost:43842 for channel [id: 0xca50dd4e, L:/127.0.0.1:63321 - R:localhost/127.0.0.1:43842]
22:25:34.569 [Forwarding screenshot on session 9778c90b-985a-4cec-93d3-6f1a093d937b to remote] DEBUG org.asynchttpclient.netty.request.NettyRequestSender -- Using pooled Channel '[id: 0xca50dd4e, L:/127.0.0.1:63321 - R:localhost/127.0.0.1:43842]' for 'GET' to 'http://localhost:43842/session/9778c90b-985a-4cec-93d3-6f1a093d937b/screenshot'
22:25:34.569 [Forwarding screenshot on session 9778c90b-985a-4cec-93d3-6f1a093d937b to remote] DEBUG org.asynchttpclient.netty.request.NettyRequestSender -- Using open Channel [id: 0xca50dd4e, L:/127.0.0.1:63321 - R:localhost/127.0.0.1:43842] for GET '/session/9778c90b-985a-4cec-93d3-6f1a093d937b/screenshot'
22:25:34.614 [AsyncHttpClient-1-5] DEBUG org.asynchttpclient.netty.handler.HttpHandler -- 

Request DefaultFullHttpRequest(decodeResult: success, version: HTTP/1.1, content: EmptyByteBufBE)
GET /session/9778c90b-985a-4cec-93d3-6f1a093d937b/screenshot HTTP/1.1
Cache-Control: no-cache
User-Agent: selenium/4.12.0 (java windows)
Content-Type: application/json; charset=utf-8
host: localhost:43842
accept: */*

Response DefaultHttpResponse(decodeResult: success, version: HTTP/1.1)
HTTP/1.1 200 OK
content-type: application/json; charset=utf-8
cache-control: no-cache
content-length: 353640
date: Sun, 28 Apr 2024 03:25:34 GMT

22:25:34.615 [AsyncHttpClient-1-5] DEBUG org.asynchttpclient.netty.channel.ChannelManager -- Adding key: http://localhost:43842 for channel [id: 0xca50dd4e, L:/127.0.0.1:63321 - R:localhost/127.0.0.1:43842]
22:25:34.620 [main] DEBUG net.serenitybdd.core.photography.Darkroom -- Send negative for processing for C:\Users\USUARIO\OneDrive\Documentos\02 Automatización\03 Pragma\pragma\pragma\target\site\serenity\7f822f4105e475c610d667e3e258b01f985aa0876427133aa5418b0db912133e.png
22:25:34.917 [AsyncHttpClient-1-1] DEBUG org.asynchttpclient.netty.channel.DefaultChannelPool -- Entry count for : http://localhost:43842 : 1
22:25:35.629 [main] DEBUG net.thucydides.core.steps.StepInterceptor -- STEP DONE: validarAdicionCorrectaDeProductos
22:25:35.631 [Forwarding getAlertText on session 9778c90b-985a-4cec-93d3-6f1a093d937b to remote] DEBUG org.asynchttpclient.netty.request.NettyRequestSender -- Using pooled Channel '[id: 0xca50dd4e, L:/127.0.0.1:63321 - R:localhost/127.0.0.1:43842]' for 'GET' to 'http://localhost:43842/session/9778c90b-985a-4cec-93d3-6f1a093d937b/alert/text'
22:25:35.631 [Forwarding getAlertText on session 9778c90b-985a-4cec-93d3-6f1a093d937b to remote] DEBUG org.asynchttpclient.netty.request.NettyRequestSender -- Using open Channel [id: 0xca50dd4e, L:/127.0.0.1:63321 - R:localhost/127.0.0.1:43842] for GET '/session/9778c90b-985a-4cec-93d3-6f1a093d937b/alert/text'
22:25:35.632 [AsyncHttpClient-1-5] DEBUG org.asynchttpclient.netty.handler.HttpHandler -- 

Request DefaultFullHttpRequest(decodeResult: success, version: HTTP/1.1, content: EmptyByteBufBE)
GET /session/9778c90b-985a-4cec-93d3-6f1a093d937b/alert/text HTTP/1.1
Cache-Control: no-cache
User-Agent: selenium/4.12.0 (java windows)
Content-Type: application/json; charset=utf-8
host: localhost:43842
accept: */*

Response DefaultHttpResponse(decodeResult: success, version: HTTP/1.1)
HTTP/1.1 404 Not Found
content-type: application/json; charset=utf-8
cache-control: no-cache
content-length: 842
date: Sun, 28 Apr 2024 03:25:35 GMT

22:25:35.632 [AsyncHttpClient-1-5] DEBUG org.asynchttpclient.netty.channel.ChannelManager -- Adding key: http://localhost:43842 for channel [id: 0xca50dd4e, L:/127.0.0.1:63321 - R:localhost/127.0.0.1:43842]
22:25:35.633 [Forwarding getCurrentUrl on session 9778c90b-985a-4cec-93d3-6f1a093d937b to remote] DEBUG org.asynchttpclient.netty.request.NettyRequestSender -- Using pooled Channel '[id: 0xca50dd4e, L:/127.0.0.1:63321 - R:localhost/127.0.0.1:43842]' for 'GET' to 'http://localhost:43842/session/9778c90b-985a-4cec-93d3-6f1a093d937b/url'
22:25:35.633 [Forwarding getCurrentUrl on session 9778c90b-985a-4cec-93d3-6f1a093d937b to remote] DEBUG org.asynchttpclient.netty.request.NettyRequestSender -- Using open Channel [id: 0xca50dd4e, L:/127.0.0.1:63321 - R:localhost/127.0.0.1:43842] for GET '/session/9778c90b-985a-4cec-93d3-6f1a093d937b/url'
22:25:35.633 [AsyncHttpClient-1-5] DEBUG org.asynchttpclient.netty.handler.HttpHandler -- 

Request DefaultFullHttpRequest(decodeResult: success, version: HTTP/1.1, content: EmptyByteBufBE)
GET /session/9778c90b-985a-4cec-93d3-6f1a093d937b/url HTTP/1.1
Cache-Control: no-cache
User-Agent: selenium/4.12.0 (java windows)
Content-Type: application/json; charset=utf-8
host: localhost:43842
accept: */*

Response DefaultHttpResponse(decodeResult: success, version: HTTP/1.1)
HTTP/1.1 200 OK
content-type: application/json; charset=utf-8
cache-control: no-cache
content-length: 47
date: Sun, 28 Apr 2024 03:25:35 GMT

22:25:35.633 [AsyncHttpClient-1-5] DEBUG org.asynchttpclient.netty.channel.ChannelManager -- Adding key: http://localhost:43842 for channel [id: 0xca50dd4e, L:/127.0.0.1:63321 - R:localhost/127.0.0.1:43842]
22:25:35.634 [Forwarding screenshot on session 9778c90b-985a-4cec-93d3-6f1a093d937b to remote] DEBUG org.asynchttpclient.netty.request.NettyRequestSender -- Using pooled Channel '[id: 0xca50dd4e, L:/127.0.0.1:63321 - R:localhost/127.0.0.1:43842]' for 'GET' to 'http://localhost:43842/session/9778c90b-985a-4cec-93d3-6f1a093d937b/screenshot'
22:25:35.634 [Forwarding screenshot on session 9778c90b-985a-4cec-93d3-6f1a093d937b to remote] DEBUG org.asynchttpclient.netty.request.NettyRequestSender -- Using open Channel [id: 0xca50dd4e, L:/127.0.0.1:63321 - R:localhost/127.0.0.1:43842] for GET '/session/9778c90b-985a-4cec-93d3-6f1a093d937b/screenshot'
22:25:35.685 [AsyncHttpClient-1-5] DEBUG org.asynchttpclient.netty.handler.HttpHandler -- 

Request DefaultFullHttpRequest(decodeResult: success, version: HTTP/1.1, content: EmptyByteBufBE)
GET /session/9778c90b-985a-4cec-93d3-6f1a093d937b/screenshot HTTP/1.1
Cache-Control: no-cache
User-Agent: selenium/4.12.0 (java windows)
Content-Type: application/json; charset=utf-8
host: localhost:43842
accept: */*

Response DefaultHttpResponse(decodeResult: success, version: HTTP/1.1)
HTTP/1.1 200 OK
content-type: application/json; charset=utf-8
cache-control: no-cache
content-length: 353640
date: Sun, 28 Apr 2024 03:25:35 GMT

22:25:35.686 [AsyncHttpClient-1-5] DEBUG org.asynchttpclient.netty.channel.ChannelManager -- Adding key: http://localhost:43842 for channel [id: 0xca50dd4e, L:/127.0.0.1:63321 - R:localhost/127.0.0.1:43842]
22:25:35.690 [main] DEBUG net.serenitybdd.core.photography.Darkroom -- Send negative for processing for C:\Users\USUARIO\OneDrive\Documentos\02 Automatización\03 Pragma\pragma\pragma\target\site\serenity\7f822f4105e475c610d667e3e258b01f985aa0876427133aa5418b0db912133e.png
22:25:36.020 [AsyncHttpClient-1-1] DEBUG org.asynchttpclient.netty.channel.DefaultChannelPool -- Entry count for : http://localhost:43842 : 1
22:25:36.705 [main] DEBUG net.thucydides.core.steps.StepInterceptor -- STARTING STEP: StepInterceptor.testContext - validarPrecioCorrectoDeCarrito
22:25:36.707 [Forwarding findElement on session 9778c90b-985a-4cec-93d3-6f1a093d937b to remote] DEBUG org.asynchttpclient.netty.request.NettyRequestSender -- Using pooled Channel '[id: 0xca50dd4e, L:/127.0.0.1:63321 - R:localhost/127.0.0.1:43842]' for 'POST' to 'http://localhost:43842/session/9778c90b-985a-4cec-93d3-6f1a093d937b/element'
22:25:36.707 [Forwarding findElement on session 9778c90b-985a-4cec-93d3-6f1a093d937b to remote] DEBUG org.asynchttpclient.netty.request.NettyRequestSender -- Using open Channel [id: 0xca50dd4e, L:/127.0.0.1:63321 - R:localhost/127.0.0.1:43842] for POST '/session/9778c90b-985a-4cec-93d3-6f1a093d937b/element'
22:25:36.711 [AsyncHttpClient-1-5] DEBUG org.asynchttpclient.netty.handler.HttpHandler -- 

Request DefaultHttpRequest(decodeResult: success, version: HTTP/1.1)
POST /session/9778c90b-985a-4cec-93d3-6f1a093d937b/element HTTP/1.1
User-Agent: selenium/4.12.0 (java windows)
Content-Length: 65
Content-Type: application/json; charset=utf-8
host: localhost:43842
accept: */*

Response DefaultHttpResponse(decodeResult: success, version: HTTP/1.1)
HTTP/1.1 200 OK
content-type: application/json; charset=utf-8
cache-control: no-cache
content-length: 88
date: Sun, 28 Apr 2024 03:25:36 GMT

22:25:36.711 [AsyncHttpClient-1-5] DEBUG org.asynchttpclient.netty.channel.ChannelManager -- Adding key: http://localhost:43842 for channel [id: 0xca50dd4e, L:/127.0.0.1:63321 - R:localhost/127.0.0.1:43842]
22:25:36.712 [Forwarding getElementText on session 9778c90b-985a-4cec-93d3-6f1a093d937b to remote] DEBUG org.asynchttpclient.netty.request.NettyRequestSender -- Using pooled Channel '[id: 0xca50dd4e, L:/127.0.0.1:63321 - R:localhost/127.0.0.1:43842]' for 'GET' to 'http://localhost:43842/session/9778c90b-985a-4cec-93d3-6f1a093d937b/element/e6550d68-fab4-44f8-ba77-9e6a03308137/text'
22:25:36.712 [Forwarding getElementText on session 9778c90b-985a-4cec-93d3-6f1a093d937b to remote] DEBUG org.asynchttpclient.netty.request.NettyRequestSender -- Using open Channel [id: 0xca50dd4e, L:/127.0.0.1:63321 - R:localhost/127.0.0.1:43842] for GET '/session/9778c90b-985a-4cec-93d3-6f1a093d937b/element/e6550d68-fab4-44f8-ba77-9e6a03308137/text'
22:25:36.719 [AsyncHttpClient-1-5] DEBUG org.asynchttpclient.netty.handler.HttpHandler -- 

Request DefaultFullHttpRequest(decodeResult: success, version: HTTP/1.1, content: EmptyByteBufBE)
GET /session/9778c90b-985a-4cec-93d3-6f1a093d937b/element/e6550d68-fab4-44f8-ba77-9e6a03308137/text HTTP/1.1
Cache-Control: no-cache
User-Agent: selenium/4.12.0 (java windows)
Content-Type: application/json; charset=utf-8
host: localhost:43842
accept: */*

Response DefaultHttpResponse(decodeResult: success, version: HTTP/1.1)
HTTP/1.1 200 OK
content-type: application/json; charset=utf-8
cache-control: no-cache
content-length: 16
date: Sun, 28 Apr 2024 03:25:36 GMT

22:25:36.720 [AsyncHttpClient-1-5] DEBUG org.asynchttpclient.netty.channel.ChannelManager -- Adding key: http://localhost:43842 for channel [id: 0xca50dd4e, L:/127.0.0.1:63321 - R:localhost/127.0.0.1:43842]
22:25:36.722 [Forwarding getAlertText on session 9778c90b-985a-4cec-93d3-6f1a093d937b to remote] DEBUG org.asynchttpclient.netty.request.NettyRequestSender -- Using pooled Channel '[id: 0xca50dd4e, L:/127.0.0.1:63321 - R:localhost/127.0.0.1:43842]' for 'GET' to 'http://localhost:43842/session/9778c90b-985a-4cec-93d3-6f1a093d937b/alert/text'
22:25:36.722 [Forwarding getAlertText on session 9778c90b-985a-4cec-93d3-6f1a093d937b to remote] DEBUG org.asynchttpclient.netty.request.NettyRequestSender -- Using open Channel [id: 0xca50dd4e, L:/127.0.0.1:63321 - R:localhost/127.0.0.1:43842] for GET '/session/9778c90b-985a-4cec-93d3-6f1a093d937b/alert/text'
22:25:36.723 [AsyncHttpClient-1-5] DEBUG org.asynchttpclient.netty.handler.HttpHandler -- 

Request DefaultFullHttpRequest(decodeResult: success, version: HTTP/1.1, content: EmptyByteBufBE)
GET /session/9778c90b-985a-4cec-93d3-6f1a093d937b/alert/text HTTP/1.1
Cache-Control: no-cache
User-Agent: selenium/4.12.0 (java windows)
Content-Type: application/json; charset=utf-8
host: localhost:43842
accept: */*

Response DefaultHttpResponse(decodeResult: success, version: HTTP/1.1)
HTTP/1.1 404 Not Found
content-type: application/json; charset=utf-8
cache-control: no-cache
content-length: 842
date: Sun, 28 Apr 2024 03:25:36 GMT

22:25:36.723 [AsyncHttpClient-1-5] DEBUG org.asynchttpclient.netty.channel.ChannelManager -- Adding key: http://localhost:43842 for channel [id: 0xca50dd4e, L:/127.0.0.1:63321 - R:localhost/127.0.0.1:43842]
22:25:36.724 [Forwarding getCurrentUrl on session 9778c90b-985a-4cec-93d3-6f1a093d937b to remote] DEBUG org.asynchttpclient.netty.request.NettyRequestSender -- Using pooled Channel '[id: 0xca50dd4e, L:/127.0.0.1:63321 - R:localhost/127.0.0.1:43842]' for 'GET' to 'http://localhost:43842/session/9778c90b-985a-4cec-93d3-6f1a093d937b/url'
22:25:36.724 [Forwarding getCurrentUrl on session 9778c90b-985a-4cec-93d3-6f1a093d937b to remote] DEBUG org.asynchttpclient.netty.request.NettyRequestSender -- Using open Channel [id: 0xca50dd4e, L:/127.0.0.1:63321 - R:localhost/127.0.0.1:43842] for GET '/session/9778c90b-985a-4cec-93d3-6f1a093d937b/url'
22:25:36.725 [AsyncHttpClient-1-5] DEBUG org.asynchttpclient.netty.handler.HttpHandler -- 

Request DefaultFullHttpRequest(decodeResult: success, version: HTTP/1.1, content: EmptyByteBufBE)
GET /session/9778c90b-985a-4cec-93d3-6f1a093d937b/url HTTP/1.1
Cache-Control: no-cache
User-Agent: selenium/4.12.0 (java windows)
Content-Type: application/json; charset=utf-8
host: localhost:43842
accept: */*

Response DefaultHttpResponse(decodeResult: success, version: HTTP/1.1)
HTTP/1.1 200 OK
content-type: application/json; charset=utf-8
cache-control: no-cache
content-length: 47
date: Sun, 28 Apr 2024 03:25:36 GMT

22:25:36.725 [AsyncHttpClient-1-5] DEBUG org.asynchttpclient.netty.channel.ChannelManager -- Adding key: http://localhost:43842 for channel [id: 0xca50dd4e, L:/127.0.0.1:63321 - R:localhost/127.0.0.1:43842]
22:25:36.725 [Forwarding screenshot on session 9778c90b-985a-4cec-93d3-6f1a093d937b to remote] DEBUG org.asynchttpclient.netty.request.NettyRequestSender -- Using pooled Channel '[id: 0xca50dd4e, L:/127.0.0.1:63321 - R:localhost/127.0.0.1:43842]' for 'GET' to 'http://localhost:43842/session/9778c90b-985a-4cec-93d3-6f1a093d937b/screenshot'
22:25:36.725 [Forwarding screenshot on session 9778c90b-985a-4cec-93d3-6f1a093d937b to remote] DEBUG org.asynchttpclient.netty.request.NettyRequestSender -- Using open Channel [id: 0xca50dd4e, L:/127.0.0.1:63321 - R:localhost/127.0.0.1:43842] for GET '/session/9778c90b-985a-4cec-93d3-6f1a093d937b/screenshot'
22:25:36.765 [AsyncHttpClient-1-5] DEBUG org.asynchttpclient.netty.handler.HttpHandler -- 

Request DefaultFullHttpRequest(decodeResult: success, version: HTTP/1.1, content: EmptyByteBufBE)
GET /session/9778c90b-985a-4cec-93d3-6f1a093d937b/screenshot HTTP/1.1
Cache-Control: no-cache
User-Agent: selenium/4.12.0 (java windows)
Content-Type: application/json; charset=utf-8
host: localhost:43842
accept: */*

Response DefaultHttpResponse(decodeResult: success, version: HTTP/1.1)
HTTP/1.1 200 OK
content-type: application/json; charset=utf-8
cache-control: no-cache
content-length: 353640
date: Sun, 28 Apr 2024 03:25:36 GMT

22:25:36.766 [AsyncHttpClient-1-5] DEBUG org.asynchttpclient.netty.channel.ChannelManager -- Adding key: http://localhost:43842 for channel [id: 0xca50dd4e, L:/127.0.0.1:63321 - R:localhost/127.0.0.1:43842]
22:25:36.770 [main] DEBUG net.serenitybdd.core.photography.Darkroom -- Send negative for processing for C:\Users\USUARIO\OneDrive\Documentos\02 Automatización\03 Pragma\pragma\pragma\target\site\serenity\7f822f4105e475c610d667e3e258b01f985aa0876427133aa5418b0db912133e.png
22:25:37.115 [AsyncHttpClient-1-1] DEBUG org.asynchttpclient.netty.channel.DefaultChannelPool -- Entry count for : http://localhost:43842 : 1
22:25:37.781 [main] DEBUG net.thucydides.core.steps.StepInterceptor -- STEP DONE: validarPrecioCorrectoDeCarrito
22:25:37.788 [Forwarding getAlertText on session 9778c90b-985a-4cec-93d3-6f1a093d937b to remote] DEBUG org.asynchttpclient.netty.request.NettyRequestSender -- Using pooled Channel '[id: 0xca50dd4e, L:/127.0.0.1:63321 - R:localhost/127.0.0.1:43842]' for 'GET' to 'http://localhost:43842/session/9778c90b-985a-4cec-93d3-6f1a093d937b/alert/text'
22:25:37.788 [Forwarding getAlertText on session 9778c90b-985a-4cec-93d3-6f1a093d937b to remote] DEBUG org.asynchttpclient.netty.request.NettyRequestSender -- Using open Channel [id: 0xca50dd4e, L:/127.0.0.1:63321 - R:localhost/127.0.0.1:43842] for GET '/session/9778c90b-985a-4cec-93d3-6f1a093d937b/alert/text'
22:25:37.790 [AsyncHttpClient-1-5] DEBUG org.asynchttpclient.netty.handler.HttpHandler -- 

Request DefaultFullHttpRequest(decodeResult: success, version: HTTP/1.1, content: EmptyByteBufBE)
GET /session/9778c90b-985a-4cec-93d3-6f1a093d937b/alert/text HTTP/1.1
Cache-Control: no-cache
User-Agent: selenium/4.12.0 (java windows)
Content-Type: application/json; charset=utf-8
host: localhost:43842
accept: */*

Response DefaultHttpResponse(decodeResult: success, version: HTTP/1.1)
HTTP/1.1 404 Not Found
content-type: application/json; charset=utf-8
cache-control: no-cache
content-length: 842
date: Sun, 28 Apr 2024 03:25:37 GMT

22:25:37.790 [AsyncHttpClient-1-5] DEBUG org.asynchttpclient.netty.channel.ChannelManager -- Adding key: http://localhost:43842 for channel [id: 0xca50dd4e, L:/127.0.0.1:63321 - R:localhost/127.0.0.1:43842]
22:25:37.792 [Forwarding getCurrentUrl on session 9778c90b-985a-4cec-93d3-6f1a093d937b to remote] DEBUG org.asynchttpclient.netty.request.NettyRequestSender -- Using pooled Channel '[id: 0xca50dd4e, L:/127.0.0.1:63321 - R:localhost/127.0.0.1:43842]' for 'GET' to 'http://localhost:43842/session/9778c90b-985a-4cec-93d3-6f1a093d937b/url'
22:25:37.792 [Forwarding getCurrentUrl on session 9778c90b-985a-4cec-93d3-6f1a093d937b to remote] DEBUG org.asynchttpclient.netty.request.NettyRequestSender -- Using open Channel [id: 0xca50dd4e, L:/127.0.0.1:63321 - R:localhost/127.0.0.1:43842] for GET '/session/9778c90b-985a-4cec-93d3-6f1a093d937b/url'
22:25:37.793 [AsyncHttpClient-1-5] DEBUG org.asynchttpclient.netty.handler.HttpHandler -- 

Request DefaultFullHttpRequest(decodeResult: success, version: HTTP/1.1, content: EmptyByteBufBE)
GET /session/9778c90b-985a-4cec-93d3-6f1a093d937b/url HTTP/1.1
Cache-Control: no-cache
User-Agent: selenium/4.12.0 (java windows)
Content-Type: application/json; charset=utf-8
host: localhost:43842
accept: */*

Response DefaultHttpResponse(decodeResult: success, version: HTTP/1.1)
HTTP/1.1 200 OK
content-type: application/json; charset=utf-8
cache-control: no-cache
content-length: 47
date: Sun, 28 Apr 2024 03:25:37 GMT

22:25:37.793 [AsyncHttpClient-1-5] DEBUG org.asynchttpclient.netty.channel.ChannelManager -- Adding key: http://localhost:43842 for channel [id: 0xca50dd4e, L:/127.0.0.1:63321 - R:localhost/127.0.0.1:43842]
22:25:37.794 [Forwarding screenshot on session 9778c90b-985a-4cec-93d3-6f1a093d937b to remote] DEBUG org.asynchttpclient.netty.request.NettyRequestSender -- Using pooled Channel '[id: 0xca50dd4e, L:/127.0.0.1:63321 - R:localhost/127.0.0.1:43842]' for 'GET' to 'http://localhost:43842/session/9778c90b-985a-4cec-93d3-6f1a093d937b/screenshot'
22:25:37.794 [Forwarding screenshot on session 9778c90b-985a-4cec-93d3-6f1a093d937b to remote] DEBUG org.asynchttpclient.netty.request.NettyRequestSender -- Using open Channel [id: 0xca50dd4e, L:/127.0.0.1:63321 - R:localhost/127.0.0.1:43842] for GET '/session/9778c90b-985a-4cec-93d3-6f1a093d937b/screenshot'
22:25:37.837 [AsyncHttpClient-1-5] DEBUG org.asynchttpclient.netty.handler.HttpHandler -- 

Request DefaultFullHttpRequest(decodeResult: success, version: HTTP/1.1, content: EmptyByteBufBE)
GET /session/9778c90b-985a-4cec-93d3-6f1a093d937b/screenshot HTTP/1.1
Cache-Control: no-cache
User-Agent: selenium/4.12.0 (java windows)
Content-Type: application/json; charset=utf-8
host: localhost:43842
accept: */*

Response DefaultHttpResponse(decodeResult: success, version: HTTP/1.1)
HTTP/1.1 200 OK
content-type: application/json; charset=utf-8
cache-control: no-cache
content-length: 353640
date: Sun, 28 Apr 2024 03:25:37 GMT

22:25:37.838 [AsyncHttpClient-1-5] DEBUG org.asynchttpclient.netty.channel.ChannelManager -- Adding key: http://localhost:43842 for channel [id: 0xca50dd4e, L:/127.0.0.1:63321 - R:localhost/127.0.0.1:43842]
22:25:37.841 [main] DEBUG net.serenitybdd.core.photography.Darkroom -- Send negative for processing for C:\Users\USUARIO\OneDrive\Documentos\02 Automatización\03 Pragma\pragma\pragma\target\site\serenity\7f822f4105e475c610d667e3e258b01f985aa0876427133aa5418b0db912133e.png
22:25:38.215 [AsyncHttpClient-1-1] DEBUG org.asynchttpclient.netty.channel.DefaultChannelPool -- Entry count for : http://localhost:43842 : 1
22:25:38.851 [main] INFO  -- &amp#27;[92m
  _____   ___   ___   _____     ___     _     ___   ___   ___   ___  
 |_   _| | __| / __| |_   _|   | _ \   /_\   / __| / __| | __| |   \ 
   | |   | _|  \__ \   | |     |  _/  / _ \  \__ \ \__ \ | _|  | |) |
   |_|   |___| |___/   |_|     |_|   /_/ \_\ |___/ |___/ |___| |___/ 

Agregar dos productos al carrito de compra y validar el total
----------------------------------------------------------------------&amp#27;[0m
22:25:38.856 [AsyncHttpClient-1-7] DEBUG org.asynchttpclient.netty.channel.NettyConnectListener -- Using new Channel '[id: 0x35bd9c53, L:/127.0.0.1:63515 - R:/127.0.0.1:40133]' for 'GET' to '/devtools/browser/37769770-573b-4dae-a19b-bdb6abbe2107'
22:25:38.863 [AsyncHttpClient-1-7] DEBUG org.asynchttpclient.netty.handler.WebSocketHandler -- 

Request DefaultFullHttpRequest(decodeResult: success, version: HTTP/1.1, content: EmptyByteBufBE)
GET /devtools/browser/37769770-573b-4dae-a19b-bdb6abbe2107 HTTP/1.1
upgrade: websocket
connection: upgrade
sec-websocket-key: Jl+eqMX9q9kiMci2i7qHmw==
sec-websocket-version: 13
origin: http://127.0.0.1:40133
host: 127.0.0.1:40133
accept: */*
user-agent: AHC/2.1

Response DefaultHttpResponse(decodeResult: success, version: HTTP/1.1)
HTTP/1.1 101 Switching Protocols
Server: httpd.js
Upgrade: websocket
Connection: Upgrade
Sec-WebSocket-Accept: ZdxiR7KmoUspOCbWnURC61J4/E0=
Content-Length: 0

22:25:38.866 [AsyncHttpClient-1-7] DEBUG org.asynchttpclient.netty.handler.WebSocketHandler -- Channel Closed: [id: 0x35bd9c53, L:/127.0.0.1:63515 ! R:/127.0.0.1:40133] with attribute DISCARD
22:25:38.866 [Driver Command Executor] DEBUG org.asynchttpclient.netty.request.NettyRequestSender -- Using pooled Channel '[id: 0xca50dd4e, L:/127.0.0.1:63321 - R:localhost/127.0.0.1:43842]' for 'DELETE' to 'http://localhost:43842/session/9778c90b-985a-4cec-93d3-6f1a093d937b'
22:25:38.866 [Driver Command Executor] DEBUG org.asynchttpclient.netty.request.NettyRequestSender -- Using open Channel [id: 0xca50dd4e, L:/127.0.0.1:63321 - R:localhost/127.0.0.1:43842] for DELETE '/session/9778c90b-985a-4cec-93d3-6f1a093d937b'
22:25:39.501 [AsyncHttpClient-1-5] DEBUG org.asynchttpclient.netty.handler.HttpHandler -- 

Request DefaultFullHttpRequest(decodeResult: success, version: HTTP/1.1, content: EmptyByteBufBE)
DELETE /session/9778c90b-985a-4cec-93d3-6f1a093d937b HTTP/1.1
User-Agent: selenium/4.12.0 (java windows)
Content-Type: application/json; charset=utf-8
host: localhost:43842
accept: */*

Response DefaultHttpResponse(decodeResult: success, version: HTTP/1.1)
HTTP/1.1 200 OK
content-type: application/json; charset=utf-8
cache-control: no-cache
content-length: 14
date: Sun, 28 Apr 2024 03:25:38 GMT

22:25:39.501 [AsyncHttpClient-1-5] DEBUG org.asynchttpclient.netty.channel.ChannelManager -- Adding key: http://localhost:43842 for channel [id: 0xca50dd4e, L:/127.0.0.1:63321 - R:localhost/127.0.0.1:43842]
22:25:39.502 [AsyncHttpClient-1-5] DEBUG org.asynchttpclient.netty.handler.HttpHandler -- Unexpected I/O exception on channel [id: 0xca50dd4e, L:/127.0.0.1:63321 - R:localhost/127.0.0.1:43842]
java.net.SocketException: Connection reset
	at java.base/sun.nio.ch.SocketChannelImpl.throwConnectionReset(SocketChannelImpl.java:403)
	at java.base/sun.nio.ch.SocketChannelImpl.implRead(SocketChannelImpl.java:435)
	at java.base/sun.nio.ch.SocketChannelImpl.read(SocketChannelImpl.java:493)
	at io.netty.buffer.PooledByteBuf.setBytes(PooledByteBuf.java:254)
	at io.netty.buffer.AbstractByteBuf.writeBytes(AbstractByteBuf.java:1132)
	at io.netty.channel.socket.nio.NioSocketChannel.doReadBytes(NioSocketChannel.java:357)
	at io.netty.channel.nio.AbstractNioByteChannel$NioByteUnsafe.read(AbstractNioByteChannel.java:151)
	at io.netty.channel.nio.NioEventLoop.processSelectedKey(NioEventLoop.java:788)
	at io.netty.channel.nio.NioEventLoop.processSelectedKeysOptimized(NioEventLoop.java:724)
	at io.netty.channel.nio.NioEventLoop.processSelectedKeys(NioEventLoop.java:650)
	at io.netty.channel.nio.NioEventLoop.run(NioEventLoop.java:562)
	at io.netty.util.concurrent.SingleThreadEventExecutor$4.run(SingleThreadEventExecutor.java:997)
	at io.netty.util.internal.ThreadExecutorMap$2.run(ThreadExecutorMap.java:74)
	at io.netty.util.concurrent.FastThreadLocalRunnable.run(FastThreadLocalRunnable.java:30)
	at java.base/java.lang.Thread.run(Thread.java:1570)
22:25:39.502 [AsyncHttpClient-1-5] DEBUG org.asynchttpclient.netty.channel.ChannelManager -- Closing Channel [id: 0xca50dd4e, L:/127.0.0.1:63321 - R:localhost/127.0.0.1:43842] 
22:25:39.503 [AsyncHttpClient-1-5] DEBUG org.asynchttpclient.netty.handler.HttpHandler -- Channel Closed: [id: 0xca50dd4e, L:/127.0.0.1:63321 ! R:localhost/127.0.0.1:43842] with attribute DISCARD
]]></system-out>
    <system-err><![CDATA[abr 27, 2024 10:25:04 P. M. org.openqa.selenium.manager.SeleniumManager lambda$runCommand$1
INFO: Driver path: C:\Users\USUARIO\.cache\selenium\geckodriver\win64\0.34.0\geckodriver.exe
abr 27, 2024 10:25:04 P. M. org.openqa.selenium.manager.SeleniumManager lambda$runCommand$1
INFO: Browser path: C:\Program Files\Mozilla Firefox\firefox.exe
]]></system-err>
  </testcase>
</testsuite>