<?xml version="1.0" encoding="UTF-8"?>
<testsuite xmlns:xsi="http://www.w3.org/2001/XMLSchema-instance" xsi:noNamespaceSchemaLocation="https://maven.apache.org/surefire/maven-failsafe-plugin/xsd/failsafe-test-report-3.0.xsd" version="3.0" name="pragma.acceptanceTests.RunnerEliminarProductosCarritoTest" time="78.872" tests="2" errors="0" skipped="0" failures="0">
  <properties>
    <property name="java.specification.version" value="22"/>
    <property name="sun.cpu.isalist" value="amd64"/>
    <property name="sun.jnu.encoding" value="Cp1252"/>
    <property name="java.class.path" value="C:\Users\USUARIO\OneDrive\Documentos\02 Automatización\03 Pragma\pragma\pragma\target\test-classes;C:\Users\USUARIO\OneDrive\Documentos\02 Automatización\03 Pragma\pragma\pragma\target\pragma-1.0-SNAPSHOT.jar;C:\Users\USUARIO\.m2\repository\net\serenity-bdd\serenity-core\4.0.1\serenity-core-4.0.1.jar;C:\Users\USUARIO\.m2\repository\net\serenity-bdd\serenity-model\4.0.1\serenity-model-4.0.1.jar;C:\Users\USUARIO\.m2\repository\commons-net\commons-net\3.9.0\commons-net-3.9.0.jar;C:\Users\USUARIO\.m2\repository\com\google\guava\guava\32.1.2-jre\guava-32.1.2-jre.jar;C:\Users\USUARIO\.m2\repository\com\google\guava\failureaccess\1.0.1\failureaccess-1.0.1.jar;C:\Users\USUARIO\.m2\repository\com\google\guava\listenablefuture\9999.0-empty-to-avoid-conflict-with-guava\listenablefuture-9999.0-empty-to-avoid-conflict-with-guava.jar;C:\Users\USUARIO\.m2\repository\com\google\code\findbugs\jsr305\3.0.2\jsr305-3.0.2.jar;C:\Users\USUARIO\.m2\repository\org\checkerframework\checker-qual\3.33.0\checker-qual-3.33.0.jar;C:\Users\USUARIO\.m2\repository\com\google\errorprone\error_prone_annotations\2.18.0\error_prone_annotations-2.18.0.jar;C:\Users\USUARIO\.m2\repository\com\google\j2objc\j2objc-annotations\2.8\j2objc-annotations-2.8.jar;C:\Users\USUARIO\.m2\repository\org\jsoup\jsoup\1.15.4\jsoup-1.15.4.jar;C:\Users\USUARIO\.m2\repository\com\thoughtworks\xstream\xstream\1.4.20\xstream-1.4.20.jar;C:\Users\USUARIO\.m2\repository\io\github\x-stream\mxparser\1.2.2\mxparser-1.2.2.jar;C:\Users\USUARIO\.m2\repository\xmlpull\xmlpull\1.1.3.1\xmlpull-1.1.3.1.jar;C:\Users\USUARIO\.m2\repository\com\typesafe\config\1.4.2\config-1.4.2.jar;C:\Users\USUARIO\.m2\repository\org\imgscalr\imgscalr-lib\4.2\imgscalr-lib-4.2.jar;C:\Users\USUARIO\.m2\repository\org\awaitility\awaitility\4.2.0\awaitility-4.2.0.jar;C:\Users\USUARIO\.m2\repository\org\freemarker\freemarker\2.3.31\freemarker-2.3.31.jar;C:\Users\USUARIO\.m2\repository\io\github\classgraph\classgraph\4.8.157\classgraph-4.8.157.jar;C:\Users\USUARIO\.m2\repository\com\github\ben-manes\caffeine\caffeine\2.9.2\caffeine-2.9.2.jar;C:\Users\USUARIO\.m2\repository\org\ehcache\ehcache\3.10.8\ehcache-3.10.8.jar;C:\Users\USUARIO\.m2\repository\javax\cache\cache-api\1.1.0\cache-api-1.1.0.jar;C:\Users\USUARIO\.m2\repository\net\sourceforge\jexcelapi\jxl\2.6.12\jxl-2.6.12.jar;C:\Users\USUARIO\.m2\repository\net\bytebuddy\byte-buddy-agent\1.14.5\byte-buddy-agent-1.14.5.jar;C:\Users\USUARIO\.m2\repository\org\objenesis\objenesis\3.3\objenesis-3.3.jar;C:\Users\USUARIO\.m2\repository\com\vladsch\flexmark\flexmark-all\0.64.8\flexmark-all-0.64.8.jar;C:\Users\USUARIO\.m2\repository\com\vladsch\flexmark\flexmark\0.64.8\flexmark-0.64.8.jar;C:\Users\USUARIO\.m2\repository\com\vladsch\flexmark\flexmark-ext-abbreviation\0.64.8\flexmark-ext-abbreviation-0.64.8.jar;C:\Users\USUARIO\.m2\repository\com\vladsch\flexmark\flexmark-util\0.64.8\flexmark-util-0.64.8.jar;C:\Users\USUARIO\.m2\repository\com\vladsch\flexmark\flexmark-ext-admonition\0.64.8\flexmark-ext-admonition-0.64.8.jar;C:\Users\USUARIO\.m2\repository\com\vladsch\flexmark\flexmark-ext-anchorlink\0.64.8\flexmark-ext-anchorlink-0.64.8.jar;C:\Users\USUARIO\.m2\repository\com\vladsch\flexmark\flexmark-ext-aside\0.64.8\flexmark-ext-aside-0.64.8.jar;C:\Users\USUARIO\.m2\repository\com\vladsch\flexmark\flexmark-ext-attributes\0.64.8\flexmark-ext-attributes-0.64.8.jar;C:\Users\USUARIO\.m2\repository\com\vladsch\flexmark\flexmark-ext-autolink\0.64.8\flexmark-ext-autolink-0.64.8.jar;C:\Users\USUARIO\.m2\repository\org\nibor\autolink\autolink\0.6.0\autolink-0.6.0.jar;C:\Users\USUARIO\.m2\repository\com\vladsch\flexmark\flexmark-ext-definition\0.64.8\flexmark-ext-definition-0.64.8.jar;C:\Users\USUARIO\.m2\repository\com\vladsch\flexmark\flexmark-ext-emoji\0.64.8\flexmark-ext-emoji-0.64.8.jar;C:\Users\USUARIO\.m2\repository\com\vladsch\flexmark\flexmark-ext-enumerated-reference\0.64.8\flexmark-ext-enumerated-reference-0.64.8.jar;C:\Users\USUARIO\.m2\repository\com\vladsch\flexmark\flexmark-ext-escaped-character\0.64.8\flexmark-ext-escaped-character-0.64.8.jar;C:\Users\USUARIO\.m2\repository\com\vladsch\flexmark\flexmark-ext-footnotes\0.64.8\flexmark-ext-footnotes-0.64.8.jar;C:\Users\USUARIO\.m2\repository\com\vladsch\flexmark\flexmark-ext-gfm-issues\0.64.8\flexmark-ext-gfm-issues-0.64.8.jar;C:\Users\USUARIO\.m2\repository\com\vladsch\flexmark\flexmark-ext-gfm-strikethrough\0.64.8\flexmark-ext-gfm-strikethrough-0.64.8.jar;C:\Users\USUARIO\.m2\repository\com\vladsch\flexmark\flexmark-ext-gfm-tasklist\0.64.8\flexmark-ext-gfm-tasklist-0.64.8.jar;C:\Users\USUARIO\.m2\repository\com\vladsch\flexmark\flexmark-ext-gfm-users\0.64.8\flexmark-ext-gfm-users-0.64.8.jar;C:\Users\USUARIO\.m2\repository\com\vladsch\flexmark\flexmark-ext-gitlab\0.64.8\flexmark-ext-gitlab-0.64.8.jar;C:\Users\USUARIO\.m2\repository\com\vladsch\flexmark\flexmark-ext-jekyll-front-matter\0.64.8\flexmark-ext-jekyll-front-matter-0.64.8.jar;C:\Users\USUARIO\.m2\repository\com\vladsch\flexmark\flexmark-ext-jekyll-tag\0.64.8\flexmark-ext-jekyll-tag-0.64.8.jar;C:\Users\USUARIO\.m2\repository\com\vladsch\flexmark\flexmark-ext-media-tags\0.64.8\flexmark-ext-media-tags-0.64.8.jar;C:\Users\USUARIO\.m2\repository\com\vladsch\flexmark\flexmark-ext-resizable-image\0.64.8\flexmark-ext-resizable-image-0.64.8.jar;C:\Users\USUARIO\.m2\repository\com\vladsch\flexmark\flexmark-ext-macros\0.64.8\flexmark-ext-macros-0.64.8.jar;C:\Users\USUARIO\.m2\repository\com\vladsch\flexmark\flexmark-ext-ins\0.64.8\flexmark-ext-ins-0.64.8.jar;C:\Users\USUARIO\.m2\repository\com\vladsch\flexmark\flexmark-ext-xwiki-macros\0.64.8\flexmark-ext-xwiki-macros-0.64.8.jar;C:\Users\USUARIO\.m2\repository\com\vladsch\flexmark\flexmark-ext-superscript\0.64.8\flexmark-ext-superscript-0.64.8.jar;C:\Users\USUARIO\.m2\repository\com\vladsch\flexmark\flexmark-ext-tables\0.64.8\flexmark-ext-tables-0.64.8.jar;C:\Users\USUARIO\.m2\repository\com\vladsch\flexmark\flexmark-ext-toc\0.64.8\flexmark-ext-toc-0.64.8.jar;C:\Users\USUARIO\.m2\repository\com\vladsch\flexmark\flexmark-ext-typographic\0.64.8\flexmark-ext-typographic-0.64.8.jar;C:\Users\USUARIO\.m2\repository\com\vladsch\flexmark\flexmark-ext-wikilink\0.64.8\flexmark-ext-wikilink-0.64.8.jar;C:\Users\USUARIO\.m2\repository\com\vladsch\flexmark\flexmark-ext-yaml-front-matter\0.64.8\flexmark-ext-yaml-front-matter-0.64.8.jar;C:\Users\USUARIO\.m2\repository\com\vladsch\flexmark\flexmark-ext-youtube-embedded\0.64.8\flexmark-ext-youtube-embedded-0.64.8.jar;C:\Users\USUARIO\.m2\repository\com\vladsch\flexmark\flexmark-html2md-converter\0.64.8\flexmark-html2md-converter-0.64.8.jar;C:\Users\USUARIO\.m2\repository\com\vladsch\flexmark\flexmark-jira-converter\0.64.8\flexmark-jira-converter-0.64.8.jar;C:\Users\USUARIO\.m2\repository\com\vladsch\flexmark\flexmark-pdf-converter\0.64.8\flexmark-pdf-converter-0.64.8.jar;C:\Users\USUARIO\.m2\repository\com\openhtmltopdf\openhtmltopdf-core\1.0.10\openhtmltopdf-core-1.0.10.jar;C:\Users\USUARIO\.m2\repository\com\openhtmltopdf\openhtmltopdf-pdfbox\1.0.10\openhtmltopdf-pdfbox-1.0.10.jar;C:\Users\USUARIO\.m2\repository\org\apache\pdfbox\pdfbox\2.0.24\pdfbox-2.0.24.jar;C:\Users\USUARIO\.m2\repository\org\apache\pdfbox\fontbox\2.0.24\fontbox-2.0.24.jar;C:\Users\USUARIO\.m2\repository\org\apache\pdfbox\xmpbox\2.0.24\xmpbox-2.0.24.jar;C:\Users\USUARIO\.m2\repository\de\rototor\pdfbox\graphics2d\0.32\graphics2d-0.32.jar;C:\Users\USUARIO\.m2\repository\com\openhtmltopdf\openhtmltopdf-rtl-support\1.0.10\openhtmltopdf-rtl-support-1.0.10.jar;C:\Users\USUARIO\.m2\repository\com\vladsch\flexmark\flexmark-profile-pegdown\0.64.8\flexmark-profile-pegdown-0.64.8.jar;C:\Users\USUARIO\.m2\repository\com\vladsch\flexmark\flexmark-util-ast\0.64.8\flexmark-util-ast-0.64.8.jar;C:\Users\USUARIO\.m2\repository\com\vladsch\flexmark\flexmark-util-builder\0.64.8\flexmark-util-builder-0.64.8.jar;C:\Users\USUARIO\.m2\repository\com\vladsch\flexmark\flexmark-util-collection\0.64.8\flexmark-util-collection-0.64.8.jar;C:\Users\USUARIO\.m2\repository\com\vladsch\flexmark\flexmark-util-data\0.64.8\flexmark-util-data-0.64.8.jar;C:\Users\USUARIO\.m2\repository\com\vladsch\flexmark\flexmark-util-dependency\0.64.8\flexmark-util-dependency-0.64.8.jar;C:\Users\USUARIO\.m2\repository\com\vladsch\flexmark\flexmark-util-format\0.64.8\flexmark-util-format-0.64.8.jar;C:\Users\USUARIO\.m2\repository\com\vladsch\flexmark\flexmark-util-html\0.64.8\flexmark-util-html-0.64.8.jar;C:\Users\USUARIO\.m2\repository\com\vladsch\flexmark\flexmark-util-misc\0.64.8\flexmark-util-misc-0.64.8.jar;C:\Users\USUARIO\.m2\repository\com\vladsch\flexmark\flexmark-util-options\0.64.8\flexmark-util-options-0.64.8.jar;C:\Users\USUARIO\.m2\repository\com\vladsch\flexmark\flexmark-util-sequence\0.64.8\flexmark-util-sequence-0.64.8.jar;C:\Users\USUARIO\.m2\repository\com\vladsch\flexmark\flexmark-util-visitor\0.64.8\flexmark-util-visitor-0.64.8.jar;C:\Users\USUARIO\.m2\repository\com\vladsch\flexmark\flexmark-youtrack-converter\0.64.8\flexmark-youtrack-converter-0.64.8.jar;C:\Users\USUARIO\.m2\repository\net\serenity-bdd\serenity-reports\4.0.1\serenity-reports-4.0.1.jar;C:\Users\USUARIO\.m2\repository\net\serenity-bdd\serenity-stats\4.0.1\serenity-stats-4.0.1.jar;C:\Users\USUARIO\.m2\repository\net\serenity-bdd\serenity-reports-configuration\4.0.1\serenity-reports-configuration-4.0.1.jar;C:\Users\USUARIO\.m2\repository\com\ibm\icu\icu4j\72.1\icu4j-72.1.jar;C:\Users\USUARIO\.m2\repository\es\nitaur\markdown\txtmark\0.16\txtmark-0.16.jar;C:\Users\USUARIO\.m2\repository\net\serenity-bdd\serenity-report-resources\4.0.1\serenity-report-resources-4.0.1.jar;C:\Users\USUARIO\.m2\repository\com\google\code\gson\gson\2.10.1\gson-2.10.1.jar;C:\Users\USUARIO\.m2\repository\com\fasterxml\jackson\core\jackson-core\2.15.2\jackson-core-2.15.2.jar;C:\Users\USUARIO\.m2\repository\com\fasterxml\jackson\core\jackson-databind\2.15.2\jackson-databind-2.15.2.jar;C:\Users\USUARIO\.m2\repository\com\fasterxml\jackson\core\jackson-annotations\2.15.2\jackson-annotations-2.15.2.jar;C:\Users\USUARIO\.m2\repository\commons-codec\commons-codec\1.16.0\commons-codec-1.16.0.jar;C:\Users\USUARIO\.m2\repository\commons-io\commons-io\2.11.0\commons-io-2.11.0.jar;C:\Users\USUARIO\.m2\repository\org\apache\httpcomponents\httpclient\4.5.13\httpclient-4.5.13.jar;C:\Users\USUARIO\.m2\repository\org\apache\httpcomponents\httpcore\4.4.13\httpcore-4.4.13.jar;C:\Users\USUARIO\.m2\repository\commons-logging\commons-logging\1.2\commons-logging-1.2.jar;C:\Users\USUARIO\.m2\repository\org\seleniumhq\selenium\selenium-java\4.12.0\selenium-java-4.12.0.jar;C:\Users\USUARIO\.m2\repository\org\seleniumhq\selenium\selenium-devtools-v114\4.12.0\selenium-devtools-v114-4.12.0.jar;C:\Users\USUARIO\.m2\repository\org\seleniumhq\selenium\selenium-devtools-v115\4.12.0\selenium-devtools-v115-4.12.0.jar;C:\Users\USUARIO\.m2\repository\org\seleniumhq\selenium\selenium-devtools-v116\4.12.0\selenium-devtools-v116-4.12.0.jar;C:\Users\USUARIO\.m2\repository\org\seleniumhq\selenium\selenium-devtools-v85\4.12.0\selenium-devtools-v85-4.12.0.jar;C:\Users\USUARIO\.m2\repository\org\seleniumhq\selenium\selenium-remote-driver\4.12.0\selenium-remote-driver-4.12.0.jar;C:\Users\USUARIO\.m2\repository\io\netty\netty-buffer\4.1.96.Final\netty-buffer-4.1.96.Final.jar;C:\Users\USUARIO\.m2\repository\io\netty\netty-codec-http\4.1.96.Final\netty-codec-http-4.1.96.Final.jar;C:\Users\USUARIO\.m2\repository\io\netty\netty-codec\4.1.96.Final\netty-codec-4.1.96.Final.jar;C:\Users\USUARIO\.m2\repository\io\netty\netty-handler\4.1.96.Final\netty-handler-4.1.96.Final.jar;C:\Users\USUARIO\.m2\repository\io\netty\netty-common\4.1.96.Final\netty-common-4.1.96.Final.jar;C:\Users\USUARIO\.m2\repository\io\netty\netty-transport-classes-epoll\4.1.96.Final\netty-transport-classes-epoll-4.1.96.Final.jar;C:\Users\USUARIO\.m2\repository\io\netty\netty-transport-classes-kqueue\4.1.96.Final\netty-transport-classes-kqueue-4.1.96.Final.jar;C:\Users\USUARIO\.m2\repository\io\netty\netty-transport-native-epoll\4.1.96.Final\netty-transport-native-epoll-4.1.96.Final.jar;C:\Users\USUARIO\.m2\repository\io\netty\netty-transport-native-kqueue\4.1.96.Final\netty-transport-native-kqueue-4.1.96.Final.jar;C:\Users\USUARIO\.m2\repository\io\netty\netty-transport-native-unix-common\4.1.96.Final\netty-transport-native-unix-common-4.1.96.Final.jar;C:\Users\USUARIO\.m2\repository\io\netty\netty-transport\4.1.96.Final\netty-transport-4.1.96.Final.jar;C:\Users\USUARIO\.m2\repository\io\netty\netty-resolver\4.1.96.Final\netty-resolver-4.1.96.Final.jar;C:\Users\USUARIO\.m2\repository\io\opentelemetry\opentelemetry-api\1.28.0\opentelemetry-api-1.28.0.jar;C:\Users\USUARIO\.m2\repository\io\opentelemetry\opentelemetry-context\1.28.0\opentelemetry-context-1.28.0.jar;C:\Users\USUARIO\.m2\repository\io\opentelemetry\opentelemetry-exporter-logging\1.28.0\opentelemetry-exporter-logging-1.28.0.jar;C:\Users\USUARIO\.m2\repository\io\opentelemetry\opentelemetry-sdk-metrics\1.28.0\opentelemetry-sdk-metrics-1.28.0.jar;C:\Users\USUARIO\.m2\repository\io\opentelemetry\opentelemetry-extension-incubator\1.28.0-alpha\opentelemetry-extension-incubator-1.28.0-alpha.jar;C:\Users\USUARIO\.m2\repository\io\opentelemetry\opentelemetry-sdk-logs\1.28.0\opentelemetry-sdk-logs-1.28.0.jar;C:\Users\USUARIO\.m2\repository\io\opentelemetry\opentelemetry-sdk-common\1.28.0\opentelemetry-sdk-common-1.28.0.jar;C:\Users\USUARIO\.m2\repository\io\opentelemetry\opentelemetry-sdk-extension-autoconfigure-spi\1.28.0\opentelemetry-sdk-extension-autoconfigure-spi-1.28.0.jar;C:\Users\USUARIO\.m2\repository\io\opentelemetry\opentelemetry-sdk-extension-autoconfigure\1.28.0\opentelemetry-sdk-extension-autoconfigure-1.28.0.jar;C:\Users\USUARIO\.m2\repository\io\opentelemetry\opentelemetry-api-events\1.28.0-alpha\opentelemetry-api-events-1.28.0-alpha.jar;C:\Users\USUARIO\.m2\repository\io\opentelemetry\opentelemetry-sdk-trace\1.28.0\opentelemetry-sdk-trace-1.28.0.jar;C:\Users\USUARIO\.m2\repository\io\opentelemetry\opentelemetry-sdk\1.28.0\opentelemetry-sdk-1.28.0.jar;C:\Users\USUARIO\.m2\repository\io\opentelemetry\opentelemetry-semconv\1.28.0-alpha\opentelemetry-semconv-1.28.0-alpha.jar;C:\Users\USUARIO\.m2\repository\org\asynchttpclient\async-http-client\2.12.3\async-http-client-2.12.3.jar;C:\Users\USUARIO\.m2\repository\org\asynchttpclient\async-http-client-netty-utils\2.12.3\async-http-client-netty-utils-2.12.3.jar;C:\Users\USUARIO\.m2\repository\io\netty\netty-codec-socks\4.1.60.Final\netty-codec-socks-4.1.60.Final.jar;C:\Users\USUARIO\.m2\repository\io\netty\netty-handler-proxy\4.1.60.Final\netty-handler-proxy-4.1.60.Final.jar;C:\Users\USUARIO\.m2\repository\io\netty\netty-transport-native-epoll\4.1.60.Final\netty-transport-native-epoll-4.1.60.Final-linux-x86_64.jar;C:\Users\USUARIO\.m2\repository\io\netty\netty-transport-native-kqueue\4.1.60.Final\netty-transport-native-kqueue-4.1.60.Final-osx-x86_64.jar;C:\Users\USUARIO\.m2\repository\org\reactivestreams\reactive-streams\1.0.3\reactive-streams-1.0.3.jar;C:\Users\USUARIO\.m2\repository\com\typesafe\netty\netty-reactive-streams\2.0.4\netty-reactive-streams-2.0.4.jar;C:\Users\USUARIO\.m2\repository\org\seleniumhq\selenium\selenium-os\4.12.0\selenium-os-4.12.0.jar;C:\Users\USUARIO\.m2\repository\org\apache\commons\commons-exec\1.3\commons-exec-1.3.jar;C:\Users\USUARIO\.m2\repository\org\seleniumhq\selenium\selenium-safari-driver\4.12.0\selenium-safari-driver-4.12.0.jar;C:\Users\USUARIO\.m2\repository\org\seleniumhq\selenium\selenium-api\4.12.0\selenium-api-4.12.0.jar;C:\Users\USUARIO\.m2\repository\org\seleniumhq\selenium\selenium-support\4.12.0\selenium-support-4.12.0.jar;C:\Users\USUARIO\.m2\repository\com\google\auto\service\auto-service-annotations\1.1.1\auto-service-annotations-1.1.1.jar;C:\Users\USUARIO\.m2\repository\org\seleniumhq\selenium\selenium-json\4.12.0\selenium-json-4.12.0.jar;C:\Users\USUARIO\.m2\repository\org\seleniumhq\selenium\selenium-chrome-driver\4.12.0\selenium-chrome-driver-4.12.0.jar;C:\Users\USUARIO\.m2\repository\org\seleniumhq\selenium\selenium-chromium-driver\4.12.0\selenium-chromium-driver-4.12.0.jar;C:\Users\USUARIO\.m2\repository\org\seleniumhq\selenium\selenium-manager\4.12.0\selenium-manager-4.12.0.jar;C:\Users\USUARIO\.m2\repository\org\seleniumhq\selenium\selenium-firefox-driver\4.12.0\selenium-firefox-driver-4.12.0.jar;C:\Users\USUARIO\.m2\repository\org\seleniumhq\selenium\selenium-http\4.12.0\selenium-http-4.12.0.jar;C:\Users\USUARIO\.m2\repository\dev\failsafe\failsafe\3.3.2\failsafe-3.3.2.jar;C:\Users\USUARIO\.m2\repository\org\seleniumhq\selenium\selenium-edge-driver\4.12.0\selenium-edge-driver-4.12.0.jar;C:\Users\USUARIO\.m2\repository\org\seleniumhq\selenium\selenium-ie-driver\4.12.0\selenium-ie-driver-4.12.0.jar;C:\Users\USUARIO\.m2\repository\org\projectlombok\lombok\1.18.20\lombok-1.18.20.jar;C:\Users\USUARIO\.m2\repository\org\htmlunit\htmlunit\3.4.0\htmlunit-3.4.0.jar;C:\Users\USUARIO\.m2\repository\org\htmlunit\htmlunit-core-js\3.4.0\htmlunit-core-js-3.4.0.jar;C:\Users\USUARIO\.m2\repository\org\htmlunit\neko-htmlunit\3.4.0\neko-htmlunit-3.4.0.jar;C:\Users\USUARIO\.m2\repository\org\htmlunit\htmlunit-cssparser\3.4.0\htmlunit-cssparser-3.4.0.jar;C:\Users\USUARIO\.m2\repository\org\htmlunit\htmlunit-xpath\3.4.0\htmlunit-xpath-3.4.0.jar;C:\Users\USUARIO\.m2\repository\org\brotli\dec\0.1.2\dec-0.1.2.jar;C:\Users\USUARIO\.m2\repository\com\shapesecurity\salvation2\3.0.1\salvation2-3.0.1.jar;C:\Users\USUARIO\.m2\repository\org\eclipse\jetty\websocket\websocket-client\9.4.51.v20230217\websocket-client-9.4.51.v20230217.jar;C:\Users\USUARIO\.m2\repository\org\eclipse\jetty\jetty-client\9.4.51.v20230217\jetty-client-9.4.51.v20230217.jar;C:\Users\USUARIO\.m2\repository\org\eclipse\jetty\jetty-http\9.4.51.v20230217\jetty-http-9.4.51.v20230217.jar;C:\Users\USUARIO\.m2\repository\org\eclipse\jetty\jetty-util\9.4.51.v20230217\jetty-util-9.4.51.v20230217.jar;C:\Users\USUARIO\.m2\repository\org\eclipse\jetty\jetty-io\9.4.51.v20230217\jetty-io-9.4.51.v20230217.jar;C:\Users\USUARIO\.m2\repository\org\eclipse\jetty\websocket\websocket-common\9.4.51.v20230217\websocket-common-9.4.51.v20230217.jar;C:\Users\USUARIO\.m2\repository\org\eclipse\jetty\websocket\websocket-api\9.4.51.v20230217\websocket-api-9.4.51.v20230217.jar;C:\Users\USUARIO\.m2\repository\org\seleniumhq\selenium\htmlunit3-driver\4.10.0\htmlunit3-driver-4.10.0.jar;C:\Users\USUARIO\.m2\repository\io\appium\java-client\8.3.0\java-client-8.3.0.jar;C:\Users\USUARIO\.m2\repository\commons-validator\commons-validator\1.7\commons-validator-1.7.jar;C:\Users\USUARIO\.m2\repository\commons-digester\commons-digester\2.1\commons-digester-2.1.jar;C:\Users\USUARIO\.m2\repository\org\apache\groovy\groovy\4.0.13\groovy-4.0.13.jar;C:\Users\USUARIO\.m2\repository\net\sf\opencsv\opencsv\2.0\opencsv-2.0.jar;C:\Users\USUARIO\.m2\repository\commons-beanutils\commons-beanutils\1.9.4\commons-beanutils-1.9.4.jar;C:\Users\USUARIO\.m2\repository\commons-collections\commons-collections\3.2.2\commons-collections-3.2.2.jar;C:\Users\USUARIO\.m2\repository\org\apache\commons\commons-lang3\3.13.0\commons-lang3-3.13.0.jar;C:\Users\USUARIO\.m2\repository\org\apache\commons\commons-collections4\4.4\commons-collections4-4.4.jar;C:\Users\USUARIO\.m2\repository\org\apache\commons\commons-compress\1.23.0\commons-compress-1.23.0.jar;C:\Users\USUARIO\.m2\repository\org\fluentlenium\fluentlenium-core\0.10.2\fluentlenium-core-0.10.2.jar;C:\Users\USUARIO\.m2\repository\com\jhlabs\filters\2.0.235\filters-2.0.235.jar;C:\Users\USUARIO\.m2\repository\com\paulhammant\ngwebdriver\1.1.6\ngwebdriver-1.1.6.jar;C:\Users\USUARIO\.m2\repository\joda-time\joda-time\2.12.2\joda-time-2.12.2.jar;C:\Users\USUARIO\.m2\repository\org\hamcrest\hamcrest\2.2\hamcrest-2.2.jar;C:\Users\USUARIO\.m2\repository\com\google\jimfs\jimfs\1.3.0\jimfs-1.3.0.jar;C:\Users\USUARIO\.m2\repository\org\mockito\mockito-core\3.3.3\mockito-core-3.3.3.jar;C:\Users\USUARIO\.m2\repository\javax\xml\bind\jaxb-api\2.3.1\jaxb-api-2.3.1.jar;C:\Users\USUARIO\.m2\repository\javax\activation\javax.activation-api\1.2.0\javax.activation-api-1.2.0.jar;C:\Users\USUARIO\.m2\repository\com\sun\xml\bind\jaxb-core\2.3.0.1\jaxb-core-2.3.0.1.jar;C:\Users\USUARIO\.m2\repository\com\sun\xml\bind\jaxb-impl\2.3.3\jaxb-impl-2.3.3.jar;C:\Users\USUARIO\.m2\repository\com\sun\activation\jakarta.activation\1.2.2\jakarta.activation-1.2.2.jar;C:\Users\USUARIO\.m2\repository\javax\activation\activation\1.1.1\activation-1.1.1.jar;C:\Users\USUARIO\.m2\repository\net\serenity-bdd\serenity-cucumber\4.0.1\serenity-cucumber-4.0.1.jar;C:\Users\USUARIO\.m2\repository\io\cucumber\cucumber-core\7.13.0\cucumber-core-7.13.0.jar;C:\Users\USUARIO\.m2\repository\io\cucumber\cucumber-gherkin\7.13.0\cucumber-gherkin-7.13.0.jar;C:\Users\USUARIO\.m2\repository\io\cucumber\cucumber-gherkin-messages\7.13.0\cucumber-gherkin-messages-7.13.0.jar;C:\Users\USUARIO\.m2\repository\io\cucumber\gherkin\26.2.0\gherkin-26.2.0.jar;C:\Users\USUARIO\.m2\repository\io\cucumber\messages\22.0.0\messages-22.0.0.jar;C:\Users\USUARIO\.m2\repository\io\cucumber\tag-expressions\5.0.1\tag-expressions-5.0.1.jar;C:\Users\USUARIO\.m2\repository\io\cucumber\cucumber-expressions\16.1.2\cucumber-expressions-16.1.2.jar;C:\Users\USUARIO\.m2\repository\io\cucumber\datatable\7.13.0\datatable-7.13.0.jar;C:\Users\USUARIO\.m2\repository\io\cucumber\cucumber-plugin\7.13.0\cucumber-plugin-7.13.0.jar;C:\Users\USUARIO\.m2\repository\io\cucumber\docstring\7.13.0\docstring-7.13.0.jar;C:\Users\USUARIO\.m2\repository\io\cucumber\html-formatter\20.3.1\html-formatter-20.3.1.jar;C:\Users\USUARIO\.m2\repository\io\cucumber\junit-xml-formatter\0.2.0\junit-xml-formatter-0.2.0.jar;C:\Users\USUARIO\.m2\repository\io\cucumber\ci-environment\9.2.0\ci-environment-9.2.0.jar;C:\Users\USUARIO\.m2\repository\io\cucumber\cucumber-java\7.13.0\cucumber-java-7.13.0.jar;C:\Users\USUARIO\.m2\repository\io\cucumber\cucumber-junit\7.13.0\cucumber-junit-7.13.0.jar;C:\Users\USUARIO\.m2\repository\org\apache\commons\commons-csv\1.5\commons-csv-1.5.jar;C:\Users\USUARIO\.m2\repository\net\serenity-bdd\serenity-screenplay\4.0.1\serenity-screenplay-4.0.1.jar;C:\Users\USUARIO\.m2\repository\net\serenity-bdd\serenity-screenplay-webdriver\4.0.1\serenity-screenplay-webdriver-4.0.1.jar;C:\Users\USUARIO\.m2\repository\net\serenity-bdd\serenity-ensure\4.0.1\serenity-ensure-4.0.1.jar;C:\Users\USUARIO\.m2\repository\org\jetbrains\kotlin\kotlin-stdlib\1.9.0\kotlin-stdlib-1.9.0.jar;C:\Users\USUARIO\.m2\repository\org\jetbrains\kotlin\kotlin-stdlib-common\1.9.0\kotlin-stdlib-common-1.9.0.jar;C:\Users\USUARIO\.m2\repository\org\jetbrains\annotations\13.0\annotations-13.0.jar;C:\Users\USUARIO\.m2\repository\net\serenity-bdd\serenity-rest-assured\4.0.1\serenity-rest-assured-4.0.1.jar;C:\Users\USUARIO\.m2\repository\org\apache\groovy\groovy-json\4.0.13\groovy-json-4.0.13.jar;C:\Users\USUARIO\.m2\repository\org\apache\groovy\groovy-xml\4.0.13\groovy-xml-4.0.13.jar;C:\Users\USUARIO\.m2\repository\org\opentest4j\opentest4j\1.2.0\opentest4j-1.2.0.jar;C:\Users\USUARIO\.m2\repository\net\serenity-bdd\serenity-junit5\4.0.1\serenity-junit5-4.0.1.jar;C:\Users\USUARIO\.m2\repository\org\junit\jupiter\junit-jupiter-params\5.10.0\junit-jupiter-params-5.10.0.jar;C:\Users\USUARIO\.m2\repository\io\rest-assured\rest-assured\5.4.0\rest-assured-5.4.0.jar;C:\Users\USUARIO\.m2\repository\org\apache\httpcomponents\httpmime\4.5.13\httpmime-4.5.13.jar;C:\Users\USUARIO\.m2\repository\org\ccil\cowan\tagsoup\tagsoup\1.2.1\tagsoup-1.2.1.jar;C:\Users\USUARIO\.m2\repository\io\rest-assured\json-path\5.4.0\json-path-5.4.0.jar;C:\Users\USUARIO\.m2\repository\io\rest-assured\rest-assured-common\5.4.0\rest-assured-common-5.4.0.jar;C:\Users\USUARIO\.m2\repository\io\rest-assured\xml-path\5.4.0\xml-path-5.4.0.jar;C:\Users\USUARIO\.m2\repository\org\json\json\20240303\json-20240303.jar;C:\Users\USUARIO\.m2\repository\net\serenity-bdd\serenity-junit\4.0.1\serenity-junit-4.0.1.jar;C:\Users\USUARIO\.m2\repository\junit\junit\4.13.2\junit-4.13.2.jar;C:\Users\USUARIO\.m2\repository\jakarta\xml\bind\jakarta.xml.bind-api\4.0.0\jakarta.xml.bind-api-4.0.0.jar;C:\Users\USUARIO\.m2\repository\jakarta\activation\jakarta.activation-api\2.1.0\jakarta.activation-api-2.1.0.jar;C:\Users\USUARIO\.m2\repository\org\junit\platform\junit-platform-launcher\1.10.2\junit-platform-launcher-1.10.2.jar;C:\Users\USUARIO\.m2\repository\org\junit\platform\junit-platform-engine\1.10.2\junit-platform-engine-1.10.2.jar;C:\Users\USUARIO\.m2\repository\org\apiguardian\apiguardian-api\1.1.2\apiguardian-api-1.1.2.jar;C:\Users\USUARIO\.m2\repository\io\cucumber\cucumber-junit-platform-engine\7.17.0\cucumber-junit-platform-engine-7.17.0.jar;C:\Users\USUARIO\.m2\repository\org\junit\platform\junit-platform-suite\1.10.2\junit-platform-suite-1.10.2.jar;C:\Users\USUARIO\.m2\repository\org\junit\platform\junit-platform-suite-api\1.10.2\junit-platform-suite-api-1.10.2.jar;C:\Users\USUARIO\.m2\repository\org\junit\platform\junit-platform-suite-engine\1.10.2\junit-platform-suite-engine-1.10.2.jar;C:\Users\USUARIO\.m2\repository\org\junit\platform\junit-platform-suite-commons\1.10.2\junit-platform-suite-commons-1.10.2.jar;C:\Users\USUARIO\.m2\repository\org\junit\jupiter\junit-jupiter-engine\5.10.2\junit-jupiter-engine-5.10.2.jar;C:\Users\USUARIO\.m2\repository\org\junit\vintage\junit-vintage-engine\5.10.2\junit-vintage-engine-5.10.2.jar;C:\Users\USUARIO\.m2\repository\org\junit\jupiter\junit-jupiter-api\5.10.2\junit-jupiter-api-5.10.2.jar;C:\Users\USUARIO\.m2\repository\org\junit\platform\junit-platform-commons\1.10.2\junit-platform-commons-1.10.2.jar;C:\Users\USUARIO\.m2\repository\ch\qos\logback\logback-classic\1.5.6\logback-classic-1.5.6.jar;C:\Users\USUARIO\.m2\repository\ch\qos\logback\logback-core\1.5.6\logback-core-1.5.6.jar;C:\Users\USUARIO\.m2\repository\org\slf4j\slf4j-api\2.0.13\slf4j-api-2.0.13.jar;C:\Users\USUARIO\.m2\repository\org\assertj\assertj-core\3.25.3\assertj-core-3.25.3.jar;C:\Users\USUARIO\.m2\repository\net\bytebuddy\byte-buddy\1.14.11\byte-buddy-1.14.11.jar;C:\Users\USUARIO\.m2\repository\com\opencsv\opencsv\5.9\opencsv-5.9.jar;C:\Users\USUARIO\.m2\repository\org\apache\commons\commons-text\1.11.0\commons-text-1.11.0.jar;C:\Users\USUARIO\.m2\repository\com\jayway\jsonpath\json-path\2.8.0\json-path-2.8.0.jar;C:\Users\USUARIO\.m2\repository\net\minidev\json-smart\2.4.10\json-smart-2.4.10.jar;C:\Users\USUARIO\.m2\repository\net\minidev\accessors-smart\2.4.9\accessors-smart-2.4.9.jar;C:\Users\USUARIO\.m2\repository\org\ow2\asm\asm\9.3\asm-9.3.jar;"/>
    <property name="java.vm.vendor" value="Oracle Corporation"/>
    <property name="sun.arch.data.model" value="64"/>
    <property name="user.variant" value=""/>
    <property name="java.vendor.url" value="https://java.oracle.com/"/>
    <property name="user.timezone" value="America/Bogota"/>
    <property name="os.name" value="Windows 11"/>
    <property name="java.vm.specification.version" value="22"/>
    <property name="sun.java.launcher" value="SUN_STANDARD"/>
    <property name="user.country" value="CO"/>
    <property name="sun.boot.library.path" value="C:\Program Files\Java\jdk-22\bin"/>
    <property name="sun.java.command" value="C:\Users\USUARIO\AppData\Local\Temp\surefire16376927794389648174\surefirebooter-20240427222438156_5.jar C:\Users\USUARIO\AppData\Local\Temp\surefire16376927794389648174 2024-04-27T22-24-36_484-jvmRun2 surefire-20240427222438156_1tmp surefire_1-20240427222438156_3tmp"/>
    <property name="jdk.debug" value="release"/>
    <property name="surefire.test.class.path" value="C:\Users\USUARIO\OneDrive\Documentos\02 Automatización\03 Pragma\pragma\pragma\target\test-classes;C:\Users\USUARIO\OneDrive\Documentos\02 Automatización\03 Pragma\pragma\pragma\target\pragma-1.0-SNAPSHOT.jar;C:\Users\USUARIO\.m2\repository\net\serenity-bdd\serenity-core\4.0.1\serenity-core-4.0.1.jar;C:\Users\USUARIO\.m2\repository\net\serenity-bdd\serenity-model\4.0.1\serenity-model-4.0.1.jar;C:\Users\USUARIO\.m2\repository\commons-net\commons-net\3.9.0\commons-net-3.9.0.jar;C:\Users\USUARIO\.m2\repository\com\google\guava\guava\32.1.2-jre\guava-32.1.2-jre.jar;C:\Users\USUARIO\.m2\repository\com\google\guava\failureaccess\1.0.1\failureaccess-1.0.1.jar;C:\Users\USUARIO\.m2\repository\com\google\guava\listenablefuture\9999.0-empty-to-avoid-conflict-with-guava\listenablefuture-9999.0-empty-to-avoid-conflict-with-guava.jar;C:\Users\USUARIO\.m2\repository\com\google\code\findbugs\jsr305\3.0.2\jsr305-3.0.2.jar;C:\Users\USUARIO\.m2\repository\org\checkerframework\checker-qual\3.33.0\checker-qual-3.33.0.jar;C:\Users\USUARIO\.m2\repository\com\google\errorprone\error_prone_annotations\2.18.0\error_prone_annotations-2.18.0.jar;C:\Users\USUARIO\.m2\repository\com\google\j2objc\j2objc-annotations\2.8\j2objc-annotations-2.8.jar;C:\Users\USUARIO\.m2\repository\org\jsoup\jsoup\1.15.4\jsoup-1.15.4.jar;C:\Users\USUARIO\.m2\repository\com\thoughtworks\xstream\xstream\1.4.20\xstream-1.4.20.jar;C:\Users\USUARIO\.m2\repository\io\github\x-stream\mxparser\1.2.2\mxparser-1.2.2.jar;C:\Users\USUARIO\.m2\repository\xmlpull\xmlpull\1.1.3.1\xmlpull-1.1.3.1.jar;C:\Users\USUARIO\.m2\repository\com\typesafe\config\1.4.2\config-1.4.2.jar;C:\Users\USUARIO\.m2\repository\org\imgscalr\imgscalr-lib\4.2\imgscalr-lib-4.2.jar;C:\Users\USUARIO\.m2\repository\org\awaitility\awaitility\4.2.0\awaitility-4.2.0.jar;C:\Users\USUARIO\.m2\repository\org\freemarker\freemarker\2.3.31\freemarker-2.3.31.jar;C:\Users\USUARIO\.m2\repository\io\github\classgraph\classgraph\4.8.157\classgraph-4.8.157.jar;C:\Users\USUARIO\.m2\repository\com\github\ben-manes\caffeine\caffeine\2.9.2\caffeine-2.9.2.jar;C:\Users\USUARIO\.m2\repository\org\ehcache\ehcache\3.10.8\ehcache-3.10.8.jar;C:\Users\USUARIO\.m2\repository\javax\cache\cache-api\1.1.0\cache-api-1.1.0.jar;C:\Users\USUARIO\.m2\repository\net\sourceforge\jexcelapi\jxl\2.6.12\jxl-2.6.12.jar;C:\Users\USUARIO\.m2\repository\net\bytebuddy\byte-buddy-agent\1.14.5\byte-buddy-agent-1.14.5.jar;C:\Users\USUARIO\.m2\repository\org\objenesis\objenesis\3.3\objenesis-3.3.jar;C:\Users\USUARIO\.m2\repository\com\vladsch\flexmark\flexmark-all\0.64.8\flexmark-all-0.64.8.jar;C:\Users\USUARIO\.m2\repository\com\vladsch\flexmark\flexmark\0.64.8\flexmark-0.64.8.jar;C:\Users\USUARIO\.m2\repository\com\vladsch\flexmark\flexmark-ext-abbreviation\0.64.8\flexmark-ext-abbreviation-0.64.8.jar;C:\Users\USUARIO\.m2\repository\com\vladsch\flexmark\flexmark-util\0.64.8\flexmark-util-0.64.8.jar;C:\Users\USUARIO\.m2\repository\com\vladsch\flexmark\flexmark-ext-admonition\0.64.8\flexmark-ext-admonition-0.64.8.jar;C:\Users\USUARIO\.m2\repository\com\vladsch\flexmark\flexmark-ext-anchorlink\0.64.8\flexmark-ext-anchorlink-0.64.8.jar;C:\Users\USUARIO\.m2\repository\com\vladsch\flexmark\flexmark-ext-aside\0.64.8\flexmark-ext-aside-0.64.8.jar;C:\Users\USUARIO\.m2\repository\com\vladsch\flexmark\flexmark-ext-attributes\0.64.8\flexmark-ext-attributes-0.64.8.jar;C:\Users\USUARIO\.m2\repository\com\vladsch\flexmark\flexmark-ext-autolink\0.64.8\flexmark-ext-autolink-0.64.8.jar;C:\Users\USUARIO\.m2\repository\org\nibor\autolink\autolink\0.6.0\autolink-0.6.0.jar;C:\Users\USUARIO\.m2\repository\com\vladsch\flexmark\flexmark-ext-definition\0.64.8\flexmark-ext-definition-0.64.8.jar;C:\Users\USUARIO\.m2\repository\com\vladsch\flexmark\flexmark-ext-emoji\0.64.8\flexmark-ext-emoji-0.64.8.jar;C:\Users\USUARIO\.m2\repository\com\vladsch\flexmark\flexmark-ext-enumerated-reference\0.64.8\flexmark-ext-enumerated-reference-0.64.8.jar;C:\Users\USUARIO\.m2\repository\com\vladsch\flexmark\flexmark-ext-escaped-character\0.64.8\flexmark-ext-escaped-character-0.64.8.jar;C:\Users\USUARIO\.m2\repository\com\vladsch\flexmark\flexmark-ext-footnotes\0.64.8\flexmark-ext-footnotes-0.64.8.jar;C:\Users\USUARIO\.m2\repository\com\vladsch\flexmark\flexmark-ext-gfm-issues\0.64.8\flexmark-ext-gfm-issues-0.64.8.jar;C:\Users\USUARIO\.m2\repository\com\vladsch\flexmark\flexmark-ext-gfm-strikethrough\0.64.8\flexmark-ext-gfm-strikethrough-0.64.8.jar;C:\Users\USUARIO\.m2\repository\com\vladsch\flexmark\flexmark-ext-gfm-tasklist\0.64.8\flexmark-ext-gfm-tasklist-0.64.8.jar;C:\Users\USUARIO\.m2\repository\com\vladsch\flexmark\flexmark-ext-gfm-users\0.64.8\flexmark-ext-gfm-users-0.64.8.jar;C:\Users\USUARIO\.m2\repository\com\vladsch\flexmark\flexmark-ext-gitlab\0.64.8\flexmark-ext-gitlab-0.64.8.jar;C:\Users\USUARIO\.m2\repository\com\vladsch\flexmark\flexmark-ext-jekyll-front-matter\0.64.8\flexmark-ext-jekyll-front-matter-0.64.8.jar;C:\Users\USUARIO\.m2\repository\com\vladsch\flexmark\flexmark-ext-jekyll-tag\0.64.8\flexmark-ext-jekyll-tag-0.64.8.jar;C:\Users\USUARIO\.m2\repository\com\vladsch\flexmark\flexmark-ext-media-tags\0.64.8\flexmark-ext-media-tags-0.64.8.jar;C:\Users\USUARIO\.m2\repository\com\vladsch\flexmark\flexmark-ext-resizable-image\0.64.8\flexmark-ext-resizable-image-0.64.8.jar;C:\Users\USUARIO\.m2\repository\com\vladsch\flexmark\flexmark-ext-macros\0.64.8\flexmark-ext-macros-0.64.8.jar;C:\Users\USUARIO\.m2\repository\com\vladsch\flexmark\flexmark-ext-ins\0.64.8\flexmark-ext-ins-0.64.8.jar;C:\Users\USUARIO\.m2\repository\com\vladsch\flexmark\flexmark-ext-xwiki-macros\0.64.8\flexmark-ext-xwiki-macros-0.64.8.jar;C:\Users\USUARIO\.m2\repository\com\vladsch\flexmark\flexmark-ext-superscript\0.64.8\flexmark-ext-superscript-0.64.8.jar;C:\Users\USUARIO\.m2\repository\com\vladsch\flexmark\flexmark-ext-tables\0.64.8\flexmark-ext-tables-0.64.8.jar;C:\Users\USUARIO\.m2\repository\com\vladsch\flexmark\flexmark-ext-toc\0.64.8\flexmark-ext-toc-0.64.8.jar;C:\Users\USUARIO\.m2\repository\com\vladsch\flexmark\flexmark-ext-typographic\0.64.8\flexmark-ext-typographic-0.64.8.jar;C:\Users\USUARIO\.m2\repository\com\vladsch\flexmark\flexmark-ext-wikilink\0.64.8\flexmark-ext-wikilink-0.64.8.jar;C:\Users\USUARIO\.m2\repository\com\vladsch\flexmark\flexmark-ext-yaml-front-matter\0.64.8\flexmark-ext-yaml-front-matter-0.64.8.jar;C:\Users\USUARIO\.m2\repository\com\vladsch\flexmark\flexmark-ext-youtube-embedded\0.64.8\flexmark-ext-youtube-embedded-0.64.8.jar;C:\Users\USUARIO\.m2\repository\com\vladsch\flexmark\flexmark-html2md-converter\0.64.8\flexmark-html2md-converter-0.64.8.jar;C:\Users\USUARIO\.m2\repository\com\vladsch\flexmark\flexmark-jira-converter\0.64.8\flexmark-jira-converter-0.64.8.jar;C:\Users\USUARIO\.m2\repository\com\vladsch\flexmark\flexmark-pdf-converter\0.64.8\flexmark-pdf-converter-0.64.8.jar;C:\Users\USUARIO\.m2\repository\com\openhtmltopdf\openhtmltopdf-core\1.0.10\openhtmltopdf-core-1.0.10.jar;C:\Users\USUARIO\.m2\repository\com\openhtmltopdf\openhtmltopdf-pdfbox\1.0.10\openhtmltopdf-pdfbox-1.0.10.jar;C:\Users\USUARIO\.m2\repository\org\apache\pdfbox\pdfbox\2.0.24\pdfbox-2.0.24.jar;C:\Users\USUARIO\.m2\repository\org\apache\pdfbox\fontbox\2.0.24\fontbox-2.0.24.jar;C:\Users\USUARIO\.m2\repository\org\apache\pdfbox\xmpbox\2.0.24\xmpbox-2.0.24.jar;C:\Users\USUARIO\.m2\repository\de\rototor\pdfbox\graphics2d\0.32\graphics2d-0.32.jar;C:\Users\USUARIO\.m2\repository\com\openhtmltopdf\openhtmltopdf-rtl-support\1.0.10\openhtmltopdf-rtl-support-1.0.10.jar;C:\Users\USUARIO\.m2\repository\com\vladsch\flexmark\flexmark-profile-pegdown\0.64.8\flexmark-profile-pegdown-0.64.8.jar;C:\Users\USUARIO\.m2\repository\com\vladsch\flexmark\flexmark-util-ast\0.64.8\flexmark-util-ast-0.64.8.jar;C:\Users\USUARIO\.m2\repository\com\vladsch\flexmark\flexmark-util-builder\0.64.8\flexmark-util-builder-0.64.8.jar;C:\Users\USUARIO\.m2\repository\com\vladsch\flexmark\flexmark-util-collection\0.64.8\flexmark-util-collection-0.64.8.jar;C:\Users\USUARIO\.m2\repository\com\vladsch\flexmark\flexmark-util-data\0.64.8\flexmark-util-data-0.64.8.jar;C:\Users\USUARIO\.m2\repository\com\vladsch\flexmark\flexmark-util-dependency\0.64.8\flexmark-util-dependency-0.64.8.jar;C:\Users\USUARIO\.m2\repository\com\vladsch\flexmark\flexmark-util-format\0.64.8\flexmark-util-format-0.64.8.jar;C:\Users\USUARIO\.m2\repository\com\vladsch\flexmark\flexmark-util-html\0.64.8\flexmark-util-html-0.64.8.jar;C:\Users\USUARIO\.m2\repository\com\vladsch\flexmark\flexmark-util-misc\0.64.8\flexmark-util-misc-0.64.8.jar;C:\Users\USUARIO\.m2\repository\com\vladsch\flexmark\flexmark-util-options\0.64.8\flexmark-util-options-0.64.8.jar;C:\Users\USUARIO\.m2\repository\com\vladsch\flexmark\flexmark-util-sequence\0.64.8\flexmark-util-sequence-0.64.8.jar;C:\Users\USUARIO\.m2\repository\com\vladsch\flexmark\flexmark-util-visitor\0.64.8\flexmark-util-visitor-0.64.8.jar;C:\Users\USUARIO\.m2\repository\com\vladsch\flexmark\flexmark-youtrack-converter\0.64.8\flexmark-youtrack-converter-0.64.8.jar;C:\Users\USUARIO\.m2\repository\net\serenity-bdd\serenity-reports\4.0.1\serenity-reports-4.0.1.jar;C:\Users\USUARIO\.m2\repository\net\serenity-bdd\serenity-stats\4.0.1\serenity-stats-4.0.1.jar;C:\Users\USUARIO\.m2\repository\net\serenity-bdd\serenity-reports-configuration\4.0.1\serenity-reports-configuration-4.0.1.jar;C:\Users\USUARIO\.m2\repository\com\ibm\icu\icu4j\72.1\icu4j-72.1.jar;C:\Users\USUARIO\.m2\repository\es\nitaur\markdown\txtmark\0.16\txtmark-0.16.jar;C:\Users\USUARIO\.m2\repository\net\serenity-bdd\serenity-report-resources\4.0.1\serenity-report-resources-4.0.1.jar;C:\Users\USUARIO\.m2\repository\com\google\code\gson\gson\2.10.1\gson-2.10.1.jar;C:\Users\USUARIO\.m2\repository\com\fasterxml\jackson\core\jackson-core\2.15.2\jackson-core-2.15.2.jar;C:\Users\USUARIO\.m2\repository\com\fasterxml\jackson\core\jackson-databind\2.15.2\jackson-databind-2.15.2.jar;C:\Users\USUARIO\.m2\repository\com\fasterxml\jackson\core\jackson-annotations\2.15.2\jackson-annotations-2.15.2.jar;C:\Users\USUARIO\.m2\repository\commons-codec\commons-codec\1.16.0\commons-codec-1.16.0.jar;C:\Users\USUARIO\.m2\repository\commons-io\commons-io\2.11.0\commons-io-2.11.0.jar;C:\Users\USUARIO\.m2\repository\org\apache\httpcomponents\httpclient\4.5.13\httpclient-4.5.13.jar;C:\Users\USUARIO\.m2\repository\org\apache\httpcomponents\httpcore\4.4.13\httpcore-4.4.13.jar;C:\Users\USUARIO\.m2\repository\commons-logging\commons-logging\1.2\commons-logging-1.2.jar;C:\Users\USUARIO\.m2\repository\org\seleniumhq\selenium\selenium-java\4.12.0\selenium-java-4.12.0.jar;C:\Users\USUARIO\.m2\repository\org\seleniumhq\selenium\selenium-devtools-v114\4.12.0\selenium-devtools-v114-4.12.0.jar;C:\Users\USUARIO\.m2\repository\org\seleniumhq\selenium\selenium-devtools-v115\4.12.0\selenium-devtools-v115-4.12.0.jar;C:\Users\USUARIO\.m2\repository\org\seleniumhq\selenium\selenium-devtools-v116\4.12.0\selenium-devtools-v116-4.12.0.jar;C:\Users\USUARIO\.m2\repository\org\seleniumhq\selenium\selenium-devtools-v85\4.12.0\selenium-devtools-v85-4.12.0.jar;C:\Users\USUARIO\.m2\repository\org\seleniumhq\selenium\selenium-remote-driver\4.12.0\selenium-remote-driver-4.12.0.jar;C:\Users\USUARIO\.m2\repository\io\netty\netty-buffer\4.1.96.Final\netty-buffer-4.1.96.Final.jar;C:\Users\USUARIO\.m2\repository\io\netty\netty-codec-http\4.1.96.Final\netty-codec-http-4.1.96.Final.jar;C:\Users\USUARIO\.m2\repository\io\netty\netty-codec\4.1.96.Final\netty-codec-4.1.96.Final.jar;C:\Users\USUARIO\.m2\repository\io\netty\netty-handler\4.1.96.Final\netty-handler-4.1.96.Final.jar;C:\Users\USUARIO\.m2\repository\io\netty\netty-common\4.1.96.Final\netty-common-4.1.96.Final.jar;C:\Users\USUARIO\.m2\repository\io\netty\netty-transport-classes-epoll\4.1.96.Final\netty-transport-classes-epoll-4.1.96.Final.jar;C:\Users\USUARIO\.m2\repository\io\netty\netty-transport-classes-kqueue\4.1.96.Final\netty-transport-classes-kqueue-4.1.96.Final.jar;C:\Users\USUARIO\.m2\repository\io\netty\netty-transport-native-epoll\4.1.96.Final\netty-transport-native-epoll-4.1.96.Final.jar;C:\Users\USUARIO\.m2\repository\io\netty\netty-transport-native-kqueue\4.1.96.Final\netty-transport-native-kqueue-4.1.96.Final.jar;C:\Users\USUARIO\.m2\repository\io\netty\netty-transport-native-unix-common\4.1.96.Final\netty-transport-native-unix-common-4.1.96.Final.jar;C:\Users\USUARIO\.m2\repository\io\netty\netty-transport\4.1.96.Final\netty-transport-4.1.96.Final.jar;C:\Users\USUARIO\.m2\repository\io\netty\netty-resolver\4.1.96.Final\netty-resolver-4.1.96.Final.jar;C:\Users\USUARIO\.m2\repository\io\opentelemetry\opentelemetry-api\1.28.0\opentelemetry-api-1.28.0.jar;C:\Users\USUARIO\.m2\repository\io\opentelemetry\opentelemetry-context\1.28.0\opentelemetry-context-1.28.0.jar;C:\Users\USUARIO\.m2\repository\io\opentelemetry\opentelemetry-exporter-logging\1.28.0\opentelemetry-exporter-logging-1.28.0.jar;C:\Users\USUARIO\.m2\repository\io\opentelemetry\opentelemetry-sdk-metrics\1.28.0\opentelemetry-sdk-metrics-1.28.0.jar;C:\Users\USUARIO\.m2\repository\io\opentelemetry\opentelemetry-extension-incubator\1.28.0-alpha\opentelemetry-extension-incubator-1.28.0-alpha.jar;C:\Users\USUARIO\.m2\repository\io\opentelemetry\opentelemetry-sdk-logs\1.28.0\opentelemetry-sdk-logs-1.28.0.jar;C:\Users\USUARIO\.m2\repository\io\opentelemetry\opentelemetry-sdk-common\1.28.0\opentelemetry-sdk-common-1.28.0.jar;C:\Users\USUARIO\.m2\repository\io\opentelemetry\opentelemetry-sdk-extension-autoconfigure-spi\1.28.0\opentelemetry-sdk-extension-autoconfigure-spi-1.28.0.jar;C:\Users\USUARIO\.m2\repository\io\opentelemetry\opentelemetry-sdk-extension-autoconfigure\1.28.0\opentelemetry-sdk-extension-autoconfigure-1.28.0.jar;C:\Users\USUARIO\.m2\repository\io\opentelemetry\opentelemetry-api-events\1.28.0-alpha\opentelemetry-api-events-1.28.0-alpha.jar;C:\Users\USUARIO\.m2\repository\io\opentelemetry\opentelemetry-sdk-trace\1.28.0\opentelemetry-sdk-trace-1.28.0.jar;C:\Users\USUARIO\.m2\repository\io\opentelemetry\opentelemetry-sdk\1.28.0\opentelemetry-sdk-1.28.0.jar;C:\Users\USUARIO\.m2\repository\io\opentelemetry\opentelemetry-semconv\1.28.0-alpha\opentelemetry-semconv-1.28.0-alpha.jar;C:\Users\USUARIO\.m2\repository\org\asynchttpclient\async-http-client\2.12.3\async-http-client-2.12.3.jar;C:\Users\USUARIO\.m2\repository\org\asynchttpclient\async-http-client-netty-utils\2.12.3\async-http-client-netty-utils-2.12.3.jar;C:\Users\USUARIO\.m2\repository\io\netty\netty-codec-socks\4.1.60.Final\netty-codec-socks-4.1.60.Final.jar;C:\Users\USUARIO\.m2\repository\io\netty\netty-handler-proxy\4.1.60.Final\netty-handler-proxy-4.1.60.Final.jar;C:\Users\USUARIO\.m2\repository\io\netty\netty-transport-native-epoll\4.1.60.Final\netty-transport-native-epoll-4.1.60.Final-linux-x86_64.jar;C:\Users\USUARIO\.m2\repository\io\netty\netty-transport-native-kqueue\4.1.60.Final\netty-transport-native-kqueue-4.1.60.Final-osx-x86_64.jar;C:\Users\USUARIO\.m2\repository\org\reactivestreams\reactive-streams\1.0.3\reactive-streams-1.0.3.jar;C:\Users\USUARIO\.m2\repository\com\typesafe\netty\netty-reactive-streams\2.0.4\netty-reactive-streams-2.0.4.jar;C:\Users\USUARIO\.m2\repository\org\seleniumhq\selenium\selenium-os\4.12.0\selenium-os-4.12.0.jar;C:\Users\USUARIO\.m2\repository\org\apache\commons\commons-exec\1.3\commons-exec-1.3.jar;C:\Users\USUARIO\.m2\repository\org\seleniumhq\selenium\selenium-safari-driver\4.12.0\selenium-safari-driver-4.12.0.jar;C:\Users\USUARIO\.m2\repository\org\seleniumhq\selenium\selenium-api\4.12.0\selenium-api-4.12.0.jar;C:\Users\USUARIO\.m2\repository\org\seleniumhq\selenium\selenium-support\4.12.0\selenium-support-4.12.0.jar;C:\Users\USUARIO\.m2\repository\com\google\auto\service\auto-service-annotations\1.1.1\auto-service-annotations-1.1.1.jar;C:\Users\USUARIO\.m2\repository\org\seleniumhq\selenium\selenium-json\4.12.0\selenium-json-4.12.0.jar;C:\Users\USUARIO\.m2\repository\org\seleniumhq\selenium\selenium-chrome-driver\4.12.0\selenium-chrome-driver-4.12.0.jar;C:\Users\USUARIO\.m2\repository\org\seleniumhq\selenium\selenium-chromium-driver\4.12.0\selenium-chromium-driver-4.12.0.jar;C:\Users\USUARIO\.m2\repository\org\seleniumhq\selenium\selenium-manager\4.12.0\selenium-manager-4.12.0.jar;C:\Users\USUARIO\.m2\repository\org\seleniumhq\selenium\selenium-firefox-driver\4.12.0\selenium-firefox-driver-4.12.0.jar;C:\Users\USUARIO\.m2\repository\org\seleniumhq\selenium\selenium-http\4.12.0\selenium-http-4.12.0.jar;C:\Users\USUARIO\.m2\repository\dev\failsafe\failsafe\3.3.2\failsafe-3.3.2.jar;C:\Users\USUARIO\.m2\repository\org\seleniumhq\selenium\selenium-edge-driver\4.12.0\selenium-edge-driver-4.12.0.jar;C:\Users\USUARIO\.m2\repository\org\seleniumhq\selenium\selenium-ie-driver\4.12.0\selenium-ie-driver-4.12.0.jar;C:\Users\USUARIO\.m2\repository\org\projectlombok\lombok\1.18.20\lombok-1.18.20.jar;C:\Users\USUARIO\.m2\repository\org\htmlunit\htmlunit\3.4.0\htmlunit-3.4.0.jar;C:\Users\USUARIO\.m2\repository\org\htmlunit\htmlunit-core-js\3.4.0\htmlunit-core-js-3.4.0.jar;C:\Users\USUARIO\.m2\repository\org\htmlunit\neko-htmlunit\3.4.0\neko-htmlunit-3.4.0.jar;C:\Users\USUARIO\.m2\repository\org\htmlunit\htmlunit-cssparser\3.4.0\htmlunit-cssparser-3.4.0.jar;C:\Users\USUARIO\.m2\repository\org\htmlunit\htmlunit-xpath\3.4.0\htmlunit-xpath-3.4.0.jar;C:\Users\USUARIO\.m2\repository\org\brotli\dec\0.1.2\dec-0.1.2.jar;C:\Users\USUARIO\.m2\repository\com\shapesecurity\salvation2\3.0.1\salvation2-3.0.1.jar;C:\Users\USUARIO\.m2\repository\org\eclipse\jetty\websocket\websocket-client\9.4.51.v20230217\websocket-client-9.4.51.v20230217.jar;C:\Users\USUARIO\.m2\repository\org\eclipse\jetty\jetty-client\9.4.51.v20230217\jetty-client-9.4.51.v20230217.jar;C:\Users\USUARIO\.m2\repository\org\eclipse\jetty\jetty-http\9.4.51.v20230217\jetty-http-9.4.51.v20230217.jar;C:\Users\USUARIO\.m2\repository\org\eclipse\jetty\jetty-util\9.4.51.v20230217\jetty-util-9.4.51.v20230217.jar;C:\Users\USUARIO\.m2\repository\org\eclipse\jetty\jetty-io\9.4.51.v20230217\jetty-io-9.4.51.v20230217.jar;C:\Users\USUARIO\.m2\repository\org\eclipse\jetty\websocket\websocket-common\9.4.51.v20230217\websocket-common-9.4.51.v20230217.jar;C:\Users\USUARIO\.m2\repository\org\eclipse\jetty\websocket\websocket-api\9.4.51.v20230217\websocket-api-9.4.51.v20230217.jar;C:\Users\USUARIO\.m2\repository\org\seleniumhq\selenium\htmlunit3-driver\4.10.0\htmlunit3-driver-4.10.0.jar;C:\Users\USUARIO\.m2\repository\io\appium\java-client\8.3.0\java-client-8.3.0.jar;C:\Users\USUARIO\.m2\repository\commons-validator\commons-validator\1.7\commons-validator-1.7.jar;C:\Users\USUARIO\.m2\repository\commons-digester\commons-digester\2.1\commons-digester-2.1.jar;C:\Users\USUARIO\.m2\repository\org\apache\groovy\groovy\4.0.13\groovy-4.0.13.jar;C:\Users\USUARIO\.m2\repository\net\sf\opencsv\opencsv\2.0\opencsv-2.0.jar;C:\Users\USUARIO\.m2\repository\commons-beanutils\commons-beanutils\1.9.4\commons-beanutils-1.9.4.jar;C:\Users\USUARIO\.m2\repository\commons-collections\commons-collections\3.2.2\commons-collections-3.2.2.jar;C:\Users\USUARIO\.m2\repository\org\apache\commons\commons-lang3\3.13.0\commons-lang3-3.13.0.jar;C:\Users\USUARIO\.m2\repository\org\apache\commons\commons-collections4\4.4\commons-collections4-4.4.jar;C:\Users\USUARIO\.m2\repository\org\apache\commons\commons-compress\1.23.0\commons-compress-1.23.0.jar;C:\Users\USUARIO\.m2\repository\org\fluentlenium\fluentlenium-core\0.10.2\fluentlenium-core-0.10.2.jar;C:\Users\USUARIO\.m2\repository\com\jhlabs\filters\2.0.235\filters-2.0.235.jar;C:\Users\USUARIO\.m2\repository\com\paulhammant\ngwebdriver\1.1.6\ngwebdriver-1.1.6.jar;C:\Users\USUARIO\.m2\repository\joda-time\joda-time\2.12.2\joda-time-2.12.2.jar;C:\Users\USUARIO\.m2\repository\org\hamcrest\hamcrest\2.2\hamcrest-2.2.jar;C:\Users\USUARIO\.m2\repository\com\google\jimfs\jimfs\1.3.0\jimfs-1.3.0.jar;C:\Users\USUARIO\.m2\repository\org\mockito\mockito-core\3.3.3\mockito-core-3.3.3.jar;C:\Users\USUARIO\.m2\repository\javax\xml\bind\jaxb-api\2.3.1\jaxb-api-2.3.1.jar;C:\Users\USUARIO\.m2\repository\javax\activation\javax.activation-api\1.2.0\javax.activation-api-1.2.0.jar;C:\Users\USUARIO\.m2\repository\com\sun\xml\bind\jaxb-core\2.3.0.1\jaxb-core-2.3.0.1.jar;C:\Users\USUARIO\.m2\repository\com\sun\xml\bind\jaxb-impl\2.3.3\jaxb-impl-2.3.3.jar;C:\Users\USUARIO\.m2\repository\com\sun\activation\jakarta.activation\1.2.2\jakarta.activation-1.2.2.jar;C:\Users\USUARIO\.m2\repository\javax\activation\activation\1.1.1\activation-1.1.1.jar;C:\Users\USUARIO\.m2\repository\net\serenity-bdd\serenity-cucumber\4.0.1\serenity-cucumber-4.0.1.jar;C:\Users\USUARIO\.m2\repository\io\cucumber\cucumber-core\7.13.0\cucumber-core-7.13.0.jar;C:\Users\USUARIO\.m2\repository\io\cucumber\cucumber-gherkin\7.13.0\cucumber-gherkin-7.13.0.jar;C:\Users\USUARIO\.m2\repository\io\cucumber\cucumber-gherkin-messages\7.13.0\cucumber-gherkin-messages-7.13.0.jar;C:\Users\USUARIO\.m2\repository\io\cucumber\gherkin\26.2.0\gherkin-26.2.0.jar;C:\Users\USUARIO\.m2\repository\io\cucumber\messages\22.0.0\messages-22.0.0.jar;C:\Users\USUARIO\.m2\repository\io\cucumber\tag-expressions\5.0.1\tag-expressions-5.0.1.jar;C:\Users\USUARIO\.m2\repository\io\cucumber\cucumber-expressions\16.1.2\cucumber-expressions-16.1.2.jar;C:\Users\USUARIO\.m2\repository\io\cucumber\datatable\7.13.0\datatable-7.13.0.jar;C:\Users\USUARIO\.m2\repository\io\cucumber\cucumber-plugin\7.13.0\cucumber-plugin-7.13.0.jar;C:\Users\USUARIO\.m2\repository\io\cucumber\docstring\7.13.0\docstring-7.13.0.jar;C:\Users\USUARIO\.m2\repository\io\cucumber\html-formatter\20.3.1\html-formatter-20.3.1.jar;C:\Users\USUARIO\.m2\repository\io\cucumber\junit-xml-formatter\0.2.0\junit-xml-formatter-0.2.0.jar;C:\Users\USUARIO\.m2\repository\io\cucumber\ci-environment\9.2.0\ci-environment-9.2.0.jar;C:\Users\USUARIO\.m2\repository\io\cucumber\cucumber-java\7.13.0\cucumber-java-7.13.0.jar;C:\Users\USUARIO\.m2\repository\io\cucumber\cucumber-junit\7.13.0\cucumber-junit-7.13.0.jar;C:\Users\USUARIO\.m2\repository\org\apache\commons\commons-csv\1.5\commons-csv-1.5.jar;C:\Users\USUARIO\.m2\repository\net\serenity-bdd\serenity-screenplay\4.0.1\serenity-screenplay-4.0.1.jar;C:\Users\USUARIO\.m2\repository\net\serenity-bdd\serenity-screenplay-webdriver\4.0.1\serenity-screenplay-webdriver-4.0.1.jar;C:\Users\USUARIO\.m2\repository\net\serenity-bdd\serenity-ensure\4.0.1\serenity-ensure-4.0.1.jar;C:\Users\USUARIO\.m2\repository\org\jetbrains\kotlin\kotlin-stdlib\1.9.0\kotlin-stdlib-1.9.0.jar;C:\Users\USUARIO\.m2\repository\org\jetbrains\kotlin\kotlin-stdlib-common\1.9.0\kotlin-stdlib-common-1.9.0.jar;C:\Users\USUARIO\.m2\repository\org\jetbrains\annotations\13.0\annotations-13.0.jar;C:\Users\USUARIO\.m2\repository\net\serenity-bdd\serenity-rest-assured\4.0.1\serenity-rest-assured-4.0.1.jar;C:\Users\USUARIO\.m2\repository\org\apache\groovy\groovy-json\4.0.13\groovy-json-4.0.13.jar;C:\Users\USUARIO\.m2\repository\org\apache\groovy\groovy-xml\4.0.13\groovy-xml-4.0.13.jar;C:\Users\USUARIO\.m2\repository\org\opentest4j\opentest4j\1.2.0\opentest4j-1.2.0.jar;C:\Users\USUARIO\.m2\repository\net\serenity-bdd\serenity-junit5\4.0.1\serenity-junit5-4.0.1.jar;C:\Users\USUARIO\.m2\repository\org\junit\jupiter\junit-jupiter-params\5.10.0\junit-jupiter-params-5.10.0.jar;C:\Users\USUARIO\.m2\repository\io\rest-assured\rest-assured\5.4.0\rest-assured-5.4.0.jar;C:\Users\USUARIO\.m2\repository\org\apache\httpcomponents\httpmime\4.5.13\httpmime-4.5.13.jar;C:\Users\USUARIO\.m2\repository\org\ccil\cowan\tagsoup\tagsoup\1.2.1\tagsoup-1.2.1.jar;C:\Users\USUARIO\.m2\repository\io\rest-assured\json-path\5.4.0\json-path-5.4.0.jar;C:\Users\USUARIO\.m2\repository\io\rest-assured\rest-assured-common\5.4.0\rest-assured-common-5.4.0.jar;C:\Users\USUARIO\.m2\repository\io\rest-assured\xml-path\5.4.0\xml-path-5.4.0.jar;C:\Users\USUARIO\.m2\repository\org\json\json\20240303\json-20240303.jar;C:\Users\USUARIO\.m2\repository\net\serenity-bdd\serenity-junit\4.0.1\serenity-junit-4.0.1.jar;C:\Users\USUARIO\.m2\repository\junit\junit\4.13.2\junit-4.13.2.jar;C:\Users\USUARIO\.m2\repository\jakarta\xml\bind\jakarta.xml.bind-api\4.0.0\jakarta.xml.bind-api-4.0.0.jar;C:\Users\USUARIO\.m2\repository\jakarta\activation\jakarta.activation-api\2.1.0\jakarta.activation-api-2.1.0.jar;C:\Users\USUARIO\.m2\repository\org\junit\platform\junit-platform-launcher\1.10.2\junit-platform-launcher-1.10.2.jar;C:\Users\USUARIO\.m2\repository\org\junit\platform\junit-platform-engine\1.10.2\junit-platform-engine-1.10.2.jar;C:\Users\USUARIO\.m2\repository\org\apiguardian\apiguardian-api\1.1.2\apiguardian-api-1.1.2.jar;C:\Users\USUARIO\.m2\repository\io\cucumber\cucumber-junit-platform-engine\7.17.0\cucumber-junit-platform-engine-7.17.0.jar;C:\Users\USUARIO\.m2\repository\org\junit\platform\junit-platform-suite\1.10.2\junit-platform-suite-1.10.2.jar;C:\Users\USUARIO\.m2\repository\org\junit\platform\junit-platform-suite-api\1.10.2\junit-platform-suite-api-1.10.2.jar;C:\Users\USUARIO\.m2\repository\org\junit\platform\junit-platform-suite-engine\1.10.2\junit-platform-suite-engine-1.10.2.jar;C:\Users\USUARIO\.m2\repository\org\junit\platform\junit-platform-suite-commons\1.10.2\junit-platform-suite-commons-1.10.2.jar;C:\Users\USUARIO\.m2\repository\org\junit\jupiter\junit-jupiter-engine\5.10.2\junit-jupiter-engine-5.10.2.jar;C:\Users\USUARIO\.m2\repository\org\junit\vintage\junit-vintage-engine\5.10.2\junit-vintage-engine-5.10.2.jar;C:\Users\USUARIO\.m2\repository\org\junit\jupiter\junit-jupiter-api\5.10.2\junit-jupiter-api-5.10.2.jar;C:\Users\USUARIO\.m2\repository\org\junit\platform\junit-platform-commons\1.10.2\junit-platform-commons-1.10.2.jar;C:\Users\USUARIO\.m2\repository\ch\qos\logback\logback-classic\1.5.6\logback-classic-1.5.6.jar;C:\Users\USUARIO\.m2\repository\ch\qos\logback\logback-core\1.5.6\logback-core-1.5.6.jar;C:\Users\USUARIO\.m2\repository\org\slf4j\slf4j-api\2.0.13\slf4j-api-2.0.13.jar;C:\Users\USUARIO\.m2\repository\org\assertj\assertj-core\3.25.3\assertj-core-3.25.3.jar;C:\Users\USUARIO\.m2\repository\net\bytebuddy\byte-buddy\1.14.11\byte-buddy-1.14.11.jar;C:\Users\USUARIO\.m2\repository\com\opencsv\opencsv\5.9\opencsv-5.9.jar;C:\Users\USUARIO\.m2\repository\org\apache\commons\commons-text\1.11.0\commons-text-1.11.0.jar;C:\Users\USUARIO\.m2\repository\com\jayway\jsonpath\json-path\2.8.0\json-path-2.8.0.jar;C:\Users\USUARIO\.m2\repository\net\minidev\json-smart\2.4.10\json-smart-2.4.10.jar;C:\Users\USUARIO\.m2\repository\net\minidev\accessors-smart\2.4.9\accessors-smart-2.4.9.jar;C:\Users\USUARIO\.m2\repository\org\ow2\asm\asm\9.3\asm-9.3.jar;"/>
    <property name="sun.cpu.endian" value="little"/>
    <property name="user.home" value="C:\Users\USUARIO"/>
    <property name="user.language" value="es"/>
    <property name="java.specification.vendor" value="Oracle Corporation"/>
    <property name="java.version.date" value="2024-03-19"/>
    <property name="java.home" value="C:\Program Files\Java\jdk-22"/>
    <property name="file.separator" value="\"/>
    <property name="basedir" value="C:\Users\USUARIO\OneDrive\Documentos\02 Automatización\03 Pragma\pragma\pragma"/>
    <property name="java.vm.compressedOopsMode" value="Zero based"/>
    <property name="line.separator" value="&#10;"/>
    <property name="java.vm.specification.vendor" value="Oracle Corporation"/>
    <property name="java.specification.name" value="Java Platform API Specification"/>
    <property name="surefire.real.class.path" value="C:\Users\USUARIO\AppData\Local\Temp\surefire16376927794389648174\surefirebooter-20240427222438156_5.jar"/>
    <property name="user.script" value=""/>
    <property name="java.protocol.handler.pkgs" value="com.google.common"/>
    <property name="sun.management.compiler" value="HotSpot 64-Bit Tiered Compilers"/>
    <property name="java.runtime.version" value="22+36-2370"/>
    <property name="user.name" value="USUARIO"/>
    <property name="stdout.encoding" value="Cp1252"/>
    <property name="path.separator" value=";"/>
    <property name="os.version" value="10.0"/>
    <property name="java.runtime.name" value="Java(TM) SE Runtime Environment"/>
    <property name="file.encoding" value="UTF-8"/>
    <property name="java.vm.name" value="Java HotSpot(TM) 64-Bit Server VM"/>
    <property name="localRepository" value="C:\Users\USUARIO\.m2\repository"/>
    <property name="java.vendor.url.bug" value="https://bugreport.java.com/bugreport/"/>
    <property name="java.io.tmpdir" value="C:\Users\USUARIO\AppData\Local\Temp\"/>
    <property name="java.version" value="22"/>
    <property name="user.dir" value="C:\Users\USUARIO\OneDrive\Documentos\02 Automatización\03 Pragma\pragma\pragma"/>
    <property name="os.arch" value="amd64"/>
    <property name="java.vm.specification.name" value="Java Virtual Machine Specification"/>
    <property name="sun.os.patch.level" value=""/>
    <property name="native.encoding" value="Cp1252"/>
    <property name="java.library.path" value="C:\Program Files\Java\jdk-22\bin;C:\Windows\Sun\Java\bin;C:\Windows\system32;C:\Windows;C:\ProgramData\Oracle\Java\javapath;C:\Program Files\Common Files\Oracle\Java\javapath;C:\Windows\system32;C:\Windows;C:\Windows\System32\Wbem;C:\Windows\System32\WindowsPowerShell\v1.0\;C:\Windows\System32\OpenSSH\;C:\Program Files\dotnet\;C:\Program Files\Git\cmd;C:\Program Files\Java\jdk-22\bin;C:\Program Files\apache-maven-3.9.6\bin;C:\ProgramData\chocolatey\bin;C:\Users\USUARIO\AppData\Local\Android\Sdk\platform-tools;C:\Users\USUARIO\AppData\Local\Android\Sdk\tools;C:\Program Files\nodejs\;C:\Users\USUARIO\AppData\Local\Android\Sdk\tools\bin;C:\Users\USUARIO\AppData\Local\Microsoft\WindowsApps;C:\Users\USUARIO\AppData\Local\Programs\Microsoft VS Code\bin;C:\Users\USUARIO\AppData\Roaming\npm;."/>
    <property name="junit.jupiter.extensions.autodetection.enabled" value="true"/>
    <property name="java.vm.info" value="mixed mode, sharing"/>
    <property name="stderr.encoding" value="Cp1252"/>
    <property name="java.vendor" value="Oracle Corporation"/>
    <property name="java.vm.version" value="22+36-2370"/>
    <property name="sun.io.unicode.encoding" value="UnicodeLittle"/>
    <property name="java.class.version" value="66.0"/>
  </properties>
  <testcase name="Eliminar un producto del carrito de compra #1" classname="Test eliminar producto al carrito de compra en el portal" time="28.598">
    <system-out><![CDATA[22:24:39.911 [main] DEBUG io.cucumber.core.plugin.SerenityReporter -- Running feature from file:///C:/Users/USUARIO/OneDrive/Documentos/02%20Automatización/03%20Pragma/pragma/pragma/src/test/resources/features/EliminarProductosCarrito.feature
22:24:39.954 [main] INFO  -- &amp#27;[96m

-------------------------------------------------------------------------------------
     _______. _______ .______       _______ .__   __.  __  .___________.____    ____ 
    /       ||   ____||   _  \     |   ____||  \ |  | |  | |           |\   \  /   / 
   |   (----`|  |__   |  |_)  |    |  |__   |   \|  | |  | `---|  |----` \   \/   /  
    \   \    |   __|  |      /     |   __|  |  . `  | |  |     |  |       \_    _/   
.----)   |   |  |____ |  |\  \----.|  |____ |  |\   | |  |     |  |         |  |     
|_______/    |_______|| _| `._____||_______||__| \__| |__|     |__|         |__|    
                                                                                     
 News and tutorials at http://www.serenity-bdd.info                                  
 Documentation at https://wakaleo.gitbooks.io/the-serenity-book/content/             
 Join the Serenity Community on Gitter: https://gitter.im/serenity-bdd/serenity-core 
 Serenity BDD Support and Training at http://serenity-bdd.info/#/trainingandsupport  
-------------------------------------------------------------------------------------
&amp#27;[0m
22:24:39.959 [main] DEBUG net.thucydides.core.steps.StepEventBus -- Test suite started for story net.thucydides.model.domain.Story@f016280
22:24:39.961 [main] INFO  -- Test Suite Started: Test eliminar producto al carrito de compra en el portal
22:24:40.003 [main] DEBUG io.cucumber.core.plugin.SerenityReporter -- Running feature from file:///C:/Users/USUARIO/OneDrive/Documentos/02%20Automatización/03%20Pragma/pragma/pragma/src/test/resources/features/EliminarProductosCarrito.feature
22:24:40.007 [main] DEBUG net.thucydides.core.steps.StepEventBus -- Test suite started for story net.thucydides.model.domain.Story@f016280
22:24:40.008 [main] INFO  -- Test Suite Started: Test eliminar producto al carrito de compra en el portal
22:24:40.080 [main] DEBUG io.cucumber.core.plugin.SerenityReporter -- Running feature from file:///C:/Users/USUARIO/OneDrive/Documentos/02%20Automatización/03%20Pragma/pragma/pragma/src/test/resources/features/EliminarProductosCarrito.feature
22:24:40.094 [main] INFO  -- 
  _____   ___   ___   _____     ___   _____     _     ___   _____   ___   ___  
 |_   _| | __| / __| |_   _|   / __| |_   _|   /_\   | _ \ |_   _| | __| |   \ 
   | |   | _|  \__ \   | |     \__ \   | |    / _ \  |   /   | |   | _|  | |) |
   |_|   |___| |___/   |_|     |___/   |_|   /_/ \_\ |_|_\   |_|   |___| |___/ 

Eliminar un producto del carrito de compra(test-eliminar-producto-al-carrito-de-compra-en-el-portal;eliminar-un-producto-del-carrito-de-compra)
--------------------------------------------------------------------------------
22:24:40.458 [main] DEBUG net.thucydides.core.steps.StepInterceptor -- STARTING STEP: StepInterceptor.testContext - ingresarAlPortal
22:24:40.484 [main] WARN net.serenitybdd.model.buildinfo.PropertyBasedDriverCapabilityRecord -- Failed to store browser configuration for {moz:debuggerAddress=true, acceptInsecureCerts=true, browserName=firefox, moz:firefoxOptions={args=[], log={level=error}}}
22:24:40.886 [main] DEBUG io.netty.util.internal.logging.InternalLoggerFactory -- Using SLF4J as the default logging framework
22:24:40.887 [main] DEBUG io.netty.util.ResourceLeakDetector -- -Dio.netty.leakDetection.level: simple
22:24:40.888 [main] DEBUG io.netty.util.ResourceLeakDetector -- -Dio.netty.leakDetection.targetRecords: 4
22:24:40.890 [main] DEBUG io.netty.util.ResourceLeakDetectorFactory -- Loaded default ResourceLeakDetector: io.netty.util.ResourceLeakDetector@42ef042a
22:24:40.898 [main] DEBUG io.netty.util.internal.PlatformDependent0 -- -Dio.netty.noUnsafe: false
22:24:40.898 [main] DEBUG io.netty.util.internal.PlatformDependent0 -- Java version: 22
22:24:40.898 [main] DEBUG io.netty.util.internal.PlatformDependent0 -- sun.misc.Unsafe.theUnsafe: available
22:24:40.899 [main] DEBUG io.netty.util.internal.PlatformDependent0 -- sun.misc.Unsafe.copyMemory: available
22:24:40.899 [main] DEBUG io.netty.util.internal.PlatformDependent0 -- sun.misc.Unsafe.storeFence: available
22:24:40.899 [main] DEBUG io.netty.util.internal.PlatformDependent0 -- java.nio.Buffer.address: available
22:24:40.900 [main] DEBUG io.netty.util.internal.PlatformDependent0 -- direct buffer constructor: unavailable: Reflective setAccessible(true) disabled
22:24:40.900 [main] DEBUG io.netty.util.internal.PlatformDependent0 -- java.nio.Bits.unaligned: available, true
22:24:40.900 [main] DEBUG io.netty.util.internal.PlatformDependent0 -- jdk.internal.misc.Unsafe.allocateUninitializedArray(int): unavailable: class io.netty.util.internal.PlatformDependent0$7 cannot access class jdk.internal.misc.Unsafe (in module java.base) because module java.base does not export jdk.internal.misc to unnamed module @131ef10
22:24:40.901 [main] DEBUG io.netty.util.internal.PlatformDependent0 -- java.nio.DirectByteBuffer.<init>(long, {int,long}): unavailable
22:24:40.901 [main] DEBUG io.netty.util.internal.PlatformDependent -- sun.misc.Unsafe: available
22:24:40.902 [main] DEBUG io.netty.util.internal.PlatformDependent -- maxDirectMemory: 4198498304 bytes (maybe)
22:24:40.902 [main] DEBUG io.netty.util.internal.PlatformDependent -- -Dio.netty.tmpdir: C:\Users\USUARIO\AppData\Local\Temp (java.io.tmpdir)
22:24:40.902 [main] DEBUG io.netty.util.internal.PlatformDependent -- -Dio.netty.bitMode: 64 (sun.arch.data.model)
22:24:40.902 [main] DEBUG io.netty.util.internal.PlatformDependent -- Platform: Windows
22:24:40.902 [main] DEBUG io.netty.util.internal.PlatformDependent -- -Dio.netty.maxDirectMemory: -1 bytes
22:24:40.902 [main] DEBUG io.netty.util.internal.PlatformDependent -- -Dio.netty.uninitializedArrayAllocationThreshold: -1
22:24:40.903 [main] DEBUG io.netty.util.internal.CleanerJava9 -- java.nio.ByteBuffer.cleaner(): available
22:24:40.903 [main] DEBUG io.netty.util.internal.PlatformDependent -- -Dio.netty.noPreferDirect: false
22:24:40.907 [main] DEBUG io.netty.util.internal.PlatformDependent -- org.jctools-core.MpscChunkedArrayQueue: available
22:24:40.915 [main] DEBUG io.netty.util.internal.InternalThreadLocalMap -- -Dio.netty.threadLocalMap.stringBuilder.initialSize: 1024
22:24:40.915 [main] DEBUG io.netty.util.internal.InternalThreadLocalMap -- -Dio.netty.threadLocalMap.stringBuilder.maxSize: 4096
22:24:41.020 [main] DEBUG io.netty.handler.ssl.JdkSslContext -- Default protocols (JDK): [TLSv1.3, TLSv1.2] 
22:24:41.020 [main] DEBUG io.netty.handler.ssl.JdkSslContext -- Default cipher suites (JDK): [TLS_ECDHE_ECDSA_WITH_AES_256_GCM_SHA384, TLS_ECDHE_ECDSA_WITH_AES_128_GCM_SHA256, TLS_ECDHE_RSA_WITH_AES_128_GCM_SHA256, TLS_ECDHE_RSA_WITH_AES_256_GCM_SHA384, TLS_ECDHE_RSA_WITH_AES_128_CBC_SHA, TLS_ECDHE_RSA_WITH_AES_256_CBC_SHA, TLS_RSA_WITH_AES_128_GCM_SHA256, TLS_RSA_WITH_AES_128_CBC_SHA, TLS_RSA_WITH_AES_256_CBC_SHA, TLS_AES_128_GCM_SHA256, TLS_AES_256_GCM_SHA384]
22:24:41.025 [main] DEBUG io.netty.util.concurrent.GlobalEventExecutor -- -Dio.netty.globalEventExecutor.quietPeriodSeconds: 1
22:24:41.031 [main] DEBUG io.netty.channel.MultithreadEventLoopGroup -- -Dio.netty.eventLoopThreads: 40
22:24:41.035 [main] DEBUG io.netty.channel.nio.NioEventLoop -- -Dio.netty.noKeySetOptimization: false
22:24:41.036 [main] DEBUG io.netty.channel.nio.NioEventLoop -- -Dio.netty.selectorAutoRebuildThreshold: 512
22:24:41.076 [main] DEBUG io.netty.buffer.PooledByteBufAllocator -- -Dio.netty.allocator.numHeapArenas: 40
22:24:41.076 [main] DEBUG io.netty.buffer.PooledByteBufAllocator -- -Dio.netty.allocator.numDirectArenas: 40
22:24:41.076 [main] DEBUG io.netty.buffer.PooledByteBufAllocator -- -Dio.netty.allocator.pageSize: 8192
22:24:41.076 [main] DEBUG io.netty.buffer.PooledByteBufAllocator -- -Dio.netty.allocator.maxOrder: 9
22:24:41.076 [main] DEBUG io.netty.buffer.PooledByteBufAllocator -- -Dio.netty.allocator.chunkSize: 4194304
22:24:41.077 [main] DEBUG io.netty.buffer.PooledByteBufAllocator -- -Dio.netty.allocator.smallCacheSize: 256
22:24:41.077 [main] DEBUG io.netty.buffer.PooledByteBufAllocator -- -Dio.netty.allocator.normalCacheSize: 64
22:24:41.077 [main] DEBUG io.netty.buffer.PooledByteBufAllocator -- -Dio.netty.allocator.maxCachedBufferCapacity: 32768
22:24:41.077 [main] DEBUG io.netty.buffer.PooledByteBufAllocator -- -Dio.netty.allocator.cacheTrimInterval: 8192
22:24:41.077 [main] DEBUG io.netty.buffer.PooledByteBufAllocator -- -Dio.netty.allocator.cacheTrimIntervalMillis: 0
22:24:41.077 [main] DEBUG io.netty.buffer.PooledByteBufAllocator -- -Dio.netty.allocator.useCacheForAllThreads: false
22:24:41.077 [main] DEBUG io.netty.buffer.PooledByteBufAllocator -- -Dio.netty.allocator.maxCachedByteBuffersPerChunk: 1023
22:24:41.084 [main] DEBUG io.netty.buffer.ByteBufUtil -- -Dio.netty.allocator.type: pooled
22:24:41.085 [main] DEBUG io.netty.buffer.ByteBufUtil -- -Dio.netty.threadLocalDirectBufferSize: 0
22:24:41.085 [main] DEBUG io.netty.buffer.ByteBufUtil -- -Dio.netty.maxThreadLocalCharBufferSize: 16384
22:24:41.238 [Forwarding newSession on session null to remote] DEBUG io.netty.channel.DefaultChannelId -- -Dio.netty.processId: 15320 (auto-detected)
22:24:41.239 [Forwarding newSession on session null to remote] DEBUG io.netty.util.NetUtil -- -Djava.net.preferIPv4Stack: false
22:24:41.240 [Forwarding newSession on session null to remote] DEBUG io.netty.util.NetUtil -- -Djava.net.preferIPv6Addresses: false
22:24:41.241 [Forwarding newSession on session null to remote] DEBUG io.netty.util.NetUtilInitializations -- Loopback interface: loopback_0 (Software Loopback Interface 1, 0:0:0:0:0:0:0:1)
22:24:41.241 [Forwarding newSession on session null to remote] DEBUG io.netty.util.NetUtil -- Failed to get SOMAXCONN from sysctl and file \proc\sys\net\core\somaxconn. Default: 200
22:24:41.242 [Forwarding newSession on session null to remote] DEBUG io.netty.channel.DefaultChannelId -- -Dio.netty.machineId: f8:54:f6:ff:fe:94:ff:b2 (auto-detected)
22:24:41.264 [AsyncHttpClient-1-2] DEBUG io.netty.buffer.AbstractByteBuf -- -Dio.netty.buffer.checkAccessible: true
22:24:41.264 [AsyncHttpClient-1-2] DEBUG io.netty.buffer.AbstractByteBuf -- -Dio.netty.buffer.checkBounds: true
22:24:41.264 [AsyncHttpClient-1-2] DEBUG io.netty.util.ResourceLeakDetectorFactory -- Loaded default ResourceLeakDetector: io.netty.util.ResourceLeakDetector@401341b5
22:24:41.272 [AsyncHttpClient-1-2] DEBUG org.asynchttpclient.netty.channel.NettyConnectListener -- Using new Channel '[id: 0x42511ba1, L:/127.0.0.1:63151 - R:localhost/127.0.0.1:26454]' for 'POST' to '/session'
22:24:41.281 [AsyncHttpClient-1-2] DEBUG io.netty.util.Recycler -- -Dio.netty.recycler.maxCapacityPerThread: 4096
22:24:41.281 [AsyncHttpClient-1-2] DEBUG io.netty.util.Recycler -- -Dio.netty.recycler.ratio: 8
22:24:41.281 [AsyncHttpClient-1-2] DEBUG io.netty.util.Recycler -- -Dio.netty.recycler.chunkSize: 32
22:24:41.281 [AsyncHttpClient-1-2] DEBUG io.netty.util.Recycler -- -Dio.netty.recycler.blocking: false
22:24:41.281 [AsyncHttpClient-1-2] DEBUG io.netty.util.Recycler -- -Dio.netty.recycler.batchFastThreadLocalOnly: true
22:24:42.779 [AsyncHttpClient-1-2] DEBUG io.netty.handler.codec.compression.Brotli -- brotli4j not in the classpath; Brotli support will be unavailable.
22:24:42.779 [AsyncHttpClient-1-2] DEBUG org.asynchttpclient.netty.handler.HttpHandler -- 

Request DefaultHttpRequest(decodeResult: success, version: HTTP/1.1)
POST /session HTTP/1.1
User-Agent: selenium/4.12.0 (java windows)
Content-Length: 383
Content-Type: application/json; charset=utf-8
host: localhost:26454
accept: */*

Response DefaultHttpResponse(decodeResult: success, version: HTTP/1.1)
HTTP/1.1 200 OK
content-type: application/json; charset=utf-8
cache-control: no-cache
content-length: 843
date: Sun, 28 Apr 2024 03:24:41 GMT

22:24:42.786 [AsyncHttpClient-1-2] DEBUG org.asynchttpclient.netty.channel.ChannelManager -- Adding key: http://localhost:26454 for channel [id: 0x42511ba1, L:/127.0.0.1:63151 - R:localhost/127.0.0.1:26454]
22:24:42.817 [AsyncHttpClient-1-3] DEBUG org.asynchttpclient.netty.channel.NettyConnectListener -- Using new Channel '[id: 0xb1183278, L:/127.0.0.1:63226 - R:/127.0.0.1:48474]' for 'GET' to '/json/version'
22:24:42.822 [AsyncHttpClient-1-3] DEBUG org.asynchttpclient.netty.handler.HttpHandler -- 

Request DefaultFullHttpRequest(decodeResult: success, version: HTTP/1.1, content: EmptyByteBufBE)
GET /json/version HTTP/1.1
User-Agent: selenium/4.12.0 (java windows)
host: 127.0.0.1:48474
accept: */*

Response DefaultHttpResponse(decodeResult: success, version: HTTP/1.1)
HTTP/1.1 200 OK
content-type: application/json
content-security-policy: frame-ancestors 'none'
connection: close
server: httpd.js
date: Sun, 28 Apr 2024 03:24:42 GMT

22:24:42.824 [AsyncHttpClient-1-3] DEBUG org.asynchttpclient.netty.channel.ChannelManager -- Closing Channel [id: 0xb1183278, L:/127.0.0.1:63226 ! R:/127.0.0.1:48474] 
22:24:42.825 [AsyncHttpClient-1-3] DEBUG org.asynchttpclient.netty.handler.HttpHandler -- Channel Closed: [id: 0xb1183278, L:/127.0.0.1:63226 ! R:/127.0.0.1:48474] with attribute DISCARD
22:24:42.834 [Forwarding setTimeout on session e07c61e4-6c8c-40fa-bf02-54c105e74990 to remote] DEBUG org.asynchttpclient.netty.request.NettyRequestSender -- Using pooled Channel '[id: 0x42511ba1, L:/127.0.0.1:63151 - R:localhost/127.0.0.1:26454]' for 'POST' to 'http://localhost:26454/session/e07c61e4-6c8c-40fa-bf02-54c105e74990/timeouts'
22:24:42.834 [Forwarding setTimeout on session e07c61e4-6c8c-40fa-bf02-54c105e74990 to remote] DEBUG org.asynchttpclient.netty.request.NettyRequestSender -- Using open Channel [id: 0x42511ba1, L:/127.0.0.1:63151 - R:localhost/127.0.0.1:26454] for POST '/session/e07c61e4-6c8c-40fa-bf02-54c105e74990/timeouts'
22:24:42.837 [AsyncHttpClient-1-2] DEBUG org.asynchttpclient.netty.handler.HttpHandler -- 

Request DefaultHttpRequest(decodeResult: success, version: HTTP/1.1)
POST /session/e07c61e4-6c8c-40fa-bf02-54c105e74990/timeouts HTTP/1.1
User-Agent: selenium/4.12.0 (java windows)
Content-Length: 22
Content-Type: application/json; charset=utf-8
host: localhost:26454
accept: */*

Response DefaultHttpResponse(decodeResult: success, version: HTTP/1.1)
HTTP/1.1 200 OK
content-type: application/json; charset=utf-8
cache-control: no-cache
content-length: 14
date: Sun, 28 Apr 2024 03:24:42 GMT

22:24:42.838 [AsyncHttpClient-1-2] DEBUG org.asynchttpclient.netty.channel.ChannelManager -- Adding key: http://localhost:26454 for channel [id: 0x42511ba1, L:/127.0.0.1:63151 - R:localhost/127.0.0.1:26454]
22:24:42.843 [Forwarding maximizeCurrentWindow on session e07c61e4-6c8c-40fa-bf02-54c105e74990 to remote] DEBUG org.asynchttpclient.netty.request.NettyRequestSender -- Using pooled Channel '[id: 0x42511ba1, L:/127.0.0.1:63151 - R:localhost/127.0.0.1:26454]' for 'POST' to 'http://localhost:26454/session/e07c61e4-6c8c-40fa-bf02-54c105e74990/window/maximize'
22:24:42.843 [Forwarding maximizeCurrentWindow on session e07c61e4-6c8c-40fa-bf02-54c105e74990 to remote] DEBUG org.asynchttpclient.netty.request.NettyRequestSender -- Using open Channel [id: 0x42511ba1, L:/127.0.0.1:63151 - R:localhost/127.0.0.1:26454] for POST '/session/e07c61e4-6c8c-40fa-bf02-54c105e74990/window/maximize'
22:24:43.107 [AsyncHttpClient-1-2] DEBUG org.asynchttpclient.netty.handler.HttpHandler -- 

Request DefaultHttpRequest(decodeResult: success, version: HTTP/1.1)
POST /session/e07c61e4-6c8c-40fa-bf02-54c105e74990/window/maximize HTTP/1.1
User-Agent: selenium/4.12.0 (java windows)
Content-Length: 3
Content-Type: application/json; charset=utf-8
host: localhost:26454
accept: */*

Response DefaultHttpResponse(decodeResult: success, version: HTTP/1.1)
HTTP/1.1 200 OK
content-type: application/json; charset=utf-8
cache-control: no-cache
content-length: 51
date: Sun, 28 Apr 2024 03:24:42 GMT

22:24:43.108 [AsyncHttpClient-1-2] DEBUG org.asynchttpclient.netty.channel.ChannelManager -- Adding key: http://localhost:26454 for channel [id: 0x42511ba1, L:/127.0.0.1:63151 - R:localhost/127.0.0.1:26454]
22:24:43.144 [Forwarding get on session e07c61e4-6c8c-40fa-bf02-54c105e74990 to remote] DEBUG org.asynchttpclient.netty.request.NettyRequestSender -- Using pooled Channel '[id: 0x42511ba1, L:/127.0.0.1:63151 - R:localhost/127.0.0.1:26454]' for 'POST' to 'http://localhost:26454/session/e07c61e4-6c8c-40fa-bf02-54c105e74990/url'
22:24:43.144 [Forwarding get on session e07c61e4-6c8c-40fa-bf02-54c105e74990 to remote] DEBUG org.asynchttpclient.netty.request.NettyRequestSender -- Using open Channel [id: 0x42511ba1, L:/127.0.0.1:63151 - R:localhost/127.0.0.1:26454] for POST '/session/e07c61e4-6c8c-40fa-bf02-54c105e74990/url'
22:24:44.143 [AsyncHttpClient-1-2] DEBUG org.asynchttpclient.netty.handler.HttpHandler -- 

Request DefaultHttpRequest(decodeResult: success, version: HTTP/1.1)
POST /session/e07c61e4-6c8c-40fa-bf02-54c105e74990/url HTTP/1.1
User-Agent: selenium/4.12.0 (java windows)
Content-Length: 56
Content-Type: application/json; charset=utf-8
host: localhost:26454
accept: */*

Response DefaultHttpResponse(decodeResult: success, version: HTTP/1.1)
HTTP/1.1 200 OK
content-type: application/json; charset=utf-8
cache-control: no-cache
content-length: 14
date: Sun, 28 Apr 2024 03:24:42 GMT

22:24:44.144 [AsyncHttpClient-1-2] DEBUG org.asynchttpclient.netty.channel.ChannelManager -- Adding key: http://localhost:26454 for channel [id: 0x42511ba1, L:/127.0.0.1:63151 - R:localhost/127.0.0.1:26454]
22:24:44.145 [Forwarding setTimeout on session e07c61e4-6c8c-40fa-bf02-54c105e74990 to remote] DEBUG org.asynchttpclient.netty.request.NettyRequestSender -- Using pooled Channel '[id: 0x42511ba1, L:/127.0.0.1:63151 - R:localhost/127.0.0.1:26454]' for 'POST' to 'http://localhost:26454/session/e07c61e4-6c8c-40fa-bf02-54c105e74990/timeouts'
22:24:44.145 [Forwarding setTimeout on session e07c61e4-6c8c-40fa-bf02-54c105e74990 to remote] DEBUG org.asynchttpclient.netty.request.NettyRequestSender -- Using open Channel [id: 0x42511ba1, L:/127.0.0.1:63151 - R:localhost/127.0.0.1:26454] for POST '/session/e07c61e4-6c8c-40fa-bf02-54c105e74990/timeouts'
22:24:44.147 [AsyncHttpClient-1-2] DEBUG org.asynchttpclient.netty.handler.HttpHandler -- 

Request DefaultHttpRequest(decodeResult: success, version: HTTP/1.1)
POST /session/e07c61e4-6c8c-40fa-bf02-54c105e74990/timeouts HTTP/1.1
User-Agent: selenium/4.12.0 (java windows)
Content-Length: 22
Content-Type: application/json; charset=utf-8
host: localhost:26454
accept: */*

Response DefaultHttpResponse(decodeResult: success, version: HTTP/1.1)
HTTP/1.1 200 OK
content-type: application/json; charset=utf-8
cache-control: no-cache
content-length: 14
date: Sun, 28 Apr 2024 03:24:44 GMT

22:24:44.147 [AsyncHttpClient-1-2] DEBUG org.asynchttpclient.netty.channel.ChannelManager -- Adding key: http://localhost:26454 for channel [id: 0x42511ba1, L:/127.0.0.1:63151 - R:localhost/127.0.0.1:26454]
22:24:44.187 [main] DEBUG net.serenitybdd.core.photography.Darkroom -- Opening darkroom
22:24:44.190 [Darkroom Processing Line] DEBUG net.serenitybdd.core.photography.DarkroomProcessingLine -- Darkroom processing line starting up
22:24:44.208 [Forwarding getAlertText on session e07c61e4-6c8c-40fa-bf02-54c105e74990 to remote] DEBUG org.asynchttpclient.netty.request.NettyRequestSender -- Using pooled Channel '[id: 0x42511ba1, L:/127.0.0.1:63151 - R:localhost/127.0.0.1:26454]' for 'GET' to 'http://localhost:26454/session/e07c61e4-6c8c-40fa-bf02-54c105e74990/alert/text'
22:24:44.208 [Forwarding getAlertText on session e07c61e4-6c8c-40fa-bf02-54c105e74990 to remote] DEBUG org.asynchttpclient.netty.request.NettyRequestSender -- Using open Channel [id: 0x42511ba1, L:/127.0.0.1:63151 - R:localhost/127.0.0.1:26454] for GET '/session/e07c61e4-6c8c-40fa-bf02-54c105e74990/alert/text'
22:24:44.211 [AsyncHttpClient-1-2] DEBUG org.asynchttpclient.netty.handler.HttpHandler -- 

Request DefaultFullHttpRequest(decodeResult: success, version: HTTP/1.1, content: EmptyByteBufBE)
GET /session/e07c61e4-6c8c-40fa-bf02-54c105e74990/alert/text HTTP/1.1
Cache-Control: no-cache
User-Agent: selenium/4.12.0 (java windows)
Content-Type: application/json; charset=utf-8
host: localhost:26454
accept: */*

Response DefaultHttpResponse(decodeResult: success, version: HTTP/1.1)
HTTP/1.1 404 Not Found
content-type: application/json; charset=utf-8
cache-control: no-cache
content-length: 842
date: Sun, 28 Apr 2024 03:24:44 GMT

22:24:44.211 [AsyncHttpClient-1-2] DEBUG org.asynchttpclient.netty.channel.ChannelManager -- Adding key: http://localhost:26454 for channel [id: 0x42511ba1, L:/127.0.0.1:63151 - R:localhost/127.0.0.1:26454]
22:24:44.220 [Forwarding getCurrentUrl on session e07c61e4-6c8c-40fa-bf02-54c105e74990 to remote] DEBUG org.asynchttpclient.netty.request.NettyRequestSender -- Using pooled Channel '[id: 0x42511ba1, L:/127.0.0.1:63151 - R:localhost/127.0.0.1:26454]' for 'GET' to 'http://localhost:26454/session/e07c61e4-6c8c-40fa-bf02-54c105e74990/url'
22:24:44.220 [Forwarding getCurrentUrl on session e07c61e4-6c8c-40fa-bf02-54c105e74990 to remote] DEBUG org.asynchttpclient.netty.request.NettyRequestSender -- Using open Channel [id: 0x42511ba1, L:/127.0.0.1:63151 - R:localhost/127.0.0.1:26454] for GET '/session/e07c61e4-6c8c-40fa-bf02-54c105e74990/url'
22:24:44.223 [AsyncHttpClient-1-2] DEBUG org.asynchttpclient.netty.handler.HttpHandler -- 

Request DefaultFullHttpRequest(decodeResult: success, version: HTTP/1.1, content: EmptyByteBufBE)
GET /session/e07c61e4-6c8c-40fa-bf02-54c105e74990/url HTTP/1.1
Cache-Control: no-cache
User-Agent: selenium/4.12.0 (java windows)
Content-Type: application/json; charset=utf-8
host: localhost:26454
accept: */*

Response DefaultHttpResponse(decodeResult: success, version: HTTP/1.1)
HTTP/1.1 200 OK
content-type: application/json; charset=utf-8
cache-control: no-cache
content-length: 38
date: Sun, 28 Apr 2024 03:24:44 GMT

22:24:44.223 [AsyncHttpClient-1-2] DEBUG org.asynchttpclient.netty.channel.ChannelManager -- Adding key: http://localhost:26454 for channel [id: 0x42511ba1, L:/127.0.0.1:63151 - R:localhost/127.0.0.1:26454]
22:24:44.227 [Forwarding screenshot on session e07c61e4-6c8c-40fa-bf02-54c105e74990 to remote] DEBUG org.asynchttpclient.netty.request.NettyRequestSender -- Using pooled Channel '[id: 0x42511ba1, L:/127.0.0.1:63151 - R:localhost/127.0.0.1:26454]' for 'GET' to 'http://localhost:26454/session/e07c61e4-6c8c-40fa-bf02-54c105e74990/screenshot'
22:24:44.228 [Forwarding screenshot on session e07c61e4-6c8c-40fa-bf02-54c105e74990 to remote] DEBUG org.asynchttpclient.netty.request.NettyRequestSender -- Using open Channel [id: 0x42511ba1, L:/127.0.0.1:63151 - R:localhost/127.0.0.1:26454] for GET '/session/e07c61e4-6c8c-40fa-bf02-54c105e74990/screenshot'
22:24:44.324 [AsyncHttpClient-1-2] DEBUG org.asynchttpclient.netty.handler.HttpHandler -- 

Request DefaultFullHttpRequest(decodeResult: success, version: HTTP/1.1, content: EmptyByteBufBE)
GET /session/e07c61e4-6c8c-40fa-bf02-54c105e74990/screenshot HTTP/1.1
Cache-Control: no-cache
User-Agent: selenium/4.12.0 (java windows)
Content-Type: application/json; charset=utf-8
host: localhost:26454
accept: */*

Response DefaultHttpResponse(decodeResult: success, version: HTTP/1.1)
HTTP/1.1 200 OK
content-type: application/json; charset=utf-8
cache-control: no-cache
content-length: 504948
date: Sun, 28 Apr 2024 03:24:44 GMT

22:24:44.327 [AsyncHttpClient-1-2] DEBUG org.asynchttpclient.netty.channel.ChannelManager -- Adding key: http://localhost:26454 for channel [id: 0x42511ba1, L:/127.0.0.1:63151 - R:localhost/127.0.0.1:26454]
22:24:44.370 [main] DEBUG net.serenitybdd.core.photography.Darkroom -- Send negative for processing for C:\Users\USUARIO\OneDrive\Documentos\02 Automatización\03 Pragma\pragma\pragma\target\site\serenity\4ee8a2605a1cdda36c2b7788194c259ded3d98d35a623d38fa3b86f65a89fac1.png
22:24:45.379 [main] DEBUG net.thucydides.core.steps.StepInterceptor -- STEP DONE: ingresarAlPortal
22:24:45.389 [Forwarding getAlertText on session e07c61e4-6c8c-40fa-bf02-54c105e74990 to remote] DEBUG org.asynchttpclient.netty.request.NettyRequestSender -- Using pooled Channel '[id: 0x42511ba1, L:/127.0.0.1:63151 - R:localhost/127.0.0.1:26454]' for 'GET' to 'http://localhost:26454/session/e07c61e4-6c8c-40fa-bf02-54c105e74990/alert/text'
22:24:45.390 [Forwarding getAlertText on session e07c61e4-6c8c-40fa-bf02-54c105e74990 to remote] DEBUG org.asynchttpclient.netty.request.NettyRequestSender -- Using open Channel [id: 0x42511ba1, L:/127.0.0.1:63151 - R:localhost/127.0.0.1:26454] for GET '/session/e07c61e4-6c8c-40fa-bf02-54c105e74990/alert/text'
22:24:45.392 [AsyncHttpClient-1-2] DEBUG org.asynchttpclient.netty.handler.HttpHandler -- 

Request DefaultFullHttpRequest(decodeResult: success, version: HTTP/1.1, content: EmptyByteBufBE)
GET /session/e07c61e4-6c8c-40fa-bf02-54c105e74990/alert/text HTTP/1.1
Cache-Control: no-cache
User-Agent: selenium/4.12.0 (java windows)
Content-Type: application/json; charset=utf-8
host: localhost:26454
accept: */*

Response DefaultHttpResponse(decodeResult: success, version: HTTP/1.1)
HTTP/1.1 404 Not Found
content-type: application/json; charset=utf-8
cache-control: no-cache
content-length: 842
date: Sun, 28 Apr 2024 03:24:45 GMT

22:24:45.392 [AsyncHttpClient-1-2] DEBUG org.asynchttpclient.netty.channel.ChannelManager -- Adding key: http://localhost:26454 for channel [id: 0x42511ba1, L:/127.0.0.1:63151 - R:localhost/127.0.0.1:26454]
22:24:45.394 [Forwarding getCurrentUrl on session e07c61e4-6c8c-40fa-bf02-54c105e74990 to remote] DEBUG org.asynchttpclient.netty.request.NettyRequestSender -- Using pooled Channel '[id: 0x42511ba1, L:/127.0.0.1:63151 - R:localhost/127.0.0.1:26454]' for 'GET' to 'http://localhost:26454/session/e07c61e4-6c8c-40fa-bf02-54c105e74990/url'
22:24:45.394 [Forwarding getCurrentUrl on session e07c61e4-6c8c-40fa-bf02-54c105e74990 to remote] DEBUG org.asynchttpclient.netty.request.NettyRequestSender -- Using open Channel [id: 0x42511ba1, L:/127.0.0.1:63151 - R:localhost/127.0.0.1:26454] for GET '/session/e07c61e4-6c8c-40fa-bf02-54c105e74990/url'
22:24:45.396 [AsyncHttpClient-1-2] DEBUG org.asynchttpclient.netty.handler.HttpHandler -- 

Request DefaultFullHttpRequest(decodeResult: success, version: HTTP/1.1, content: EmptyByteBufBE)
GET /session/e07c61e4-6c8c-40fa-bf02-54c105e74990/url HTTP/1.1
Cache-Control: no-cache
User-Agent: selenium/4.12.0 (java windows)
Content-Type: application/json; charset=utf-8
host: localhost:26454
accept: */*

Response DefaultHttpResponse(decodeResult: success, version: HTTP/1.1)
HTTP/1.1 200 OK
content-type: application/json; charset=utf-8
cache-control: no-cache
content-length: 38
date: Sun, 28 Apr 2024 03:24:45 GMT

22:24:45.397 [AsyncHttpClient-1-2] DEBUG org.asynchttpclient.netty.channel.ChannelManager -- Adding key: http://localhost:26454 for channel [id: 0x42511ba1, L:/127.0.0.1:63151 - R:localhost/127.0.0.1:26454]
22:24:45.398 [Forwarding screenshot on session e07c61e4-6c8c-40fa-bf02-54c105e74990 to remote] DEBUG org.asynchttpclient.netty.request.NettyRequestSender -- Using pooled Channel '[id: 0x42511ba1, L:/127.0.0.1:63151 - R:localhost/127.0.0.1:26454]' for 'GET' to 'http://localhost:26454/session/e07c61e4-6c8c-40fa-bf02-54c105e74990/screenshot'
22:24:45.398 [Forwarding screenshot on session e07c61e4-6c8c-40fa-bf02-54c105e74990 to remote] DEBUG org.asynchttpclient.netty.request.NettyRequestSender -- Using open Channel [id: 0x42511ba1, L:/127.0.0.1:63151 - R:localhost/127.0.0.1:26454] for GET '/session/e07c61e4-6c8c-40fa-bf02-54c105e74990/screenshot'
22:24:45.468 [AsyncHttpClient-1-2] DEBUG org.asynchttpclient.netty.handler.HttpHandler -- 

Request DefaultFullHttpRequest(decodeResult: success, version: HTTP/1.1, content: EmptyByteBufBE)
GET /session/e07c61e4-6c8c-40fa-bf02-54c105e74990/screenshot HTTP/1.1
Cache-Control: no-cache
User-Agent: selenium/4.12.0 (java windows)
Content-Type: application/json; charset=utf-8
host: localhost:26454
accept: */*

Response DefaultHttpResponse(decodeResult: success, version: HTTP/1.1)
HTTP/1.1 200 OK
content-type: application/json; charset=utf-8
cache-control: no-cache
content-length: 800340
date: Sun, 28 Apr 2024 03:24:45 GMT

22:24:45.471 [AsyncHttpClient-1-2] DEBUG org.asynchttpclient.netty.channel.ChannelManager -- Adding key: http://localhost:26454 for channel [id: 0x42511ba1, L:/127.0.0.1:63151 - R:localhost/127.0.0.1:26454]
22:24:45.493 [main] DEBUG net.serenitybdd.core.photography.Darkroom -- Send negative for processing for C:\Users\USUARIO\OneDrive\Documentos\02 Automatización\03 Pragma\pragma\pragma\target\site\serenity\c6d2d59253a3c52d8b8db4ad723f6da73641757028d146bd6c52f7f99c9aebe9.png
22:24:46.509 [AsyncHttpClient-1-1] DEBUG org.asynchttpclient.netty.channel.DefaultChannelPool -- Entry count for : http://localhost:26454 : 1
22:24:46.623 [main] DEBUG net.thucydides.core.steps.StepInterceptor -- STARTING STEP: StepInterceptor.testContext - ingresoACategoria
22:24:46.630 [Forwarding findElement on session e07c61e4-6c8c-40fa-bf02-54c105e74990 to remote] DEBUG org.asynchttpclient.netty.request.NettyRequestSender -- Using pooled Channel '[id: 0x42511ba1, L:/127.0.0.1:63151 - R:localhost/127.0.0.1:26454]' for 'POST' to 'http://localhost:26454/session/e07c61e4-6c8c-40fa-bf02-54c105e74990/element'
22:24:46.630 [Forwarding findElement on session e07c61e4-6c8c-40fa-bf02-54c105e74990 to remote] DEBUG org.asynchttpclient.netty.request.NettyRequestSender -- Using open Channel [id: 0x42511ba1, L:/127.0.0.1:63151 - R:localhost/127.0.0.1:26454] for POST '/session/e07c61e4-6c8c-40fa-bf02-54c105e74990/element'
22:24:46.637 [AsyncHttpClient-1-2] DEBUG org.asynchttpclient.netty.handler.HttpHandler -- 

Request DefaultHttpRequest(decodeResult: success, version: HTTP/1.1)
POST /session/e07c61e4-6c8c-40fa-bf02-54c105e74990/element HTTP/1.1
User-Agent: selenium/4.12.0 (java windows)
Content-Length: 78
Content-Type: application/json; charset=utf-8
host: localhost:26454
accept: */*

Response DefaultHttpResponse(decodeResult: success, version: HTTP/1.1)
HTTP/1.1 200 OK
content-type: application/json; charset=utf-8
cache-control: no-cache
content-length: 88
date: Sun, 28 Apr 2024 03:24:46 GMT

22:24:46.638 [AsyncHttpClient-1-2] DEBUG org.asynchttpclient.netty.channel.ChannelManager -- Adding key: http://localhost:26454 for channel [id: 0x42511ba1, L:/127.0.0.1:63151 - R:localhost/127.0.0.1:26454]
22:24:46.640 [Forwarding getElementTagName on session e07c61e4-6c8c-40fa-bf02-54c105e74990 to remote] DEBUG org.asynchttpclient.netty.request.NettyRequestSender -- Using pooled Channel '[id: 0x42511ba1, L:/127.0.0.1:63151 - R:localhost/127.0.0.1:26454]' for 'GET' to 'http://localhost:26454/session/e07c61e4-6c8c-40fa-bf02-54c105e74990/element/885cd233-a09d-4718-80a4-30d237d4dba3/name'
22:24:46.640 [Forwarding getElementTagName on session e07c61e4-6c8c-40fa-bf02-54c105e74990 to remote] DEBUG org.asynchttpclient.netty.request.NettyRequestSender -- Using open Channel [id: 0x42511ba1, L:/127.0.0.1:63151 - R:localhost/127.0.0.1:26454] for GET '/session/e07c61e4-6c8c-40fa-bf02-54c105e74990/element/885cd233-a09d-4718-80a4-30d237d4dba3/name'
22:24:46.643 [AsyncHttpClient-1-2] DEBUG org.asynchttpclient.netty.handler.HttpHandler -- 

Request DefaultFullHttpRequest(decodeResult: success, version: HTTP/1.1, content: EmptyByteBufBE)
GET /session/e07c61e4-6c8c-40fa-bf02-54c105e74990/element/885cd233-a09d-4718-80a4-30d237d4dba3/name HTTP/1.1
Cache-Control: no-cache
User-Agent: selenium/4.12.0 (java windows)
Content-Type: application/json; charset=utf-8
host: localhost:26454
accept: */*

Response DefaultHttpResponse(decodeResult: success, version: HTTP/1.1)
HTTP/1.1 200 OK
content-type: application/json; charset=utf-8
cache-control: no-cache
content-length: 13
date: Sun, 28 Apr 2024 03:24:46 GMT

22:24:46.643 [AsyncHttpClient-1-2] DEBUG org.asynchttpclient.netty.channel.ChannelManager -- Adding key: http://localhost:26454 for channel [id: 0x42511ba1, L:/127.0.0.1:63151 - R:localhost/127.0.0.1:26454]
22:24:46.644 [Forwarding getElementTagName on session e07c61e4-6c8c-40fa-bf02-54c105e74990 to remote] DEBUG org.asynchttpclient.netty.request.NettyRequestSender -- Using pooled Channel '[id: 0x42511ba1, L:/127.0.0.1:63151 - R:localhost/127.0.0.1:26454]' for 'GET' to 'http://localhost:26454/session/e07c61e4-6c8c-40fa-bf02-54c105e74990/element/885cd233-a09d-4718-80a4-30d237d4dba3/name'
22:24:46.644 [Forwarding getElementTagName on session e07c61e4-6c8c-40fa-bf02-54c105e74990 to remote] DEBUG org.asynchttpclient.netty.request.NettyRequestSender -- Using open Channel [id: 0x42511ba1, L:/127.0.0.1:63151 - R:localhost/127.0.0.1:26454] for GET '/session/e07c61e4-6c8c-40fa-bf02-54c105e74990/element/885cd233-a09d-4718-80a4-30d237d4dba3/name'
22:24:46.646 [AsyncHttpClient-1-2] DEBUG org.asynchttpclient.netty.handler.HttpHandler -- 

Request DefaultFullHttpRequest(decodeResult: success, version: HTTP/1.1, content: EmptyByteBufBE)
GET /session/e07c61e4-6c8c-40fa-bf02-54c105e74990/element/885cd233-a09d-4718-80a4-30d237d4dba3/name HTTP/1.1
Cache-Control: no-cache
User-Agent: selenium/4.12.0 (java windows)
Content-Type: application/json; charset=utf-8
host: localhost:26454
accept: */*

Response DefaultHttpResponse(decodeResult: success, version: HTTP/1.1)
HTTP/1.1 200 OK
content-type: application/json; charset=utf-8
cache-control: no-cache
content-length: 13
date: Sun, 28 Apr 2024 03:24:46 GMT

22:24:46.647 [AsyncHttpClient-1-2] DEBUG org.asynchttpclient.netty.channel.ChannelManager -- Adding key: http://localhost:26454 for channel [id: 0x42511ba1, L:/127.0.0.1:63151 - R:localhost/127.0.0.1:26454]
22:24:46.649 [Forwarding findElement on session e07c61e4-6c8c-40fa-bf02-54c105e74990 to remote] DEBUG org.asynchttpclient.netty.request.NettyRequestSender -- Using pooled Channel '[id: 0x42511ba1, L:/127.0.0.1:63151 - R:localhost/127.0.0.1:26454]' for 'POST' to 'http://localhost:26454/session/e07c61e4-6c8c-40fa-bf02-54c105e74990/element'
22:24:46.650 [Forwarding findElement on session e07c61e4-6c8c-40fa-bf02-54c105e74990 to remote] DEBUG org.asynchttpclient.netty.request.NettyRequestSender -- Using open Channel [id: 0x42511ba1, L:/127.0.0.1:63151 - R:localhost/127.0.0.1:26454] for POST '/session/e07c61e4-6c8c-40fa-bf02-54c105e74990/element'
22:24:46.652 [AsyncHttpClient-1-2] DEBUG org.asynchttpclient.netty.handler.HttpHandler -- 

Request DefaultHttpRequest(decodeResult: success, version: HTTP/1.1)
POST /session/e07c61e4-6c8c-40fa-bf02-54c105e74990/element HTTP/1.1
User-Agent: selenium/4.12.0 (java windows)
Content-Length: 78
Content-Type: application/json; charset=utf-8
host: localhost:26454
accept: */*

Response DefaultHttpResponse(decodeResult: success, version: HTTP/1.1)
HTTP/1.1 200 OK
content-type: application/json; charset=utf-8
cache-control: no-cache
content-length: 88
date: Sun, 28 Apr 2024 03:24:46 GMT

22:24:46.652 [AsyncHttpClient-1-2] DEBUG org.asynchttpclient.netty.channel.ChannelManager -- Adding key: http://localhost:26454 for channel [id: 0x42511ba1, L:/127.0.0.1:63151 - R:localhost/127.0.0.1:26454]
22:24:46.653 [Forwarding clickElement on session e07c61e4-6c8c-40fa-bf02-54c105e74990 to remote] DEBUG org.asynchttpclient.netty.request.NettyRequestSender -- Using pooled Channel '[id: 0x42511ba1, L:/127.0.0.1:63151 - R:localhost/127.0.0.1:26454]' for 'POST' to 'http://localhost:26454/session/e07c61e4-6c8c-40fa-bf02-54c105e74990/element/885cd233-a09d-4718-80a4-30d237d4dba3/click'
22:24:46.653 [Forwarding clickElement on session e07c61e4-6c8c-40fa-bf02-54c105e74990 to remote] DEBUG org.asynchttpclient.netty.request.NettyRequestSender -- Using open Channel [id: 0x42511ba1, L:/127.0.0.1:63151 - R:localhost/127.0.0.1:26454] for POST '/session/e07c61e4-6c8c-40fa-bf02-54c105e74990/element/885cd233-a09d-4718-80a4-30d237d4dba3/click'
22:24:46.680 [AsyncHttpClient-1-2] DEBUG org.asynchttpclient.netty.handler.HttpHandler -- 

Request DefaultHttpRequest(decodeResult: success, version: HTTP/1.1)
POST /session/e07c61e4-6c8c-40fa-bf02-54c105e74990/element/885cd233-a09d-4718-80a4-30d237d4dba3/click HTTP/1.1
User-Agent: selenium/4.12.0 (java windows)
Content-Length: 50
Content-Type: application/json; charset=utf-8
host: localhost:26454
accept: */*

Response DefaultHttpResponse(decodeResult: success, version: HTTP/1.1)
HTTP/1.1 200 OK
content-type: application/json; charset=utf-8
cache-control: no-cache
content-length: 14
date: Sun, 28 Apr 2024 03:24:46 GMT

22:24:46.680 [AsyncHttpClient-1-2] DEBUG org.asynchttpclient.netty.channel.ChannelManager -- Adding key: http://localhost:26454 for channel [id: 0x42511ba1, L:/127.0.0.1:63151 - R:localhost/127.0.0.1:26454]
22:24:46.687 [Forwarding getAlertText on session e07c61e4-6c8c-40fa-bf02-54c105e74990 to remote] DEBUG org.asynchttpclient.netty.request.NettyRequestSender -- Using pooled Channel '[id: 0x42511ba1, L:/127.0.0.1:63151 - R:localhost/127.0.0.1:26454]' for 'GET' to 'http://localhost:26454/session/e07c61e4-6c8c-40fa-bf02-54c105e74990/alert/text'
22:24:46.688 [Forwarding getAlertText on session e07c61e4-6c8c-40fa-bf02-54c105e74990 to remote] DEBUG org.asynchttpclient.netty.request.NettyRequestSender -- Using open Channel [id: 0x42511ba1, L:/127.0.0.1:63151 - R:localhost/127.0.0.1:26454] for GET '/session/e07c61e4-6c8c-40fa-bf02-54c105e74990/alert/text'
22:24:46.690 [AsyncHttpClient-1-2] DEBUG org.asynchttpclient.netty.handler.HttpHandler -- 

Request DefaultFullHttpRequest(decodeResult: success, version: HTTP/1.1, content: EmptyByteBufBE)
GET /session/e07c61e4-6c8c-40fa-bf02-54c105e74990/alert/text HTTP/1.1
Cache-Control: no-cache
User-Agent: selenium/4.12.0 (java windows)
Content-Type: application/json; charset=utf-8
host: localhost:26454
accept: */*

Response DefaultHttpResponse(decodeResult: success, version: HTTP/1.1)
HTTP/1.1 404 Not Found
content-type: application/json; charset=utf-8
cache-control: no-cache
content-length: 842
date: Sun, 28 Apr 2024 03:24:46 GMT

22:24:46.690 [AsyncHttpClient-1-2] DEBUG org.asynchttpclient.netty.channel.ChannelManager -- Adding key: http://localhost:26454 for channel [id: 0x42511ba1, L:/127.0.0.1:63151 - R:localhost/127.0.0.1:26454]
22:24:46.691 [Forwarding getCurrentUrl on session e07c61e4-6c8c-40fa-bf02-54c105e74990 to remote] DEBUG org.asynchttpclient.netty.request.NettyRequestSender -- Using pooled Channel '[id: 0x42511ba1, L:/127.0.0.1:63151 - R:localhost/127.0.0.1:26454]' for 'GET' to 'http://localhost:26454/session/e07c61e4-6c8c-40fa-bf02-54c105e74990/url'
22:24:46.691 [Forwarding getCurrentUrl on session e07c61e4-6c8c-40fa-bf02-54c105e74990 to remote] DEBUG org.asynchttpclient.netty.request.NettyRequestSender -- Using open Channel [id: 0x42511ba1, L:/127.0.0.1:63151 - R:localhost/127.0.0.1:26454] for GET '/session/e07c61e4-6c8c-40fa-bf02-54c105e74990/url'
22:24:46.692 [AsyncHttpClient-1-2] DEBUG org.asynchttpclient.netty.handler.HttpHandler -- 

Request DefaultFullHttpRequest(decodeResult: success, version: HTTP/1.1, content: EmptyByteBufBE)
GET /session/e07c61e4-6c8c-40fa-bf02-54c105e74990/url HTTP/1.1
Cache-Control: no-cache
User-Agent: selenium/4.12.0 (java windows)
Content-Type: application/json; charset=utf-8
host: localhost:26454
accept: */*

Response DefaultHttpResponse(decodeResult: success, version: HTTP/1.1)
HTTP/1.1 200 OK
content-type: application/json; charset=utf-8
cache-control: no-cache
content-length: 39
date: Sun, 28 Apr 2024 03:24:46 GMT

22:24:46.693 [AsyncHttpClient-1-2] DEBUG org.asynchttpclient.netty.channel.ChannelManager -- Adding key: http://localhost:26454 for channel [id: 0x42511ba1, L:/127.0.0.1:63151 - R:localhost/127.0.0.1:26454]
22:24:46.693 [Forwarding screenshot on session e07c61e4-6c8c-40fa-bf02-54c105e74990 to remote] DEBUG org.asynchttpclient.netty.request.NettyRequestSender -- Using pooled Channel '[id: 0x42511ba1, L:/127.0.0.1:63151 - R:localhost/127.0.0.1:26454]' for 'GET' to 'http://localhost:26454/session/e07c61e4-6c8c-40fa-bf02-54c105e74990/screenshot'
22:24:46.693 [Forwarding screenshot on session e07c61e4-6c8c-40fa-bf02-54c105e74990 to remote] DEBUG org.asynchttpclient.netty.request.NettyRequestSender -- Using open Channel [id: 0x42511ba1, L:/127.0.0.1:63151 - R:localhost/127.0.0.1:26454] for GET '/session/e07c61e4-6c8c-40fa-bf02-54c105e74990/screenshot'
22:24:46.795 [AsyncHttpClient-1-2] DEBUG org.asynchttpclient.netty.handler.HttpHandler -- 

Request DefaultFullHttpRequest(decodeResult: success, version: HTTP/1.1, content: EmptyByteBufBE)
GET /session/e07c61e4-6c8c-40fa-bf02-54c105e74990/screenshot HTTP/1.1
Cache-Control: no-cache
User-Agent: selenium/4.12.0 (java windows)
Content-Type: application/json; charset=utf-8
host: localhost:26454
accept: */*

Response DefaultHttpResponse(decodeResult: success, version: HTTP/1.1)
HTTP/1.1 200 OK
content-type: application/json; charset=utf-8
cache-control: no-cache
content-length: 800340
date: Sun, 28 Apr 2024 03:24:46 GMT

22:24:46.797 [AsyncHttpClient-1-2] DEBUG org.asynchttpclient.netty.channel.ChannelManager -- Adding key: http://localhost:26454 for channel [id: 0x42511ba1, L:/127.0.0.1:63151 - R:localhost/127.0.0.1:26454]
22:24:46.809 [main] DEBUG net.serenitybdd.core.photography.Darkroom -- Send negative for processing for C:\Users\USUARIO\OneDrive\Documentos\02 Automatización\03 Pragma\pragma\pragma\target\site\serenity\c6d2d59253a3c52d8b8db4ad723f6da73641757028d146bd6c52f7f99c9aebe9.png
22:24:47.609 [AsyncHttpClient-1-1] DEBUG org.asynchttpclient.netty.channel.DefaultChannelPool -- Entry count for : http://localhost:26454 : 1
22:24:47.824 [main] DEBUG net.thucydides.core.steps.StepInterceptor -- STEP DONE: ingresoACategoria
22:24:47.835 [Forwarding getAlertText on session e07c61e4-6c8c-40fa-bf02-54c105e74990 to remote] DEBUG org.asynchttpclient.netty.request.NettyRequestSender -- Using pooled Channel '[id: 0x42511ba1, L:/127.0.0.1:63151 - R:localhost/127.0.0.1:26454]' for 'GET' to 'http://localhost:26454/session/e07c61e4-6c8c-40fa-bf02-54c105e74990/alert/text'
22:24:47.835 [Forwarding getAlertText on session e07c61e4-6c8c-40fa-bf02-54c105e74990 to remote] DEBUG org.asynchttpclient.netty.request.NettyRequestSender -- Using open Channel [id: 0x42511ba1, L:/127.0.0.1:63151 - R:localhost/127.0.0.1:26454] for GET '/session/e07c61e4-6c8c-40fa-bf02-54c105e74990/alert/text'
22:24:47.838 [AsyncHttpClient-1-2] DEBUG org.asynchttpclient.netty.handler.HttpHandler -- 

Request DefaultFullHttpRequest(decodeResult: success, version: HTTP/1.1, content: EmptyByteBufBE)
GET /session/e07c61e4-6c8c-40fa-bf02-54c105e74990/alert/text HTTP/1.1
Cache-Control: no-cache
User-Agent: selenium/4.12.0 (java windows)
Content-Type: application/json; charset=utf-8
host: localhost:26454
accept: */*

Response DefaultHttpResponse(decodeResult: success, version: HTTP/1.1)
HTTP/1.1 404 Not Found
content-type: application/json; charset=utf-8
cache-control: no-cache
content-length: 842
date: Sun, 28 Apr 2024 03:24:47 GMT

22:24:47.839 [AsyncHttpClient-1-2] DEBUG org.asynchttpclient.netty.channel.ChannelManager -- Adding key: http://localhost:26454 for channel [id: 0x42511ba1, L:/127.0.0.1:63151 - R:localhost/127.0.0.1:26454]
22:24:47.842 [Forwarding getCurrentUrl on session e07c61e4-6c8c-40fa-bf02-54c105e74990 to remote] DEBUG org.asynchttpclient.netty.request.NettyRequestSender -- Using pooled Channel '[id: 0x42511ba1, L:/127.0.0.1:63151 - R:localhost/127.0.0.1:26454]' for 'GET' to 'http://localhost:26454/session/e07c61e4-6c8c-40fa-bf02-54c105e74990/url'
22:24:47.842 [Forwarding getCurrentUrl on session e07c61e4-6c8c-40fa-bf02-54c105e74990 to remote] DEBUG org.asynchttpclient.netty.request.NettyRequestSender -- Using open Channel [id: 0x42511ba1, L:/127.0.0.1:63151 - R:localhost/127.0.0.1:26454] for GET '/session/e07c61e4-6c8c-40fa-bf02-54c105e74990/url'
22:24:47.844 [AsyncHttpClient-1-2] DEBUG org.asynchttpclient.netty.handler.HttpHandler -- 

Request DefaultFullHttpRequest(decodeResult: success, version: HTTP/1.1, content: EmptyByteBufBE)
GET /session/e07c61e4-6c8c-40fa-bf02-54c105e74990/url HTTP/1.1
Cache-Control: no-cache
User-Agent: selenium/4.12.0 (java windows)
Content-Type: application/json; charset=utf-8
host: localhost:26454
accept: */*

Response DefaultHttpResponse(decodeResult: success, version: HTTP/1.1)
HTTP/1.1 200 OK
content-type: application/json; charset=utf-8
cache-control: no-cache
content-length: 39
date: Sun, 28 Apr 2024 03:24:47 GMT

22:24:47.844 [AsyncHttpClient-1-2] DEBUG org.asynchttpclient.netty.channel.ChannelManager -- Adding key: http://localhost:26454 for channel [id: 0x42511ba1, L:/127.0.0.1:63151 - R:localhost/127.0.0.1:26454]
22:24:47.845 [Forwarding screenshot on session e07c61e4-6c8c-40fa-bf02-54c105e74990 to remote] DEBUG org.asynchttpclient.netty.request.NettyRequestSender -- Using pooled Channel '[id: 0x42511ba1, L:/127.0.0.1:63151 - R:localhost/127.0.0.1:26454]' for 'GET' to 'http://localhost:26454/session/e07c61e4-6c8c-40fa-bf02-54c105e74990/screenshot'
22:24:47.846 [Forwarding screenshot on session e07c61e4-6c8c-40fa-bf02-54c105e74990 to remote] DEBUG org.asynchttpclient.netty.request.NettyRequestSender -- Using open Channel [id: 0x42511ba1, L:/127.0.0.1:63151 - R:localhost/127.0.0.1:26454] for GET '/session/e07c61e4-6c8c-40fa-bf02-54c105e74990/screenshot'
22:24:47.905 [AsyncHttpClient-1-2] DEBUG org.asynchttpclient.netty.handler.HttpHandler -- 

Request DefaultFullHttpRequest(decodeResult: success, version: HTTP/1.1, content: EmptyByteBufBE)
GET /session/e07c61e4-6c8c-40fa-bf02-54c105e74990/screenshot HTTP/1.1
Cache-Control: no-cache
User-Agent: selenium/4.12.0 (java windows)
Content-Type: application/json; charset=utf-8
host: localhost:26454
accept: */*

Response DefaultHttpResponse(decodeResult: success, version: HTTP/1.1)
HTTP/1.1 200 OK
content-type: application/json; charset=utf-8
cache-control: no-cache
content-length: 548564
date: Sun, 28 Apr 2024 03:24:47 GMT

22:24:47.906 [AsyncHttpClient-1-2] DEBUG org.asynchttpclient.netty.channel.ChannelManager -- Adding key: http://localhost:26454 for channel [id: 0x42511ba1, L:/127.0.0.1:63151 - R:localhost/127.0.0.1:26454]
22:24:47.914 [main] DEBUG net.serenitybdd.core.photography.Darkroom -- Send negative for processing for C:\Users\USUARIO\OneDrive\Documentos\02 Automatización\03 Pragma\pragma\pragma\target\site\serenity\c5bd11b700bec8a0dbd87675db036b1814c8ede9f24bb4fbfea5ab0e5c610bbe.png
22:24:47.915 [Darkroom Processing Line] DEBUG net.serenitybdd.core.photography.DarkroomProcessingLine -- Processing screenshot image in /var/screenshots/screenshot-14710406185689821974
22:24:47.915 [Darkroom Processing Line] DEBUG net.serenitybdd.core.photography.DarkroomProcessingLine -- Saving screenshot to C:\Users\USUARIO\OneDrive\Documentos\02 Automatización\03 Pragma\pragma\pragma\target\site\serenity\c5bd11b700bec8a0dbd87675db036b1814c8ede9f24bb4fbfea5ab0e5c610bbe.png
22:24:48.712 [AsyncHttpClient-1-1] DEBUG org.asynchttpclient.netty.channel.DefaultChannelPool -- Entry count for : http://localhost:26454 : 1
22:24:48.941 [main] DEBUG net.thucydides.core.steps.StepInterceptor -- STARTING STEP: StepInterceptor.testContext - ingresoAlProducto
22:24:48.945 [Forwarding findElement on session e07c61e4-6c8c-40fa-bf02-54c105e74990 to remote] DEBUG org.asynchttpclient.netty.request.NettyRequestSender -- Using pooled Channel '[id: 0x42511ba1, L:/127.0.0.1:63151 - R:localhost/127.0.0.1:26454]' for 'POST' to 'http://localhost:26454/session/e07c61e4-6c8c-40fa-bf02-54c105e74990/element'
22:24:48.945 [Forwarding findElement on session e07c61e4-6c8c-40fa-bf02-54c105e74990 to remote] DEBUG org.asynchttpclient.netty.request.NettyRequestSender -- Using open Channel [id: 0x42511ba1, L:/127.0.0.1:63151 - R:localhost/127.0.0.1:26454] for POST '/session/e07c61e4-6c8c-40fa-bf02-54c105e74990/element'
22:24:48.951 [AsyncHttpClient-1-2] DEBUG org.asynchttpclient.netty.handler.HttpHandler -- 

Request DefaultHttpRequest(decodeResult: success, version: HTTP/1.1)
POST /session/e07c61e4-6c8c-40fa-bf02-54c105e74990/element HTTP/1.1
User-Agent: selenium/4.12.0 (java windows)
Content-Length: 82
Content-Type: application/json; charset=utf-8
host: localhost:26454
accept: */*

Response DefaultHttpResponse(decodeResult: success, version: HTTP/1.1)
HTTP/1.1 200 OK
content-type: application/json; charset=utf-8
cache-control: no-cache
content-length: 88
date: Sun, 28 Apr 2024 03:24:48 GMT

22:24:48.951 [AsyncHttpClient-1-2] DEBUG org.asynchttpclient.netty.channel.ChannelManager -- Adding key: http://localhost:26454 for channel [id: 0x42511ba1, L:/127.0.0.1:63151 - R:localhost/127.0.0.1:26454]
22:24:48.954 [Forwarding getElementTagName on session e07c61e4-6c8c-40fa-bf02-54c105e74990 to remote] DEBUG org.asynchttpclient.netty.request.NettyRequestSender -- Using pooled Channel '[id: 0x42511ba1, L:/127.0.0.1:63151 - R:localhost/127.0.0.1:26454]' for 'GET' to 'http://localhost:26454/session/e07c61e4-6c8c-40fa-bf02-54c105e74990/element/ae38909d-23b4-42c3-82c2-53e818c90168/name'
22:24:48.954 [Forwarding getElementTagName on session e07c61e4-6c8c-40fa-bf02-54c105e74990 to remote] DEBUG org.asynchttpclient.netty.request.NettyRequestSender -- Using open Channel [id: 0x42511ba1, L:/127.0.0.1:63151 - R:localhost/127.0.0.1:26454] for GET '/session/e07c61e4-6c8c-40fa-bf02-54c105e74990/element/ae38909d-23b4-42c3-82c2-53e818c90168/name'
22:24:48.957 [AsyncHttpClient-1-2] DEBUG org.asynchttpclient.netty.handler.HttpHandler -- 

Request DefaultFullHttpRequest(decodeResult: success, version: HTTP/1.1, content: EmptyByteBufBE)
GET /session/e07c61e4-6c8c-40fa-bf02-54c105e74990/element/ae38909d-23b4-42c3-82c2-53e818c90168/name HTTP/1.1
Cache-Control: no-cache
User-Agent: selenium/4.12.0 (java windows)
Content-Type: application/json; charset=utf-8
host: localhost:26454
accept: */*

Response DefaultHttpResponse(decodeResult: success, version: HTTP/1.1)
HTTP/1.1 200 OK
content-type: application/json; charset=utf-8
cache-control: no-cache
content-length: 13
date: Sun, 28 Apr 2024 03:24:48 GMT

22:24:48.957 [AsyncHttpClient-1-2] DEBUG org.asynchttpclient.netty.channel.ChannelManager -- Adding key: http://localhost:26454 for channel [id: 0x42511ba1, L:/127.0.0.1:63151 - R:localhost/127.0.0.1:26454]
22:24:48.958 [Forwarding getElementTagName on session e07c61e4-6c8c-40fa-bf02-54c105e74990 to remote] DEBUG org.asynchttpclient.netty.request.NettyRequestSender -- Using pooled Channel '[id: 0x42511ba1, L:/127.0.0.1:63151 - R:localhost/127.0.0.1:26454]' for 'GET' to 'http://localhost:26454/session/e07c61e4-6c8c-40fa-bf02-54c105e74990/element/ae38909d-23b4-42c3-82c2-53e818c90168/name'
22:24:48.958 [Forwarding getElementTagName on session e07c61e4-6c8c-40fa-bf02-54c105e74990 to remote] DEBUG org.asynchttpclient.netty.request.NettyRequestSender -- Using open Channel [id: 0x42511ba1, L:/127.0.0.1:63151 - R:localhost/127.0.0.1:26454] for GET '/session/e07c61e4-6c8c-40fa-bf02-54c105e74990/element/ae38909d-23b4-42c3-82c2-53e818c90168/name'
22:24:48.961 [AsyncHttpClient-1-2] DEBUG org.asynchttpclient.netty.handler.HttpHandler -- 

Request DefaultFullHttpRequest(decodeResult: success, version: HTTP/1.1, content: EmptyByteBufBE)
GET /session/e07c61e4-6c8c-40fa-bf02-54c105e74990/element/ae38909d-23b4-42c3-82c2-53e818c90168/name HTTP/1.1
Cache-Control: no-cache
User-Agent: selenium/4.12.0 (java windows)
Content-Type: application/json; charset=utf-8
host: localhost:26454
accept: */*

Response DefaultHttpResponse(decodeResult: success, version: HTTP/1.1)
HTTP/1.1 200 OK
content-type: application/json; charset=utf-8
cache-control: no-cache
content-length: 13
date: Sun, 28 Apr 2024 03:24:48 GMT

22:24:48.961 [AsyncHttpClient-1-2] DEBUG org.asynchttpclient.netty.channel.ChannelManager -- Adding key: http://localhost:26454 for channel [id: 0x42511ba1, L:/127.0.0.1:63151 - R:localhost/127.0.0.1:26454]
22:24:48.963 [Forwarding findElement on session e07c61e4-6c8c-40fa-bf02-54c105e74990 to remote] DEBUG org.asynchttpclient.netty.request.NettyRequestSender -- Using pooled Channel '[id: 0x42511ba1, L:/127.0.0.1:63151 - R:localhost/127.0.0.1:26454]' for 'POST' to 'http://localhost:26454/session/e07c61e4-6c8c-40fa-bf02-54c105e74990/element'
22:24:48.963 [Forwarding findElement on session e07c61e4-6c8c-40fa-bf02-54c105e74990 to remote] DEBUG org.asynchttpclient.netty.request.NettyRequestSender -- Using open Channel [id: 0x42511ba1, L:/127.0.0.1:63151 - R:localhost/127.0.0.1:26454] for POST '/session/e07c61e4-6c8c-40fa-bf02-54c105e74990/element'
22:24:48.965 [AsyncHttpClient-1-2] DEBUG org.asynchttpclient.netty.handler.HttpHandler -- 

Request DefaultHttpRequest(decodeResult: success, version: HTTP/1.1)
POST /session/e07c61e4-6c8c-40fa-bf02-54c105e74990/element HTTP/1.1
User-Agent: selenium/4.12.0 (java windows)
Content-Length: 82
Content-Type: application/json; charset=utf-8
host: localhost:26454
accept: */*

Response DefaultHttpResponse(decodeResult: success, version: HTTP/1.1)
HTTP/1.1 200 OK
content-type: application/json; charset=utf-8
cache-control: no-cache
content-length: 88
date: Sun, 28 Apr 2024 03:24:48 GMT

22:24:48.965 [AsyncHttpClient-1-2] DEBUG org.asynchttpclient.netty.channel.ChannelManager -- Adding key: http://localhost:26454 for channel [id: 0x42511ba1, L:/127.0.0.1:63151 - R:localhost/127.0.0.1:26454]
22:24:48.966 [Forwarding clickElement on session e07c61e4-6c8c-40fa-bf02-54c105e74990 to remote] DEBUG org.asynchttpclient.netty.request.NettyRequestSender -- Using pooled Channel '[id: 0x42511ba1, L:/127.0.0.1:63151 - R:localhost/127.0.0.1:26454]' for 'POST' to 'http://localhost:26454/session/e07c61e4-6c8c-40fa-bf02-54c105e74990/element/ae38909d-23b4-42c3-82c2-53e818c90168/click'
22:24:48.966 [Forwarding clickElement on session e07c61e4-6c8c-40fa-bf02-54c105e74990 to remote] DEBUG org.asynchttpclient.netty.request.NettyRequestSender -- Using open Channel [id: 0x42511ba1, L:/127.0.0.1:63151 - R:localhost/127.0.0.1:26454] for POST '/session/e07c61e4-6c8c-40fa-bf02-54c105e74990/element/ae38909d-23b4-42c3-82c2-53e818c90168/click'
22:24:49.258 [AsyncHttpClient-1-2] DEBUG org.asynchttpclient.netty.handler.HttpHandler -- 

Request DefaultHttpRequest(decodeResult: success, version: HTTP/1.1)
POST /session/e07c61e4-6c8c-40fa-bf02-54c105e74990/element/ae38909d-23b4-42c3-82c2-53e818c90168/click HTTP/1.1
User-Agent: selenium/4.12.0 (java windows)
Content-Length: 50
Content-Type: application/json; charset=utf-8
host: localhost:26454
accept: */*

Response DefaultHttpResponse(decodeResult: success, version: HTTP/1.1)
HTTP/1.1 200 OK
content-type: application/json; charset=utf-8
cache-control: no-cache
content-length: 14
date: Sun, 28 Apr 2024 03:24:48 GMT

22:24:49.259 [AsyncHttpClient-1-2] DEBUG org.asynchttpclient.netty.channel.ChannelManager -- Adding key: http://localhost:26454 for channel [id: 0x42511ba1, L:/127.0.0.1:63151 - R:localhost/127.0.0.1:26454]
22:24:49.264 [Forwarding findElement on session e07c61e4-6c8c-40fa-bf02-54c105e74990 to remote] DEBUG org.asynchttpclient.netty.request.NettyRequestSender -- Using pooled Channel '[id: 0x42511ba1, L:/127.0.0.1:63151 - R:localhost/127.0.0.1:26454]' for 'POST' to 'http://localhost:26454/session/e07c61e4-6c8c-40fa-bf02-54c105e74990/element'
22:24:49.264 [Forwarding findElement on session e07c61e4-6c8c-40fa-bf02-54c105e74990 to remote] DEBUG org.asynchttpclient.netty.request.NettyRequestSender -- Using open Channel [id: 0x42511ba1, L:/127.0.0.1:63151 - R:localhost/127.0.0.1:26454] for POST '/session/e07c61e4-6c8c-40fa-bf02-54c105e74990/element'
22:24:49.519 [AsyncHttpClient-1-2] DEBUG org.asynchttpclient.netty.handler.HttpHandler -- 

Request DefaultHttpRequest(decodeResult: success, version: HTTP/1.1)
POST /session/e07c61e4-6c8c-40fa-bf02-54c105e74990/element HTTP/1.1
User-Agent: selenium/4.12.0 (java windows)
Content-Length: 66
Content-Type: application/json; charset=utf-8
host: localhost:26454
accept: */*

Response DefaultHttpResponse(decodeResult: success, version: HTTP/1.1)
HTTP/1.1 200 OK
content-type: application/json; charset=utf-8
cache-control: no-cache
content-length: 88
date: Sun, 28 Apr 2024 03:24:48 GMT

22:24:49.520 [AsyncHttpClient-1-2] DEBUG org.asynchttpclient.netty.channel.ChannelManager -- Adding key: http://localhost:26454 for channel [id: 0x42511ba1, L:/127.0.0.1:63151 - R:localhost/127.0.0.1:26454]
22:24:49.521 [Forwarding getElementText on session e07c61e4-6c8c-40fa-bf02-54c105e74990 to remote] DEBUG org.asynchttpclient.netty.request.NettyRequestSender -- Using pooled Channel '[id: 0x42511ba1, L:/127.0.0.1:63151 - R:localhost/127.0.0.1:26454]' for 'GET' to 'http://localhost:26454/session/e07c61e4-6c8c-40fa-bf02-54c105e74990/element/40e51729-3688-40c8-a26f-4d0c9725355e/text'
22:24:49.521 [Forwarding getElementText on session e07c61e4-6c8c-40fa-bf02-54c105e74990 to remote] DEBUG org.asynchttpclient.netty.request.NettyRequestSender -- Using open Channel [id: 0x42511ba1, L:/127.0.0.1:63151 - R:localhost/127.0.0.1:26454] for GET '/session/e07c61e4-6c8c-40fa-bf02-54c105e74990/element/40e51729-3688-40c8-a26f-4d0c9725355e/text'
22:24:49.529 [AsyncHttpClient-1-2] DEBUG org.asynchttpclient.netty.handler.HttpHandler -- 

Request DefaultFullHttpRequest(decodeResult: success, version: HTTP/1.1, content: EmptyByteBufBE)
GET /session/e07c61e4-6c8c-40fa-bf02-54c105e74990/element/40e51729-3688-40c8-a26f-4d0c9725355e/text HTTP/1.1
Cache-Control: no-cache
User-Agent: selenium/4.12.0 (java windows)
Content-Type: application/json; charset=utf-8
host: localhost:26454
accept: */*

Response DefaultHttpResponse(decodeResult: success, version: HTTP/1.1)
HTTP/1.1 200 OK
content-type: application/json; charset=utf-8
cache-control: no-cache
content-length: 23
date: Sun, 28 Apr 2024 03:24:48 GMT

22:24:49.529 [AsyncHttpClient-1-2] DEBUG org.asynchttpclient.netty.channel.ChannelManager -- Adding key: http://localhost:26454 for channel [id: 0x42511ba1, L:/127.0.0.1:63151 - R:localhost/127.0.0.1:26454]
22:24:49.536 [Forwarding getAlertText on session e07c61e4-6c8c-40fa-bf02-54c105e74990 to remote] DEBUG org.asynchttpclient.netty.request.NettyRequestSender -- Using pooled Channel '[id: 0x42511ba1, L:/127.0.0.1:63151 - R:localhost/127.0.0.1:26454]' for 'GET' to 'http://localhost:26454/session/e07c61e4-6c8c-40fa-bf02-54c105e74990/alert/text'
22:24:49.536 [Forwarding getAlertText on session e07c61e4-6c8c-40fa-bf02-54c105e74990 to remote] DEBUG org.asynchttpclient.netty.request.NettyRequestSender -- Using open Channel [id: 0x42511ba1, L:/127.0.0.1:63151 - R:localhost/127.0.0.1:26454] for GET '/session/e07c61e4-6c8c-40fa-bf02-54c105e74990/alert/text'
22:24:49.538 [AsyncHttpClient-1-2] DEBUG org.asynchttpclient.netty.handler.HttpHandler -- 

Request DefaultFullHttpRequest(decodeResult: success, version: HTTP/1.1, content: EmptyByteBufBE)
GET /session/e07c61e4-6c8c-40fa-bf02-54c105e74990/alert/text HTTP/1.1
Cache-Control: no-cache
User-Agent: selenium/4.12.0 (java windows)
Content-Type: application/json; charset=utf-8
host: localhost:26454
accept: */*

Response DefaultHttpResponse(decodeResult: success, version: HTTP/1.1)
HTTP/1.1 404 Not Found
content-type: application/json; charset=utf-8
cache-control: no-cache
content-length: 842
date: Sun, 28 Apr 2024 03:24:48 GMT

22:24:49.538 [AsyncHttpClient-1-2] DEBUG org.asynchttpclient.netty.channel.ChannelManager -- Adding key: http://localhost:26454 for channel [id: 0x42511ba1, L:/127.0.0.1:63151 - R:localhost/127.0.0.1:26454]
22:24:49.539 [Forwarding getCurrentUrl on session e07c61e4-6c8c-40fa-bf02-54c105e74990 to remote] DEBUG org.asynchttpclient.netty.request.NettyRequestSender -- Using pooled Channel '[id: 0x42511ba1, L:/127.0.0.1:63151 - R:localhost/127.0.0.1:26454]' for 'GET' to 'http://localhost:26454/session/e07c61e4-6c8c-40fa-bf02-54c105e74990/url'
22:24:49.539 [Forwarding getCurrentUrl on session e07c61e4-6c8c-40fa-bf02-54c105e74990 to remote] DEBUG org.asynchttpclient.netty.request.NettyRequestSender -- Using open Channel [id: 0x42511ba1, L:/127.0.0.1:63151 - R:localhost/127.0.0.1:26454] for GET '/session/e07c61e4-6c8c-40fa-bf02-54c105e74990/url'
22:24:49.541 [AsyncHttpClient-1-2] DEBUG org.asynchttpclient.netty.handler.HttpHandler -- 

Request DefaultFullHttpRequest(decodeResult: success, version: HTTP/1.1, content: EmptyByteBufBE)
GET /session/e07c61e4-6c8c-40fa-bf02-54c105e74990/url HTTP/1.1
Cache-Control: no-cache
User-Agent: selenium/4.12.0 (java windows)
Content-Type: application/json; charset=utf-8
host: localhost:26454
accept: */*

Response DefaultHttpResponse(decodeResult: success, version: HTTP/1.1)
HTTP/1.1 200 OK
content-type: application/json; charset=utf-8
cache-control: no-cache
content-length: 55
date: Sun, 28 Apr 2024 03:24:48 GMT

22:24:49.541 [AsyncHttpClient-1-2] DEBUG org.asynchttpclient.netty.channel.ChannelManager -- Adding key: http://localhost:26454 for channel [id: 0x42511ba1, L:/127.0.0.1:63151 - R:localhost/127.0.0.1:26454]
22:24:49.542 [Forwarding screenshot on session e07c61e4-6c8c-40fa-bf02-54c105e74990 to remote] DEBUG org.asynchttpclient.netty.request.NettyRequestSender -- Using pooled Channel '[id: 0x42511ba1, L:/127.0.0.1:63151 - R:localhost/127.0.0.1:26454]' for 'GET' to 'http://localhost:26454/session/e07c61e4-6c8c-40fa-bf02-54c105e74990/screenshot'
22:24:49.542 [Forwarding screenshot on session e07c61e4-6c8c-40fa-bf02-54c105e74990 to remote] DEBUG org.asynchttpclient.netty.request.NettyRequestSender -- Using open Channel [id: 0x42511ba1, L:/127.0.0.1:63151 - R:localhost/127.0.0.1:26454] for GET '/session/e07c61e4-6c8c-40fa-bf02-54c105e74990/screenshot'
22:24:49.617 [AsyncHttpClient-1-2] DEBUG org.asynchttpclient.netty.handler.HttpHandler -- 

Request DefaultFullHttpRequest(decodeResult: success, version: HTTP/1.1, content: EmptyByteBufBE)
GET /session/e07c61e4-6c8c-40fa-bf02-54c105e74990/screenshot HTTP/1.1
Cache-Control: no-cache
User-Agent: selenium/4.12.0 (java windows)
Content-Type: application/json; charset=utf-8
host: localhost:26454
accept: */*

Response DefaultHttpResponse(decodeResult: success, version: HTTP/1.1)
HTTP/1.1 200 OK
content-type: application/json; charset=utf-8
cache-control: no-cache
content-length: 442872
date: Sun, 28 Apr 2024 03:24:48 GMT

22:24:49.619 [AsyncHttpClient-1-2] DEBUG org.asynchttpclient.netty.channel.ChannelManager -- Adding key: http://localhost:26454 for channel [id: 0x42511ba1, L:/127.0.0.1:63151 - R:localhost/127.0.0.1:26454]
22:24:49.624 [main] DEBUG net.serenitybdd.core.photography.Darkroom -- Send negative for processing for C:\Users\USUARIO\OneDrive\Documentos\02 Automatización\03 Pragma\pragma\pragma\target\site\serenity\6e8e910a40452eb0870ffa447740510f5bb21f21a79f8c8568897d0655637592.png
22:24:49.625 [Darkroom Processing Line] DEBUG net.serenitybdd.core.photography.DarkroomProcessingLine -- Processing screenshot image in /var/screenshots/screenshot-8568153692782824896
22:24:49.625 [Darkroom Processing Line] DEBUG net.serenitybdd.core.photography.DarkroomProcessingLine -- Saving screenshot to C:\Users\USUARIO\OneDrive\Documentos\02 Automatización\03 Pragma\pragma\pragma\target\site\serenity\6e8e910a40452eb0870ffa447740510f5bb21f21a79f8c8568897d0655637592.png
22:24:49.814 [AsyncHttpClient-1-1] DEBUG org.asynchttpclient.netty.channel.DefaultChannelPool -- Entry count for : http://localhost:26454 : 1
22:24:50.638 [main] DEBUG net.thucydides.core.steps.StepInterceptor -- STEP DONE: ingresoAlProducto
22:24:50.648 [Forwarding getAlertText on session e07c61e4-6c8c-40fa-bf02-54c105e74990 to remote] DEBUG org.asynchttpclient.netty.request.NettyRequestSender -- Using pooled Channel '[id: 0x42511ba1, L:/127.0.0.1:63151 - R:localhost/127.0.0.1:26454]' for 'GET' to 'http://localhost:26454/session/e07c61e4-6c8c-40fa-bf02-54c105e74990/alert/text'
22:24:50.648 [Forwarding getAlertText on session e07c61e4-6c8c-40fa-bf02-54c105e74990 to remote] DEBUG org.asynchttpclient.netty.request.NettyRequestSender -- Using open Channel [id: 0x42511ba1, L:/127.0.0.1:63151 - R:localhost/127.0.0.1:26454] for GET '/session/e07c61e4-6c8c-40fa-bf02-54c105e74990/alert/text'
22:24:50.651 [AsyncHttpClient-1-2] DEBUG org.asynchttpclient.netty.handler.HttpHandler -- 

Request DefaultFullHttpRequest(decodeResult: success, version: HTTP/1.1, content: EmptyByteBufBE)
GET /session/e07c61e4-6c8c-40fa-bf02-54c105e74990/alert/text HTTP/1.1
Cache-Control: no-cache
User-Agent: selenium/4.12.0 (java windows)
Content-Type: application/json; charset=utf-8
host: localhost:26454
accept: */*

Response DefaultHttpResponse(decodeResult: success, version: HTTP/1.1)
HTTP/1.1 404 Not Found
content-type: application/json; charset=utf-8
cache-control: no-cache
content-length: 842
date: Sun, 28 Apr 2024 03:24:50 GMT

22:24:50.651 [AsyncHttpClient-1-2] DEBUG org.asynchttpclient.netty.channel.ChannelManager -- Adding key: http://localhost:26454 for channel [id: 0x42511ba1, L:/127.0.0.1:63151 - R:localhost/127.0.0.1:26454]
22:24:50.653 [Forwarding getCurrentUrl on session e07c61e4-6c8c-40fa-bf02-54c105e74990 to remote] DEBUG org.asynchttpclient.netty.request.NettyRequestSender -- Using pooled Channel '[id: 0x42511ba1, L:/127.0.0.1:63151 - R:localhost/127.0.0.1:26454]' for 'GET' to 'http://localhost:26454/session/e07c61e4-6c8c-40fa-bf02-54c105e74990/url'
22:24:50.653 [Forwarding getCurrentUrl on session e07c61e4-6c8c-40fa-bf02-54c105e74990 to remote] DEBUG org.asynchttpclient.netty.request.NettyRequestSender -- Using open Channel [id: 0x42511ba1, L:/127.0.0.1:63151 - R:localhost/127.0.0.1:26454] for GET '/session/e07c61e4-6c8c-40fa-bf02-54c105e74990/url'
22:24:50.656 [AsyncHttpClient-1-2] DEBUG org.asynchttpclient.netty.handler.HttpHandler -- 

Request DefaultFullHttpRequest(decodeResult: success, version: HTTP/1.1, content: EmptyByteBufBE)
GET /session/e07c61e4-6c8c-40fa-bf02-54c105e74990/url HTTP/1.1
Cache-Control: no-cache
User-Agent: selenium/4.12.0 (java windows)
Content-Type: application/json; charset=utf-8
host: localhost:26454
accept: */*

Response DefaultHttpResponse(decodeResult: success, version: HTTP/1.1)
HTTP/1.1 200 OK
content-type: application/json; charset=utf-8
cache-control: no-cache
content-length: 55
date: Sun, 28 Apr 2024 03:24:50 GMT

22:24:50.656 [AsyncHttpClient-1-2] DEBUG org.asynchttpclient.netty.channel.ChannelManager -- Adding key: http://localhost:26454 for channel [id: 0x42511ba1, L:/127.0.0.1:63151 - R:localhost/127.0.0.1:26454]
22:24:50.657 [Forwarding screenshot on session e07c61e4-6c8c-40fa-bf02-54c105e74990 to remote] DEBUG org.asynchttpclient.netty.request.NettyRequestSender -- Using pooled Channel '[id: 0x42511ba1, L:/127.0.0.1:63151 - R:localhost/127.0.0.1:26454]' for 'GET' to 'http://localhost:26454/session/e07c61e4-6c8c-40fa-bf02-54c105e74990/screenshot'
22:24:50.657 [Forwarding screenshot on session e07c61e4-6c8c-40fa-bf02-54c105e74990 to remote] DEBUG org.asynchttpclient.netty.request.NettyRequestSender -- Using open Channel [id: 0x42511ba1, L:/127.0.0.1:63151 - R:localhost/127.0.0.1:26454] for GET '/session/e07c61e4-6c8c-40fa-bf02-54c105e74990/screenshot'
22:24:50.705 [AsyncHttpClient-1-2] DEBUG org.asynchttpclient.netty.handler.HttpHandler -- 

Request DefaultFullHttpRequest(decodeResult: success, version: HTTP/1.1, content: EmptyByteBufBE)
GET /session/e07c61e4-6c8c-40fa-bf02-54c105e74990/screenshot HTTP/1.1
Cache-Control: no-cache
User-Agent: selenium/4.12.0 (java windows)
Content-Type: application/json; charset=utf-8
host: localhost:26454
accept: */*

Response DefaultHttpResponse(decodeResult: success, version: HTTP/1.1)
HTTP/1.1 200 OK
content-type: application/json; charset=utf-8
cache-control: no-cache
content-length: 442872
date: Sun, 28 Apr 2024 03:24:50 GMT

22:24:50.706 [AsyncHttpClient-1-2] DEBUG org.asynchttpclient.netty.channel.ChannelManager -- Adding key: http://localhost:26454 for channel [id: 0x42511ba1, L:/127.0.0.1:63151 - R:localhost/127.0.0.1:26454]
22:24:50.711 [main] DEBUG net.serenitybdd.core.photography.Darkroom -- Send negative for processing for C:\Users\USUARIO\OneDrive\Documentos\02 Automatización\03 Pragma\pragma\pragma\target\site\serenity\6e8e910a40452eb0870ffa447740510f5bb21f21a79f8c8568897d0655637592.png
22:24:50.909 [AsyncHttpClient-1-1] DEBUG org.asynchttpclient.netty.channel.DefaultChannelPool -- Entry count for : http://localhost:26454 : 1
22:24:51.741 [main] DEBUG net.thucydides.core.steps.StepInterceptor -- STARTING STEP: StepInterceptor.testContext - agregoElProductoAlCarritoDeCompra
22:24:51.744 [Forwarding findElement on session e07c61e4-6c8c-40fa-bf02-54c105e74990 to remote] DEBUG org.asynchttpclient.netty.request.NettyRequestSender -- Using pooled Channel '[id: 0x42511ba1, L:/127.0.0.1:63151 - R:localhost/127.0.0.1:26454]' for 'POST' to 'http://localhost:26454/session/e07c61e4-6c8c-40fa-bf02-54c105e74990/element'
22:24:51.744 [Forwarding findElement on session e07c61e4-6c8c-40fa-bf02-54c105e74990 to remote] DEBUG org.asynchttpclient.netty.request.NettyRequestSender -- Using open Channel [id: 0x42511ba1, L:/127.0.0.1:63151 - R:localhost/127.0.0.1:26454] for POST '/session/e07c61e4-6c8c-40fa-bf02-54c105e74990/element'
22:24:51.746 [AsyncHttpClient-1-2] DEBUG org.asynchttpclient.netty.handler.HttpHandler -- 

Request DefaultHttpRequest(decodeResult: success, version: HTTP/1.1)
POST /session/e07c61e4-6c8c-40fa-bf02-54c105e74990/element HTTP/1.1
User-Agent: selenium/4.12.0 (java windows)
Content-Length: 83
Content-Type: application/json; charset=utf-8
host: localhost:26454
accept: */*

Response DefaultHttpResponse(decodeResult: success, version: HTTP/1.1)
HTTP/1.1 200 OK
content-type: application/json; charset=utf-8
cache-control: no-cache
content-length: 88
date: Sun, 28 Apr 2024 03:24:51 GMT

22:24:51.746 [AsyncHttpClient-1-2] DEBUG org.asynchttpclient.netty.channel.ChannelManager -- Adding key: http://localhost:26454 for channel [id: 0x42511ba1, L:/127.0.0.1:63151 - R:localhost/127.0.0.1:26454]
22:24:51.748 [Forwarding getElementTagName on session e07c61e4-6c8c-40fa-bf02-54c105e74990 to remote] DEBUG org.asynchttpclient.netty.request.NettyRequestSender -- Using pooled Channel '[id: 0x42511ba1, L:/127.0.0.1:63151 - R:localhost/127.0.0.1:26454]' for 'GET' to 'http://localhost:26454/session/e07c61e4-6c8c-40fa-bf02-54c105e74990/element/47da73bf-396b-415b-bda8-8d72165d2481/name'
22:24:51.748 [Forwarding getElementTagName on session e07c61e4-6c8c-40fa-bf02-54c105e74990 to remote] DEBUG org.asynchttpclient.netty.request.NettyRequestSender -- Using open Channel [id: 0x42511ba1, L:/127.0.0.1:63151 - R:localhost/127.0.0.1:26454] for GET '/session/e07c61e4-6c8c-40fa-bf02-54c105e74990/element/47da73bf-396b-415b-bda8-8d72165d2481/name'
22:24:51.750 [AsyncHttpClient-1-2] DEBUG org.asynchttpclient.netty.handler.HttpHandler -- 

Request DefaultFullHttpRequest(decodeResult: success, version: HTTP/1.1, content: EmptyByteBufBE)
GET /session/e07c61e4-6c8c-40fa-bf02-54c105e74990/element/47da73bf-396b-415b-bda8-8d72165d2481/name HTTP/1.1
Cache-Control: no-cache
User-Agent: selenium/4.12.0 (java windows)
Content-Type: application/json; charset=utf-8
host: localhost:26454
accept: */*

Response DefaultHttpResponse(decodeResult: success, version: HTTP/1.1)
HTTP/1.1 200 OK
content-type: application/json; charset=utf-8
cache-control: no-cache
content-length: 13
date: Sun, 28 Apr 2024 03:24:51 GMT

22:24:51.751 [AsyncHttpClient-1-2] DEBUG org.asynchttpclient.netty.channel.ChannelManager -- Adding key: http://localhost:26454 for channel [id: 0x42511ba1, L:/127.0.0.1:63151 - R:localhost/127.0.0.1:26454]
22:24:51.752 [Forwarding getElementTagName on session e07c61e4-6c8c-40fa-bf02-54c105e74990 to remote] DEBUG org.asynchttpclient.netty.request.NettyRequestSender -- Using pooled Channel '[id: 0x42511ba1, L:/127.0.0.1:63151 - R:localhost/127.0.0.1:26454]' for 'GET' to 'http://localhost:26454/session/e07c61e4-6c8c-40fa-bf02-54c105e74990/element/47da73bf-396b-415b-bda8-8d72165d2481/name'
22:24:51.752 [Forwarding getElementTagName on session e07c61e4-6c8c-40fa-bf02-54c105e74990 to remote] DEBUG org.asynchttpclient.netty.request.NettyRequestSender -- Using open Channel [id: 0x42511ba1, L:/127.0.0.1:63151 - R:localhost/127.0.0.1:26454] for GET '/session/e07c61e4-6c8c-40fa-bf02-54c105e74990/element/47da73bf-396b-415b-bda8-8d72165d2481/name'
22:24:51.754 [AsyncHttpClient-1-2] DEBUG org.asynchttpclient.netty.handler.HttpHandler -- 

Request DefaultFullHttpRequest(decodeResult: success, version: HTTP/1.1, content: EmptyByteBufBE)
GET /session/e07c61e4-6c8c-40fa-bf02-54c105e74990/element/47da73bf-396b-415b-bda8-8d72165d2481/name HTTP/1.1
Cache-Control: no-cache
User-Agent: selenium/4.12.0 (java windows)
Content-Type: application/json; charset=utf-8
host: localhost:26454
accept: */*

Response DefaultHttpResponse(decodeResult: success, version: HTTP/1.1)
HTTP/1.1 200 OK
content-type: application/json; charset=utf-8
cache-control: no-cache
content-length: 13
date: Sun, 28 Apr 2024 03:24:51 GMT

22:24:51.754 [AsyncHttpClient-1-2] DEBUG org.asynchttpclient.netty.channel.ChannelManager -- Adding key: http://localhost:26454 for channel [id: 0x42511ba1, L:/127.0.0.1:63151 - R:localhost/127.0.0.1:26454]
22:24:51.755 [Forwarding findElement on session e07c61e4-6c8c-40fa-bf02-54c105e74990 to remote] DEBUG org.asynchttpclient.netty.request.NettyRequestSender -- Using pooled Channel '[id: 0x42511ba1, L:/127.0.0.1:63151 - R:localhost/127.0.0.1:26454]' for 'POST' to 'http://localhost:26454/session/e07c61e4-6c8c-40fa-bf02-54c105e74990/element'
22:24:51.755 [Forwarding findElement on session e07c61e4-6c8c-40fa-bf02-54c105e74990 to remote] DEBUG org.asynchttpclient.netty.request.NettyRequestSender -- Using open Channel [id: 0x42511ba1, L:/127.0.0.1:63151 - R:localhost/127.0.0.1:26454] for POST '/session/e07c61e4-6c8c-40fa-bf02-54c105e74990/element'
22:24:51.757 [AsyncHttpClient-1-2] DEBUG org.asynchttpclient.netty.handler.HttpHandler -- 

Request DefaultHttpRequest(decodeResult: success, version: HTTP/1.1)
POST /session/e07c61e4-6c8c-40fa-bf02-54c105e74990/element HTTP/1.1
User-Agent: selenium/4.12.0 (java windows)
Content-Length: 83
Content-Type: application/json; charset=utf-8
host: localhost:26454
accept: */*

Response DefaultHttpResponse(decodeResult: success, version: HTTP/1.1)
HTTP/1.1 200 OK
content-type: application/json; charset=utf-8
cache-control: no-cache
content-length: 88
date: Sun, 28 Apr 2024 03:24:51 GMT

22:24:51.757 [AsyncHttpClient-1-2] DEBUG org.asynchttpclient.netty.channel.ChannelManager -- Adding key: http://localhost:26454 for channel [id: 0x42511ba1, L:/127.0.0.1:63151 - R:localhost/127.0.0.1:26454]
22:24:51.757 [Forwarding clickElement on session e07c61e4-6c8c-40fa-bf02-54c105e74990 to remote] DEBUG org.asynchttpclient.netty.request.NettyRequestSender -- Using pooled Channel '[id: 0x42511ba1, L:/127.0.0.1:63151 - R:localhost/127.0.0.1:26454]' for 'POST' to 'http://localhost:26454/session/e07c61e4-6c8c-40fa-bf02-54c105e74990/element/47da73bf-396b-415b-bda8-8d72165d2481/click'
22:24:51.757 [Forwarding clickElement on session e07c61e4-6c8c-40fa-bf02-54c105e74990 to remote] DEBUG org.asynchttpclient.netty.request.NettyRequestSender -- Using open Channel [id: 0x42511ba1, L:/127.0.0.1:63151 - R:localhost/127.0.0.1:26454] for POST '/session/e07c61e4-6c8c-40fa-bf02-54c105e74990/element/47da73bf-396b-415b-bda8-8d72165d2481/click'
22:24:51.770 [AsyncHttpClient-1-2] DEBUG org.asynchttpclient.netty.handler.HttpHandler -- 

Request DefaultHttpRequest(decodeResult: success, version: HTTP/1.1)
POST /session/e07c61e4-6c8c-40fa-bf02-54c105e74990/element/47da73bf-396b-415b-bda8-8d72165d2481/click HTTP/1.1
User-Agent: selenium/4.12.0 (java windows)
Content-Length: 50
Content-Type: application/json; charset=utf-8
host: localhost:26454
accept: */*

Response DefaultHttpResponse(decodeResult: success, version: HTTP/1.1)
HTTP/1.1 200 OK
content-type: application/json; charset=utf-8
cache-control: no-cache
content-length: 14
date: Sun, 28 Apr 2024 03:24:51 GMT

22:24:51.770 [AsyncHttpClient-1-2] DEBUG org.asynchttpclient.netty.channel.ChannelManager -- Adding key: http://localhost:26454 for channel [id: 0x42511ba1, L:/127.0.0.1:63151 - R:localhost/127.0.0.1:26454]
22:24:51.772 [Forwarding getAlertText on session e07c61e4-6c8c-40fa-bf02-54c105e74990 to remote] DEBUG org.asynchttpclient.netty.request.NettyRequestSender -- Using pooled Channel '[id: 0x42511ba1, L:/127.0.0.1:63151 - R:localhost/127.0.0.1:26454]' for 'GET' to 'http://localhost:26454/session/e07c61e4-6c8c-40fa-bf02-54c105e74990/alert/text'
22:24:51.772 [Forwarding getAlertText on session e07c61e4-6c8c-40fa-bf02-54c105e74990 to remote] DEBUG org.asynchttpclient.netty.request.NettyRequestSender -- Using open Channel [id: 0x42511ba1, L:/127.0.0.1:63151 - R:localhost/127.0.0.1:26454] for GET '/session/e07c61e4-6c8c-40fa-bf02-54c105e74990/alert/text'
22:24:51.773 [AsyncHttpClient-1-2] DEBUG org.asynchttpclient.netty.handler.HttpHandler -- 

Request DefaultFullHttpRequest(decodeResult: success, version: HTTP/1.1, content: EmptyByteBufBE)
GET /session/e07c61e4-6c8c-40fa-bf02-54c105e74990/alert/text HTTP/1.1
Cache-Control: no-cache
User-Agent: selenium/4.12.0 (java windows)
Content-Type: application/json; charset=utf-8
host: localhost:26454
accept: */*

Response DefaultHttpResponse(decodeResult: success, version: HTTP/1.1)
HTTP/1.1 404 Not Found
content-type: application/json; charset=utf-8
cache-control: no-cache
content-length: 842
date: Sun, 28 Apr 2024 03:24:51 GMT

22:24:51.773 [AsyncHttpClient-1-2] DEBUG org.asynchttpclient.netty.channel.ChannelManager -- Adding key: http://localhost:26454 for channel [id: 0x42511ba1, L:/127.0.0.1:63151 - R:localhost/127.0.0.1:26454]
22:24:52.009 [AsyncHttpClient-1-1] DEBUG org.asynchttpclient.netty.channel.DefaultChannelPool -- Entry count for : http://localhost:26454 : 1
22:24:52.285 [Forwarding getAlertText on session e07c61e4-6c8c-40fa-bf02-54c105e74990 to remote] DEBUG org.asynchttpclient.netty.request.NettyRequestSender -- Using pooled Channel '[id: 0x42511ba1, L:/127.0.0.1:63151 - R:localhost/127.0.0.1:26454]' for 'GET' to 'http://localhost:26454/session/e07c61e4-6c8c-40fa-bf02-54c105e74990/alert/text'
22:24:52.285 [Forwarding getAlertText on session e07c61e4-6c8c-40fa-bf02-54c105e74990 to remote] DEBUG org.asynchttpclient.netty.request.NettyRequestSender -- Using open Channel [id: 0x42511ba1, L:/127.0.0.1:63151 - R:localhost/127.0.0.1:26454] for GET '/session/e07c61e4-6c8c-40fa-bf02-54c105e74990/alert/text'
22:24:52.286 [AsyncHttpClient-1-2] DEBUG org.asynchttpclient.netty.handler.HttpHandler -- 

Request DefaultFullHttpRequest(decodeResult: success, version: HTTP/1.1, content: EmptyByteBufBE)
GET /session/e07c61e4-6c8c-40fa-bf02-54c105e74990/alert/text HTTP/1.1
Cache-Control: no-cache
User-Agent: selenium/4.12.0 (java windows)
Content-Type: application/json; charset=utf-8
host: localhost:26454
accept: */*

Response DefaultHttpResponse(decodeResult: success, version: HTTP/1.1)
HTTP/1.1 200 OK
content-type: application/json; charset=utf-8
cache-control: no-cache
content-length: 25
date: Sun, 28 Apr 2024 03:24:51 GMT

22:24:52.286 [AsyncHttpClient-1-2] DEBUG org.asynchttpclient.netty.channel.ChannelManager -- Adding key: http://localhost:26454 for channel [id: 0x42511ba1, L:/127.0.0.1:63151 - R:localhost/127.0.0.1:26454]
22:24:52.287 [Forwarding getAlertText on session e07c61e4-6c8c-40fa-bf02-54c105e74990 to remote] DEBUG org.asynchttpclient.netty.request.NettyRequestSender -- Using pooled Channel '[id: 0x42511ba1, L:/127.0.0.1:63151 - R:localhost/127.0.0.1:26454]' for 'GET' to 'http://localhost:26454/session/e07c61e4-6c8c-40fa-bf02-54c105e74990/alert/text'
22:24:52.287 [Forwarding getAlertText on session e07c61e4-6c8c-40fa-bf02-54c105e74990 to remote] DEBUG org.asynchttpclient.netty.request.NettyRequestSender -- Using open Channel [id: 0x42511ba1, L:/127.0.0.1:63151 - R:localhost/127.0.0.1:26454] for GET '/session/e07c61e4-6c8c-40fa-bf02-54c105e74990/alert/text'
22:24:52.289 [AsyncHttpClient-1-2] DEBUG org.asynchttpclient.netty.handler.HttpHandler -- 

Request DefaultFullHttpRequest(decodeResult: success, version: HTTP/1.1, content: EmptyByteBufBE)
GET /session/e07c61e4-6c8c-40fa-bf02-54c105e74990/alert/text HTTP/1.1
Cache-Control: no-cache
User-Agent: selenium/4.12.0 (java windows)
Content-Type: application/json; charset=utf-8
host: localhost:26454
accept: */*

Response DefaultHttpResponse(decodeResult: success, version: HTTP/1.1)
HTTP/1.1 200 OK
content-type: application/json; charset=utf-8
cache-control: no-cache
content-length: 25
date: Sun, 28 Apr 2024 03:24:51 GMT

22:24:52.289 [AsyncHttpClient-1-2] DEBUG org.asynchttpclient.netty.channel.ChannelManager -- Adding key: http://localhost:26454 for channel [id: 0x42511ba1, L:/127.0.0.1:63151 - R:localhost/127.0.0.1:26454]
22:24:52.289 [Forwarding acceptAlert on session e07c61e4-6c8c-40fa-bf02-54c105e74990 to remote] DEBUG org.asynchttpclient.netty.request.NettyRequestSender -- Using pooled Channel '[id: 0x42511ba1, L:/127.0.0.1:63151 - R:localhost/127.0.0.1:26454]' for 'POST' to 'http://localhost:26454/session/e07c61e4-6c8c-40fa-bf02-54c105e74990/alert/accept'
22:24:52.289 [Forwarding acceptAlert on session e07c61e4-6c8c-40fa-bf02-54c105e74990 to remote] DEBUG org.asynchttpclient.netty.request.NettyRequestSender -- Using open Channel [id: 0x42511ba1, L:/127.0.0.1:63151 - R:localhost/127.0.0.1:26454] for POST '/session/e07c61e4-6c8c-40fa-bf02-54c105e74990/alert/accept'
22:24:52.297 [AsyncHttpClient-1-2] DEBUG org.asynchttpclient.netty.handler.HttpHandler -- 

Request DefaultHttpRequest(decodeResult: success, version: HTTP/1.1)
POST /session/e07c61e4-6c8c-40fa-bf02-54c105e74990/alert/accept HTTP/1.1
User-Agent: selenium/4.12.0 (java windows)
Content-Length: 3
Content-Type: application/json; charset=utf-8
host: localhost:26454
accept: */*

Response DefaultHttpResponse(decodeResult: success, version: HTTP/1.1)
HTTP/1.1 200 OK
content-type: application/json; charset=utf-8
cache-control: no-cache
content-length: 14
date: Sun, 28 Apr 2024 03:24:51 GMT

22:24:52.298 [AsyncHttpClient-1-2] DEBUG org.asynchttpclient.netty.channel.ChannelManager -- Adding key: http://localhost:26454 for channel [id: 0x42511ba1, L:/127.0.0.1:63151 - R:localhost/127.0.0.1:26454]
22:24:52.301 [Forwarding getAlertText on session e07c61e4-6c8c-40fa-bf02-54c105e74990 to remote] DEBUG org.asynchttpclient.netty.request.NettyRequestSender -- Using pooled Channel '[id: 0x42511ba1, L:/127.0.0.1:63151 - R:localhost/127.0.0.1:26454]' for 'GET' to 'http://localhost:26454/session/e07c61e4-6c8c-40fa-bf02-54c105e74990/alert/text'
22:24:52.301 [Forwarding getAlertText on session e07c61e4-6c8c-40fa-bf02-54c105e74990 to remote] DEBUG org.asynchttpclient.netty.request.NettyRequestSender -- Using open Channel [id: 0x42511ba1, L:/127.0.0.1:63151 - R:localhost/127.0.0.1:26454] for GET '/session/e07c61e4-6c8c-40fa-bf02-54c105e74990/alert/text'
22:24:52.303 [AsyncHttpClient-1-2] DEBUG org.asynchttpclient.netty.handler.HttpHandler -- 

Request DefaultFullHttpRequest(decodeResult: success, version: HTTP/1.1, content: EmptyByteBufBE)
GET /session/e07c61e4-6c8c-40fa-bf02-54c105e74990/alert/text HTTP/1.1
Cache-Control: no-cache
User-Agent: selenium/4.12.0 (java windows)
Content-Type: application/json; charset=utf-8
host: localhost:26454
accept: */*

Response DefaultHttpResponse(decodeResult: success, version: HTTP/1.1)
HTTP/1.1 404 Not Found
content-type: application/json; charset=utf-8
cache-control: no-cache
content-length: 842
date: Sun, 28 Apr 2024 03:24:51 GMT

22:24:52.303 [AsyncHttpClient-1-2] DEBUG org.asynchttpclient.netty.channel.ChannelManager -- Adding key: http://localhost:26454 for channel [id: 0x42511ba1, L:/127.0.0.1:63151 - R:localhost/127.0.0.1:26454]
22:24:52.303 [Forwarding getCurrentUrl on session e07c61e4-6c8c-40fa-bf02-54c105e74990 to remote] DEBUG org.asynchttpclient.netty.request.NettyRequestSender -- Using pooled Channel '[id: 0x42511ba1, L:/127.0.0.1:63151 - R:localhost/127.0.0.1:26454]' for 'GET' to 'http://localhost:26454/session/e07c61e4-6c8c-40fa-bf02-54c105e74990/url'
22:24:52.303 [Forwarding getCurrentUrl on session e07c61e4-6c8c-40fa-bf02-54c105e74990 to remote] DEBUG org.asynchttpclient.netty.request.NettyRequestSender -- Using open Channel [id: 0x42511ba1, L:/127.0.0.1:63151 - R:localhost/127.0.0.1:26454] for GET '/session/e07c61e4-6c8c-40fa-bf02-54c105e74990/url'
22:24:52.304 [AsyncHttpClient-1-2] DEBUG org.asynchttpclient.netty.handler.HttpHandler -- 

Request DefaultFullHttpRequest(decodeResult: success, version: HTTP/1.1, content: EmptyByteBufBE)
GET /session/e07c61e4-6c8c-40fa-bf02-54c105e74990/url HTTP/1.1
Cache-Control: no-cache
User-Agent: selenium/4.12.0 (java windows)
Content-Type: application/json; charset=utf-8
host: localhost:26454
accept: */*

Response DefaultHttpResponse(decodeResult: success, version: HTTP/1.1)
HTTP/1.1 200 OK
content-type: application/json; charset=utf-8
cache-control: no-cache
content-length: 56
date: Sun, 28 Apr 2024 03:24:51 GMT

22:24:52.304 [AsyncHttpClient-1-2] DEBUG org.asynchttpclient.netty.channel.ChannelManager -- Adding key: http://localhost:26454 for channel [id: 0x42511ba1, L:/127.0.0.1:63151 - R:localhost/127.0.0.1:26454]
22:24:52.305 [Forwarding screenshot on session e07c61e4-6c8c-40fa-bf02-54c105e74990 to remote] DEBUG org.asynchttpclient.netty.request.NettyRequestSender -- Using pooled Channel '[id: 0x42511ba1, L:/127.0.0.1:63151 - R:localhost/127.0.0.1:26454]' for 'GET' to 'http://localhost:26454/session/e07c61e4-6c8c-40fa-bf02-54c105e74990/screenshot'
22:24:52.305 [Forwarding screenshot on session e07c61e4-6c8c-40fa-bf02-54c105e74990 to remote] DEBUG org.asynchttpclient.netty.request.NettyRequestSender -- Using open Channel [id: 0x42511ba1, L:/127.0.0.1:63151 - R:localhost/127.0.0.1:26454] for GET '/session/e07c61e4-6c8c-40fa-bf02-54c105e74990/screenshot'
22:24:52.360 [AsyncHttpClient-1-2] DEBUG org.asynchttpclient.netty.handler.HttpHandler -- 

Request DefaultFullHttpRequest(decodeResult: success, version: HTTP/1.1, content: EmptyByteBufBE)
GET /session/e07c61e4-6c8c-40fa-bf02-54c105e74990/screenshot HTTP/1.1
Cache-Control: no-cache
User-Agent: selenium/4.12.0 (java windows)
Content-Type: application/json; charset=utf-8
host: localhost:26454
accept: */*

Response DefaultHttpResponse(decodeResult: success, version: HTTP/1.1)
HTTP/1.1 200 OK
content-type: application/json; charset=utf-8
cache-control: no-cache
content-length: 443404
date: Sun, 28 Apr 2024 03:24:51 GMT

22:24:52.362 [AsyncHttpClient-1-2] DEBUG org.asynchttpclient.netty.channel.ChannelManager -- Adding key: http://localhost:26454 for channel [id: 0x42511ba1, L:/127.0.0.1:63151 - R:localhost/127.0.0.1:26454]
22:24:52.368 [main] DEBUG net.serenitybdd.core.photography.Darkroom -- Send negative for processing for C:\Users\USUARIO\OneDrive\Documentos\02 Automatización\03 Pragma\pragma\pragma\target\site\serenity\f0beeb7afb23dc5c3bb933cf021f54a85400e7d8594234f9443f7c540867fa7f.png
22:24:52.368 [Darkroom Processing Line] DEBUG net.serenitybdd.core.photography.DarkroomProcessingLine -- Processing screenshot image in /var/screenshots/screenshot-8632242615192707176
22:24:52.369 [Darkroom Processing Line] DEBUG net.serenitybdd.core.photography.DarkroomProcessingLine -- Saving screenshot to C:\Users\USUARIO\OneDrive\Documentos\02 Automatización\03 Pragma\pragma\pragma\target\site\serenity\f0beeb7afb23dc5c3bb933cf021f54a85400e7d8594234f9443f7c540867fa7f.png
22:24:53.113 [AsyncHttpClient-1-1] DEBUG org.asynchttpclient.netty.channel.DefaultChannelPool -- Entry count for : http://localhost:26454 : 1
22:24:53.374 [main] DEBUG net.thucydides.core.steps.StepInterceptor -- STEP DONE: agregoElProductoAlCarritoDeCompra
22:24:53.383 [Forwarding getAlertText on session e07c61e4-6c8c-40fa-bf02-54c105e74990 to remote] DEBUG org.asynchttpclient.netty.request.NettyRequestSender -- Using pooled Channel '[id: 0x42511ba1, L:/127.0.0.1:63151 - R:localhost/127.0.0.1:26454]' for 'GET' to 'http://localhost:26454/session/e07c61e4-6c8c-40fa-bf02-54c105e74990/alert/text'
22:24:53.383 [Forwarding getAlertText on session e07c61e4-6c8c-40fa-bf02-54c105e74990 to remote] DEBUG org.asynchttpclient.netty.request.NettyRequestSender -- Using open Channel [id: 0x42511ba1, L:/127.0.0.1:63151 - R:localhost/127.0.0.1:26454] for GET '/session/e07c61e4-6c8c-40fa-bf02-54c105e74990/alert/text'
22:24:53.388 [AsyncHttpClient-1-2] DEBUG org.asynchttpclient.netty.handler.HttpHandler -- 

Request DefaultFullHttpRequest(decodeResult: success, version: HTTP/1.1, content: EmptyByteBufBE)
GET /session/e07c61e4-6c8c-40fa-bf02-54c105e74990/alert/text HTTP/1.1
Cache-Control: no-cache
User-Agent: selenium/4.12.0 (java windows)
Content-Type: application/json; charset=utf-8
host: localhost:26454
accept: */*

Response DefaultHttpResponse(decodeResult: success, version: HTTP/1.1)
HTTP/1.1 404 Not Found
content-type: application/json; charset=utf-8
cache-control: no-cache
content-length: 842
date: Sun, 28 Apr 2024 03:24:53 GMT

22:24:53.388 [AsyncHttpClient-1-2] DEBUG org.asynchttpclient.netty.channel.ChannelManager -- Adding key: http://localhost:26454 for channel [id: 0x42511ba1, L:/127.0.0.1:63151 - R:localhost/127.0.0.1:26454]
22:24:53.390 [Forwarding getCurrentUrl on session e07c61e4-6c8c-40fa-bf02-54c105e74990 to remote] DEBUG org.asynchttpclient.netty.request.NettyRequestSender -- Using pooled Channel '[id: 0x42511ba1, L:/127.0.0.1:63151 - R:localhost/127.0.0.1:26454]' for 'GET' to 'http://localhost:26454/session/e07c61e4-6c8c-40fa-bf02-54c105e74990/url'
22:24:53.390 [Forwarding getCurrentUrl on session e07c61e4-6c8c-40fa-bf02-54c105e74990 to remote] DEBUG org.asynchttpclient.netty.request.NettyRequestSender -- Using open Channel [id: 0x42511ba1, L:/127.0.0.1:63151 - R:localhost/127.0.0.1:26454] for GET '/session/e07c61e4-6c8c-40fa-bf02-54c105e74990/url'
22:24:53.392 [AsyncHttpClient-1-2] DEBUG org.asynchttpclient.netty.handler.HttpHandler -- 

Request DefaultFullHttpRequest(decodeResult: success, version: HTTP/1.1, content: EmptyByteBufBE)
GET /session/e07c61e4-6c8c-40fa-bf02-54c105e74990/url HTTP/1.1
Cache-Control: no-cache
User-Agent: selenium/4.12.0 (java windows)
Content-Type: application/json; charset=utf-8
host: localhost:26454
accept: */*

Response DefaultHttpResponse(decodeResult: success, version: HTTP/1.1)
HTTP/1.1 200 OK
content-type: application/json; charset=utf-8
cache-control: no-cache
content-length: 56
date: Sun, 28 Apr 2024 03:24:53 GMT

22:24:53.392 [AsyncHttpClient-1-2] DEBUG org.asynchttpclient.netty.channel.ChannelManager -- Adding key: http://localhost:26454 for channel [id: 0x42511ba1, L:/127.0.0.1:63151 - R:localhost/127.0.0.1:26454]
22:24:53.393 [Forwarding screenshot on session e07c61e4-6c8c-40fa-bf02-54c105e74990 to remote] DEBUG org.asynchttpclient.netty.request.NettyRequestSender -- Using pooled Channel '[id: 0x42511ba1, L:/127.0.0.1:63151 - R:localhost/127.0.0.1:26454]' for 'GET' to 'http://localhost:26454/session/e07c61e4-6c8c-40fa-bf02-54c105e74990/screenshot'
22:24:53.393 [Forwarding screenshot on session e07c61e4-6c8c-40fa-bf02-54c105e74990 to remote] DEBUG org.asynchttpclient.netty.request.NettyRequestSender -- Using open Channel [id: 0x42511ba1, L:/127.0.0.1:63151 - R:localhost/127.0.0.1:26454] for GET '/session/e07c61e4-6c8c-40fa-bf02-54c105e74990/screenshot'
22:24:53.461 [AsyncHttpClient-1-2] DEBUG org.asynchttpclient.netty.handler.HttpHandler -- 

Request DefaultFullHttpRequest(decodeResult: success, version: HTTP/1.1, content: EmptyByteBufBE)
GET /session/e07c61e4-6c8c-40fa-bf02-54c105e74990/screenshot HTTP/1.1
Cache-Control: no-cache
User-Agent: selenium/4.12.0 (java windows)
Content-Type: application/json; charset=utf-8
host: localhost:26454
accept: */*

Response DefaultHttpResponse(decodeResult: success, version: HTTP/1.1)
HTTP/1.1 200 OK
content-type: application/json; charset=utf-8
cache-control: no-cache
content-length: 443404
date: Sun, 28 Apr 2024 03:24:53 GMT

22:24:53.462 [AsyncHttpClient-1-2] DEBUG org.asynchttpclient.netty.channel.ChannelManager -- Adding key: http://localhost:26454 for channel [id: 0x42511ba1, L:/127.0.0.1:63151 - R:localhost/127.0.0.1:26454]
22:24:53.466 [main] DEBUG net.serenitybdd.core.photography.Darkroom -- Send negative for processing for C:\Users\USUARIO\OneDrive\Documentos\02 Automatización\03 Pragma\pragma\pragma\target\site\serenity\f0beeb7afb23dc5c3bb933cf021f54a85400e7d8594234f9443f7c540867fa7f.png
22:24:54.212 [AsyncHttpClient-1-1] DEBUG org.asynchttpclient.netty.channel.DefaultChannelPool -- Entry count for : http://localhost:26454 : 1
22:24:54.481 [main] DEBUG net.thucydides.core.steps.StepInterceptor -- STARTING STEP: StepInterceptor.testContext - ingresoAlCarritoDeCompras
22:24:54.483 [Forwarding findElement on session e07c61e4-6c8c-40fa-bf02-54c105e74990 to remote] DEBUG org.asynchttpclient.netty.request.NettyRequestSender -- Using pooled Channel '[id: 0x42511ba1, L:/127.0.0.1:63151 - R:localhost/127.0.0.1:26454]' for 'POST' to 'http://localhost:26454/session/e07c61e4-6c8c-40fa-bf02-54c105e74990/element'
22:24:54.483 [Forwarding findElement on session e07c61e4-6c8c-40fa-bf02-54c105e74990 to remote] DEBUG org.asynchttpclient.netty.request.NettyRequestSender -- Using open Channel [id: 0x42511ba1, L:/127.0.0.1:63151 - R:localhost/127.0.0.1:26454] for POST '/session/e07c61e4-6c8c-40fa-bf02-54c105e74990/element'
22:24:54.486 [AsyncHttpClient-1-2] DEBUG org.asynchttpclient.netty.handler.HttpHandler -- 

Request DefaultHttpRequest(decodeResult: success, version: HTTP/1.1)
POST /session/e07c61e4-6c8c-40fa-bf02-54c105e74990/element HTTP/1.1
User-Agent: selenium/4.12.0 (java windows)
Content-Length: 64
Content-Type: application/json; charset=utf-8
host: localhost:26454
accept: */*

Response DefaultHttpResponse(decodeResult: success, version: HTTP/1.1)
HTTP/1.1 200 OK
content-type: application/json; charset=utf-8
cache-control: no-cache
content-length: 88
date: Sun, 28 Apr 2024 03:24:54 GMT

22:24:54.486 [AsyncHttpClient-1-2] DEBUG org.asynchttpclient.netty.channel.ChannelManager -- Adding key: http://localhost:26454 for channel [id: 0x42511ba1, L:/127.0.0.1:63151 - R:localhost/127.0.0.1:26454]
22:24:54.487 [Forwarding getElementTagName on session e07c61e4-6c8c-40fa-bf02-54c105e74990 to remote] DEBUG org.asynchttpclient.netty.request.NettyRequestSender -- Using pooled Channel '[id: 0x42511ba1, L:/127.0.0.1:63151 - R:localhost/127.0.0.1:26454]' for 'GET' to 'http://localhost:26454/session/e07c61e4-6c8c-40fa-bf02-54c105e74990/element/60022203-8ba2-4c6e-8533-f589283b09e0/name'
22:24:54.487 [Forwarding getElementTagName on session e07c61e4-6c8c-40fa-bf02-54c105e74990 to remote] DEBUG org.asynchttpclient.netty.request.NettyRequestSender -- Using open Channel [id: 0x42511ba1, L:/127.0.0.1:63151 - R:localhost/127.0.0.1:26454] for GET '/session/e07c61e4-6c8c-40fa-bf02-54c105e74990/element/60022203-8ba2-4c6e-8533-f589283b09e0/name'
22:24:54.489 [AsyncHttpClient-1-2] DEBUG org.asynchttpclient.netty.handler.HttpHandler -- 

Request DefaultFullHttpRequest(decodeResult: success, version: HTTP/1.1, content: EmptyByteBufBE)
GET /session/e07c61e4-6c8c-40fa-bf02-54c105e74990/element/60022203-8ba2-4c6e-8533-f589283b09e0/name HTTP/1.1
Cache-Control: no-cache
User-Agent: selenium/4.12.0 (java windows)
Content-Type: application/json; charset=utf-8
host: localhost:26454
accept: */*

Response DefaultHttpResponse(decodeResult: success, version: HTTP/1.1)
HTTP/1.1 200 OK
content-type: application/json; charset=utf-8
cache-control: no-cache
content-length: 13
date: Sun, 28 Apr 2024 03:24:54 GMT

22:24:54.489 [AsyncHttpClient-1-2] DEBUG org.asynchttpclient.netty.channel.ChannelManager -- Adding key: http://localhost:26454 for channel [id: 0x42511ba1, L:/127.0.0.1:63151 - R:localhost/127.0.0.1:26454]
22:24:54.490 [Forwarding getElementTagName on session e07c61e4-6c8c-40fa-bf02-54c105e74990 to remote] DEBUG org.asynchttpclient.netty.request.NettyRequestSender -- Using pooled Channel '[id: 0x42511ba1, L:/127.0.0.1:63151 - R:localhost/127.0.0.1:26454]' for 'GET' to 'http://localhost:26454/session/e07c61e4-6c8c-40fa-bf02-54c105e74990/element/60022203-8ba2-4c6e-8533-f589283b09e0/name'
22:24:54.490 [Forwarding getElementTagName on session e07c61e4-6c8c-40fa-bf02-54c105e74990 to remote] DEBUG org.asynchttpclient.netty.request.NettyRequestSender -- Using open Channel [id: 0x42511ba1, L:/127.0.0.1:63151 - R:localhost/127.0.0.1:26454] for GET '/session/e07c61e4-6c8c-40fa-bf02-54c105e74990/element/60022203-8ba2-4c6e-8533-f589283b09e0/name'
22:24:54.491 [AsyncHttpClient-1-2] DEBUG org.asynchttpclient.netty.handler.HttpHandler -- 

Request DefaultFullHttpRequest(decodeResult: success, version: HTTP/1.1, content: EmptyByteBufBE)
GET /session/e07c61e4-6c8c-40fa-bf02-54c105e74990/element/60022203-8ba2-4c6e-8533-f589283b09e0/name HTTP/1.1
Cache-Control: no-cache
User-Agent: selenium/4.12.0 (java windows)
Content-Type: application/json; charset=utf-8
host: localhost:26454
accept: */*

Response DefaultHttpResponse(decodeResult: success, version: HTTP/1.1)
HTTP/1.1 200 OK
content-type: application/json; charset=utf-8
cache-control: no-cache
content-length: 13
date: Sun, 28 Apr 2024 03:24:54 GMT

22:24:54.491 [AsyncHttpClient-1-2] DEBUG org.asynchttpclient.netty.channel.ChannelManager -- Adding key: http://localhost:26454 for channel [id: 0x42511ba1, L:/127.0.0.1:63151 - R:localhost/127.0.0.1:26454]
22:24:54.492 [Forwarding findElement on session e07c61e4-6c8c-40fa-bf02-54c105e74990 to remote] DEBUG org.asynchttpclient.netty.request.NettyRequestSender -- Using pooled Channel '[id: 0x42511ba1, L:/127.0.0.1:63151 - R:localhost/127.0.0.1:26454]' for 'POST' to 'http://localhost:26454/session/e07c61e4-6c8c-40fa-bf02-54c105e74990/element'
22:24:54.492 [Forwarding findElement on session e07c61e4-6c8c-40fa-bf02-54c105e74990 to remote] DEBUG org.asynchttpclient.netty.request.NettyRequestSender -- Using open Channel [id: 0x42511ba1, L:/127.0.0.1:63151 - R:localhost/127.0.0.1:26454] for POST '/session/e07c61e4-6c8c-40fa-bf02-54c105e74990/element'
22:24:54.494 [AsyncHttpClient-1-2] DEBUG org.asynchttpclient.netty.handler.HttpHandler -- 

Request DefaultHttpRequest(decodeResult: success, version: HTTP/1.1)
POST /session/e07c61e4-6c8c-40fa-bf02-54c105e74990/element HTTP/1.1
User-Agent: selenium/4.12.0 (java windows)
Content-Length: 64
Content-Type: application/json; charset=utf-8
host: localhost:26454
accept: */*

Response DefaultHttpResponse(decodeResult: success, version: HTTP/1.1)
HTTP/1.1 200 OK
content-type: application/json; charset=utf-8
cache-control: no-cache
content-length: 88
date: Sun, 28 Apr 2024 03:24:54 GMT

22:24:54.494 [AsyncHttpClient-1-2] DEBUG org.asynchttpclient.netty.channel.ChannelManager -- Adding key: http://localhost:26454 for channel [id: 0x42511ba1, L:/127.0.0.1:63151 - R:localhost/127.0.0.1:26454]
22:24:54.494 [Forwarding clickElement on session e07c61e4-6c8c-40fa-bf02-54c105e74990 to remote] DEBUG org.asynchttpclient.netty.request.NettyRequestSender -- Using pooled Channel '[id: 0x42511ba1, L:/127.0.0.1:63151 - R:localhost/127.0.0.1:26454]' for 'POST' to 'http://localhost:26454/session/e07c61e4-6c8c-40fa-bf02-54c105e74990/element/60022203-8ba2-4c6e-8533-f589283b09e0/click'
22:24:54.494 [Forwarding clickElement on session e07c61e4-6c8c-40fa-bf02-54c105e74990 to remote] DEBUG org.asynchttpclient.netty.request.NettyRequestSender -- Using open Channel [id: 0x42511ba1, L:/127.0.0.1:63151 - R:localhost/127.0.0.1:26454] for POST '/session/e07c61e4-6c8c-40fa-bf02-54c105e74990/element/60022203-8ba2-4c6e-8533-f589283b09e0/click'
22:24:54.806 [AsyncHttpClient-1-2] DEBUG org.asynchttpclient.netty.handler.HttpHandler -- 

Request DefaultHttpRequest(decodeResult: success, version: HTTP/1.1)
POST /session/e07c61e4-6c8c-40fa-bf02-54c105e74990/element/60022203-8ba2-4c6e-8533-f589283b09e0/click HTTP/1.1
User-Agent: selenium/4.12.0 (java windows)
Content-Length: 50
Content-Type: application/json; charset=utf-8
host: localhost:26454
accept: */*

Response DefaultHttpResponse(decodeResult: success, version: HTTP/1.1)
HTTP/1.1 200 OK
content-type: application/json; charset=utf-8
cache-control: no-cache
content-length: 14
date: Sun, 28 Apr 2024 03:24:54 GMT

22:24:54.807 [AsyncHttpClient-1-2] DEBUG org.asynchttpclient.netty.channel.ChannelManager -- Adding key: http://localhost:26454 for channel [id: 0x42511ba1, L:/127.0.0.1:63151 - R:localhost/127.0.0.1:26454]
22:24:54.810 [Forwarding getAlertText on session e07c61e4-6c8c-40fa-bf02-54c105e74990 to remote] DEBUG org.asynchttpclient.netty.request.NettyRequestSender -- Using pooled Channel '[id: 0x42511ba1, L:/127.0.0.1:63151 - R:localhost/127.0.0.1:26454]' for 'GET' to 'http://localhost:26454/session/e07c61e4-6c8c-40fa-bf02-54c105e74990/alert/text'
22:24:54.810 [Forwarding getAlertText on session e07c61e4-6c8c-40fa-bf02-54c105e74990 to remote] DEBUG org.asynchttpclient.netty.request.NettyRequestSender -- Using open Channel [id: 0x42511ba1, L:/127.0.0.1:63151 - R:localhost/127.0.0.1:26454] for GET '/session/e07c61e4-6c8c-40fa-bf02-54c105e74990/alert/text'
22:24:54.812 [AsyncHttpClient-1-2] DEBUG org.asynchttpclient.netty.handler.HttpHandler -- 

Request DefaultFullHttpRequest(decodeResult: success, version: HTTP/1.1, content: EmptyByteBufBE)
GET /session/e07c61e4-6c8c-40fa-bf02-54c105e74990/alert/text HTTP/1.1
Cache-Control: no-cache
User-Agent: selenium/4.12.0 (java windows)
Content-Type: application/json; charset=utf-8
host: localhost:26454
accept: */*

Response DefaultHttpResponse(decodeResult: success, version: HTTP/1.1)
HTTP/1.1 404 Not Found
content-type: application/json; charset=utf-8
cache-control: no-cache
content-length: 842
date: Sun, 28 Apr 2024 03:24:54 GMT

22:24:54.812 [AsyncHttpClient-1-2] DEBUG org.asynchttpclient.netty.channel.ChannelManager -- Adding key: http://localhost:26454 for channel [id: 0x42511ba1, L:/127.0.0.1:63151 - R:localhost/127.0.0.1:26454]
22:24:54.815 [Forwarding getCurrentUrl on session e07c61e4-6c8c-40fa-bf02-54c105e74990 to remote] DEBUG org.asynchttpclient.netty.request.NettyRequestSender -- Using pooled Channel '[id: 0x42511ba1, L:/127.0.0.1:63151 - R:localhost/127.0.0.1:26454]' for 'GET' to 'http://localhost:26454/session/e07c61e4-6c8c-40fa-bf02-54c105e74990/url'
22:24:54.815 [Forwarding getCurrentUrl on session e07c61e4-6c8c-40fa-bf02-54c105e74990 to remote] DEBUG org.asynchttpclient.netty.request.NettyRequestSender -- Using open Channel [id: 0x42511ba1, L:/127.0.0.1:63151 - R:localhost/127.0.0.1:26454] for GET '/session/e07c61e4-6c8c-40fa-bf02-54c105e74990/url'
22:24:54.818 [AsyncHttpClient-1-2] DEBUG org.asynchttpclient.netty.handler.HttpHandler -- 

Request DefaultFullHttpRequest(decodeResult: success, version: HTTP/1.1, content: EmptyByteBufBE)
GET /session/e07c61e4-6c8c-40fa-bf02-54c105e74990/url HTTP/1.1
Cache-Control: no-cache
User-Agent: selenium/4.12.0 (java windows)
Content-Type: application/json; charset=utf-8
host: localhost:26454
accept: */*

Response DefaultHttpResponse(decodeResult: success, version: HTTP/1.1)
HTTP/1.1 200 OK
content-type: application/json; charset=utf-8
cache-control: no-cache
content-length: 47
date: Sun, 28 Apr 2024 03:24:54 GMT

22:24:54.818 [AsyncHttpClient-1-2] DEBUG org.asynchttpclient.netty.channel.ChannelManager -- Adding key: http://localhost:26454 for channel [id: 0x42511ba1, L:/127.0.0.1:63151 - R:localhost/127.0.0.1:26454]
22:24:54.819 [Forwarding screenshot on session e07c61e4-6c8c-40fa-bf02-54c105e74990 to remote] DEBUG org.asynchttpclient.netty.request.NettyRequestSender -- Using pooled Channel '[id: 0x42511ba1, L:/127.0.0.1:63151 - R:localhost/127.0.0.1:26454]' for 'GET' to 'http://localhost:26454/session/e07c61e4-6c8c-40fa-bf02-54c105e74990/screenshot'
22:24:54.819 [Forwarding screenshot on session e07c61e4-6c8c-40fa-bf02-54c105e74990 to remote] DEBUG org.asynchttpclient.netty.request.NettyRequestSender -- Using open Channel [id: 0x42511ba1, L:/127.0.0.1:63151 - R:localhost/127.0.0.1:26454] for GET '/session/e07c61e4-6c8c-40fa-bf02-54c105e74990/screenshot'
22:24:54.860 [AsyncHttpClient-1-2] DEBUG org.asynchttpclient.netty.handler.HttpHandler -- 

Request DefaultFullHttpRequest(decodeResult: success, version: HTTP/1.1, content: EmptyByteBufBE)
GET /session/e07c61e4-6c8c-40fa-bf02-54c105e74990/screenshot HTTP/1.1
Cache-Control: no-cache
User-Agent: selenium/4.12.0 (java windows)
Content-Type: application/json; charset=utf-8
host: localhost:26454
accept: */*

Response DefaultHttpResponse(decodeResult: success, version: HTTP/1.1)
HTTP/1.1 200 OK
content-type: application/json; charset=utf-8
cache-control: no-cache
content-length: 286856
date: Sun, 28 Apr 2024 03:24:54 GMT

22:24:54.860 [AsyncHttpClient-1-2] DEBUG org.asynchttpclient.netty.channel.ChannelManager -- Adding key: http://localhost:26454 for channel [id: 0x42511ba1, L:/127.0.0.1:63151 - R:localhost/127.0.0.1:26454]
22:24:54.864 [main] DEBUG net.serenitybdd.core.photography.Darkroom -- Send negative for processing for C:\Users\USUARIO\OneDrive\Documentos\02 Automatización\03 Pragma\pragma\pragma\target\site\serenity\5dc66e2877f7902fd4d4084dc1cc5fe67825ee3c2bff8a15944ee7f39ec50584.png
22:24:54.864 [Darkroom Processing Line] DEBUG net.serenitybdd.core.photography.DarkroomProcessingLine -- Processing screenshot image in /var/screenshots/screenshot-15534324959792670020
22:24:54.864 [Darkroom Processing Line] DEBUG net.serenitybdd.core.photography.DarkroomProcessingLine -- Saving screenshot to C:\Users\USUARIO\OneDrive\Documentos\02 Automatización\03 Pragma\pragma\pragma\target\site\serenity\5dc66e2877f7902fd4d4084dc1cc5fe67825ee3c2bff8a15944ee7f39ec50584.png
22:24:55.309 [AsyncHttpClient-1-1] DEBUG org.asynchttpclient.netty.channel.DefaultChannelPool -- Entry count for : http://localhost:26454 : 1
22:24:55.868 [main] DEBUG net.thucydides.core.steps.StepInterceptor -- STEP DONE: ingresoAlCarritoDeCompras
22:24:55.875 [Forwarding getAlertText on session e07c61e4-6c8c-40fa-bf02-54c105e74990 to remote] DEBUG org.asynchttpclient.netty.request.NettyRequestSender -- Using pooled Channel '[id: 0x42511ba1, L:/127.0.0.1:63151 - R:localhost/127.0.0.1:26454]' for 'GET' to 'http://localhost:26454/session/e07c61e4-6c8c-40fa-bf02-54c105e74990/alert/text'
22:24:55.875 [Forwarding getAlertText on session e07c61e4-6c8c-40fa-bf02-54c105e74990 to remote] DEBUG org.asynchttpclient.netty.request.NettyRequestSender -- Using open Channel [id: 0x42511ba1, L:/127.0.0.1:63151 - R:localhost/127.0.0.1:26454] for GET '/session/e07c61e4-6c8c-40fa-bf02-54c105e74990/alert/text'
22:24:55.877 [AsyncHttpClient-1-2] DEBUG org.asynchttpclient.netty.handler.HttpHandler -- 

Request DefaultFullHttpRequest(decodeResult: success, version: HTTP/1.1, content: EmptyByteBufBE)
GET /session/e07c61e4-6c8c-40fa-bf02-54c105e74990/alert/text HTTP/1.1
Cache-Control: no-cache
User-Agent: selenium/4.12.0 (java windows)
Content-Type: application/json; charset=utf-8
host: localhost:26454
accept: */*

Response DefaultHttpResponse(decodeResult: success, version: HTTP/1.1)
HTTP/1.1 404 Not Found
content-type: application/json; charset=utf-8
cache-control: no-cache
content-length: 842
date: Sun, 28 Apr 2024 03:24:55 GMT

22:24:55.878 [AsyncHttpClient-1-2] DEBUG org.asynchttpclient.netty.channel.ChannelManager -- Adding key: http://localhost:26454 for channel [id: 0x42511ba1, L:/127.0.0.1:63151 - R:localhost/127.0.0.1:26454]
22:24:55.879 [Forwarding getCurrentUrl on session e07c61e4-6c8c-40fa-bf02-54c105e74990 to remote] DEBUG org.asynchttpclient.netty.request.NettyRequestSender -- Using pooled Channel '[id: 0x42511ba1, L:/127.0.0.1:63151 - R:localhost/127.0.0.1:26454]' for 'GET' to 'http://localhost:26454/session/e07c61e4-6c8c-40fa-bf02-54c105e74990/url'
22:24:55.879 [Forwarding getCurrentUrl on session e07c61e4-6c8c-40fa-bf02-54c105e74990 to remote] DEBUG org.asynchttpclient.netty.request.NettyRequestSender -- Using open Channel [id: 0x42511ba1, L:/127.0.0.1:63151 - R:localhost/127.0.0.1:26454] for GET '/session/e07c61e4-6c8c-40fa-bf02-54c105e74990/url'
22:24:55.880 [AsyncHttpClient-1-2] DEBUG org.asynchttpclient.netty.handler.HttpHandler -- 

Request DefaultFullHttpRequest(decodeResult: success, version: HTTP/1.1, content: EmptyByteBufBE)
GET /session/e07c61e4-6c8c-40fa-bf02-54c105e74990/url HTTP/1.1
Cache-Control: no-cache
User-Agent: selenium/4.12.0 (java windows)
Content-Type: application/json; charset=utf-8
host: localhost:26454
accept: */*

Response DefaultHttpResponse(decodeResult: success, version: HTTP/1.1)
HTTP/1.1 200 OK
content-type: application/json; charset=utf-8
cache-control: no-cache
content-length: 47
date: Sun, 28 Apr 2024 03:24:55 GMT

22:24:55.880 [AsyncHttpClient-1-2] DEBUG org.asynchttpclient.netty.channel.ChannelManager -- Adding key: http://localhost:26454 for channel [id: 0x42511ba1, L:/127.0.0.1:63151 - R:localhost/127.0.0.1:26454]
22:24:55.881 [Forwarding screenshot on session e07c61e4-6c8c-40fa-bf02-54c105e74990 to remote] DEBUG org.asynchttpclient.netty.request.NettyRequestSender -- Using pooled Channel '[id: 0x42511ba1, L:/127.0.0.1:63151 - R:localhost/127.0.0.1:26454]' for 'GET' to 'http://localhost:26454/session/e07c61e4-6c8c-40fa-bf02-54c105e74990/screenshot'
22:24:55.881 [Forwarding screenshot on session e07c61e4-6c8c-40fa-bf02-54c105e74990 to remote] DEBUG org.asynchttpclient.netty.request.NettyRequestSender -- Using open Channel [id: 0x42511ba1, L:/127.0.0.1:63151 - R:localhost/127.0.0.1:26454] for GET '/session/e07c61e4-6c8c-40fa-bf02-54c105e74990/screenshot'
22:24:55.919 [AsyncHttpClient-1-2] DEBUG org.asynchttpclient.netty.handler.HttpHandler -- 

Request DefaultFullHttpRequest(decodeResult: success, version: HTTP/1.1, content: EmptyByteBufBE)
GET /session/e07c61e4-6c8c-40fa-bf02-54c105e74990/screenshot HTTP/1.1
Cache-Control: no-cache
User-Agent: selenium/4.12.0 (java windows)
Content-Type: application/json; charset=utf-8
host: localhost:26454
accept: */*

Response DefaultHttpResponse(decodeResult: success, version: HTTP/1.1)
HTTP/1.1 200 OK
content-type: application/json; charset=utf-8
cache-control: no-cache
content-length: 313012
date: Sun, 28 Apr 2024 03:24:55 GMT

22:24:55.920 [AsyncHttpClient-1-2] DEBUG org.asynchttpclient.netty.channel.ChannelManager -- Adding key: http://localhost:26454 for channel [id: 0x42511ba1, L:/127.0.0.1:63151 - R:localhost/127.0.0.1:26454]
22:24:55.923 [main] DEBUG net.serenitybdd.core.photography.Darkroom -- Send negative for processing for C:\Users\USUARIO\OneDrive\Documentos\02 Automatización\03 Pragma\pragma\pragma\target\site\serenity\098d49e6ba4843d866db7a52271f9b13e551a5e5c44a06f6b66df658617a6d71.png
22:24:55.924 [Darkroom Processing Line] DEBUG net.serenitybdd.core.photography.DarkroomProcessingLine -- Processing screenshot image in /var/screenshots/screenshot-7470003578944103931
22:24:55.924 [Darkroom Processing Line] DEBUG net.serenitybdd.core.photography.DarkroomProcessingLine -- Saving screenshot to C:\Users\USUARIO\OneDrive\Documentos\02 Automatización\03 Pragma\pragma\pragma\target\site\serenity\098d49e6ba4843d866db7a52271f9b13e551a5e5c44a06f6b66df658617a6d71.png
22:24:56.413 [AsyncHttpClient-1-1] DEBUG org.asynchttpclient.netty.channel.DefaultChannelPool -- Entry count for : http://localhost:26454 : 1
22:24:56.990 [main] DEBUG net.thucydides.core.steps.StepInterceptor -- STARTING STEP: StepInterceptor.testContext - eliminoElProductoDelCarrito
22:24:56.991 [Forwarding findElement on session e07c61e4-6c8c-40fa-bf02-54c105e74990 to remote] DEBUG org.asynchttpclient.netty.request.NettyRequestSender -- Using pooled Channel '[id: 0x42511ba1, L:/127.0.0.1:63151 - R:localhost/127.0.0.1:26454]' for 'POST' to 'http://localhost:26454/session/e07c61e4-6c8c-40fa-bf02-54c105e74990/element'
22:24:56.991 [Forwarding findElement on session e07c61e4-6c8c-40fa-bf02-54c105e74990 to remote] DEBUG org.asynchttpclient.netty.request.NettyRequestSender -- Using open Channel [id: 0x42511ba1, L:/127.0.0.1:63151 - R:localhost/127.0.0.1:26454] for POST '/session/e07c61e4-6c8c-40fa-bf02-54c105e74990/element'
22:24:56.994 [AsyncHttpClient-1-2] DEBUG org.asynchttpclient.netty.handler.HttpHandler -- 

Request DefaultHttpRequest(decodeResult: success, version: HTTP/1.1)
POST /session/e07c61e4-6c8c-40fa-bf02-54c105e74990/element HTTP/1.1
User-Agent: selenium/4.12.0 (java windows)
Content-Length: 85
Content-Type: application/json; charset=utf-8
host: localhost:26454
accept: */*

Response DefaultHttpResponse(decodeResult: success, version: HTTP/1.1)
HTTP/1.1 200 OK
content-type: application/json; charset=utf-8
cache-control: no-cache
content-length: 88
date: Sun, 28 Apr 2024 03:24:56 GMT

22:24:56.994 [AsyncHttpClient-1-2] DEBUG org.asynchttpclient.netty.channel.ChannelManager -- Adding key: http://localhost:26454 for channel [id: 0x42511ba1, L:/127.0.0.1:63151 - R:localhost/127.0.0.1:26454]
22:24:56.999 [Forwarding isElementDisplayed on session e07c61e4-6c8c-40fa-bf02-54c105e74990 to remote] DEBUG org.asynchttpclient.netty.request.NettyRequestSender -- Using pooled Channel '[id: 0x42511ba1, L:/127.0.0.1:63151 - R:localhost/127.0.0.1:26454]' for 'POST' to 'http://localhost:26454/session/e07c61e4-6c8c-40fa-bf02-54c105e74990/execute/sync'
22:24:56.999 [Forwarding isElementDisplayed on session e07c61e4-6c8c-40fa-bf02-54c105e74990 to remote] DEBUG org.asynchttpclient.netty.request.NettyRequestSender -- Using open Channel [id: 0x42511ba1, L:/127.0.0.1:63151 - R:localhost/127.0.0.1:26454] for POST '/session/e07c61e4-6c8c-40fa-bf02-54c105e74990/execute/sync'
22:24:57.009 [AsyncHttpClient-1-2] DEBUG org.asynchttpclient.netty.handler.HttpHandler -- 

Request DefaultHttpRequest(decodeResult: success, version: HTTP/1.1)
POST /session/e07c61e4-6c8c-40fa-bf02-54c105e74990/execute/sync HTTP/1.1
User-Agent: selenium/4.12.0 (java windows)
Content-Length: 48696
Content-Type: application/json; charset=utf-8
host: localhost:26454
accept: */*

Response DefaultHttpResponse(decodeResult: success, version: HTTP/1.1)
HTTP/1.1 200 OK
content-type: application/json; charset=utf-8
cache-control: no-cache
content-length: 14
date: Sun, 28 Apr 2024 03:24:56 GMT

22:24:57.010 [AsyncHttpClient-1-2] DEBUG org.asynchttpclient.netty.channel.ChannelManager -- Adding key: http://localhost:26454 for channel [id: 0x42511ba1, L:/127.0.0.1:63151 - R:localhost/127.0.0.1:26454]
Elemento presente
22:24:57.012 [Forwarding findElement on session e07c61e4-6c8c-40fa-bf02-54c105e74990 to remote] DEBUG org.asynchttpclient.netty.request.NettyRequestSender -- Using pooled Channel '[id: 0x42511ba1, L:/127.0.0.1:63151 - R:localhost/127.0.0.1:26454]' for 'POST' to 'http://localhost:26454/session/e07c61e4-6c8c-40fa-bf02-54c105e74990/element'
22:24:57.012 [Forwarding findElement on session e07c61e4-6c8c-40fa-bf02-54c105e74990 to remote] DEBUG org.asynchttpclient.netty.request.NettyRequestSender -- Using open Channel [id: 0x42511ba1, L:/127.0.0.1:63151 - R:localhost/127.0.0.1:26454] for POST '/session/e07c61e4-6c8c-40fa-bf02-54c105e74990/element'
22:24:57.015 [AsyncHttpClient-1-2] DEBUG org.asynchttpclient.netty.handler.HttpHandler -- 

Request DefaultHttpRequest(decodeResult: success, version: HTTP/1.1)
POST /session/e07c61e4-6c8c-40fa-bf02-54c105e74990/element HTTP/1.1
User-Agent: selenium/4.12.0 (java windows)
Content-Length: 85
Content-Type: application/json; charset=utf-8
host: localhost:26454
accept: */*

Response DefaultHttpResponse(decodeResult: success, version: HTTP/1.1)
HTTP/1.1 200 OK
content-type: application/json; charset=utf-8
cache-control: no-cache
content-length: 88
date: Sun, 28 Apr 2024 03:24:56 GMT

22:24:57.015 [AsyncHttpClient-1-2] DEBUG org.asynchttpclient.netty.channel.ChannelManager -- Adding key: http://localhost:26454 for channel [id: 0x42511ba1, L:/127.0.0.1:63151 - R:localhost/127.0.0.1:26454]
22:24:57.017 [Forwarding getElementTagName on session e07c61e4-6c8c-40fa-bf02-54c105e74990 to remote] DEBUG org.asynchttpclient.netty.request.NettyRequestSender -- Using pooled Channel '[id: 0x42511ba1, L:/127.0.0.1:63151 - R:localhost/127.0.0.1:26454]' for 'GET' to 'http://localhost:26454/session/e07c61e4-6c8c-40fa-bf02-54c105e74990/element/57907b6e-118a-4514-ac54-a61635a13311/name'
22:24:57.017 [Forwarding getElementTagName on session e07c61e4-6c8c-40fa-bf02-54c105e74990 to remote] DEBUG org.asynchttpclient.netty.request.NettyRequestSender -- Using open Channel [id: 0x42511ba1, L:/127.0.0.1:63151 - R:localhost/127.0.0.1:26454] for GET '/session/e07c61e4-6c8c-40fa-bf02-54c105e74990/element/57907b6e-118a-4514-ac54-a61635a13311/name'
22:24:57.019 [AsyncHttpClient-1-2] DEBUG org.asynchttpclient.netty.handler.HttpHandler -- 

Request DefaultFullHttpRequest(decodeResult: success, version: HTTP/1.1, content: EmptyByteBufBE)
GET /session/e07c61e4-6c8c-40fa-bf02-54c105e74990/element/57907b6e-118a-4514-ac54-a61635a13311/name HTTP/1.1
Cache-Control: no-cache
User-Agent: selenium/4.12.0 (java windows)
Content-Type: application/json; charset=utf-8
host: localhost:26454
accept: */*

Response DefaultHttpResponse(decodeResult: success, version: HTTP/1.1)
HTTP/1.1 200 OK
content-type: application/json; charset=utf-8
cache-control: no-cache
content-length: 13
date: Sun, 28 Apr 2024 03:24:56 GMT

22:24:57.019 [AsyncHttpClient-1-2] DEBUG org.asynchttpclient.netty.channel.ChannelManager -- Adding key: http://localhost:26454 for channel [id: 0x42511ba1, L:/127.0.0.1:63151 - R:localhost/127.0.0.1:26454]
22:24:57.020 [Forwarding getElementTagName on session e07c61e4-6c8c-40fa-bf02-54c105e74990 to remote] DEBUG org.asynchttpclient.netty.request.NettyRequestSender -- Using pooled Channel '[id: 0x42511ba1, L:/127.0.0.1:63151 - R:localhost/127.0.0.1:26454]' for 'GET' to 'http://localhost:26454/session/e07c61e4-6c8c-40fa-bf02-54c105e74990/element/57907b6e-118a-4514-ac54-a61635a13311/name'
22:24:57.020 [Forwarding getElementTagName on session e07c61e4-6c8c-40fa-bf02-54c105e74990 to remote] DEBUG org.asynchttpclient.netty.request.NettyRequestSender -- Using open Channel [id: 0x42511ba1, L:/127.0.0.1:63151 - R:localhost/127.0.0.1:26454] for GET '/session/e07c61e4-6c8c-40fa-bf02-54c105e74990/element/57907b6e-118a-4514-ac54-a61635a13311/name'
22:24:57.021 [AsyncHttpClient-1-2] DEBUG org.asynchttpclient.netty.handler.HttpHandler -- 

Request DefaultFullHttpRequest(decodeResult: success, version: HTTP/1.1, content: EmptyByteBufBE)
GET /session/e07c61e4-6c8c-40fa-bf02-54c105e74990/element/57907b6e-118a-4514-ac54-a61635a13311/name HTTP/1.1
Cache-Control: no-cache
User-Agent: selenium/4.12.0 (java windows)
Content-Type: application/json; charset=utf-8
host: localhost:26454
accept: */*

Response DefaultHttpResponse(decodeResult: success, version: HTTP/1.1)
HTTP/1.1 200 OK
content-type: application/json; charset=utf-8
cache-control: no-cache
content-length: 13
date: Sun, 28 Apr 2024 03:24:56 GMT

22:24:57.022 [AsyncHttpClient-1-2] DEBUG org.asynchttpclient.netty.channel.ChannelManager -- Adding key: http://localhost:26454 for channel [id: 0x42511ba1, L:/127.0.0.1:63151 - R:localhost/127.0.0.1:26454]
22:24:57.023 [Forwarding findElement on session e07c61e4-6c8c-40fa-bf02-54c105e74990 to remote] DEBUG org.asynchttpclient.netty.request.NettyRequestSender -- Using pooled Channel '[id: 0x42511ba1, L:/127.0.0.1:63151 - R:localhost/127.0.0.1:26454]' for 'POST' to 'http://localhost:26454/session/e07c61e4-6c8c-40fa-bf02-54c105e74990/element'
22:24:57.023 [Forwarding findElement on session e07c61e4-6c8c-40fa-bf02-54c105e74990 to remote] DEBUG org.asynchttpclient.netty.request.NettyRequestSender -- Using open Channel [id: 0x42511ba1, L:/127.0.0.1:63151 - R:localhost/127.0.0.1:26454] for POST '/session/e07c61e4-6c8c-40fa-bf02-54c105e74990/element'
22:24:57.024 [AsyncHttpClient-1-2] DEBUG org.asynchttpclient.netty.handler.HttpHandler -- 

Request DefaultHttpRequest(decodeResult: success, version: HTTP/1.1)
POST /session/e07c61e4-6c8c-40fa-bf02-54c105e74990/element HTTP/1.1
User-Agent: selenium/4.12.0 (java windows)
Content-Length: 85
Content-Type: application/json; charset=utf-8
host: localhost:26454
accept: */*

Response DefaultHttpResponse(decodeResult: success, version: HTTP/1.1)
HTTP/1.1 200 OK
content-type: application/json; charset=utf-8
cache-control: no-cache
content-length: 88
date: Sun, 28 Apr 2024 03:24:56 GMT

22:24:57.025 [AsyncHttpClient-1-2] DEBUG org.asynchttpclient.netty.channel.ChannelManager -- Adding key: http://localhost:26454 for channel [id: 0x42511ba1, L:/127.0.0.1:63151 - R:localhost/127.0.0.1:26454]
22:24:57.026 [Forwarding clickElement on session e07c61e4-6c8c-40fa-bf02-54c105e74990 to remote] DEBUG org.asynchttpclient.netty.request.NettyRequestSender -- Using pooled Channel '[id: 0x42511ba1, L:/127.0.0.1:63151 - R:localhost/127.0.0.1:26454]' for 'POST' to 'http://localhost:26454/session/e07c61e4-6c8c-40fa-bf02-54c105e74990/element/57907b6e-118a-4514-ac54-a61635a13311/click'
22:24:57.026 [Forwarding clickElement on session e07c61e4-6c8c-40fa-bf02-54c105e74990 to remote] DEBUG org.asynchttpclient.netty.request.NettyRequestSender -- Using open Channel [id: 0x42511ba1, L:/127.0.0.1:63151 - R:localhost/127.0.0.1:26454] for POST '/session/e07c61e4-6c8c-40fa-bf02-54c105e74990/element/57907b6e-118a-4514-ac54-a61635a13311/click'
22:24:57.041 [AsyncHttpClient-1-2] DEBUG org.asynchttpclient.netty.handler.HttpHandler -- 

Request DefaultHttpRequest(decodeResult: success, version: HTTP/1.1)
POST /session/e07c61e4-6c8c-40fa-bf02-54c105e74990/element/57907b6e-118a-4514-ac54-a61635a13311/click HTTP/1.1
User-Agent: selenium/4.12.0 (java windows)
Content-Length: 50
Content-Type: application/json; charset=utf-8
host: localhost:26454
accept: */*

Response DefaultHttpResponse(decodeResult: success, version: HTTP/1.1)
HTTP/1.1 200 OK
content-type: application/json; charset=utf-8
cache-control: no-cache
content-length: 14
date: Sun, 28 Apr 2024 03:24:56 GMT

22:24:57.042 [AsyncHttpClient-1-2] DEBUG org.asynchttpclient.netty.channel.ChannelManager -- Adding key: http://localhost:26454 for channel [id: 0x42511ba1, L:/127.0.0.1:63151 - R:localhost/127.0.0.1:26454]
22:24:57.515 [AsyncHttpClient-1-1] DEBUG org.asynchttpclient.netty.channel.DefaultChannelPool -- Entry count for : http://localhost:26454 : 1
22:24:57.547 [Forwarding findElement on session e07c61e4-6c8c-40fa-bf02-54c105e74990 to remote] DEBUG org.asynchttpclient.netty.request.NettyRequestSender -- Using pooled Channel '[id: 0x42511ba1, L:/127.0.0.1:63151 - R:localhost/127.0.0.1:26454]' for 'POST' to 'http://localhost:26454/session/e07c61e4-6c8c-40fa-bf02-54c105e74990/element'
22:24:57.547 [Forwarding findElement on session e07c61e4-6c8c-40fa-bf02-54c105e74990 to remote] DEBUG org.asynchttpclient.netty.request.NettyRequestSender -- Using open Channel [id: 0x42511ba1, L:/127.0.0.1:63151 - R:localhost/127.0.0.1:26454] for POST '/session/e07c61e4-6c8c-40fa-bf02-54c105e74990/element'
22:25:00.564 [AsyncHttpClient-1-2] DEBUG org.asynchttpclient.netty.handler.HttpHandler -- 

Request DefaultHttpRequest(decodeResult: success, version: HTTP/1.1)
POST /session/e07c61e4-6c8c-40fa-bf02-54c105e74990/element HTTP/1.1
User-Agent: selenium/4.12.0 (java windows)
Content-Length: 85
Content-Type: application/json; charset=utf-8
host: localhost:26454
accept: */*

Response DefaultHttpResponse(decodeResult: success, version: HTTP/1.1)
HTTP/1.1 404 Not Found
content-type: application/json; charset=utf-8
cache-control: no-cache
content-length: 417
date: Sun, 28 Apr 2024 03:24:56 GMT

22:25:00.564 [AsyncHttpClient-1-2] DEBUG org.asynchttpclient.netty.channel.ChannelManager -- Adding key: http://localhost:26454 for channel [id: 0x42511ba1, L:/127.0.0.1:63151 - R:localhost/127.0.0.1:26454]
Error - Elemento no encontrado org.openqa.selenium.NoSuchElementException: Unable to locate element: //td/a[contains(text(),'Delete')]
For documentation on this error, please visit: https://www.selenium.dev/documentation/webdriver/troubleshooting/errors#no-such-element-exception
Build info: version: '4.12.0', revision: '249f2a7d1b*'
System info: os.name: 'Windows 11', os.arch: 'amd64', os.version: '10.0', java.version: '22'
Driver info: org.openqa.selenium.firefox.FirefoxDriver
Command: [e07c61e4-6c8c-40fa-bf02-54c105e74990, findElement {using=xpath, value=//td/a[contains(text(),'Delete')]}]
Capabilities {acceptInsecureCerts: true, browserName: firefox, browserVersion: 125.0.2, moz:accessibilityChecks: false, moz:buildID: 20240419144423, moz:debuggerAddress: 127.0.0.1:48474, moz:geckodriverVersion: 0.34.0, moz:headless: false, moz:platformVersion: 10.0, moz:processID: 12664, moz:profile: C:\Users\USUARIO\AppData\Lo..., moz:shutdownTimeout: 60000, moz:webdriverClick: true, moz:windowless: false, pageLoadStrategy: normal, platformName: windows, proxy: Proxy(), se:cdp: ws://127.0.0.1:48474/devtoo..., se:cdpVersion: 85.0, setWindowRect: true, strictFileInteractability: false, timeouts: {implicit: 0, pageLoad: 300000, script: 30000}, unhandledPromptBehavior: dismiss and notify, userAgent: Mozilla/5.0 (Windows NT 10....}
Session ID: e07c61e4-6c8c-40fa-bf02-54c105e74990
22:25:00.568 [Forwarding getAlertText on session e07c61e4-6c8c-40fa-bf02-54c105e74990 to remote] DEBUG org.asynchttpclient.netty.request.NettyRequestSender -- Using pooled Channel '[id: 0x42511ba1, L:/127.0.0.1:63151 - R:localhost/127.0.0.1:26454]' for 'GET' to 'http://localhost:26454/session/e07c61e4-6c8c-40fa-bf02-54c105e74990/alert/text'
22:25:00.569 [Forwarding getAlertText on session e07c61e4-6c8c-40fa-bf02-54c105e74990 to remote] DEBUG org.asynchttpclient.netty.request.NettyRequestSender -- Using open Channel [id: 0x42511ba1, L:/127.0.0.1:63151 - R:localhost/127.0.0.1:26454] for GET '/session/e07c61e4-6c8c-40fa-bf02-54c105e74990/alert/text'
22:25:00.570 [AsyncHttpClient-1-2] DEBUG org.asynchttpclient.netty.handler.HttpHandler -- 

Request DefaultFullHttpRequest(decodeResult: success, version: HTTP/1.1, content: EmptyByteBufBE)
GET /session/e07c61e4-6c8c-40fa-bf02-54c105e74990/alert/text HTTP/1.1
Cache-Control: no-cache
User-Agent: selenium/4.12.0 (java windows)
Content-Type: application/json; charset=utf-8
host: localhost:26454
accept: */*

Response DefaultHttpResponse(decodeResult: success, version: HTTP/1.1)
HTTP/1.1 404 Not Found
content-type: application/json; charset=utf-8
cache-control: no-cache
content-length: 842
date: Sun, 28 Apr 2024 03:25:00 GMT

22:25:00.570 [AsyncHttpClient-1-2] DEBUG org.asynchttpclient.netty.channel.ChannelManager -- Adding key: http://localhost:26454 for channel [id: 0x42511ba1, L:/127.0.0.1:63151 - R:localhost/127.0.0.1:26454]
22:25:00.571 [Forwarding getCurrentUrl on session e07c61e4-6c8c-40fa-bf02-54c105e74990 to remote] DEBUG org.asynchttpclient.netty.request.NettyRequestSender -- Using pooled Channel '[id: 0x42511ba1, L:/127.0.0.1:63151 - R:localhost/127.0.0.1:26454]' for 'GET' to 'http://localhost:26454/session/e07c61e4-6c8c-40fa-bf02-54c105e74990/url'
22:25:00.571 [Forwarding getCurrentUrl on session e07c61e4-6c8c-40fa-bf02-54c105e74990 to remote] DEBUG org.asynchttpclient.netty.request.NettyRequestSender -- Using open Channel [id: 0x42511ba1, L:/127.0.0.1:63151 - R:localhost/127.0.0.1:26454] for GET '/session/e07c61e4-6c8c-40fa-bf02-54c105e74990/url'
22:25:00.571 [AsyncHttpClient-1-2] DEBUG org.asynchttpclient.netty.handler.HttpHandler -- 

Request DefaultFullHttpRequest(decodeResult: success, version: HTTP/1.1, content: EmptyByteBufBE)
GET /session/e07c61e4-6c8c-40fa-bf02-54c105e74990/url HTTP/1.1
Cache-Control: no-cache
User-Agent: selenium/4.12.0 (java windows)
Content-Type: application/json; charset=utf-8
host: localhost:26454
accept: */*

Response DefaultHttpResponse(decodeResult: success, version: HTTP/1.1)
HTTP/1.1 200 OK
content-type: application/json; charset=utf-8
cache-control: no-cache
content-length: 48
date: Sun, 28 Apr 2024 03:25:00 GMT

22:25:00.571 [AsyncHttpClient-1-2] DEBUG org.asynchttpclient.netty.channel.ChannelManager -- Adding key: http://localhost:26454 for channel [id: 0x42511ba1, L:/127.0.0.1:63151 - R:localhost/127.0.0.1:26454]
22:25:00.572 [Forwarding screenshot on session e07c61e4-6c8c-40fa-bf02-54c105e74990 to remote] DEBUG org.asynchttpclient.netty.request.NettyRequestSender -- Using pooled Channel '[id: 0x42511ba1, L:/127.0.0.1:63151 - R:localhost/127.0.0.1:26454]' for 'GET' to 'http://localhost:26454/session/e07c61e4-6c8c-40fa-bf02-54c105e74990/screenshot'
22:25:00.572 [Forwarding screenshot on session e07c61e4-6c8c-40fa-bf02-54c105e74990 to remote] DEBUG org.asynchttpclient.netty.request.NettyRequestSender -- Using open Channel [id: 0x42511ba1, L:/127.0.0.1:63151 - R:localhost/127.0.0.1:26454] for GET '/session/e07c61e4-6c8c-40fa-bf02-54c105e74990/screenshot'
22:25:00.608 [AsyncHttpClient-1-2] DEBUG org.asynchttpclient.netty.handler.HttpHandler -- 

Request DefaultFullHttpRequest(decodeResult: success, version: HTTP/1.1, content: EmptyByteBufBE)
GET /session/e07c61e4-6c8c-40fa-bf02-54c105e74990/screenshot HTTP/1.1
Cache-Control: no-cache
User-Agent: selenium/4.12.0 (java windows)
Content-Type: application/json; charset=utf-8
host: localhost:26454
accept: */*

Response DefaultHttpResponse(decodeResult: success, version: HTTP/1.1)
HTTP/1.1 200 OK
content-type: application/json; charset=utf-8
cache-control: no-cache
content-length: 286856
date: Sun, 28 Apr 2024 03:25:00 GMT

22:25:00.608 [AsyncHttpClient-1-2] DEBUG org.asynchttpclient.netty.channel.ChannelManager -- Adding key: http://localhost:26454 for channel [id: 0x42511ba1, L:/127.0.0.1:63151 - R:localhost/127.0.0.1:26454]
22:25:00.612 [main] DEBUG net.serenitybdd.core.photography.Darkroom -- Send negative for processing for C:\Users\USUARIO\OneDrive\Documentos\02 Automatización\03 Pragma\pragma\pragma\target\site\serenity\5dc66e2877f7902fd4d4084dc1cc5fe67825ee3c2bff8a15944ee7f39ec50584.png
22:25:00.814 [AsyncHttpClient-1-1] DEBUG org.asynchttpclient.netty.channel.DefaultChannelPool -- Entry count for : http://localhost:26454 : 1
22:25:01.620 [main] DEBUG net.thucydides.core.steps.StepInterceptor -- STEP DONE: eliminoElProductoDelCarrito
22:25:01.629 [Forwarding getAlertText on session e07c61e4-6c8c-40fa-bf02-54c105e74990 to remote] DEBUG org.asynchttpclient.netty.request.NettyRequestSender -- Using pooled Channel '[id: 0x42511ba1, L:/127.0.0.1:63151 - R:localhost/127.0.0.1:26454]' for 'GET' to 'http://localhost:26454/session/e07c61e4-6c8c-40fa-bf02-54c105e74990/alert/text'
22:25:01.629 [Forwarding getAlertText on session e07c61e4-6c8c-40fa-bf02-54c105e74990 to remote] DEBUG org.asynchttpclient.netty.request.NettyRequestSender -- Using open Channel [id: 0x42511ba1, L:/127.0.0.1:63151 - R:localhost/127.0.0.1:26454] for GET '/session/e07c61e4-6c8c-40fa-bf02-54c105e74990/alert/text'
22:25:01.631 [AsyncHttpClient-1-2] DEBUG org.asynchttpclient.netty.handler.HttpHandler -- 

Request DefaultFullHttpRequest(decodeResult: success, version: HTTP/1.1, content: EmptyByteBufBE)
GET /session/e07c61e4-6c8c-40fa-bf02-54c105e74990/alert/text HTTP/1.1
Cache-Control: no-cache
User-Agent: selenium/4.12.0 (java windows)
Content-Type: application/json; charset=utf-8
host: localhost:26454
accept: */*

Response DefaultHttpResponse(decodeResult: success, version: HTTP/1.1)
HTTP/1.1 404 Not Found
content-type: application/json; charset=utf-8
cache-control: no-cache
content-length: 842
date: Sun, 28 Apr 2024 03:25:01 GMT

22:25:01.632 [AsyncHttpClient-1-2] DEBUG org.asynchttpclient.netty.channel.ChannelManager -- Adding key: http://localhost:26454 for channel [id: 0x42511ba1, L:/127.0.0.1:63151 - R:localhost/127.0.0.1:26454]
22:25:01.633 [Forwarding getCurrentUrl on session e07c61e4-6c8c-40fa-bf02-54c105e74990 to remote] DEBUG org.asynchttpclient.netty.request.NettyRequestSender -- Using pooled Channel '[id: 0x42511ba1, L:/127.0.0.1:63151 - R:localhost/127.0.0.1:26454]' for 'GET' to 'http://localhost:26454/session/e07c61e4-6c8c-40fa-bf02-54c105e74990/url'
22:25:01.633 [Forwarding getCurrentUrl on session e07c61e4-6c8c-40fa-bf02-54c105e74990 to remote] DEBUG org.asynchttpclient.netty.request.NettyRequestSender -- Using open Channel [id: 0x42511ba1, L:/127.0.0.1:63151 - R:localhost/127.0.0.1:26454] for GET '/session/e07c61e4-6c8c-40fa-bf02-54c105e74990/url'
22:25:01.635 [AsyncHttpClient-1-2] DEBUG org.asynchttpclient.netty.handler.HttpHandler -- 

Request DefaultFullHttpRequest(decodeResult: success, version: HTTP/1.1, content: EmptyByteBufBE)
GET /session/e07c61e4-6c8c-40fa-bf02-54c105e74990/url HTTP/1.1
Cache-Control: no-cache
User-Agent: selenium/4.12.0 (java windows)
Content-Type: application/json; charset=utf-8
host: localhost:26454
accept: */*

Response DefaultHttpResponse(decodeResult: success, version: HTTP/1.1)
HTTP/1.1 200 OK
content-type: application/json; charset=utf-8
cache-control: no-cache
content-length: 48
date: Sun, 28 Apr 2024 03:25:01 GMT

22:25:01.636 [AsyncHttpClient-1-2] DEBUG org.asynchttpclient.netty.channel.ChannelManager -- Adding key: http://localhost:26454 for channel [id: 0x42511ba1, L:/127.0.0.1:63151 - R:localhost/127.0.0.1:26454]
22:25:01.637 [Forwarding screenshot on session e07c61e4-6c8c-40fa-bf02-54c105e74990 to remote] DEBUG org.asynchttpclient.netty.request.NettyRequestSender -- Using pooled Channel '[id: 0x42511ba1, L:/127.0.0.1:63151 - R:localhost/127.0.0.1:26454]' for 'GET' to 'http://localhost:26454/session/e07c61e4-6c8c-40fa-bf02-54c105e74990/screenshot'
22:25:01.637 [Forwarding screenshot on session e07c61e4-6c8c-40fa-bf02-54c105e74990 to remote] DEBUG org.asynchttpclient.netty.request.NettyRequestSender -- Using open Channel [id: 0x42511ba1, L:/127.0.0.1:63151 - R:localhost/127.0.0.1:26454] for GET '/session/e07c61e4-6c8c-40fa-bf02-54c105e74990/screenshot'
22:25:01.680 [AsyncHttpClient-1-2] DEBUG org.asynchttpclient.netty.handler.HttpHandler -- 

Request DefaultFullHttpRequest(decodeResult: success, version: HTTP/1.1, content: EmptyByteBufBE)
GET /session/e07c61e4-6c8c-40fa-bf02-54c105e74990/screenshot HTTP/1.1
Cache-Control: no-cache
User-Agent: selenium/4.12.0 (java windows)
Content-Type: application/json; charset=utf-8
host: localhost:26454
accept: */*

Response DefaultHttpResponse(decodeResult: success, version: HTTP/1.1)
HTTP/1.1 200 OK
content-type: application/json; charset=utf-8
cache-control: no-cache
content-length: 286856
date: Sun, 28 Apr 2024 03:25:01 GMT

22:25:01.680 [AsyncHttpClient-1-2] DEBUG org.asynchttpclient.netty.channel.ChannelManager -- Adding key: http://localhost:26454 for channel [id: 0x42511ba1, L:/127.0.0.1:63151 - R:localhost/127.0.0.1:26454]
22:25:01.685 [main] DEBUG net.serenitybdd.core.photography.Darkroom -- Send negative for processing for C:\Users\USUARIO\OneDrive\Documentos\02 Automatización\03 Pragma\pragma\pragma\target\site\serenity\5dc66e2877f7902fd4d4084dc1cc5fe67825ee3c2bff8a15944ee7f39ec50584.png
22:25:01.909 [AsyncHttpClient-1-1] DEBUG org.asynchttpclient.netty.channel.DefaultChannelPool -- Entry count for : http://localhost:26454 : 1
22:25:02.699 [main] DEBUG net.thucydides.core.steps.StepInterceptor -- STARTING STEP: StepInterceptor.testContext - validoQueElCarritoDeCompraEsteVacio
22:25:02.701 [Forwarding getCurrentUrl on session e07c61e4-6c8c-40fa-bf02-54c105e74990 to remote] DEBUG org.asynchttpclient.netty.request.NettyRequestSender -- Using pooled Channel '[id: 0x42511ba1, L:/127.0.0.1:63151 - R:localhost/127.0.0.1:26454]' for 'GET' to 'http://localhost:26454/session/e07c61e4-6c8c-40fa-bf02-54c105e74990/url'
22:25:02.701 [Forwarding getCurrentUrl on session e07c61e4-6c8c-40fa-bf02-54c105e74990 to remote] DEBUG org.asynchttpclient.netty.request.NettyRequestSender -- Using open Channel [id: 0x42511ba1, L:/127.0.0.1:63151 - R:localhost/127.0.0.1:26454] for GET '/session/e07c61e4-6c8c-40fa-bf02-54c105e74990/url'
22:25:02.703 [AsyncHttpClient-1-2] DEBUG org.asynchttpclient.netty.handler.HttpHandler -- 

Request DefaultFullHttpRequest(decodeResult: success, version: HTTP/1.1, content: EmptyByteBufBE)
GET /session/e07c61e4-6c8c-40fa-bf02-54c105e74990/url HTTP/1.1
Cache-Control: no-cache
User-Agent: selenium/4.12.0 (java windows)
Content-Type: application/json; charset=utf-8
host: localhost:26454
accept: */*

Response DefaultHttpResponse(decodeResult: success, version: HTTP/1.1)
HTTP/1.1 200 OK
content-type: application/json; charset=utf-8
cache-control: no-cache
content-length: 48
date: Sun, 28 Apr 2024 03:25:02 GMT

22:25:02.704 [AsyncHttpClient-1-2] DEBUG org.asynchttpclient.netty.channel.ChannelManager -- Adding key: http://localhost:26454 for channel [id: 0x42511ba1, L:/127.0.0.1:63151 - R:localhost/127.0.0.1:26454]
22:25:02.705 [Forwarding findElement on session e07c61e4-6c8c-40fa-bf02-54c105e74990 to remote] DEBUG org.asynchttpclient.netty.request.NettyRequestSender -- Using pooled Channel '[id: 0x42511ba1, L:/127.0.0.1:63151 - R:localhost/127.0.0.1:26454]' for 'POST' to 'http://localhost:26454/session/e07c61e4-6c8c-40fa-bf02-54c105e74990/element'
22:25:02.705 [Forwarding findElement on session e07c61e4-6c8c-40fa-bf02-54c105e74990 to remote] DEBUG org.asynchttpclient.netty.request.NettyRequestSender -- Using open Channel [id: 0x42511ba1, L:/127.0.0.1:63151 - R:localhost/127.0.0.1:26454] for POST '/session/e07c61e4-6c8c-40fa-bf02-54c105e74990/element'
22:25:05.718 [AsyncHttpClient-1-2] DEBUG org.asynchttpclient.netty.handler.HttpHandler -- 

Request DefaultHttpRequest(decodeResult: success, version: HTTP/1.1)
POST /session/e07c61e4-6c8c-40fa-bf02-54c105e74990/element HTTP/1.1
User-Agent: selenium/4.12.0 (java windows)
Content-Length: 85
Content-Type: application/json; charset=utf-8
host: localhost:26454
accept: */*

Response DefaultHttpResponse(decodeResult: success, version: HTTP/1.1)
HTTP/1.1 404 Not Found
content-type: application/json; charset=utf-8
cache-control: no-cache
content-length: 417
date: Sun, 28 Apr 2024 03:25:02 GMT

22:25:05.718 [AsyncHttpClient-1-2] DEBUG org.asynchttpclient.netty.channel.ChannelManager -- Adding key: http://localhost:26454 for channel [id: 0x42511ba1, L:/127.0.0.1:63151 - R:localhost/127.0.0.1:26454]
Error - Elemento no encontrado org.openqa.selenium.NoSuchElementException: Unable to locate element: //td/a[contains(text(),'Delete')]
For documentation on this error, please visit: https://www.selenium.dev/documentation/webdriver/troubleshooting/errors#no-such-element-exception
Build info: version: '4.12.0', revision: '249f2a7d1b*'
System info: os.name: 'Windows 11', os.arch: 'amd64', os.version: '10.0', java.version: '22'
Driver info: org.openqa.selenium.firefox.FirefoxDriver
Command: [e07c61e4-6c8c-40fa-bf02-54c105e74990, findElement {using=xpath, value=//td/a[contains(text(),'Delete')]}]
Capabilities {acceptInsecureCerts: true, browserName: firefox, browserVersion: 125.0.2, moz:accessibilityChecks: false, moz:buildID: 20240419144423, moz:debuggerAddress: 127.0.0.1:48474, moz:geckodriverVersion: 0.34.0, moz:headless: false, moz:platformVersion: 10.0, moz:processID: 12664, moz:profile: C:\Users\USUARIO\AppData\Lo..., moz:shutdownTimeout: 60000, moz:webdriverClick: true, moz:windowless: false, pageLoadStrategy: normal, platformName: windows, proxy: Proxy(), se:cdp: ws://127.0.0.1:48474/devtoo..., se:cdpVersion: 85.0, setWindowRect: true, strictFileInteractability: false, timeouts: {implicit: 0, pageLoad: 300000, script: 30000}, unhandledPromptBehavior: dismiss and notify, userAgent: Mozilla/5.0 (Windows NT 10....}
Session ID: e07c61e4-6c8c-40fa-bf02-54c105e74990
Carrito vacio
22:25:05.726 [Forwarding getAlertText on session e07c61e4-6c8c-40fa-bf02-54c105e74990 to remote] DEBUG org.asynchttpclient.netty.request.NettyRequestSender -- Using pooled Channel '[id: 0x42511ba1, L:/127.0.0.1:63151 - R:localhost/127.0.0.1:26454]' for 'GET' to 'http://localhost:26454/session/e07c61e4-6c8c-40fa-bf02-54c105e74990/alert/text'
22:25:05.726 [Forwarding getAlertText on session e07c61e4-6c8c-40fa-bf02-54c105e74990 to remote] DEBUG org.asynchttpclient.netty.request.NettyRequestSender -- Using open Channel [id: 0x42511ba1, L:/127.0.0.1:63151 - R:localhost/127.0.0.1:26454] for GET '/session/e07c61e4-6c8c-40fa-bf02-54c105e74990/alert/text'
22:25:05.728 [AsyncHttpClient-1-2] DEBUG org.asynchttpclient.netty.handler.HttpHandler -- 

Request DefaultFullHttpRequest(decodeResult: success, version: HTTP/1.1, content: EmptyByteBufBE)
GET /session/e07c61e4-6c8c-40fa-bf02-54c105e74990/alert/text HTTP/1.1
Cache-Control: no-cache
User-Agent: selenium/4.12.0 (java windows)
Content-Type: application/json; charset=utf-8
host: localhost:26454
accept: */*

Response DefaultHttpResponse(decodeResult: success, version: HTTP/1.1)
HTTP/1.1 404 Not Found
content-type: application/json; charset=utf-8
cache-control: no-cache
content-length: 842
date: Sun, 28 Apr 2024 03:25:05 GMT

22:25:05.729 [AsyncHttpClient-1-2] DEBUG org.asynchttpclient.netty.channel.ChannelManager -- Adding key: http://localhost:26454 for channel [id: 0x42511ba1, L:/127.0.0.1:63151 - R:localhost/127.0.0.1:26454]
22:25:05.730 [Forwarding getCurrentUrl on session e07c61e4-6c8c-40fa-bf02-54c105e74990 to remote] DEBUG org.asynchttpclient.netty.request.NettyRequestSender -- Using pooled Channel '[id: 0x42511ba1, L:/127.0.0.1:63151 - R:localhost/127.0.0.1:26454]' for 'GET' to 'http://localhost:26454/session/e07c61e4-6c8c-40fa-bf02-54c105e74990/url'
22:25:05.730 [Forwarding getCurrentUrl on session e07c61e4-6c8c-40fa-bf02-54c105e74990 to remote] DEBUG org.asynchttpclient.netty.request.NettyRequestSender -- Using open Channel [id: 0x42511ba1, L:/127.0.0.1:63151 - R:localhost/127.0.0.1:26454] for GET '/session/e07c61e4-6c8c-40fa-bf02-54c105e74990/url'
22:25:05.732 [AsyncHttpClient-1-2] DEBUG org.asynchttpclient.netty.handler.HttpHandler -- 

Request DefaultFullHttpRequest(decodeResult: success, version: HTTP/1.1, content: EmptyByteBufBE)
GET /session/e07c61e4-6c8c-40fa-bf02-54c105e74990/url HTTP/1.1
Cache-Control: no-cache
User-Agent: selenium/4.12.0 (java windows)
Content-Type: application/json; charset=utf-8
host: localhost:26454
accept: */*

Response DefaultHttpResponse(decodeResult: success, version: HTTP/1.1)
HTTP/1.1 200 OK
content-type: application/json; charset=utf-8
cache-control: no-cache
content-length: 48
date: Sun, 28 Apr 2024 03:25:05 GMT

22:25:05.732 [AsyncHttpClient-1-2] DEBUG org.asynchttpclient.netty.channel.ChannelManager -- Adding key: http://localhost:26454 for channel [id: 0x42511ba1, L:/127.0.0.1:63151 - R:localhost/127.0.0.1:26454]
22:25:05.733 [Forwarding screenshot on session e07c61e4-6c8c-40fa-bf02-54c105e74990 to remote] DEBUG org.asynchttpclient.netty.request.NettyRequestSender -- Using pooled Channel '[id: 0x42511ba1, L:/127.0.0.1:63151 - R:localhost/127.0.0.1:26454]' for 'GET' to 'http://localhost:26454/session/e07c61e4-6c8c-40fa-bf02-54c105e74990/screenshot'
22:25:05.733 [Forwarding screenshot on session e07c61e4-6c8c-40fa-bf02-54c105e74990 to remote] DEBUG org.asynchttpclient.netty.request.NettyRequestSender -- Using open Channel [id: 0x42511ba1, L:/127.0.0.1:63151 - R:localhost/127.0.0.1:26454] for GET '/session/e07c61e4-6c8c-40fa-bf02-54c105e74990/screenshot'
22:25:05.771 [AsyncHttpClient-1-2] DEBUG org.asynchttpclient.netty.handler.HttpHandler -- 

Request DefaultFullHttpRequest(decodeResult: success, version: HTTP/1.1, content: EmptyByteBufBE)
GET /session/e07c61e4-6c8c-40fa-bf02-54c105e74990/screenshot HTTP/1.1
Cache-Control: no-cache
User-Agent: selenium/4.12.0 (java windows)
Content-Type: application/json; charset=utf-8
host: localhost:26454
accept: */*

Response DefaultHttpResponse(decodeResult: success, version: HTTP/1.1)
HTTP/1.1 200 OK
content-type: application/json; charset=utf-8
cache-control: no-cache
content-length: 286856
date: Sun, 28 Apr 2024 03:25:05 GMT

22:25:05.771 [AsyncHttpClient-1-2] DEBUG org.asynchttpclient.netty.channel.ChannelManager -- Adding key: http://localhost:26454 for channel [id: 0x42511ba1, L:/127.0.0.1:63151 - R:localhost/127.0.0.1:26454]
22:25:05.775 [main] DEBUG net.serenitybdd.core.photography.Darkroom -- Send negative for processing for C:\Users\USUARIO\OneDrive\Documentos\02 Automatización\03 Pragma\pragma\pragma\target\site\serenity\5dc66e2877f7902fd4d4084dc1cc5fe67825ee3c2bff8a15944ee7f39ec50584.png
22:25:06.309 [AsyncHttpClient-1-1] DEBUG org.asynchttpclient.netty.channel.DefaultChannelPool -- Entry count for : http://localhost:26454 : 1
22:25:06.776 [main] DEBUG net.thucydides.core.steps.StepInterceptor -- STEP DONE: validoQueElCarritoDeCompraEsteVacio
22:25:06.780 [Forwarding getAlertText on session e07c61e4-6c8c-40fa-bf02-54c105e74990 to remote] DEBUG org.asynchttpclient.netty.request.NettyRequestSender -- Using pooled Channel '[id: 0x42511ba1, L:/127.0.0.1:63151 - R:localhost/127.0.0.1:26454]' for 'GET' to 'http://localhost:26454/session/e07c61e4-6c8c-40fa-bf02-54c105e74990/alert/text'
22:25:06.780 [Forwarding getAlertText on session e07c61e4-6c8c-40fa-bf02-54c105e74990 to remote] DEBUG org.asynchttpclient.netty.request.NettyRequestSender -- Using open Channel [id: 0x42511ba1, L:/127.0.0.1:63151 - R:localhost/127.0.0.1:26454] for GET '/session/e07c61e4-6c8c-40fa-bf02-54c105e74990/alert/text'
22:25:06.782 [AsyncHttpClient-1-2] DEBUG org.asynchttpclient.netty.handler.HttpHandler -- 

Request DefaultFullHttpRequest(decodeResult: success, version: HTTP/1.1, content: EmptyByteBufBE)
GET /session/e07c61e4-6c8c-40fa-bf02-54c105e74990/alert/text HTTP/1.1
Cache-Control: no-cache
User-Agent: selenium/4.12.0 (java windows)
Content-Type: application/json; charset=utf-8
host: localhost:26454
accept: */*

Response DefaultHttpResponse(decodeResult: success, version: HTTP/1.1)
HTTP/1.1 404 Not Found
content-type: application/json; charset=utf-8
cache-control: no-cache
content-length: 842
date: Sun, 28 Apr 2024 03:25:06 GMT

22:25:06.782 [AsyncHttpClient-1-2] DEBUG org.asynchttpclient.netty.channel.ChannelManager -- Adding key: http://localhost:26454 for channel [id: 0x42511ba1, L:/127.0.0.1:63151 - R:localhost/127.0.0.1:26454]
22:25:06.783 [Forwarding getCurrentUrl on session e07c61e4-6c8c-40fa-bf02-54c105e74990 to remote] DEBUG org.asynchttpclient.netty.request.NettyRequestSender -- Using pooled Channel '[id: 0x42511ba1, L:/127.0.0.1:63151 - R:localhost/127.0.0.1:26454]' for 'GET' to 'http://localhost:26454/session/e07c61e4-6c8c-40fa-bf02-54c105e74990/url'
22:25:06.783 [Forwarding getCurrentUrl on session e07c61e4-6c8c-40fa-bf02-54c105e74990 to remote] DEBUG org.asynchttpclient.netty.request.NettyRequestSender -- Using open Channel [id: 0x42511ba1, L:/127.0.0.1:63151 - R:localhost/127.0.0.1:26454] for GET '/session/e07c61e4-6c8c-40fa-bf02-54c105e74990/url'
22:25:06.784 [AsyncHttpClient-1-2] DEBUG org.asynchttpclient.netty.handler.HttpHandler -- 

Request DefaultFullHttpRequest(decodeResult: success, version: HTTP/1.1, content: EmptyByteBufBE)
GET /session/e07c61e4-6c8c-40fa-bf02-54c105e74990/url HTTP/1.1
Cache-Control: no-cache
User-Agent: selenium/4.12.0 (java windows)
Content-Type: application/json; charset=utf-8
host: localhost:26454
accept: */*

Response DefaultHttpResponse(decodeResult: success, version: HTTP/1.1)
HTTP/1.1 200 OK
content-type: application/json; charset=utf-8
cache-control: no-cache
content-length: 48
date: Sun, 28 Apr 2024 03:25:06 GMT

22:25:06.784 [AsyncHttpClient-1-2] DEBUG org.asynchttpclient.netty.channel.ChannelManager -- Adding key: http://localhost:26454 for channel [id: 0x42511ba1, L:/127.0.0.1:63151 - R:localhost/127.0.0.1:26454]
22:25:06.785 [Forwarding screenshot on session e07c61e4-6c8c-40fa-bf02-54c105e74990 to remote] DEBUG org.asynchttpclient.netty.request.NettyRequestSender -- Using pooled Channel '[id: 0x42511ba1, L:/127.0.0.1:63151 - R:localhost/127.0.0.1:26454]' for 'GET' to 'http://localhost:26454/session/e07c61e4-6c8c-40fa-bf02-54c105e74990/screenshot'
22:25:06.785 [Forwarding screenshot on session e07c61e4-6c8c-40fa-bf02-54c105e74990 to remote] DEBUG org.asynchttpclient.netty.request.NettyRequestSender -- Using open Channel [id: 0x42511ba1, L:/127.0.0.1:63151 - R:localhost/127.0.0.1:26454] for GET '/session/e07c61e4-6c8c-40fa-bf02-54c105e74990/screenshot'
22:25:06.837 [AsyncHttpClient-1-2] DEBUG org.asynchttpclient.netty.handler.HttpHandler -- 

Request DefaultFullHttpRequest(decodeResult: success, version: HTTP/1.1, content: EmptyByteBufBE)
GET /session/e07c61e4-6c8c-40fa-bf02-54c105e74990/screenshot HTTP/1.1
Cache-Control: no-cache
User-Agent: selenium/4.12.0 (java windows)
Content-Type: application/json; charset=utf-8
host: localhost:26454
accept: */*

Response DefaultHttpResponse(decodeResult: success, version: HTTP/1.1)
HTTP/1.1 200 OK
content-type: application/json; charset=utf-8
cache-control: no-cache
content-length: 286856
date: Sun, 28 Apr 2024 03:25:06 GMT

22:25:06.838 [AsyncHttpClient-1-2] DEBUG org.asynchttpclient.netty.channel.ChannelManager -- Adding key: http://localhost:26454 for channel [id: 0x42511ba1, L:/127.0.0.1:63151 - R:localhost/127.0.0.1:26454]
22:25:06.844 [main] DEBUG net.serenitybdd.core.photography.Darkroom -- Send negative for processing for C:\Users\USUARIO\OneDrive\Documentos\02 Automatización\03 Pragma\pragma\pragma\target\site\serenity\5dc66e2877f7902fd4d4084dc1cc5fe67825ee3c2bff8a15944ee7f39ec50584.png
22:25:07.410 [AsyncHttpClient-1-1] DEBUG org.asynchttpclient.netty.channel.DefaultChannelPool -- Entry count for : http://localhost:26454 : 1
22:25:07.862 [main] INFO  -- &amp#27;[92m
  _____   ___   ___   _____     ___     _     ___   ___   ___   ___  
 |_   _| | __| / __| |_   _|   | _ \   /_\   / __| / __| | __| |   \ 
   | |   | _|  \__ \   | |     |  _/  / _ \  \__ \ \__ \ | _|  | |) |
   |_|   |___| |___/   |_|     |_|   /_/ \_\ |___/ |___/ |___| |___/ 

Eliminar un producto del carrito de compra
----------------------------------------------------------------------&amp#27;[0m
22:25:07.918 [main] DEBUG io.netty.util.internal.ThreadLocalRandom -- -Dio.netty.initialSeedUniquifier: 0x912f5a08e92ee478
22:25:07.921 [AsyncHttpClient-1-4] DEBUG org.asynchttpclient.netty.channel.NettyConnectListener -- Using new Channel '[id: 0x2ba031a0, L:/127.0.0.1:63390 - R:/127.0.0.1:48474]' for 'GET' to '/devtools/browser/ccb8c383-99be-4b92-a512-b741291b0bb3'
22:25:07.926 [AsyncHttpClient-1-4] DEBUG org.asynchttpclient.netty.handler.WebSocketHandler -- 

Request DefaultFullHttpRequest(decodeResult: success, version: HTTP/1.1, content: EmptyByteBufBE)
GET /devtools/browser/ccb8c383-99be-4b92-a512-b741291b0bb3 HTTP/1.1
upgrade: websocket
connection: upgrade
sec-websocket-key: xTHD8EuWtHjFJrHVmaPNGQ==
sec-websocket-version: 13
origin: http://127.0.0.1:48474
host: 127.0.0.1:48474
accept: */*
user-agent: AHC/2.1

Response DefaultHttpResponse(decodeResult: success, version: HTTP/1.1)
HTTP/1.1 101 Switching Protocols
Server: httpd.js
Upgrade: websocket
Connection: Upgrade
Sec-WebSocket-Accept: VF6LX7TJJOIYRRtKMLzrIro4Vas=
Content-Length: 0

22:25:07.949 [Driver Command Executor] DEBUG org.asynchttpclient.netty.request.NettyRequestSender -- Using pooled Channel '[id: 0x42511ba1, L:/127.0.0.1:63151 - R:localhost/127.0.0.1:26454]' for 'DELETE' to 'http://localhost:26454/session/e07c61e4-6c8c-40fa-bf02-54c105e74990'
22:25:07.949 [Driver Command Executor] DEBUG org.asynchttpclient.netty.request.NettyRequestSender -- Using open Channel [id: 0x42511ba1, L:/127.0.0.1:63151 - R:localhost/127.0.0.1:26454] for DELETE '/session/e07c61e4-6c8c-40fa-bf02-54c105e74990'
22:25:07.951 [AsyncHttpClient-1-4] DEBUG org.asynchttpclient.netty.handler.WebSocketHandler -- Channel Closed: [id: 0x2ba031a0, L:/127.0.0.1:63390 ! R:/127.0.0.1:48474] with attribute DISCARD
22:25:08.537 [AsyncHttpClient-1-2] DEBUG org.asynchttpclient.netty.handler.HttpHandler -- 

Request DefaultFullHttpRequest(decodeResult: success, version: HTTP/1.1, content: EmptyByteBufBE)
DELETE /session/e07c61e4-6c8c-40fa-bf02-54c105e74990 HTTP/1.1
User-Agent: selenium/4.12.0 (java windows)
Content-Type: application/json; charset=utf-8
host: localhost:26454
accept: */*

Response DefaultHttpResponse(decodeResult: success, version: HTTP/1.1)
HTTP/1.1 200 OK
content-type: application/json; charset=utf-8
cache-control: no-cache
content-length: 14
date: Sun, 28 Apr 2024 03:25:07 GMT

22:25:08.537 [AsyncHttpClient-1-2] DEBUG org.asynchttpclient.netty.channel.ChannelManager -- Adding key: http://localhost:26454 for channel [id: 0x42511ba1, L:/127.0.0.1:63151 - R:localhost/127.0.0.1:26454]
22:25:08.543 [AsyncHttpClient-1-2] DEBUG org.asynchttpclient.netty.handler.HttpHandler -- Unexpected I/O exception on channel [id: 0x42511ba1, L:/127.0.0.1:63151 - R:localhost/127.0.0.1:26454]
java.net.SocketException: Connection reset
	at java.base/sun.nio.ch.SocketChannelImpl.throwConnectionReset(SocketChannelImpl.java:403)
	at java.base/sun.nio.ch.SocketChannelImpl.implRead(SocketChannelImpl.java:435)
	at java.base/sun.nio.ch.SocketChannelImpl.read(SocketChannelImpl.java:493)
	at io.netty.buffer.PooledByteBuf.setBytes(PooledByteBuf.java:254)
	at io.netty.buffer.AbstractByteBuf.writeBytes(AbstractByteBuf.java:1132)
	at io.netty.channel.socket.nio.NioSocketChannel.doReadBytes(NioSocketChannel.java:357)
	at io.netty.channel.nio.AbstractNioByteChannel$NioByteUnsafe.read(AbstractNioByteChannel.java:151)
	at io.netty.channel.nio.NioEventLoop.processSelectedKey(NioEventLoop.java:788)
	at io.netty.channel.nio.NioEventLoop.processSelectedKeysOptimized(NioEventLoop.java:724)
	at io.netty.channel.nio.NioEventLoop.processSelectedKeys(NioEventLoop.java:650)
	at io.netty.channel.nio.NioEventLoop.run(NioEventLoop.java:562)
	at io.netty.util.concurrent.SingleThreadEventExecutor$4.run(SingleThreadEventExecutor.java:997)
	at io.netty.util.internal.ThreadExecutorMap$2.run(ThreadExecutorMap.java:74)
	at io.netty.util.concurrent.FastThreadLocalRunnable.run(FastThreadLocalRunnable.java:30)
	at java.base/java.lang.Thread.run(Thread.java:1570)
22:25:08.543 [AsyncHttpClient-1-2] DEBUG org.asynchttpclient.netty.channel.ChannelManager -- Closing Channel [id: 0x42511ba1, L:/127.0.0.1:63151 - R:localhost/127.0.0.1:26454] 
22:25:08.543 [AsyncHttpClient-1-2] DEBUG org.asynchttpclient.netty.handler.HttpHandler -- Channel Closed: [id: 0x42511ba1, L:/127.0.0.1:63151 ! R:localhost/127.0.0.1:26454] with attribute DISCARD
]]></system-out>
    <system-err><![CDATA[WARNING: A Java agent has been loaded dynamically (C:\Users\USUARIO\.m2\repository\net\bytebuddy\byte-buddy-agent\1.14.5\byte-buddy-agent-1.14.5.jar)
WARNING: If a serviceability tool is in use, please run with -XX:+EnableDynamicAgentLoading to hide this warning
WARNING: If a serviceability tool is not in use, please run with -Djdk.instrument.traceUsage for more information
WARNING: Dynamic loading of agents will be disallowed by default in a future release
abr 27, 2024 10:24:40 P. M. org.openqa.selenium.manager.SeleniumManager lambda$runCommand$1
INFO: Driver path: C:\Users\USUARIO\.cache\selenium\geckodriver\win64\0.34.0\geckodriver.exe
abr 27, 2024 10:24:40 P. M. org.openqa.selenium.manager.SeleniumManager lambda$runCommand$1
INFO: Browser path: C:\Program Files\Mozilla Firefox\firefox.exe
]]></system-err>
  </testcase>
  <testcase name="Eliminar un producto del carrito de compra #2" classname="Test eliminar producto al carrito de compra en el portal" time="49.927">
    <system-out><![CDATA[22:25:08.615 [main] DEBUG io.cucumber.core.plugin.SerenityReporter -- Running feature from file:///C:/Users/USUARIO/OneDrive/Documentos/02%20Automatización/03%20Pragma/pragma/pragma/src/test/resources/features/EliminarProductosCarrito.feature
22:25:08.639 [main] DEBUG net.thucydides.core.steps.StepInterceptor -- STARTING STEP: StepInterceptor.testContext - ingresarAlPortal
22:25:08.941 [AsyncHttpClient-1-5] DEBUG org.asynchttpclient.netty.channel.NettyConnectListener -- Using new Channel '[id: 0x03417c29, L:/127.0.0.1:63401 - R:localhost/127.0.0.1:18046]' for 'POST' to '/session'
22:25:09.623 [AsyncHttpClient-1-1] DEBUG org.asynchttpclient.netty.channel.DefaultChannelPool -- Entry count for : http://localhost:26454 : 1
22:25:09.623 [AsyncHttpClient-1-1] DEBUG org.asynchttpclient.netty.channel.DefaultChannelPool -- Adding Candidate expired Channel [id: 0x42511ba1, L:/127.0.0.1:63151 ! R:localhost/127.0.0.1:26454] isIdleTimeoutExpired=false isRemotelyClosed=true isTtlExpired=false
22:25:09.623 [AsyncHttpClient-1-1] DEBUG org.asynchttpclient.netty.channel.DefaultChannelPool -- Closing Idle Channel [id: 0x42511ba1, L:/127.0.0.1:63151 ! R:localhost/127.0.0.1:26454]
22:25:09.623 [AsyncHttpClient-1-1] DEBUG org.asynchttpclient.netty.channel.DefaultChannelPool -- Closed 1 connections out of 1 in 0 ms
22:25:10.169 [AsyncHttpClient-1-5] DEBUG org.asynchttpclient.netty.handler.HttpHandler -- 

Request DefaultHttpRequest(decodeResult: success, version: HTTP/1.1)
POST /session HTTP/1.1
User-Agent: selenium/4.12.0 (java windows)
Content-Length: 383
Content-Type: application/json; charset=utf-8
host: localhost:18046
accept: */*

Response DefaultHttpResponse(decodeResult: success, version: HTTP/1.1)
HTTP/1.1 200 OK
content-type: application/json; charset=utf-8
cache-control: no-cache
content-length: 843
date: Sun, 28 Apr 2024 03:25:08 GMT

22:25:10.173 [AsyncHttpClient-1-5] DEBUG org.asynchttpclient.netty.channel.ChannelManager -- Adding key: http://localhost:18046 for channel [id: 0x03417c29, L:/127.0.0.1:63401 - R:localhost/127.0.0.1:18046]
22:25:10.177 [AsyncHttpClient-1-6] DEBUG org.asynchttpclient.netty.channel.NettyConnectListener -- Using new Channel '[id: 0x072f1047, L:/127.0.0.1:63425 - R:/127.0.0.1:42251]' for 'GET' to '/json/version'
22:25:10.177 [AsyncHttpClient-1-6] DEBUG org.asynchttpclient.netty.handler.HttpHandler -- 

Request DefaultFullHttpRequest(decodeResult: success, version: HTTP/1.1, content: EmptyByteBufBE)
GET /json/version HTTP/1.1
User-Agent: selenium/4.12.0 (java windows)
host: 127.0.0.1:42251
accept: */*

Response DefaultHttpResponse(decodeResult: success, version: HTTP/1.1)
HTTP/1.1 200 OK
content-type: application/json
content-security-policy: frame-ancestors 'none'
connection: close
server: httpd.js
date: Sun, 28 Apr 2024 03:25:10 GMT

22:25:10.177 [AsyncHttpClient-1-6] DEBUG org.asynchttpclient.netty.channel.ChannelManager -- Closing Channel [id: 0x072f1047, L:/127.0.0.1:63425 ! R:/127.0.0.1:42251] 
22:25:10.177 [AsyncHttpClient-1-6] DEBUG org.asynchttpclient.netty.handler.HttpHandler -- Channel Closed: [id: 0x072f1047, L:/127.0.0.1:63425 ! R:/127.0.0.1:42251] with attribute DISCARD
22:25:10.182 [Forwarding setTimeout on session 6747135a-728e-429a-9b07-4c0821d22622 to remote] DEBUG org.asynchttpclient.netty.request.NettyRequestSender -- Using pooled Channel '[id: 0x03417c29, L:/127.0.0.1:63401 - R:localhost/127.0.0.1:18046]' for 'POST' to 'http://localhost:18046/session/6747135a-728e-429a-9b07-4c0821d22622/timeouts'
22:25:10.182 [Forwarding setTimeout on session 6747135a-728e-429a-9b07-4c0821d22622 to remote] DEBUG org.asynchttpclient.netty.request.NettyRequestSender -- Using open Channel [id: 0x03417c29, L:/127.0.0.1:63401 - R:localhost/127.0.0.1:18046] for POST '/session/6747135a-728e-429a-9b07-4c0821d22622/timeouts'
22:25:10.182 [AsyncHttpClient-1-5] DEBUG org.asynchttpclient.netty.handler.HttpHandler -- 

Request DefaultHttpRequest(decodeResult: success, version: HTTP/1.1)
POST /session/6747135a-728e-429a-9b07-4c0821d22622/timeouts HTTP/1.1
User-Agent: selenium/4.12.0 (java windows)
Content-Length: 22
Content-Type: application/json; charset=utf-8
host: localhost:18046
accept: */*

Response DefaultHttpResponse(decodeResult: success, version: HTTP/1.1)
HTTP/1.1 200 OK
content-type: application/json; charset=utf-8
cache-control: no-cache
content-length: 14
date: Sun, 28 Apr 2024 03:25:10 GMT

22:25:10.182 [AsyncHttpClient-1-5] DEBUG org.asynchttpclient.netty.channel.ChannelManager -- Adding key: http://localhost:18046 for channel [id: 0x03417c29, L:/127.0.0.1:63401 - R:localhost/127.0.0.1:18046]
22:25:10.182 [Forwarding maximizeCurrentWindow on session 6747135a-728e-429a-9b07-4c0821d22622 to remote] DEBUG org.asynchttpclient.netty.request.NettyRequestSender -- Using pooled Channel '[id: 0x03417c29, L:/127.0.0.1:63401 - R:localhost/127.0.0.1:18046]' for 'POST' to 'http://localhost:18046/session/6747135a-728e-429a-9b07-4c0821d22622/window/maximize'
22:25:10.182 [Forwarding maximizeCurrentWindow on session 6747135a-728e-429a-9b07-4c0821d22622 to remote] DEBUG org.asynchttpclient.netty.request.NettyRequestSender -- Using open Channel [id: 0x03417c29, L:/127.0.0.1:63401 - R:localhost/127.0.0.1:18046] for POST '/session/6747135a-728e-429a-9b07-4c0821d22622/window/maximize'
22:25:10.448 [AsyncHttpClient-1-5] DEBUG org.asynchttpclient.netty.handler.HttpHandler -- 

Request DefaultHttpRequest(decodeResult: success, version: HTTP/1.1)
POST /session/6747135a-728e-429a-9b07-4c0821d22622/window/maximize HTTP/1.1
User-Agent: selenium/4.12.0 (java windows)
Content-Length: 3
Content-Type: application/json; charset=utf-8
host: localhost:18046
accept: */*

Response DefaultHttpResponse(decodeResult: success, version: HTTP/1.1)
HTTP/1.1 200 OK
content-type: application/json; charset=utf-8
cache-control: no-cache
content-length: 51
date: Sun, 28 Apr 2024 03:25:10 GMT

22:25:10.449 [AsyncHttpClient-1-5] DEBUG org.asynchttpclient.netty.channel.ChannelManager -- Adding key: http://localhost:18046 for channel [id: 0x03417c29, L:/127.0.0.1:63401 - R:localhost/127.0.0.1:18046]
22:25:10.449 [Forwarding get on session 6747135a-728e-429a-9b07-4c0821d22622 to remote] DEBUG org.asynchttpclient.netty.request.NettyRequestSender -- Using pooled Channel '[id: 0x03417c29, L:/127.0.0.1:63401 - R:localhost/127.0.0.1:18046]' for 'POST' to 'http://localhost:18046/session/6747135a-728e-429a-9b07-4c0821d22622/url'
22:25:10.449 [Forwarding get on session 6747135a-728e-429a-9b07-4c0821d22622 to remote] DEBUG org.asynchttpclient.netty.request.NettyRequestSender -- Using open Channel [id: 0x03417c29, L:/127.0.0.1:63401 - R:localhost/127.0.0.1:18046] for POST '/session/6747135a-728e-429a-9b07-4c0821d22622/url'
22:25:11.258 [AsyncHttpClient-1-5] DEBUG org.asynchttpclient.netty.handler.HttpHandler -- 

Request DefaultHttpRequest(decodeResult: success, version: HTTP/1.1)
POST /session/6747135a-728e-429a-9b07-4c0821d22622/url HTTP/1.1
User-Agent: selenium/4.12.0 (java windows)
Content-Length: 56
Content-Type: application/json; charset=utf-8
host: localhost:18046
accept: */*

Response DefaultHttpResponse(decodeResult: success, version: HTTP/1.1)
HTTP/1.1 200 OK
content-type: application/json; charset=utf-8
cache-control: no-cache
content-length: 14
date: Sun, 28 Apr 2024 03:25:10 GMT

22:25:11.258 [AsyncHttpClient-1-5] DEBUG org.asynchttpclient.netty.channel.ChannelManager -- Adding key: http://localhost:18046 for channel [id: 0x03417c29, L:/127.0.0.1:63401 - R:localhost/127.0.0.1:18046]
22:25:11.262 [Forwarding setTimeout on session 6747135a-728e-429a-9b07-4c0821d22622 to remote] DEBUG org.asynchttpclient.netty.request.NettyRequestSender -- Using pooled Channel '[id: 0x03417c29, L:/127.0.0.1:63401 - R:localhost/127.0.0.1:18046]' for 'POST' to 'http://localhost:18046/session/6747135a-728e-429a-9b07-4c0821d22622/timeouts'
22:25:11.262 [Forwarding setTimeout on session 6747135a-728e-429a-9b07-4c0821d22622 to remote] DEBUG org.asynchttpclient.netty.request.NettyRequestSender -- Using open Channel [id: 0x03417c29, L:/127.0.0.1:63401 - R:localhost/127.0.0.1:18046] for POST '/session/6747135a-728e-429a-9b07-4c0821d22622/timeouts'
22:25:11.262 [AsyncHttpClient-1-5] DEBUG org.asynchttpclient.netty.handler.HttpHandler -- 

Request DefaultHttpRequest(decodeResult: success, version: HTTP/1.1)
POST /session/6747135a-728e-429a-9b07-4c0821d22622/timeouts HTTP/1.1
User-Agent: selenium/4.12.0 (java windows)
Content-Length: 22
Content-Type: application/json; charset=utf-8
host: localhost:18046
accept: */*

Response DefaultHttpResponse(decodeResult: success, version: HTTP/1.1)
HTTP/1.1 200 OK
content-type: application/json; charset=utf-8
cache-control: no-cache
content-length: 14
date: Sun, 28 Apr 2024 03:25:11 GMT

22:25:11.262 [AsyncHttpClient-1-5] DEBUG org.asynchttpclient.netty.channel.ChannelManager -- Adding key: http://localhost:18046 for channel [id: 0x03417c29, L:/127.0.0.1:63401 - R:localhost/127.0.0.1:18046]
22:25:11.270 [Forwarding getAlertText on session 6747135a-728e-429a-9b07-4c0821d22622 to remote] DEBUG org.asynchttpclient.netty.request.NettyRequestSender -- Using pooled Channel '[id: 0x03417c29, L:/127.0.0.1:63401 - R:localhost/127.0.0.1:18046]' for 'GET' to 'http://localhost:18046/session/6747135a-728e-429a-9b07-4c0821d22622/alert/text'
22:25:11.270 [Forwarding getAlertText on session 6747135a-728e-429a-9b07-4c0821d22622 to remote] DEBUG org.asynchttpclient.netty.request.NettyRequestSender -- Using open Channel [id: 0x03417c29, L:/127.0.0.1:63401 - R:localhost/127.0.0.1:18046] for GET '/session/6747135a-728e-429a-9b07-4c0821d22622/alert/text'
22:25:11.270 [AsyncHttpClient-1-5] DEBUG org.asynchttpclient.netty.handler.HttpHandler -- 

Request DefaultFullHttpRequest(decodeResult: success, version: HTTP/1.1, content: EmptyByteBufBE)
GET /session/6747135a-728e-429a-9b07-4c0821d22622/alert/text HTTP/1.1
Cache-Control: no-cache
User-Agent: selenium/4.12.0 (java windows)
Content-Type: application/json; charset=utf-8
host: localhost:18046
accept: */*

Response DefaultHttpResponse(decodeResult: success, version: HTTP/1.1)
HTTP/1.1 404 Not Found
content-type: application/json; charset=utf-8
cache-control: no-cache
content-length: 842
date: Sun, 28 Apr 2024 03:25:11 GMT

22:25:11.270 [AsyncHttpClient-1-5] DEBUG org.asynchttpclient.netty.channel.ChannelManager -- Adding key: http://localhost:18046 for channel [id: 0x03417c29, L:/127.0.0.1:63401 - R:localhost/127.0.0.1:18046]
22:25:11.775 [Forwarding getAlertText on session 6747135a-728e-429a-9b07-4c0821d22622 to remote] DEBUG org.asynchttpclient.netty.request.NettyRequestSender -- Using pooled Channel '[id: 0x03417c29, L:/127.0.0.1:63401 - R:localhost/127.0.0.1:18046]' for 'GET' to 'http://localhost:18046/session/6747135a-728e-429a-9b07-4c0821d22622/alert/text'
22:25:11.775 [Forwarding getAlertText on session 6747135a-728e-429a-9b07-4c0821d22622 to remote] DEBUG org.asynchttpclient.netty.request.NettyRequestSender -- Using open Channel [id: 0x03417c29, L:/127.0.0.1:63401 - R:localhost/127.0.0.1:18046] for GET '/session/6747135a-728e-429a-9b07-4c0821d22622/alert/text'
22:25:11.777 [AsyncHttpClient-1-5] DEBUG org.asynchttpclient.netty.handler.HttpHandler -- 

Request DefaultFullHttpRequest(decodeResult: success, version: HTTP/1.1, content: EmptyByteBufBE)
GET /session/6747135a-728e-429a-9b07-4c0821d22622/alert/text HTTP/1.1
Cache-Control: no-cache
User-Agent: selenium/4.12.0 (java windows)
Content-Type: application/json; charset=utf-8
host: localhost:18046
accept: */*

Response DefaultHttpResponse(decodeResult: success, version: HTTP/1.1)
HTTP/1.1 404 Not Found
content-type: application/json; charset=utf-8
cache-control: no-cache
content-length: 842
date: Sun, 28 Apr 2024 03:25:11 GMT

22:25:11.777 [AsyncHttpClient-1-5] DEBUG org.asynchttpclient.netty.channel.ChannelManager -- Adding key: http://localhost:18046 for channel [id: 0x03417c29, L:/127.0.0.1:63401 - R:localhost/127.0.0.1:18046]
22:25:11.778 [Forwarding getCurrentUrl on session 6747135a-728e-429a-9b07-4c0821d22622 to remote] DEBUG org.asynchttpclient.netty.request.NettyRequestSender -- Using pooled Channel '[id: 0x03417c29, L:/127.0.0.1:63401 - R:localhost/127.0.0.1:18046]' for 'GET' to 'http://localhost:18046/session/6747135a-728e-429a-9b07-4c0821d22622/url'
22:25:11.778 [Forwarding getCurrentUrl on session 6747135a-728e-429a-9b07-4c0821d22622 to remote] DEBUG org.asynchttpclient.netty.request.NettyRequestSender -- Using open Channel [id: 0x03417c29, L:/127.0.0.1:63401 - R:localhost/127.0.0.1:18046] for GET '/session/6747135a-728e-429a-9b07-4c0821d22622/url'
22:25:11.779 [AsyncHttpClient-1-5] DEBUG org.asynchttpclient.netty.handler.HttpHandler -- 

Request DefaultFullHttpRequest(decodeResult: success, version: HTTP/1.1, content: EmptyByteBufBE)
GET /session/6747135a-728e-429a-9b07-4c0821d22622/url HTTP/1.1
Cache-Control: no-cache
User-Agent: selenium/4.12.0 (java windows)
Content-Type: application/json; charset=utf-8
host: localhost:18046
accept: */*

Response DefaultHttpResponse(decodeResult: success, version: HTTP/1.1)
HTTP/1.1 200 OK
content-type: application/json; charset=utf-8
cache-control: no-cache
content-length: 38
date: Sun, 28 Apr 2024 03:25:11 GMT

22:25:11.779 [AsyncHttpClient-1-5] DEBUG org.asynchttpclient.netty.channel.ChannelManager -- Adding key: http://localhost:18046 for channel [id: 0x03417c29, L:/127.0.0.1:63401 - R:localhost/127.0.0.1:18046]
22:25:11.779 [Forwarding screenshot on session 6747135a-728e-429a-9b07-4c0821d22622 to remote] DEBUG org.asynchttpclient.netty.request.NettyRequestSender -- Using pooled Channel '[id: 0x03417c29, L:/127.0.0.1:63401 - R:localhost/127.0.0.1:18046]' for 'GET' to 'http://localhost:18046/session/6747135a-728e-429a-9b07-4c0821d22622/screenshot'
22:25:11.780 [Forwarding screenshot on session 6747135a-728e-429a-9b07-4c0821d22622 to remote] DEBUG org.asynchttpclient.netty.request.NettyRequestSender -- Using open Channel [id: 0x03417c29, L:/127.0.0.1:63401 - R:localhost/127.0.0.1:18046] for GET '/session/6747135a-728e-429a-9b07-4c0821d22622/screenshot'
22:25:11.837 [AsyncHttpClient-1-5] DEBUG org.asynchttpclient.netty.handler.HttpHandler -- 

Request DefaultFullHttpRequest(decodeResult: success, version: HTTP/1.1, content: EmptyByteBufBE)
GET /session/6747135a-728e-429a-9b07-4c0821d22622/screenshot HTTP/1.1
Cache-Control: no-cache
User-Agent: selenium/4.12.0 (java windows)
Content-Type: application/json; charset=utf-8
host: localhost:18046
accept: */*

Response DefaultHttpResponse(decodeResult: success, version: HTTP/1.1)
HTTP/1.1 200 OK
content-type: application/json; charset=utf-8
cache-control: no-cache
content-length: 504948
date: Sun, 28 Apr 2024 03:25:11 GMT

22:25:11.838 [AsyncHttpClient-1-5] DEBUG org.asynchttpclient.netty.channel.ChannelManager -- Adding key: http://localhost:18046 for channel [id: 0x03417c29, L:/127.0.0.1:63401 - R:localhost/127.0.0.1:18046]
22:25:11.844 [main] DEBUG net.serenitybdd.core.photography.Darkroom -- Send negative for processing for C:\Users\USUARIO\OneDrive\Documentos\02 Automatización\03 Pragma\pragma\pragma\target\site\serenity\4ee8a2605a1cdda36c2b7788194c259ded3d98d35a623d38fa3b86f65a89fac1.png
22:25:12.855 [main] DEBUG net.thucydides.core.steps.StepInterceptor -- STEP DONE: ingresarAlPortal
22:25:12.859 [Forwarding getAlertText on session 6747135a-728e-429a-9b07-4c0821d22622 to remote] DEBUG org.asynchttpclient.netty.request.NettyRequestSender -- Using pooled Channel '[id: 0x03417c29, L:/127.0.0.1:63401 - R:localhost/127.0.0.1:18046]' for 'GET' to 'http://localhost:18046/session/6747135a-728e-429a-9b07-4c0821d22622/alert/text'
22:25:12.859 [Forwarding getAlertText on session 6747135a-728e-429a-9b07-4c0821d22622 to remote] DEBUG org.asynchttpclient.netty.request.NettyRequestSender -- Using open Channel [id: 0x03417c29, L:/127.0.0.1:63401 - R:localhost/127.0.0.1:18046] for GET '/session/6747135a-728e-429a-9b07-4c0821d22622/alert/text'
22:25:12.863 [AsyncHttpClient-1-5] DEBUG org.asynchttpclient.netty.handler.HttpHandler -- 

Request DefaultFullHttpRequest(decodeResult: success, version: HTTP/1.1, content: EmptyByteBufBE)
GET /session/6747135a-728e-429a-9b07-4c0821d22622/alert/text HTTP/1.1
Cache-Control: no-cache
User-Agent: selenium/4.12.0 (java windows)
Content-Type: application/json; charset=utf-8
host: localhost:18046
accept: */*

Response DefaultHttpResponse(decodeResult: success, version: HTTP/1.1)
HTTP/1.1 404 Not Found
content-type: application/json; charset=utf-8
cache-control: no-cache
content-length: 842
date: Sun, 28 Apr 2024 03:25:12 GMT

22:25:12.863 [AsyncHttpClient-1-5] DEBUG org.asynchttpclient.netty.channel.ChannelManager -- Adding key: http://localhost:18046 for channel [id: 0x03417c29, L:/127.0.0.1:63401 - R:localhost/127.0.0.1:18046]
22:25:12.867 [Forwarding getCurrentUrl on session 6747135a-728e-429a-9b07-4c0821d22622 to remote] DEBUG org.asynchttpclient.netty.request.NettyRequestSender -- Using pooled Channel '[id: 0x03417c29, L:/127.0.0.1:63401 - R:localhost/127.0.0.1:18046]' for 'GET' to 'http://localhost:18046/session/6747135a-728e-429a-9b07-4c0821d22622/url'
22:25:12.867 [Forwarding getCurrentUrl on session 6747135a-728e-429a-9b07-4c0821d22622 to remote] DEBUG org.asynchttpclient.netty.request.NettyRequestSender -- Using open Channel [id: 0x03417c29, L:/127.0.0.1:63401 - R:localhost/127.0.0.1:18046] for GET '/session/6747135a-728e-429a-9b07-4c0821d22622/url'
22:25:12.868 [AsyncHttpClient-1-5] DEBUG org.asynchttpclient.netty.handler.HttpHandler -- 

Request DefaultFullHttpRequest(decodeResult: success, version: HTTP/1.1, content: EmptyByteBufBE)
GET /session/6747135a-728e-429a-9b07-4c0821d22622/url HTTP/1.1
Cache-Control: no-cache
User-Agent: selenium/4.12.0 (java windows)
Content-Type: application/json; charset=utf-8
host: localhost:18046
accept: */*

Response DefaultHttpResponse(decodeResult: success, version: HTTP/1.1)
HTTP/1.1 200 OK
content-type: application/json; charset=utf-8
cache-control: no-cache
content-length: 38
date: Sun, 28 Apr 2024 03:25:12 GMT

22:25:12.872 [AsyncHttpClient-1-5] DEBUG org.asynchttpclient.netty.channel.ChannelManager -- Adding key: http://localhost:18046 for channel [id: 0x03417c29, L:/127.0.0.1:63401 - R:localhost/127.0.0.1:18046]
22:25:12.872 [Forwarding screenshot on session 6747135a-728e-429a-9b07-4c0821d22622 to remote] DEBUG org.asynchttpclient.netty.request.NettyRequestSender -- Using pooled Channel '[id: 0x03417c29, L:/127.0.0.1:63401 - R:localhost/127.0.0.1:18046]' for 'GET' to 'http://localhost:18046/session/6747135a-728e-429a-9b07-4c0821d22622/screenshot'
22:25:12.872 [Forwarding screenshot on session 6747135a-728e-429a-9b07-4c0821d22622 to remote] DEBUG org.asynchttpclient.netty.request.NettyRequestSender -- Using open Channel [id: 0x03417c29, L:/127.0.0.1:63401 - R:localhost/127.0.0.1:18046] for GET '/session/6747135a-728e-429a-9b07-4c0821d22622/screenshot'
22:25:12.939 [AsyncHttpClient-1-5] DEBUG org.asynchttpclient.netty.handler.HttpHandler -- 

Request DefaultFullHttpRequest(decodeResult: success, version: HTTP/1.1, content: EmptyByteBufBE)
GET /session/6747135a-728e-429a-9b07-4c0821d22622/screenshot HTTP/1.1
Cache-Control: no-cache
User-Agent: selenium/4.12.0 (java windows)
Content-Type: application/json; charset=utf-8
host: localhost:18046
accept: */*

Response DefaultHttpResponse(decodeResult: success, version: HTTP/1.1)
HTTP/1.1 200 OK
content-type: application/json; charset=utf-8
cache-control: no-cache
content-length: 800340
date: Sun, 28 Apr 2024 03:25:12 GMT

22:25:12.939 [AsyncHttpClient-1-5] DEBUG org.asynchttpclient.netty.channel.ChannelManager -- Adding key: http://localhost:18046 for channel [id: 0x03417c29, L:/127.0.0.1:63401 - R:localhost/127.0.0.1:18046]
22:25:12.956 [main] DEBUG net.serenitybdd.core.photography.Darkroom -- Send negative for processing for C:\Users\USUARIO\OneDrive\Documentos\02 Automatización\03 Pragma\pragma\pragma\target\site\serenity\c6d2d59253a3c52d8b8db4ad723f6da73641757028d146bd6c52f7f99c9aebe9.png
22:25:14.009 [AsyncHttpClient-1-1] DEBUG org.asynchttpclient.netty.channel.DefaultChannelPool -- Entry count for : http://localhost:18046 : 1
22:25:14.014 [main] DEBUG net.thucydides.core.steps.StepInterceptor -- STARTING STEP: StepInterceptor.testContext - ingresoACategoria
22:25:14.014 [Forwarding findElement on session 6747135a-728e-429a-9b07-4c0821d22622 to remote] DEBUG org.asynchttpclient.netty.request.NettyRequestSender -- Using pooled Channel '[id: 0x03417c29, L:/127.0.0.1:63401 - R:localhost/127.0.0.1:18046]' for 'POST' to 'http://localhost:18046/session/6747135a-728e-429a-9b07-4c0821d22622/element'
22:25:14.014 [Forwarding findElement on session 6747135a-728e-429a-9b07-4c0821d22622 to remote] DEBUG org.asynchttpclient.netty.request.NettyRequestSender -- Using open Channel [id: 0x03417c29, L:/127.0.0.1:63401 - R:localhost/127.0.0.1:18046] for POST '/session/6747135a-728e-429a-9b07-4c0821d22622/element'
22:25:14.022 [AsyncHttpClient-1-5] DEBUG org.asynchttpclient.netty.handler.HttpHandler -- 

Request DefaultHttpRequest(decodeResult: success, version: HTTP/1.1)
POST /session/6747135a-728e-429a-9b07-4c0821d22622/element HTTP/1.1
User-Agent: selenium/4.12.0 (java windows)
Content-Length: 77
Content-Type: application/json; charset=utf-8
host: localhost:18046
accept: */*

Response DefaultHttpResponse(decodeResult: success, version: HTTP/1.1)
HTTP/1.1 200 OK
content-type: application/json; charset=utf-8
cache-control: no-cache
content-length: 88
date: Sun, 28 Apr 2024 03:25:14 GMT

22:25:14.022 [AsyncHttpClient-1-5] DEBUG org.asynchttpclient.netty.channel.ChannelManager -- Adding key: http://localhost:18046 for channel [id: 0x03417c29, L:/127.0.0.1:63401 - R:localhost/127.0.0.1:18046]
22:25:14.023 [Forwarding getElementTagName on session 6747135a-728e-429a-9b07-4c0821d22622 to remote] DEBUG org.asynchttpclient.netty.request.NettyRequestSender -- Using pooled Channel '[id: 0x03417c29, L:/127.0.0.1:63401 - R:localhost/127.0.0.1:18046]' for 'GET' to 'http://localhost:18046/session/6747135a-728e-429a-9b07-4c0821d22622/element/1ec50544-145d-484a-b5aa-aadf3091fbca/name'
22:25:14.023 [Forwarding getElementTagName on session 6747135a-728e-429a-9b07-4c0821d22622 to remote] DEBUG org.asynchttpclient.netty.request.NettyRequestSender -- Using open Channel [id: 0x03417c29, L:/127.0.0.1:63401 - R:localhost/127.0.0.1:18046] for GET '/session/6747135a-728e-429a-9b07-4c0821d22622/element/1ec50544-145d-484a-b5aa-aadf3091fbca/name'
22:25:14.023 [AsyncHttpClient-1-5] DEBUG org.asynchttpclient.netty.handler.HttpHandler -- 

Request DefaultFullHttpRequest(decodeResult: success, version: HTTP/1.1, content: EmptyByteBufBE)
GET /session/6747135a-728e-429a-9b07-4c0821d22622/element/1ec50544-145d-484a-b5aa-aadf3091fbca/name HTTP/1.1
Cache-Control: no-cache
User-Agent: selenium/4.12.0 (java windows)
Content-Type: application/json; charset=utf-8
host: localhost:18046
accept: */*

Response DefaultHttpResponse(decodeResult: success, version: HTTP/1.1)
HTTP/1.1 200 OK
content-type: application/json; charset=utf-8
cache-control: no-cache
content-length: 13
date: Sun, 28 Apr 2024 03:25:14 GMT

22:25:14.023 [AsyncHttpClient-1-5] DEBUG org.asynchttpclient.netty.channel.ChannelManager -- Adding key: http://localhost:18046 for channel [id: 0x03417c29, L:/127.0.0.1:63401 - R:localhost/127.0.0.1:18046]
22:25:14.026 [Forwarding getElementTagName on session 6747135a-728e-429a-9b07-4c0821d22622 to remote] DEBUG org.asynchttpclient.netty.request.NettyRequestSender -- Using pooled Channel '[id: 0x03417c29, L:/127.0.0.1:63401 - R:localhost/127.0.0.1:18046]' for 'GET' to 'http://localhost:18046/session/6747135a-728e-429a-9b07-4c0821d22622/element/1ec50544-145d-484a-b5aa-aadf3091fbca/name'
22:25:14.026 [Forwarding getElementTagName on session 6747135a-728e-429a-9b07-4c0821d22622 to remote] DEBUG org.asynchttpclient.netty.request.NettyRequestSender -- Using open Channel [id: 0x03417c29, L:/127.0.0.1:63401 - R:localhost/127.0.0.1:18046] for GET '/session/6747135a-728e-429a-9b07-4c0821d22622/element/1ec50544-145d-484a-b5aa-aadf3091fbca/name'
22:25:14.028 [AsyncHttpClient-1-5] DEBUG org.asynchttpclient.netty.handler.HttpHandler -- 

Request DefaultFullHttpRequest(decodeResult: success, version: HTTP/1.1, content: EmptyByteBufBE)
GET /session/6747135a-728e-429a-9b07-4c0821d22622/element/1ec50544-145d-484a-b5aa-aadf3091fbca/name HTTP/1.1
Cache-Control: no-cache
User-Agent: selenium/4.12.0 (java windows)
Content-Type: application/json; charset=utf-8
host: localhost:18046
accept: */*

Response DefaultHttpResponse(decodeResult: success, version: HTTP/1.1)
HTTP/1.1 200 OK
content-type: application/json; charset=utf-8
cache-control: no-cache
content-length: 13
date: Sun, 28 Apr 2024 03:25:14 GMT

22:25:14.028 [AsyncHttpClient-1-5] DEBUG org.asynchttpclient.netty.channel.ChannelManager -- Adding key: http://localhost:18046 for channel [id: 0x03417c29, L:/127.0.0.1:63401 - R:localhost/127.0.0.1:18046]
22:25:14.028 [Forwarding findElement on session 6747135a-728e-429a-9b07-4c0821d22622 to remote] DEBUG org.asynchttpclient.netty.request.NettyRequestSender -- Using pooled Channel '[id: 0x03417c29, L:/127.0.0.1:63401 - R:localhost/127.0.0.1:18046]' for 'POST' to 'http://localhost:18046/session/6747135a-728e-429a-9b07-4c0821d22622/element'
22:25:14.028 [Forwarding findElement on session 6747135a-728e-429a-9b07-4c0821d22622 to remote] DEBUG org.asynchttpclient.netty.request.NettyRequestSender -- Using open Channel [id: 0x03417c29, L:/127.0.0.1:63401 - R:localhost/127.0.0.1:18046] for POST '/session/6747135a-728e-429a-9b07-4c0821d22622/element'
22:25:14.030 [AsyncHttpClient-1-5] DEBUG org.asynchttpclient.netty.handler.HttpHandler -- 

Request DefaultHttpRequest(decodeResult: success, version: HTTP/1.1)
POST /session/6747135a-728e-429a-9b07-4c0821d22622/element HTTP/1.1
User-Agent: selenium/4.12.0 (java windows)
Content-Length: 77
Content-Type: application/json; charset=utf-8
host: localhost:18046
accept: */*

Response DefaultHttpResponse(decodeResult: success, version: HTTP/1.1)
HTTP/1.1 200 OK
content-type: application/json; charset=utf-8
cache-control: no-cache
content-length: 88
date: Sun, 28 Apr 2024 03:25:14 GMT

22:25:14.030 [AsyncHttpClient-1-5] DEBUG org.asynchttpclient.netty.channel.ChannelManager -- Adding key: http://localhost:18046 for channel [id: 0x03417c29, L:/127.0.0.1:63401 - R:localhost/127.0.0.1:18046]
22:25:14.030 [Forwarding clickElement on session 6747135a-728e-429a-9b07-4c0821d22622 to remote] DEBUG org.asynchttpclient.netty.request.NettyRequestSender -- Using pooled Channel '[id: 0x03417c29, L:/127.0.0.1:63401 - R:localhost/127.0.0.1:18046]' for 'POST' to 'http://localhost:18046/session/6747135a-728e-429a-9b07-4c0821d22622/element/1ec50544-145d-484a-b5aa-aadf3091fbca/click'
22:25:14.030 [Forwarding clickElement on session 6747135a-728e-429a-9b07-4c0821d22622 to remote] DEBUG org.asynchttpclient.netty.request.NettyRequestSender -- Using open Channel [id: 0x03417c29, L:/127.0.0.1:63401 - R:localhost/127.0.0.1:18046] for POST '/session/6747135a-728e-429a-9b07-4c0821d22622/element/1ec50544-145d-484a-b5aa-aadf3091fbca/click'
22:25:14.050 [AsyncHttpClient-1-5] DEBUG org.asynchttpclient.netty.handler.HttpHandler -- 

Request DefaultHttpRequest(decodeResult: success, version: HTTP/1.1)
POST /session/6747135a-728e-429a-9b07-4c0821d22622/element/1ec50544-145d-484a-b5aa-aadf3091fbca/click HTTP/1.1
User-Agent: selenium/4.12.0 (java windows)
Content-Length: 50
Content-Type: application/json; charset=utf-8
host: localhost:18046
accept: */*

Response DefaultHttpResponse(decodeResult: success, version: HTTP/1.1)
HTTP/1.1 200 OK
content-type: application/json; charset=utf-8
cache-control: no-cache
content-length: 14
date: Sun, 28 Apr 2024 03:25:14 GMT

22:25:14.050 [AsyncHttpClient-1-5] DEBUG org.asynchttpclient.netty.channel.ChannelManager -- Adding key: http://localhost:18046 for channel [id: 0x03417c29, L:/127.0.0.1:63401 - R:localhost/127.0.0.1:18046]
22:25:14.050 [Forwarding getAlertText on session 6747135a-728e-429a-9b07-4c0821d22622 to remote] DEBUG org.asynchttpclient.netty.request.NettyRequestSender -- Using pooled Channel '[id: 0x03417c29, L:/127.0.0.1:63401 - R:localhost/127.0.0.1:18046]' for 'GET' to 'http://localhost:18046/session/6747135a-728e-429a-9b07-4c0821d22622/alert/text'
22:25:14.050 [Forwarding getAlertText on session 6747135a-728e-429a-9b07-4c0821d22622 to remote] DEBUG org.asynchttpclient.netty.request.NettyRequestSender -- Using open Channel [id: 0x03417c29, L:/127.0.0.1:63401 - R:localhost/127.0.0.1:18046] for GET '/session/6747135a-728e-429a-9b07-4c0821d22622/alert/text'
22:25:14.054 [AsyncHttpClient-1-5] DEBUG org.asynchttpclient.netty.handler.HttpHandler -- 

Request DefaultFullHttpRequest(decodeResult: success, version: HTTP/1.1, content: EmptyByteBufBE)
GET /session/6747135a-728e-429a-9b07-4c0821d22622/alert/text HTTP/1.1
Cache-Control: no-cache
User-Agent: selenium/4.12.0 (java windows)
Content-Type: application/json; charset=utf-8
host: localhost:18046
accept: */*

Response DefaultHttpResponse(decodeResult: success, version: HTTP/1.1)
HTTP/1.1 404 Not Found
content-type: application/json; charset=utf-8
cache-control: no-cache
content-length: 842
date: Sun, 28 Apr 2024 03:25:14 GMT

22:25:14.054 [AsyncHttpClient-1-5] DEBUG org.asynchttpclient.netty.channel.ChannelManager -- Adding key: http://localhost:18046 for channel [id: 0x03417c29, L:/127.0.0.1:63401 - R:localhost/127.0.0.1:18046]
22:25:14.055 [Forwarding getCurrentUrl on session 6747135a-728e-429a-9b07-4c0821d22622 to remote] DEBUG org.asynchttpclient.netty.request.NettyRequestSender -- Using pooled Channel '[id: 0x03417c29, L:/127.0.0.1:63401 - R:localhost/127.0.0.1:18046]' for 'GET' to 'http://localhost:18046/session/6747135a-728e-429a-9b07-4c0821d22622/url'
22:25:14.055 [Forwarding getCurrentUrl on session 6747135a-728e-429a-9b07-4c0821d22622 to remote] DEBUG org.asynchttpclient.netty.request.NettyRequestSender -- Using open Channel [id: 0x03417c29, L:/127.0.0.1:63401 - R:localhost/127.0.0.1:18046] for GET '/session/6747135a-728e-429a-9b07-4c0821d22622/url'
22:25:14.055 [AsyncHttpClient-1-5] DEBUG org.asynchttpclient.netty.handler.HttpHandler -- 

Request DefaultFullHttpRequest(decodeResult: success, version: HTTP/1.1, content: EmptyByteBufBE)
GET /session/6747135a-728e-429a-9b07-4c0821d22622/url HTTP/1.1
Cache-Control: no-cache
User-Agent: selenium/4.12.0 (java windows)
Content-Type: application/json; charset=utf-8
host: localhost:18046
accept: */*

Response DefaultHttpResponse(decodeResult: success, version: HTTP/1.1)
HTTP/1.1 200 OK
content-type: application/json; charset=utf-8
cache-control: no-cache
content-length: 39
date: Sun, 28 Apr 2024 03:25:14 GMT

22:25:14.055 [AsyncHttpClient-1-5] DEBUG org.asynchttpclient.netty.channel.ChannelManager -- Adding key: http://localhost:18046 for channel [id: 0x03417c29, L:/127.0.0.1:63401 - R:localhost/127.0.0.1:18046]
22:25:14.055 [Forwarding screenshot on session 6747135a-728e-429a-9b07-4c0821d22622 to remote] DEBUG org.asynchttpclient.netty.request.NettyRequestSender -- Using pooled Channel '[id: 0x03417c29, L:/127.0.0.1:63401 - R:localhost/127.0.0.1:18046]' for 'GET' to 'http://localhost:18046/session/6747135a-728e-429a-9b07-4c0821d22622/screenshot'
22:25:14.055 [Forwarding screenshot on session 6747135a-728e-429a-9b07-4c0821d22622 to remote] DEBUG org.asynchttpclient.netty.request.NettyRequestSender -- Using open Channel [id: 0x03417c29, L:/127.0.0.1:63401 - R:localhost/127.0.0.1:18046] for GET '/session/6747135a-728e-429a-9b07-4c0821d22622/screenshot'
22:25:14.122 [AsyncHttpClient-1-5] DEBUG org.asynchttpclient.netty.handler.HttpHandler -- 

Request DefaultFullHttpRequest(decodeResult: success, version: HTTP/1.1, content: EmptyByteBufBE)
GET /session/6747135a-728e-429a-9b07-4c0821d22622/screenshot HTTP/1.1
Cache-Control: no-cache
User-Agent: selenium/4.12.0 (java windows)
Content-Type: application/json; charset=utf-8
host: localhost:18046
accept: */*

Response DefaultHttpResponse(decodeResult: success, version: HTTP/1.1)
HTTP/1.1 200 OK
content-type: application/json; charset=utf-8
cache-control: no-cache
content-length: 800340
date: Sun, 28 Apr 2024 03:25:14 GMT

22:25:14.126 [AsyncHttpClient-1-5] DEBUG org.asynchttpclient.netty.channel.ChannelManager -- Adding key: http://localhost:18046 for channel [id: 0x03417c29, L:/127.0.0.1:63401 - R:localhost/127.0.0.1:18046]
22:25:14.131 [main] DEBUG net.serenitybdd.core.photography.Darkroom -- Send negative for processing for C:\Users\USUARIO\OneDrive\Documentos\02 Automatización\03 Pragma\pragma\pragma\target\site\serenity\c6d2d59253a3c52d8b8db4ad723f6da73641757028d146bd6c52f7f99c9aebe9.png
22:25:15.118 [AsyncHttpClient-1-1] DEBUG org.asynchttpclient.netty.channel.DefaultChannelPool -- Entry count for : http://localhost:18046 : 1
22:25:15.147 [main] DEBUG net.thucydides.core.steps.StepInterceptor -- STEP DONE: ingresoACategoria
22:25:15.155 [Forwarding getAlertText on session 6747135a-728e-429a-9b07-4c0821d22622 to remote] DEBUG org.asynchttpclient.netty.request.NettyRequestSender -- Using pooled Channel '[id: 0x03417c29, L:/127.0.0.1:63401 - R:localhost/127.0.0.1:18046]' for 'GET' to 'http://localhost:18046/session/6747135a-728e-429a-9b07-4c0821d22622/alert/text'
22:25:15.155 [Forwarding getAlertText on session 6747135a-728e-429a-9b07-4c0821d22622 to remote] DEBUG org.asynchttpclient.netty.request.NettyRequestSender -- Using open Channel [id: 0x03417c29, L:/127.0.0.1:63401 - R:localhost/127.0.0.1:18046] for GET '/session/6747135a-728e-429a-9b07-4c0821d22622/alert/text'
22:25:15.158 [AsyncHttpClient-1-5] DEBUG org.asynchttpclient.netty.handler.HttpHandler -- 

Request DefaultFullHttpRequest(decodeResult: success, version: HTTP/1.1, content: EmptyByteBufBE)
GET /session/6747135a-728e-429a-9b07-4c0821d22622/alert/text HTTP/1.1
Cache-Control: no-cache
User-Agent: selenium/4.12.0 (java windows)
Content-Type: application/json; charset=utf-8
host: localhost:18046
accept: */*

Response DefaultHttpResponse(decodeResult: success, version: HTTP/1.1)
HTTP/1.1 404 Not Found
content-type: application/json; charset=utf-8
cache-control: no-cache
content-length: 842
date: Sun, 28 Apr 2024 03:25:15 GMT

22:25:15.158 [AsyncHttpClient-1-5] DEBUG org.asynchttpclient.netty.channel.ChannelManager -- Adding key: http://localhost:18046 for channel [id: 0x03417c29, L:/127.0.0.1:63401 - R:localhost/127.0.0.1:18046]
22:25:15.164 [Forwarding getCurrentUrl on session 6747135a-728e-429a-9b07-4c0821d22622 to remote] DEBUG org.asynchttpclient.netty.request.NettyRequestSender -- Using pooled Channel '[id: 0x03417c29, L:/127.0.0.1:63401 - R:localhost/127.0.0.1:18046]' for 'GET' to 'http://localhost:18046/session/6747135a-728e-429a-9b07-4c0821d22622/url'
22:25:15.164 [Forwarding getCurrentUrl on session 6747135a-728e-429a-9b07-4c0821d22622 to remote] DEBUG org.asynchttpclient.netty.request.NettyRequestSender -- Using open Channel [id: 0x03417c29, L:/127.0.0.1:63401 - R:localhost/127.0.0.1:18046] for GET '/session/6747135a-728e-429a-9b07-4c0821d22622/url'
22:25:15.165 [AsyncHttpClient-1-5] DEBUG org.asynchttpclient.netty.handler.HttpHandler -- 

Request DefaultFullHttpRequest(decodeResult: success, version: HTTP/1.1, content: EmptyByteBufBE)
GET /session/6747135a-728e-429a-9b07-4c0821d22622/url HTTP/1.1
Cache-Control: no-cache
User-Agent: selenium/4.12.0 (java windows)
Content-Type: application/json; charset=utf-8
host: localhost:18046
accept: */*

Response DefaultHttpResponse(decodeResult: success, version: HTTP/1.1)
HTTP/1.1 200 OK
content-type: application/json; charset=utf-8
cache-control: no-cache
content-length: 39
date: Sun, 28 Apr 2024 03:25:15 GMT

22:25:15.165 [AsyncHttpClient-1-5] DEBUG org.asynchttpclient.netty.channel.ChannelManager -- Adding key: http://localhost:18046 for channel [id: 0x03417c29, L:/127.0.0.1:63401 - R:localhost/127.0.0.1:18046]
22:25:15.165 [Forwarding screenshot on session 6747135a-728e-429a-9b07-4c0821d22622 to remote] DEBUG org.asynchttpclient.netty.request.NettyRequestSender -- Using pooled Channel '[id: 0x03417c29, L:/127.0.0.1:63401 - R:localhost/127.0.0.1:18046]' for 'GET' to 'http://localhost:18046/session/6747135a-728e-429a-9b07-4c0821d22622/screenshot'
22:25:15.165 [Forwarding screenshot on session 6747135a-728e-429a-9b07-4c0821d22622 to remote] DEBUG org.asynchttpclient.netty.request.NettyRequestSender -- Using open Channel [id: 0x03417c29, L:/127.0.0.1:63401 - R:localhost/127.0.0.1:18046] for GET '/session/6747135a-728e-429a-9b07-4c0821d22622/screenshot'
22:25:15.230 [AsyncHttpClient-1-5] DEBUG org.asynchttpclient.netty.handler.HttpHandler -- 

Request DefaultFullHttpRequest(decodeResult: success, version: HTTP/1.1, content: EmptyByteBufBE)
GET /session/6747135a-728e-429a-9b07-4c0821d22622/screenshot HTTP/1.1
Cache-Control: no-cache
User-Agent: selenium/4.12.0 (java windows)
Content-Type: application/json; charset=utf-8
host: localhost:18046
accept: */*

Response DefaultHttpResponse(decodeResult: success, version: HTTP/1.1)
HTTP/1.1 200 OK
content-type: application/json; charset=utf-8
cache-control: no-cache
content-length: 800340
date: Sun, 28 Apr 2024 03:25:15 GMT

22:25:15.234 [AsyncHttpClient-1-5] DEBUG org.asynchttpclient.netty.channel.ChannelManager -- Adding key: http://localhost:18046 for channel [id: 0x03417c29, L:/127.0.0.1:63401 - R:localhost/127.0.0.1:18046]
22:25:15.242 [main] DEBUG net.serenitybdd.core.photography.Darkroom -- Send negative for processing for C:\Users\USUARIO\OneDrive\Documentos\02 Automatización\03 Pragma\pragma\pragma\target\site\serenity\c6d2d59253a3c52d8b8db4ad723f6da73641757028d146bd6c52f7f99c9aebe9.png
22:25:16.210 [AsyncHttpClient-1-1] DEBUG org.asynchttpclient.netty.channel.DefaultChannelPool -- Entry count for : http://localhost:18046 : 1
22:25:16.261 [main] DEBUG net.thucydides.core.steps.StepInterceptor -- STARTING STEP: StepInterceptor.testContext - ingresoAlProducto
22:25:16.265 [Forwarding findElement on session 6747135a-728e-429a-9b07-4c0821d22622 to remote] DEBUG org.asynchttpclient.netty.request.NettyRequestSender -- Using pooled Channel '[id: 0x03417c29, L:/127.0.0.1:63401 - R:localhost/127.0.0.1:18046]' for 'POST' to 'http://localhost:18046/session/6747135a-728e-429a-9b07-4c0821d22622/element'
22:25:16.265 [Forwarding findElement on session 6747135a-728e-429a-9b07-4c0821d22622 to remote] DEBUG org.asynchttpclient.netty.request.NettyRequestSender -- Using open Channel [id: 0x03417c29, L:/127.0.0.1:63401 - R:localhost/127.0.0.1:18046] for POST '/session/6747135a-728e-429a-9b07-4c0821d22622/element'
22:25:16.266 [AsyncHttpClient-1-5] DEBUG org.asynchttpclient.netty.handler.HttpHandler -- 

Request DefaultHttpRequest(decodeResult: success, version: HTTP/1.1)
POST /session/6747135a-728e-429a-9b07-4c0821d22622/element HTTP/1.1
User-Agent: selenium/4.12.0 (java windows)
Content-Length: 78
Content-Type: application/json; charset=utf-8
host: localhost:18046
accept: */*

Response DefaultHttpResponse(decodeResult: success, version: HTTP/1.1)
HTTP/1.1 200 OK
content-type: application/json; charset=utf-8
cache-control: no-cache
content-length: 88
date: Sun, 28 Apr 2024 03:25:16 GMT

22:25:16.266 [AsyncHttpClient-1-5] DEBUG org.asynchttpclient.netty.channel.ChannelManager -- Adding key: http://localhost:18046 for channel [id: 0x03417c29, L:/127.0.0.1:63401 - R:localhost/127.0.0.1:18046]
22:25:16.269 [Forwarding getElementTagName on session 6747135a-728e-429a-9b07-4c0821d22622 to remote] DEBUG org.asynchttpclient.netty.request.NettyRequestSender -- Using pooled Channel '[id: 0x03417c29, L:/127.0.0.1:63401 - R:localhost/127.0.0.1:18046]' for 'GET' to 'http://localhost:18046/session/6747135a-728e-429a-9b07-4c0821d22622/element/2a2b0753-12fe-49a3-b188-52c42694311a/name'
22:25:16.269 [Forwarding getElementTagName on session 6747135a-728e-429a-9b07-4c0821d22622 to remote] DEBUG org.asynchttpclient.netty.request.NettyRequestSender -- Using open Channel [id: 0x03417c29, L:/127.0.0.1:63401 - R:localhost/127.0.0.1:18046] for GET '/session/6747135a-728e-429a-9b07-4c0821d22622/element/2a2b0753-12fe-49a3-b188-52c42694311a/name'
22:25:16.269 [AsyncHttpClient-1-5] DEBUG org.asynchttpclient.netty.handler.HttpHandler -- 

Request DefaultFullHttpRequest(decodeResult: success, version: HTTP/1.1, content: EmptyByteBufBE)
GET /session/6747135a-728e-429a-9b07-4c0821d22622/element/2a2b0753-12fe-49a3-b188-52c42694311a/name HTTP/1.1
Cache-Control: no-cache
User-Agent: selenium/4.12.0 (java windows)
Content-Type: application/json; charset=utf-8
host: localhost:18046
accept: */*

Response DefaultHttpResponse(decodeResult: success, version: HTTP/1.1)
HTTP/1.1 200 OK
content-type: application/json; charset=utf-8
cache-control: no-cache
content-length: 13
date: Sun, 28 Apr 2024 03:25:16 GMT

22:25:16.269 [AsyncHttpClient-1-5] DEBUG org.asynchttpclient.netty.channel.ChannelManager -- Adding key: http://localhost:18046 for channel [id: 0x03417c29, L:/127.0.0.1:63401 - R:localhost/127.0.0.1:18046]
22:25:16.271 [Forwarding getElementTagName on session 6747135a-728e-429a-9b07-4c0821d22622 to remote] DEBUG org.asynchttpclient.netty.request.NettyRequestSender -- Using pooled Channel '[id: 0x03417c29, L:/127.0.0.1:63401 - R:localhost/127.0.0.1:18046]' for 'GET' to 'http://localhost:18046/session/6747135a-728e-429a-9b07-4c0821d22622/element/2a2b0753-12fe-49a3-b188-52c42694311a/name'
22:25:16.271 [Forwarding getElementTagName on session 6747135a-728e-429a-9b07-4c0821d22622 to remote] DEBUG org.asynchttpclient.netty.request.NettyRequestSender -- Using open Channel [id: 0x03417c29, L:/127.0.0.1:63401 - R:localhost/127.0.0.1:18046] for GET '/session/6747135a-728e-429a-9b07-4c0821d22622/element/2a2b0753-12fe-49a3-b188-52c42694311a/name'
22:25:16.273 [AsyncHttpClient-1-5] DEBUG org.asynchttpclient.netty.handler.HttpHandler -- 

Request DefaultFullHttpRequest(decodeResult: success, version: HTTP/1.1, content: EmptyByteBufBE)
GET /session/6747135a-728e-429a-9b07-4c0821d22622/element/2a2b0753-12fe-49a3-b188-52c42694311a/name HTTP/1.1
Cache-Control: no-cache
User-Agent: selenium/4.12.0 (java windows)
Content-Type: application/json; charset=utf-8
host: localhost:18046
accept: */*

Response DefaultHttpResponse(decodeResult: success, version: HTTP/1.1)
HTTP/1.1 200 OK
content-type: application/json; charset=utf-8
cache-control: no-cache
content-length: 13
date: Sun, 28 Apr 2024 03:25:16 GMT

22:25:16.273 [AsyncHttpClient-1-5] DEBUG org.asynchttpclient.netty.channel.ChannelManager -- Adding key: http://localhost:18046 for channel [id: 0x03417c29, L:/127.0.0.1:63401 - R:localhost/127.0.0.1:18046]
22:25:16.273 [Forwarding findElement on session 6747135a-728e-429a-9b07-4c0821d22622 to remote] DEBUG org.asynchttpclient.netty.request.NettyRequestSender -- Using pooled Channel '[id: 0x03417c29, L:/127.0.0.1:63401 - R:localhost/127.0.0.1:18046]' for 'POST' to 'http://localhost:18046/session/6747135a-728e-429a-9b07-4c0821d22622/element'
22:25:16.273 [Forwarding findElement on session 6747135a-728e-429a-9b07-4c0821d22622 to remote] DEBUG org.asynchttpclient.netty.request.NettyRequestSender -- Using open Channel [id: 0x03417c29, L:/127.0.0.1:63401 - R:localhost/127.0.0.1:18046] for POST '/session/6747135a-728e-429a-9b07-4c0821d22622/element'
22:25:16.275 [AsyncHttpClient-1-5] DEBUG org.asynchttpclient.netty.handler.HttpHandler -- 

Request DefaultHttpRequest(decodeResult: success, version: HTTP/1.1)
POST /session/6747135a-728e-429a-9b07-4c0821d22622/element HTTP/1.1
User-Agent: selenium/4.12.0 (java windows)
Content-Length: 78
Content-Type: application/json; charset=utf-8
host: localhost:18046
accept: */*

Response DefaultHttpResponse(decodeResult: success, version: HTTP/1.1)
HTTP/1.1 200 OK
content-type: application/json; charset=utf-8
cache-control: no-cache
content-length: 88
date: Sun, 28 Apr 2024 03:25:16 GMT

22:25:16.275 [AsyncHttpClient-1-5] DEBUG org.asynchttpclient.netty.channel.ChannelManager -- Adding key: http://localhost:18046 for channel [id: 0x03417c29, L:/127.0.0.1:63401 - R:localhost/127.0.0.1:18046]
22:25:16.275 [Forwarding clickElement on session 6747135a-728e-429a-9b07-4c0821d22622 to remote] DEBUG org.asynchttpclient.netty.request.NettyRequestSender -- Using pooled Channel '[id: 0x03417c29, L:/127.0.0.1:63401 - R:localhost/127.0.0.1:18046]' for 'POST' to 'http://localhost:18046/session/6747135a-728e-429a-9b07-4c0821d22622/element/2a2b0753-12fe-49a3-b188-52c42694311a/click'
22:25:16.275 [Forwarding clickElement on session 6747135a-728e-429a-9b07-4c0821d22622 to remote] DEBUG org.asynchttpclient.netty.request.NettyRequestSender -- Using open Channel [id: 0x03417c29, L:/127.0.0.1:63401 - R:localhost/127.0.0.1:18046] for POST '/session/6747135a-728e-429a-9b07-4c0821d22622/element/2a2b0753-12fe-49a3-b188-52c42694311a/click'
22:25:16.551 [AsyncHttpClient-1-5] DEBUG org.asynchttpclient.netty.handler.HttpHandler -- 

Request DefaultHttpRequest(decodeResult: success, version: HTTP/1.1)
POST /session/6747135a-728e-429a-9b07-4c0821d22622/element/2a2b0753-12fe-49a3-b188-52c42694311a/click HTTP/1.1
User-Agent: selenium/4.12.0 (java windows)
Content-Length: 50
Content-Type: application/json; charset=utf-8
host: localhost:18046
accept: */*

Response DefaultHttpResponse(decodeResult: success, version: HTTP/1.1)
HTTP/1.1 200 OK
content-type: application/json; charset=utf-8
cache-control: no-cache
content-length: 14
date: Sun, 28 Apr 2024 03:25:16 GMT

22:25:16.551 [AsyncHttpClient-1-5] DEBUG org.asynchttpclient.netty.channel.ChannelManager -- Adding key: http://localhost:18046 for channel [id: 0x03417c29, L:/127.0.0.1:63401 - R:localhost/127.0.0.1:18046]
22:25:16.559 [Forwarding findElement on session 6747135a-728e-429a-9b07-4c0821d22622 to remote] DEBUG org.asynchttpclient.netty.request.NettyRequestSender -- Using pooled Channel '[id: 0x03417c29, L:/127.0.0.1:63401 - R:localhost/127.0.0.1:18046]' for 'POST' to 'http://localhost:18046/session/6747135a-728e-429a-9b07-4c0821d22622/element'
22:25:16.559 [Forwarding findElement on session 6747135a-728e-429a-9b07-4c0821d22622 to remote] DEBUG org.asynchttpclient.netty.request.NettyRequestSender -- Using open Channel [id: 0x03417c29, L:/127.0.0.1:63401 - R:localhost/127.0.0.1:18046] for POST '/session/6747135a-728e-429a-9b07-4c0821d22622/element'
22:25:16.810 [AsyncHttpClient-1-5] DEBUG org.asynchttpclient.netty.handler.HttpHandler -- 

Request DefaultHttpRequest(decodeResult: success, version: HTTP/1.1)
POST /session/6747135a-728e-429a-9b07-4c0821d22622/element HTTP/1.1
User-Agent: selenium/4.12.0 (java windows)
Content-Length: 66
Content-Type: application/json; charset=utf-8
host: localhost:18046
accept: */*

Response DefaultHttpResponse(decodeResult: success, version: HTTP/1.1)
HTTP/1.1 200 OK
content-type: application/json; charset=utf-8
cache-control: no-cache
content-length: 88
date: Sun, 28 Apr 2024 03:25:16 GMT

22:25:16.810 [AsyncHttpClient-1-5] DEBUG org.asynchttpclient.netty.channel.ChannelManager -- Adding key: http://localhost:18046 for channel [id: 0x03417c29, L:/127.0.0.1:63401 - R:localhost/127.0.0.1:18046]
22:25:16.811 [Forwarding getElementText on session 6747135a-728e-429a-9b07-4c0821d22622 to remote] DEBUG org.asynchttpclient.netty.request.NettyRequestSender -- Using pooled Channel '[id: 0x03417c29, L:/127.0.0.1:63401 - R:localhost/127.0.0.1:18046]' for 'GET' to 'http://localhost:18046/session/6747135a-728e-429a-9b07-4c0821d22622/element/928e1e6c-8bda-4bcd-a29a-535b59dae242/text'
22:25:16.812 [Forwarding getElementText on session 6747135a-728e-429a-9b07-4c0821d22622 to remote] DEBUG org.asynchttpclient.netty.request.NettyRequestSender -- Using open Channel [id: 0x03417c29, L:/127.0.0.1:63401 - R:localhost/127.0.0.1:18046] for GET '/session/6747135a-728e-429a-9b07-4c0821d22622/element/928e1e6c-8bda-4bcd-a29a-535b59dae242/text'
22:25:16.822 [AsyncHttpClient-1-5] DEBUG org.asynchttpclient.netty.handler.HttpHandler -- 

Request DefaultFullHttpRequest(decodeResult: success, version: HTTP/1.1, content: EmptyByteBufBE)
GET /session/6747135a-728e-429a-9b07-4c0821d22622/element/928e1e6c-8bda-4bcd-a29a-535b59dae242/text HTTP/1.1
Cache-Control: no-cache
User-Agent: selenium/4.12.0 (java windows)
Content-Type: application/json; charset=utf-8
host: localhost:18046
accept: */*

Response DefaultHttpResponse(decodeResult: success, version: HTTP/1.1)
HTTP/1.1 200 OK
content-type: application/json; charset=utf-8
cache-control: no-cache
content-length: 19
date: Sun, 28 Apr 2024 03:25:16 GMT

22:25:16.822 [AsyncHttpClient-1-5] DEBUG org.asynchttpclient.netty.channel.ChannelManager -- Adding key: http://localhost:18046 for channel [id: 0x03417c29, L:/127.0.0.1:63401 - R:localhost/127.0.0.1:18046]
22:25:16.826 [Forwarding getAlertText on session 6747135a-728e-429a-9b07-4c0821d22622 to remote] DEBUG org.asynchttpclient.netty.request.NettyRequestSender -- Using pooled Channel '[id: 0x03417c29, L:/127.0.0.1:63401 - R:localhost/127.0.0.1:18046]' for 'GET' to 'http://localhost:18046/session/6747135a-728e-429a-9b07-4c0821d22622/alert/text'
22:25:16.826 [Forwarding getAlertText on session 6747135a-728e-429a-9b07-4c0821d22622 to remote] DEBUG org.asynchttpclient.netty.request.NettyRequestSender -- Using open Channel [id: 0x03417c29, L:/127.0.0.1:63401 - R:localhost/127.0.0.1:18046] for GET '/session/6747135a-728e-429a-9b07-4c0821d22622/alert/text'
22:25:16.826 [AsyncHttpClient-1-5] DEBUG org.asynchttpclient.netty.handler.HttpHandler -- 

Request DefaultFullHttpRequest(decodeResult: success, version: HTTP/1.1, content: EmptyByteBufBE)
GET /session/6747135a-728e-429a-9b07-4c0821d22622/alert/text HTTP/1.1
Cache-Control: no-cache
User-Agent: selenium/4.12.0 (java windows)
Content-Type: application/json; charset=utf-8
host: localhost:18046
accept: */*

Response DefaultHttpResponse(decodeResult: success, version: HTTP/1.1)
HTTP/1.1 404 Not Found
content-type: application/json; charset=utf-8
cache-control: no-cache
content-length: 842
date: Sun, 28 Apr 2024 03:25:16 GMT

22:25:16.826 [AsyncHttpClient-1-5] DEBUG org.asynchttpclient.netty.channel.ChannelManager -- Adding key: http://localhost:18046 for channel [id: 0x03417c29, L:/127.0.0.1:63401 - R:localhost/127.0.0.1:18046]
22:25:16.830 [Forwarding getCurrentUrl on session 6747135a-728e-429a-9b07-4c0821d22622 to remote] DEBUG org.asynchttpclient.netty.request.NettyRequestSender -- Using pooled Channel '[id: 0x03417c29, L:/127.0.0.1:63401 - R:localhost/127.0.0.1:18046]' for 'GET' to 'http://localhost:18046/session/6747135a-728e-429a-9b07-4c0821d22622/url'
22:25:16.830 [Forwarding getCurrentUrl on session 6747135a-728e-429a-9b07-4c0821d22622 to remote] DEBUG org.asynchttpclient.netty.request.NettyRequestSender -- Using open Channel [id: 0x03417c29, L:/127.0.0.1:63401 - R:localhost/127.0.0.1:18046] for GET '/session/6747135a-728e-429a-9b07-4c0821d22622/url'
22:25:16.830 [AsyncHttpClient-1-5] DEBUG org.asynchttpclient.netty.handler.HttpHandler -- 

Request DefaultFullHttpRequest(decodeResult: success, version: HTTP/1.1, content: EmptyByteBufBE)
GET /session/6747135a-728e-429a-9b07-4c0821d22622/url HTTP/1.1
Cache-Control: no-cache
User-Agent: selenium/4.12.0 (java windows)
Content-Type: application/json; charset=utf-8
host: localhost:18046
accept: */*

Response DefaultHttpResponse(decodeResult: success, version: HTTP/1.1)
HTTP/1.1 200 OK
content-type: application/json; charset=utf-8
cache-control: no-cache
content-length: 54
date: Sun, 28 Apr 2024 03:25:16 GMT

22:25:16.830 [AsyncHttpClient-1-5] DEBUG org.asynchttpclient.netty.channel.ChannelManager -- Adding key: http://localhost:18046 for channel [id: 0x03417c29, L:/127.0.0.1:63401 - R:localhost/127.0.0.1:18046]
22:25:16.834 [Forwarding screenshot on session 6747135a-728e-429a-9b07-4c0821d22622 to remote] DEBUG org.asynchttpclient.netty.request.NettyRequestSender -- Using pooled Channel '[id: 0x03417c29, L:/127.0.0.1:63401 - R:localhost/127.0.0.1:18046]' for 'GET' to 'http://localhost:18046/session/6747135a-728e-429a-9b07-4c0821d22622/screenshot'
22:25:16.834 [Forwarding screenshot on session 6747135a-728e-429a-9b07-4c0821d22622 to remote] DEBUG org.asynchttpclient.netty.request.NettyRequestSender -- Using open Channel [id: 0x03417c29, L:/127.0.0.1:63401 - R:localhost/127.0.0.1:18046] for GET '/session/6747135a-728e-429a-9b07-4c0821d22622/screenshot'
22:25:16.890 [AsyncHttpClient-1-5] DEBUG org.asynchttpclient.netty.handler.HttpHandler -- 

Request DefaultFullHttpRequest(decodeResult: success, version: HTTP/1.1, content: EmptyByteBufBE)
GET /session/6747135a-728e-429a-9b07-4c0821d22622/screenshot HTTP/1.1
Cache-Control: no-cache
User-Agent: selenium/4.12.0 (java windows)
Content-Type: application/json; charset=utf-8
host: localhost:18046
accept: */*

Response DefaultHttpResponse(decodeResult: success, version: HTTP/1.1)
HTTP/1.1 200 OK
content-type: application/json; charset=utf-8
cache-control: no-cache
content-length: 597580
date: Sun, 28 Apr 2024 03:25:16 GMT

22:25:16.894 [AsyncHttpClient-1-5] DEBUG org.asynchttpclient.netty.channel.ChannelManager -- Adding key: http://localhost:18046 for channel [id: 0x03417c29, L:/127.0.0.1:63401 - R:localhost/127.0.0.1:18046]
22:25:16.906 [main] DEBUG net.serenitybdd.core.photography.Darkroom -- Send negative for processing for C:\Users\USUARIO\OneDrive\Documentos\02 Automatización\03 Pragma\pragma\pragma\target\site\serenity\5f3e4bd60b5c5dd6428e490936a080041252ac5aa3cee0a12cd9825bdab65f09.png
22:25:16.906 [Darkroom Processing Line] DEBUG net.serenitybdd.core.photography.DarkroomProcessingLine -- Processing screenshot image in /var/screenshots/screenshot-4847517566766492407
22:25:16.906 [Darkroom Processing Line] DEBUG net.serenitybdd.core.photography.DarkroomProcessingLine -- Saving screenshot to C:\Users\USUARIO\OneDrive\Documentos\02 Automatización\03 Pragma\pragma\pragma\target\site\serenity\5f3e4bd60b5c5dd6428e490936a080041252ac5aa3cee0a12cd9825bdab65f09.png
22:25:17.309 [AsyncHttpClient-1-1] DEBUG org.asynchttpclient.netty.channel.DefaultChannelPool -- Entry count for : http://localhost:18046 : 1
22:25:17.916 [main] DEBUG net.thucydides.core.steps.StepInterceptor -- STEP DONE: ingresoAlProducto
22:25:17.924 [Forwarding getAlertText on session 6747135a-728e-429a-9b07-4c0821d22622 to remote] DEBUG org.asynchttpclient.netty.request.NettyRequestSender -- Using pooled Channel '[id: 0x03417c29, L:/127.0.0.1:63401 - R:localhost/127.0.0.1:18046]' for 'GET' to 'http://localhost:18046/session/6747135a-728e-429a-9b07-4c0821d22622/alert/text'
22:25:17.924 [Forwarding getAlertText on session 6747135a-728e-429a-9b07-4c0821d22622 to remote] DEBUG org.asynchttpclient.netty.request.NettyRequestSender -- Using open Channel [id: 0x03417c29, L:/127.0.0.1:63401 - R:localhost/127.0.0.1:18046] for GET '/session/6747135a-728e-429a-9b07-4c0821d22622/alert/text'
22:25:17.924 [AsyncHttpClient-1-5] DEBUG org.asynchttpclient.netty.handler.HttpHandler -- 

Request DefaultFullHttpRequest(decodeResult: success, version: HTTP/1.1, content: EmptyByteBufBE)
GET /session/6747135a-728e-429a-9b07-4c0821d22622/alert/text HTTP/1.1
Cache-Control: no-cache
User-Agent: selenium/4.12.0 (java windows)
Content-Type: application/json; charset=utf-8
host: localhost:18046
accept: */*

Response DefaultHttpResponse(decodeResult: success, version: HTTP/1.1)
HTTP/1.1 404 Not Found
content-type: application/json; charset=utf-8
cache-control: no-cache
content-length: 842
date: Sun, 28 Apr 2024 03:25:17 GMT

22:25:17.924 [AsyncHttpClient-1-5] DEBUG org.asynchttpclient.netty.channel.ChannelManager -- Adding key: http://localhost:18046 for channel [id: 0x03417c29, L:/127.0.0.1:63401 - R:localhost/127.0.0.1:18046]
22:25:17.928 [Forwarding getCurrentUrl on session 6747135a-728e-429a-9b07-4c0821d22622 to remote] DEBUG org.asynchttpclient.netty.request.NettyRequestSender -- Using pooled Channel '[id: 0x03417c29, L:/127.0.0.1:63401 - R:localhost/127.0.0.1:18046]' for 'GET' to 'http://localhost:18046/session/6747135a-728e-429a-9b07-4c0821d22622/url'
22:25:17.928 [Forwarding getCurrentUrl on session 6747135a-728e-429a-9b07-4c0821d22622 to remote] DEBUG org.asynchttpclient.netty.request.NettyRequestSender -- Using open Channel [id: 0x03417c29, L:/127.0.0.1:63401 - R:localhost/127.0.0.1:18046] for GET '/session/6747135a-728e-429a-9b07-4c0821d22622/url'
22:25:17.928 [AsyncHttpClient-1-5] DEBUG org.asynchttpclient.netty.handler.HttpHandler -- 

Request DefaultFullHttpRequest(decodeResult: success, version: HTTP/1.1, content: EmptyByteBufBE)
GET /session/6747135a-728e-429a-9b07-4c0821d22622/url HTTP/1.1
Cache-Control: no-cache
User-Agent: selenium/4.12.0 (java windows)
Content-Type: application/json; charset=utf-8
host: localhost:18046
accept: */*

Response DefaultHttpResponse(decodeResult: success, version: HTTP/1.1)
HTTP/1.1 200 OK
content-type: application/json; charset=utf-8
cache-control: no-cache
content-length: 54
date: Sun, 28 Apr 2024 03:25:17 GMT

22:25:17.928 [AsyncHttpClient-1-5] DEBUG org.asynchttpclient.netty.channel.ChannelManager -- Adding key: http://localhost:18046 for channel [id: 0x03417c29, L:/127.0.0.1:63401 - R:localhost/127.0.0.1:18046]
22:25:17.928 [Forwarding screenshot on session 6747135a-728e-429a-9b07-4c0821d22622 to remote] DEBUG org.asynchttpclient.netty.request.NettyRequestSender -- Using pooled Channel '[id: 0x03417c29, L:/127.0.0.1:63401 - R:localhost/127.0.0.1:18046]' for 'GET' to 'http://localhost:18046/session/6747135a-728e-429a-9b07-4c0821d22622/screenshot'
22:25:17.928 [Forwarding screenshot on session 6747135a-728e-429a-9b07-4c0821d22622 to remote] DEBUG org.asynchttpclient.netty.request.NettyRequestSender -- Using open Channel [id: 0x03417c29, L:/127.0.0.1:63401 - R:localhost/127.0.0.1:18046] for GET '/session/6747135a-728e-429a-9b07-4c0821d22622/screenshot'
22:25:17.984 [AsyncHttpClient-1-5] DEBUG org.asynchttpclient.netty.handler.HttpHandler -- 

Request DefaultFullHttpRequest(decodeResult: success, version: HTTP/1.1, content: EmptyByteBufBE)
GET /session/6747135a-728e-429a-9b07-4c0821d22622/screenshot HTTP/1.1
Cache-Control: no-cache
User-Agent: selenium/4.12.0 (java windows)
Content-Type: application/json; charset=utf-8
host: localhost:18046
accept: */*

Response DefaultHttpResponse(decodeResult: success, version: HTTP/1.1)
HTTP/1.1 200 OK
content-type: application/json; charset=utf-8
cache-control: no-cache
content-length: 597580
date: Sun, 28 Apr 2024 03:25:17 GMT

22:25:17.988 [AsyncHttpClient-1-5] DEBUG org.asynchttpclient.netty.channel.ChannelManager -- Adding key: http://localhost:18046 for channel [id: 0x03417c29, L:/127.0.0.1:63401 - R:localhost/127.0.0.1:18046]
22:25:17.992 [main] DEBUG net.serenitybdd.core.photography.Darkroom -- Send negative for processing for C:\Users\USUARIO\OneDrive\Documentos\02 Automatización\03 Pragma\pragma\pragma\target\site\serenity\5f3e4bd60b5c5dd6428e490936a080041252ac5aa3cee0a12cd9825bdab65f09.png
22:25:18.410 [AsyncHttpClient-1-1] DEBUG org.asynchttpclient.netty.channel.DefaultChannelPool -- Entry count for : http://localhost:18046 : 1
22:25:19.007 [main] DEBUG net.thucydides.core.steps.StepInterceptor -- STARTING STEP: StepInterceptor.testContext - agregoElProductoAlCarritoDeCompra
22:25:19.011 [Forwarding findElement on session 6747135a-728e-429a-9b07-4c0821d22622 to remote] DEBUG org.asynchttpclient.netty.request.NettyRequestSender -- Using pooled Channel '[id: 0x03417c29, L:/127.0.0.1:63401 - R:localhost/127.0.0.1:18046]' for 'POST' to 'http://localhost:18046/session/6747135a-728e-429a-9b07-4c0821d22622/element'
22:25:19.011 [Forwarding findElement on session 6747135a-728e-429a-9b07-4c0821d22622 to remote] DEBUG org.asynchttpclient.netty.request.NettyRequestSender -- Using open Channel [id: 0x03417c29, L:/127.0.0.1:63401 - R:localhost/127.0.0.1:18046] for POST '/session/6747135a-728e-429a-9b07-4c0821d22622/element'
22:25:19.015 [AsyncHttpClient-1-5] DEBUG org.asynchttpclient.netty.handler.HttpHandler -- 

Request DefaultHttpRequest(decodeResult: success, version: HTTP/1.1)
POST /session/6747135a-728e-429a-9b07-4c0821d22622/element HTTP/1.1
User-Agent: selenium/4.12.0 (java windows)
Content-Length: 83
Content-Type: application/json; charset=utf-8
host: localhost:18046
accept: */*

Response DefaultHttpResponse(decodeResult: success, version: HTTP/1.1)
HTTP/1.1 200 OK
content-type: application/json; charset=utf-8
cache-control: no-cache
content-length: 88
date: Sun, 28 Apr 2024 03:25:19 GMT

22:25:19.015 [AsyncHttpClient-1-5] DEBUG org.asynchttpclient.netty.channel.ChannelManager -- Adding key: http://localhost:18046 for channel [id: 0x03417c29, L:/127.0.0.1:63401 - R:localhost/127.0.0.1:18046]
22:25:19.015 [Forwarding getElementTagName on session 6747135a-728e-429a-9b07-4c0821d22622 to remote] DEBUG org.asynchttpclient.netty.request.NettyRequestSender -- Using pooled Channel '[id: 0x03417c29, L:/127.0.0.1:63401 - R:localhost/127.0.0.1:18046]' for 'GET' to 'http://localhost:18046/session/6747135a-728e-429a-9b07-4c0821d22622/element/416ba88f-85eb-48f4-87ff-df3034bbfdab/name'
22:25:19.015 [Forwarding getElementTagName on session 6747135a-728e-429a-9b07-4c0821d22622 to remote] DEBUG org.asynchttpclient.netty.request.NettyRequestSender -- Using open Channel [id: 0x03417c29, L:/127.0.0.1:63401 - R:localhost/127.0.0.1:18046] for GET '/session/6747135a-728e-429a-9b07-4c0821d22622/element/416ba88f-85eb-48f4-87ff-df3034bbfdab/name'
22:25:19.015 [AsyncHttpClient-1-5] DEBUG org.asynchttpclient.netty.handler.HttpHandler -- 

Request DefaultFullHttpRequest(decodeResult: success, version: HTTP/1.1, content: EmptyByteBufBE)
GET /session/6747135a-728e-429a-9b07-4c0821d22622/element/416ba88f-85eb-48f4-87ff-df3034bbfdab/name HTTP/1.1
Cache-Control: no-cache
User-Agent: selenium/4.12.0 (java windows)
Content-Type: application/json; charset=utf-8
host: localhost:18046
accept: */*

Response DefaultHttpResponse(decodeResult: success, version: HTTP/1.1)
HTTP/1.1 200 OK
content-type: application/json; charset=utf-8
cache-control: no-cache
content-length: 13
date: Sun, 28 Apr 2024 03:25:19 GMT

22:25:19.015 [AsyncHttpClient-1-5] DEBUG org.asynchttpclient.netty.channel.ChannelManager -- Adding key: http://localhost:18046 for channel [id: 0x03417c29, L:/127.0.0.1:63401 - R:localhost/127.0.0.1:18046]
22:25:19.020 [Forwarding getElementTagName on session 6747135a-728e-429a-9b07-4c0821d22622 to remote] DEBUG org.asynchttpclient.netty.request.NettyRequestSender -- Using pooled Channel '[id: 0x03417c29, L:/127.0.0.1:63401 - R:localhost/127.0.0.1:18046]' for 'GET' to 'http://localhost:18046/session/6747135a-728e-429a-9b07-4c0821d22622/element/416ba88f-85eb-48f4-87ff-df3034bbfdab/name'
22:25:19.020 [Forwarding getElementTagName on session 6747135a-728e-429a-9b07-4c0821d22622 to remote] DEBUG org.asynchttpclient.netty.request.NettyRequestSender -- Using open Channel [id: 0x03417c29, L:/127.0.0.1:63401 - R:localhost/127.0.0.1:18046] for GET '/session/6747135a-728e-429a-9b07-4c0821d22622/element/416ba88f-85eb-48f4-87ff-df3034bbfdab/name'
22:25:19.020 [AsyncHttpClient-1-5] DEBUG org.asynchttpclient.netty.handler.HttpHandler -- 

Request DefaultFullHttpRequest(decodeResult: success, version: HTTP/1.1, content: EmptyByteBufBE)
GET /session/6747135a-728e-429a-9b07-4c0821d22622/element/416ba88f-85eb-48f4-87ff-df3034bbfdab/name HTTP/1.1
Cache-Control: no-cache
User-Agent: selenium/4.12.0 (java windows)
Content-Type: application/json; charset=utf-8
host: localhost:18046
accept: */*

Response DefaultHttpResponse(decodeResult: success, version: HTTP/1.1)
HTTP/1.1 200 OK
content-type: application/json; charset=utf-8
cache-control: no-cache
content-length: 13
date: Sun, 28 Apr 2024 03:25:19 GMT

22:25:19.020 [AsyncHttpClient-1-5] DEBUG org.asynchttpclient.netty.channel.ChannelManager -- Adding key: http://localhost:18046 for channel [id: 0x03417c29, L:/127.0.0.1:63401 - R:localhost/127.0.0.1:18046]
22:25:19.020 [Forwarding findElement on session 6747135a-728e-429a-9b07-4c0821d22622 to remote] DEBUG org.asynchttpclient.netty.request.NettyRequestSender -- Using pooled Channel '[id: 0x03417c29, L:/127.0.0.1:63401 - R:localhost/127.0.0.1:18046]' for 'POST' to 'http://localhost:18046/session/6747135a-728e-429a-9b07-4c0821d22622/element'
22:25:19.020 [Forwarding findElement on session 6747135a-728e-429a-9b07-4c0821d22622 to remote] DEBUG org.asynchttpclient.netty.request.NettyRequestSender -- Using open Channel [id: 0x03417c29, L:/127.0.0.1:63401 - R:localhost/127.0.0.1:18046] for POST '/session/6747135a-728e-429a-9b07-4c0821d22622/element'
22:25:19.023 [AsyncHttpClient-1-5] DEBUG org.asynchttpclient.netty.handler.HttpHandler -- 

Request DefaultHttpRequest(decodeResult: success, version: HTTP/1.1)
POST /session/6747135a-728e-429a-9b07-4c0821d22622/element HTTP/1.1
User-Agent: selenium/4.12.0 (java windows)
Content-Length: 83
Content-Type: application/json; charset=utf-8
host: localhost:18046
accept: */*

Response DefaultHttpResponse(decodeResult: success, version: HTTP/1.1)
HTTP/1.1 200 OK
content-type: application/json; charset=utf-8
cache-control: no-cache
content-length: 88
date: Sun, 28 Apr 2024 03:25:19 GMT

22:25:19.023 [AsyncHttpClient-1-5] DEBUG org.asynchttpclient.netty.channel.ChannelManager -- Adding key: http://localhost:18046 for channel [id: 0x03417c29, L:/127.0.0.1:63401 - R:localhost/127.0.0.1:18046]
22:25:19.023 [Forwarding clickElement on session 6747135a-728e-429a-9b07-4c0821d22622 to remote] DEBUG org.asynchttpclient.netty.request.NettyRequestSender -- Using pooled Channel '[id: 0x03417c29, L:/127.0.0.1:63401 - R:localhost/127.0.0.1:18046]' for 'POST' to 'http://localhost:18046/session/6747135a-728e-429a-9b07-4c0821d22622/element/416ba88f-85eb-48f4-87ff-df3034bbfdab/click'
22:25:19.023 [Forwarding clickElement on session 6747135a-728e-429a-9b07-4c0821d22622 to remote] DEBUG org.asynchttpclient.netty.request.NettyRequestSender -- Using open Channel [id: 0x03417c29, L:/127.0.0.1:63401 - R:localhost/127.0.0.1:18046] for POST '/session/6747135a-728e-429a-9b07-4c0821d22622/element/416ba88f-85eb-48f4-87ff-df3034bbfdab/click'
22:25:19.036 [AsyncHttpClient-1-5] DEBUG org.asynchttpclient.netty.handler.HttpHandler -- 

Request DefaultHttpRequest(decodeResult: success, version: HTTP/1.1)
POST /session/6747135a-728e-429a-9b07-4c0821d22622/element/416ba88f-85eb-48f4-87ff-df3034bbfdab/click HTTP/1.1
User-Agent: selenium/4.12.0 (java windows)
Content-Length: 50
Content-Type: application/json; charset=utf-8
host: localhost:18046
accept: */*

Response DefaultHttpResponse(decodeResult: success, version: HTTP/1.1)
HTTP/1.1 200 OK
content-type: application/json; charset=utf-8
cache-control: no-cache
content-length: 14
date: Sun, 28 Apr 2024 03:25:19 GMT

22:25:19.036 [AsyncHttpClient-1-5] DEBUG org.asynchttpclient.netty.channel.ChannelManager -- Adding key: http://localhost:18046 for channel [id: 0x03417c29, L:/127.0.0.1:63401 - R:localhost/127.0.0.1:18046]
22:25:19.037 [Forwarding getAlertText on session 6747135a-728e-429a-9b07-4c0821d22622 to remote] DEBUG org.asynchttpclient.netty.request.NettyRequestSender -- Using pooled Channel '[id: 0x03417c29, L:/127.0.0.1:63401 - R:localhost/127.0.0.1:18046]' for 'GET' to 'http://localhost:18046/session/6747135a-728e-429a-9b07-4c0821d22622/alert/text'
22:25:19.037 [Forwarding getAlertText on session 6747135a-728e-429a-9b07-4c0821d22622 to remote] DEBUG org.asynchttpclient.netty.request.NettyRequestSender -- Using open Channel [id: 0x03417c29, L:/127.0.0.1:63401 - R:localhost/127.0.0.1:18046] for GET '/session/6747135a-728e-429a-9b07-4c0821d22622/alert/text'
22:25:19.037 [AsyncHttpClient-1-5] DEBUG org.asynchttpclient.netty.handler.HttpHandler -- 

Request DefaultFullHttpRequest(decodeResult: success, version: HTTP/1.1, content: EmptyByteBufBE)
GET /session/6747135a-728e-429a-9b07-4c0821d22622/alert/text HTTP/1.1
Cache-Control: no-cache
User-Agent: selenium/4.12.0 (java windows)
Content-Type: application/json; charset=utf-8
host: localhost:18046
accept: */*

Response DefaultHttpResponse(decodeResult: success, version: HTTP/1.1)
HTTP/1.1 404 Not Found
content-type: application/json; charset=utf-8
cache-control: no-cache
content-length: 842
date: Sun, 28 Apr 2024 03:25:19 GMT

22:25:19.037 [AsyncHttpClient-1-5] DEBUG org.asynchttpclient.netty.channel.ChannelManager -- Adding key: http://localhost:18046 for channel [id: 0x03417c29, L:/127.0.0.1:63401 - R:localhost/127.0.0.1:18046]
22:25:19.509 [AsyncHttpClient-1-1] DEBUG org.asynchttpclient.netty.channel.DefaultChannelPool -- Entry count for : http://localhost:18046 : 1
22:25:19.549 [Forwarding getAlertText on session 6747135a-728e-429a-9b07-4c0821d22622 to remote] DEBUG org.asynchttpclient.netty.request.NettyRequestSender -- Using pooled Channel '[id: 0x03417c29, L:/127.0.0.1:63401 - R:localhost/127.0.0.1:18046]' for 'GET' to 'http://localhost:18046/session/6747135a-728e-429a-9b07-4c0821d22622/alert/text'
22:25:19.549 [Forwarding getAlertText on session 6747135a-728e-429a-9b07-4c0821d22622 to remote] DEBUG org.asynchttpclient.netty.request.NettyRequestSender -- Using open Channel [id: 0x03417c29, L:/127.0.0.1:63401 - R:localhost/127.0.0.1:18046] for GET '/session/6747135a-728e-429a-9b07-4c0821d22622/alert/text'
22:25:19.551 [AsyncHttpClient-1-5] DEBUG org.asynchttpclient.netty.handler.HttpHandler -- 

Request DefaultFullHttpRequest(decodeResult: success, version: HTTP/1.1, content: EmptyByteBufBE)
GET /session/6747135a-728e-429a-9b07-4c0821d22622/alert/text HTTP/1.1
Cache-Control: no-cache
User-Agent: selenium/4.12.0 (java windows)
Content-Type: application/json; charset=utf-8
host: localhost:18046
accept: */*

Response DefaultHttpResponse(decodeResult: success, version: HTTP/1.1)
HTTP/1.1 200 OK
content-type: application/json; charset=utf-8
cache-control: no-cache
content-length: 25
date: Sun, 28 Apr 2024 03:25:19 GMT

22:25:19.551 [AsyncHttpClient-1-5] DEBUG org.asynchttpclient.netty.channel.ChannelManager -- Adding key: http://localhost:18046 for channel [id: 0x03417c29, L:/127.0.0.1:63401 - R:localhost/127.0.0.1:18046]
22:25:19.555 [Forwarding getAlertText on session 6747135a-728e-429a-9b07-4c0821d22622 to remote] DEBUG org.asynchttpclient.netty.request.NettyRequestSender -- Using pooled Channel '[id: 0x03417c29, L:/127.0.0.1:63401 - R:localhost/127.0.0.1:18046]' for 'GET' to 'http://localhost:18046/session/6747135a-728e-429a-9b07-4c0821d22622/alert/text'
22:25:19.555 [Forwarding getAlertText on session 6747135a-728e-429a-9b07-4c0821d22622 to remote] DEBUG org.asynchttpclient.netty.request.NettyRequestSender -- Using open Channel [id: 0x03417c29, L:/127.0.0.1:63401 - R:localhost/127.0.0.1:18046] for GET '/session/6747135a-728e-429a-9b07-4c0821d22622/alert/text'
22:25:19.555 [AsyncHttpClient-1-5] DEBUG org.asynchttpclient.netty.handler.HttpHandler -- 

Request DefaultFullHttpRequest(decodeResult: success, version: HTTP/1.1, content: EmptyByteBufBE)
GET /session/6747135a-728e-429a-9b07-4c0821d22622/alert/text HTTP/1.1
Cache-Control: no-cache
User-Agent: selenium/4.12.0 (java windows)
Content-Type: application/json; charset=utf-8
host: localhost:18046
accept: */*

Response DefaultHttpResponse(decodeResult: success, version: HTTP/1.1)
HTTP/1.1 200 OK
content-type: application/json; charset=utf-8
cache-control: no-cache
content-length: 25
date: Sun, 28 Apr 2024 03:25:19 GMT

22:25:19.555 [AsyncHttpClient-1-5] DEBUG org.asynchttpclient.netty.channel.ChannelManager -- Adding key: http://localhost:18046 for channel [id: 0x03417c29, L:/127.0.0.1:63401 - R:localhost/127.0.0.1:18046]
22:25:19.555 [Forwarding acceptAlert on session 6747135a-728e-429a-9b07-4c0821d22622 to remote] DEBUG org.asynchttpclient.netty.request.NettyRequestSender -- Using pooled Channel '[id: 0x03417c29, L:/127.0.0.1:63401 - R:localhost/127.0.0.1:18046]' for 'POST' to 'http://localhost:18046/session/6747135a-728e-429a-9b07-4c0821d22622/alert/accept'
22:25:19.555 [Forwarding acceptAlert on session 6747135a-728e-429a-9b07-4c0821d22622 to remote] DEBUG org.asynchttpclient.netty.request.NettyRequestSender -- Using open Channel [id: 0x03417c29, L:/127.0.0.1:63401 - R:localhost/127.0.0.1:18046] for POST '/session/6747135a-728e-429a-9b07-4c0821d22622/alert/accept'
22:25:19.580 [AsyncHttpClient-1-5] DEBUG org.asynchttpclient.netty.handler.HttpHandler -- 

Request DefaultHttpRequest(decodeResult: success, version: HTTP/1.1)
POST /session/6747135a-728e-429a-9b07-4c0821d22622/alert/accept HTTP/1.1
User-Agent: selenium/4.12.0 (java windows)
Content-Length: 3
Content-Type: application/json; charset=utf-8
host: localhost:18046
accept: */*

Response DefaultHttpResponse(decodeResult: success, version: HTTP/1.1)
HTTP/1.1 200 OK
content-type: application/json; charset=utf-8
cache-control: no-cache
content-length: 14
date: Sun, 28 Apr 2024 03:25:19 GMT

22:25:19.581 [AsyncHttpClient-1-5] DEBUG org.asynchttpclient.netty.channel.ChannelManager -- Adding key: http://localhost:18046 for channel [id: 0x03417c29, L:/127.0.0.1:63401 - R:localhost/127.0.0.1:18046]
22:25:19.586 [Forwarding getAlertText on session 6747135a-728e-429a-9b07-4c0821d22622 to remote] DEBUG org.asynchttpclient.netty.request.NettyRequestSender -- Using pooled Channel '[id: 0x03417c29, L:/127.0.0.1:63401 - R:localhost/127.0.0.1:18046]' for 'GET' to 'http://localhost:18046/session/6747135a-728e-429a-9b07-4c0821d22622/alert/text'
22:25:19.586 [Forwarding getAlertText on session 6747135a-728e-429a-9b07-4c0821d22622 to remote] DEBUG org.asynchttpclient.netty.request.NettyRequestSender -- Using open Channel [id: 0x03417c29, L:/127.0.0.1:63401 - R:localhost/127.0.0.1:18046] for GET '/session/6747135a-728e-429a-9b07-4c0821d22622/alert/text'
22:25:19.590 [AsyncHttpClient-1-5] DEBUG org.asynchttpclient.netty.handler.HttpHandler -- 

Request DefaultFullHttpRequest(decodeResult: success, version: HTTP/1.1, content: EmptyByteBufBE)
GET /session/6747135a-728e-429a-9b07-4c0821d22622/alert/text HTTP/1.1
Cache-Control: no-cache
User-Agent: selenium/4.12.0 (java windows)
Content-Type: application/json; charset=utf-8
host: localhost:18046
accept: */*

Response DefaultHttpResponse(decodeResult: success, version: HTTP/1.1)
HTTP/1.1 404 Not Found
content-type: application/json; charset=utf-8
cache-control: no-cache
content-length: 842
date: Sun, 28 Apr 2024 03:25:19 GMT

22:25:19.590 [AsyncHttpClient-1-5] DEBUG org.asynchttpclient.netty.channel.ChannelManager -- Adding key: http://localhost:18046 for channel [id: 0x03417c29, L:/127.0.0.1:63401 - R:localhost/127.0.0.1:18046]
22:25:19.590 [Forwarding getCurrentUrl on session 6747135a-728e-429a-9b07-4c0821d22622 to remote] DEBUG org.asynchttpclient.netty.request.NettyRequestSender -- Using pooled Channel '[id: 0x03417c29, L:/127.0.0.1:63401 - R:localhost/127.0.0.1:18046]' for 'GET' to 'http://localhost:18046/session/6747135a-728e-429a-9b07-4c0821d22622/url'
22:25:19.590 [Forwarding getCurrentUrl on session 6747135a-728e-429a-9b07-4c0821d22622 to remote] DEBUG org.asynchttpclient.netty.request.NettyRequestSender -- Using open Channel [id: 0x03417c29, L:/127.0.0.1:63401 - R:localhost/127.0.0.1:18046] for GET '/session/6747135a-728e-429a-9b07-4c0821d22622/url'
22:25:19.590 [AsyncHttpClient-1-5] DEBUG org.asynchttpclient.netty.handler.HttpHandler -- 

Request DefaultFullHttpRequest(decodeResult: success, version: HTTP/1.1, content: EmptyByteBufBE)
GET /session/6747135a-728e-429a-9b07-4c0821d22622/url HTTP/1.1
Cache-Control: no-cache
User-Agent: selenium/4.12.0 (java windows)
Content-Type: application/json; charset=utf-8
host: localhost:18046
accept: */*

Response DefaultHttpResponse(decodeResult: success, version: HTTP/1.1)
HTTP/1.1 200 OK
content-type: application/json; charset=utf-8
cache-control: no-cache
content-length: 55
date: Sun, 28 Apr 2024 03:25:19 GMT

22:25:19.590 [AsyncHttpClient-1-5] DEBUG org.asynchttpclient.netty.channel.ChannelManager -- Adding key: http://localhost:18046 for channel [id: 0x03417c29, L:/127.0.0.1:63401 - R:localhost/127.0.0.1:18046]
22:25:19.590 [Forwarding screenshot on session 6747135a-728e-429a-9b07-4c0821d22622 to remote] DEBUG org.asynchttpclient.netty.request.NettyRequestSender -- Using pooled Channel '[id: 0x03417c29, L:/127.0.0.1:63401 - R:localhost/127.0.0.1:18046]' for 'GET' to 'http://localhost:18046/session/6747135a-728e-429a-9b07-4c0821d22622/screenshot'
22:25:19.590 [Forwarding screenshot on session 6747135a-728e-429a-9b07-4c0821d22622 to remote] DEBUG org.asynchttpclient.netty.request.NettyRequestSender -- Using open Channel [id: 0x03417c29, L:/127.0.0.1:63401 - R:localhost/127.0.0.1:18046] for GET '/session/6747135a-728e-429a-9b07-4c0821d22622/screenshot'
22:25:19.648 [AsyncHttpClient-1-5] DEBUG org.asynchttpclient.netty.handler.HttpHandler -- 

Request DefaultFullHttpRequest(decodeResult: success, version: HTTP/1.1, content: EmptyByteBufBE)
GET /session/6747135a-728e-429a-9b07-4c0821d22622/screenshot HTTP/1.1
Cache-Control: no-cache
User-Agent: selenium/4.12.0 (java windows)
Content-Type: application/json; charset=utf-8
host: localhost:18046
accept: */*

Response DefaultHttpResponse(decodeResult: success, version: HTTP/1.1)
HTTP/1.1 200 OK
content-type: application/json; charset=utf-8
cache-control: no-cache
content-length: 598140
date: Sun, 28 Apr 2024 03:25:19 GMT

22:25:19.649 [AsyncHttpClient-1-5] DEBUG org.asynchttpclient.netty.channel.ChannelManager -- Adding key: http://localhost:18046 for channel [id: 0x03417c29, L:/127.0.0.1:63401 - R:localhost/127.0.0.1:18046]
22:25:19.658 [main] DEBUG net.serenitybdd.core.photography.Darkroom -- Send negative for processing for C:\Users\USUARIO\OneDrive\Documentos\02 Automatización\03 Pragma\pragma\pragma\target\site\serenity\66706588ed53fa4d2e91ac2ed12431fbafb791bd4c6c63c2bcc793d2db486ccb.png
22:25:19.658 [Darkroom Processing Line] DEBUG net.serenitybdd.core.photography.DarkroomProcessingLine -- Processing screenshot image in /var/screenshots/screenshot-6393617146529903608
22:25:19.658 [Darkroom Processing Line] DEBUG net.serenitybdd.core.photography.DarkroomProcessingLine -- Saving screenshot to C:\Users\USUARIO\OneDrive\Documentos\02 Automatización\03 Pragma\pragma\pragma\target\site\serenity\66706588ed53fa4d2e91ac2ed12431fbafb791bd4c6c63c2bcc793d2db486ccb.png
22:25:20.610 [AsyncHttpClient-1-1] DEBUG org.asynchttpclient.netty.channel.DefaultChannelPool -- Entry count for : http://localhost:18046 : 1
22:25:20.668 [main] DEBUG net.thucydides.core.steps.StepInterceptor -- STEP DONE: agregoElProductoAlCarritoDeCompra
22:25:20.675 [Forwarding getAlertText on session 6747135a-728e-429a-9b07-4c0821d22622 to remote] DEBUG org.asynchttpclient.netty.request.NettyRequestSender -- Using pooled Channel '[id: 0x03417c29, L:/127.0.0.1:63401 - R:localhost/127.0.0.1:18046]' for 'GET' to 'http://localhost:18046/session/6747135a-728e-429a-9b07-4c0821d22622/alert/text'
22:25:20.675 [Forwarding getAlertText on session 6747135a-728e-429a-9b07-4c0821d22622 to remote] DEBUG org.asynchttpclient.netty.request.NettyRequestSender -- Using open Channel [id: 0x03417c29, L:/127.0.0.1:63401 - R:localhost/127.0.0.1:18046] for GET '/session/6747135a-728e-429a-9b07-4c0821d22622/alert/text'
22:25:20.678 [AsyncHttpClient-1-5] DEBUG org.asynchttpclient.netty.handler.HttpHandler -- 

Request DefaultFullHttpRequest(decodeResult: success, version: HTTP/1.1, content: EmptyByteBufBE)
GET /session/6747135a-728e-429a-9b07-4c0821d22622/alert/text HTTP/1.1
Cache-Control: no-cache
User-Agent: selenium/4.12.0 (java windows)
Content-Type: application/json; charset=utf-8
host: localhost:18046
accept: */*

Response DefaultHttpResponse(decodeResult: success, version: HTTP/1.1)
HTTP/1.1 404 Not Found
content-type: application/json; charset=utf-8
cache-control: no-cache
content-length: 842
date: Sun, 28 Apr 2024 03:25:20 GMT

22:25:20.678 [AsyncHttpClient-1-5] DEBUG org.asynchttpclient.netty.channel.ChannelManager -- Adding key: http://localhost:18046 for channel [id: 0x03417c29, L:/127.0.0.1:63401 - R:localhost/127.0.0.1:18046]
22:25:20.679 [Forwarding getCurrentUrl on session 6747135a-728e-429a-9b07-4c0821d22622 to remote] DEBUG org.asynchttpclient.netty.request.NettyRequestSender -- Using pooled Channel '[id: 0x03417c29, L:/127.0.0.1:63401 - R:localhost/127.0.0.1:18046]' for 'GET' to 'http://localhost:18046/session/6747135a-728e-429a-9b07-4c0821d22622/url'
22:25:20.679 [Forwarding getCurrentUrl on session 6747135a-728e-429a-9b07-4c0821d22622 to remote] DEBUG org.asynchttpclient.netty.request.NettyRequestSender -- Using open Channel [id: 0x03417c29, L:/127.0.0.1:63401 - R:localhost/127.0.0.1:18046] for GET '/session/6747135a-728e-429a-9b07-4c0821d22622/url'
22:25:20.681 [AsyncHttpClient-1-5] DEBUG org.asynchttpclient.netty.handler.HttpHandler -- 

Request DefaultFullHttpRequest(decodeResult: success, version: HTTP/1.1, content: EmptyByteBufBE)
GET /session/6747135a-728e-429a-9b07-4c0821d22622/url HTTP/1.1
Cache-Control: no-cache
User-Agent: selenium/4.12.0 (java windows)
Content-Type: application/json; charset=utf-8
host: localhost:18046
accept: */*

Response DefaultHttpResponse(decodeResult: success, version: HTTP/1.1)
HTTP/1.1 200 OK
content-type: application/json; charset=utf-8
cache-control: no-cache
content-length: 55
date: Sun, 28 Apr 2024 03:25:20 GMT

22:25:20.681 [AsyncHttpClient-1-5] DEBUG org.asynchttpclient.netty.channel.ChannelManager -- Adding key: http://localhost:18046 for channel [id: 0x03417c29, L:/127.0.0.1:63401 - R:localhost/127.0.0.1:18046]
22:25:20.682 [Forwarding screenshot on session 6747135a-728e-429a-9b07-4c0821d22622 to remote] DEBUG org.asynchttpclient.netty.request.NettyRequestSender -- Using pooled Channel '[id: 0x03417c29, L:/127.0.0.1:63401 - R:localhost/127.0.0.1:18046]' for 'GET' to 'http://localhost:18046/session/6747135a-728e-429a-9b07-4c0821d22622/screenshot'
22:25:20.682 [Forwarding screenshot on session 6747135a-728e-429a-9b07-4c0821d22622 to remote] DEBUG org.asynchttpclient.netty.request.NettyRequestSender -- Using open Channel [id: 0x03417c29, L:/127.0.0.1:63401 - R:localhost/127.0.0.1:18046] for GET '/session/6747135a-728e-429a-9b07-4c0821d22622/screenshot'
22:25:20.750 [AsyncHttpClient-1-5] DEBUG org.asynchttpclient.netty.handler.HttpHandler -- 

Request DefaultFullHttpRequest(decodeResult: success, version: HTTP/1.1, content: EmptyByteBufBE)
GET /session/6747135a-728e-429a-9b07-4c0821d22622/screenshot HTTP/1.1
Cache-Control: no-cache
User-Agent: selenium/4.12.0 (java windows)
Content-Type: application/json; charset=utf-8
host: localhost:18046
accept: */*

Response DefaultHttpResponse(decodeResult: success, version: HTTP/1.1)
HTTP/1.1 200 OK
content-type: application/json; charset=utf-8
cache-control: no-cache
content-length: 598140
date: Sun, 28 Apr 2024 03:25:20 GMT

22:25:20.752 [AsyncHttpClient-1-5] DEBUG org.asynchttpclient.netty.channel.ChannelManager -- Adding key: http://localhost:18046 for channel [id: 0x03417c29, L:/127.0.0.1:63401 - R:localhost/127.0.0.1:18046]
22:25:20.759 [main] DEBUG net.serenitybdd.core.photography.Darkroom -- Send negative for processing for C:\Users\USUARIO\OneDrive\Documentos\02 Automatización\03 Pragma\pragma\pragma\target\site\serenity\66706588ed53fa4d2e91ac2ed12431fbafb791bd4c6c63c2bcc793d2db486ccb.png
22:25:21.711 [AsyncHttpClient-1-1] DEBUG org.asynchttpclient.netty.channel.DefaultChannelPool -- Entry count for : http://localhost:18046 : 1
22:25:21.788 [main] DEBUG net.thucydides.core.steps.StepInterceptor -- STARTING STEP: StepInterceptor.testContext - regresoAlHomePage
22:25:21.790 [Forwarding findElement on session 6747135a-728e-429a-9b07-4c0821d22622 to remote] DEBUG org.asynchttpclient.netty.request.NettyRequestSender -- Using pooled Channel '[id: 0x03417c29, L:/127.0.0.1:63401 - R:localhost/127.0.0.1:18046]' for 'POST' to 'http://localhost:18046/session/6747135a-728e-429a-9b07-4c0821d22622/element'
22:25:21.791 [Forwarding findElement on session 6747135a-728e-429a-9b07-4c0821d22622 to remote] DEBUG org.asynchttpclient.netty.request.NettyRequestSender -- Using open Channel [id: 0x03417c29, L:/127.0.0.1:63401 - R:localhost/127.0.0.1:18046] for POST '/session/6747135a-728e-429a-9b07-4c0821d22622/element'
22:25:21.794 [AsyncHttpClient-1-5] DEBUG org.asynchttpclient.netty.handler.HttpHandler -- 

Request DefaultHttpRequest(decodeResult: success, version: HTTP/1.1)
POST /session/6747135a-728e-429a-9b07-4c0821d22622/element HTTP/1.1
User-Agent: selenium/4.12.0 (java windows)
Content-Length: 75
Content-Type: application/json; charset=utf-8
host: localhost:18046
accept: */*

Response DefaultHttpResponse(decodeResult: success, version: HTTP/1.1)
HTTP/1.1 200 OK
content-type: application/json; charset=utf-8
cache-control: no-cache
content-length: 88
date: Sun, 28 Apr 2024 03:25:21 GMT

22:25:21.794 [AsyncHttpClient-1-5] DEBUG org.asynchttpclient.netty.channel.ChannelManager -- Adding key: http://localhost:18046 for channel [id: 0x03417c29, L:/127.0.0.1:63401 - R:localhost/127.0.0.1:18046]
22:25:21.795 [Forwarding getElementTagName on session 6747135a-728e-429a-9b07-4c0821d22622 to remote] DEBUG org.asynchttpclient.netty.request.NettyRequestSender -- Using pooled Channel '[id: 0x03417c29, L:/127.0.0.1:63401 - R:localhost/127.0.0.1:18046]' for 'GET' to 'http://localhost:18046/session/6747135a-728e-429a-9b07-4c0821d22622/element/433c0436-694e-4a25-bd9c-4c7fc067517a/name'
22:25:21.796 [Forwarding getElementTagName on session 6747135a-728e-429a-9b07-4c0821d22622 to remote] DEBUG org.asynchttpclient.netty.request.NettyRequestSender -- Using open Channel [id: 0x03417c29, L:/127.0.0.1:63401 - R:localhost/127.0.0.1:18046] for GET '/session/6747135a-728e-429a-9b07-4c0821d22622/element/433c0436-694e-4a25-bd9c-4c7fc067517a/name'
22:25:21.798 [AsyncHttpClient-1-5] DEBUG org.asynchttpclient.netty.handler.HttpHandler -- 

Request DefaultFullHttpRequest(decodeResult: success, version: HTTP/1.1, content: EmptyByteBufBE)
GET /session/6747135a-728e-429a-9b07-4c0821d22622/element/433c0436-694e-4a25-bd9c-4c7fc067517a/name HTTP/1.1
Cache-Control: no-cache
User-Agent: selenium/4.12.0 (java windows)
Content-Type: application/json; charset=utf-8
host: localhost:18046
accept: */*

Response DefaultHttpResponse(decodeResult: success, version: HTTP/1.1)
HTTP/1.1 200 OK
content-type: application/json; charset=utf-8
cache-control: no-cache
content-length: 13
date: Sun, 28 Apr 2024 03:25:21 GMT

22:25:21.798 [AsyncHttpClient-1-5] DEBUG org.asynchttpclient.netty.channel.ChannelManager -- Adding key: http://localhost:18046 for channel [id: 0x03417c29, L:/127.0.0.1:63401 - R:localhost/127.0.0.1:18046]
22:25:21.799 [Forwarding getElementTagName on session 6747135a-728e-429a-9b07-4c0821d22622 to remote] DEBUG org.asynchttpclient.netty.request.NettyRequestSender -- Using pooled Channel '[id: 0x03417c29, L:/127.0.0.1:63401 - R:localhost/127.0.0.1:18046]' for 'GET' to 'http://localhost:18046/session/6747135a-728e-429a-9b07-4c0821d22622/element/433c0436-694e-4a25-bd9c-4c7fc067517a/name'
22:25:21.799 [Forwarding getElementTagName on session 6747135a-728e-429a-9b07-4c0821d22622 to remote] DEBUG org.asynchttpclient.netty.request.NettyRequestSender -- Using open Channel [id: 0x03417c29, L:/127.0.0.1:63401 - R:localhost/127.0.0.1:18046] for GET '/session/6747135a-728e-429a-9b07-4c0821d22622/element/433c0436-694e-4a25-bd9c-4c7fc067517a/name'
22:25:21.801 [AsyncHttpClient-1-5] DEBUG org.asynchttpclient.netty.handler.HttpHandler -- 

Request DefaultFullHttpRequest(decodeResult: success, version: HTTP/1.1, content: EmptyByteBufBE)
GET /session/6747135a-728e-429a-9b07-4c0821d22622/element/433c0436-694e-4a25-bd9c-4c7fc067517a/name HTTP/1.1
Cache-Control: no-cache
User-Agent: selenium/4.12.0 (java windows)
Content-Type: application/json; charset=utf-8
host: localhost:18046
accept: */*

Response DefaultHttpResponse(decodeResult: success, version: HTTP/1.1)
HTTP/1.1 200 OK
content-type: application/json; charset=utf-8
cache-control: no-cache
content-length: 13
date: Sun, 28 Apr 2024 03:25:21 GMT

22:25:21.801 [AsyncHttpClient-1-5] DEBUG org.asynchttpclient.netty.channel.ChannelManager -- Adding key: http://localhost:18046 for channel [id: 0x03417c29, L:/127.0.0.1:63401 - R:localhost/127.0.0.1:18046]
22:25:21.802 [Forwarding findElement on session 6747135a-728e-429a-9b07-4c0821d22622 to remote] DEBUG org.asynchttpclient.netty.request.NettyRequestSender -- Using pooled Channel '[id: 0x03417c29, L:/127.0.0.1:63401 - R:localhost/127.0.0.1:18046]' for 'POST' to 'http://localhost:18046/session/6747135a-728e-429a-9b07-4c0821d22622/element'
22:25:21.802 [Forwarding findElement on session 6747135a-728e-429a-9b07-4c0821d22622 to remote] DEBUG org.asynchttpclient.netty.request.NettyRequestSender -- Using open Channel [id: 0x03417c29, L:/127.0.0.1:63401 - R:localhost/127.0.0.1:18046] for POST '/session/6747135a-728e-429a-9b07-4c0821d22622/element'
22:25:21.804 [AsyncHttpClient-1-5] DEBUG org.asynchttpclient.netty.handler.HttpHandler -- 

Request DefaultHttpRequest(decodeResult: success, version: HTTP/1.1)
POST /session/6747135a-728e-429a-9b07-4c0821d22622/element HTTP/1.1
User-Agent: selenium/4.12.0 (java windows)
Content-Length: 75
Content-Type: application/json; charset=utf-8
host: localhost:18046
accept: */*

Response DefaultHttpResponse(decodeResult: success, version: HTTP/1.1)
HTTP/1.1 200 OK
content-type: application/json; charset=utf-8
cache-control: no-cache
content-length: 88
date: Sun, 28 Apr 2024 03:25:21 GMT

22:25:21.804 [AsyncHttpClient-1-5] DEBUG org.asynchttpclient.netty.channel.ChannelManager -- Adding key: http://localhost:18046 for channel [id: 0x03417c29, L:/127.0.0.1:63401 - R:localhost/127.0.0.1:18046]
22:25:21.804 [Forwarding clickElement on session 6747135a-728e-429a-9b07-4c0821d22622 to remote] DEBUG org.asynchttpclient.netty.request.NettyRequestSender -- Using pooled Channel '[id: 0x03417c29, L:/127.0.0.1:63401 - R:localhost/127.0.0.1:18046]' for 'POST' to 'http://localhost:18046/session/6747135a-728e-429a-9b07-4c0821d22622/element/433c0436-694e-4a25-bd9c-4c7fc067517a/click'
22:25:21.804 [Forwarding clickElement on session 6747135a-728e-429a-9b07-4c0821d22622 to remote] DEBUG org.asynchttpclient.netty.request.NettyRequestSender -- Using open Channel [id: 0x03417c29, L:/127.0.0.1:63401 - R:localhost/127.0.0.1:18046] for POST '/session/6747135a-728e-429a-9b07-4c0821d22622/element/433c0436-694e-4a25-bd9c-4c7fc067517a/click'
22:25:22.151 [AsyncHttpClient-1-5] DEBUG org.asynchttpclient.netty.handler.HttpHandler -- 

Request DefaultHttpRequest(decodeResult: success, version: HTTP/1.1)
POST /session/6747135a-728e-429a-9b07-4c0821d22622/element/433c0436-694e-4a25-bd9c-4c7fc067517a/click HTTP/1.1
User-Agent: selenium/4.12.0 (java windows)
Content-Length: 50
Content-Type: application/json; charset=utf-8
host: localhost:18046
accept: */*

Response DefaultHttpResponse(decodeResult: success, version: HTTP/1.1)
HTTP/1.1 200 OK
content-type: application/json; charset=utf-8
cache-control: no-cache
content-length: 14
date: Sun, 28 Apr 2024 03:25:21 GMT

22:25:22.151 [AsyncHttpClient-1-5] DEBUG org.asynchttpclient.netty.channel.ChannelManager -- Adding key: http://localhost:18046 for channel [id: 0x03417c29, L:/127.0.0.1:63401 - R:localhost/127.0.0.1:18046]
22:25:22.155 [Forwarding getAlertText on session 6747135a-728e-429a-9b07-4c0821d22622 to remote] DEBUG org.asynchttpclient.netty.request.NettyRequestSender -- Using pooled Channel '[id: 0x03417c29, L:/127.0.0.1:63401 - R:localhost/127.0.0.1:18046]' for 'GET' to 'http://localhost:18046/session/6747135a-728e-429a-9b07-4c0821d22622/alert/text'
22:25:22.155 [Forwarding getAlertText on session 6747135a-728e-429a-9b07-4c0821d22622 to remote] DEBUG org.asynchttpclient.netty.request.NettyRequestSender -- Using open Channel [id: 0x03417c29, L:/127.0.0.1:63401 - R:localhost/127.0.0.1:18046] for GET '/session/6747135a-728e-429a-9b07-4c0821d22622/alert/text'
22:25:22.156 [AsyncHttpClient-1-5] DEBUG org.asynchttpclient.netty.handler.HttpHandler -- 

Request DefaultFullHttpRequest(decodeResult: success, version: HTTP/1.1, content: EmptyByteBufBE)
GET /session/6747135a-728e-429a-9b07-4c0821d22622/alert/text HTTP/1.1
Cache-Control: no-cache
User-Agent: selenium/4.12.0 (java windows)
Content-Type: application/json; charset=utf-8
host: localhost:18046
accept: */*

Response DefaultHttpResponse(decodeResult: success, version: HTTP/1.1)
HTTP/1.1 404 Not Found
content-type: application/json; charset=utf-8
cache-control: no-cache
content-length: 842
date: Sun, 28 Apr 2024 03:25:21 GMT

22:25:22.156 [AsyncHttpClient-1-5] DEBUG org.asynchttpclient.netty.channel.ChannelManager -- Adding key: http://localhost:18046 for channel [id: 0x03417c29, L:/127.0.0.1:63401 - R:localhost/127.0.0.1:18046]
22:25:22.157 [Forwarding getCurrentUrl on session 6747135a-728e-429a-9b07-4c0821d22622 to remote] DEBUG org.asynchttpclient.netty.request.NettyRequestSender -- Using pooled Channel '[id: 0x03417c29, L:/127.0.0.1:63401 - R:localhost/127.0.0.1:18046]' for 'GET' to 'http://localhost:18046/session/6747135a-728e-429a-9b07-4c0821d22622/url'
22:25:22.157 [Forwarding getCurrentUrl on session 6747135a-728e-429a-9b07-4c0821d22622 to remote] DEBUG org.asynchttpclient.netty.request.NettyRequestSender -- Using open Channel [id: 0x03417c29, L:/127.0.0.1:63401 - R:localhost/127.0.0.1:18046] for GET '/session/6747135a-728e-429a-9b07-4c0821d22622/url'
22:25:22.158 [AsyncHttpClient-1-5] DEBUG org.asynchttpclient.netty.handler.HttpHandler -- 

Request DefaultFullHttpRequest(decodeResult: success, version: HTTP/1.1, content: EmptyByteBufBE)
GET /session/6747135a-728e-429a-9b07-4c0821d22622/url HTTP/1.1
Cache-Control: no-cache
User-Agent: selenium/4.12.0 (java windows)
Content-Type: application/json; charset=utf-8
host: localhost:18046
accept: */*

Response DefaultHttpResponse(decodeResult: success, version: HTTP/1.1)
HTTP/1.1 200 OK
content-type: application/json; charset=utf-8
cache-control: no-cache
content-length: 48
date: Sun, 28 Apr 2024 03:25:21 GMT

22:25:22.158 [AsyncHttpClient-1-5] DEBUG org.asynchttpclient.netty.channel.ChannelManager -- Adding key: http://localhost:18046 for channel [id: 0x03417c29, L:/127.0.0.1:63401 - R:localhost/127.0.0.1:18046]
22:25:22.158 [Forwarding screenshot on session 6747135a-728e-429a-9b07-4c0821d22622 to remote] DEBUG org.asynchttpclient.netty.request.NettyRequestSender -- Using pooled Channel '[id: 0x03417c29, L:/127.0.0.1:63401 - R:localhost/127.0.0.1:18046]' for 'GET' to 'http://localhost:18046/session/6747135a-728e-429a-9b07-4c0821d22622/screenshot'
22:25:22.158 [Forwarding screenshot on session 6747135a-728e-429a-9b07-4c0821d22622 to remote] DEBUG org.asynchttpclient.netty.request.NettyRequestSender -- Using open Channel [id: 0x03417c29, L:/127.0.0.1:63401 - R:localhost/127.0.0.1:18046] for GET '/session/6747135a-728e-429a-9b07-4c0821d22622/screenshot'
22:25:22.219 [AsyncHttpClient-1-5] DEBUG org.asynchttpclient.netty.handler.HttpHandler -- 

Request DefaultFullHttpRequest(decodeResult: success, version: HTTP/1.1, content: EmptyByteBufBE)
GET /session/6747135a-728e-429a-9b07-4c0821d22622/screenshot HTTP/1.1
Cache-Control: no-cache
User-Agent: selenium/4.12.0 (java windows)
Content-Type: application/json; charset=utf-8
host: localhost:18046
accept: */*

Response DefaultHttpResponse(decodeResult: success, version: HTTP/1.1)
HTTP/1.1 200 OK
content-type: application/json; charset=utf-8
cache-control: no-cache
content-length: 504948
date: Sun, 28 Apr 2024 03:25:21 GMT

22:25:22.220 [AsyncHttpClient-1-5] DEBUG org.asynchttpclient.netty.channel.ChannelManager -- Adding key: http://localhost:18046 for channel [id: 0x03417c29, L:/127.0.0.1:63401 - R:localhost/127.0.0.1:18046]
22:25:22.225 [main] DEBUG net.serenitybdd.core.photography.Darkroom -- Send negative for processing for C:\Users\USUARIO\OneDrive\Documentos\02 Automatización\03 Pragma\pragma\pragma\target\site\serenity\4ee8a2605a1cdda36c2b7788194c259ded3d98d35a623d38fa3b86f65a89fac1.png
22:25:22.813 [AsyncHttpClient-1-1] DEBUG org.asynchttpclient.netty.channel.DefaultChannelPool -- Entry count for : http://localhost:18046 : 1
22:25:23.234 [main] DEBUG net.thucydides.core.steps.StepInterceptor -- STEP DONE: regresoAlHomePage
22:25:23.236 [Forwarding getAlertText on session 6747135a-728e-429a-9b07-4c0821d22622 to remote] DEBUG org.asynchttpclient.netty.request.NettyRequestSender -- Using pooled Channel '[id: 0x03417c29, L:/127.0.0.1:63401 - R:localhost/127.0.0.1:18046]' for 'GET' to 'http://localhost:18046/session/6747135a-728e-429a-9b07-4c0821d22622/alert/text'
22:25:23.236 [Forwarding getAlertText on session 6747135a-728e-429a-9b07-4c0821d22622 to remote] DEBUG org.asynchttpclient.netty.request.NettyRequestSender -- Using open Channel [id: 0x03417c29, L:/127.0.0.1:63401 - R:localhost/127.0.0.1:18046] for GET '/session/6747135a-728e-429a-9b07-4c0821d22622/alert/text'
22:25:23.237 [AsyncHttpClient-1-5] DEBUG org.asynchttpclient.netty.handler.HttpHandler -- 

Request DefaultFullHttpRequest(decodeResult: success, version: HTTP/1.1, content: EmptyByteBufBE)
GET /session/6747135a-728e-429a-9b07-4c0821d22622/alert/text HTTP/1.1
Cache-Control: no-cache
User-Agent: selenium/4.12.0 (java windows)
Content-Type: application/json; charset=utf-8
host: localhost:18046
accept: */*

Response DefaultHttpResponse(decodeResult: success, version: HTTP/1.1)
HTTP/1.1 404 Not Found
content-type: application/json; charset=utf-8
cache-control: no-cache
content-length: 842
date: Sun, 28 Apr 2024 03:25:23 GMT

22:25:23.238 [AsyncHttpClient-1-5] DEBUG org.asynchttpclient.netty.channel.ChannelManager -- Adding key: http://localhost:18046 for channel [id: 0x03417c29, L:/127.0.0.1:63401 - R:localhost/127.0.0.1:18046]
22:25:23.238 [Forwarding getCurrentUrl on session 6747135a-728e-429a-9b07-4c0821d22622 to remote] DEBUG org.asynchttpclient.netty.request.NettyRequestSender -- Using pooled Channel '[id: 0x03417c29, L:/127.0.0.1:63401 - R:localhost/127.0.0.1:18046]' for 'GET' to 'http://localhost:18046/session/6747135a-728e-429a-9b07-4c0821d22622/url'
22:25:23.238 [Forwarding getCurrentUrl on session 6747135a-728e-429a-9b07-4c0821d22622 to remote] DEBUG org.asynchttpclient.netty.request.NettyRequestSender -- Using open Channel [id: 0x03417c29, L:/127.0.0.1:63401 - R:localhost/127.0.0.1:18046] for GET '/session/6747135a-728e-429a-9b07-4c0821d22622/url'
22:25:23.239 [AsyncHttpClient-1-5] DEBUG org.asynchttpclient.netty.handler.HttpHandler -- 

Request DefaultFullHttpRequest(decodeResult: success, version: HTTP/1.1, content: EmptyByteBufBE)
GET /session/6747135a-728e-429a-9b07-4c0821d22622/url HTTP/1.1
Cache-Control: no-cache
User-Agent: selenium/4.12.0 (java windows)
Content-Type: application/json; charset=utf-8
host: localhost:18046
accept: */*

Response DefaultHttpResponse(decodeResult: success, version: HTTP/1.1)
HTTP/1.1 200 OK
content-type: application/json; charset=utf-8
cache-control: no-cache
content-length: 48
date: Sun, 28 Apr 2024 03:25:23 GMT

22:25:23.239 [AsyncHttpClient-1-5] DEBUG org.asynchttpclient.netty.channel.ChannelManager -- Adding key: http://localhost:18046 for channel [id: 0x03417c29, L:/127.0.0.1:63401 - R:localhost/127.0.0.1:18046]
22:25:23.239 [Forwarding screenshot on session 6747135a-728e-429a-9b07-4c0821d22622 to remote] DEBUG org.asynchttpclient.netty.request.NettyRequestSender -- Using pooled Channel '[id: 0x03417c29, L:/127.0.0.1:63401 - R:localhost/127.0.0.1:18046]' for 'GET' to 'http://localhost:18046/session/6747135a-728e-429a-9b07-4c0821d22622/screenshot'
22:25:23.239 [Forwarding screenshot on session 6747135a-728e-429a-9b07-4c0821d22622 to remote] DEBUG org.asynchttpclient.netty.request.NettyRequestSender -- Using open Channel [id: 0x03417c29, L:/127.0.0.1:63401 - R:localhost/127.0.0.1:18046] for GET '/session/6747135a-728e-429a-9b07-4c0821d22622/screenshot'
22:25:23.308 [AsyncHttpClient-1-5] DEBUG org.asynchttpclient.netty.handler.HttpHandler -- 

Request DefaultFullHttpRequest(decodeResult: success, version: HTTP/1.1, content: EmptyByteBufBE)
GET /session/6747135a-728e-429a-9b07-4c0821d22622/screenshot HTTP/1.1
Cache-Control: no-cache
User-Agent: selenium/4.12.0 (java windows)
Content-Type: application/json; charset=utf-8
host: localhost:18046
accept: */*

Response DefaultHttpResponse(decodeResult: success, version: HTTP/1.1)
HTTP/1.1 200 OK
content-type: application/json; charset=utf-8
cache-control: no-cache
content-length: 800340
date: Sun, 28 Apr 2024 03:25:23 GMT

22:25:23.309 [AsyncHttpClient-1-5] DEBUG org.asynchttpclient.netty.channel.ChannelManager -- Adding key: http://localhost:18046 for channel [id: 0x03417c29, L:/127.0.0.1:63401 - R:localhost/127.0.0.1:18046]
22:25:23.327 [main] DEBUG net.serenitybdd.core.photography.Darkroom -- Send negative for processing for C:\Users\USUARIO\OneDrive\Documentos\02 Automatización\03 Pragma\pragma\pragma\target\site\serenity\c6d2d59253a3c52d8b8db4ad723f6da73641757028d146bd6c52f7f99c9aebe9.png
22:25:23.910 [AsyncHttpClient-1-1] DEBUG org.asynchttpclient.netty.channel.DefaultChannelPool -- Entry count for : http://localhost:18046 : 1
22:25:24.349 [main] DEBUG net.thucydides.core.steps.StepInterceptor -- STARTING STEP: StepInterceptor.testContext - ingresoACategoria
22:25:24.352 [Forwarding findElement on session 6747135a-728e-429a-9b07-4c0821d22622 to remote] DEBUG org.asynchttpclient.netty.request.NettyRequestSender -- Using pooled Channel '[id: 0x03417c29, L:/127.0.0.1:63401 - R:localhost/127.0.0.1:18046]' for 'POST' to 'http://localhost:18046/session/6747135a-728e-429a-9b07-4c0821d22622/element'
22:25:24.352 [Forwarding findElement on session 6747135a-728e-429a-9b07-4c0821d22622 to remote] DEBUG org.asynchttpclient.netty.request.NettyRequestSender -- Using open Channel [id: 0x03417c29, L:/127.0.0.1:63401 - R:localhost/127.0.0.1:18046] for POST '/session/6747135a-728e-429a-9b07-4c0821d22622/element'
22:25:24.356 [AsyncHttpClient-1-5] DEBUG org.asynchttpclient.netty.handler.HttpHandler -- 

Request DefaultHttpRequest(decodeResult: success, version: HTTP/1.1)
POST /session/6747135a-728e-429a-9b07-4c0821d22622/element HTTP/1.1
User-Agent: selenium/4.12.0 (java windows)
Content-Length: 78
Content-Type: application/json; charset=utf-8
host: localhost:18046
accept: */*

Response DefaultHttpResponse(decodeResult: success, version: HTTP/1.1)
HTTP/1.1 200 OK
content-type: application/json; charset=utf-8
cache-control: no-cache
content-length: 88
date: Sun, 28 Apr 2024 03:25:24 GMT

22:25:24.356 [AsyncHttpClient-1-5] DEBUG org.asynchttpclient.netty.channel.ChannelManager -- Adding key: http://localhost:18046 for channel [id: 0x03417c29, L:/127.0.0.1:63401 - R:localhost/127.0.0.1:18046]
22:25:24.358 [Forwarding getElementTagName on session 6747135a-728e-429a-9b07-4c0821d22622 to remote] DEBUG org.asynchttpclient.netty.request.NettyRequestSender -- Using pooled Channel '[id: 0x03417c29, L:/127.0.0.1:63401 - R:localhost/127.0.0.1:18046]' for 'GET' to 'http://localhost:18046/session/6747135a-728e-429a-9b07-4c0821d22622/element/65189eda-0c36-4fdb-b104-faebf8098883/name'
22:25:24.358 [Forwarding getElementTagName on session 6747135a-728e-429a-9b07-4c0821d22622 to remote] DEBUG org.asynchttpclient.netty.request.NettyRequestSender -- Using open Channel [id: 0x03417c29, L:/127.0.0.1:63401 - R:localhost/127.0.0.1:18046] for GET '/session/6747135a-728e-429a-9b07-4c0821d22622/element/65189eda-0c36-4fdb-b104-faebf8098883/name'
22:25:24.360 [AsyncHttpClient-1-5] DEBUG org.asynchttpclient.netty.handler.HttpHandler -- 

Request DefaultFullHttpRequest(decodeResult: success, version: HTTP/1.1, content: EmptyByteBufBE)
GET /session/6747135a-728e-429a-9b07-4c0821d22622/element/65189eda-0c36-4fdb-b104-faebf8098883/name HTTP/1.1
Cache-Control: no-cache
User-Agent: selenium/4.12.0 (java windows)
Content-Type: application/json; charset=utf-8
host: localhost:18046
accept: */*

Response DefaultHttpResponse(decodeResult: success, version: HTTP/1.1)
HTTP/1.1 200 OK
content-type: application/json; charset=utf-8
cache-control: no-cache
content-length: 13
date: Sun, 28 Apr 2024 03:25:24 GMT

22:25:24.360 [AsyncHttpClient-1-5] DEBUG org.asynchttpclient.netty.channel.ChannelManager -- Adding key: http://localhost:18046 for channel [id: 0x03417c29, L:/127.0.0.1:63401 - R:localhost/127.0.0.1:18046]
22:25:24.361 [Forwarding getElementTagName on session 6747135a-728e-429a-9b07-4c0821d22622 to remote] DEBUG org.asynchttpclient.netty.request.NettyRequestSender -- Using pooled Channel '[id: 0x03417c29, L:/127.0.0.1:63401 - R:localhost/127.0.0.1:18046]' for 'GET' to 'http://localhost:18046/session/6747135a-728e-429a-9b07-4c0821d22622/element/65189eda-0c36-4fdb-b104-faebf8098883/name'
22:25:24.361 [Forwarding getElementTagName on session 6747135a-728e-429a-9b07-4c0821d22622 to remote] DEBUG org.asynchttpclient.netty.request.NettyRequestSender -- Using open Channel [id: 0x03417c29, L:/127.0.0.1:63401 - R:localhost/127.0.0.1:18046] for GET '/session/6747135a-728e-429a-9b07-4c0821d22622/element/65189eda-0c36-4fdb-b104-faebf8098883/name'
22:25:24.363 [AsyncHttpClient-1-5] DEBUG org.asynchttpclient.netty.handler.HttpHandler -- 

Request DefaultFullHttpRequest(decodeResult: success, version: HTTP/1.1, content: EmptyByteBufBE)
GET /session/6747135a-728e-429a-9b07-4c0821d22622/element/65189eda-0c36-4fdb-b104-faebf8098883/name HTTP/1.1
Cache-Control: no-cache
User-Agent: selenium/4.12.0 (java windows)
Content-Type: application/json; charset=utf-8
host: localhost:18046
accept: */*

Response DefaultHttpResponse(decodeResult: success, version: HTTP/1.1)
HTTP/1.1 200 OK
content-type: application/json; charset=utf-8
cache-control: no-cache
content-length: 13
date: Sun, 28 Apr 2024 03:25:24 GMT

22:25:24.364 [AsyncHttpClient-1-5] DEBUG org.asynchttpclient.netty.channel.ChannelManager -- Adding key: http://localhost:18046 for channel [id: 0x03417c29, L:/127.0.0.1:63401 - R:localhost/127.0.0.1:18046]
22:25:24.365 [Forwarding findElement on session 6747135a-728e-429a-9b07-4c0821d22622 to remote] DEBUG org.asynchttpclient.netty.request.NettyRequestSender -- Using pooled Channel '[id: 0x03417c29, L:/127.0.0.1:63401 - R:localhost/127.0.0.1:18046]' for 'POST' to 'http://localhost:18046/session/6747135a-728e-429a-9b07-4c0821d22622/element'
22:25:24.365 [Forwarding findElement on session 6747135a-728e-429a-9b07-4c0821d22622 to remote] DEBUG org.asynchttpclient.netty.request.NettyRequestSender -- Using open Channel [id: 0x03417c29, L:/127.0.0.1:63401 - R:localhost/127.0.0.1:18046] for POST '/session/6747135a-728e-429a-9b07-4c0821d22622/element'
22:25:24.368 [AsyncHttpClient-1-5] DEBUG org.asynchttpclient.netty.handler.HttpHandler -- 

Request DefaultHttpRequest(decodeResult: success, version: HTTP/1.1)
POST /session/6747135a-728e-429a-9b07-4c0821d22622/element HTTP/1.1
User-Agent: selenium/4.12.0 (java windows)
Content-Length: 78
Content-Type: application/json; charset=utf-8
host: localhost:18046
accept: */*

Response DefaultHttpResponse(decodeResult: success, version: HTTP/1.1)
HTTP/1.1 200 OK
content-type: application/json; charset=utf-8
cache-control: no-cache
content-length: 88
date: Sun, 28 Apr 2024 03:25:24 GMT

22:25:24.368 [AsyncHttpClient-1-5] DEBUG org.asynchttpclient.netty.channel.ChannelManager -- Adding key: http://localhost:18046 for channel [id: 0x03417c29, L:/127.0.0.1:63401 - R:localhost/127.0.0.1:18046]
22:25:24.369 [Forwarding clickElement on session 6747135a-728e-429a-9b07-4c0821d22622 to remote] DEBUG org.asynchttpclient.netty.request.NettyRequestSender -- Using pooled Channel '[id: 0x03417c29, L:/127.0.0.1:63401 - R:localhost/127.0.0.1:18046]' for 'POST' to 'http://localhost:18046/session/6747135a-728e-429a-9b07-4c0821d22622/element/65189eda-0c36-4fdb-b104-faebf8098883/click'
22:25:24.369 [Forwarding clickElement on session 6747135a-728e-429a-9b07-4c0821d22622 to remote] DEBUG org.asynchttpclient.netty.request.NettyRequestSender -- Using open Channel [id: 0x03417c29, L:/127.0.0.1:63401 - R:localhost/127.0.0.1:18046] for POST '/session/6747135a-728e-429a-9b07-4c0821d22622/element/65189eda-0c36-4fdb-b104-faebf8098883/click'
22:25:24.381 [AsyncHttpClient-1-5] DEBUG org.asynchttpclient.netty.handler.HttpHandler -- 

Request DefaultHttpRequest(decodeResult: success, version: HTTP/1.1)
POST /session/6747135a-728e-429a-9b07-4c0821d22622/element/65189eda-0c36-4fdb-b104-faebf8098883/click HTTP/1.1
User-Agent: selenium/4.12.0 (java windows)
Content-Length: 50
Content-Type: application/json; charset=utf-8
host: localhost:18046
accept: */*

Response DefaultHttpResponse(decodeResult: success, version: HTTP/1.1)
HTTP/1.1 200 OK
content-type: application/json; charset=utf-8
cache-control: no-cache
content-length: 14
date: Sun, 28 Apr 2024 03:25:24 GMT

22:25:24.381 [AsyncHttpClient-1-5] DEBUG org.asynchttpclient.netty.channel.ChannelManager -- Adding key: http://localhost:18046 for channel [id: 0x03417c29, L:/127.0.0.1:63401 - R:localhost/127.0.0.1:18046]
22:25:24.385 [Forwarding getAlertText on session 6747135a-728e-429a-9b07-4c0821d22622 to remote] DEBUG org.asynchttpclient.netty.request.NettyRequestSender -- Using pooled Channel '[id: 0x03417c29, L:/127.0.0.1:63401 - R:localhost/127.0.0.1:18046]' for 'GET' to 'http://localhost:18046/session/6747135a-728e-429a-9b07-4c0821d22622/alert/text'
22:25:24.385 [Forwarding getAlertText on session 6747135a-728e-429a-9b07-4c0821d22622 to remote] DEBUG org.asynchttpclient.netty.request.NettyRequestSender -- Using open Channel [id: 0x03417c29, L:/127.0.0.1:63401 - R:localhost/127.0.0.1:18046] for GET '/session/6747135a-728e-429a-9b07-4c0821d22622/alert/text'
22:25:24.386 [AsyncHttpClient-1-5] DEBUG org.asynchttpclient.netty.handler.HttpHandler -- 

Request DefaultFullHttpRequest(decodeResult: success, version: HTTP/1.1, content: EmptyByteBufBE)
GET /session/6747135a-728e-429a-9b07-4c0821d22622/alert/text HTTP/1.1
Cache-Control: no-cache
User-Agent: selenium/4.12.0 (java windows)
Content-Type: application/json; charset=utf-8
host: localhost:18046
accept: */*

Response DefaultHttpResponse(decodeResult: success, version: HTTP/1.1)
HTTP/1.1 404 Not Found
content-type: application/json; charset=utf-8
cache-control: no-cache
content-length: 842
date: Sun, 28 Apr 2024 03:25:24 GMT

22:25:24.386 [AsyncHttpClient-1-5] DEBUG org.asynchttpclient.netty.channel.ChannelManager -- Adding key: http://localhost:18046 for channel [id: 0x03417c29, L:/127.0.0.1:63401 - R:localhost/127.0.0.1:18046]
22:25:24.387 [Forwarding getCurrentUrl on session 6747135a-728e-429a-9b07-4c0821d22622 to remote] DEBUG org.asynchttpclient.netty.request.NettyRequestSender -- Using pooled Channel '[id: 0x03417c29, L:/127.0.0.1:63401 - R:localhost/127.0.0.1:18046]' for 'GET' to 'http://localhost:18046/session/6747135a-728e-429a-9b07-4c0821d22622/url'
22:25:24.387 [Forwarding getCurrentUrl on session 6747135a-728e-429a-9b07-4c0821d22622 to remote] DEBUG org.asynchttpclient.netty.request.NettyRequestSender -- Using open Channel [id: 0x03417c29, L:/127.0.0.1:63401 - R:localhost/127.0.0.1:18046] for GET '/session/6747135a-728e-429a-9b07-4c0821d22622/url'
22:25:24.388 [AsyncHttpClient-1-5] DEBUG org.asynchttpclient.netty.handler.HttpHandler -- 

Request DefaultFullHttpRequest(decodeResult: success, version: HTTP/1.1, content: EmptyByteBufBE)
GET /session/6747135a-728e-429a-9b07-4c0821d22622/url HTTP/1.1
Cache-Control: no-cache
User-Agent: selenium/4.12.0 (java windows)
Content-Type: application/json; charset=utf-8
host: localhost:18046
accept: */*

Response DefaultHttpResponse(decodeResult: success, version: HTTP/1.1)
HTTP/1.1 200 OK
content-type: application/json; charset=utf-8
cache-control: no-cache
content-length: 49
date: Sun, 28 Apr 2024 03:25:24 GMT

22:25:24.388 [AsyncHttpClient-1-5] DEBUG org.asynchttpclient.netty.channel.ChannelManager -- Adding key: http://localhost:18046 for channel [id: 0x03417c29, L:/127.0.0.1:63401 - R:localhost/127.0.0.1:18046]
22:25:24.388 [Forwarding screenshot on session 6747135a-728e-429a-9b07-4c0821d22622 to remote] DEBUG org.asynchttpclient.netty.request.NettyRequestSender -- Using pooled Channel '[id: 0x03417c29, L:/127.0.0.1:63401 - R:localhost/127.0.0.1:18046]' for 'GET' to 'http://localhost:18046/session/6747135a-728e-429a-9b07-4c0821d22622/screenshot'
22:25:24.388 [Forwarding screenshot on session 6747135a-728e-429a-9b07-4c0821d22622 to remote] DEBUG org.asynchttpclient.netty.request.NettyRequestSender -- Using open Channel [id: 0x03417c29, L:/127.0.0.1:63401 - R:localhost/127.0.0.1:18046] for GET '/session/6747135a-728e-429a-9b07-4c0821d22622/screenshot'
22:25:24.462 [AsyncHttpClient-1-5] DEBUG org.asynchttpclient.netty.handler.HttpHandler -- 

Request DefaultFullHttpRequest(decodeResult: success, version: HTTP/1.1, content: EmptyByteBufBE)
GET /session/6747135a-728e-429a-9b07-4c0821d22622/screenshot HTTP/1.1
Cache-Control: no-cache
User-Agent: selenium/4.12.0 (java windows)
Content-Type: application/json; charset=utf-8
host: localhost:18046
accept: */*

Response DefaultHttpResponse(decodeResult: success, version: HTTP/1.1)
HTTP/1.1 200 OK
content-type: application/json; charset=utf-8
cache-control: no-cache
content-length: 800340
date: Sun, 28 Apr 2024 03:25:24 GMT

22:25:24.463 [AsyncHttpClient-1-5] DEBUG org.asynchttpclient.netty.channel.ChannelManager -- Adding key: http://localhost:18046 for channel [id: 0x03417c29, L:/127.0.0.1:63401 - R:localhost/127.0.0.1:18046]
22:25:24.481 [main] DEBUG net.serenitybdd.core.photography.Darkroom -- Send negative for processing for C:\Users\USUARIO\OneDrive\Documentos\02 Automatización\03 Pragma\pragma\pragma\target\site\serenity\c6d2d59253a3c52d8b8db4ad723f6da73641757028d146bd6c52f7f99c9aebe9.png
22:25:25.025 [AsyncHttpClient-1-1] DEBUG org.asynchttpclient.netty.channel.DefaultChannelPool -- Entry count for : http://localhost:18046 : 1
22:25:25.490 [main] DEBUG net.thucydides.core.steps.StepInterceptor -- STEP DONE: ingresoACategoria
22:25:25.499 [Forwarding getAlertText on session 6747135a-728e-429a-9b07-4c0821d22622 to remote] DEBUG org.asynchttpclient.netty.request.NettyRequestSender -- Using pooled Channel '[id: 0x03417c29, L:/127.0.0.1:63401 - R:localhost/127.0.0.1:18046]' for 'GET' to 'http://localhost:18046/session/6747135a-728e-429a-9b07-4c0821d22622/alert/text'
22:25:25.500 [Forwarding getAlertText on session 6747135a-728e-429a-9b07-4c0821d22622 to remote] DEBUG org.asynchttpclient.netty.request.NettyRequestSender -- Using open Channel [id: 0x03417c29, L:/127.0.0.1:63401 - R:localhost/127.0.0.1:18046] for GET '/session/6747135a-728e-429a-9b07-4c0821d22622/alert/text'
22:25:25.501 [AsyncHttpClient-1-5] DEBUG org.asynchttpclient.netty.handler.HttpHandler -- 

Request DefaultFullHttpRequest(decodeResult: success, version: HTTP/1.1, content: EmptyByteBufBE)
GET /session/6747135a-728e-429a-9b07-4c0821d22622/alert/text HTTP/1.1
Cache-Control: no-cache
User-Agent: selenium/4.12.0 (java windows)
Content-Type: application/json; charset=utf-8
host: localhost:18046
accept: */*

Response DefaultHttpResponse(decodeResult: success, version: HTTP/1.1)
HTTP/1.1 404 Not Found
content-type: application/json; charset=utf-8
cache-control: no-cache
content-length: 842
date: Sun, 28 Apr 2024 03:25:25 GMT

22:25:25.503 [AsyncHttpClient-1-5] DEBUG org.asynchttpclient.netty.channel.ChannelManager -- Adding key: http://localhost:18046 for channel [id: 0x03417c29, L:/127.0.0.1:63401 - R:localhost/127.0.0.1:18046]
22:25:25.503 [Forwarding getCurrentUrl on session 6747135a-728e-429a-9b07-4c0821d22622 to remote] DEBUG org.asynchttpclient.netty.request.NettyRequestSender -- Using pooled Channel '[id: 0x03417c29, L:/127.0.0.1:63401 - R:localhost/127.0.0.1:18046]' for 'GET' to 'http://localhost:18046/session/6747135a-728e-429a-9b07-4c0821d22622/url'
22:25:25.503 [Forwarding getCurrentUrl on session 6747135a-728e-429a-9b07-4c0821d22622 to remote] DEBUG org.asynchttpclient.netty.request.NettyRequestSender -- Using open Channel [id: 0x03417c29, L:/127.0.0.1:63401 - R:localhost/127.0.0.1:18046] for GET '/session/6747135a-728e-429a-9b07-4c0821d22622/url'
22:25:25.504 [AsyncHttpClient-1-5] DEBUG org.asynchttpclient.netty.handler.HttpHandler -- 

Request DefaultFullHttpRequest(decodeResult: success, version: HTTP/1.1, content: EmptyByteBufBE)
GET /session/6747135a-728e-429a-9b07-4c0821d22622/url HTTP/1.1
Cache-Control: no-cache
User-Agent: selenium/4.12.0 (java windows)
Content-Type: application/json; charset=utf-8
host: localhost:18046
accept: */*

Response DefaultHttpResponse(decodeResult: success, version: HTTP/1.1)
HTTP/1.1 200 OK
content-type: application/json; charset=utf-8
cache-control: no-cache
content-length: 49
date: Sun, 28 Apr 2024 03:25:25 GMT

22:25:25.504 [AsyncHttpClient-1-5] DEBUG org.asynchttpclient.netty.channel.ChannelManager -- Adding key: http://localhost:18046 for channel [id: 0x03417c29, L:/127.0.0.1:63401 - R:localhost/127.0.0.1:18046]
22:25:25.505 [Forwarding screenshot on session 6747135a-728e-429a-9b07-4c0821d22622 to remote] DEBUG org.asynchttpclient.netty.request.NettyRequestSender -- Using pooled Channel '[id: 0x03417c29, L:/127.0.0.1:63401 - R:localhost/127.0.0.1:18046]' for 'GET' to 'http://localhost:18046/session/6747135a-728e-429a-9b07-4c0821d22622/screenshot'
22:25:25.505 [Forwarding screenshot on session 6747135a-728e-429a-9b07-4c0821d22622 to remote] DEBUG org.asynchttpclient.netty.request.NettyRequestSender -- Using open Channel [id: 0x03417c29, L:/127.0.0.1:63401 - R:localhost/127.0.0.1:18046] for GET '/session/6747135a-728e-429a-9b07-4c0821d22622/screenshot'
22:25:25.561 [AsyncHttpClient-1-5] DEBUG org.asynchttpclient.netty.handler.HttpHandler -- 

Request DefaultFullHttpRequest(decodeResult: success, version: HTTP/1.1, content: EmptyByteBufBE)
GET /session/6747135a-728e-429a-9b07-4c0821d22622/screenshot HTTP/1.1
Cache-Control: no-cache
User-Agent: selenium/4.12.0 (java windows)
Content-Type: application/json; charset=utf-8
host: localhost:18046
accept: */*

Response DefaultHttpResponse(decodeResult: success, version: HTTP/1.1)
HTTP/1.1 200 OK
content-type: application/json; charset=utf-8
cache-control: no-cache
content-length: 548564
date: Sun, 28 Apr 2024 03:25:25 GMT

22:25:25.561 [AsyncHttpClient-1-5] DEBUG org.asynchttpclient.netty.channel.ChannelManager -- Adding key: http://localhost:18046 for channel [id: 0x03417c29, L:/127.0.0.1:63401 - R:localhost/127.0.0.1:18046]
22:25:25.573 [main] DEBUG net.serenitybdd.core.photography.Darkroom -- Send negative for processing for C:\Users\USUARIO\OneDrive\Documentos\02 Automatización\03 Pragma\pragma\pragma\target\site\serenity\c5bd11b700bec8a0dbd87675db036b1814c8ede9f24bb4fbfea5ab0e5c610bbe.png
22:25:26.111 [AsyncHttpClient-1-1] DEBUG org.asynchttpclient.netty.channel.DefaultChannelPool -- Entry count for : http://localhost:18046 : 1
22:25:26.602 [main] DEBUG net.thucydides.core.steps.StepInterceptor -- STARTING STEP: StepInterceptor.testContext - ingresoAlProducto
22:25:26.605 [Forwarding findElement on session 6747135a-728e-429a-9b07-4c0821d22622 to remote] DEBUG org.asynchttpclient.netty.request.NettyRequestSender -- Using pooled Channel '[id: 0x03417c29, L:/127.0.0.1:63401 - R:localhost/127.0.0.1:18046]' for 'POST' to 'http://localhost:18046/session/6747135a-728e-429a-9b07-4c0821d22622/element'
22:25:26.606 [Forwarding findElement on session 6747135a-728e-429a-9b07-4c0821d22622 to remote] DEBUG org.asynchttpclient.netty.request.NettyRequestSender -- Using open Channel [id: 0x03417c29, L:/127.0.0.1:63401 - R:localhost/127.0.0.1:18046] for POST '/session/6747135a-728e-429a-9b07-4c0821d22622/element'
22:25:26.610 [AsyncHttpClient-1-5] DEBUG org.asynchttpclient.netty.handler.HttpHandler -- 

Request DefaultHttpRequest(decodeResult: success, version: HTTP/1.1)
POST /session/6747135a-728e-429a-9b07-4c0821d22622/element HTTP/1.1
User-Agent: selenium/4.12.0 (java windows)
Content-Length: 82
Content-Type: application/json; charset=utf-8
host: localhost:18046
accept: */*

Response DefaultHttpResponse(decodeResult: success, version: HTTP/1.1)
HTTP/1.1 200 OK
content-type: application/json; charset=utf-8
cache-control: no-cache
content-length: 88
date: Sun, 28 Apr 2024 03:25:26 GMT

22:25:26.610 [AsyncHttpClient-1-5] DEBUG org.asynchttpclient.netty.channel.ChannelManager -- Adding key: http://localhost:18046 for channel [id: 0x03417c29, L:/127.0.0.1:63401 - R:localhost/127.0.0.1:18046]
22:25:26.611 [Forwarding getElementTagName on session 6747135a-728e-429a-9b07-4c0821d22622 to remote] DEBUG org.asynchttpclient.netty.request.NettyRequestSender -- Using pooled Channel '[id: 0x03417c29, L:/127.0.0.1:63401 - R:localhost/127.0.0.1:18046]' for 'GET' to 'http://localhost:18046/session/6747135a-728e-429a-9b07-4c0821d22622/element/2b076f22-9c56-47c6-b16e-7ca21b2a3281/name'
22:25:26.611 [Forwarding getElementTagName on session 6747135a-728e-429a-9b07-4c0821d22622 to remote] DEBUG org.asynchttpclient.netty.request.NettyRequestSender -- Using open Channel [id: 0x03417c29, L:/127.0.0.1:63401 - R:localhost/127.0.0.1:18046] for GET '/session/6747135a-728e-429a-9b07-4c0821d22622/element/2b076f22-9c56-47c6-b16e-7ca21b2a3281/name'
22:25:26.614 [AsyncHttpClient-1-5] DEBUG org.asynchttpclient.netty.handler.HttpHandler -- 

Request DefaultFullHttpRequest(decodeResult: success, version: HTTP/1.1, content: EmptyByteBufBE)
GET /session/6747135a-728e-429a-9b07-4c0821d22622/element/2b076f22-9c56-47c6-b16e-7ca21b2a3281/name HTTP/1.1
Cache-Control: no-cache
User-Agent: selenium/4.12.0 (java windows)
Content-Type: application/json; charset=utf-8
host: localhost:18046
accept: */*

Response DefaultHttpResponse(decodeResult: success, version: HTTP/1.1)
HTTP/1.1 200 OK
content-type: application/json; charset=utf-8
cache-control: no-cache
content-length: 13
date: Sun, 28 Apr 2024 03:25:26 GMT

22:25:26.614 [AsyncHttpClient-1-5] DEBUG org.asynchttpclient.netty.channel.ChannelManager -- Adding key: http://localhost:18046 for channel [id: 0x03417c29, L:/127.0.0.1:63401 - R:localhost/127.0.0.1:18046]
22:25:26.615 [Forwarding getElementTagName on session 6747135a-728e-429a-9b07-4c0821d22622 to remote] DEBUG org.asynchttpclient.netty.request.NettyRequestSender -- Using pooled Channel '[id: 0x03417c29, L:/127.0.0.1:63401 - R:localhost/127.0.0.1:18046]' for 'GET' to 'http://localhost:18046/session/6747135a-728e-429a-9b07-4c0821d22622/element/2b076f22-9c56-47c6-b16e-7ca21b2a3281/name'
22:25:26.615 [Forwarding getElementTagName on session 6747135a-728e-429a-9b07-4c0821d22622 to remote] DEBUG org.asynchttpclient.netty.request.NettyRequestSender -- Using open Channel [id: 0x03417c29, L:/127.0.0.1:63401 - R:localhost/127.0.0.1:18046] for GET '/session/6747135a-728e-429a-9b07-4c0821d22622/element/2b076f22-9c56-47c6-b16e-7ca21b2a3281/name'
22:25:26.616 [AsyncHttpClient-1-5] DEBUG org.asynchttpclient.netty.handler.HttpHandler -- 

Request DefaultFullHttpRequest(decodeResult: success, version: HTTP/1.1, content: EmptyByteBufBE)
GET /session/6747135a-728e-429a-9b07-4c0821d22622/element/2b076f22-9c56-47c6-b16e-7ca21b2a3281/name HTTP/1.1
Cache-Control: no-cache
User-Agent: selenium/4.12.0 (java windows)
Content-Type: application/json; charset=utf-8
host: localhost:18046
accept: */*

Response DefaultHttpResponse(decodeResult: success, version: HTTP/1.1)
HTTP/1.1 200 OK
content-type: application/json; charset=utf-8
cache-control: no-cache
content-length: 13
date: Sun, 28 Apr 2024 03:25:26 GMT

22:25:26.616 [AsyncHttpClient-1-5] DEBUG org.asynchttpclient.netty.channel.ChannelManager -- Adding key: http://localhost:18046 for channel [id: 0x03417c29, L:/127.0.0.1:63401 - R:localhost/127.0.0.1:18046]
22:25:26.618 [Forwarding findElement on session 6747135a-728e-429a-9b07-4c0821d22622 to remote] DEBUG org.asynchttpclient.netty.request.NettyRequestSender -- Using pooled Channel '[id: 0x03417c29, L:/127.0.0.1:63401 - R:localhost/127.0.0.1:18046]' for 'POST' to 'http://localhost:18046/session/6747135a-728e-429a-9b07-4c0821d22622/element'
22:25:26.618 [Forwarding findElement on session 6747135a-728e-429a-9b07-4c0821d22622 to remote] DEBUG org.asynchttpclient.netty.request.NettyRequestSender -- Using open Channel [id: 0x03417c29, L:/127.0.0.1:63401 - R:localhost/127.0.0.1:18046] for POST '/session/6747135a-728e-429a-9b07-4c0821d22622/element'
22:25:26.619 [AsyncHttpClient-1-5] DEBUG org.asynchttpclient.netty.handler.HttpHandler -- 

Request DefaultHttpRequest(decodeResult: success, version: HTTP/1.1)
POST /session/6747135a-728e-429a-9b07-4c0821d22622/element HTTP/1.1
User-Agent: selenium/4.12.0 (java windows)
Content-Length: 82
Content-Type: application/json; charset=utf-8
host: localhost:18046
accept: */*

Response DefaultHttpResponse(decodeResult: success, version: HTTP/1.1)
HTTP/1.1 200 OK
content-type: application/json; charset=utf-8
cache-control: no-cache
content-length: 88
date: Sun, 28 Apr 2024 03:25:26 GMT

22:25:26.619 [AsyncHttpClient-1-5] DEBUG org.asynchttpclient.netty.channel.ChannelManager -- Adding key: http://localhost:18046 for channel [id: 0x03417c29, L:/127.0.0.1:63401 - R:localhost/127.0.0.1:18046]
22:25:26.620 [Forwarding clickElement on session 6747135a-728e-429a-9b07-4c0821d22622 to remote] DEBUG org.asynchttpclient.netty.request.NettyRequestSender -- Using pooled Channel '[id: 0x03417c29, L:/127.0.0.1:63401 - R:localhost/127.0.0.1:18046]' for 'POST' to 'http://localhost:18046/session/6747135a-728e-429a-9b07-4c0821d22622/element/2b076f22-9c56-47c6-b16e-7ca21b2a3281/click'
22:25:26.620 [Forwarding clickElement on session 6747135a-728e-429a-9b07-4c0821d22622 to remote] DEBUG org.asynchttpclient.netty.request.NettyRequestSender -- Using open Channel [id: 0x03417c29, L:/127.0.0.1:63401 - R:localhost/127.0.0.1:18046] for POST '/session/6747135a-728e-429a-9b07-4c0821d22622/element/2b076f22-9c56-47c6-b16e-7ca21b2a3281/click'
22:25:26.912 [AsyncHttpClient-1-5] DEBUG org.asynchttpclient.netty.handler.HttpHandler -- 

Request DefaultHttpRequest(decodeResult: success, version: HTTP/1.1)
POST /session/6747135a-728e-429a-9b07-4c0821d22622/element/2b076f22-9c56-47c6-b16e-7ca21b2a3281/click HTTP/1.1
User-Agent: selenium/4.12.0 (java windows)
Content-Length: 50
Content-Type: application/json; charset=utf-8
host: localhost:18046
accept: */*

Response DefaultHttpResponse(decodeResult: success, version: HTTP/1.1)
HTTP/1.1 200 OK
content-type: application/json; charset=utf-8
cache-control: no-cache
content-length: 14
date: Sun, 28 Apr 2024 03:25:26 GMT

22:25:26.912 [AsyncHttpClient-1-5] DEBUG org.asynchttpclient.netty.channel.ChannelManager -- Adding key: http://localhost:18046 for channel [id: 0x03417c29, L:/127.0.0.1:63401 - R:localhost/127.0.0.1:18046]
22:25:26.917 [Forwarding findElement on session 6747135a-728e-429a-9b07-4c0821d22622 to remote] DEBUG org.asynchttpclient.netty.request.NettyRequestSender -- Using pooled Channel '[id: 0x03417c29, L:/127.0.0.1:63401 - R:localhost/127.0.0.1:18046]' for 'POST' to 'http://localhost:18046/session/6747135a-728e-429a-9b07-4c0821d22622/element'
22:25:26.917 [Forwarding findElement on session 6747135a-728e-429a-9b07-4c0821d22622 to remote] DEBUG org.asynchttpclient.netty.request.NettyRequestSender -- Using open Channel [id: 0x03417c29, L:/127.0.0.1:63401 - R:localhost/127.0.0.1:18046] for POST '/session/6747135a-728e-429a-9b07-4c0821d22622/element'
22:25:27.179 [AsyncHttpClient-1-5] DEBUG org.asynchttpclient.netty.handler.HttpHandler -- 

Request DefaultHttpRequest(decodeResult: success, version: HTTP/1.1)
POST /session/6747135a-728e-429a-9b07-4c0821d22622/element HTTP/1.1
User-Agent: selenium/4.12.0 (java windows)
Content-Length: 66
Content-Type: application/json; charset=utf-8
host: localhost:18046
accept: */*

Response DefaultHttpResponse(decodeResult: success, version: HTTP/1.1)
HTTP/1.1 200 OK
content-type: application/json; charset=utf-8
cache-control: no-cache
content-length: 88
date: Sun, 28 Apr 2024 03:25:26 GMT

22:25:27.179 [AsyncHttpClient-1-5] DEBUG org.asynchttpclient.netty.channel.ChannelManager -- Adding key: http://localhost:18046 for channel [id: 0x03417c29, L:/127.0.0.1:63401 - R:localhost/127.0.0.1:18046]
22:25:27.181 [Forwarding getElementText on session 6747135a-728e-429a-9b07-4c0821d22622 to remote] DEBUG org.asynchttpclient.netty.request.NettyRequestSender -- Using pooled Channel '[id: 0x03417c29, L:/127.0.0.1:63401 - R:localhost/127.0.0.1:18046]' for 'GET' to 'http://localhost:18046/session/6747135a-728e-429a-9b07-4c0821d22622/element/32df831b-bc54-4a05-a32f-319ccceb35af/text'
22:25:27.181 [Forwarding getElementText on session 6747135a-728e-429a-9b07-4c0821d22622 to remote] DEBUG org.asynchttpclient.netty.request.NettyRequestSender -- Using open Channel [id: 0x03417c29, L:/127.0.0.1:63401 - R:localhost/127.0.0.1:18046] for GET '/session/6747135a-728e-429a-9b07-4c0821d22622/element/32df831b-bc54-4a05-a32f-319ccceb35af/text'
22:25:27.187 [AsyncHttpClient-1-5] DEBUG org.asynchttpclient.netty.handler.HttpHandler -- 

Request DefaultFullHttpRequest(decodeResult: success, version: HTTP/1.1, content: EmptyByteBufBE)
GET /session/6747135a-728e-429a-9b07-4c0821d22622/element/32df831b-bc54-4a05-a32f-319ccceb35af/text HTTP/1.1
Cache-Control: no-cache
User-Agent: selenium/4.12.0 (java windows)
Content-Type: application/json; charset=utf-8
host: localhost:18046
accept: */*

Response DefaultHttpResponse(decodeResult: success, version: HTTP/1.1)
HTTP/1.1 200 OK
content-type: application/json; charset=utf-8
cache-control: no-cache
content-length: 23
date: Sun, 28 Apr 2024 03:25:26 GMT

22:25:27.187 [AsyncHttpClient-1-5] DEBUG org.asynchttpclient.netty.channel.ChannelManager -- Adding key: http://localhost:18046 for channel [id: 0x03417c29, L:/127.0.0.1:63401 - R:localhost/127.0.0.1:18046]
22:25:27.190 [Forwarding getAlertText on session 6747135a-728e-429a-9b07-4c0821d22622 to remote] DEBUG org.asynchttpclient.netty.request.NettyRequestSender -- Using pooled Channel '[id: 0x03417c29, L:/127.0.0.1:63401 - R:localhost/127.0.0.1:18046]' for 'GET' to 'http://localhost:18046/session/6747135a-728e-429a-9b07-4c0821d22622/alert/text'
22:25:27.190 [Forwarding getAlertText on session 6747135a-728e-429a-9b07-4c0821d22622 to remote] DEBUG org.asynchttpclient.netty.request.NettyRequestSender -- Using open Channel [id: 0x03417c29, L:/127.0.0.1:63401 - R:localhost/127.0.0.1:18046] for GET '/session/6747135a-728e-429a-9b07-4c0821d22622/alert/text'
22:25:27.191 [AsyncHttpClient-1-5] DEBUG org.asynchttpclient.netty.handler.HttpHandler -- 

Request DefaultFullHttpRequest(decodeResult: success, version: HTTP/1.1, content: EmptyByteBufBE)
GET /session/6747135a-728e-429a-9b07-4c0821d22622/alert/text HTTP/1.1
Cache-Control: no-cache
User-Agent: selenium/4.12.0 (java windows)
Content-Type: application/json; charset=utf-8
host: localhost:18046
accept: */*

Response DefaultHttpResponse(decodeResult: success, version: HTTP/1.1)
HTTP/1.1 404 Not Found
content-type: application/json; charset=utf-8
cache-control: no-cache
content-length: 842
date: Sun, 28 Apr 2024 03:25:26 GMT

22:25:27.191 [AsyncHttpClient-1-5] DEBUG org.asynchttpclient.netty.channel.ChannelManager -- Adding key: http://localhost:18046 for channel [id: 0x03417c29, L:/127.0.0.1:63401 - R:localhost/127.0.0.1:18046]
22:25:27.192 [Forwarding getCurrentUrl on session 6747135a-728e-429a-9b07-4c0821d22622 to remote] DEBUG org.asynchttpclient.netty.request.NettyRequestSender -- Using pooled Channel '[id: 0x03417c29, L:/127.0.0.1:63401 - R:localhost/127.0.0.1:18046]' for 'GET' to 'http://localhost:18046/session/6747135a-728e-429a-9b07-4c0821d22622/url'
22:25:27.192 [Forwarding getCurrentUrl on session 6747135a-728e-429a-9b07-4c0821d22622 to remote] DEBUG org.asynchttpclient.netty.request.NettyRequestSender -- Using open Channel [id: 0x03417c29, L:/127.0.0.1:63401 - R:localhost/127.0.0.1:18046] for GET '/session/6747135a-728e-429a-9b07-4c0821d22622/url'
22:25:27.193 [AsyncHttpClient-1-5] DEBUG org.asynchttpclient.netty.handler.HttpHandler -- 

Request DefaultFullHttpRequest(decodeResult: success, version: HTTP/1.1, content: EmptyByteBufBE)
GET /session/6747135a-728e-429a-9b07-4c0821d22622/url HTTP/1.1
Cache-Control: no-cache
User-Agent: selenium/4.12.0 (java windows)
Content-Type: application/json; charset=utf-8
host: localhost:18046
accept: */*

Response DefaultHttpResponse(decodeResult: success, version: HTTP/1.1)
HTTP/1.1 200 OK
content-type: application/json; charset=utf-8
cache-control: no-cache
content-length: 55
date: Sun, 28 Apr 2024 03:25:26 GMT

22:25:27.193 [AsyncHttpClient-1-5] DEBUG org.asynchttpclient.netty.channel.ChannelManager -- Adding key: http://localhost:18046 for channel [id: 0x03417c29, L:/127.0.0.1:63401 - R:localhost/127.0.0.1:18046]
22:25:27.193 [Forwarding screenshot on session 6747135a-728e-429a-9b07-4c0821d22622 to remote] DEBUG org.asynchttpclient.netty.request.NettyRequestSender -- Using pooled Channel '[id: 0x03417c29, L:/127.0.0.1:63401 - R:localhost/127.0.0.1:18046]' for 'GET' to 'http://localhost:18046/session/6747135a-728e-429a-9b07-4c0821d22622/screenshot'
22:25:27.193 [Forwarding screenshot on session 6747135a-728e-429a-9b07-4c0821d22622 to remote] DEBUG org.asynchttpclient.netty.request.NettyRequestSender -- Using open Channel [id: 0x03417c29, L:/127.0.0.1:63401 - R:localhost/127.0.0.1:18046] for GET '/session/6747135a-728e-429a-9b07-4c0821d22622/screenshot'
22:25:27.243 [AsyncHttpClient-1-5] DEBUG org.asynchttpclient.netty.handler.HttpHandler -- 

Request DefaultFullHttpRequest(decodeResult: success, version: HTTP/1.1, content: EmptyByteBufBE)
GET /session/6747135a-728e-429a-9b07-4c0821d22622/screenshot HTTP/1.1
Cache-Control: no-cache
User-Agent: selenium/4.12.0 (java windows)
Content-Type: application/json; charset=utf-8
host: localhost:18046
accept: */*

Response DefaultHttpResponse(decodeResult: success, version: HTTP/1.1)
HTTP/1.1 200 OK
content-type: application/json; charset=utf-8
cache-control: no-cache
content-length: 418828
date: Sun, 28 Apr 2024 03:25:26 GMT

22:25:27.244 [AsyncHttpClient-1-5] DEBUG org.asynchttpclient.netty.channel.ChannelManager -- Adding key: http://localhost:18046 for channel [id: 0x03417c29, L:/127.0.0.1:63401 - R:localhost/127.0.0.1:18046]
22:25:27.249 [main] DEBUG net.serenitybdd.core.photography.Darkroom -- Send negative for processing for C:\Users\USUARIO\OneDrive\Documentos\02 Automatización\03 Pragma\pragma\pragma\target\site\serenity\8a7dd1248efb21de65c6c127110bc890ed06cfd897cb2ba1c127949ff72ddd92.png
22:25:27.250 [Darkroom Processing Line] DEBUG net.serenitybdd.core.photography.DarkroomProcessingLine -- Processing screenshot image in /var/screenshots/screenshot-4831489272004296523
22:25:27.250 [Darkroom Processing Line] DEBUG net.serenitybdd.core.photography.DarkroomProcessingLine -- Saving screenshot to C:\Users\USUARIO\OneDrive\Documentos\02 Automatización\03 Pragma\pragma\pragma\target\site\serenity\8a7dd1248efb21de65c6c127110bc890ed06cfd897cb2ba1c127949ff72ddd92.png
22:25:28.252 [main] DEBUG net.thucydides.core.steps.StepInterceptor -- STEP DONE: ingresoAlProducto
22:25:28.255 [Forwarding getAlertText on session 6747135a-728e-429a-9b07-4c0821d22622 to remote] DEBUG org.asynchttpclient.netty.request.NettyRequestSender -- Using pooled Channel '[id: 0x03417c29, L:/127.0.0.1:63401 - R:localhost/127.0.0.1:18046]' for 'GET' to 'http://localhost:18046/session/6747135a-728e-429a-9b07-4c0821d22622/alert/text'
22:25:28.255 [Forwarding getAlertText on session 6747135a-728e-429a-9b07-4c0821d22622 to remote] DEBUG org.asynchttpclient.netty.request.NettyRequestSender -- Using open Channel [id: 0x03417c29, L:/127.0.0.1:63401 - R:localhost/127.0.0.1:18046] for GET '/session/6747135a-728e-429a-9b07-4c0821d22622/alert/text'
22:25:28.256 [AsyncHttpClient-1-5] DEBUG org.asynchttpclient.netty.handler.HttpHandler -- 

Request DefaultFullHttpRequest(decodeResult: success, version: HTTP/1.1, content: EmptyByteBufBE)
GET /session/6747135a-728e-429a-9b07-4c0821d22622/alert/text HTTP/1.1
Cache-Control: no-cache
User-Agent: selenium/4.12.0 (java windows)
Content-Type: application/json; charset=utf-8
host: localhost:18046
accept: */*

Response DefaultHttpResponse(decodeResult: success, version: HTTP/1.1)
HTTP/1.1 404 Not Found
content-type: application/json; charset=utf-8
cache-control: no-cache
content-length: 842
date: Sun, 28 Apr 2024 03:25:28 GMT

22:25:28.256 [AsyncHttpClient-1-5] DEBUG org.asynchttpclient.netty.channel.ChannelManager -- Adding key: http://localhost:18046 for channel [id: 0x03417c29, L:/127.0.0.1:63401 - R:localhost/127.0.0.1:18046]
22:25:28.257 [Forwarding getCurrentUrl on session 6747135a-728e-429a-9b07-4c0821d22622 to remote] DEBUG org.asynchttpclient.netty.request.NettyRequestSender -- Using pooled Channel '[id: 0x03417c29, L:/127.0.0.1:63401 - R:localhost/127.0.0.1:18046]' for 'GET' to 'http://localhost:18046/session/6747135a-728e-429a-9b07-4c0821d22622/url'
22:25:28.257 [Forwarding getCurrentUrl on session 6747135a-728e-429a-9b07-4c0821d22622 to remote] DEBUG org.asynchttpclient.netty.request.NettyRequestSender -- Using open Channel [id: 0x03417c29, L:/127.0.0.1:63401 - R:localhost/127.0.0.1:18046] for GET '/session/6747135a-728e-429a-9b07-4c0821d22622/url'
22:25:28.258 [AsyncHttpClient-1-5] DEBUG org.asynchttpclient.netty.handler.HttpHandler -- 

Request DefaultFullHttpRequest(decodeResult: success, version: HTTP/1.1, content: EmptyByteBufBE)
GET /session/6747135a-728e-429a-9b07-4c0821d22622/url HTTP/1.1
Cache-Control: no-cache
User-Agent: selenium/4.12.0 (java windows)
Content-Type: application/json; charset=utf-8
host: localhost:18046
accept: */*

Response DefaultHttpResponse(decodeResult: success, version: HTTP/1.1)
HTTP/1.1 200 OK
content-type: application/json; charset=utf-8
cache-control: no-cache
content-length: 55
date: Sun, 28 Apr 2024 03:25:28 GMT

22:25:28.258 [AsyncHttpClient-1-5] DEBUG org.asynchttpclient.netty.channel.ChannelManager -- Adding key: http://localhost:18046 for channel [id: 0x03417c29, L:/127.0.0.1:63401 - R:localhost/127.0.0.1:18046]
22:25:28.258 [Forwarding screenshot on session 6747135a-728e-429a-9b07-4c0821d22622 to remote] DEBUG org.asynchttpclient.netty.request.NettyRequestSender -- Using pooled Channel '[id: 0x03417c29, L:/127.0.0.1:63401 - R:localhost/127.0.0.1:18046]' for 'GET' to 'http://localhost:18046/session/6747135a-728e-429a-9b07-4c0821d22622/screenshot'
22:25:28.258 [Forwarding screenshot on session 6747135a-728e-429a-9b07-4c0821d22622 to remote] DEBUG org.asynchttpclient.netty.request.NettyRequestSender -- Using open Channel [id: 0x03417c29, L:/127.0.0.1:63401 - R:localhost/127.0.0.1:18046] for GET '/session/6747135a-728e-429a-9b07-4c0821d22622/screenshot'
22:25:28.307 [AsyncHttpClient-1-5] DEBUG org.asynchttpclient.netty.handler.HttpHandler -- 

Request DefaultFullHttpRequest(decodeResult: success, version: HTTP/1.1, content: EmptyByteBufBE)
GET /session/6747135a-728e-429a-9b07-4c0821d22622/screenshot HTTP/1.1
Cache-Control: no-cache
User-Agent: selenium/4.12.0 (java windows)
Content-Type: application/json; charset=utf-8
host: localhost:18046
accept: */*

Response DefaultHttpResponse(decodeResult: success, version: HTTP/1.1)
HTTP/1.1 200 OK
content-type: application/json; charset=utf-8
cache-control: no-cache
content-length: 418828
date: Sun, 28 Apr 2024 03:25:28 GMT

22:25:28.307 [AsyncHttpClient-1-5] DEBUG org.asynchttpclient.netty.channel.ChannelManager -- Adding key: http://localhost:18046 for channel [id: 0x03417c29, L:/127.0.0.1:63401 - R:localhost/127.0.0.1:18046]
22:25:28.312 [main] DEBUG net.serenitybdd.core.photography.Darkroom -- Send negative for processing for C:\Users\USUARIO\OneDrive\Documentos\02 Automatización\03 Pragma\pragma\pragma\target\site\serenity\8a7dd1248efb21de65c6c127110bc890ed06cfd897cb2ba1c127949ff72ddd92.png
22:25:28.316 [AsyncHttpClient-1-1] DEBUG org.asynchttpclient.netty.channel.DefaultChannelPool -- Entry count for : http://localhost:18046 : 1
22:25:29.330 [main] DEBUG net.thucydides.core.steps.StepInterceptor -- STARTING STEP: StepInterceptor.testContext - agregoElProductoAlCarritoDeCompra
22:25:29.333 [Forwarding findElement on session 6747135a-728e-429a-9b07-4c0821d22622 to remote] DEBUG org.asynchttpclient.netty.request.NettyRequestSender -- Using pooled Channel '[id: 0x03417c29, L:/127.0.0.1:63401 - R:localhost/127.0.0.1:18046]' for 'POST' to 'http://localhost:18046/session/6747135a-728e-429a-9b07-4c0821d22622/element'
22:25:29.333 [Forwarding findElement on session 6747135a-728e-429a-9b07-4c0821d22622 to remote] DEBUG org.asynchttpclient.netty.request.NettyRequestSender -- Using open Channel [id: 0x03417c29, L:/127.0.0.1:63401 - R:localhost/127.0.0.1:18046] for POST '/session/6747135a-728e-429a-9b07-4c0821d22622/element'
22:25:29.336 [AsyncHttpClient-1-5] DEBUG org.asynchttpclient.netty.handler.HttpHandler -- 

Request DefaultHttpRequest(decodeResult: success, version: HTTP/1.1)
POST /session/6747135a-728e-429a-9b07-4c0821d22622/element HTTP/1.1
User-Agent: selenium/4.12.0 (java windows)
Content-Length: 83
Content-Type: application/json; charset=utf-8
host: localhost:18046
accept: */*

Response DefaultHttpResponse(decodeResult: success, version: HTTP/1.1)
HTTP/1.1 200 OK
content-type: application/json; charset=utf-8
cache-control: no-cache
content-length: 88
date: Sun, 28 Apr 2024 03:25:29 GMT

22:25:29.336 [AsyncHttpClient-1-5] DEBUG org.asynchttpclient.netty.channel.ChannelManager -- Adding key: http://localhost:18046 for channel [id: 0x03417c29, L:/127.0.0.1:63401 - R:localhost/127.0.0.1:18046]
22:25:29.337 [Forwarding getElementTagName on session 6747135a-728e-429a-9b07-4c0821d22622 to remote] DEBUG org.asynchttpclient.netty.request.NettyRequestSender -- Using pooled Channel '[id: 0x03417c29, L:/127.0.0.1:63401 - R:localhost/127.0.0.1:18046]' for 'GET' to 'http://localhost:18046/session/6747135a-728e-429a-9b07-4c0821d22622/element/0da308ee-7efc-4ff4-ab97-d41448fb752f/name'
22:25:29.337 [Forwarding getElementTagName on session 6747135a-728e-429a-9b07-4c0821d22622 to remote] DEBUG org.asynchttpclient.netty.request.NettyRequestSender -- Using open Channel [id: 0x03417c29, L:/127.0.0.1:63401 - R:localhost/127.0.0.1:18046] for GET '/session/6747135a-728e-429a-9b07-4c0821d22622/element/0da308ee-7efc-4ff4-ab97-d41448fb752f/name'
22:25:29.339 [AsyncHttpClient-1-5] DEBUG org.asynchttpclient.netty.handler.HttpHandler -- 

Request DefaultFullHttpRequest(decodeResult: success, version: HTTP/1.1, content: EmptyByteBufBE)
GET /session/6747135a-728e-429a-9b07-4c0821d22622/element/0da308ee-7efc-4ff4-ab97-d41448fb752f/name HTTP/1.1
Cache-Control: no-cache
User-Agent: selenium/4.12.0 (java windows)
Content-Type: application/json; charset=utf-8
host: localhost:18046
accept: */*

Response DefaultHttpResponse(decodeResult: success, version: HTTP/1.1)
HTTP/1.1 200 OK
content-type: application/json; charset=utf-8
cache-control: no-cache
content-length: 13
date: Sun, 28 Apr 2024 03:25:29 GMT

22:25:29.339 [AsyncHttpClient-1-5] DEBUG org.asynchttpclient.netty.channel.ChannelManager -- Adding key: http://localhost:18046 for channel [id: 0x03417c29, L:/127.0.0.1:63401 - R:localhost/127.0.0.1:18046]
22:25:29.340 [Forwarding getElementTagName on session 6747135a-728e-429a-9b07-4c0821d22622 to remote] DEBUG org.asynchttpclient.netty.request.NettyRequestSender -- Using pooled Channel '[id: 0x03417c29, L:/127.0.0.1:63401 - R:localhost/127.0.0.1:18046]' for 'GET' to 'http://localhost:18046/session/6747135a-728e-429a-9b07-4c0821d22622/element/0da308ee-7efc-4ff4-ab97-d41448fb752f/name'
22:25:29.340 [Forwarding getElementTagName on session 6747135a-728e-429a-9b07-4c0821d22622 to remote] DEBUG org.asynchttpclient.netty.request.NettyRequestSender -- Using open Channel [id: 0x03417c29, L:/127.0.0.1:63401 - R:localhost/127.0.0.1:18046] for GET '/session/6747135a-728e-429a-9b07-4c0821d22622/element/0da308ee-7efc-4ff4-ab97-d41448fb752f/name'
22:25:29.341 [AsyncHttpClient-1-5] DEBUG org.asynchttpclient.netty.handler.HttpHandler -- 

Request DefaultFullHttpRequest(decodeResult: success, version: HTTP/1.1, content: EmptyByteBufBE)
GET /session/6747135a-728e-429a-9b07-4c0821d22622/element/0da308ee-7efc-4ff4-ab97-d41448fb752f/name HTTP/1.1
Cache-Control: no-cache
User-Agent: selenium/4.12.0 (java windows)
Content-Type: application/json; charset=utf-8
host: localhost:18046
accept: */*

Response DefaultHttpResponse(decodeResult: success, version: HTTP/1.1)
HTTP/1.1 200 OK
content-type: application/json; charset=utf-8
cache-control: no-cache
content-length: 13
date: Sun, 28 Apr 2024 03:25:29 GMT

22:25:29.341 [AsyncHttpClient-1-5] DEBUG org.asynchttpclient.netty.channel.ChannelManager -- Adding key: http://localhost:18046 for channel [id: 0x03417c29, L:/127.0.0.1:63401 - R:localhost/127.0.0.1:18046]
22:25:29.342 [Forwarding findElement on session 6747135a-728e-429a-9b07-4c0821d22622 to remote] DEBUG org.asynchttpclient.netty.request.NettyRequestSender -- Using pooled Channel '[id: 0x03417c29, L:/127.0.0.1:63401 - R:localhost/127.0.0.1:18046]' for 'POST' to 'http://localhost:18046/session/6747135a-728e-429a-9b07-4c0821d22622/element'
22:25:29.342 [Forwarding findElement on session 6747135a-728e-429a-9b07-4c0821d22622 to remote] DEBUG org.asynchttpclient.netty.request.NettyRequestSender -- Using open Channel [id: 0x03417c29, L:/127.0.0.1:63401 - R:localhost/127.0.0.1:18046] for POST '/session/6747135a-728e-429a-9b07-4c0821d22622/element'
22:25:29.343 [AsyncHttpClient-1-5] DEBUG org.asynchttpclient.netty.handler.HttpHandler -- 

Request DefaultHttpRequest(decodeResult: success, version: HTTP/1.1)
POST /session/6747135a-728e-429a-9b07-4c0821d22622/element HTTP/1.1
User-Agent: selenium/4.12.0 (java windows)
Content-Length: 83
Content-Type: application/json; charset=utf-8
host: localhost:18046
accept: */*

Response DefaultHttpResponse(decodeResult: success, version: HTTP/1.1)
HTTP/1.1 200 OK
content-type: application/json; charset=utf-8
cache-control: no-cache
content-length: 88
date: Sun, 28 Apr 2024 03:25:29 GMT

22:25:29.343 [AsyncHttpClient-1-5] DEBUG org.asynchttpclient.netty.channel.ChannelManager -- Adding key: http://localhost:18046 for channel [id: 0x03417c29, L:/127.0.0.1:63401 - R:localhost/127.0.0.1:18046]
22:25:29.344 [Forwarding clickElement on session 6747135a-728e-429a-9b07-4c0821d22622 to remote] DEBUG org.asynchttpclient.netty.request.NettyRequestSender -- Using pooled Channel '[id: 0x03417c29, L:/127.0.0.1:63401 - R:localhost/127.0.0.1:18046]' for 'POST' to 'http://localhost:18046/session/6747135a-728e-429a-9b07-4c0821d22622/element/0da308ee-7efc-4ff4-ab97-d41448fb752f/click'
22:25:29.344 [Forwarding clickElement on session 6747135a-728e-429a-9b07-4c0821d22622 to remote] DEBUG org.asynchttpclient.netty.request.NettyRequestSender -- Using open Channel [id: 0x03417c29, L:/127.0.0.1:63401 - R:localhost/127.0.0.1:18046] for POST '/session/6747135a-728e-429a-9b07-4c0821d22622/element/0da308ee-7efc-4ff4-ab97-d41448fb752f/click'
22:25:29.357 [AsyncHttpClient-1-5] DEBUG org.asynchttpclient.netty.handler.HttpHandler -- 

Request DefaultHttpRequest(decodeResult: success, version: HTTP/1.1)
POST /session/6747135a-728e-429a-9b07-4c0821d22622/element/0da308ee-7efc-4ff4-ab97-d41448fb752f/click HTTP/1.1
User-Agent: selenium/4.12.0 (java windows)
Content-Length: 50
Content-Type: application/json; charset=utf-8
host: localhost:18046
accept: */*

Response DefaultHttpResponse(decodeResult: success, version: HTTP/1.1)
HTTP/1.1 200 OK
content-type: application/json; charset=utf-8
cache-control: no-cache
content-length: 14
date: Sun, 28 Apr 2024 03:25:29 GMT

22:25:29.357 [AsyncHttpClient-1-5] DEBUG org.asynchttpclient.netty.channel.ChannelManager -- Adding key: http://localhost:18046 for channel [id: 0x03417c29, L:/127.0.0.1:63401 - R:localhost/127.0.0.1:18046]
22:25:29.358 [Forwarding getAlertText on session 6747135a-728e-429a-9b07-4c0821d22622 to remote] DEBUG org.asynchttpclient.netty.request.NettyRequestSender -- Using pooled Channel '[id: 0x03417c29, L:/127.0.0.1:63401 - R:localhost/127.0.0.1:18046]' for 'GET' to 'http://localhost:18046/session/6747135a-728e-429a-9b07-4c0821d22622/alert/text'
22:25:29.358 [Forwarding getAlertText on session 6747135a-728e-429a-9b07-4c0821d22622 to remote] DEBUG org.asynchttpclient.netty.request.NettyRequestSender -- Using open Channel [id: 0x03417c29, L:/127.0.0.1:63401 - R:localhost/127.0.0.1:18046] for GET '/session/6747135a-728e-429a-9b07-4c0821d22622/alert/text'
22:25:29.359 [AsyncHttpClient-1-5] DEBUG org.asynchttpclient.netty.handler.HttpHandler -- 

Request DefaultFullHttpRequest(decodeResult: success, version: HTTP/1.1, content: EmptyByteBufBE)
GET /session/6747135a-728e-429a-9b07-4c0821d22622/alert/text HTTP/1.1
Cache-Control: no-cache
User-Agent: selenium/4.12.0 (java windows)
Content-Type: application/json; charset=utf-8
host: localhost:18046
accept: */*

Response DefaultHttpResponse(decodeResult: success, version: HTTP/1.1)
HTTP/1.1 404 Not Found
content-type: application/json; charset=utf-8
cache-control: no-cache
content-length: 842
date: Sun, 28 Apr 2024 03:25:29 GMT

22:25:29.359 [AsyncHttpClient-1-5] DEBUG org.asynchttpclient.netty.channel.ChannelManager -- Adding key: http://localhost:18046 for channel [id: 0x03417c29, L:/127.0.0.1:63401 - R:localhost/127.0.0.1:18046]
22:25:29.417 [AsyncHttpClient-1-1] DEBUG org.asynchttpclient.netty.channel.DefaultChannelPool -- Entry count for : http://localhost:18046 : 1
22:25:29.872 [Forwarding getAlertText on session 6747135a-728e-429a-9b07-4c0821d22622 to remote] DEBUG org.asynchttpclient.netty.request.NettyRequestSender -- Using pooled Channel '[id: 0x03417c29, L:/127.0.0.1:63401 - R:localhost/127.0.0.1:18046]' for 'GET' to 'http://localhost:18046/session/6747135a-728e-429a-9b07-4c0821d22622/alert/text'
22:25:29.872 [Forwarding getAlertText on session 6747135a-728e-429a-9b07-4c0821d22622 to remote] DEBUG org.asynchttpclient.netty.request.NettyRequestSender -- Using open Channel [id: 0x03417c29, L:/127.0.0.1:63401 - R:localhost/127.0.0.1:18046] for GET '/session/6747135a-728e-429a-9b07-4c0821d22622/alert/text'
22:25:29.874 [AsyncHttpClient-1-5] DEBUG org.asynchttpclient.netty.handler.HttpHandler -- 

Request DefaultFullHttpRequest(decodeResult: success, version: HTTP/1.1, content: EmptyByteBufBE)
GET /session/6747135a-728e-429a-9b07-4c0821d22622/alert/text HTTP/1.1
Cache-Control: no-cache
User-Agent: selenium/4.12.0 (java windows)
Content-Type: application/json; charset=utf-8
host: localhost:18046
accept: */*

Response DefaultHttpResponse(decodeResult: success, version: HTTP/1.1)
HTTP/1.1 200 OK
content-type: application/json; charset=utf-8
cache-control: no-cache
content-length: 25
date: Sun, 28 Apr 2024 03:25:29 GMT

22:25:29.874 [AsyncHttpClient-1-5] DEBUG org.asynchttpclient.netty.channel.ChannelManager -- Adding key: http://localhost:18046 for channel [id: 0x03417c29, L:/127.0.0.1:63401 - R:localhost/127.0.0.1:18046]
22:25:29.874 [Forwarding getAlertText on session 6747135a-728e-429a-9b07-4c0821d22622 to remote] DEBUG org.asynchttpclient.netty.request.NettyRequestSender -- Using pooled Channel '[id: 0x03417c29, L:/127.0.0.1:63401 - R:localhost/127.0.0.1:18046]' for 'GET' to 'http://localhost:18046/session/6747135a-728e-429a-9b07-4c0821d22622/alert/text'
22:25:29.874 [Forwarding getAlertText on session 6747135a-728e-429a-9b07-4c0821d22622 to remote] DEBUG org.asynchttpclient.netty.request.NettyRequestSender -- Using open Channel [id: 0x03417c29, L:/127.0.0.1:63401 - R:localhost/127.0.0.1:18046] for GET '/session/6747135a-728e-429a-9b07-4c0821d22622/alert/text'
22:25:29.875 [AsyncHttpClient-1-5] DEBUG org.asynchttpclient.netty.handler.HttpHandler -- 

Request DefaultFullHttpRequest(decodeResult: success, version: HTTP/1.1, content: EmptyByteBufBE)
GET /session/6747135a-728e-429a-9b07-4c0821d22622/alert/text HTTP/1.1
Cache-Control: no-cache
User-Agent: selenium/4.12.0 (java windows)
Content-Type: application/json; charset=utf-8
host: localhost:18046
accept: */*

Response DefaultHttpResponse(decodeResult: success, version: HTTP/1.1)
HTTP/1.1 200 OK
content-type: application/json; charset=utf-8
cache-control: no-cache
content-length: 25
date: Sun, 28 Apr 2024 03:25:29 GMT

22:25:29.875 [AsyncHttpClient-1-5] DEBUG org.asynchttpclient.netty.channel.ChannelManager -- Adding key: http://localhost:18046 for channel [id: 0x03417c29, L:/127.0.0.1:63401 - R:localhost/127.0.0.1:18046]
22:25:29.876 [Forwarding acceptAlert on session 6747135a-728e-429a-9b07-4c0821d22622 to remote] DEBUG org.asynchttpclient.netty.request.NettyRequestSender -- Using pooled Channel '[id: 0x03417c29, L:/127.0.0.1:63401 - R:localhost/127.0.0.1:18046]' for 'POST' to 'http://localhost:18046/session/6747135a-728e-429a-9b07-4c0821d22622/alert/accept'
22:25:29.876 [Forwarding acceptAlert on session 6747135a-728e-429a-9b07-4c0821d22622 to remote] DEBUG org.asynchttpclient.netty.request.NettyRequestSender -- Using open Channel [id: 0x03417c29, L:/127.0.0.1:63401 - R:localhost/127.0.0.1:18046] for POST '/session/6747135a-728e-429a-9b07-4c0821d22622/alert/accept'
22:25:29.881 [AsyncHttpClient-1-5] DEBUG org.asynchttpclient.netty.handler.HttpHandler -- 

Request DefaultHttpRequest(decodeResult: success, version: HTTP/1.1)
POST /session/6747135a-728e-429a-9b07-4c0821d22622/alert/accept HTTP/1.1
User-Agent: selenium/4.12.0 (java windows)
Content-Length: 3
Content-Type: application/json; charset=utf-8
host: localhost:18046
accept: */*

Response DefaultHttpResponse(decodeResult: success, version: HTTP/1.1)
HTTP/1.1 200 OK
content-type: application/json; charset=utf-8
cache-control: no-cache
content-length: 14
date: Sun, 28 Apr 2024 03:25:29 GMT

22:25:29.881 [AsyncHttpClient-1-5] DEBUG org.asynchttpclient.netty.channel.ChannelManager -- Adding key: http://localhost:18046 for channel [id: 0x03417c29, L:/127.0.0.1:63401 - R:localhost/127.0.0.1:18046]
22:25:29.883 [Forwarding getAlertText on session 6747135a-728e-429a-9b07-4c0821d22622 to remote] DEBUG org.asynchttpclient.netty.request.NettyRequestSender -- Using pooled Channel '[id: 0x03417c29, L:/127.0.0.1:63401 - R:localhost/127.0.0.1:18046]' for 'GET' to 'http://localhost:18046/session/6747135a-728e-429a-9b07-4c0821d22622/alert/text'
22:25:29.883 [Forwarding getAlertText on session 6747135a-728e-429a-9b07-4c0821d22622 to remote] DEBUG org.asynchttpclient.netty.request.NettyRequestSender -- Using open Channel [id: 0x03417c29, L:/127.0.0.1:63401 - R:localhost/127.0.0.1:18046] for GET '/session/6747135a-728e-429a-9b07-4c0821d22622/alert/text'
22:25:29.884 [AsyncHttpClient-1-5] DEBUG org.asynchttpclient.netty.handler.HttpHandler -- 

Request DefaultFullHttpRequest(decodeResult: success, version: HTTP/1.1, content: EmptyByteBufBE)
GET /session/6747135a-728e-429a-9b07-4c0821d22622/alert/text HTTP/1.1
Cache-Control: no-cache
User-Agent: selenium/4.12.0 (java windows)
Content-Type: application/json; charset=utf-8
host: localhost:18046
accept: */*

Response DefaultHttpResponse(decodeResult: success, version: HTTP/1.1)
HTTP/1.1 404 Not Found
content-type: application/json; charset=utf-8
cache-control: no-cache
content-length: 842
date: Sun, 28 Apr 2024 03:25:29 GMT

22:25:29.884 [AsyncHttpClient-1-5] DEBUG org.asynchttpclient.netty.channel.ChannelManager -- Adding key: http://localhost:18046 for channel [id: 0x03417c29, L:/127.0.0.1:63401 - R:localhost/127.0.0.1:18046]
22:25:29.885 [Forwarding getCurrentUrl on session 6747135a-728e-429a-9b07-4c0821d22622 to remote] DEBUG org.asynchttpclient.netty.request.NettyRequestSender -- Using pooled Channel '[id: 0x03417c29, L:/127.0.0.1:63401 - R:localhost/127.0.0.1:18046]' for 'GET' to 'http://localhost:18046/session/6747135a-728e-429a-9b07-4c0821d22622/url'
22:25:29.885 [Forwarding getCurrentUrl on session 6747135a-728e-429a-9b07-4c0821d22622 to remote] DEBUG org.asynchttpclient.netty.request.NettyRequestSender -- Using open Channel [id: 0x03417c29, L:/127.0.0.1:63401 - R:localhost/127.0.0.1:18046] for GET '/session/6747135a-728e-429a-9b07-4c0821d22622/url'
22:25:29.886 [AsyncHttpClient-1-5] DEBUG org.asynchttpclient.netty.handler.HttpHandler -- 

Request DefaultFullHttpRequest(decodeResult: success, version: HTTP/1.1, content: EmptyByteBufBE)
GET /session/6747135a-728e-429a-9b07-4c0821d22622/url HTTP/1.1
Cache-Control: no-cache
User-Agent: selenium/4.12.0 (java windows)
Content-Type: application/json; charset=utf-8
host: localhost:18046
accept: */*

Response DefaultHttpResponse(decodeResult: success, version: HTTP/1.1)
HTTP/1.1 200 OK
content-type: application/json; charset=utf-8
cache-control: no-cache
content-length: 56
date: Sun, 28 Apr 2024 03:25:29 GMT

22:25:29.886 [AsyncHttpClient-1-5] DEBUG org.asynchttpclient.netty.channel.ChannelManager -- Adding key: http://localhost:18046 for channel [id: 0x03417c29, L:/127.0.0.1:63401 - R:localhost/127.0.0.1:18046]
22:25:29.886 [Forwarding screenshot on session 6747135a-728e-429a-9b07-4c0821d22622 to remote] DEBUG org.asynchttpclient.netty.request.NettyRequestSender -- Using pooled Channel '[id: 0x03417c29, L:/127.0.0.1:63401 - R:localhost/127.0.0.1:18046]' for 'GET' to 'http://localhost:18046/session/6747135a-728e-429a-9b07-4c0821d22622/screenshot'
22:25:29.886 [Forwarding screenshot on session 6747135a-728e-429a-9b07-4c0821d22622 to remote] DEBUG org.asynchttpclient.netty.request.NettyRequestSender -- Using open Channel [id: 0x03417c29, L:/127.0.0.1:63401 - R:localhost/127.0.0.1:18046] for GET '/session/6747135a-728e-429a-9b07-4c0821d22622/screenshot'
22:25:29.929 [AsyncHttpClient-1-5] DEBUG org.asynchttpclient.netty.handler.HttpHandler -- 

Request DefaultFullHttpRequest(decodeResult: success, version: HTTP/1.1, content: EmptyByteBufBE)
GET /session/6747135a-728e-429a-9b07-4c0821d22622/screenshot HTTP/1.1
Cache-Control: no-cache
User-Agent: selenium/4.12.0 (java windows)
Content-Type: application/json; charset=utf-8
host: localhost:18046
accept: */*

Response DefaultHttpResponse(decodeResult: success, version: HTTP/1.1)
HTTP/1.1 200 OK
content-type: application/json; charset=utf-8
cache-control: no-cache
content-length: 419588
date: Sun, 28 Apr 2024 03:25:29 GMT

22:25:29.930 [AsyncHttpClient-1-5] DEBUG org.asynchttpclient.netty.channel.ChannelManager -- Adding key: http://localhost:18046 for channel [id: 0x03417c29, L:/127.0.0.1:63401 - R:localhost/127.0.0.1:18046]
22:25:29.937 [main] DEBUG net.serenitybdd.core.photography.Darkroom -- Send negative for processing for C:\Users\USUARIO\OneDrive\Documentos\02 Automatización\03 Pragma\pragma\pragma\target\site\serenity\5e05a73f85e83f3bf74532007d7b8f5575da311723ac4e7316c24da13f62b97a.png
22:25:29.937 [Darkroom Processing Line] DEBUG net.serenitybdd.core.photography.DarkroomProcessingLine -- Processing screenshot image in /var/screenshots/screenshot-9622420967706382468
22:25:29.937 [Darkroom Processing Line] DEBUG net.serenitybdd.core.photography.DarkroomProcessingLine -- Saving screenshot to C:\Users\USUARIO\OneDrive\Documentos\02 Automatización\03 Pragma\pragma\pragma\target\site\serenity\5e05a73f85e83f3bf74532007d7b8f5575da311723ac4e7316c24da13f62b97a.png
22:25:30.510 [AsyncHttpClient-1-1] DEBUG org.asynchttpclient.netty.channel.DefaultChannelPool -- Entry count for : http://localhost:18046 : 1
22:25:30.942 [main] DEBUG net.thucydides.core.steps.StepInterceptor -- STEP DONE: agregoElProductoAlCarritoDeCompra
22:25:30.943 [Forwarding getAlertText on session 6747135a-728e-429a-9b07-4c0821d22622 to remote] DEBUG org.asynchttpclient.netty.request.NettyRequestSender -- Using pooled Channel '[id: 0x03417c29, L:/127.0.0.1:63401 - R:localhost/127.0.0.1:18046]' for 'GET' to 'http://localhost:18046/session/6747135a-728e-429a-9b07-4c0821d22622/alert/text'
22:25:30.945 [Forwarding getAlertText on session 6747135a-728e-429a-9b07-4c0821d22622 to remote] DEBUG org.asynchttpclient.netty.request.NettyRequestSender -- Using open Channel [id: 0x03417c29, L:/127.0.0.1:63401 - R:localhost/127.0.0.1:18046] for GET '/session/6747135a-728e-429a-9b07-4c0821d22622/alert/text'
22:25:30.946 [AsyncHttpClient-1-5] DEBUG org.asynchttpclient.netty.handler.HttpHandler -- 

Request DefaultFullHttpRequest(decodeResult: success, version: HTTP/1.1, content: EmptyByteBufBE)
GET /session/6747135a-728e-429a-9b07-4c0821d22622/alert/text HTTP/1.1
Cache-Control: no-cache
User-Agent: selenium/4.12.0 (java windows)
Content-Type: application/json; charset=utf-8
host: localhost:18046
accept: */*

Response DefaultHttpResponse(decodeResult: success, version: HTTP/1.1)
HTTP/1.1 404 Not Found
content-type: application/json; charset=utf-8
cache-control: no-cache
content-length: 842
date: Sun, 28 Apr 2024 03:25:30 GMT

22:25:30.946 [AsyncHttpClient-1-5] DEBUG org.asynchttpclient.netty.channel.ChannelManager -- Adding key: http://localhost:18046 for channel [id: 0x03417c29, L:/127.0.0.1:63401 - R:localhost/127.0.0.1:18046]
22:25:30.946 [Forwarding getCurrentUrl on session 6747135a-728e-429a-9b07-4c0821d22622 to remote] DEBUG org.asynchttpclient.netty.request.NettyRequestSender -- Using pooled Channel '[id: 0x03417c29, L:/127.0.0.1:63401 - R:localhost/127.0.0.1:18046]' for 'GET' to 'http://localhost:18046/session/6747135a-728e-429a-9b07-4c0821d22622/url'
22:25:30.946 [Forwarding getCurrentUrl on session 6747135a-728e-429a-9b07-4c0821d22622 to remote] DEBUG org.asynchttpclient.netty.request.NettyRequestSender -- Using open Channel [id: 0x03417c29, L:/127.0.0.1:63401 - R:localhost/127.0.0.1:18046] for GET '/session/6747135a-728e-429a-9b07-4c0821d22622/url'
22:25:30.947 [AsyncHttpClient-1-5] DEBUG org.asynchttpclient.netty.handler.HttpHandler -- 

Request DefaultFullHttpRequest(decodeResult: success, version: HTTP/1.1, content: EmptyByteBufBE)
GET /session/6747135a-728e-429a-9b07-4c0821d22622/url HTTP/1.1
Cache-Control: no-cache
User-Agent: selenium/4.12.0 (java windows)
Content-Type: application/json; charset=utf-8
host: localhost:18046
accept: */*

Response DefaultHttpResponse(decodeResult: success, version: HTTP/1.1)
HTTP/1.1 200 OK
content-type: application/json; charset=utf-8
cache-control: no-cache
content-length: 56
date: Sun, 28 Apr 2024 03:25:30 GMT

22:25:30.947 [AsyncHttpClient-1-5] DEBUG org.asynchttpclient.netty.channel.ChannelManager -- Adding key: http://localhost:18046 for channel [id: 0x03417c29, L:/127.0.0.1:63401 - R:localhost/127.0.0.1:18046]
22:25:30.947 [Forwarding screenshot on session 6747135a-728e-429a-9b07-4c0821d22622 to remote] DEBUG org.asynchttpclient.netty.request.NettyRequestSender -- Using pooled Channel '[id: 0x03417c29, L:/127.0.0.1:63401 - R:localhost/127.0.0.1:18046]' for 'GET' to 'http://localhost:18046/session/6747135a-728e-429a-9b07-4c0821d22622/screenshot'
22:25:30.947 [Forwarding screenshot on session 6747135a-728e-429a-9b07-4c0821d22622 to remote] DEBUG org.asynchttpclient.netty.request.NettyRequestSender -- Using open Channel [id: 0x03417c29, L:/127.0.0.1:63401 - R:localhost/127.0.0.1:18046] for GET '/session/6747135a-728e-429a-9b07-4c0821d22622/screenshot'
22:25:30.991 [AsyncHttpClient-1-5] DEBUG org.asynchttpclient.netty.handler.HttpHandler -- 

Request DefaultFullHttpRequest(decodeResult: success, version: HTTP/1.1, content: EmptyByteBufBE)
GET /session/6747135a-728e-429a-9b07-4c0821d22622/screenshot HTTP/1.1
Cache-Control: no-cache
User-Agent: selenium/4.12.0 (java windows)
Content-Type: application/json; charset=utf-8
host: localhost:18046
accept: */*

Response DefaultHttpResponse(decodeResult: success, version: HTTP/1.1)
HTTP/1.1 200 OK
content-type: application/json; charset=utf-8
cache-control: no-cache
content-length: 419588
date: Sun, 28 Apr 2024 03:25:30 GMT

22:25:30.992 [AsyncHttpClient-1-5] DEBUG org.asynchttpclient.netty.channel.ChannelManager -- Adding key: http://localhost:18046 for channel [id: 0x03417c29, L:/127.0.0.1:63401 - R:localhost/127.0.0.1:18046]
22:25:30.995 [main] DEBUG net.serenitybdd.core.photography.Darkroom -- Send negative for processing for C:\Users\USUARIO\OneDrive\Documentos\02 Automatización\03 Pragma\pragma\pragma\target\site\serenity\5e05a73f85e83f3bf74532007d7b8f5575da311723ac4e7316c24da13f62b97a.png
22:25:31.617 [AsyncHttpClient-1-1] DEBUG org.asynchttpclient.netty.channel.DefaultChannelPool -- Entry count for : http://localhost:18046 : 1
22:25:32.007 [main] DEBUG net.thucydides.core.steps.StepInterceptor -- STARTING STEP: StepInterceptor.testContext - regresoAlHomePage
22:25:32.008 [Forwarding findElement on session 6747135a-728e-429a-9b07-4c0821d22622 to remote] DEBUG org.asynchttpclient.netty.request.NettyRequestSender -- Using pooled Channel '[id: 0x03417c29, L:/127.0.0.1:63401 - R:localhost/127.0.0.1:18046]' for 'POST' to 'http://localhost:18046/session/6747135a-728e-429a-9b07-4c0821d22622/element'
22:25:32.008 [Forwarding findElement on session 6747135a-728e-429a-9b07-4c0821d22622 to remote] DEBUG org.asynchttpclient.netty.request.NettyRequestSender -- Using open Channel [id: 0x03417c29, L:/127.0.0.1:63401 - R:localhost/127.0.0.1:18046] for POST '/session/6747135a-728e-429a-9b07-4c0821d22622/element'
22:25:32.010 [AsyncHttpClient-1-5] DEBUG org.asynchttpclient.netty.handler.HttpHandler -- 

Request DefaultHttpRequest(decodeResult: success, version: HTTP/1.1)
POST /session/6747135a-728e-429a-9b07-4c0821d22622/element HTTP/1.1
User-Agent: selenium/4.12.0 (java windows)
Content-Length: 75
Content-Type: application/json; charset=utf-8
host: localhost:18046
accept: */*

Response DefaultHttpResponse(decodeResult: success, version: HTTP/1.1)
HTTP/1.1 200 OK
content-type: application/json; charset=utf-8
cache-control: no-cache
content-length: 88
date: Sun, 28 Apr 2024 03:25:32 GMT

22:25:32.010 [AsyncHttpClient-1-5] DEBUG org.asynchttpclient.netty.channel.ChannelManager -- Adding key: http://localhost:18046 for channel [id: 0x03417c29, L:/127.0.0.1:63401 - R:localhost/127.0.0.1:18046]
22:25:32.011 [Forwarding getElementTagName on session 6747135a-728e-429a-9b07-4c0821d22622 to remote] DEBUG org.asynchttpclient.netty.request.NettyRequestSender -- Using pooled Channel '[id: 0x03417c29, L:/127.0.0.1:63401 - R:localhost/127.0.0.1:18046]' for 'GET' to 'http://localhost:18046/session/6747135a-728e-429a-9b07-4c0821d22622/element/c0d34329-a314-49c3-a11f-a7c8ea458159/name'
22:25:32.011 [Forwarding getElementTagName on session 6747135a-728e-429a-9b07-4c0821d22622 to remote] DEBUG org.asynchttpclient.netty.request.NettyRequestSender -- Using open Channel [id: 0x03417c29, L:/127.0.0.1:63401 - R:localhost/127.0.0.1:18046] for GET '/session/6747135a-728e-429a-9b07-4c0821d22622/element/c0d34329-a314-49c3-a11f-a7c8ea458159/name'
22:25:32.012 [AsyncHttpClient-1-5] DEBUG org.asynchttpclient.netty.handler.HttpHandler -- 

Request DefaultFullHttpRequest(decodeResult: success, version: HTTP/1.1, content: EmptyByteBufBE)
GET /session/6747135a-728e-429a-9b07-4c0821d22622/element/c0d34329-a314-49c3-a11f-a7c8ea458159/name HTTP/1.1
Cache-Control: no-cache
User-Agent: selenium/4.12.0 (java windows)
Content-Type: application/json; charset=utf-8
host: localhost:18046
accept: */*

Response DefaultHttpResponse(decodeResult: success, version: HTTP/1.1)
HTTP/1.1 200 OK
content-type: application/json; charset=utf-8
cache-control: no-cache
content-length: 13
date: Sun, 28 Apr 2024 03:25:32 GMT

22:25:32.012 [AsyncHttpClient-1-5] DEBUG org.asynchttpclient.netty.channel.ChannelManager -- Adding key: http://localhost:18046 for channel [id: 0x03417c29, L:/127.0.0.1:63401 - R:localhost/127.0.0.1:18046]
22:25:32.013 [Forwarding getElementTagName on session 6747135a-728e-429a-9b07-4c0821d22622 to remote] DEBUG org.asynchttpclient.netty.request.NettyRequestSender -- Using pooled Channel '[id: 0x03417c29, L:/127.0.0.1:63401 - R:localhost/127.0.0.1:18046]' for 'GET' to 'http://localhost:18046/session/6747135a-728e-429a-9b07-4c0821d22622/element/c0d34329-a314-49c3-a11f-a7c8ea458159/name'
22:25:32.013 [Forwarding getElementTagName on session 6747135a-728e-429a-9b07-4c0821d22622 to remote] DEBUG org.asynchttpclient.netty.request.NettyRequestSender -- Using open Channel [id: 0x03417c29, L:/127.0.0.1:63401 - R:localhost/127.0.0.1:18046] for GET '/session/6747135a-728e-429a-9b07-4c0821d22622/element/c0d34329-a314-49c3-a11f-a7c8ea458159/name'
22:25:32.015 [AsyncHttpClient-1-5] DEBUG org.asynchttpclient.netty.handler.HttpHandler -- 

Request DefaultFullHttpRequest(decodeResult: success, version: HTTP/1.1, content: EmptyByteBufBE)
GET /session/6747135a-728e-429a-9b07-4c0821d22622/element/c0d34329-a314-49c3-a11f-a7c8ea458159/name HTTP/1.1
Cache-Control: no-cache
User-Agent: selenium/4.12.0 (java windows)
Content-Type: application/json; charset=utf-8
host: localhost:18046
accept: */*

Response DefaultHttpResponse(decodeResult: success, version: HTTP/1.1)
HTTP/1.1 200 OK
content-type: application/json; charset=utf-8
cache-control: no-cache
content-length: 13
date: Sun, 28 Apr 2024 03:25:32 GMT

22:25:32.016 [AsyncHttpClient-1-5] DEBUG org.asynchttpclient.netty.channel.ChannelManager -- Adding key: http://localhost:18046 for channel [id: 0x03417c29, L:/127.0.0.1:63401 - R:localhost/127.0.0.1:18046]
22:25:32.017 [Forwarding findElement on session 6747135a-728e-429a-9b07-4c0821d22622 to remote] DEBUG org.asynchttpclient.netty.request.NettyRequestSender -- Using pooled Channel '[id: 0x03417c29, L:/127.0.0.1:63401 - R:localhost/127.0.0.1:18046]' for 'POST' to 'http://localhost:18046/session/6747135a-728e-429a-9b07-4c0821d22622/element'
22:25:32.017 [Forwarding findElement on session 6747135a-728e-429a-9b07-4c0821d22622 to remote] DEBUG org.asynchttpclient.netty.request.NettyRequestSender -- Using open Channel [id: 0x03417c29, L:/127.0.0.1:63401 - R:localhost/127.0.0.1:18046] for POST '/session/6747135a-728e-429a-9b07-4c0821d22622/element'
22:25:32.018 [AsyncHttpClient-1-5] DEBUG org.asynchttpclient.netty.handler.HttpHandler -- 

Request DefaultHttpRequest(decodeResult: success, version: HTTP/1.1)
POST /session/6747135a-728e-429a-9b07-4c0821d22622/element HTTP/1.1
User-Agent: selenium/4.12.0 (java windows)
Content-Length: 75
Content-Type: application/json; charset=utf-8
host: localhost:18046
accept: */*

Response DefaultHttpResponse(decodeResult: success, version: HTTP/1.1)
HTTP/1.1 200 OK
content-type: application/json; charset=utf-8
cache-control: no-cache
content-length: 88
date: Sun, 28 Apr 2024 03:25:32 GMT

22:25:32.018 [AsyncHttpClient-1-5] DEBUG org.asynchttpclient.netty.channel.ChannelManager -- Adding key: http://localhost:18046 for channel [id: 0x03417c29, L:/127.0.0.1:63401 - R:localhost/127.0.0.1:18046]
22:25:32.019 [Forwarding clickElement on session 6747135a-728e-429a-9b07-4c0821d22622 to remote] DEBUG org.asynchttpclient.netty.request.NettyRequestSender -- Using pooled Channel '[id: 0x03417c29, L:/127.0.0.1:63401 - R:localhost/127.0.0.1:18046]' for 'POST' to 'http://localhost:18046/session/6747135a-728e-429a-9b07-4c0821d22622/element/c0d34329-a314-49c3-a11f-a7c8ea458159/click'
22:25:32.019 [Forwarding clickElement on session 6747135a-728e-429a-9b07-4c0821d22622 to remote] DEBUG org.asynchttpclient.netty.request.NettyRequestSender -- Using open Channel [id: 0x03417c29, L:/127.0.0.1:63401 - R:localhost/127.0.0.1:18046] for POST '/session/6747135a-728e-429a-9b07-4c0821d22622/element/c0d34329-a314-49c3-a11f-a7c8ea458159/click'
22:25:32.379 [AsyncHttpClient-1-5] DEBUG org.asynchttpclient.netty.handler.HttpHandler -- 

Request DefaultHttpRequest(decodeResult: success, version: HTTP/1.1)
POST /session/6747135a-728e-429a-9b07-4c0821d22622/element/c0d34329-a314-49c3-a11f-a7c8ea458159/click HTTP/1.1
User-Agent: selenium/4.12.0 (java windows)
Content-Length: 50
Content-Type: application/json; charset=utf-8
host: localhost:18046
accept: */*

Response DefaultHttpResponse(decodeResult: success, version: HTTP/1.1)
HTTP/1.1 200 OK
content-type: application/json; charset=utf-8
cache-control: no-cache
content-length: 14
date: Sun, 28 Apr 2024 03:25:32 GMT

22:25:32.379 [AsyncHttpClient-1-5] DEBUG org.asynchttpclient.netty.channel.ChannelManager -- Adding key: http://localhost:18046 for channel [id: 0x03417c29, L:/127.0.0.1:63401 - R:localhost/127.0.0.1:18046]
22:25:32.388 [Forwarding getAlertText on session 6747135a-728e-429a-9b07-4c0821d22622 to remote] DEBUG org.asynchttpclient.netty.request.NettyRequestSender -- Using pooled Channel '[id: 0x03417c29, L:/127.0.0.1:63401 - R:localhost/127.0.0.1:18046]' for 'GET' to 'http://localhost:18046/session/6747135a-728e-429a-9b07-4c0821d22622/alert/text'
22:25:32.388 [Forwarding getAlertText on session 6747135a-728e-429a-9b07-4c0821d22622 to remote] DEBUG org.asynchttpclient.netty.request.NettyRequestSender -- Using open Channel [id: 0x03417c29, L:/127.0.0.1:63401 - R:localhost/127.0.0.1:18046] for GET '/session/6747135a-728e-429a-9b07-4c0821d22622/alert/text'
22:25:32.390 [AsyncHttpClient-1-5] DEBUG org.asynchttpclient.netty.handler.HttpHandler -- 

Request DefaultFullHttpRequest(decodeResult: success, version: HTTP/1.1, content: EmptyByteBufBE)
GET /session/6747135a-728e-429a-9b07-4c0821d22622/alert/text HTTP/1.1
Cache-Control: no-cache
User-Agent: selenium/4.12.0 (java windows)
Content-Type: application/json; charset=utf-8
host: localhost:18046
accept: */*

Response DefaultHttpResponse(decodeResult: success, version: HTTP/1.1)
HTTP/1.1 404 Not Found
content-type: application/json; charset=utf-8
cache-control: no-cache
content-length: 842
date: Sun, 28 Apr 2024 03:25:32 GMT

22:25:32.390 [AsyncHttpClient-1-5] DEBUG org.asynchttpclient.netty.channel.ChannelManager -- Adding key: http://localhost:18046 for channel [id: 0x03417c29, L:/127.0.0.1:63401 - R:localhost/127.0.0.1:18046]
22:25:32.391 [Forwarding getCurrentUrl on session 6747135a-728e-429a-9b07-4c0821d22622 to remote] DEBUG org.asynchttpclient.netty.request.NettyRequestSender -- Using pooled Channel '[id: 0x03417c29, L:/127.0.0.1:63401 - R:localhost/127.0.0.1:18046]' for 'GET' to 'http://localhost:18046/session/6747135a-728e-429a-9b07-4c0821d22622/url'
22:25:32.391 [Forwarding getCurrentUrl on session 6747135a-728e-429a-9b07-4c0821d22622 to remote] DEBUG org.asynchttpclient.netty.request.NettyRequestSender -- Using open Channel [id: 0x03417c29, L:/127.0.0.1:63401 - R:localhost/127.0.0.1:18046] for GET '/session/6747135a-728e-429a-9b07-4c0821d22622/url'
22:25:32.393 [AsyncHttpClient-1-5] DEBUG org.asynchttpclient.netty.handler.HttpHandler -- 

Request DefaultFullHttpRequest(decodeResult: success, version: HTTP/1.1, content: EmptyByteBufBE)
GET /session/6747135a-728e-429a-9b07-4c0821d22622/url HTTP/1.1
Cache-Control: no-cache
User-Agent: selenium/4.12.0 (java windows)
Content-Type: application/json; charset=utf-8
host: localhost:18046
accept: */*

Response DefaultHttpResponse(decodeResult: success, version: HTTP/1.1)
HTTP/1.1 200 OK
content-type: application/json; charset=utf-8
cache-control: no-cache
content-length: 48
date: Sun, 28 Apr 2024 03:25:32 GMT

22:25:32.393 [AsyncHttpClient-1-5] DEBUG org.asynchttpclient.netty.channel.ChannelManager -- Adding key: http://localhost:18046 for channel [id: 0x03417c29, L:/127.0.0.1:63401 - R:localhost/127.0.0.1:18046]
22:25:32.394 [Forwarding screenshot on session 6747135a-728e-429a-9b07-4c0821d22622 to remote] DEBUG org.asynchttpclient.netty.request.NettyRequestSender -- Using pooled Channel '[id: 0x03417c29, L:/127.0.0.1:63401 - R:localhost/127.0.0.1:18046]' for 'GET' to 'http://localhost:18046/session/6747135a-728e-429a-9b07-4c0821d22622/screenshot'
22:25:32.394 [Forwarding screenshot on session 6747135a-728e-429a-9b07-4c0821d22622 to remote] DEBUG org.asynchttpclient.netty.request.NettyRequestSender -- Using open Channel [id: 0x03417c29, L:/127.0.0.1:63401 - R:localhost/127.0.0.1:18046] for GET '/session/6747135a-728e-429a-9b07-4c0821d22622/screenshot'
22:25:32.465 [AsyncHttpClient-1-5] DEBUG org.asynchttpclient.netty.handler.HttpHandler -- 

Request DefaultFullHttpRequest(decodeResult: success, version: HTTP/1.1, content: EmptyByteBufBE)
GET /session/6747135a-728e-429a-9b07-4c0821d22622/screenshot HTTP/1.1
Cache-Control: no-cache
User-Agent: selenium/4.12.0 (java windows)
Content-Type: application/json; charset=utf-8
host: localhost:18046
accept: */*

Response DefaultHttpResponse(decodeResult: success, version: HTTP/1.1)
HTTP/1.1 200 OK
content-type: application/json; charset=utf-8
cache-control: no-cache
content-length: 504948
date: Sun, 28 Apr 2024 03:25:32 GMT

22:25:32.467 [AsyncHttpClient-1-5] DEBUG org.asynchttpclient.netty.channel.ChannelManager -- Adding key: http://localhost:18046 for channel [id: 0x03417c29, L:/127.0.0.1:63401 - R:localhost/127.0.0.1:18046]
22:25:32.474 [main] DEBUG net.serenitybdd.core.photography.Darkroom -- Send negative for processing for C:\Users\USUARIO\OneDrive\Documentos\02 Automatización\03 Pragma\pragma\pragma\target\site\serenity\4ee8a2605a1cdda36c2b7788194c259ded3d98d35a623d38fa3b86f65a89fac1.png
22:25:32.718 [AsyncHttpClient-1-1] DEBUG org.asynchttpclient.netty.channel.DefaultChannelPool -- Entry count for : http://localhost:18046 : 1
22:25:33.476 [main] DEBUG net.thucydides.core.steps.StepInterceptor -- STEP DONE: regresoAlHomePage
22:25:33.483 [Forwarding getAlertText on session 6747135a-728e-429a-9b07-4c0821d22622 to remote] DEBUG org.asynchttpclient.netty.request.NettyRequestSender -- Using pooled Channel '[id: 0x03417c29, L:/127.0.0.1:63401 - R:localhost/127.0.0.1:18046]' for 'GET' to 'http://localhost:18046/session/6747135a-728e-429a-9b07-4c0821d22622/alert/text'
22:25:33.484 [Forwarding getAlertText on session 6747135a-728e-429a-9b07-4c0821d22622 to remote] DEBUG org.asynchttpclient.netty.request.NettyRequestSender -- Using open Channel [id: 0x03417c29, L:/127.0.0.1:63401 - R:localhost/127.0.0.1:18046] for GET '/session/6747135a-728e-429a-9b07-4c0821d22622/alert/text'
22:25:33.486 [AsyncHttpClient-1-5] DEBUG org.asynchttpclient.netty.handler.HttpHandler -- 

Request DefaultFullHttpRequest(decodeResult: success, version: HTTP/1.1, content: EmptyByteBufBE)
GET /session/6747135a-728e-429a-9b07-4c0821d22622/alert/text HTTP/1.1
Cache-Control: no-cache
User-Agent: selenium/4.12.0 (java windows)
Content-Type: application/json; charset=utf-8
host: localhost:18046
accept: */*

Response DefaultHttpResponse(decodeResult: success, version: HTTP/1.1)
HTTP/1.1 404 Not Found
content-type: application/json; charset=utf-8
cache-control: no-cache
content-length: 842
date: Sun, 28 Apr 2024 03:25:33 GMT

22:25:33.486 [AsyncHttpClient-1-5] DEBUG org.asynchttpclient.netty.channel.ChannelManager -- Adding key: http://localhost:18046 for channel [id: 0x03417c29, L:/127.0.0.1:63401 - R:localhost/127.0.0.1:18046]
22:25:33.487 [Forwarding getCurrentUrl on session 6747135a-728e-429a-9b07-4c0821d22622 to remote] DEBUG org.asynchttpclient.netty.request.NettyRequestSender -- Using pooled Channel '[id: 0x03417c29, L:/127.0.0.1:63401 - R:localhost/127.0.0.1:18046]' for 'GET' to 'http://localhost:18046/session/6747135a-728e-429a-9b07-4c0821d22622/url'
22:25:33.488 [Forwarding getCurrentUrl on session 6747135a-728e-429a-9b07-4c0821d22622 to remote] DEBUG org.asynchttpclient.netty.request.NettyRequestSender -- Using open Channel [id: 0x03417c29, L:/127.0.0.1:63401 - R:localhost/127.0.0.1:18046] for GET '/session/6747135a-728e-429a-9b07-4c0821d22622/url'
22:25:33.489 [AsyncHttpClient-1-5] DEBUG org.asynchttpclient.netty.handler.HttpHandler -- 

Request DefaultFullHttpRequest(decodeResult: success, version: HTTP/1.1, content: EmptyByteBufBE)
GET /session/6747135a-728e-429a-9b07-4c0821d22622/url HTTP/1.1
Cache-Control: no-cache
User-Agent: selenium/4.12.0 (java windows)
Content-Type: application/json; charset=utf-8
host: localhost:18046
accept: */*

Response DefaultHttpResponse(decodeResult: success, version: HTTP/1.1)
HTTP/1.1 200 OK
content-type: application/json; charset=utf-8
cache-control: no-cache
content-length: 48
date: Sun, 28 Apr 2024 03:25:33 GMT

22:25:33.489 [AsyncHttpClient-1-5] DEBUG org.asynchttpclient.netty.channel.ChannelManager -- Adding key: http://localhost:18046 for channel [id: 0x03417c29, L:/127.0.0.1:63401 - R:localhost/127.0.0.1:18046]
22:25:33.490 [Forwarding screenshot on session 6747135a-728e-429a-9b07-4c0821d22622 to remote] DEBUG org.asynchttpclient.netty.request.NettyRequestSender -- Using pooled Channel '[id: 0x03417c29, L:/127.0.0.1:63401 - R:localhost/127.0.0.1:18046]' for 'GET' to 'http://localhost:18046/session/6747135a-728e-429a-9b07-4c0821d22622/screenshot'
22:25:33.491 [Forwarding screenshot on session 6747135a-728e-429a-9b07-4c0821d22622 to remote] DEBUG org.asynchttpclient.netty.request.NettyRequestSender -- Using open Channel [id: 0x03417c29, L:/127.0.0.1:63401 - R:localhost/127.0.0.1:18046] for GET '/session/6747135a-728e-429a-9b07-4c0821d22622/screenshot'
22:25:33.560 [AsyncHttpClient-1-5] DEBUG org.asynchttpclient.netty.handler.HttpHandler -- 

Request DefaultFullHttpRequest(decodeResult: success, version: HTTP/1.1, content: EmptyByteBufBE)
GET /session/6747135a-728e-429a-9b07-4c0821d22622/screenshot HTTP/1.1
Cache-Control: no-cache
User-Agent: selenium/4.12.0 (java windows)
Content-Type: application/json; charset=utf-8
host: localhost:18046
accept: */*

Response DefaultHttpResponse(decodeResult: success, version: HTTP/1.1)
HTTP/1.1 200 OK
content-type: application/json; charset=utf-8
cache-control: no-cache
content-length: 800340
date: Sun, 28 Apr 2024 03:25:33 GMT

22:25:33.561 [AsyncHttpClient-1-5] DEBUG org.asynchttpclient.netty.channel.ChannelManager -- Adding key: http://localhost:18046 for channel [id: 0x03417c29, L:/127.0.0.1:63401 - R:localhost/127.0.0.1:18046]
22:25:33.576 [main] DEBUG net.serenitybdd.core.photography.Darkroom -- Send negative for processing for C:\Users\USUARIO\OneDrive\Documentos\02 Automatización\03 Pragma\pragma\pragma\target\site\serenity\c6d2d59253a3c52d8b8db4ad723f6da73641757028d146bd6c52f7f99c9aebe9.png
22:25:33.817 [AsyncHttpClient-1-1] DEBUG org.asynchttpclient.netty.channel.DefaultChannelPool -- Entry count for : http://localhost:18046 : 1
22:25:34.583 [main] DEBUG net.thucydides.core.steps.StepInterceptor -- STARTING STEP: StepInterceptor.testContext - ingresoACategoria
22:25:34.585 [Forwarding findElement on session 6747135a-728e-429a-9b07-4c0821d22622 to remote] DEBUG org.asynchttpclient.netty.request.NettyRequestSender -- Using pooled Channel '[id: 0x03417c29, L:/127.0.0.1:63401 - R:localhost/127.0.0.1:18046]' for 'POST' to 'http://localhost:18046/session/6747135a-728e-429a-9b07-4c0821d22622/element'
22:25:34.586 [Forwarding findElement on session 6747135a-728e-429a-9b07-4c0821d22622 to remote] DEBUG org.asynchttpclient.netty.request.NettyRequestSender -- Using open Channel [id: 0x03417c29, L:/127.0.0.1:63401 - R:localhost/127.0.0.1:18046] for POST '/session/6747135a-728e-429a-9b07-4c0821d22622/element'
22:25:34.589 [AsyncHttpClient-1-5] DEBUG org.asynchttpclient.netty.handler.HttpHandler -- 

Request DefaultHttpRequest(decodeResult: success, version: HTTP/1.1)
POST /session/6747135a-728e-429a-9b07-4c0821d22622/element HTTP/1.1
User-Agent: selenium/4.12.0 (java windows)
Content-Length: 79
Content-Type: application/json; charset=utf-8
host: localhost:18046
accept: */*

Response DefaultHttpResponse(decodeResult: success, version: HTTP/1.1)
HTTP/1.1 200 OK
content-type: application/json; charset=utf-8
cache-control: no-cache
content-length: 88
date: Sun, 28 Apr 2024 03:25:34 GMT

22:25:34.589 [AsyncHttpClient-1-5] DEBUG org.asynchttpclient.netty.channel.ChannelManager -- Adding key: http://localhost:18046 for channel [id: 0x03417c29, L:/127.0.0.1:63401 - R:localhost/127.0.0.1:18046]
22:25:34.590 [Forwarding getElementTagName on session 6747135a-728e-429a-9b07-4c0821d22622 to remote] DEBUG org.asynchttpclient.netty.request.NettyRequestSender -- Using pooled Channel '[id: 0x03417c29, L:/127.0.0.1:63401 - R:localhost/127.0.0.1:18046]' for 'GET' to 'http://localhost:18046/session/6747135a-728e-429a-9b07-4c0821d22622/element/df602154-174c-4992-89b5-62ba91688ae1/name'
22:25:34.590 [Forwarding getElementTagName on session 6747135a-728e-429a-9b07-4c0821d22622 to remote] DEBUG org.asynchttpclient.netty.request.NettyRequestSender -- Using open Channel [id: 0x03417c29, L:/127.0.0.1:63401 - R:localhost/127.0.0.1:18046] for GET '/session/6747135a-728e-429a-9b07-4c0821d22622/element/df602154-174c-4992-89b5-62ba91688ae1/name'
22:25:34.591 [AsyncHttpClient-1-5] DEBUG org.asynchttpclient.netty.handler.HttpHandler -- 

Request DefaultFullHttpRequest(decodeResult: success, version: HTTP/1.1, content: EmptyByteBufBE)
GET /session/6747135a-728e-429a-9b07-4c0821d22622/element/df602154-174c-4992-89b5-62ba91688ae1/name HTTP/1.1
Cache-Control: no-cache
User-Agent: selenium/4.12.0 (java windows)
Content-Type: application/json; charset=utf-8
host: localhost:18046
accept: */*

Response DefaultHttpResponse(decodeResult: success, version: HTTP/1.1)
HTTP/1.1 200 OK
content-type: application/json; charset=utf-8
cache-control: no-cache
content-length: 13
date: Sun, 28 Apr 2024 03:25:34 GMT

22:25:34.591 [AsyncHttpClient-1-5] DEBUG org.asynchttpclient.netty.channel.ChannelManager -- Adding key: http://localhost:18046 for channel [id: 0x03417c29, L:/127.0.0.1:63401 - R:localhost/127.0.0.1:18046]
22:25:34.592 [Forwarding getElementTagName on session 6747135a-728e-429a-9b07-4c0821d22622 to remote] DEBUG org.asynchttpclient.netty.request.NettyRequestSender -- Using pooled Channel '[id: 0x03417c29, L:/127.0.0.1:63401 - R:localhost/127.0.0.1:18046]' for 'GET' to 'http://localhost:18046/session/6747135a-728e-429a-9b07-4c0821d22622/element/df602154-174c-4992-89b5-62ba91688ae1/name'
22:25:34.592 [Forwarding getElementTagName on session 6747135a-728e-429a-9b07-4c0821d22622 to remote] DEBUG org.asynchttpclient.netty.request.NettyRequestSender -- Using open Channel [id: 0x03417c29, L:/127.0.0.1:63401 - R:localhost/127.0.0.1:18046] for GET '/session/6747135a-728e-429a-9b07-4c0821d22622/element/df602154-174c-4992-89b5-62ba91688ae1/name'
22:25:34.593 [AsyncHttpClient-1-5] DEBUG org.asynchttpclient.netty.handler.HttpHandler -- 

Request DefaultFullHttpRequest(decodeResult: success, version: HTTP/1.1, content: EmptyByteBufBE)
GET /session/6747135a-728e-429a-9b07-4c0821d22622/element/df602154-174c-4992-89b5-62ba91688ae1/name HTTP/1.1
Cache-Control: no-cache
User-Agent: selenium/4.12.0 (java windows)
Content-Type: application/json; charset=utf-8
host: localhost:18046
accept: */*

Response DefaultHttpResponse(decodeResult: success, version: HTTP/1.1)
HTTP/1.1 200 OK
content-type: application/json; charset=utf-8
cache-control: no-cache
content-length: 13
date: Sun, 28 Apr 2024 03:25:34 GMT

22:25:34.593 [AsyncHttpClient-1-5] DEBUG org.asynchttpclient.netty.channel.ChannelManager -- Adding key: http://localhost:18046 for channel [id: 0x03417c29, L:/127.0.0.1:63401 - R:localhost/127.0.0.1:18046]
22:25:34.594 [Forwarding findElement on session 6747135a-728e-429a-9b07-4c0821d22622 to remote] DEBUG org.asynchttpclient.netty.request.NettyRequestSender -- Using pooled Channel '[id: 0x03417c29, L:/127.0.0.1:63401 - R:localhost/127.0.0.1:18046]' for 'POST' to 'http://localhost:18046/session/6747135a-728e-429a-9b07-4c0821d22622/element'
22:25:34.594 [Forwarding findElement on session 6747135a-728e-429a-9b07-4c0821d22622 to remote] DEBUG org.asynchttpclient.netty.request.NettyRequestSender -- Using open Channel [id: 0x03417c29, L:/127.0.0.1:63401 - R:localhost/127.0.0.1:18046] for POST '/session/6747135a-728e-429a-9b07-4c0821d22622/element'
22:25:34.595 [AsyncHttpClient-1-5] DEBUG org.asynchttpclient.netty.handler.HttpHandler -- 

Request DefaultHttpRequest(decodeResult: success, version: HTTP/1.1)
POST /session/6747135a-728e-429a-9b07-4c0821d22622/element HTTP/1.1
User-Agent: selenium/4.12.0 (java windows)
Content-Length: 79
Content-Type: application/json; charset=utf-8
host: localhost:18046
accept: */*

Response DefaultHttpResponse(decodeResult: success, version: HTTP/1.1)
HTTP/1.1 200 OK
content-type: application/json; charset=utf-8
cache-control: no-cache
content-length: 88
date: Sun, 28 Apr 2024 03:25:34 GMT

22:25:34.595 [AsyncHttpClient-1-5] DEBUG org.asynchttpclient.netty.channel.ChannelManager -- Adding key: http://localhost:18046 for channel [id: 0x03417c29, L:/127.0.0.1:63401 - R:localhost/127.0.0.1:18046]
22:25:34.596 [Forwarding clickElement on session 6747135a-728e-429a-9b07-4c0821d22622 to remote] DEBUG org.asynchttpclient.netty.request.NettyRequestSender -- Using pooled Channel '[id: 0x03417c29, L:/127.0.0.1:63401 - R:localhost/127.0.0.1:18046]' for 'POST' to 'http://localhost:18046/session/6747135a-728e-429a-9b07-4c0821d22622/element/df602154-174c-4992-89b5-62ba91688ae1/click'
22:25:34.596 [Forwarding clickElement on session 6747135a-728e-429a-9b07-4c0821d22622 to remote] DEBUG org.asynchttpclient.netty.request.NettyRequestSender -- Using open Channel [id: 0x03417c29, L:/127.0.0.1:63401 - R:localhost/127.0.0.1:18046] for POST '/session/6747135a-728e-429a-9b07-4c0821d22622/element/df602154-174c-4992-89b5-62ba91688ae1/click'
22:25:34.605 [AsyncHttpClient-1-5] DEBUG org.asynchttpclient.netty.handler.HttpHandler -- 

Request DefaultHttpRequest(decodeResult: success, version: HTTP/1.1)
POST /session/6747135a-728e-429a-9b07-4c0821d22622/element/df602154-174c-4992-89b5-62ba91688ae1/click HTTP/1.1
User-Agent: selenium/4.12.0 (java windows)
Content-Length: 50
Content-Type: application/json; charset=utf-8
host: localhost:18046
accept: */*

Response DefaultHttpResponse(decodeResult: success, version: HTTP/1.1)
HTTP/1.1 200 OK
content-type: application/json; charset=utf-8
cache-control: no-cache
content-length: 14
date: Sun, 28 Apr 2024 03:25:34 GMT

22:25:34.605 [AsyncHttpClient-1-5] DEBUG org.asynchttpclient.netty.channel.ChannelManager -- Adding key: http://localhost:18046 for channel [id: 0x03417c29, L:/127.0.0.1:63401 - R:localhost/127.0.0.1:18046]
22:25:34.608 [Forwarding getAlertText on session 6747135a-728e-429a-9b07-4c0821d22622 to remote] DEBUG org.asynchttpclient.netty.request.NettyRequestSender -- Using pooled Channel '[id: 0x03417c29, L:/127.0.0.1:63401 - R:localhost/127.0.0.1:18046]' for 'GET' to 'http://localhost:18046/session/6747135a-728e-429a-9b07-4c0821d22622/alert/text'
22:25:34.608 [Forwarding getAlertText on session 6747135a-728e-429a-9b07-4c0821d22622 to remote] DEBUG org.asynchttpclient.netty.request.NettyRequestSender -- Using open Channel [id: 0x03417c29, L:/127.0.0.1:63401 - R:localhost/127.0.0.1:18046] for GET '/session/6747135a-728e-429a-9b07-4c0821d22622/alert/text'
22:25:34.610 [AsyncHttpClient-1-5] DEBUG org.asynchttpclient.netty.handler.HttpHandler -- 

Request DefaultFullHttpRequest(decodeResult: success, version: HTTP/1.1, content: EmptyByteBufBE)
GET /session/6747135a-728e-429a-9b07-4c0821d22622/alert/text HTTP/1.1
Cache-Control: no-cache
User-Agent: selenium/4.12.0 (java windows)
Content-Type: application/json; charset=utf-8
host: localhost:18046
accept: */*

Response DefaultHttpResponse(decodeResult: success, version: HTTP/1.1)
HTTP/1.1 404 Not Found
content-type: application/json; charset=utf-8
cache-control: no-cache
content-length: 842
date: Sun, 28 Apr 2024 03:25:34 GMT

22:25:34.610 [AsyncHttpClient-1-5] DEBUG org.asynchttpclient.netty.channel.ChannelManager -- Adding key: http://localhost:18046 for channel [id: 0x03417c29, L:/127.0.0.1:63401 - R:localhost/127.0.0.1:18046]
22:25:34.610 [Forwarding getCurrentUrl on session 6747135a-728e-429a-9b07-4c0821d22622 to remote] DEBUG org.asynchttpclient.netty.request.NettyRequestSender -- Using pooled Channel '[id: 0x03417c29, L:/127.0.0.1:63401 - R:localhost/127.0.0.1:18046]' for 'GET' to 'http://localhost:18046/session/6747135a-728e-429a-9b07-4c0821d22622/url'
22:25:34.610 [Forwarding getCurrentUrl on session 6747135a-728e-429a-9b07-4c0821d22622 to remote] DEBUG org.asynchttpclient.netty.request.NettyRequestSender -- Using open Channel [id: 0x03417c29, L:/127.0.0.1:63401 - R:localhost/127.0.0.1:18046] for GET '/session/6747135a-728e-429a-9b07-4c0821d22622/url'
22:25:34.611 [AsyncHttpClient-1-5] DEBUG org.asynchttpclient.netty.handler.HttpHandler -- 

Request DefaultFullHttpRequest(decodeResult: success, version: HTTP/1.1, content: EmptyByteBufBE)
GET /session/6747135a-728e-429a-9b07-4c0821d22622/url HTTP/1.1
Cache-Control: no-cache
User-Agent: selenium/4.12.0 (java windows)
Content-Type: application/json; charset=utf-8
host: localhost:18046
accept: */*

Response DefaultHttpResponse(decodeResult: success, version: HTTP/1.1)
HTTP/1.1 200 OK
content-type: application/json; charset=utf-8
cache-control: no-cache
content-length: 49
date: Sun, 28 Apr 2024 03:25:34 GMT

22:25:34.611 [AsyncHttpClient-1-5] DEBUG org.asynchttpclient.netty.channel.ChannelManager -- Adding key: http://localhost:18046 for channel [id: 0x03417c29, L:/127.0.0.1:63401 - R:localhost/127.0.0.1:18046]
22:25:34.612 [Forwarding screenshot on session 6747135a-728e-429a-9b07-4c0821d22622 to remote] DEBUG org.asynchttpclient.netty.request.NettyRequestSender -- Using pooled Channel '[id: 0x03417c29, L:/127.0.0.1:63401 - R:localhost/127.0.0.1:18046]' for 'GET' to 'http://localhost:18046/session/6747135a-728e-429a-9b07-4c0821d22622/screenshot'
22:25:34.612 [Forwarding screenshot on session 6747135a-728e-429a-9b07-4c0821d22622 to remote] DEBUG org.asynchttpclient.netty.request.NettyRequestSender -- Using open Channel [id: 0x03417c29, L:/127.0.0.1:63401 - R:localhost/127.0.0.1:18046] for GET '/session/6747135a-728e-429a-9b07-4c0821d22622/screenshot'
22:25:34.685 [AsyncHttpClient-1-5] DEBUG org.asynchttpclient.netty.handler.HttpHandler -- 

Request DefaultFullHttpRequest(decodeResult: success, version: HTTP/1.1, content: EmptyByteBufBE)
GET /session/6747135a-728e-429a-9b07-4c0821d22622/screenshot HTTP/1.1
Cache-Control: no-cache
User-Agent: selenium/4.12.0 (java windows)
Content-Type: application/json; charset=utf-8
host: localhost:18046
accept: */*

Response DefaultHttpResponse(decodeResult: success, version: HTTP/1.1)
HTTP/1.1 200 OK
content-type: application/json; charset=utf-8
cache-control: no-cache
content-length: 800340
date: Sun, 28 Apr 2024 03:25:34 GMT

22:25:34.685 [AsyncHttpClient-1-5] DEBUG org.asynchttpclient.netty.channel.ChannelManager -- Adding key: http://localhost:18046 for channel [id: 0x03417c29, L:/127.0.0.1:63401 - R:localhost/127.0.0.1:18046]
22:25:34.701 [main] DEBUG net.serenitybdd.core.photography.Darkroom -- Send negative for processing for C:\Users\USUARIO\OneDrive\Documentos\02 Automatización\03 Pragma\pragma\pragma\target\site\serenity\c6d2d59253a3c52d8b8db4ad723f6da73641757028d146bd6c52f7f99c9aebe9.png
22:25:34.910 [AsyncHttpClient-1-1] DEBUG org.asynchttpclient.netty.channel.DefaultChannelPool -- Entry count for : http://localhost:18046 : 1
22:25:35.709 [main] DEBUG net.thucydides.core.steps.StepInterceptor -- STEP DONE: ingresoACategoria
22:25:35.711 [Forwarding getAlertText on session 6747135a-728e-429a-9b07-4c0821d22622 to remote] DEBUG org.asynchttpclient.netty.request.NettyRequestSender -- Using pooled Channel '[id: 0x03417c29, L:/127.0.0.1:63401 - R:localhost/127.0.0.1:18046]' for 'GET' to 'http://localhost:18046/session/6747135a-728e-429a-9b07-4c0821d22622/alert/text'
22:25:35.712 [Forwarding getAlertText on session 6747135a-728e-429a-9b07-4c0821d22622 to remote] DEBUG org.asynchttpclient.netty.request.NettyRequestSender -- Using open Channel [id: 0x03417c29, L:/127.0.0.1:63401 - R:localhost/127.0.0.1:18046] for GET '/session/6747135a-728e-429a-9b07-4c0821d22622/alert/text'
22:25:35.713 [AsyncHttpClient-1-5] DEBUG org.asynchttpclient.netty.handler.HttpHandler -- 

Request DefaultFullHttpRequest(decodeResult: success, version: HTTP/1.1, content: EmptyByteBufBE)
GET /session/6747135a-728e-429a-9b07-4c0821d22622/alert/text HTTP/1.1
Cache-Control: no-cache
User-Agent: selenium/4.12.0 (java windows)
Content-Type: application/json; charset=utf-8
host: localhost:18046
accept: */*

Response DefaultHttpResponse(decodeResult: success, version: HTTP/1.1)
HTTP/1.1 404 Not Found
content-type: application/json; charset=utf-8
cache-control: no-cache
content-length: 842
date: Sun, 28 Apr 2024 03:25:35 GMT

22:25:35.713 [AsyncHttpClient-1-5] DEBUG org.asynchttpclient.netty.channel.ChannelManager -- Adding key: http://localhost:18046 for channel [id: 0x03417c29, L:/127.0.0.1:63401 - R:localhost/127.0.0.1:18046]
22:25:35.714 [Forwarding getCurrentUrl on session 6747135a-728e-429a-9b07-4c0821d22622 to remote] DEBUG org.asynchttpclient.netty.request.NettyRequestSender -- Using pooled Channel '[id: 0x03417c29, L:/127.0.0.1:63401 - R:localhost/127.0.0.1:18046]' for 'GET' to 'http://localhost:18046/session/6747135a-728e-429a-9b07-4c0821d22622/url'
22:25:35.714 [Forwarding getCurrentUrl on session 6747135a-728e-429a-9b07-4c0821d22622 to remote] DEBUG org.asynchttpclient.netty.request.NettyRequestSender -- Using open Channel [id: 0x03417c29, L:/127.0.0.1:63401 - R:localhost/127.0.0.1:18046] for GET '/session/6747135a-728e-429a-9b07-4c0821d22622/url'
22:25:35.715 [AsyncHttpClient-1-5] DEBUG org.asynchttpclient.netty.handler.HttpHandler -- 

Request DefaultFullHttpRequest(decodeResult: success, version: HTTP/1.1, content: EmptyByteBufBE)
GET /session/6747135a-728e-429a-9b07-4c0821d22622/url HTTP/1.1
Cache-Control: no-cache
User-Agent: selenium/4.12.0 (java windows)
Content-Type: application/json; charset=utf-8
host: localhost:18046
accept: */*

Response DefaultHttpResponse(decodeResult: success, version: HTTP/1.1)
HTTP/1.1 200 OK
content-type: application/json; charset=utf-8
cache-control: no-cache
content-length: 49
date: Sun, 28 Apr 2024 03:25:35 GMT

22:25:35.715 [AsyncHttpClient-1-5] DEBUG org.asynchttpclient.netty.channel.ChannelManager -- Adding key: http://localhost:18046 for channel [id: 0x03417c29, L:/127.0.0.1:63401 - R:localhost/127.0.0.1:18046]
22:25:35.715 [Forwarding screenshot on session 6747135a-728e-429a-9b07-4c0821d22622 to remote] DEBUG org.asynchttpclient.netty.request.NettyRequestSender -- Using pooled Channel '[id: 0x03417c29, L:/127.0.0.1:63401 - R:localhost/127.0.0.1:18046]' for 'GET' to 'http://localhost:18046/session/6747135a-728e-429a-9b07-4c0821d22622/screenshot'
22:25:35.715 [Forwarding screenshot on session 6747135a-728e-429a-9b07-4c0821d22622 to remote] DEBUG org.asynchttpclient.netty.request.NettyRequestSender -- Using open Channel [id: 0x03417c29, L:/127.0.0.1:63401 - R:localhost/127.0.0.1:18046] for GET '/session/6747135a-728e-429a-9b07-4c0821d22622/screenshot'
22:25:35.777 [AsyncHttpClient-1-5] DEBUG org.asynchttpclient.netty.handler.HttpHandler -- 

Request DefaultFullHttpRequest(decodeResult: success, version: HTTP/1.1, content: EmptyByteBufBE)
GET /session/6747135a-728e-429a-9b07-4c0821d22622/screenshot HTTP/1.1
Cache-Control: no-cache
User-Agent: selenium/4.12.0 (java windows)
Content-Type: application/json; charset=utf-8
host: localhost:18046
accept: */*

Response DefaultHttpResponse(decodeResult: success, version: HTTP/1.1)
HTTP/1.1 200 OK
content-type: application/json; charset=utf-8
cache-control: no-cache
content-length: 561988
date: Sun, 28 Apr 2024 03:25:35 GMT

22:25:35.777 [AsyncHttpClient-1-5] DEBUG org.asynchttpclient.netty.channel.ChannelManager -- Adding key: http://localhost:18046 for channel [id: 0x03417c29, L:/127.0.0.1:63401 - R:localhost/127.0.0.1:18046]
22:25:35.790 [main] DEBUG net.serenitybdd.core.photography.Darkroom -- Send negative for processing for C:\Users\USUARIO\OneDrive\Documentos\02 Automatización\03 Pragma\pragma\pragma\target\site\serenity\f4989cbfc2dac5acadc25b91672a55c7eb39afc3df656588105747134e7c9382.png
22:25:36.019 [AsyncHttpClient-1-1] DEBUG org.asynchttpclient.netty.channel.DefaultChannelPool -- Entry count for : http://localhost:18046 : 1
22:25:36.796 [main] DEBUG net.thucydides.core.steps.StepInterceptor -- STARTING STEP: StepInterceptor.testContext - ingresoAlProducto
22:25:36.798 [Forwarding findElement on session 6747135a-728e-429a-9b07-4c0821d22622 to remote] DEBUG org.asynchttpclient.netty.request.NettyRequestSender -- Using pooled Channel '[id: 0x03417c29, L:/127.0.0.1:63401 - R:localhost/127.0.0.1:18046]' for 'POST' to 'http://localhost:18046/session/6747135a-728e-429a-9b07-4c0821d22622/element'
22:25:36.798 [Forwarding findElement on session 6747135a-728e-429a-9b07-4c0821d22622 to remote] DEBUG org.asynchttpclient.netty.request.NettyRequestSender -- Using open Channel [id: 0x03417c29, L:/127.0.0.1:63401 - R:localhost/127.0.0.1:18046] for POST '/session/6747135a-728e-429a-9b07-4c0821d22622/element'
22:25:36.802 [AsyncHttpClient-1-5] DEBUG org.asynchttpclient.netty.handler.HttpHandler -- 

Request DefaultHttpRequest(decodeResult: success, version: HTTP/1.1)
POST /session/6747135a-728e-429a-9b07-4c0821d22622/element HTTP/1.1
User-Agent: selenium/4.12.0 (java windows)
Content-Length: 83
Content-Type: application/json; charset=utf-8
host: localhost:18046
accept: */*

Response DefaultHttpResponse(decodeResult: success, version: HTTP/1.1)
HTTP/1.1 200 OK
content-type: application/json; charset=utf-8
cache-control: no-cache
content-length: 88
date: Sun, 28 Apr 2024 03:25:36 GMT

22:25:36.802 [AsyncHttpClient-1-5] DEBUG org.asynchttpclient.netty.channel.ChannelManager -- Adding key: http://localhost:18046 for channel [id: 0x03417c29, L:/127.0.0.1:63401 - R:localhost/127.0.0.1:18046]
22:25:36.803 [Forwarding getElementTagName on session 6747135a-728e-429a-9b07-4c0821d22622 to remote] DEBUG org.asynchttpclient.netty.request.NettyRequestSender -- Using pooled Channel '[id: 0x03417c29, L:/127.0.0.1:63401 - R:localhost/127.0.0.1:18046]' for 'GET' to 'http://localhost:18046/session/6747135a-728e-429a-9b07-4c0821d22622/element/ea0685ac-e9ee-4b4f-b9e1-8981ad3e93cc/name'
22:25:36.803 [Forwarding getElementTagName on session 6747135a-728e-429a-9b07-4c0821d22622 to remote] DEBUG org.asynchttpclient.netty.request.NettyRequestSender -- Using open Channel [id: 0x03417c29, L:/127.0.0.1:63401 - R:localhost/127.0.0.1:18046] for GET '/session/6747135a-728e-429a-9b07-4c0821d22622/element/ea0685ac-e9ee-4b4f-b9e1-8981ad3e93cc/name'
22:25:36.804 [AsyncHttpClient-1-5] DEBUG org.asynchttpclient.netty.handler.HttpHandler -- 

Request DefaultFullHttpRequest(decodeResult: success, version: HTTP/1.1, content: EmptyByteBufBE)
GET /session/6747135a-728e-429a-9b07-4c0821d22622/element/ea0685ac-e9ee-4b4f-b9e1-8981ad3e93cc/name HTTP/1.1
Cache-Control: no-cache
User-Agent: selenium/4.12.0 (java windows)
Content-Type: application/json; charset=utf-8
host: localhost:18046
accept: */*

Response DefaultHttpResponse(decodeResult: success, version: HTTP/1.1)
HTTP/1.1 200 OK
content-type: application/json; charset=utf-8
cache-control: no-cache
content-length: 13
date: Sun, 28 Apr 2024 03:25:36 GMT

22:25:36.804 [AsyncHttpClient-1-5] DEBUG org.asynchttpclient.netty.channel.ChannelManager -- Adding key: http://localhost:18046 for channel [id: 0x03417c29, L:/127.0.0.1:63401 - R:localhost/127.0.0.1:18046]
22:25:36.805 [Forwarding getElementTagName on session 6747135a-728e-429a-9b07-4c0821d22622 to remote] DEBUG org.asynchttpclient.netty.request.NettyRequestSender -- Using pooled Channel '[id: 0x03417c29, L:/127.0.0.1:63401 - R:localhost/127.0.0.1:18046]' for 'GET' to 'http://localhost:18046/session/6747135a-728e-429a-9b07-4c0821d22622/element/ea0685ac-e9ee-4b4f-b9e1-8981ad3e93cc/name'
22:25:36.805 [Forwarding getElementTagName on session 6747135a-728e-429a-9b07-4c0821d22622 to remote] DEBUG org.asynchttpclient.netty.request.NettyRequestSender -- Using open Channel [id: 0x03417c29, L:/127.0.0.1:63401 - R:localhost/127.0.0.1:18046] for GET '/session/6747135a-728e-429a-9b07-4c0821d22622/element/ea0685ac-e9ee-4b4f-b9e1-8981ad3e93cc/name'
22:25:36.806 [AsyncHttpClient-1-5] DEBUG org.asynchttpclient.netty.handler.HttpHandler -- 

Request DefaultFullHttpRequest(decodeResult: success, version: HTTP/1.1, content: EmptyByteBufBE)
GET /session/6747135a-728e-429a-9b07-4c0821d22622/element/ea0685ac-e9ee-4b4f-b9e1-8981ad3e93cc/name HTTP/1.1
Cache-Control: no-cache
User-Agent: selenium/4.12.0 (java windows)
Content-Type: application/json; charset=utf-8
host: localhost:18046
accept: */*

Response DefaultHttpResponse(decodeResult: success, version: HTTP/1.1)
HTTP/1.1 200 OK
content-type: application/json; charset=utf-8
cache-control: no-cache
content-length: 13
date: Sun, 28 Apr 2024 03:25:36 GMT

22:25:36.806 [AsyncHttpClient-1-5] DEBUG org.asynchttpclient.netty.channel.ChannelManager -- Adding key: http://localhost:18046 for channel [id: 0x03417c29, L:/127.0.0.1:63401 - R:localhost/127.0.0.1:18046]
22:25:36.807 [Forwarding findElement on session 6747135a-728e-429a-9b07-4c0821d22622 to remote] DEBUG org.asynchttpclient.netty.request.NettyRequestSender -- Using pooled Channel '[id: 0x03417c29, L:/127.0.0.1:63401 - R:localhost/127.0.0.1:18046]' for 'POST' to 'http://localhost:18046/session/6747135a-728e-429a-9b07-4c0821d22622/element'
22:25:36.807 [Forwarding findElement on session 6747135a-728e-429a-9b07-4c0821d22622 to remote] DEBUG org.asynchttpclient.netty.request.NettyRequestSender -- Using open Channel [id: 0x03417c29, L:/127.0.0.1:63401 - R:localhost/127.0.0.1:18046] for POST '/session/6747135a-728e-429a-9b07-4c0821d22622/element'
22:25:36.808 [AsyncHttpClient-1-5] DEBUG org.asynchttpclient.netty.handler.HttpHandler -- 

Request DefaultHttpRequest(decodeResult: success, version: HTTP/1.1)
POST /session/6747135a-728e-429a-9b07-4c0821d22622/element HTTP/1.1
User-Agent: selenium/4.12.0 (java windows)
Content-Length: 83
Content-Type: application/json; charset=utf-8
host: localhost:18046
accept: */*

Response DefaultHttpResponse(decodeResult: success, version: HTTP/1.1)
HTTP/1.1 200 OK
content-type: application/json; charset=utf-8
cache-control: no-cache
content-length: 88
date: Sun, 28 Apr 2024 03:25:36 GMT

22:25:36.808 [AsyncHttpClient-1-5] DEBUG org.asynchttpclient.netty.channel.ChannelManager -- Adding key: http://localhost:18046 for channel [id: 0x03417c29, L:/127.0.0.1:63401 - R:localhost/127.0.0.1:18046]
22:25:36.809 [Forwarding clickElement on session 6747135a-728e-429a-9b07-4c0821d22622 to remote] DEBUG org.asynchttpclient.netty.request.NettyRequestSender -- Using pooled Channel '[id: 0x03417c29, L:/127.0.0.1:63401 - R:localhost/127.0.0.1:18046]' for 'POST' to 'http://localhost:18046/session/6747135a-728e-429a-9b07-4c0821d22622/element/ea0685ac-e9ee-4b4f-b9e1-8981ad3e93cc/click'
22:25:36.809 [Forwarding clickElement on session 6747135a-728e-429a-9b07-4c0821d22622 to remote] DEBUG org.asynchttpclient.netty.request.NettyRequestSender -- Using open Channel [id: 0x03417c29, L:/127.0.0.1:63401 - R:localhost/127.0.0.1:18046] for POST '/session/6747135a-728e-429a-9b07-4c0821d22622/element/ea0685ac-e9ee-4b4f-b9e1-8981ad3e93cc/click'
22:25:37.079 [AsyncHttpClient-1-5] DEBUG org.asynchttpclient.netty.handler.HttpHandler -- 

Request DefaultHttpRequest(decodeResult: success, version: HTTP/1.1)
POST /session/6747135a-728e-429a-9b07-4c0821d22622/element/ea0685ac-e9ee-4b4f-b9e1-8981ad3e93cc/click HTTP/1.1
User-Agent: selenium/4.12.0 (java windows)
Content-Length: 50
Content-Type: application/json; charset=utf-8
host: localhost:18046
accept: */*

Response DefaultHttpResponse(decodeResult: success, version: HTTP/1.1)
HTTP/1.1 200 OK
content-type: application/json; charset=utf-8
cache-control: no-cache
content-length: 14
date: Sun, 28 Apr 2024 03:25:36 GMT

22:25:37.079 [AsyncHttpClient-1-5] DEBUG org.asynchttpclient.netty.channel.ChannelManager -- Adding key: http://localhost:18046 for channel [id: 0x03417c29, L:/127.0.0.1:63401 - R:localhost/127.0.0.1:18046]
22:25:37.082 [Forwarding findElement on session 6747135a-728e-429a-9b07-4c0821d22622 to remote] DEBUG org.asynchttpclient.netty.request.NettyRequestSender -- Using pooled Channel '[id: 0x03417c29, L:/127.0.0.1:63401 - R:localhost/127.0.0.1:18046]' for 'POST' to 'http://localhost:18046/session/6747135a-728e-429a-9b07-4c0821d22622/element'
22:25:37.082 [Forwarding findElement on session 6747135a-728e-429a-9b07-4c0821d22622 to remote] DEBUG org.asynchttpclient.netty.request.NettyRequestSender -- Using open Channel [id: 0x03417c29, L:/127.0.0.1:63401 - R:localhost/127.0.0.1:18046] for POST '/session/6747135a-728e-429a-9b07-4c0821d22622/element'
22:25:37.346 [AsyncHttpClient-1-5] DEBUG org.asynchttpclient.netty.handler.HttpHandler -- 

Request DefaultHttpRequest(decodeResult: success, version: HTTP/1.1)
POST /session/6747135a-728e-429a-9b07-4c0821d22622/element HTTP/1.1
User-Agent: selenium/4.12.0 (java windows)
Content-Length: 66
Content-Type: application/json; charset=utf-8
host: localhost:18046
accept: */*

Response DefaultHttpResponse(decodeResult: success, version: HTTP/1.1)
HTTP/1.1 200 OK
content-type: application/json; charset=utf-8
cache-control: no-cache
content-length: 88
date: Sun, 28 Apr 2024 03:25:36 GMT

22:25:37.347 [AsyncHttpClient-1-5] DEBUG org.asynchttpclient.netty.channel.ChannelManager -- Adding key: http://localhost:18046 for channel [id: 0x03417c29, L:/127.0.0.1:63401 - R:localhost/127.0.0.1:18046]
22:25:37.347 [Forwarding getElementText on session 6747135a-728e-429a-9b07-4c0821d22622 to remote] DEBUG org.asynchttpclient.netty.request.NettyRequestSender -- Using pooled Channel '[id: 0x03417c29, L:/127.0.0.1:63401 - R:localhost/127.0.0.1:18046]' for 'GET' to 'http://localhost:18046/session/6747135a-728e-429a-9b07-4c0821d22622/element/7df703b3-3644-4d7b-993a-c66fee36bbd9/text'
22:25:37.348 [Forwarding getElementText on session 6747135a-728e-429a-9b07-4c0821d22622 to remote] DEBUG org.asynchttpclient.netty.request.NettyRequestSender -- Using open Channel [id: 0x03417c29, L:/127.0.0.1:63401 - R:localhost/127.0.0.1:18046] for GET '/session/6747135a-728e-429a-9b07-4c0821d22622/element/7df703b3-3644-4d7b-993a-c66fee36bbd9/text'
22:25:37.354 [AsyncHttpClient-1-5] DEBUG org.asynchttpclient.netty.handler.HttpHandler -- 

Request DefaultFullHttpRequest(decodeResult: success, version: HTTP/1.1, content: EmptyByteBufBE)
GET /session/6747135a-728e-429a-9b07-4c0821d22622/element/7df703b3-3644-4d7b-993a-c66fee36bbd9/text HTTP/1.1
Cache-Control: no-cache
User-Agent: selenium/4.12.0 (java windows)
Content-Type: application/json; charset=utf-8
host: localhost:18046
accept: */*

Response DefaultHttpResponse(decodeResult: success, version: HTTP/1.1)
HTTP/1.1 200 OK
content-type: application/json; charset=utf-8
cache-control: no-cache
content-length: 24
date: Sun, 28 Apr 2024 03:25:36 GMT

22:25:37.354 [AsyncHttpClient-1-5] DEBUG org.asynchttpclient.netty.channel.ChannelManager -- Adding key: http://localhost:18046 for channel [id: 0x03417c29, L:/127.0.0.1:63401 - R:localhost/127.0.0.1:18046]
22:25:37.356 [Forwarding getAlertText on session 6747135a-728e-429a-9b07-4c0821d22622 to remote] DEBUG org.asynchttpclient.netty.request.NettyRequestSender -- Using pooled Channel '[id: 0x03417c29, L:/127.0.0.1:63401 - R:localhost/127.0.0.1:18046]' for 'GET' to 'http://localhost:18046/session/6747135a-728e-429a-9b07-4c0821d22622/alert/text'
22:25:37.356 [Forwarding getAlertText on session 6747135a-728e-429a-9b07-4c0821d22622 to remote] DEBUG org.asynchttpclient.netty.request.NettyRequestSender -- Using open Channel [id: 0x03417c29, L:/127.0.0.1:63401 - R:localhost/127.0.0.1:18046] for GET '/session/6747135a-728e-429a-9b07-4c0821d22622/alert/text'
22:25:37.358 [AsyncHttpClient-1-5] DEBUG org.asynchttpclient.netty.handler.HttpHandler -- 

Request DefaultFullHttpRequest(decodeResult: success, version: HTTP/1.1, content: EmptyByteBufBE)
GET /session/6747135a-728e-429a-9b07-4c0821d22622/alert/text HTTP/1.1
Cache-Control: no-cache
User-Agent: selenium/4.12.0 (java windows)
Content-Type: application/json; charset=utf-8
host: localhost:18046
accept: */*

Response DefaultHttpResponse(decodeResult: success, version: HTTP/1.1)
HTTP/1.1 404 Not Found
content-type: application/json; charset=utf-8
cache-control: no-cache
content-length: 842
date: Sun, 28 Apr 2024 03:25:36 GMT

22:25:37.358 [AsyncHttpClient-1-5] DEBUG org.asynchttpclient.netty.channel.ChannelManager -- Adding key: http://localhost:18046 for channel [id: 0x03417c29, L:/127.0.0.1:63401 - R:localhost/127.0.0.1:18046]
22:25:37.358 [Forwarding getCurrentUrl on session 6747135a-728e-429a-9b07-4c0821d22622 to remote] DEBUG org.asynchttpclient.netty.request.NettyRequestSender -- Using pooled Channel '[id: 0x03417c29, L:/127.0.0.1:63401 - R:localhost/127.0.0.1:18046]' for 'GET' to 'http://localhost:18046/session/6747135a-728e-429a-9b07-4c0821d22622/url'
22:25:37.358 [Forwarding getCurrentUrl on session 6747135a-728e-429a-9b07-4c0821d22622 to remote] DEBUG org.asynchttpclient.netty.request.NettyRequestSender -- Using open Channel [id: 0x03417c29, L:/127.0.0.1:63401 - R:localhost/127.0.0.1:18046] for GET '/session/6747135a-728e-429a-9b07-4c0821d22622/url'
22:25:37.359 [AsyncHttpClient-1-5] DEBUG org.asynchttpclient.netty.handler.HttpHandler -- 

Request DefaultFullHttpRequest(decodeResult: success, version: HTTP/1.1, content: EmptyByteBufBE)
GET /session/6747135a-728e-429a-9b07-4c0821d22622/url HTTP/1.1
Cache-Control: no-cache
User-Agent: selenium/4.12.0 (java windows)
Content-Type: application/json; charset=utf-8
host: localhost:18046
accept: */*

Response DefaultHttpResponse(decodeResult: success, version: HTTP/1.1)
HTTP/1.1 200 OK
content-type: application/json; charset=utf-8
cache-control: no-cache
content-length: 55
date: Sun, 28 Apr 2024 03:25:36 GMT

22:25:37.359 [AsyncHttpClient-1-5] DEBUG org.asynchttpclient.netty.channel.ChannelManager -- Adding key: http://localhost:18046 for channel [id: 0x03417c29, L:/127.0.0.1:63401 - R:localhost/127.0.0.1:18046]
22:25:37.359 [Forwarding screenshot on session 6747135a-728e-429a-9b07-4c0821d22622 to remote] DEBUG org.asynchttpclient.netty.request.NettyRequestSender -- Using pooled Channel '[id: 0x03417c29, L:/127.0.0.1:63401 - R:localhost/127.0.0.1:18046]' for 'GET' to 'http://localhost:18046/session/6747135a-728e-429a-9b07-4c0821d22622/screenshot'
22:25:37.359 [Forwarding screenshot on session 6747135a-728e-429a-9b07-4c0821d22622 to remote] DEBUG org.asynchttpclient.netty.request.NettyRequestSender -- Using open Channel [id: 0x03417c29, L:/127.0.0.1:63401 - R:localhost/127.0.0.1:18046] for GET '/session/6747135a-728e-429a-9b07-4c0821d22622/screenshot'
22:25:37.407 [AsyncHttpClient-1-5] DEBUG org.asynchttpclient.netty.handler.HttpHandler -- 

Request DefaultFullHttpRequest(decodeResult: success, version: HTTP/1.1, content: EmptyByteBufBE)
GET /session/6747135a-728e-429a-9b07-4c0821d22622/screenshot HTTP/1.1
Cache-Control: no-cache
User-Agent: selenium/4.12.0 (java windows)
Content-Type: application/json; charset=utf-8
host: localhost:18046
accept: */*

Response DefaultHttpResponse(decodeResult: success, version: HTTP/1.1)
HTTP/1.1 200 OK
content-type: application/json; charset=utf-8
cache-control: no-cache
content-length: 439020
date: Sun, 28 Apr 2024 03:25:36 GMT

22:25:37.407 [AsyncHttpClient-1-5] DEBUG org.asynchttpclient.netty.channel.ChannelManager -- Adding key: http://localhost:18046 for channel [id: 0x03417c29, L:/127.0.0.1:63401 - R:localhost/127.0.0.1:18046]
22:25:37.413 [main] DEBUG net.serenitybdd.core.photography.Darkroom -- Send negative for processing for C:\Users\USUARIO\OneDrive\Documentos\02 Automatización\03 Pragma\pragma\pragma\target\site\serenity\6037e15cf3b37baab417fdc3df67f51fb879e08891ee525bf1f7c5ad02e33ccb.png
22:25:37.413 [Darkroom Processing Line] DEBUG net.serenitybdd.core.photography.DarkroomProcessingLine -- Processing screenshot image in /var/screenshots/screenshot-8238105295881081529
22:25:37.414 [Darkroom Processing Line] DEBUG net.serenitybdd.core.photography.DarkroomProcessingLine -- Saving screenshot to C:\Users\USUARIO\OneDrive\Documentos\02 Automatización\03 Pragma\pragma\pragma\target\site\serenity\6037e15cf3b37baab417fdc3df67f51fb879e08891ee525bf1f7c5ad02e33ccb.png
22:25:38.215 [AsyncHttpClient-1-1] DEBUG org.asynchttpclient.netty.channel.DefaultChannelPool -- Entry count for : http://localhost:18046 : 1
22:25:38.418 [main] DEBUG net.thucydides.core.steps.StepInterceptor -- STEP DONE: ingresoAlProducto
22:25:38.426 [Forwarding getAlertText on session 6747135a-728e-429a-9b07-4c0821d22622 to remote] DEBUG org.asynchttpclient.netty.request.NettyRequestSender -- Using pooled Channel '[id: 0x03417c29, L:/127.0.0.1:63401 - R:localhost/127.0.0.1:18046]' for 'GET' to 'http://localhost:18046/session/6747135a-728e-429a-9b07-4c0821d22622/alert/text'
22:25:38.426 [Forwarding getAlertText on session 6747135a-728e-429a-9b07-4c0821d22622 to remote] DEBUG org.asynchttpclient.netty.request.NettyRequestSender -- Using open Channel [id: 0x03417c29, L:/127.0.0.1:63401 - R:localhost/127.0.0.1:18046] for GET '/session/6747135a-728e-429a-9b07-4c0821d22622/alert/text'
22:25:38.428 [AsyncHttpClient-1-5] DEBUG org.asynchttpclient.netty.handler.HttpHandler -- 

Request DefaultFullHttpRequest(decodeResult: success, version: HTTP/1.1, content: EmptyByteBufBE)
GET /session/6747135a-728e-429a-9b07-4c0821d22622/alert/text HTTP/1.1
Cache-Control: no-cache
User-Agent: selenium/4.12.0 (java windows)
Content-Type: application/json; charset=utf-8
host: localhost:18046
accept: */*

Response DefaultHttpResponse(decodeResult: success, version: HTTP/1.1)
HTTP/1.1 404 Not Found
content-type: application/json; charset=utf-8
cache-control: no-cache
content-length: 842
date: Sun, 28 Apr 2024 03:25:38 GMT

22:25:38.428 [AsyncHttpClient-1-5] DEBUG org.asynchttpclient.netty.channel.ChannelManager -- Adding key: http://localhost:18046 for channel [id: 0x03417c29, L:/127.0.0.1:63401 - R:localhost/127.0.0.1:18046]
22:25:38.429 [Forwarding getCurrentUrl on session 6747135a-728e-429a-9b07-4c0821d22622 to remote] DEBUG org.asynchttpclient.netty.request.NettyRequestSender -- Using pooled Channel '[id: 0x03417c29, L:/127.0.0.1:63401 - R:localhost/127.0.0.1:18046]' for 'GET' to 'http://localhost:18046/session/6747135a-728e-429a-9b07-4c0821d22622/url'
22:25:38.429 [Forwarding getCurrentUrl on session 6747135a-728e-429a-9b07-4c0821d22622 to remote] DEBUG org.asynchttpclient.netty.request.NettyRequestSender -- Using open Channel [id: 0x03417c29, L:/127.0.0.1:63401 - R:localhost/127.0.0.1:18046] for GET '/session/6747135a-728e-429a-9b07-4c0821d22622/url'
22:25:38.431 [AsyncHttpClient-1-5] DEBUG org.asynchttpclient.netty.handler.HttpHandler -- 

Request DefaultFullHttpRequest(decodeResult: success, version: HTTP/1.1, content: EmptyByteBufBE)
GET /session/6747135a-728e-429a-9b07-4c0821d22622/url HTTP/1.1
Cache-Control: no-cache
User-Agent: selenium/4.12.0 (java windows)
Content-Type: application/json; charset=utf-8
host: localhost:18046
accept: */*

Response DefaultHttpResponse(decodeResult: success, version: HTTP/1.1)
HTTP/1.1 200 OK
content-type: application/json; charset=utf-8
cache-control: no-cache
content-length: 55
date: Sun, 28 Apr 2024 03:25:38 GMT

22:25:38.431 [AsyncHttpClient-1-5] DEBUG org.asynchttpclient.netty.channel.ChannelManager -- Adding key: http://localhost:18046 for channel [id: 0x03417c29, L:/127.0.0.1:63401 - R:localhost/127.0.0.1:18046]
22:25:38.432 [Forwarding screenshot on session 6747135a-728e-429a-9b07-4c0821d22622 to remote] DEBUG org.asynchttpclient.netty.request.NettyRequestSender -- Using pooled Channel '[id: 0x03417c29, L:/127.0.0.1:63401 - R:localhost/127.0.0.1:18046]' for 'GET' to 'http://localhost:18046/session/6747135a-728e-429a-9b07-4c0821d22622/screenshot'
22:25:38.432 [Forwarding screenshot on session 6747135a-728e-429a-9b07-4c0821d22622 to remote] DEBUG org.asynchttpclient.netty.request.NettyRequestSender -- Using open Channel [id: 0x03417c29, L:/127.0.0.1:63401 - R:localhost/127.0.0.1:18046] for GET '/session/6747135a-728e-429a-9b07-4c0821d22622/screenshot'
22:25:38.477 [AsyncHttpClient-1-5] DEBUG org.asynchttpclient.netty.handler.HttpHandler -- 

Request DefaultFullHttpRequest(decodeResult: success, version: HTTP/1.1, content: EmptyByteBufBE)
GET /session/6747135a-728e-429a-9b07-4c0821d22622/screenshot HTTP/1.1
Cache-Control: no-cache
User-Agent: selenium/4.12.0 (java windows)
Content-Type: application/json; charset=utf-8
host: localhost:18046
accept: */*

Response DefaultHttpResponse(decodeResult: success, version: HTTP/1.1)
HTTP/1.1 200 OK
content-type: application/json; charset=utf-8
cache-control: no-cache
content-length: 439020
date: Sun, 28 Apr 2024 03:25:38 GMT

22:25:38.478 [AsyncHttpClient-1-5] DEBUG org.asynchttpclient.netty.channel.ChannelManager -- Adding key: http://localhost:18046 for channel [id: 0x03417c29, L:/127.0.0.1:63401 - R:localhost/127.0.0.1:18046]
22:25:38.482 [main] DEBUG net.serenitybdd.core.photography.Darkroom -- Send negative for processing for C:\Users\USUARIO\OneDrive\Documentos\02 Automatización\03 Pragma\pragma\pragma\target\site\serenity\6037e15cf3b37baab417fdc3df67f51fb879e08891ee525bf1f7c5ad02e33ccb.png
22:25:39.316 [AsyncHttpClient-1-1] DEBUG org.asynchttpclient.netty.channel.DefaultChannelPool -- Entry count for : http://localhost:18046 : 1
22:25:39.489 [main] DEBUG net.thucydides.core.steps.StepInterceptor -- STARTING STEP: StepInterceptor.testContext - agregoElProductoAlCarritoDeCompra
22:25:39.490 [Forwarding findElement on session 6747135a-728e-429a-9b07-4c0821d22622 to remote] DEBUG org.asynchttpclient.netty.request.NettyRequestSender -- Using pooled Channel '[id: 0x03417c29, L:/127.0.0.1:63401 - R:localhost/127.0.0.1:18046]' for 'POST' to 'http://localhost:18046/session/6747135a-728e-429a-9b07-4c0821d22622/element'
22:25:39.490 [Forwarding findElement on session 6747135a-728e-429a-9b07-4c0821d22622 to remote] DEBUG org.asynchttpclient.netty.request.NettyRequestSender -- Using open Channel [id: 0x03417c29, L:/127.0.0.1:63401 - R:localhost/127.0.0.1:18046] for POST '/session/6747135a-728e-429a-9b07-4c0821d22622/element'
22:25:39.492 [AsyncHttpClient-1-5] DEBUG org.asynchttpclient.netty.handler.HttpHandler -- 

Request DefaultHttpRequest(decodeResult: success, version: HTTP/1.1)
POST /session/6747135a-728e-429a-9b07-4c0821d22622/element HTTP/1.1
User-Agent: selenium/4.12.0 (java windows)
Content-Length: 83
Content-Type: application/json; charset=utf-8
host: localhost:18046
accept: */*

Response DefaultHttpResponse(decodeResult: success, version: HTTP/1.1)
HTTP/1.1 200 OK
content-type: application/json; charset=utf-8
cache-control: no-cache
content-length: 88
date: Sun, 28 Apr 2024 03:25:39 GMT

22:25:39.492 [AsyncHttpClient-1-5] DEBUG org.asynchttpclient.netty.channel.ChannelManager -- Adding key: http://localhost:18046 for channel [id: 0x03417c29, L:/127.0.0.1:63401 - R:localhost/127.0.0.1:18046]
22:25:39.492 [Forwarding getElementTagName on session 6747135a-728e-429a-9b07-4c0821d22622 to remote] DEBUG org.asynchttpclient.netty.request.NettyRequestSender -- Using pooled Channel '[id: 0x03417c29, L:/127.0.0.1:63401 - R:localhost/127.0.0.1:18046]' for 'GET' to 'http://localhost:18046/session/6747135a-728e-429a-9b07-4c0821d22622/element/2b8bf3e1-b5b9-4d9d-9b43-f458048eb91b/name'
22:25:39.492 [Forwarding getElementTagName on session 6747135a-728e-429a-9b07-4c0821d22622 to remote] DEBUG org.asynchttpclient.netty.request.NettyRequestSender -- Using open Channel [id: 0x03417c29, L:/127.0.0.1:63401 - R:localhost/127.0.0.1:18046] for GET '/session/6747135a-728e-429a-9b07-4c0821d22622/element/2b8bf3e1-b5b9-4d9d-9b43-f458048eb91b/name'
22:25:39.494 [AsyncHttpClient-1-5] DEBUG org.asynchttpclient.netty.handler.HttpHandler -- 

Request DefaultFullHttpRequest(decodeResult: success, version: HTTP/1.1, content: EmptyByteBufBE)
GET /session/6747135a-728e-429a-9b07-4c0821d22622/element/2b8bf3e1-b5b9-4d9d-9b43-f458048eb91b/name HTTP/1.1
Cache-Control: no-cache
User-Agent: selenium/4.12.0 (java windows)
Content-Type: application/json; charset=utf-8
host: localhost:18046
accept: */*

Response DefaultHttpResponse(decodeResult: success, version: HTTP/1.1)
HTTP/1.1 200 OK
content-type: application/json; charset=utf-8
cache-control: no-cache
content-length: 13
date: Sun, 28 Apr 2024 03:25:39 GMT

22:25:39.494 [AsyncHttpClient-1-5] DEBUG org.asynchttpclient.netty.channel.ChannelManager -- Adding key: http://localhost:18046 for channel [id: 0x03417c29, L:/127.0.0.1:63401 - R:localhost/127.0.0.1:18046]
22:25:39.495 [Forwarding getElementTagName on session 6747135a-728e-429a-9b07-4c0821d22622 to remote] DEBUG org.asynchttpclient.netty.request.NettyRequestSender -- Using pooled Channel '[id: 0x03417c29, L:/127.0.0.1:63401 - R:localhost/127.0.0.1:18046]' for 'GET' to 'http://localhost:18046/session/6747135a-728e-429a-9b07-4c0821d22622/element/2b8bf3e1-b5b9-4d9d-9b43-f458048eb91b/name'
22:25:39.495 [Forwarding getElementTagName on session 6747135a-728e-429a-9b07-4c0821d22622 to remote] DEBUG org.asynchttpclient.netty.request.NettyRequestSender -- Using open Channel [id: 0x03417c29, L:/127.0.0.1:63401 - R:localhost/127.0.0.1:18046] for GET '/session/6747135a-728e-429a-9b07-4c0821d22622/element/2b8bf3e1-b5b9-4d9d-9b43-f458048eb91b/name'
22:25:39.496 [AsyncHttpClient-1-5] DEBUG org.asynchttpclient.netty.handler.HttpHandler -- 

Request DefaultFullHttpRequest(decodeResult: success, version: HTTP/1.1, content: EmptyByteBufBE)
GET /session/6747135a-728e-429a-9b07-4c0821d22622/element/2b8bf3e1-b5b9-4d9d-9b43-f458048eb91b/name HTTP/1.1
Cache-Control: no-cache
User-Agent: selenium/4.12.0 (java windows)
Content-Type: application/json; charset=utf-8
host: localhost:18046
accept: */*

Response DefaultHttpResponse(decodeResult: success, version: HTTP/1.1)
HTTP/1.1 200 OK
content-type: application/json; charset=utf-8
cache-control: no-cache
content-length: 13
date: Sun, 28 Apr 2024 03:25:39 GMT

22:25:39.496 [AsyncHttpClient-1-5] DEBUG org.asynchttpclient.netty.channel.ChannelManager -- Adding key: http://localhost:18046 for channel [id: 0x03417c29, L:/127.0.0.1:63401 - R:localhost/127.0.0.1:18046]
22:25:39.498 [Forwarding findElement on session 6747135a-728e-429a-9b07-4c0821d22622 to remote] DEBUG org.asynchttpclient.netty.request.NettyRequestSender -- Using pooled Channel '[id: 0x03417c29, L:/127.0.0.1:63401 - R:localhost/127.0.0.1:18046]' for 'POST' to 'http://localhost:18046/session/6747135a-728e-429a-9b07-4c0821d22622/element'
22:25:39.498 [Forwarding findElement on session 6747135a-728e-429a-9b07-4c0821d22622 to remote] DEBUG org.asynchttpclient.netty.request.NettyRequestSender -- Using open Channel [id: 0x03417c29, L:/127.0.0.1:63401 - R:localhost/127.0.0.1:18046] for POST '/session/6747135a-728e-429a-9b07-4c0821d22622/element'
22:25:39.500 [AsyncHttpClient-1-5] DEBUG org.asynchttpclient.netty.handler.HttpHandler -- 

Request DefaultHttpRequest(decodeResult: success, version: HTTP/1.1)
POST /session/6747135a-728e-429a-9b07-4c0821d22622/element HTTP/1.1
User-Agent: selenium/4.12.0 (java windows)
Content-Length: 83
Content-Type: application/json; charset=utf-8
host: localhost:18046
accept: */*

Response DefaultHttpResponse(decodeResult: success, version: HTTP/1.1)
HTTP/1.1 200 OK
content-type: application/json; charset=utf-8
cache-control: no-cache
content-length: 88
date: Sun, 28 Apr 2024 03:25:39 GMT

22:25:39.500 [AsyncHttpClient-1-5] DEBUG org.asynchttpclient.netty.channel.ChannelManager -- Adding key: http://localhost:18046 for channel [id: 0x03417c29, L:/127.0.0.1:63401 - R:localhost/127.0.0.1:18046]
22:25:39.500 [Forwarding clickElement on session 6747135a-728e-429a-9b07-4c0821d22622 to remote] DEBUG org.asynchttpclient.netty.request.NettyRequestSender -- Using pooled Channel '[id: 0x03417c29, L:/127.0.0.1:63401 - R:localhost/127.0.0.1:18046]' for 'POST' to 'http://localhost:18046/session/6747135a-728e-429a-9b07-4c0821d22622/element/2b8bf3e1-b5b9-4d9d-9b43-f458048eb91b/click'
22:25:39.500 [Forwarding clickElement on session 6747135a-728e-429a-9b07-4c0821d22622 to remote] DEBUG org.asynchttpclient.netty.request.NettyRequestSender -- Using open Channel [id: 0x03417c29, L:/127.0.0.1:63401 - R:localhost/127.0.0.1:18046] for POST '/session/6747135a-728e-429a-9b07-4c0821d22622/element/2b8bf3e1-b5b9-4d9d-9b43-f458048eb91b/click'
22:25:39.512 [AsyncHttpClient-1-5] DEBUG org.asynchttpclient.netty.handler.HttpHandler -- 

Request DefaultHttpRequest(decodeResult: success, version: HTTP/1.1)
POST /session/6747135a-728e-429a-9b07-4c0821d22622/element/2b8bf3e1-b5b9-4d9d-9b43-f458048eb91b/click HTTP/1.1
User-Agent: selenium/4.12.0 (java windows)
Content-Length: 50
Content-Type: application/json; charset=utf-8
host: localhost:18046
accept: */*

Response DefaultHttpResponse(decodeResult: success, version: HTTP/1.1)
HTTP/1.1 200 OK
content-type: application/json; charset=utf-8
cache-control: no-cache
content-length: 14
date: Sun, 28 Apr 2024 03:25:39 GMT

22:25:39.512 [AsyncHttpClient-1-5] DEBUG org.asynchttpclient.netty.channel.ChannelManager -- Adding key: http://localhost:18046 for channel [id: 0x03417c29, L:/127.0.0.1:63401 - R:localhost/127.0.0.1:18046]
22:25:39.515 [Forwarding getAlertText on session 6747135a-728e-429a-9b07-4c0821d22622 to remote] DEBUG org.asynchttpclient.netty.request.NettyRequestSender -- Using pooled Channel '[id: 0x03417c29, L:/127.0.0.1:63401 - R:localhost/127.0.0.1:18046]' for 'GET' to 'http://localhost:18046/session/6747135a-728e-429a-9b07-4c0821d22622/alert/text'
22:25:39.515 [Forwarding getAlertText on session 6747135a-728e-429a-9b07-4c0821d22622 to remote] DEBUG org.asynchttpclient.netty.request.NettyRequestSender -- Using open Channel [id: 0x03417c29, L:/127.0.0.1:63401 - R:localhost/127.0.0.1:18046] for GET '/session/6747135a-728e-429a-9b07-4c0821d22622/alert/text'
22:25:39.516 [AsyncHttpClient-1-5] DEBUG org.asynchttpclient.netty.handler.HttpHandler -- 

Request DefaultFullHttpRequest(decodeResult: success, version: HTTP/1.1, content: EmptyByteBufBE)
GET /session/6747135a-728e-429a-9b07-4c0821d22622/alert/text HTTP/1.1
Cache-Control: no-cache
User-Agent: selenium/4.12.0 (java windows)
Content-Type: application/json; charset=utf-8
host: localhost:18046
accept: */*

Response DefaultHttpResponse(decodeResult: success, version: HTTP/1.1)
HTTP/1.1 404 Not Found
content-type: application/json; charset=utf-8
cache-control: no-cache
content-length: 842
date: Sun, 28 Apr 2024 03:25:39 GMT

22:25:39.516 [AsyncHttpClient-1-5] DEBUG org.asynchttpclient.netty.channel.ChannelManager -- Adding key: http://localhost:18046 for channel [id: 0x03417c29, L:/127.0.0.1:63401 - R:localhost/127.0.0.1:18046]
22:25:40.026 [Forwarding getAlertText on session 6747135a-728e-429a-9b07-4c0821d22622 to remote] DEBUG org.asynchttpclient.netty.request.NettyRequestSender -- Using pooled Channel '[id: 0x03417c29, L:/127.0.0.1:63401 - R:localhost/127.0.0.1:18046]' for 'GET' to 'http://localhost:18046/session/6747135a-728e-429a-9b07-4c0821d22622/alert/text'
22:25:40.027 [Forwarding getAlertText on session 6747135a-728e-429a-9b07-4c0821d22622 to remote] DEBUG org.asynchttpclient.netty.request.NettyRequestSender -- Using open Channel [id: 0x03417c29, L:/127.0.0.1:63401 - R:localhost/127.0.0.1:18046] for GET '/session/6747135a-728e-429a-9b07-4c0821d22622/alert/text'
22:25:40.028 [AsyncHttpClient-1-5] DEBUG org.asynchttpclient.netty.handler.HttpHandler -- 

Request DefaultFullHttpRequest(decodeResult: success, version: HTTP/1.1, content: EmptyByteBufBE)
GET /session/6747135a-728e-429a-9b07-4c0821d22622/alert/text HTTP/1.1
Cache-Control: no-cache
User-Agent: selenium/4.12.0 (java windows)
Content-Type: application/json; charset=utf-8
host: localhost:18046
accept: */*

Response DefaultHttpResponse(decodeResult: success, version: HTTP/1.1)
HTTP/1.1 200 OK
content-type: application/json; charset=utf-8
cache-control: no-cache
content-length: 25
date: Sun, 28 Apr 2024 03:25:39 GMT

22:25:40.028 [AsyncHttpClient-1-5] DEBUG org.asynchttpclient.netty.channel.ChannelManager -- Adding key: http://localhost:18046 for channel [id: 0x03417c29, L:/127.0.0.1:63401 - R:localhost/127.0.0.1:18046]
22:25:40.029 [Forwarding getAlertText on session 6747135a-728e-429a-9b07-4c0821d22622 to remote] DEBUG org.asynchttpclient.netty.request.NettyRequestSender -- Using pooled Channel '[id: 0x03417c29, L:/127.0.0.1:63401 - R:localhost/127.0.0.1:18046]' for 'GET' to 'http://localhost:18046/session/6747135a-728e-429a-9b07-4c0821d22622/alert/text'
22:25:40.029 [Forwarding getAlertText on session 6747135a-728e-429a-9b07-4c0821d22622 to remote] DEBUG org.asynchttpclient.netty.request.NettyRequestSender -- Using open Channel [id: 0x03417c29, L:/127.0.0.1:63401 - R:localhost/127.0.0.1:18046] for GET '/session/6747135a-728e-429a-9b07-4c0821d22622/alert/text'
22:25:40.030 [AsyncHttpClient-1-5] DEBUG org.asynchttpclient.netty.handler.HttpHandler -- 

Request DefaultFullHttpRequest(decodeResult: success, version: HTTP/1.1, content: EmptyByteBufBE)
GET /session/6747135a-728e-429a-9b07-4c0821d22622/alert/text HTTP/1.1
Cache-Control: no-cache
User-Agent: selenium/4.12.0 (java windows)
Content-Type: application/json; charset=utf-8
host: localhost:18046
accept: */*

Response DefaultHttpResponse(decodeResult: success, version: HTTP/1.1)
HTTP/1.1 200 OK
content-type: application/json; charset=utf-8
cache-control: no-cache
content-length: 25
date: Sun, 28 Apr 2024 03:25:39 GMT

22:25:40.030 [AsyncHttpClient-1-5] DEBUG org.asynchttpclient.netty.channel.ChannelManager -- Adding key: http://localhost:18046 for channel [id: 0x03417c29, L:/127.0.0.1:63401 - R:localhost/127.0.0.1:18046]
22:25:40.030 [Forwarding acceptAlert on session 6747135a-728e-429a-9b07-4c0821d22622 to remote] DEBUG org.asynchttpclient.netty.request.NettyRequestSender -- Using pooled Channel '[id: 0x03417c29, L:/127.0.0.1:63401 - R:localhost/127.0.0.1:18046]' for 'POST' to 'http://localhost:18046/session/6747135a-728e-429a-9b07-4c0821d22622/alert/accept'
22:25:40.030 [Forwarding acceptAlert on session 6747135a-728e-429a-9b07-4c0821d22622 to remote] DEBUG org.asynchttpclient.netty.request.NettyRequestSender -- Using open Channel [id: 0x03417c29, L:/127.0.0.1:63401 - R:localhost/127.0.0.1:18046] for POST '/session/6747135a-728e-429a-9b07-4c0821d22622/alert/accept'
22:25:40.047 [AsyncHttpClient-1-5] DEBUG org.asynchttpclient.netty.handler.HttpHandler -- 

Request DefaultHttpRequest(decodeResult: success, version: HTTP/1.1)
POST /session/6747135a-728e-429a-9b07-4c0821d22622/alert/accept HTTP/1.1
User-Agent: selenium/4.12.0 (java windows)
Content-Length: 3
Content-Type: application/json; charset=utf-8
host: localhost:18046
accept: */*

Response DefaultHttpResponse(decodeResult: success, version: HTTP/1.1)
HTTP/1.1 200 OK
content-type: application/json; charset=utf-8
cache-control: no-cache
content-length: 14
date: Sun, 28 Apr 2024 03:25:39 GMT

22:25:40.047 [AsyncHttpClient-1-5] DEBUG org.asynchttpclient.netty.channel.ChannelManager -- Adding key: http://localhost:18046 for channel [id: 0x03417c29, L:/127.0.0.1:63401 - R:localhost/127.0.0.1:18046]
22:25:40.049 [Forwarding getAlertText on session 6747135a-728e-429a-9b07-4c0821d22622 to remote] DEBUG org.asynchttpclient.netty.request.NettyRequestSender -- Using pooled Channel '[id: 0x03417c29, L:/127.0.0.1:63401 - R:localhost/127.0.0.1:18046]' for 'GET' to 'http://localhost:18046/session/6747135a-728e-429a-9b07-4c0821d22622/alert/text'
22:25:40.049 [Forwarding getAlertText on session 6747135a-728e-429a-9b07-4c0821d22622 to remote] DEBUG org.asynchttpclient.netty.request.NettyRequestSender -- Using open Channel [id: 0x03417c29, L:/127.0.0.1:63401 - R:localhost/127.0.0.1:18046] for GET '/session/6747135a-728e-429a-9b07-4c0821d22622/alert/text'
22:25:40.050 [AsyncHttpClient-1-5] DEBUG org.asynchttpclient.netty.handler.HttpHandler -- 

Request DefaultFullHttpRequest(decodeResult: success, version: HTTP/1.1, content: EmptyByteBufBE)
GET /session/6747135a-728e-429a-9b07-4c0821d22622/alert/text HTTP/1.1
Cache-Control: no-cache
User-Agent: selenium/4.12.0 (java windows)
Content-Type: application/json; charset=utf-8
host: localhost:18046
accept: */*

Response DefaultHttpResponse(decodeResult: success, version: HTTP/1.1)
HTTP/1.1 404 Not Found
content-type: application/json; charset=utf-8
cache-control: no-cache
content-length: 842
date: Sun, 28 Apr 2024 03:25:39 GMT

22:25:40.050 [AsyncHttpClient-1-5] DEBUG org.asynchttpclient.netty.channel.ChannelManager -- Adding key: http://localhost:18046 for channel [id: 0x03417c29, L:/127.0.0.1:63401 - R:localhost/127.0.0.1:18046]
22:25:40.051 [Forwarding getCurrentUrl on session 6747135a-728e-429a-9b07-4c0821d22622 to remote] DEBUG org.asynchttpclient.netty.request.NettyRequestSender -- Using pooled Channel '[id: 0x03417c29, L:/127.0.0.1:63401 - R:localhost/127.0.0.1:18046]' for 'GET' to 'http://localhost:18046/session/6747135a-728e-429a-9b07-4c0821d22622/url'
22:25:40.051 [Forwarding getCurrentUrl on session 6747135a-728e-429a-9b07-4c0821d22622 to remote] DEBUG org.asynchttpclient.netty.request.NettyRequestSender -- Using open Channel [id: 0x03417c29, L:/127.0.0.1:63401 - R:localhost/127.0.0.1:18046] for GET '/session/6747135a-728e-429a-9b07-4c0821d22622/url'
22:25:40.051 [AsyncHttpClient-1-5] DEBUG org.asynchttpclient.netty.handler.HttpHandler -- 

Request DefaultFullHttpRequest(decodeResult: success, version: HTTP/1.1, content: EmptyByteBufBE)
GET /session/6747135a-728e-429a-9b07-4c0821d22622/url HTTP/1.1
Cache-Control: no-cache
User-Agent: selenium/4.12.0 (java windows)
Content-Type: application/json; charset=utf-8
host: localhost:18046
accept: */*

Response DefaultHttpResponse(decodeResult: success, version: HTTP/1.1)
HTTP/1.1 200 OK
content-type: application/json; charset=utf-8
cache-control: no-cache
content-length: 56
date: Sun, 28 Apr 2024 03:25:39 GMT

22:25:40.052 [AsyncHttpClient-1-5] DEBUG org.asynchttpclient.netty.channel.ChannelManager -- Adding key: http://localhost:18046 for channel [id: 0x03417c29, L:/127.0.0.1:63401 - R:localhost/127.0.0.1:18046]
22:25:40.052 [Forwarding screenshot on session 6747135a-728e-429a-9b07-4c0821d22622 to remote] DEBUG org.asynchttpclient.netty.request.NettyRequestSender -- Using pooled Channel '[id: 0x03417c29, L:/127.0.0.1:63401 - R:localhost/127.0.0.1:18046]' for 'GET' to 'http://localhost:18046/session/6747135a-728e-429a-9b07-4c0821d22622/screenshot'
22:25:40.052 [Forwarding screenshot on session 6747135a-728e-429a-9b07-4c0821d22622 to remote] DEBUG org.asynchttpclient.netty.request.NettyRequestSender -- Using open Channel [id: 0x03417c29, L:/127.0.0.1:63401 - R:localhost/127.0.0.1:18046] for GET '/session/6747135a-728e-429a-9b07-4c0821d22622/screenshot'
22:25:40.094 [AsyncHttpClient-1-5] DEBUG org.asynchttpclient.netty.handler.HttpHandler -- 

Request DefaultFullHttpRequest(decodeResult: success, version: HTTP/1.1, content: EmptyByteBufBE)
GET /session/6747135a-728e-429a-9b07-4c0821d22622/screenshot HTTP/1.1
Cache-Control: no-cache
User-Agent: selenium/4.12.0 (java windows)
Content-Type: application/json; charset=utf-8
host: localhost:18046
accept: */*

Response DefaultHttpResponse(decodeResult: success, version: HTTP/1.1)
HTTP/1.1 200 OK
content-type: application/json; charset=utf-8
cache-control: no-cache
content-length: 439548
date: Sun, 28 Apr 2024 03:25:39 GMT

22:25:40.095 [AsyncHttpClient-1-5] DEBUG org.asynchttpclient.netty.channel.ChannelManager -- Adding key: http://localhost:18046 for channel [id: 0x03417c29, L:/127.0.0.1:63401 - R:localhost/127.0.0.1:18046]
22:25:40.100 [main] DEBUG net.serenitybdd.core.photography.Darkroom -- Send negative for processing for C:\Users\USUARIO\OneDrive\Documentos\02 Automatización\03 Pragma\pragma\pragma\target\site\serenity\f8b994849d17f9e62057d80a4f55492b459cd5f0a122eb3aeea8125e91f89c13.png
22:25:40.100 [Darkroom Processing Line] DEBUG net.serenitybdd.core.photography.DarkroomProcessingLine -- Processing screenshot image in /var/screenshots/screenshot-7916139522164153615
22:25:40.100 [Darkroom Processing Line] DEBUG net.serenitybdd.core.photography.DarkroomProcessingLine -- Saving screenshot to C:\Users\USUARIO\OneDrive\Documentos\02 Automatización\03 Pragma\pragma\pragma\target\site\serenity\f8b994849d17f9e62057d80a4f55492b459cd5f0a122eb3aeea8125e91f89c13.png
22:25:40.414 [AsyncHttpClient-1-1] DEBUG org.asynchttpclient.netty.channel.DefaultChannelPool -- Entry count for : http://localhost:18046 : 1
22:25:41.102 [main] DEBUG net.thucydides.core.steps.StepInterceptor -- STEP DONE: agregoElProductoAlCarritoDeCompra
22:25:41.108 [Forwarding getAlertText on session 6747135a-728e-429a-9b07-4c0821d22622 to remote] DEBUG org.asynchttpclient.netty.request.NettyRequestSender -- Using pooled Channel '[id: 0x03417c29, L:/127.0.0.1:63401 - R:localhost/127.0.0.1:18046]' for 'GET' to 'http://localhost:18046/session/6747135a-728e-429a-9b07-4c0821d22622/alert/text'
22:25:41.108 [Forwarding getAlertText on session 6747135a-728e-429a-9b07-4c0821d22622 to remote] DEBUG org.asynchttpclient.netty.request.NettyRequestSender -- Using open Channel [id: 0x03417c29, L:/127.0.0.1:63401 - R:localhost/127.0.0.1:18046] for GET '/session/6747135a-728e-429a-9b07-4c0821d22622/alert/text'
22:25:41.109 [AsyncHttpClient-1-5] DEBUG org.asynchttpclient.netty.handler.HttpHandler -- 

Request DefaultFullHttpRequest(decodeResult: success, version: HTTP/1.1, content: EmptyByteBufBE)
GET /session/6747135a-728e-429a-9b07-4c0821d22622/alert/text HTTP/1.1
Cache-Control: no-cache
User-Agent: selenium/4.12.0 (java windows)
Content-Type: application/json; charset=utf-8
host: localhost:18046
accept: */*

Response DefaultHttpResponse(decodeResult: success, version: HTTP/1.1)
HTTP/1.1 404 Not Found
content-type: application/json; charset=utf-8
cache-control: no-cache
content-length: 842
date: Sun, 28 Apr 2024 03:25:41 GMT

22:25:41.109 [AsyncHttpClient-1-5] DEBUG org.asynchttpclient.netty.channel.ChannelManager -- Adding key: http://localhost:18046 for channel [id: 0x03417c29, L:/127.0.0.1:63401 - R:localhost/127.0.0.1:18046]
22:25:41.110 [Forwarding getCurrentUrl on session 6747135a-728e-429a-9b07-4c0821d22622 to remote] DEBUG org.asynchttpclient.netty.request.NettyRequestSender -- Using pooled Channel '[id: 0x03417c29, L:/127.0.0.1:63401 - R:localhost/127.0.0.1:18046]' for 'GET' to 'http://localhost:18046/session/6747135a-728e-429a-9b07-4c0821d22622/url'
22:25:41.110 [Forwarding getCurrentUrl on session 6747135a-728e-429a-9b07-4c0821d22622 to remote] DEBUG org.asynchttpclient.netty.request.NettyRequestSender -- Using open Channel [id: 0x03417c29, L:/127.0.0.1:63401 - R:localhost/127.0.0.1:18046] for GET '/session/6747135a-728e-429a-9b07-4c0821d22622/url'
22:25:41.111 [AsyncHttpClient-1-5] DEBUG org.asynchttpclient.netty.handler.HttpHandler -- 

Request DefaultFullHttpRequest(decodeResult: success, version: HTTP/1.1, content: EmptyByteBufBE)
GET /session/6747135a-728e-429a-9b07-4c0821d22622/url HTTP/1.1
Cache-Control: no-cache
User-Agent: selenium/4.12.0 (java windows)
Content-Type: application/json; charset=utf-8
host: localhost:18046
accept: */*

Response DefaultHttpResponse(decodeResult: success, version: HTTP/1.1)
HTTP/1.1 200 OK
content-type: application/json; charset=utf-8
cache-control: no-cache
content-length: 56
date: Sun, 28 Apr 2024 03:25:41 GMT

22:25:41.111 [AsyncHttpClient-1-5] DEBUG org.asynchttpclient.netty.channel.ChannelManager -- Adding key: http://localhost:18046 for channel [id: 0x03417c29, L:/127.0.0.1:63401 - R:localhost/127.0.0.1:18046]
22:25:41.111 [Forwarding screenshot on session 6747135a-728e-429a-9b07-4c0821d22622 to remote] DEBUG org.asynchttpclient.netty.request.NettyRequestSender -- Using pooled Channel '[id: 0x03417c29, L:/127.0.0.1:63401 - R:localhost/127.0.0.1:18046]' for 'GET' to 'http://localhost:18046/session/6747135a-728e-429a-9b07-4c0821d22622/screenshot'
22:25:41.111 [Forwarding screenshot on session 6747135a-728e-429a-9b07-4c0821d22622 to remote] DEBUG org.asynchttpclient.netty.request.NettyRequestSender -- Using open Channel [id: 0x03417c29, L:/127.0.0.1:63401 - R:localhost/127.0.0.1:18046] for GET '/session/6747135a-728e-429a-9b07-4c0821d22622/screenshot'
22:25:41.159 [AsyncHttpClient-1-5] DEBUG org.asynchttpclient.netty.handler.HttpHandler -- 

Request DefaultFullHttpRequest(decodeResult: success, version: HTTP/1.1, content: EmptyByteBufBE)
GET /session/6747135a-728e-429a-9b07-4c0821d22622/screenshot HTTP/1.1
Cache-Control: no-cache
User-Agent: selenium/4.12.0 (java windows)
Content-Type: application/json; charset=utf-8
host: localhost:18046
accept: */*

Response DefaultHttpResponse(decodeResult: success, version: HTTP/1.1)
HTTP/1.1 200 OK
content-type: application/json; charset=utf-8
cache-control: no-cache
content-length: 439548
date: Sun, 28 Apr 2024 03:25:41 GMT

22:25:41.160 [AsyncHttpClient-1-5] DEBUG org.asynchttpclient.netty.channel.ChannelManager -- Adding key: http://localhost:18046 for channel [id: 0x03417c29, L:/127.0.0.1:63401 - R:localhost/127.0.0.1:18046]
22:25:41.166 [main] DEBUG net.serenitybdd.core.photography.Darkroom -- Send negative for processing for C:\Users\USUARIO\OneDrive\Documentos\02 Automatización\03 Pragma\pragma\pragma\target\site\serenity\f8b994849d17f9e62057d80a4f55492b459cd5f0a122eb3aeea8125e91f89c13.png
22:25:41.510 [AsyncHttpClient-1-1] DEBUG org.asynchttpclient.netty.channel.DefaultChannelPool -- Entry count for : http://localhost:18046 : 1
22:25:42.179 [main] DEBUG net.thucydides.core.steps.StepInterceptor -- STARTING STEP: StepInterceptor.testContext - ingresoAlCarritoDeCompras
22:25:42.181 [Forwarding findElement on session 6747135a-728e-429a-9b07-4c0821d22622 to remote] DEBUG org.asynchttpclient.netty.request.NettyRequestSender -- Using pooled Channel '[id: 0x03417c29, L:/127.0.0.1:63401 - R:localhost/127.0.0.1:18046]' for 'POST' to 'http://localhost:18046/session/6747135a-728e-429a-9b07-4c0821d22622/element'
22:25:42.181 [Forwarding findElement on session 6747135a-728e-429a-9b07-4c0821d22622 to remote] DEBUG org.asynchttpclient.netty.request.NettyRequestSender -- Using open Channel [id: 0x03417c29, L:/127.0.0.1:63401 - R:localhost/127.0.0.1:18046] for POST '/session/6747135a-728e-429a-9b07-4c0821d22622/element'
22:25:42.184 [AsyncHttpClient-1-5] DEBUG org.asynchttpclient.netty.handler.HttpHandler -- 

Request DefaultHttpRequest(decodeResult: success, version: HTTP/1.1)
POST /session/6747135a-728e-429a-9b07-4c0821d22622/element HTTP/1.1
User-Agent: selenium/4.12.0 (java windows)
Content-Length: 64
Content-Type: application/json; charset=utf-8
host: localhost:18046
accept: */*

Response DefaultHttpResponse(decodeResult: success, version: HTTP/1.1)
HTTP/1.1 200 OK
content-type: application/json; charset=utf-8
cache-control: no-cache
content-length: 88
date: Sun, 28 Apr 2024 03:25:42 GMT

22:25:42.184 [AsyncHttpClient-1-5] DEBUG org.asynchttpclient.netty.channel.ChannelManager -- Adding key: http://localhost:18046 for channel [id: 0x03417c29, L:/127.0.0.1:63401 - R:localhost/127.0.0.1:18046]
22:25:42.185 [Forwarding getElementTagName on session 6747135a-728e-429a-9b07-4c0821d22622 to remote] DEBUG org.asynchttpclient.netty.request.NettyRequestSender -- Using pooled Channel '[id: 0x03417c29, L:/127.0.0.1:63401 - R:localhost/127.0.0.1:18046]' for 'GET' to 'http://localhost:18046/session/6747135a-728e-429a-9b07-4c0821d22622/element/16d1558d-d25b-4ab6-af16-ad9d105bf69e/name'
22:25:42.185 [Forwarding getElementTagName on session 6747135a-728e-429a-9b07-4c0821d22622 to remote] DEBUG org.asynchttpclient.netty.request.NettyRequestSender -- Using open Channel [id: 0x03417c29, L:/127.0.0.1:63401 - R:localhost/127.0.0.1:18046] for GET '/session/6747135a-728e-429a-9b07-4c0821d22622/element/16d1558d-d25b-4ab6-af16-ad9d105bf69e/name'
22:25:42.187 [AsyncHttpClient-1-5] DEBUG org.asynchttpclient.netty.handler.HttpHandler -- 

Request DefaultFullHttpRequest(decodeResult: success, version: HTTP/1.1, content: EmptyByteBufBE)
GET /session/6747135a-728e-429a-9b07-4c0821d22622/element/16d1558d-d25b-4ab6-af16-ad9d105bf69e/name HTTP/1.1
Cache-Control: no-cache
User-Agent: selenium/4.12.0 (java windows)
Content-Type: application/json; charset=utf-8
host: localhost:18046
accept: */*

Response DefaultHttpResponse(decodeResult: success, version: HTTP/1.1)
HTTP/1.1 200 OK
content-type: application/json; charset=utf-8
cache-control: no-cache
content-length: 13
date: Sun, 28 Apr 2024 03:25:42 GMT

22:25:42.187 [AsyncHttpClient-1-5] DEBUG org.asynchttpclient.netty.channel.ChannelManager -- Adding key: http://localhost:18046 for channel [id: 0x03417c29, L:/127.0.0.1:63401 - R:localhost/127.0.0.1:18046]
22:25:42.188 [Forwarding getElementTagName on session 6747135a-728e-429a-9b07-4c0821d22622 to remote] DEBUG org.asynchttpclient.netty.request.NettyRequestSender -- Using pooled Channel '[id: 0x03417c29, L:/127.0.0.1:63401 - R:localhost/127.0.0.1:18046]' for 'GET' to 'http://localhost:18046/session/6747135a-728e-429a-9b07-4c0821d22622/element/16d1558d-d25b-4ab6-af16-ad9d105bf69e/name'
22:25:42.188 [Forwarding getElementTagName on session 6747135a-728e-429a-9b07-4c0821d22622 to remote] DEBUG org.asynchttpclient.netty.request.NettyRequestSender -- Using open Channel [id: 0x03417c29, L:/127.0.0.1:63401 - R:localhost/127.0.0.1:18046] for GET '/session/6747135a-728e-429a-9b07-4c0821d22622/element/16d1558d-d25b-4ab6-af16-ad9d105bf69e/name'
22:25:42.189 [AsyncHttpClient-1-5] DEBUG org.asynchttpclient.netty.handler.HttpHandler -- 

Request DefaultFullHttpRequest(decodeResult: success, version: HTTP/1.1, content: EmptyByteBufBE)
GET /session/6747135a-728e-429a-9b07-4c0821d22622/element/16d1558d-d25b-4ab6-af16-ad9d105bf69e/name HTTP/1.1
Cache-Control: no-cache
User-Agent: selenium/4.12.0 (java windows)
Content-Type: application/json; charset=utf-8
host: localhost:18046
accept: */*

Response DefaultHttpResponse(decodeResult: success, version: HTTP/1.1)
HTTP/1.1 200 OK
content-type: application/json; charset=utf-8
cache-control: no-cache
content-length: 13
date: Sun, 28 Apr 2024 03:25:42 GMT

22:25:42.189 [AsyncHttpClient-1-5] DEBUG org.asynchttpclient.netty.channel.ChannelManager -- Adding key: http://localhost:18046 for channel [id: 0x03417c29, L:/127.0.0.1:63401 - R:localhost/127.0.0.1:18046]
22:25:42.189 [Forwarding findElement on session 6747135a-728e-429a-9b07-4c0821d22622 to remote] DEBUG org.asynchttpclient.netty.request.NettyRequestSender -- Using pooled Channel '[id: 0x03417c29, L:/127.0.0.1:63401 - R:localhost/127.0.0.1:18046]' for 'POST' to 'http://localhost:18046/session/6747135a-728e-429a-9b07-4c0821d22622/element'
22:25:42.189 [Forwarding findElement on session 6747135a-728e-429a-9b07-4c0821d22622 to remote] DEBUG org.asynchttpclient.netty.request.NettyRequestSender -- Using open Channel [id: 0x03417c29, L:/127.0.0.1:63401 - R:localhost/127.0.0.1:18046] for POST '/session/6747135a-728e-429a-9b07-4c0821d22622/element'
22:25:42.191 [AsyncHttpClient-1-5] DEBUG org.asynchttpclient.netty.handler.HttpHandler -- 

Request DefaultHttpRequest(decodeResult: success, version: HTTP/1.1)
POST /session/6747135a-728e-429a-9b07-4c0821d22622/element HTTP/1.1
User-Agent: selenium/4.12.0 (java windows)
Content-Length: 64
Content-Type: application/json; charset=utf-8
host: localhost:18046
accept: */*

Response DefaultHttpResponse(decodeResult: success, version: HTTP/1.1)
HTTP/1.1 200 OK
content-type: application/json; charset=utf-8
cache-control: no-cache
content-length: 88
date: Sun, 28 Apr 2024 03:25:42 GMT

22:25:42.191 [AsyncHttpClient-1-5] DEBUG org.asynchttpclient.netty.channel.ChannelManager -- Adding key: http://localhost:18046 for channel [id: 0x03417c29, L:/127.0.0.1:63401 - R:localhost/127.0.0.1:18046]
22:25:42.191 [Forwarding clickElement on session 6747135a-728e-429a-9b07-4c0821d22622 to remote] DEBUG org.asynchttpclient.netty.request.NettyRequestSender -- Using pooled Channel '[id: 0x03417c29, L:/127.0.0.1:63401 - R:localhost/127.0.0.1:18046]' for 'POST' to 'http://localhost:18046/session/6747135a-728e-429a-9b07-4c0821d22622/element/16d1558d-d25b-4ab6-af16-ad9d105bf69e/click'
22:25:42.191 [Forwarding clickElement on session 6747135a-728e-429a-9b07-4c0821d22622 to remote] DEBUG org.asynchttpclient.netty.request.NettyRequestSender -- Using open Channel [id: 0x03417c29, L:/127.0.0.1:63401 - R:localhost/127.0.0.1:18046] for POST '/session/6747135a-728e-429a-9b07-4c0821d22622/element/16d1558d-d25b-4ab6-af16-ad9d105bf69e/click'
22:25:42.477 [AsyncHttpClient-1-5] DEBUG org.asynchttpclient.netty.handler.HttpHandler -- 

Request DefaultHttpRequest(decodeResult: success, version: HTTP/1.1)
POST /session/6747135a-728e-429a-9b07-4c0821d22622/element/16d1558d-d25b-4ab6-af16-ad9d105bf69e/click HTTP/1.1
User-Agent: selenium/4.12.0 (java windows)
Content-Length: 50
Content-Type: application/json; charset=utf-8
host: localhost:18046
accept: */*

Response DefaultHttpResponse(decodeResult: success, version: HTTP/1.1)
HTTP/1.1 200 OK
content-type: application/json; charset=utf-8
cache-control: no-cache
content-length: 14
date: Sun, 28 Apr 2024 03:25:42 GMT

22:25:42.477 [AsyncHttpClient-1-5] DEBUG org.asynchttpclient.netty.channel.ChannelManager -- Adding key: http://localhost:18046 for channel [id: 0x03417c29, L:/127.0.0.1:63401 - R:localhost/127.0.0.1:18046]
22:25:42.483 [Forwarding getAlertText on session 6747135a-728e-429a-9b07-4c0821d22622 to remote] DEBUG org.asynchttpclient.netty.request.NettyRequestSender -- Using pooled Channel '[id: 0x03417c29, L:/127.0.0.1:63401 - R:localhost/127.0.0.1:18046]' for 'GET' to 'http://localhost:18046/session/6747135a-728e-429a-9b07-4c0821d22622/alert/text'
22:25:42.483 [Forwarding getAlertText on session 6747135a-728e-429a-9b07-4c0821d22622 to remote] DEBUG org.asynchttpclient.netty.request.NettyRequestSender -- Using open Channel [id: 0x03417c29, L:/127.0.0.1:63401 - R:localhost/127.0.0.1:18046] for GET '/session/6747135a-728e-429a-9b07-4c0821d22622/alert/text'
22:25:42.485 [AsyncHttpClient-1-5] DEBUG org.asynchttpclient.netty.handler.HttpHandler -- 

Request DefaultFullHttpRequest(decodeResult: success, version: HTTP/1.1, content: EmptyByteBufBE)
GET /session/6747135a-728e-429a-9b07-4c0821d22622/alert/text HTTP/1.1
Cache-Control: no-cache
User-Agent: selenium/4.12.0 (java windows)
Content-Type: application/json; charset=utf-8
host: localhost:18046
accept: */*

Response DefaultHttpResponse(decodeResult: success, version: HTTP/1.1)
HTTP/1.1 404 Not Found
content-type: application/json; charset=utf-8
cache-control: no-cache
content-length: 842
date: Sun, 28 Apr 2024 03:25:42 GMT

22:25:42.485 [AsyncHttpClient-1-5] DEBUG org.asynchttpclient.netty.channel.ChannelManager -- Adding key: http://localhost:18046 for channel [id: 0x03417c29, L:/127.0.0.1:63401 - R:localhost/127.0.0.1:18046]
22:25:42.486 [Forwarding getCurrentUrl on session 6747135a-728e-429a-9b07-4c0821d22622 to remote] DEBUG org.asynchttpclient.netty.request.NettyRequestSender -- Using pooled Channel '[id: 0x03417c29, L:/127.0.0.1:63401 - R:localhost/127.0.0.1:18046]' for 'GET' to 'http://localhost:18046/session/6747135a-728e-429a-9b07-4c0821d22622/url'
22:25:42.486 [Forwarding getCurrentUrl on session 6747135a-728e-429a-9b07-4c0821d22622 to remote] DEBUG org.asynchttpclient.netty.request.NettyRequestSender -- Using open Channel [id: 0x03417c29, L:/127.0.0.1:63401 - R:localhost/127.0.0.1:18046] for GET '/session/6747135a-728e-429a-9b07-4c0821d22622/url'
22:25:42.487 [AsyncHttpClient-1-5] DEBUG org.asynchttpclient.netty.handler.HttpHandler -- 

Request DefaultFullHttpRequest(decodeResult: success, version: HTTP/1.1, content: EmptyByteBufBE)
GET /session/6747135a-728e-429a-9b07-4c0821d22622/url HTTP/1.1
Cache-Control: no-cache
User-Agent: selenium/4.12.0 (java windows)
Content-Type: application/json; charset=utf-8
host: localhost:18046
accept: */*

Response DefaultHttpResponse(decodeResult: success, version: HTTP/1.1)
HTTP/1.1 200 OK
content-type: application/json; charset=utf-8
cache-control: no-cache
content-length: 47
date: Sun, 28 Apr 2024 03:25:42 GMT

22:25:42.487 [AsyncHttpClient-1-5] DEBUG org.asynchttpclient.netty.channel.ChannelManager -- Adding key: http://localhost:18046 for channel [id: 0x03417c29, L:/127.0.0.1:63401 - R:localhost/127.0.0.1:18046]
22:25:42.488 [Forwarding screenshot on session 6747135a-728e-429a-9b07-4c0821d22622 to remote] DEBUG org.asynchttpclient.netty.request.NettyRequestSender -- Using pooled Channel '[id: 0x03417c29, L:/127.0.0.1:63401 - R:localhost/127.0.0.1:18046]' for 'GET' to 'http://localhost:18046/session/6747135a-728e-429a-9b07-4c0821d22622/screenshot'
22:25:42.488 [Forwarding screenshot on session 6747135a-728e-429a-9b07-4c0821d22622 to remote] DEBUG org.asynchttpclient.netty.request.NettyRequestSender -- Using open Channel [id: 0x03417c29, L:/127.0.0.1:63401 - R:localhost/127.0.0.1:18046] for GET '/session/6747135a-728e-429a-9b07-4c0821d22622/screenshot'
22:25:42.529 [AsyncHttpClient-1-5] DEBUG org.asynchttpclient.netty.handler.HttpHandler -- 

Request DefaultFullHttpRequest(decodeResult: success, version: HTTP/1.1, content: EmptyByteBufBE)
GET /session/6747135a-728e-429a-9b07-4c0821d22622/screenshot HTTP/1.1
Cache-Control: no-cache
User-Agent: selenium/4.12.0 (java windows)
Content-Type: application/json; charset=utf-8
host: localhost:18046
accept: */*

Response DefaultHttpResponse(decodeResult: success, version: HTTP/1.1)
HTTP/1.1 200 OK
content-type: application/json; charset=utf-8
cache-control: no-cache
content-length: 286856
date: Sun, 28 Apr 2024 03:25:42 GMT

22:25:42.529 [AsyncHttpClient-1-5] DEBUG org.asynchttpclient.netty.channel.ChannelManager -- Adding key: http://localhost:18046 for channel [id: 0x03417c29, L:/127.0.0.1:63401 - R:localhost/127.0.0.1:18046]
22:25:42.535 [main] DEBUG net.serenitybdd.core.photography.Darkroom -- Send negative for processing for C:\Users\USUARIO\OneDrive\Documentos\02 Automatización\03 Pragma\pragma\pragma\target\site\serenity\5dc66e2877f7902fd4d4084dc1cc5fe67825ee3c2bff8a15944ee7f39ec50584.png
22:25:42.610 [AsyncHttpClient-1-1] DEBUG org.asynchttpclient.netty.channel.DefaultChannelPool -- Entry count for : http://localhost:18046 : 1
22:25:43.547 [main] DEBUG net.thucydides.core.steps.StepInterceptor -- STEP DONE: ingresoAlCarritoDeCompras
22:25:43.555 [Forwarding getAlertText on session 6747135a-728e-429a-9b07-4c0821d22622 to remote] DEBUG org.asynchttpclient.netty.request.NettyRequestSender -- Using pooled Channel '[id: 0x03417c29, L:/127.0.0.1:63401 - R:localhost/127.0.0.1:18046]' for 'GET' to 'http://localhost:18046/session/6747135a-728e-429a-9b07-4c0821d22622/alert/text'
22:25:43.556 [Forwarding getAlertText on session 6747135a-728e-429a-9b07-4c0821d22622 to remote] DEBUG org.asynchttpclient.netty.request.NettyRequestSender -- Using open Channel [id: 0x03417c29, L:/127.0.0.1:63401 - R:localhost/127.0.0.1:18046] for GET '/session/6747135a-728e-429a-9b07-4c0821d22622/alert/text'
22:25:43.558 [AsyncHttpClient-1-5] DEBUG org.asynchttpclient.netty.handler.HttpHandler -- 

Request DefaultFullHttpRequest(decodeResult: success, version: HTTP/1.1, content: EmptyByteBufBE)
GET /session/6747135a-728e-429a-9b07-4c0821d22622/alert/text HTTP/1.1
Cache-Control: no-cache
User-Agent: selenium/4.12.0 (java windows)
Content-Type: application/json; charset=utf-8
host: localhost:18046
accept: */*

Response DefaultHttpResponse(decodeResult: success, version: HTTP/1.1)
HTTP/1.1 404 Not Found
content-type: application/json; charset=utf-8
cache-control: no-cache
content-length: 842
date: Sun, 28 Apr 2024 03:25:43 GMT

22:25:43.558 [AsyncHttpClient-1-5] DEBUG org.asynchttpclient.netty.channel.ChannelManager -- Adding key: http://localhost:18046 for channel [id: 0x03417c29, L:/127.0.0.1:63401 - R:localhost/127.0.0.1:18046]
22:25:43.559 [Forwarding getCurrentUrl on session 6747135a-728e-429a-9b07-4c0821d22622 to remote] DEBUG org.asynchttpclient.netty.request.NettyRequestSender -- Using pooled Channel '[id: 0x03417c29, L:/127.0.0.1:63401 - R:localhost/127.0.0.1:18046]' for 'GET' to 'http://localhost:18046/session/6747135a-728e-429a-9b07-4c0821d22622/url'
22:25:43.559 [Forwarding getCurrentUrl on session 6747135a-728e-429a-9b07-4c0821d22622 to remote] DEBUG org.asynchttpclient.netty.request.NettyRequestSender -- Using open Channel [id: 0x03417c29, L:/127.0.0.1:63401 - R:localhost/127.0.0.1:18046] for GET '/session/6747135a-728e-429a-9b07-4c0821d22622/url'
22:25:43.561 [AsyncHttpClient-1-5] DEBUG org.asynchttpclient.netty.handler.HttpHandler -- 

Request DefaultFullHttpRequest(decodeResult: success, version: HTTP/1.1, content: EmptyByteBufBE)
GET /session/6747135a-728e-429a-9b07-4c0821d22622/url HTTP/1.1
Cache-Control: no-cache
User-Agent: selenium/4.12.0 (java windows)
Content-Type: application/json; charset=utf-8
host: localhost:18046
accept: */*

Response DefaultHttpResponse(decodeResult: success, version: HTTP/1.1)
HTTP/1.1 200 OK
content-type: application/json; charset=utf-8
cache-control: no-cache
content-length: 47
date: Sun, 28 Apr 2024 03:25:43 GMT

22:25:43.561 [AsyncHttpClient-1-5] DEBUG org.asynchttpclient.netty.channel.ChannelManager -- Adding key: http://localhost:18046 for channel [id: 0x03417c29, L:/127.0.0.1:63401 - R:localhost/127.0.0.1:18046]
22:25:43.562 [Forwarding screenshot on session 6747135a-728e-429a-9b07-4c0821d22622 to remote] DEBUG org.asynchttpclient.netty.request.NettyRequestSender -- Using pooled Channel '[id: 0x03417c29, L:/127.0.0.1:63401 - R:localhost/127.0.0.1:18046]' for 'GET' to 'http://localhost:18046/session/6747135a-728e-429a-9b07-4c0821d22622/screenshot'
22:25:43.562 [Forwarding screenshot on session 6747135a-728e-429a-9b07-4c0821d22622 to remote] DEBUG org.asynchttpclient.netty.request.NettyRequestSender -- Using open Channel [id: 0x03417c29, L:/127.0.0.1:63401 - R:localhost/127.0.0.1:18046] for GET '/session/6747135a-728e-429a-9b07-4c0821d22622/screenshot'
22:25:43.612 [AsyncHttpClient-1-5] DEBUG org.asynchttpclient.netty.handler.HttpHandler -- 

Request DefaultFullHttpRequest(decodeResult: success, version: HTTP/1.1, content: EmptyByteBufBE)
GET /session/6747135a-728e-429a-9b07-4c0821d22622/screenshot HTTP/1.1
Cache-Control: no-cache
User-Agent: selenium/4.12.0 (java windows)
Content-Type: application/json; charset=utf-8
host: localhost:18046
accept: */*

Response DefaultHttpResponse(decodeResult: success, version: HTTP/1.1)
HTTP/1.1 200 OK
content-type: application/json; charset=utf-8
cache-control: no-cache
content-length: 383152
date: Sun, 28 Apr 2024 03:25:43 GMT

22:25:43.614 [AsyncHttpClient-1-5] DEBUG org.asynchttpclient.netty.channel.ChannelManager -- Adding key: http://localhost:18046 for channel [id: 0x03417c29, L:/127.0.0.1:63401 - R:localhost/127.0.0.1:18046]
22:25:43.619 [main] DEBUG net.serenitybdd.core.photography.Darkroom -- Send negative for processing for C:\Users\USUARIO\OneDrive\Documentos\02 Automatización\03 Pragma\pragma\pragma\target\site\serenity\ce05f35446df5ef27e603dee396927599383c91a0af1723a8aaef51f6eb2441d.png
22:25:43.619 [Darkroom Processing Line] DEBUG net.serenitybdd.core.photography.DarkroomProcessingLine -- Processing screenshot image in /var/screenshots/screenshot-654367006526998583
22:25:43.619 [Darkroom Processing Line] DEBUG net.serenitybdd.core.photography.DarkroomProcessingLine -- Saving screenshot to C:\Users\USUARIO\OneDrive\Documentos\02 Automatización\03 Pragma\pragma\pragma\target\site\serenity\ce05f35446df5ef27e603dee396927599383c91a0af1723a8aaef51f6eb2441d.png
22:25:43.719 [AsyncHttpClient-1-1] DEBUG org.asynchttpclient.netty.channel.DefaultChannelPool -- Entry count for : http://localhost:18046 : 1
22:25:44.651 [main] DEBUG net.thucydides.core.steps.StepInterceptor -- STARTING STEP: StepInterceptor.testContext - eliminoElProductoDelCarrito
22:25:44.652 [Forwarding findElement on session 6747135a-728e-429a-9b07-4c0821d22622 to remote] DEBUG org.asynchttpclient.netty.request.NettyRequestSender -- Using pooled Channel '[id: 0x03417c29, L:/127.0.0.1:63401 - R:localhost/127.0.0.1:18046]' for 'POST' to 'http://localhost:18046/session/6747135a-728e-429a-9b07-4c0821d22622/element'
22:25:44.652 [Forwarding findElement on session 6747135a-728e-429a-9b07-4c0821d22622 to remote] DEBUG org.asynchttpclient.netty.request.NettyRequestSender -- Using open Channel [id: 0x03417c29, L:/127.0.0.1:63401 - R:localhost/127.0.0.1:18046] for POST '/session/6747135a-728e-429a-9b07-4c0821d22622/element'
22:25:44.654 [AsyncHttpClient-1-5] DEBUG org.asynchttpclient.netty.handler.HttpHandler -- 

Request DefaultHttpRequest(decodeResult: success, version: HTTP/1.1)
POST /session/6747135a-728e-429a-9b07-4c0821d22622/element HTTP/1.1
User-Agent: selenium/4.12.0 (java windows)
Content-Length: 85
Content-Type: application/json; charset=utf-8
host: localhost:18046
accept: */*

Response DefaultHttpResponse(decodeResult: success, version: HTTP/1.1)
HTTP/1.1 200 OK
content-type: application/json; charset=utf-8
cache-control: no-cache
content-length: 88
date: Sun, 28 Apr 2024 03:25:44 GMT

22:25:44.654 [AsyncHttpClient-1-5] DEBUG org.asynchttpclient.netty.channel.ChannelManager -- Adding key: http://localhost:18046 for channel [id: 0x03417c29, L:/127.0.0.1:63401 - R:localhost/127.0.0.1:18046]
22:25:44.655 [Forwarding isElementDisplayed on session 6747135a-728e-429a-9b07-4c0821d22622 to remote] DEBUG org.asynchttpclient.netty.request.NettyRequestSender -- Using pooled Channel '[id: 0x03417c29, L:/127.0.0.1:63401 - R:localhost/127.0.0.1:18046]' for 'POST' to 'http://localhost:18046/session/6747135a-728e-429a-9b07-4c0821d22622/execute/sync'
22:25:44.655 [Forwarding isElementDisplayed on session 6747135a-728e-429a-9b07-4c0821d22622 to remote] DEBUG org.asynchttpclient.netty.request.NettyRequestSender -- Using open Channel [id: 0x03417c29, L:/127.0.0.1:63401 - R:localhost/127.0.0.1:18046] for POST '/session/6747135a-728e-429a-9b07-4c0821d22622/execute/sync'
22:25:44.661 [AsyncHttpClient-1-5] DEBUG org.asynchttpclient.netty.handler.HttpHandler -- 

Request DefaultHttpRequest(decodeResult: success, version: HTTP/1.1)
POST /session/6747135a-728e-429a-9b07-4c0821d22622/execute/sync HTTP/1.1
User-Agent: selenium/4.12.0 (java windows)
Content-Length: 48696
Content-Type: application/json; charset=utf-8
host: localhost:18046
accept: */*

Response DefaultHttpResponse(decodeResult: success, version: HTTP/1.1)
HTTP/1.1 200 OK
content-type: application/json; charset=utf-8
cache-control: no-cache
content-length: 14
date: Sun, 28 Apr 2024 03:25:44 GMT

22:25:44.661 [AsyncHttpClient-1-5] DEBUG org.asynchttpclient.netty.channel.ChannelManager -- Adding key: http://localhost:18046 for channel [id: 0x03417c29, L:/127.0.0.1:63401 - R:localhost/127.0.0.1:18046]
Elemento presente
22:25:44.662 [Forwarding findElement on session 6747135a-728e-429a-9b07-4c0821d22622 to remote] DEBUG org.asynchttpclient.netty.request.NettyRequestSender -- Using pooled Channel '[id: 0x03417c29, L:/127.0.0.1:63401 - R:localhost/127.0.0.1:18046]' for 'POST' to 'http://localhost:18046/session/6747135a-728e-429a-9b07-4c0821d22622/element'
22:25:44.662 [Forwarding findElement on session 6747135a-728e-429a-9b07-4c0821d22622 to remote] DEBUG org.asynchttpclient.netty.request.NettyRequestSender -- Using open Channel [id: 0x03417c29, L:/127.0.0.1:63401 - R:localhost/127.0.0.1:18046] for POST '/session/6747135a-728e-429a-9b07-4c0821d22622/element'
22:25:44.664 [AsyncHttpClient-1-5] DEBUG org.asynchttpclient.netty.handler.HttpHandler -- 

Request DefaultHttpRequest(decodeResult: success, version: HTTP/1.1)
POST /session/6747135a-728e-429a-9b07-4c0821d22622/element HTTP/1.1
User-Agent: selenium/4.12.0 (java windows)
Content-Length: 85
Content-Type: application/json; charset=utf-8
host: localhost:18046
accept: */*

Response DefaultHttpResponse(decodeResult: success, version: HTTP/1.1)
HTTP/1.1 200 OK
content-type: application/json; charset=utf-8
cache-control: no-cache
content-length: 88
date: Sun, 28 Apr 2024 03:25:44 GMT

22:25:44.664 [AsyncHttpClient-1-5] DEBUG org.asynchttpclient.netty.channel.ChannelManager -- Adding key: http://localhost:18046 for channel [id: 0x03417c29, L:/127.0.0.1:63401 - R:localhost/127.0.0.1:18046]
22:25:44.664 [Forwarding getElementTagName on session 6747135a-728e-429a-9b07-4c0821d22622 to remote] DEBUG org.asynchttpclient.netty.request.NettyRequestSender -- Using pooled Channel '[id: 0x03417c29, L:/127.0.0.1:63401 - R:localhost/127.0.0.1:18046]' for 'GET' to 'http://localhost:18046/session/6747135a-728e-429a-9b07-4c0821d22622/element/4eb681d0-6e93-4f4e-89f4-4b2b7e4635e4/name'
22:25:44.664 [Forwarding getElementTagName on session 6747135a-728e-429a-9b07-4c0821d22622 to remote] DEBUG org.asynchttpclient.netty.request.NettyRequestSender -- Using open Channel [id: 0x03417c29, L:/127.0.0.1:63401 - R:localhost/127.0.0.1:18046] for GET '/session/6747135a-728e-429a-9b07-4c0821d22622/element/4eb681d0-6e93-4f4e-89f4-4b2b7e4635e4/name'
22:25:44.665 [AsyncHttpClient-1-5] DEBUG org.asynchttpclient.netty.handler.HttpHandler -- 

Request DefaultFullHttpRequest(decodeResult: success, version: HTTP/1.1, content: EmptyByteBufBE)
GET /session/6747135a-728e-429a-9b07-4c0821d22622/element/4eb681d0-6e93-4f4e-89f4-4b2b7e4635e4/name HTTP/1.1
Cache-Control: no-cache
User-Agent: selenium/4.12.0 (java windows)
Content-Type: application/json; charset=utf-8
host: localhost:18046
accept: */*

Response DefaultHttpResponse(decodeResult: success, version: HTTP/1.1)
HTTP/1.1 200 OK
content-type: application/json; charset=utf-8
cache-control: no-cache
content-length: 13
date: Sun, 28 Apr 2024 03:25:44 GMT

22:25:44.665 [AsyncHttpClient-1-5] DEBUG org.asynchttpclient.netty.channel.ChannelManager -- Adding key: http://localhost:18046 for channel [id: 0x03417c29, L:/127.0.0.1:63401 - R:localhost/127.0.0.1:18046]
22:25:44.666 [Forwarding getElementTagName on session 6747135a-728e-429a-9b07-4c0821d22622 to remote] DEBUG org.asynchttpclient.netty.request.NettyRequestSender -- Using pooled Channel '[id: 0x03417c29, L:/127.0.0.1:63401 - R:localhost/127.0.0.1:18046]' for 'GET' to 'http://localhost:18046/session/6747135a-728e-429a-9b07-4c0821d22622/element/4eb681d0-6e93-4f4e-89f4-4b2b7e4635e4/name'
22:25:44.666 [Forwarding getElementTagName on session 6747135a-728e-429a-9b07-4c0821d22622 to remote] DEBUG org.asynchttpclient.netty.request.NettyRequestSender -- Using open Channel [id: 0x03417c29, L:/127.0.0.1:63401 - R:localhost/127.0.0.1:18046] for GET '/session/6747135a-728e-429a-9b07-4c0821d22622/element/4eb681d0-6e93-4f4e-89f4-4b2b7e4635e4/name'
22:25:44.667 [AsyncHttpClient-1-5] DEBUG org.asynchttpclient.netty.handler.HttpHandler -- 

Request DefaultFullHttpRequest(decodeResult: success, version: HTTP/1.1, content: EmptyByteBufBE)
GET /session/6747135a-728e-429a-9b07-4c0821d22622/element/4eb681d0-6e93-4f4e-89f4-4b2b7e4635e4/name HTTP/1.1
Cache-Control: no-cache
User-Agent: selenium/4.12.0 (java windows)
Content-Type: application/json; charset=utf-8
host: localhost:18046
accept: */*

Response DefaultHttpResponse(decodeResult: success, version: HTTP/1.1)
HTTP/1.1 200 OK
content-type: application/json; charset=utf-8
cache-control: no-cache
content-length: 13
date: Sun, 28 Apr 2024 03:25:44 GMT

22:25:44.667 [AsyncHttpClient-1-5] DEBUG org.asynchttpclient.netty.channel.ChannelManager -- Adding key: http://localhost:18046 for channel [id: 0x03417c29, L:/127.0.0.1:63401 - R:localhost/127.0.0.1:18046]
22:25:44.668 [Forwarding findElement on session 6747135a-728e-429a-9b07-4c0821d22622 to remote] DEBUG org.asynchttpclient.netty.request.NettyRequestSender -- Using pooled Channel '[id: 0x03417c29, L:/127.0.0.1:63401 - R:localhost/127.0.0.1:18046]' for 'POST' to 'http://localhost:18046/session/6747135a-728e-429a-9b07-4c0821d22622/element'
22:25:44.668 [Forwarding findElement on session 6747135a-728e-429a-9b07-4c0821d22622 to remote] DEBUG org.asynchttpclient.netty.request.NettyRequestSender -- Using open Channel [id: 0x03417c29, L:/127.0.0.1:63401 - R:localhost/127.0.0.1:18046] for POST '/session/6747135a-728e-429a-9b07-4c0821d22622/element'
22:25:44.669 [AsyncHttpClient-1-5] DEBUG org.asynchttpclient.netty.handler.HttpHandler -- 

Request DefaultHttpRequest(decodeResult: success, version: HTTP/1.1)
POST /session/6747135a-728e-429a-9b07-4c0821d22622/element HTTP/1.1
User-Agent: selenium/4.12.0 (java windows)
Content-Length: 85
Content-Type: application/json; charset=utf-8
host: localhost:18046
accept: */*

Response DefaultHttpResponse(decodeResult: success, version: HTTP/1.1)
HTTP/1.1 200 OK
content-type: application/json; charset=utf-8
cache-control: no-cache
content-length: 88
date: Sun, 28 Apr 2024 03:25:44 GMT

22:25:44.669 [AsyncHttpClient-1-5] DEBUG org.asynchttpclient.netty.channel.ChannelManager -- Adding key: http://localhost:18046 for channel [id: 0x03417c29, L:/127.0.0.1:63401 - R:localhost/127.0.0.1:18046]
22:25:44.670 [Forwarding clickElement on session 6747135a-728e-429a-9b07-4c0821d22622 to remote] DEBUG org.asynchttpclient.netty.request.NettyRequestSender -- Using pooled Channel '[id: 0x03417c29, L:/127.0.0.1:63401 - R:localhost/127.0.0.1:18046]' for 'POST' to 'http://localhost:18046/session/6747135a-728e-429a-9b07-4c0821d22622/element/4eb681d0-6e93-4f4e-89f4-4b2b7e4635e4/click'
22:25:44.670 [Forwarding clickElement on session 6747135a-728e-429a-9b07-4c0821d22622 to remote] DEBUG org.asynchttpclient.netty.request.NettyRequestSender -- Using open Channel [id: 0x03417c29, L:/127.0.0.1:63401 - R:localhost/127.0.0.1:18046] for POST '/session/6747135a-728e-429a-9b07-4c0821d22622/element/4eb681d0-6e93-4f4e-89f4-4b2b7e4635e4/click'
22:25:44.682 [AsyncHttpClient-1-5] DEBUG org.asynchttpclient.netty.handler.HttpHandler -- 

Request DefaultHttpRequest(decodeResult: success, version: HTTP/1.1)
POST /session/6747135a-728e-429a-9b07-4c0821d22622/element/4eb681d0-6e93-4f4e-89f4-4b2b7e4635e4/click HTTP/1.1
User-Agent: selenium/4.12.0 (java windows)
Content-Length: 50
Content-Type: application/json; charset=utf-8
host: localhost:18046
accept: */*

Response DefaultHttpResponse(decodeResult: success, version: HTTP/1.1)
HTTP/1.1 200 OK
content-type: application/json; charset=utf-8
cache-control: no-cache
content-length: 14
date: Sun, 28 Apr 2024 03:25:44 GMT

22:25:44.682 [AsyncHttpClient-1-5] DEBUG org.asynchttpclient.netty.channel.ChannelManager -- Adding key: http://localhost:18046 for channel [id: 0x03417c29, L:/127.0.0.1:63401 - R:localhost/127.0.0.1:18046]
22:25:44.809 [AsyncHttpClient-1-1] DEBUG org.asynchttpclient.netty.channel.DefaultChannelPool -- Entry count for : http://localhost:18046 : 1
22:25:45.201 [Forwarding findElement on session 6747135a-728e-429a-9b07-4c0821d22622 to remote] DEBUG org.asynchttpclient.netty.request.NettyRequestSender -- Using pooled Channel '[id: 0x03417c29, L:/127.0.0.1:63401 - R:localhost/127.0.0.1:18046]' for 'POST' to 'http://localhost:18046/session/6747135a-728e-429a-9b07-4c0821d22622/element'
22:25:45.201 [Forwarding findElement on session 6747135a-728e-429a-9b07-4c0821d22622 to remote] DEBUG org.asynchttpclient.netty.request.NettyRequestSender -- Using open Channel [id: 0x03417c29, L:/127.0.0.1:63401 - R:localhost/127.0.0.1:18046] for POST '/session/6747135a-728e-429a-9b07-4c0821d22622/element'
22:25:45.450 [AsyncHttpClient-1-5] DEBUG org.asynchttpclient.netty.handler.HttpHandler -- 

Request DefaultHttpRequest(decodeResult: success, version: HTTP/1.1)
POST /session/6747135a-728e-429a-9b07-4c0821d22622/element HTTP/1.1
User-Agent: selenium/4.12.0 (java windows)
Content-Length: 85
Content-Type: application/json; charset=utf-8
host: localhost:18046
accept: */*

Response DefaultHttpResponse(decodeResult: success, version: HTTP/1.1)
HTTP/1.1 200 OK
content-type: application/json; charset=utf-8
cache-control: no-cache
content-length: 88
date: Sun, 28 Apr 2024 03:25:44 GMT

22:25:45.450 [AsyncHttpClient-1-5] DEBUG org.asynchttpclient.netty.channel.ChannelManager -- Adding key: http://localhost:18046 for channel [id: 0x03417c29, L:/127.0.0.1:63401 - R:localhost/127.0.0.1:18046]
22:25:45.451 [Forwarding isElementDisplayed on session 6747135a-728e-429a-9b07-4c0821d22622 to remote] DEBUG org.asynchttpclient.netty.request.NettyRequestSender -- Using pooled Channel '[id: 0x03417c29, L:/127.0.0.1:63401 - R:localhost/127.0.0.1:18046]' for 'POST' to 'http://localhost:18046/session/6747135a-728e-429a-9b07-4c0821d22622/execute/sync'
22:25:45.452 [Forwarding isElementDisplayed on session 6747135a-728e-429a-9b07-4c0821d22622 to remote] DEBUG org.asynchttpclient.netty.request.NettyRequestSender -- Using open Channel [id: 0x03417c29, L:/127.0.0.1:63401 - R:localhost/127.0.0.1:18046] for POST '/session/6747135a-728e-429a-9b07-4c0821d22622/execute/sync'
22:25:45.458 [AsyncHttpClient-1-5] DEBUG org.asynchttpclient.netty.handler.HttpHandler -- 

Request DefaultHttpRequest(decodeResult: success, version: HTTP/1.1)
POST /session/6747135a-728e-429a-9b07-4c0821d22622/execute/sync HTTP/1.1
User-Agent: selenium/4.12.0 (java windows)
Content-Length: 48696
Content-Type: application/json; charset=utf-8
host: localhost:18046
accept: */*

Response DefaultHttpResponse(decodeResult: success, version: HTTP/1.1)
HTTP/1.1 200 OK
content-type: application/json; charset=utf-8
cache-control: no-cache
content-length: 14
date: Sun, 28 Apr 2024 03:25:44 GMT

22:25:45.458 [AsyncHttpClient-1-5] DEBUG org.asynchttpclient.netty.channel.ChannelManager -- Adding key: http://localhost:18046 for channel [id: 0x03417c29, L:/127.0.0.1:63401 - R:localhost/127.0.0.1:18046]
Elemento presente
22:25:45.459 [Forwarding findElement on session 6747135a-728e-429a-9b07-4c0821d22622 to remote] DEBUG org.asynchttpclient.netty.request.NettyRequestSender -- Using pooled Channel '[id: 0x03417c29, L:/127.0.0.1:63401 - R:localhost/127.0.0.1:18046]' for 'POST' to 'http://localhost:18046/session/6747135a-728e-429a-9b07-4c0821d22622/element'
22:25:45.459 [Forwarding findElement on session 6747135a-728e-429a-9b07-4c0821d22622 to remote] DEBUG org.asynchttpclient.netty.request.NettyRequestSender -- Using open Channel [id: 0x03417c29, L:/127.0.0.1:63401 - R:localhost/127.0.0.1:18046] for POST '/session/6747135a-728e-429a-9b07-4c0821d22622/element'
22:25:45.461 [AsyncHttpClient-1-5] DEBUG org.asynchttpclient.netty.handler.HttpHandler -- 

Request DefaultHttpRequest(decodeResult: success, version: HTTP/1.1)
POST /session/6747135a-728e-429a-9b07-4c0821d22622/element HTTP/1.1
User-Agent: selenium/4.12.0 (java windows)
Content-Length: 85
Content-Type: application/json; charset=utf-8
host: localhost:18046
accept: */*

Response DefaultHttpResponse(decodeResult: success, version: HTTP/1.1)
HTTP/1.1 200 OK
content-type: application/json; charset=utf-8
cache-control: no-cache
content-length: 88
date: Sun, 28 Apr 2024 03:25:44 GMT

22:25:45.461 [AsyncHttpClient-1-5] DEBUG org.asynchttpclient.netty.channel.ChannelManager -- Adding key: http://localhost:18046 for channel [id: 0x03417c29, L:/127.0.0.1:63401 - R:localhost/127.0.0.1:18046]
22:25:45.461 [Forwarding getElementTagName on session 6747135a-728e-429a-9b07-4c0821d22622 to remote] DEBUG org.asynchttpclient.netty.request.NettyRequestSender -- Using pooled Channel '[id: 0x03417c29, L:/127.0.0.1:63401 - R:localhost/127.0.0.1:18046]' for 'GET' to 'http://localhost:18046/session/6747135a-728e-429a-9b07-4c0821d22622/element/64d6525a-1a5f-4223-a7d3-a60da00b3f16/name'
22:25:45.461 [Forwarding getElementTagName on session 6747135a-728e-429a-9b07-4c0821d22622 to remote] DEBUG org.asynchttpclient.netty.request.NettyRequestSender -- Using open Channel [id: 0x03417c29, L:/127.0.0.1:63401 - R:localhost/127.0.0.1:18046] for GET '/session/6747135a-728e-429a-9b07-4c0821d22622/element/64d6525a-1a5f-4223-a7d3-a60da00b3f16/name'
22:25:45.463 [AsyncHttpClient-1-5] DEBUG org.asynchttpclient.netty.handler.HttpHandler -- 

Request DefaultFullHttpRequest(decodeResult: success, version: HTTP/1.1, content: EmptyByteBufBE)
GET /session/6747135a-728e-429a-9b07-4c0821d22622/element/64d6525a-1a5f-4223-a7d3-a60da00b3f16/name HTTP/1.1
Cache-Control: no-cache
User-Agent: selenium/4.12.0 (java windows)
Content-Type: application/json; charset=utf-8
host: localhost:18046
accept: */*

Response DefaultHttpResponse(decodeResult: success, version: HTTP/1.1)
HTTP/1.1 200 OK
content-type: application/json; charset=utf-8
cache-control: no-cache
content-length: 13
date: Sun, 28 Apr 2024 03:25:44 GMT

22:25:45.463 [AsyncHttpClient-1-5] DEBUG org.asynchttpclient.netty.channel.ChannelManager -- Adding key: http://localhost:18046 for channel [id: 0x03417c29, L:/127.0.0.1:63401 - R:localhost/127.0.0.1:18046]
22:25:45.463 [Forwarding getElementTagName on session 6747135a-728e-429a-9b07-4c0821d22622 to remote] DEBUG org.asynchttpclient.netty.request.NettyRequestSender -- Using pooled Channel '[id: 0x03417c29, L:/127.0.0.1:63401 - R:localhost/127.0.0.1:18046]' for 'GET' to 'http://localhost:18046/session/6747135a-728e-429a-9b07-4c0821d22622/element/64d6525a-1a5f-4223-a7d3-a60da00b3f16/name'
22:25:45.463 [Forwarding getElementTagName on session 6747135a-728e-429a-9b07-4c0821d22622 to remote] DEBUG org.asynchttpclient.netty.request.NettyRequestSender -- Using open Channel [id: 0x03417c29, L:/127.0.0.1:63401 - R:localhost/127.0.0.1:18046] for GET '/session/6747135a-728e-429a-9b07-4c0821d22622/element/64d6525a-1a5f-4223-a7d3-a60da00b3f16/name'
22:25:45.464 [AsyncHttpClient-1-5] DEBUG org.asynchttpclient.netty.handler.HttpHandler -- 

Request DefaultFullHttpRequest(decodeResult: success, version: HTTP/1.1, content: EmptyByteBufBE)
GET /session/6747135a-728e-429a-9b07-4c0821d22622/element/64d6525a-1a5f-4223-a7d3-a60da00b3f16/name HTTP/1.1
Cache-Control: no-cache
User-Agent: selenium/4.12.0 (java windows)
Content-Type: application/json; charset=utf-8
host: localhost:18046
accept: */*

Response DefaultHttpResponse(decodeResult: success, version: HTTP/1.1)
HTTP/1.1 200 OK
content-type: application/json; charset=utf-8
cache-control: no-cache
content-length: 13
date: Sun, 28 Apr 2024 03:25:44 GMT

22:25:45.464 [AsyncHttpClient-1-5] DEBUG org.asynchttpclient.netty.channel.ChannelManager -- Adding key: http://localhost:18046 for channel [id: 0x03417c29, L:/127.0.0.1:63401 - R:localhost/127.0.0.1:18046]
22:25:45.466 [Forwarding findElement on session 6747135a-728e-429a-9b07-4c0821d22622 to remote] DEBUG org.asynchttpclient.netty.request.NettyRequestSender -- Using pooled Channel '[id: 0x03417c29, L:/127.0.0.1:63401 - R:localhost/127.0.0.1:18046]' for 'POST' to 'http://localhost:18046/session/6747135a-728e-429a-9b07-4c0821d22622/element'
22:25:45.466 [Forwarding findElement on session 6747135a-728e-429a-9b07-4c0821d22622 to remote] DEBUG org.asynchttpclient.netty.request.NettyRequestSender -- Using open Channel [id: 0x03417c29, L:/127.0.0.1:63401 - R:localhost/127.0.0.1:18046] for POST '/session/6747135a-728e-429a-9b07-4c0821d22622/element'
22:25:45.468 [AsyncHttpClient-1-5] DEBUG org.asynchttpclient.netty.handler.HttpHandler -- 

Request DefaultHttpRequest(decodeResult: success, version: HTTP/1.1)
POST /session/6747135a-728e-429a-9b07-4c0821d22622/element HTTP/1.1
User-Agent: selenium/4.12.0 (java windows)
Content-Length: 85
Content-Type: application/json; charset=utf-8
host: localhost:18046
accept: */*

Response DefaultHttpResponse(decodeResult: success, version: HTTP/1.1)
HTTP/1.1 200 OK
content-type: application/json; charset=utf-8
cache-control: no-cache
content-length: 88
date: Sun, 28 Apr 2024 03:25:44 GMT

22:25:45.468 [AsyncHttpClient-1-5] DEBUG org.asynchttpclient.netty.channel.ChannelManager -- Adding key: http://localhost:18046 for channel [id: 0x03417c29, L:/127.0.0.1:63401 - R:localhost/127.0.0.1:18046]
22:25:45.468 [Forwarding clickElement on session 6747135a-728e-429a-9b07-4c0821d22622 to remote] DEBUG org.asynchttpclient.netty.request.NettyRequestSender -- Using pooled Channel '[id: 0x03417c29, L:/127.0.0.1:63401 - R:localhost/127.0.0.1:18046]' for 'POST' to 'http://localhost:18046/session/6747135a-728e-429a-9b07-4c0821d22622/element/64d6525a-1a5f-4223-a7d3-a60da00b3f16/click'
22:25:45.468 [Forwarding clickElement on session 6747135a-728e-429a-9b07-4c0821d22622 to remote] DEBUG org.asynchttpclient.netty.request.NettyRequestSender -- Using open Channel [id: 0x03417c29, L:/127.0.0.1:63401 - R:localhost/127.0.0.1:18046] for POST '/session/6747135a-728e-429a-9b07-4c0821d22622/element/64d6525a-1a5f-4223-a7d3-a60da00b3f16/click'
22:25:45.826 [AsyncHttpClient-1-5] DEBUG org.asynchttpclient.netty.handler.HttpHandler -- 

Request DefaultHttpRequest(decodeResult: success, version: HTTP/1.1)
POST /session/6747135a-728e-429a-9b07-4c0821d22622/element/64d6525a-1a5f-4223-a7d3-a60da00b3f16/click HTTP/1.1
User-Agent: selenium/4.12.0 (java windows)
Content-Length: 50
Content-Type: application/json; charset=utf-8
host: localhost:18046
accept: */*

Response DefaultHttpResponse(decodeResult: success, version: HTTP/1.1)
HTTP/1.1 200 OK
content-type: application/json; charset=utf-8
cache-control: no-cache
content-length: 14
date: Sun, 28 Apr 2024 03:25:44 GMT

22:25:45.826 [AsyncHttpClient-1-5] DEBUG org.asynchttpclient.netty.channel.ChannelManager -- Adding key: http://localhost:18046 for channel [id: 0x03417c29, L:/127.0.0.1:63401 - R:localhost/127.0.0.1:18046]
22:25:45.912 [AsyncHttpClient-1-1] DEBUG org.asynchttpclient.netty.channel.DefaultChannelPool -- Entry count for : http://localhost:18046 : 1
22:25:46.343 [Forwarding findElement on session 6747135a-728e-429a-9b07-4c0821d22622 to remote] DEBUG org.asynchttpclient.netty.request.NettyRequestSender -- Using pooled Channel '[id: 0x03417c29, L:/127.0.0.1:63401 - R:localhost/127.0.0.1:18046]' for 'POST' to 'http://localhost:18046/session/6747135a-728e-429a-9b07-4c0821d22622/element'
22:25:46.343 [Forwarding findElement on session 6747135a-728e-429a-9b07-4c0821d22622 to remote] DEBUG org.asynchttpclient.netty.request.NettyRequestSender -- Using open Channel [id: 0x03417c29, L:/127.0.0.1:63401 - R:localhost/127.0.0.1:18046] for POST '/session/6747135a-728e-429a-9b07-4c0821d22622/element'
22:25:46.346 [AsyncHttpClient-1-5] DEBUG org.asynchttpclient.netty.handler.HttpHandler -- 

Request DefaultHttpRequest(decodeResult: success, version: HTTP/1.1)
POST /session/6747135a-728e-429a-9b07-4c0821d22622/element HTTP/1.1
User-Agent: selenium/4.12.0 (java windows)
Content-Length: 85
Content-Type: application/json; charset=utf-8
host: localhost:18046
accept: */*

Response DefaultHttpResponse(decodeResult: success, version: HTTP/1.1)
HTTP/1.1 200 OK
content-type: application/json; charset=utf-8
cache-control: no-cache
content-length: 88
date: Sun, 28 Apr 2024 03:25:45 GMT

22:25:46.346 [AsyncHttpClient-1-5] DEBUG org.asynchttpclient.netty.channel.ChannelManager -- Adding key: http://localhost:18046 for channel [id: 0x03417c29, L:/127.0.0.1:63401 - R:localhost/127.0.0.1:18046]
22:25:46.348 [Forwarding isElementDisplayed on session 6747135a-728e-429a-9b07-4c0821d22622 to remote] DEBUG org.asynchttpclient.netty.request.NettyRequestSender -- Using pooled Channel '[id: 0x03417c29, L:/127.0.0.1:63401 - R:localhost/127.0.0.1:18046]' for 'POST' to 'http://localhost:18046/session/6747135a-728e-429a-9b07-4c0821d22622/execute/sync'
22:25:46.348 [Forwarding isElementDisplayed on session 6747135a-728e-429a-9b07-4c0821d22622 to remote] DEBUG org.asynchttpclient.netty.request.NettyRequestSender -- Using open Channel [id: 0x03417c29, L:/127.0.0.1:63401 - R:localhost/127.0.0.1:18046] for POST '/session/6747135a-728e-429a-9b07-4c0821d22622/execute/sync'
22:25:46.355 [AsyncHttpClient-1-5] DEBUG org.asynchttpclient.netty.handler.HttpHandler -- 

Request DefaultHttpRequest(decodeResult: success, version: HTTP/1.1)
POST /session/6747135a-728e-429a-9b07-4c0821d22622/execute/sync HTTP/1.1
User-Agent: selenium/4.12.0 (java windows)
Content-Length: 48696
Content-Type: application/json; charset=utf-8
host: localhost:18046
accept: */*

Response DefaultHttpResponse(decodeResult: success, version: HTTP/1.1)
HTTP/1.1 200 OK
content-type: application/json; charset=utf-8
cache-control: no-cache
content-length: 14
date: Sun, 28 Apr 2024 03:25:45 GMT

22:25:46.355 [AsyncHttpClient-1-5] DEBUG org.asynchttpclient.netty.channel.ChannelManager -- Adding key: http://localhost:18046 for channel [id: 0x03417c29, L:/127.0.0.1:63401 - R:localhost/127.0.0.1:18046]
Elemento presente
22:25:46.357 [Forwarding findElement on session 6747135a-728e-429a-9b07-4c0821d22622 to remote] DEBUG org.asynchttpclient.netty.request.NettyRequestSender -- Using pooled Channel '[id: 0x03417c29, L:/127.0.0.1:63401 - R:localhost/127.0.0.1:18046]' for 'POST' to 'http://localhost:18046/session/6747135a-728e-429a-9b07-4c0821d22622/element'
22:25:46.357 [Forwarding findElement on session 6747135a-728e-429a-9b07-4c0821d22622 to remote] DEBUG org.asynchttpclient.netty.request.NettyRequestSender -- Using open Channel [id: 0x03417c29, L:/127.0.0.1:63401 - R:localhost/127.0.0.1:18046] for POST '/session/6747135a-728e-429a-9b07-4c0821d22622/element'
22:25:46.359 [AsyncHttpClient-1-5] DEBUG org.asynchttpclient.netty.handler.HttpHandler -- 

Request DefaultHttpRequest(decodeResult: success, version: HTTP/1.1)
POST /session/6747135a-728e-429a-9b07-4c0821d22622/element HTTP/1.1
User-Agent: selenium/4.12.0 (java windows)
Content-Length: 85
Content-Type: application/json; charset=utf-8
host: localhost:18046
accept: */*

Response DefaultHttpResponse(decodeResult: success, version: HTTP/1.1)
HTTP/1.1 200 OK
content-type: application/json; charset=utf-8
cache-control: no-cache
content-length: 88
date: Sun, 28 Apr 2024 03:25:45 GMT

22:25:46.359 [AsyncHttpClient-1-5] DEBUG org.asynchttpclient.netty.channel.ChannelManager -- Adding key: http://localhost:18046 for channel [id: 0x03417c29, L:/127.0.0.1:63401 - R:localhost/127.0.0.1:18046]
22:25:46.359 [Forwarding getElementTagName on session 6747135a-728e-429a-9b07-4c0821d22622 to remote] DEBUG org.asynchttpclient.netty.request.NettyRequestSender -- Using pooled Channel '[id: 0x03417c29, L:/127.0.0.1:63401 - R:localhost/127.0.0.1:18046]' for 'GET' to 'http://localhost:18046/session/6747135a-728e-429a-9b07-4c0821d22622/element/df86d0af-2fb5-4101-b37b-dbb2791ff9bb/name'
22:25:46.359 [Forwarding getElementTagName on session 6747135a-728e-429a-9b07-4c0821d22622 to remote] DEBUG org.asynchttpclient.netty.request.NettyRequestSender -- Using open Channel [id: 0x03417c29, L:/127.0.0.1:63401 - R:localhost/127.0.0.1:18046] for GET '/session/6747135a-728e-429a-9b07-4c0821d22622/element/df86d0af-2fb5-4101-b37b-dbb2791ff9bb/name'
22:25:46.360 [AsyncHttpClient-1-5] DEBUG org.asynchttpclient.netty.handler.HttpHandler -- 

Request DefaultFullHttpRequest(decodeResult: success, version: HTTP/1.1, content: EmptyByteBufBE)
GET /session/6747135a-728e-429a-9b07-4c0821d22622/element/df86d0af-2fb5-4101-b37b-dbb2791ff9bb/name HTTP/1.1
Cache-Control: no-cache
User-Agent: selenium/4.12.0 (java windows)
Content-Type: application/json; charset=utf-8
host: localhost:18046
accept: */*

Response DefaultHttpResponse(decodeResult: success, version: HTTP/1.1)
HTTP/1.1 200 OK
content-type: application/json; charset=utf-8
cache-control: no-cache
content-length: 13
date: Sun, 28 Apr 2024 03:25:45 GMT

22:25:46.360 [AsyncHttpClient-1-5] DEBUG org.asynchttpclient.netty.channel.ChannelManager -- Adding key: http://localhost:18046 for channel [id: 0x03417c29, L:/127.0.0.1:63401 - R:localhost/127.0.0.1:18046]
22:25:46.361 [Forwarding getElementTagName on session 6747135a-728e-429a-9b07-4c0821d22622 to remote] DEBUG org.asynchttpclient.netty.request.NettyRequestSender -- Using pooled Channel '[id: 0x03417c29, L:/127.0.0.1:63401 - R:localhost/127.0.0.1:18046]' for 'GET' to 'http://localhost:18046/session/6747135a-728e-429a-9b07-4c0821d22622/element/df86d0af-2fb5-4101-b37b-dbb2791ff9bb/name'
22:25:46.361 [Forwarding getElementTagName on session 6747135a-728e-429a-9b07-4c0821d22622 to remote] DEBUG org.asynchttpclient.netty.request.NettyRequestSender -- Using open Channel [id: 0x03417c29, L:/127.0.0.1:63401 - R:localhost/127.0.0.1:18046] for GET '/session/6747135a-728e-429a-9b07-4c0821d22622/element/df86d0af-2fb5-4101-b37b-dbb2791ff9bb/name'
22:25:46.362 [AsyncHttpClient-1-5] DEBUG org.asynchttpclient.netty.handler.HttpHandler -- 

Request DefaultFullHttpRequest(decodeResult: success, version: HTTP/1.1, content: EmptyByteBufBE)
GET /session/6747135a-728e-429a-9b07-4c0821d22622/element/df86d0af-2fb5-4101-b37b-dbb2791ff9bb/name HTTP/1.1
Cache-Control: no-cache
User-Agent: selenium/4.12.0 (java windows)
Content-Type: application/json; charset=utf-8
host: localhost:18046
accept: */*

Response DefaultHttpResponse(decodeResult: success, version: HTTP/1.1)
HTTP/1.1 200 OK
content-type: application/json; charset=utf-8
cache-control: no-cache
content-length: 13
date: Sun, 28 Apr 2024 03:25:45 GMT

22:25:46.362 [AsyncHttpClient-1-5] DEBUG org.asynchttpclient.netty.channel.ChannelManager -- Adding key: http://localhost:18046 for channel [id: 0x03417c29, L:/127.0.0.1:63401 - R:localhost/127.0.0.1:18046]
22:25:46.363 [Forwarding findElement on session 6747135a-728e-429a-9b07-4c0821d22622 to remote] DEBUG org.asynchttpclient.netty.request.NettyRequestSender -- Using pooled Channel '[id: 0x03417c29, L:/127.0.0.1:63401 - R:localhost/127.0.0.1:18046]' for 'POST' to 'http://localhost:18046/session/6747135a-728e-429a-9b07-4c0821d22622/element'
22:25:46.363 [Forwarding findElement on session 6747135a-728e-429a-9b07-4c0821d22622 to remote] DEBUG org.asynchttpclient.netty.request.NettyRequestSender -- Using open Channel [id: 0x03417c29, L:/127.0.0.1:63401 - R:localhost/127.0.0.1:18046] for POST '/session/6747135a-728e-429a-9b07-4c0821d22622/element'
22:25:46.364 [AsyncHttpClient-1-5] DEBUG org.asynchttpclient.netty.handler.HttpHandler -- 

Request DefaultHttpRequest(decodeResult: success, version: HTTP/1.1)
POST /session/6747135a-728e-429a-9b07-4c0821d22622/element HTTP/1.1
User-Agent: selenium/4.12.0 (java windows)
Content-Length: 85
Content-Type: application/json; charset=utf-8
host: localhost:18046
accept: */*

Response DefaultHttpResponse(decodeResult: success, version: HTTP/1.1)
HTTP/1.1 200 OK
content-type: application/json; charset=utf-8
cache-control: no-cache
content-length: 88
date: Sun, 28 Apr 2024 03:25:45 GMT

22:25:46.364 [AsyncHttpClient-1-5] DEBUG org.asynchttpclient.netty.channel.ChannelManager -- Adding key: http://localhost:18046 for channel [id: 0x03417c29, L:/127.0.0.1:63401 - R:localhost/127.0.0.1:18046]
22:25:46.365 [Forwarding clickElement on session 6747135a-728e-429a-9b07-4c0821d22622 to remote] DEBUG org.asynchttpclient.netty.request.NettyRequestSender -- Using pooled Channel '[id: 0x03417c29, L:/127.0.0.1:63401 - R:localhost/127.0.0.1:18046]' for 'POST' to 'http://localhost:18046/session/6747135a-728e-429a-9b07-4c0821d22622/element/df86d0af-2fb5-4101-b37b-dbb2791ff9bb/click'
22:25:46.365 [Forwarding clickElement on session 6747135a-728e-429a-9b07-4c0821d22622 to remote] DEBUG org.asynchttpclient.netty.request.NettyRequestSender -- Using open Channel [id: 0x03417c29, L:/127.0.0.1:63401 - R:localhost/127.0.0.1:18046] for POST '/session/6747135a-728e-429a-9b07-4c0821d22622/element/df86d0af-2fb5-4101-b37b-dbb2791ff9bb/click'
22:25:46.580 [AsyncHttpClient-1-5] DEBUG org.asynchttpclient.netty.handler.HttpHandler -- 

Request DefaultHttpRequest(decodeResult: success, version: HTTP/1.1)
POST /session/6747135a-728e-429a-9b07-4c0821d22622/element/df86d0af-2fb5-4101-b37b-dbb2791ff9bb/click HTTP/1.1
User-Agent: selenium/4.12.0 (java windows)
Content-Length: 50
Content-Type: application/json; charset=utf-8
host: localhost:18046
accept: */*

Response DefaultHttpResponse(decodeResult: success, version: HTTP/1.1)
HTTP/1.1 200 OK
content-type: application/json; charset=utf-8
cache-control: no-cache
content-length: 14
date: Sun, 28 Apr 2024 03:25:45 GMT

22:25:46.580 [AsyncHttpClient-1-5] DEBUG org.asynchttpclient.netty.channel.ChannelManager -- Adding key: http://localhost:18046 for channel [id: 0x03417c29, L:/127.0.0.1:63401 - R:localhost/127.0.0.1:18046]
22:25:47.009 [AsyncHttpClient-1-1] DEBUG org.asynchttpclient.netty.channel.DefaultChannelPool -- Entry count for : http://localhost:18046 : 1
22:25:47.090 [Forwarding findElement on session 6747135a-728e-429a-9b07-4c0821d22622 to remote] DEBUG org.asynchttpclient.netty.request.NettyRequestSender -- Using pooled Channel '[id: 0x03417c29, L:/127.0.0.1:63401 - R:localhost/127.0.0.1:18046]' for 'POST' to 'http://localhost:18046/session/6747135a-728e-429a-9b07-4c0821d22622/element'
22:25:47.090 [Forwarding findElement on session 6747135a-728e-429a-9b07-4c0821d22622 to remote] DEBUG org.asynchttpclient.netty.request.NettyRequestSender -- Using open Channel [id: 0x03417c29, L:/127.0.0.1:63401 - R:localhost/127.0.0.1:18046] for POST '/session/6747135a-728e-429a-9b07-4c0821d22622/element'
22:25:50.106 [AsyncHttpClient-1-5] DEBUG org.asynchttpclient.netty.handler.HttpHandler -- 

Request DefaultHttpRequest(decodeResult: success, version: HTTP/1.1)
POST /session/6747135a-728e-429a-9b07-4c0821d22622/element HTTP/1.1
User-Agent: selenium/4.12.0 (java windows)
Content-Length: 85
Content-Type: application/json; charset=utf-8
host: localhost:18046
accept: */*

Response DefaultHttpResponse(decodeResult: success, version: HTTP/1.1)
HTTP/1.1 404 Not Found
content-type: application/json; charset=utf-8
cache-control: no-cache
content-length: 417
date: Sun, 28 Apr 2024 03:25:47 GMT

22:25:50.107 [AsyncHttpClient-1-5] DEBUG org.asynchttpclient.netty.channel.ChannelManager -- Adding key: http://localhost:18046 for channel [id: 0x03417c29, L:/127.0.0.1:63401 - R:localhost/127.0.0.1:18046]
Error - Elemento no encontrado org.openqa.selenium.NoSuchElementException: Unable to locate element: //td/a[contains(text(),'Delete')]
For documentation on this error, please visit: https://www.selenium.dev/documentation/webdriver/troubleshooting/errors#no-such-element-exception
Build info: version: '4.12.0', revision: '249f2a7d1b*'
System info: os.name: 'Windows 11', os.arch: 'amd64', os.version: '10.0', java.version: '22'
Driver info: org.openqa.selenium.firefox.FirefoxDriver
Command: [6747135a-728e-429a-9b07-4c0821d22622, findElement {using=xpath, value=//td/a[contains(text(),'Delete')]}]
Capabilities {acceptInsecureCerts: true, browserName: firefox, browserVersion: 125.0.2, moz:accessibilityChecks: false, moz:buildID: 20240419144423, moz:debuggerAddress: 127.0.0.1:42251, moz:geckodriverVersion: 0.34.0, moz:headless: false, moz:platformVersion: 10.0, moz:processID: 12960, moz:profile: C:\Users\USUARIO\AppData\Lo..., moz:shutdownTimeout: 60000, moz:webdriverClick: true, moz:windowless: false, pageLoadStrategy: normal, platformName: windows, proxy: Proxy(), se:cdp: ws://127.0.0.1:42251/devtoo..., se:cdpVersion: 85.0, setWindowRect: true, strictFileInteractability: false, timeouts: {implicit: 0, pageLoad: 300000, script: 30000}, unhandledPromptBehavior: dismiss and notify, userAgent: Mozilla/5.0 (Windows NT 10....}
Session ID: 6747135a-728e-429a-9b07-4c0821d22622
22:25:50.114 [Forwarding getAlertText on session 6747135a-728e-429a-9b07-4c0821d22622 to remote] DEBUG org.asynchttpclient.netty.request.NettyRequestSender -- Using pooled Channel '[id: 0x03417c29, L:/127.0.0.1:63401 - R:localhost/127.0.0.1:18046]' for 'GET' to 'http://localhost:18046/session/6747135a-728e-429a-9b07-4c0821d22622/alert/text'
22:25:50.115 [Forwarding getAlertText on session 6747135a-728e-429a-9b07-4c0821d22622 to remote] DEBUG org.asynchttpclient.netty.request.NettyRequestSender -- Using open Channel [id: 0x03417c29, L:/127.0.0.1:63401 - R:localhost/127.0.0.1:18046] for GET '/session/6747135a-728e-429a-9b07-4c0821d22622/alert/text'
22:25:50.117 [AsyncHttpClient-1-5] DEBUG org.asynchttpclient.netty.handler.HttpHandler -- 

Request DefaultFullHttpRequest(decodeResult: success, version: HTTP/1.1, content: EmptyByteBufBE)
GET /session/6747135a-728e-429a-9b07-4c0821d22622/alert/text HTTP/1.1
Cache-Control: no-cache
User-Agent: selenium/4.12.0 (java windows)
Content-Type: application/json; charset=utf-8
host: localhost:18046
accept: */*

Response DefaultHttpResponse(decodeResult: success, version: HTTP/1.1)
HTTP/1.1 404 Not Found
content-type: application/json; charset=utf-8
cache-control: no-cache
content-length: 842
date: Sun, 28 Apr 2024 03:25:50 GMT

22:25:50.117 [AsyncHttpClient-1-5] DEBUG org.asynchttpclient.netty.channel.ChannelManager -- Adding key: http://localhost:18046 for channel [id: 0x03417c29, L:/127.0.0.1:63401 - R:localhost/127.0.0.1:18046]
22:25:50.118 [Forwarding getCurrentUrl on session 6747135a-728e-429a-9b07-4c0821d22622 to remote] DEBUG org.asynchttpclient.netty.request.NettyRequestSender -- Using pooled Channel '[id: 0x03417c29, L:/127.0.0.1:63401 - R:localhost/127.0.0.1:18046]' for 'GET' to 'http://localhost:18046/session/6747135a-728e-429a-9b07-4c0821d22622/url'
22:25:50.118 [Forwarding getCurrentUrl on session 6747135a-728e-429a-9b07-4c0821d22622 to remote] DEBUG org.asynchttpclient.netty.request.NettyRequestSender -- Using open Channel [id: 0x03417c29, L:/127.0.0.1:63401 - R:localhost/127.0.0.1:18046] for GET '/session/6747135a-728e-429a-9b07-4c0821d22622/url'
22:25:50.120 [AsyncHttpClient-1-5] DEBUG org.asynchttpclient.netty.handler.HttpHandler -- 

Request DefaultFullHttpRequest(decodeResult: success, version: HTTP/1.1, content: EmptyByteBufBE)
GET /session/6747135a-728e-429a-9b07-4c0821d22622/url HTTP/1.1
Cache-Control: no-cache
User-Agent: selenium/4.12.0 (java windows)
Content-Type: application/json; charset=utf-8
host: localhost:18046
accept: */*

Response DefaultHttpResponse(decodeResult: success, version: HTTP/1.1)
HTTP/1.1 200 OK
content-type: application/json; charset=utf-8
cache-control: no-cache
content-length: 48
date: Sun, 28 Apr 2024 03:25:50 GMT

22:25:50.120 [AsyncHttpClient-1-5] DEBUG org.asynchttpclient.netty.channel.ChannelManager -- Adding key: http://localhost:18046 for channel [id: 0x03417c29, L:/127.0.0.1:63401 - R:localhost/127.0.0.1:18046]
22:25:50.121 [Forwarding screenshot on session 6747135a-728e-429a-9b07-4c0821d22622 to remote] DEBUG org.asynchttpclient.netty.request.NettyRequestSender -- Using pooled Channel '[id: 0x03417c29, L:/127.0.0.1:63401 - R:localhost/127.0.0.1:18046]' for 'GET' to 'http://localhost:18046/session/6747135a-728e-429a-9b07-4c0821d22622/screenshot'
22:25:50.121 [Forwarding screenshot on session 6747135a-728e-429a-9b07-4c0821d22622 to remote] DEBUG org.asynchttpclient.netty.request.NettyRequestSender -- Using open Channel [id: 0x03417c29, L:/127.0.0.1:63401 - R:localhost/127.0.0.1:18046] for GET '/session/6747135a-728e-429a-9b07-4c0821d22622/screenshot'
22:25:50.169 [AsyncHttpClient-1-5] DEBUG org.asynchttpclient.netty.handler.HttpHandler -- 

Request DefaultFullHttpRequest(decodeResult: success, version: HTTP/1.1, content: EmptyByteBufBE)
GET /session/6747135a-728e-429a-9b07-4c0821d22622/screenshot HTTP/1.1
Cache-Control: no-cache
User-Agent: selenium/4.12.0 (java windows)
Content-Type: application/json; charset=utf-8
host: localhost:18046
accept: */*

Response DefaultHttpResponse(decodeResult: success, version: HTTP/1.1)
HTTP/1.1 200 OK
content-type: application/json; charset=utf-8
cache-control: no-cache
content-length: 286856
date: Sun, 28 Apr 2024 03:25:50 GMT

22:25:50.169 [AsyncHttpClient-1-5] DEBUG org.asynchttpclient.netty.channel.ChannelManager -- Adding key: http://localhost:18046 for channel [id: 0x03417c29, L:/127.0.0.1:63401 - R:localhost/127.0.0.1:18046]
22:25:50.173 [main] DEBUG net.serenitybdd.core.photography.Darkroom -- Send negative for processing for C:\Users\USUARIO\OneDrive\Documentos\02 Automatización\03 Pragma\pragma\pragma\target\site\serenity\5dc66e2877f7902fd4d4084dc1cc5fe67825ee3c2bff8a15944ee7f39ec50584.png
22:25:50.311 [AsyncHttpClient-1-1] DEBUG org.asynchttpclient.netty.channel.DefaultChannelPool -- Entry count for : http://localhost:18046 : 1
22:25:51.179 [main] DEBUG net.thucydides.core.steps.StepInterceptor -- STEP DONE: eliminoElProductoDelCarrito
22:25:51.187 [Forwarding getAlertText on session 6747135a-728e-429a-9b07-4c0821d22622 to remote] DEBUG org.asynchttpclient.netty.request.NettyRequestSender -- Using pooled Channel '[id: 0x03417c29, L:/127.0.0.1:63401 - R:localhost/127.0.0.1:18046]' for 'GET' to 'http://localhost:18046/session/6747135a-728e-429a-9b07-4c0821d22622/alert/text'
22:25:51.187 [Forwarding getAlertText on session 6747135a-728e-429a-9b07-4c0821d22622 to remote] DEBUG org.asynchttpclient.netty.request.NettyRequestSender -- Using open Channel [id: 0x03417c29, L:/127.0.0.1:63401 - R:localhost/127.0.0.1:18046] for GET '/session/6747135a-728e-429a-9b07-4c0821d22622/alert/text'
22:25:51.187 [AsyncHttpClient-1-5] DEBUG org.asynchttpclient.netty.handler.HttpHandler -- 

Request DefaultFullHttpRequest(decodeResult: success, version: HTTP/1.1, content: EmptyByteBufBE)
GET /session/6747135a-728e-429a-9b07-4c0821d22622/alert/text HTTP/1.1
Cache-Control: no-cache
User-Agent: selenium/4.12.0 (java windows)
Content-Type: application/json; charset=utf-8
host: localhost:18046
accept: */*

Response DefaultHttpResponse(decodeResult: success, version: HTTP/1.1)
HTTP/1.1 404 Not Found
content-type: application/json; charset=utf-8
cache-control: no-cache
content-length: 842
date: Sun, 28 Apr 2024 03:25:51 GMT

22:25:51.187 [AsyncHttpClient-1-5] DEBUG org.asynchttpclient.netty.channel.ChannelManager -- Adding key: http://localhost:18046 for channel [id: 0x03417c29, L:/127.0.0.1:63401 - R:localhost/127.0.0.1:18046]
22:25:51.409 [AsyncHttpClient-1-1] DEBUG org.asynchttpclient.netty.channel.DefaultChannelPool -- Entry count for : http://localhost:18046 : 1
22:25:51.694 [Forwarding getAlertText on session 6747135a-728e-429a-9b07-4c0821d22622 to remote] DEBUG org.asynchttpclient.netty.request.NettyRequestSender -- Using pooled Channel '[id: 0x03417c29, L:/127.0.0.1:63401 - R:localhost/127.0.0.1:18046]' for 'GET' to 'http://localhost:18046/session/6747135a-728e-429a-9b07-4c0821d22622/alert/text'
22:25:51.694 [Forwarding getAlertText on session 6747135a-728e-429a-9b07-4c0821d22622 to remote] DEBUG org.asynchttpclient.netty.request.NettyRequestSender -- Using open Channel [id: 0x03417c29, L:/127.0.0.1:63401 - R:localhost/127.0.0.1:18046] for GET '/session/6747135a-728e-429a-9b07-4c0821d22622/alert/text'
22:25:51.698 [AsyncHttpClient-1-5] DEBUG org.asynchttpclient.netty.handler.HttpHandler -- 

Request DefaultFullHttpRequest(decodeResult: success, version: HTTP/1.1, content: EmptyByteBufBE)
GET /session/6747135a-728e-429a-9b07-4c0821d22622/alert/text HTTP/1.1
Cache-Control: no-cache
User-Agent: selenium/4.12.0 (java windows)
Content-Type: application/json; charset=utf-8
host: localhost:18046
accept: */*

Response DefaultHttpResponse(decodeResult: success, version: HTTP/1.1)
HTTP/1.1 404 Not Found
content-type: application/json; charset=utf-8
cache-control: no-cache
content-length: 842
date: Sun, 28 Apr 2024 03:25:51 GMT

22:25:51.698 [AsyncHttpClient-1-5] DEBUG org.asynchttpclient.netty.channel.ChannelManager -- Adding key: http://localhost:18046 for channel [id: 0x03417c29, L:/127.0.0.1:63401 - R:localhost/127.0.0.1:18046]
22:25:51.702 [Forwarding getCurrentUrl on session 6747135a-728e-429a-9b07-4c0821d22622 to remote] DEBUG org.asynchttpclient.netty.request.NettyRequestSender -- Using pooled Channel '[id: 0x03417c29, L:/127.0.0.1:63401 - R:localhost/127.0.0.1:18046]' for 'GET' to 'http://localhost:18046/session/6747135a-728e-429a-9b07-4c0821d22622/url'
22:25:51.702 [Forwarding getCurrentUrl on session 6747135a-728e-429a-9b07-4c0821d22622 to remote] DEBUG org.asynchttpclient.netty.request.NettyRequestSender -- Using open Channel [id: 0x03417c29, L:/127.0.0.1:63401 - R:localhost/127.0.0.1:18046] for GET '/session/6747135a-728e-429a-9b07-4c0821d22622/url'
22:25:51.702 [AsyncHttpClient-1-5] DEBUG org.asynchttpclient.netty.handler.HttpHandler -- 

Request DefaultFullHttpRequest(decodeResult: success, version: HTTP/1.1, content: EmptyByteBufBE)
GET /session/6747135a-728e-429a-9b07-4c0821d22622/url HTTP/1.1
Cache-Control: no-cache
User-Agent: selenium/4.12.0 (java windows)
Content-Type: application/json; charset=utf-8
host: localhost:18046
accept: */*

Response DefaultHttpResponse(decodeResult: success, version: HTTP/1.1)
HTTP/1.1 200 OK
content-type: application/json; charset=utf-8
cache-control: no-cache
content-length: 48
date: Sun, 28 Apr 2024 03:25:51 GMT

22:25:51.702 [AsyncHttpClient-1-5] DEBUG org.asynchttpclient.netty.channel.ChannelManager -- Adding key: http://localhost:18046 for channel [id: 0x03417c29, L:/127.0.0.1:63401 - R:localhost/127.0.0.1:18046]
22:25:51.702 [Forwarding screenshot on session 6747135a-728e-429a-9b07-4c0821d22622 to remote] DEBUG org.asynchttpclient.netty.request.NettyRequestSender -- Using pooled Channel '[id: 0x03417c29, L:/127.0.0.1:63401 - R:localhost/127.0.0.1:18046]' for 'GET' to 'http://localhost:18046/session/6747135a-728e-429a-9b07-4c0821d22622/screenshot'
22:25:51.702 [Forwarding screenshot on session 6747135a-728e-429a-9b07-4c0821d22622 to remote] DEBUG org.asynchttpclient.netty.request.NettyRequestSender -- Using open Channel [id: 0x03417c29, L:/127.0.0.1:63401 - R:localhost/127.0.0.1:18046] for GET '/session/6747135a-728e-429a-9b07-4c0821d22622/screenshot'
22:25:51.754 [AsyncHttpClient-1-5] DEBUG org.asynchttpclient.netty.handler.HttpHandler -- 

Request DefaultFullHttpRequest(decodeResult: success, version: HTTP/1.1, content: EmptyByteBufBE)
GET /session/6747135a-728e-429a-9b07-4c0821d22622/screenshot HTTP/1.1
Cache-Control: no-cache
User-Agent: selenium/4.12.0 (java windows)
Content-Type: application/json; charset=utf-8
host: localhost:18046
accept: */*

Response DefaultHttpResponse(decodeResult: success, version: HTTP/1.1)
HTTP/1.1 200 OK
content-type: application/json; charset=utf-8
cache-control: no-cache
content-length: 286856
date: Sun, 28 Apr 2024 03:25:51 GMT

22:25:51.754 [AsyncHttpClient-1-5] DEBUG org.asynchttpclient.netty.channel.ChannelManager -- Adding key: http://localhost:18046 for channel [id: 0x03417c29, L:/127.0.0.1:63401 - R:localhost/127.0.0.1:18046]
22:25:51.756 [main] DEBUG net.serenitybdd.core.photography.Darkroom -- Send negative for processing for C:\Users\USUARIO\OneDrive\Documentos\02 Automatización\03 Pragma\pragma\pragma\target\site\serenity\5dc66e2877f7902fd4d4084dc1cc5fe67825ee3c2bff8a15944ee7f39ec50584.png
22:25:52.514 [AsyncHttpClient-1-1] DEBUG org.asynchttpclient.netty.channel.DefaultChannelPool -- Entry count for : http://localhost:18046 : 1
22:25:52.765 [main] DEBUG net.thucydides.core.steps.StepInterceptor -- STARTING STEP: StepInterceptor.testContext - validoQueElCarritoDeCompraEsteVacio
22:25:52.765 [Forwarding getCurrentUrl on session 6747135a-728e-429a-9b07-4c0821d22622 to remote] DEBUG org.asynchttpclient.netty.request.NettyRequestSender -- Using pooled Channel '[id: 0x03417c29, L:/127.0.0.1:63401 - R:localhost/127.0.0.1:18046]' for 'GET' to 'http://localhost:18046/session/6747135a-728e-429a-9b07-4c0821d22622/url'
22:25:52.765 [Forwarding getCurrentUrl on session 6747135a-728e-429a-9b07-4c0821d22622 to remote] DEBUG org.asynchttpclient.netty.request.NettyRequestSender -- Using open Channel [id: 0x03417c29, L:/127.0.0.1:63401 - R:localhost/127.0.0.1:18046] for GET '/session/6747135a-728e-429a-9b07-4c0821d22622/url'
22:25:52.771 [AsyncHttpClient-1-5] DEBUG org.asynchttpclient.netty.handler.HttpHandler -- 

Request DefaultFullHttpRequest(decodeResult: success, version: HTTP/1.1, content: EmptyByteBufBE)
GET /session/6747135a-728e-429a-9b07-4c0821d22622/url HTTP/1.1
Cache-Control: no-cache
User-Agent: selenium/4.12.0 (java windows)
Content-Type: application/json; charset=utf-8
host: localhost:18046
accept: */*

Response DefaultHttpResponse(decodeResult: success, version: HTTP/1.1)
HTTP/1.1 200 OK
content-type: application/json; charset=utf-8
cache-control: no-cache
content-length: 48
date: Sun, 28 Apr 2024 03:25:52 GMT

22:25:52.771 [AsyncHttpClient-1-5] DEBUG org.asynchttpclient.netty.channel.ChannelManager -- Adding key: http://localhost:18046 for channel [id: 0x03417c29, L:/127.0.0.1:63401 - R:localhost/127.0.0.1:18046]
22:25:52.771 [Forwarding findElement on session 6747135a-728e-429a-9b07-4c0821d22622 to remote] DEBUG org.asynchttpclient.netty.request.NettyRequestSender -- Using pooled Channel '[id: 0x03417c29, L:/127.0.0.1:63401 - R:localhost/127.0.0.1:18046]' for 'POST' to 'http://localhost:18046/session/6747135a-728e-429a-9b07-4c0821d22622/element'
22:25:52.771 [Forwarding findElement on session 6747135a-728e-429a-9b07-4c0821d22622 to remote] DEBUG org.asynchttpclient.netty.request.NettyRequestSender -- Using open Channel [id: 0x03417c29, L:/127.0.0.1:63401 - R:localhost/127.0.0.1:18046] for POST '/session/6747135a-728e-429a-9b07-4c0821d22622/element'
22:25:55.782 [AsyncHttpClient-1-5] DEBUG org.asynchttpclient.netty.handler.HttpHandler -- 

Request DefaultHttpRequest(decodeResult: success, version: HTTP/1.1)
POST /session/6747135a-728e-429a-9b07-4c0821d22622/element HTTP/1.1
User-Agent: selenium/4.12.0 (java windows)
Content-Length: 85
Content-Type: application/json; charset=utf-8
host: localhost:18046
accept: */*

Response DefaultHttpResponse(decodeResult: success, version: HTTP/1.1)
HTTP/1.1 404 Not Found
content-type: application/json; charset=utf-8
cache-control: no-cache
content-length: 417
date: Sun, 28 Apr 2024 03:25:52 GMT

22:25:55.782 [AsyncHttpClient-1-5] DEBUG org.asynchttpclient.netty.channel.ChannelManager -- Adding key: http://localhost:18046 for channel [id: 0x03417c29, L:/127.0.0.1:63401 - R:localhost/127.0.0.1:18046]
Error - Elemento no encontrado org.openqa.selenium.NoSuchElementException: Unable to locate element: //td/a[contains(text(),'Delete')]
For documentation on this error, please visit: https://www.selenium.dev/documentation/webdriver/troubleshooting/errors#no-such-element-exception
Build info: version: '4.12.0', revision: '249f2a7d1b*'
System info: os.name: 'Windows 11', os.arch: 'amd64', os.version: '10.0', java.version: '22'
Driver info: org.openqa.selenium.firefox.FirefoxDriver
Command: [6747135a-728e-429a-9b07-4c0821d22622, findElement {using=xpath, value=//td/a[contains(text(),'Delete')]}]
Capabilities {acceptInsecureCerts: true, browserName: firefox, browserVersion: 125.0.2, moz:accessibilityChecks: false, moz:buildID: 20240419144423, moz:debuggerAddress: 127.0.0.1:42251, moz:geckodriverVersion: 0.34.0, moz:headless: false, moz:platformVersion: 10.0, moz:processID: 12960, moz:profile: C:\Users\USUARIO\AppData\Lo..., moz:shutdownTimeout: 60000, moz:webdriverClick: true, moz:windowless: false, pageLoadStrategy: normal, platformName: windows, proxy: Proxy(), se:cdp: ws://127.0.0.1:42251/devtoo..., se:cdpVersion: 85.0, setWindowRect: true, strictFileInteractability: false, timeouts: {implicit: 0, pageLoad: 300000, script: 30000}, unhandledPromptBehavior: dismiss and notify, userAgent: Mozilla/5.0 (Windows NT 10....}
Session ID: 6747135a-728e-429a-9b07-4c0821d22622
Carrito vacio
22:25:55.782 [Forwarding getAlertText on session 6747135a-728e-429a-9b07-4c0821d22622 to remote] DEBUG org.asynchttpclient.netty.request.NettyRequestSender -- Using pooled Channel '[id: 0x03417c29, L:/127.0.0.1:63401 - R:localhost/127.0.0.1:18046]' for 'GET' to 'http://localhost:18046/session/6747135a-728e-429a-9b07-4c0821d22622/alert/text'
22:25:55.782 [Forwarding getAlertText on session 6747135a-728e-429a-9b07-4c0821d22622 to remote] DEBUG org.asynchttpclient.netty.request.NettyRequestSender -- Using open Channel [id: 0x03417c29, L:/127.0.0.1:63401 - R:localhost/127.0.0.1:18046] for GET '/session/6747135a-728e-429a-9b07-4c0821d22622/alert/text'
22:25:55.791 [AsyncHttpClient-1-5] DEBUG org.asynchttpclient.netty.handler.HttpHandler -- 

Request DefaultFullHttpRequest(decodeResult: success, version: HTTP/1.1, content: EmptyByteBufBE)
GET /session/6747135a-728e-429a-9b07-4c0821d22622/alert/text HTTP/1.1
Cache-Control: no-cache
User-Agent: selenium/4.12.0 (java windows)
Content-Type: application/json; charset=utf-8
host: localhost:18046
accept: */*

Response DefaultHttpResponse(decodeResult: success, version: HTTP/1.1)
HTTP/1.1 404 Not Found
content-type: application/json; charset=utf-8
cache-control: no-cache
content-length: 842
date: Sun, 28 Apr 2024 03:25:55 GMT

22:25:55.791 [AsyncHttpClient-1-5] DEBUG org.asynchttpclient.netty.channel.ChannelManager -- Adding key: http://localhost:18046 for channel [id: 0x03417c29, L:/127.0.0.1:63401 - R:localhost/127.0.0.1:18046]
22:25:55.791 [Forwarding getCurrentUrl on session 6747135a-728e-429a-9b07-4c0821d22622 to remote] DEBUG org.asynchttpclient.netty.request.NettyRequestSender -- Using pooled Channel '[id: 0x03417c29, L:/127.0.0.1:63401 - R:localhost/127.0.0.1:18046]' for 'GET' to 'http://localhost:18046/session/6747135a-728e-429a-9b07-4c0821d22622/url'
22:25:55.791 [Forwarding getCurrentUrl on session 6747135a-728e-429a-9b07-4c0821d22622 to remote] DEBUG org.asynchttpclient.netty.request.NettyRequestSender -- Using open Channel [id: 0x03417c29, L:/127.0.0.1:63401 - R:localhost/127.0.0.1:18046] for GET '/session/6747135a-728e-429a-9b07-4c0821d22622/url'
22:25:55.791 [AsyncHttpClient-1-5] DEBUG org.asynchttpclient.netty.handler.HttpHandler -- 

Request DefaultFullHttpRequest(decodeResult: success, version: HTTP/1.1, content: EmptyByteBufBE)
GET /session/6747135a-728e-429a-9b07-4c0821d22622/url HTTP/1.1
Cache-Control: no-cache
User-Agent: selenium/4.12.0 (java windows)
Content-Type: application/json; charset=utf-8
host: localhost:18046
accept: */*

Response DefaultHttpResponse(decodeResult: success, version: HTTP/1.1)
HTTP/1.1 200 OK
content-type: application/json; charset=utf-8
cache-control: no-cache
content-length: 48
date: Sun, 28 Apr 2024 03:25:55 GMT

22:25:55.791 [AsyncHttpClient-1-5] DEBUG org.asynchttpclient.netty.channel.ChannelManager -- Adding key: http://localhost:18046 for channel [id: 0x03417c29, L:/127.0.0.1:63401 - R:localhost/127.0.0.1:18046]
22:25:55.791 [Forwarding screenshot on session 6747135a-728e-429a-9b07-4c0821d22622 to remote] DEBUG org.asynchttpclient.netty.request.NettyRequestSender -- Using pooled Channel '[id: 0x03417c29, L:/127.0.0.1:63401 - R:localhost/127.0.0.1:18046]' for 'GET' to 'http://localhost:18046/session/6747135a-728e-429a-9b07-4c0821d22622/screenshot'
22:25:55.791 [Forwarding screenshot on session 6747135a-728e-429a-9b07-4c0821d22622 to remote] DEBUG org.asynchttpclient.netty.request.NettyRequestSender -- Using open Channel [id: 0x03417c29, L:/127.0.0.1:63401 - R:localhost/127.0.0.1:18046] for GET '/session/6747135a-728e-429a-9b07-4c0821d22622/screenshot'
22:25:55.830 [AsyncHttpClient-1-5] DEBUG org.asynchttpclient.netty.handler.HttpHandler -- 

Request DefaultFullHttpRequest(decodeResult: success, version: HTTP/1.1, content: EmptyByteBufBE)
GET /session/6747135a-728e-429a-9b07-4c0821d22622/screenshot HTTP/1.1
Cache-Control: no-cache
User-Agent: selenium/4.12.0 (java windows)
Content-Type: application/json; charset=utf-8
host: localhost:18046
accept: */*

Response DefaultHttpResponse(decodeResult: success, version: HTTP/1.1)
HTTP/1.1 200 OK
content-type: application/json; charset=utf-8
cache-control: no-cache
content-length: 286856
date: Sun, 28 Apr 2024 03:25:55 GMT

22:25:55.830 [AsyncHttpClient-1-5] DEBUG org.asynchttpclient.netty.channel.ChannelManager -- Adding key: http://localhost:18046 for channel [id: 0x03417c29, L:/127.0.0.1:63401 - R:localhost/127.0.0.1:18046]
22:25:55.840 [main] DEBUG net.serenitybdd.core.photography.Darkroom -- Send negative for processing for C:\Users\USUARIO\OneDrive\Documentos\02 Automatización\03 Pragma\pragma\pragma\target\site\serenity\5dc66e2877f7902fd4d4084dc1cc5fe67825ee3c2bff8a15944ee7f39ec50584.png
22:25:56.842 [main] DEBUG net.thucydides.core.steps.StepInterceptor -- STEP DONE: validoQueElCarritoDeCompraEsteVacio
22:25:56.842 [Forwarding getAlertText on session 6747135a-728e-429a-9b07-4c0821d22622 to remote] DEBUG org.asynchttpclient.netty.request.NettyRequestSender -- Using pooled Channel '[id: 0x03417c29, L:/127.0.0.1:63401 - R:localhost/127.0.0.1:18046]' for 'GET' to 'http://localhost:18046/session/6747135a-728e-429a-9b07-4c0821d22622/alert/text'
22:25:56.842 [Forwarding getAlertText on session 6747135a-728e-429a-9b07-4c0821d22622 to remote] DEBUG org.asynchttpclient.netty.request.NettyRequestSender -- Using open Channel [id: 0x03417c29, L:/127.0.0.1:63401 - R:localhost/127.0.0.1:18046] for GET '/session/6747135a-728e-429a-9b07-4c0821d22622/alert/text'
22:25:56.842 [AsyncHttpClient-1-5] DEBUG org.asynchttpclient.netty.handler.HttpHandler -- 

Request DefaultFullHttpRequest(decodeResult: success, version: HTTP/1.1, content: EmptyByteBufBE)
GET /session/6747135a-728e-429a-9b07-4c0821d22622/alert/text HTTP/1.1
Cache-Control: no-cache
User-Agent: selenium/4.12.0 (java windows)
Content-Type: application/json; charset=utf-8
host: localhost:18046
accept: */*

Response DefaultHttpResponse(decodeResult: success, version: HTTP/1.1)
HTTP/1.1 404 Not Found
content-type: application/json; charset=utf-8
cache-control: no-cache
content-length: 842
date: Sun, 28 Apr 2024 03:25:56 GMT

22:25:56.842 [AsyncHttpClient-1-5] DEBUG org.asynchttpclient.netty.channel.ChannelManager -- Adding key: http://localhost:18046 for channel [id: 0x03417c29, L:/127.0.0.1:63401 - R:localhost/127.0.0.1:18046]
22:25:56.852 [Forwarding getCurrentUrl on session 6747135a-728e-429a-9b07-4c0821d22622 to remote] DEBUG org.asynchttpclient.netty.request.NettyRequestSender -- Using pooled Channel '[id: 0x03417c29, L:/127.0.0.1:63401 - R:localhost/127.0.0.1:18046]' for 'GET' to 'http://localhost:18046/session/6747135a-728e-429a-9b07-4c0821d22622/url'
22:25:56.852 [Forwarding getCurrentUrl on session 6747135a-728e-429a-9b07-4c0821d22622 to remote] DEBUG org.asynchttpclient.netty.request.NettyRequestSender -- Using open Channel [id: 0x03417c29, L:/127.0.0.1:63401 - R:localhost/127.0.0.1:18046] for GET '/session/6747135a-728e-429a-9b07-4c0821d22622/url'
22:25:56.852 [AsyncHttpClient-1-5] DEBUG org.asynchttpclient.netty.handler.HttpHandler -- 

Request DefaultFullHttpRequest(decodeResult: success, version: HTTP/1.1, content: EmptyByteBufBE)
GET /session/6747135a-728e-429a-9b07-4c0821d22622/url HTTP/1.1
Cache-Control: no-cache
User-Agent: selenium/4.12.0 (java windows)
Content-Type: application/json; charset=utf-8
host: localhost:18046
accept: */*

Response DefaultHttpResponse(decodeResult: success, version: HTTP/1.1)
HTTP/1.1 200 OK
content-type: application/json; charset=utf-8
cache-control: no-cache
content-length: 48
date: Sun, 28 Apr 2024 03:25:56 GMT

22:25:56.852 [AsyncHttpClient-1-5] DEBUG org.asynchttpclient.netty.channel.ChannelManager -- Adding key: http://localhost:18046 for channel [id: 0x03417c29, L:/127.0.0.1:63401 - R:localhost/127.0.0.1:18046]
22:25:56.852 [Forwarding screenshot on session 6747135a-728e-429a-9b07-4c0821d22622 to remote] DEBUG org.asynchttpclient.netty.request.NettyRequestSender -- Using pooled Channel '[id: 0x03417c29, L:/127.0.0.1:63401 - R:localhost/127.0.0.1:18046]' for 'GET' to 'http://localhost:18046/session/6747135a-728e-429a-9b07-4c0821d22622/screenshot'
22:25:56.852 [Forwarding screenshot on session 6747135a-728e-429a-9b07-4c0821d22622 to remote] DEBUG org.asynchttpclient.netty.request.NettyRequestSender -- Using open Channel [id: 0x03417c29, L:/127.0.0.1:63401 - R:localhost/127.0.0.1:18046] for GET '/session/6747135a-728e-429a-9b07-4c0821d22622/screenshot'
22:25:56.888 [AsyncHttpClient-1-5] DEBUG org.asynchttpclient.netty.handler.HttpHandler -- 

Request DefaultFullHttpRequest(decodeResult: success, version: HTTP/1.1, content: EmptyByteBufBE)
GET /session/6747135a-728e-429a-9b07-4c0821d22622/screenshot HTTP/1.1
Cache-Control: no-cache
User-Agent: selenium/4.12.0 (java windows)
Content-Type: application/json; charset=utf-8
host: localhost:18046
accept: */*

Response DefaultHttpResponse(decodeResult: success, version: HTTP/1.1)
HTTP/1.1 200 OK
content-type: application/json; charset=utf-8
cache-control: no-cache
content-length: 286856
date: Sun, 28 Apr 2024 03:25:56 GMT

22:25:56.888 [AsyncHttpClient-1-5] DEBUG org.asynchttpclient.netty.channel.ChannelManager -- Adding key: http://localhost:18046 for channel [id: 0x03417c29, L:/127.0.0.1:63401 - R:localhost/127.0.0.1:18046]
22:25:56.898 [main] DEBUG net.serenitybdd.core.photography.Darkroom -- Send negative for processing for C:\Users\USUARIO\OneDrive\Documentos\02 Automatización\03 Pragma\pragma\pragma\target\site\serenity\5dc66e2877f7902fd4d4084dc1cc5fe67825ee3c2bff8a15944ee7f39ec50584.png
22:25:56.909 [AsyncHttpClient-1-1] DEBUG org.asynchttpclient.netty.channel.DefaultChannelPool -- Entry count for : http://localhost:18046 : 1
22:25:57.900 [main] INFO  -- &amp#27;[92m
  _____   ___   ___   _____     ___     _     ___   ___   ___   ___  
 |_   _| | __| / __| |_   _|   | _ \   /_\   / __| / __| | __| |   \ 
   | |   | _|  \__ \   | |     |  _/  / _ \  \__ \ \__ \ | _|  | |) |
   |_|   |___| |___/   |_|     |_|   /_/ \_\ |___/ |___/ |___| |___/ 

Eliminar un producto del carrito de compra
----------------------------------------------------------------------&amp#27;[0m
22:25:57.900 [AsyncHttpClient-1-7] DEBUG org.asynchttpclient.netty.channel.NettyConnectListener -- Using new Channel '[id: 0x11fc753a, L:/127.0.0.1:63630 - R:/127.0.0.1:42251]' for 'GET' to '/devtools/browser/e08b3778-782c-486a-bd78-4c13f5a66515'
22:25:57.910 [AsyncHttpClient-1-7] DEBUG org.asynchttpclient.netty.handler.WebSocketHandler -- 

Request DefaultFullHttpRequest(decodeResult: success, version: HTTP/1.1, content: EmptyByteBufBE)
GET /devtools/browser/e08b3778-782c-486a-bd78-4c13f5a66515 HTTP/1.1
upgrade: websocket
connection: upgrade
sec-websocket-key: NsLWHswfSMzG7y6Z58EBKA==
sec-websocket-version: 13
origin: http://127.0.0.1:42251
host: 127.0.0.1:42251
accept: */*
user-agent: AHC/2.1

Response DefaultHttpResponse(decodeResult: success, version: HTTP/1.1)
HTTP/1.1 101 Switching Protocols
Server: httpd.js
Upgrade: websocket
Connection: Upgrade
Sec-WebSocket-Accept: lEsifXD+c6G8bAWqHy1O2hC9Me4=
Content-Length: 0

22:25:57.910 [Driver Command Executor] DEBUG org.asynchttpclient.netty.request.NettyRequestSender -- Using pooled Channel '[id: 0x03417c29, L:/127.0.0.1:63401 - R:localhost/127.0.0.1:18046]' for 'DELETE' to 'http://localhost:18046/session/6747135a-728e-429a-9b07-4c0821d22622'
22:25:57.910 [Driver Command Executor] DEBUG org.asynchttpclient.netty.request.NettyRequestSender -- Using open Channel [id: 0x03417c29, L:/127.0.0.1:63401 - R:localhost/127.0.0.1:18046] for DELETE '/session/6747135a-728e-429a-9b07-4c0821d22622'
22:25:57.910 [AsyncHttpClient-1-7] DEBUG org.asynchttpclient.netty.handler.WebSocketHandler -- Channel Closed: [id: 0x11fc753a, L:/127.0.0.1:63630 ! R:/127.0.0.1:42251] with attribute DISCARD
22:25:58.479 [AsyncHttpClient-1-5] DEBUG org.asynchttpclient.netty.handler.HttpHandler -- 

Request DefaultFullHttpRequest(decodeResult: success, version: HTTP/1.1, content: EmptyByteBufBE)
DELETE /session/6747135a-728e-429a-9b07-4c0821d22622 HTTP/1.1
User-Agent: selenium/4.12.0 (java windows)
Content-Type: application/json; charset=utf-8
host: localhost:18046
accept: */*

Response DefaultHttpResponse(decodeResult: success, version: HTTP/1.1)
HTTP/1.1 200 OK
content-type: application/json; charset=utf-8
cache-control: no-cache
content-length: 14
date: Sun, 28 Apr 2024 03:25:57 GMT

22:25:58.479 [AsyncHttpClient-1-5] DEBUG org.asynchttpclient.netty.channel.ChannelManager -- Adding key: http://localhost:18046 for channel [id: 0x03417c29, L:/127.0.0.1:63401 - R:localhost/127.0.0.1:18046]
22:25:58.479 [AsyncHttpClient-1-5] DEBUG org.asynchttpclient.netty.handler.HttpHandler -- Unexpected I/O exception on channel [id: 0x03417c29, L:/127.0.0.1:63401 - R:localhost/127.0.0.1:18046]
java.net.SocketException: Connection reset
	at java.base/sun.nio.ch.SocketChannelImpl.throwConnectionReset(SocketChannelImpl.java:403)
	at java.base/sun.nio.ch.SocketChannelImpl.implRead(SocketChannelImpl.java:435)
	at java.base/sun.nio.ch.SocketChannelImpl.read(SocketChannelImpl.java:493)
	at io.netty.buffer.PooledByteBuf.setBytes(PooledByteBuf.java:254)
	at io.netty.buffer.AbstractByteBuf.writeBytes(AbstractByteBuf.java:1132)
	at io.netty.channel.socket.nio.NioSocketChannel.doReadBytes(NioSocketChannel.java:357)
	at io.netty.channel.nio.AbstractNioByteChannel$NioByteUnsafe.read(AbstractNioByteChannel.java:151)
	at io.netty.channel.nio.NioEventLoop.processSelectedKey(NioEventLoop.java:788)
	at io.netty.channel.nio.NioEventLoop.processSelectedKeysOptimized(NioEventLoop.java:724)
	at io.netty.channel.nio.NioEventLoop.processSelectedKeys(NioEventLoop.java:650)
	at io.netty.channel.nio.NioEventLoop.run(NioEventLoop.java:562)
	at io.netty.util.concurrent.SingleThreadEventExecutor$4.run(SingleThreadEventExecutor.java:997)
	at io.netty.util.internal.ThreadExecutorMap$2.run(ThreadExecutorMap.java:74)
	at io.netty.util.concurrent.FastThreadLocalRunnable.run(FastThreadLocalRunnable.java:30)
	at java.base/java.lang.Thread.run(Thread.java:1570)
22:25:58.479 [AsyncHttpClient-1-5] DEBUG org.asynchttpclient.netty.channel.ChannelManager -- Closing Channel [id: 0x03417c29, L:/127.0.0.1:63401 - R:localhost/127.0.0.1:18046] 
22:25:58.479 [AsyncHttpClient-1-5] DEBUG org.asynchttpclient.netty.handler.HttpHandler -- Channel Closed: [id: 0x03417c29, L:/127.0.0.1:63401 ! R:localhost/127.0.0.1:18046] with attribute DISCARD
]]></system-out>
    <system-err><![CDATA[abr 27, 2024 10:25:08 P. M. org.openqa.selenium.manager.SeleniumManager lambda$runCommand$1
INFO: Driver path: C:\Users\USUARIO\.cache\selenium\geckodriver\win64\0.34.0\geckodriver.exe
abr 27, 2024 10:25:08 P. M. org.openqa.selenium.manager.SeleniumManager lambda$runCommand$1
INFO: Browser path: C:\Program Files\Mozilla Firefox\firefox.exe
]]></system-err>
  </testcase>
</testsuite>