<?xml version="1.0" encoding="UTF-8"?>
<testsuite xmlns:xsi="http://www.w3.org/2001/XMLSchema-instance" xsi:noNamespaceSchemaLocation="https://maven.apache.org/surefire/maven-failsafe-plugin/xsd/failsafe-test-report-3.0.xsd" version="3.0" name="pragma.acceptanceTest.agregarProductosTest.RunnerAgregarProductosTest" time="65.161" tests="2" errors="0" skipped="0" failures="0">
  <properties>
    <property name="java.specification.version" value="22"/>
    <property name="sun.cpu.isalist" value="amd64"/>
    <property name="sun.jnu.encoding" value="Cp1252"/>
    <property name="java.class.path" value="C:\Users\USUARIO\OneDrive\Documentos\02 Automatización\03 Pragma\pragma\pragma\target\test-classes;C:\Users\USUARIO\OneDrive\Documentos\02 Automatización\03 Pragma\pragma\pragma\target\pragma-1.0-SNAPSHOT.jar;C:\Users\USUARIO\.m2\repository\net\serenity-bdd\serenity-core\4.0.1\serenity-core-4.0.1.jar;C:\Users\USUARIO\.m2\repository\net\serenity-bdd\serenity-model\4.0.1\serenity-model-4.0.1.jar;C:\Users\USUARIO\.m2\repository\commons-net\commons-net\3.9.0\commons-net-3.9.0.jar;C:\Users\USUARIO\.m2\repository\com\google\guava\guava\32.1.2-jre\guava-32.1.2-jre.jar;C:\Users\USUARIO\.m2\repository\com\google\guava\failureaccess\1.0.1\failureaccess-1.0.1.jar;C:\Users\USUARIO\.m2\repository\com\google\guava\listenablefuture\9999.0-empty-to-avoid-conflict-with-guava\listenablefuture-9999.0-empty-to-avoid-conflict-with-guava.jar;C:\Users\USUARIO\.m2\repository\com\google\code\findbugs\jsr305\3.0.2\jsr305-3.0.2.jar;C:\Users\USUARIO\.m2\repository\org\checkerframework\checker-qual\3.33.0\checker-qual-3.33.0.jar;C:\Users\USUARIO\.m2\repository\com\google\errorprone\error_prone_annotations\2.18.0\error_prone_annotations-2.18.0.jar;C:\Users\USUARIO\.m2\repository\com\google\j2objc\j2objc-annotations\2.8\j2objc-annotations-2.8.jar;C:\Users\USUARIO\.m2\repository\org\jsoup\jsoup\1.15.4\jsoup-1.15.4.jar;C:\Users\USUARIO\.m2\repository\com\thoughtworks\xstream\xstream\1.4.20\xstream-1.4.20.jar;C:\Users\USUARIO\.m2\repository\io\github\x-stream\mxparser\1.2.2\mxparser-1.2.2.jar;C:\Users\USUARIO\.m2\repository\xmlpull\xmlpull\1.1.3.1\xmlpull-1.1.3.1.jar;C:\Users\USUARIO\.m2\repository\com\typesafe\config\1.4.2\config-1.4.2.jar;C:\Users\USUARIO\.m2\repository\org\imgscalr\imgscalr-lib\4.2\imgscalr-lib-4.2.jar;C:\Users\USUARIO\.m2\repository\org\awaitility\awaitility\4.2.0\awaitility-4.2.0.jar;C:\Users\USUARIO\.m2\repository\org\freemarker\freemarker\2.3.31\freemarker-2.3.31.jar;C:\Users\USUARIO\.m2\repository\io\github\classgraph\classgraph\4.8.157\classgraph-4.8.157.jar;C:\Users\USUARIO\.m2\repository\com\github\ben-manes\caffeine\caffeine\2.9.2\caffeine-2.9.2.jar;C:\Users\USUARIO\.m2\repository\org\ehcache\ehcache\3.10.8\ehcache-3.10.8.jar;C:\Users\USUARIO\.m2\repository\javax\cache\cache-api\1.1.0\cache-api-1.1.0.jar;C:\Users\USUARIO\.m2\repository\net\sourceforge\jexcelapi\jxl\2.6.12\jxl-2.6.12.jar;C:\Users\USUARIO\.m2\repository\net\bytebuddy\byte-buddy-agent\1.14.5\byte-buddy-agent-1.14.5.jar;C:\Users\USUARIO\.m2\repository\org\objenesis\objenesis\3.3\objenesis-3.3.jar;C:\Users\USUARIO\.m2\repository\com\vladsch\flexmark\flexmark-all\0.64.8\flexmark-all-0.64.8.jar;C:\Users\USUARIO\.m2\repository\com\vladsch\flexmark\flexmark\0.64.8\flexmark-0.64.8.jar;C:\Users\USUARIO\.m2\repository\com\vladsch\flexmark\flexmark-ext-abbreviation\0.64.8\flexmark-ext-abbreviation-0.64.8.jar;C:\Users\USUARIO\.m2\repository\com\vladsch\flexmark\flexmark-util\0.64.8\flexmark-util-0.64.8.jar;C:\Users\USUARIO\.m2\repository\com\vladsch\flexmark\flexmark-ext-admonition\0.64.8\flexmark-ext-admonition-0.64.8.jar;C:\Users\USUARIO\.m2\repository\com\vladsch\flexmark\flexmark-ext-anchorlink\0.64.8\flexmark-ext-anchorlink-0.64.8.jar;C:\Users\USUARIO\.m2\repository\com\vladsch\flexmark\flexmark-ext-aside\0.64.8\flexmark-ext-aside-0.64.8.jar;C:\Users\USUARIO\.m2\repository\com\vladsch\flexmark\flexmark-ext-attributes\0.64.8\flexmark-ext-attributes-0.64.8.jar;C:\Users\USUARIO\.m2\repository\com\vladsch\flexmark\flexmark-ext-autolink\0.64.8\flexmark-ext-autolink-0.64.8.jar;C:\Users\USUARIO\.m2\repository\org\nibor\autolink\autolink\0.6.0\autolink-0.6.0.jar;C:\Users\USUARIO\.m2\repository\com\vladsch\flexmark\flexmark-ext-definition\0.64.8\flexmark-ext-definition-0.64.8.jar;C:\Users\USUARIO\.m2\repository\com\vladsch\flexmark\flexmark-ext-emoji\0.64.8\flexmark-ext-emoji-0.64.8.jar;C:\Users\USUARIO\.m2\repository\com\vladsch\flexmark\flexmark-ext-enumerated-reference\0.64.8\flexmark-ext-enumerated-reference-0.64.8.jar;C:\Users\USUARIO\.m2\repository\com\vladsch\flexmark\flexmark-ext-escaped-character\0.64.8\flexmark-ext-escaped-character-0.64.8.jar;C:\Users\USUARIO\.m2\repository\com\vladsch\flexmark\flexmark-ext-footnotes\0.64.8\flexmark-ext-footnotes-0.64.8.jar;C:\Users\USUARIO\.m2\repository\com\vladsch\flexmark\flexmark-ext-gfm-issues\0.64.8\flexmark-ext-gfm-issues-0.64.8.jar;C:\Users\USUARIO\.m2\repository\com\vladsch\flexmark\flexmark-ext-gfm-strikethrough\0.64.8\flexmark-ext-gfm-strikethrough-0.64.8.jar;C:\Users\USUARIO\.m2\repository\com\vladsch\flexmark\flexmark-ext-gfm-tasklist\0.64.8\flexmark-ext-gfm-tasklist-0.64.8.jar;C:\Users\USUARIO\.m2\repository\com\vladsch\flexmark\flexmark-ext-gfm-users\0.64.8\flexmark-ext-gfm-users-0.64.8.jar;C:\Users\USUARIO\.m2\repository\com\vladsch\flexmark\flexmark-ext-gitlab\0.64.8\flexmark-ext-gitlab-0.64.8.jar;C:\Users\USUARIO\.m2\repository\com\vladsch\flexmark\flexmark-ext-jekyll-front-matter\0.64.8\flexmark-ext-jekyll-front-matter-0.64.8.jar;C:\Users\USUARIO\.m2\repository\com\vladsch\flexmark\flexmark-ext-jekyll-tag\0.64.8\flexmark-ext-jekyll-tag-0.64.8.jar;C:\Users\USUARIO\.m2\repository\com\vladsch\flexmark\flexmark-ext-media-tags\0.64.8\flexmark-ext-media-tags-0.64.8.jar;C:\Users\USUARIO\.m2\repository\com\vladsch\flexmark\flexmark-ext-resizable-image\0.64.8\flexmark-ext-resizable-image-0.64.8.jar;C:\Users\USUARIO\.m2\repository\com\vladsch\flexmark\flexmark-ext-macros\0.64.8\flexmark-ext-macros-0.64.8.jar;C:\Users\USUARIO\.m2\repository\com\vladsch\flexmark\flexmark-ext-ins\0.64.8\flexmark-ext-ins-0.64.8.jar;C:\Users\USUARIO\.m2\repository\com\vladsch\flexmark\flexmark-ext-xwiki-macros\0.64.8\flexmark-ext-xwiki-macros-0.64.8.jar;C:\Users\USUARIO\.m2\repository\com\vladsch\flexmark\flexmark-ext-superscript\0.64.8\flexmark-ext-superscript-0.64.8.jar;C:\Users\USUARIO\.m2\repository\com\vladsch\flexmark\flexmark-ext-tables\0.64.8\flexmark-ext-tables-0.64.8.jar;C:\Users\USUARIO\.m2\repository\com\vladsch\flexmark\flexmark-ext-toc\0.64.8\flexmark-ext-toc-0.64.8.jar;C:\Users\USUARIO\.m2\repository\com\vladsch\flexmark\flexmark-ext-typographic\0.64.8\flexmark-ext-typographic-0.64.8.jar;C:\Users\USUARIO\.m2\repository\com\vladsch\flexmark\flexmark-ext-wikilink\0.64.8\flexmark-ext-wikilink-0.64.8.jar;C:\Users\USUARIO\.m2\repository\com\vladsch\flexmark\flexmark-ext-yaml-front-matter\0.64.8\flexmark-ext-yaml-front-matter-0.64.8.jar;C:\Users\USUARIO\.m2\repository\com\vladsch\flexmark\flexmark-ext-youtube-embedded\0.64.8\flexmark-ext-youtube-embedded-0.64.8.jar;C:\Users\USUARIO\.m2\repository\com\vladsch\flexmark\flexmark-html2md-converter\0.64.8\flexmark-html2md-converter-0.64.8.jar;C:\Users\USUARIO\.m2\repository\com\vladsch\flexmark\flexmark-jira-converter\0.64.8\flexmark-jira-converter-0.64.8.jar;C:\Users\USUARIO\.m2\repository\com\vladsch\flexmark\flexmark-pdf-converter\0.64.8\flexmark-pdf-converter-0.64.8.jar;C:\Users\USUARIO\.m2\repository\com\openhtmltopdf\openhtmltopdf-core\1.0.10\openhtmltopdf-core-1.0.10.jar;C:\Users\USUARIO\.m2\repository\com\openhtmltopdf\openhtmltopdf-pdfbox\1.0.10\openhtmltopdf-pdfbox-1.0.10.jar;C:\Users\USUARIO\.m2\repository\org\apache\pdfbox\pdfbox\2.0.24\pdfbox-2.0.24.jar;C:\Users\USUARIO\.m2\repository\org\apache\pdfbox\fontbox\2.0.24\fontbox-2.0.24.jar;C:\Users\USUARIO\.m2\repository\org\apache\pdfbox\xmpbox\2.0.24\xmpbox-2.0.24.jar;C:\Users\USUARIO\.m2\repository\de\rototor\pdfbox\graphics2d\0.32\graphics2d-0.32.jar;C:\Users\USUARIO\.m2\repository\com\openhtmltopdf\openhtmltopdf-rtl-support\1.0.10\openhtmltopdf-rtl-support-1.0.10.jar;C:\Users\USUARIO\.m2\repository\com\vladsch\flexmark\flexmark-profile-pegdown\0.64.8\flexmark-profile-pegdown-0.64.8.jar;C:\Users\USUARIO\.m2\repository\com\vladsch\flexmark\flexmark-util-ast\0.64.8\flexmark-util-ast-0.64.8.jar;C:\Users\USUARIO\.m2\repository\com\vladsch\flexmark\flexmark-util-builder\0.64.8\flexmark-util-builder-0.64.8.jar;C:\Users\USUARIO\.m2\repository\com\vladsch\flexmark\flexmark-util-collection\0.64.8\flexmark-util-collection-0.64.8.jar;C:\Users\USUARIO\.m2\repository\com\vladsch\flexmark\flexmark-util-data\0.64.8\flexmark-util-data-0.64.8.jar;C:\Users\USUARIO\.m2\repository\com\vladsch\flexmark\flexmark-util-dependency\0.64.8\flexmark-util-dependency-0.64.8.jar;C:\Users\USUARIO\.m2\repository\com\vladsch\flexmark\flexmark-util-format\0.64.8\flexmark-util-format-0.64.8.jar;C:\Users\USUARIO\.m2\repository\com\vladsch\flexmark\flexmark-util-html\0.64.8\flexmark-util-html-0.64.8.jar;C:\Users\USUARIO\.m2\repository\com\vladsch\flexmark\flexmark-util-misc\0.64.8\flexmark-util-misc-0.64.8.jar;C:\Users\USUARIO\.m2\repository\com\vladsch\flexmark\flexmark-util-options\0.64.8\flexmark-util-options-0.64.8.jar;C:\Users\USUARIO\.m2\repository\com\vladsch\flexmark\flexmark-util-sequence\0.64.8\flexmark-util-sequence-0.64.8.jar;C:\Users\USUARIO\.m2\repository\com\vladsch\flexmark\flexmark-util-visitor\0.64.8\flexmark-util-visitor-0.64.8.jar;C:\Users\USUARIO\.m2\repository\com\vladsch\flexmark\flexmark-youtrack-converter\0.64.8\flexmark-youtrack-converter-0.64.8.jar;C:\Users\USUARIO\.m2\repository\net\serenity-bdd\serenity-reports\4.0.1\serenity-reports-4.0.1.jar;C:\Users\USUARIO\.m2\repository\net\serenity-bdd\serenity-stats\4.0.1\serenity-stats-4.0.1.jar;C:\Users\USUARIO\.m2\repository\net\serenity-bdd\serenity-reports-configuration\4.0.1\serenity-reports-configuration-4.0.1.jar;C:\Users\USUARIO\.m2\repository\com\ibm\icu\icu4j\72.1\icu4j-72.1.jar;C:\Users\USUARIO\.m2\repository\es\nitaur\markdown\txtmark\0.16\txtmark-0.16.jar;C:\Users\USUARIO\.m2\repository\net\serenity-bdd\serenity-report-resources\4.0.1\serenity-report-resources-4.0.1.jar;C:\Users\USUARIO\.m2\repository\com\google\code\gson\gson\2.10.1\gson-2.10.1.jar;C:\Users\USUARIO\.m2\repository\com\fasterxml\jackson\core\jackson-core\2.15.2\jackson-core-2.15.2.jar;C:\Users\USUARIO\.m2\repository\com\fasterxml\jackson\core\jackson-databind\2.15.2\jackson-databind-2.15.2.jar;C:\Users\USUARIO\.m2\repository\com\fasterxml\jackson\core\jackson-annotations\2.15.2\jackson-annotations-2.15.2.jar;C:\Users\USUARIO\.m2\repository\commons-codec\commons-codec\1.16.0\commons-codec-1.16.0.jar;C:\Users\USUARIO\.m2\repository\commons-io\commons-io\2.11.0\commons-io-2.11.0.jar;C:\Users\USUARIO\.m2\repository\org\apache\httpcomponents\httpclient\4.5.13\httpclient-4.5.13.jar;C:\Users\USUARIO\.m2\repository\org\apache\httpcomponents\httpcore\4.4.13\httpcore-4.4.13.jar;C:\Users\USUARIO\.m2\repository\commons-logging\commons-logging\1.2\commons-logging-1.2.jar;C:\Users\USUARIO\.m2\repository\org\seleniumhq\selenium\selenium-java\4.12.0\selenium-java-4.12.0.jar;C:\Users\USUARIO\.m2\repository\org\seleniumhq\selenium\selenium-devtools-v114\4.12.0\selenium-devtools-v114-4.12.0.jar;C:\Users\USUARIO\.m2\repository\org\seleniumhq\selenium\selenium-devtools-v115\4.12.0\selenium-devtools-v115-4.12.0.jar;C:\Users\USUARIO\.m2\repository\org\seleniumhq\selenium\selenium-devtools-v116\4.12.0\selenium-devtools-v116-4.12.0.jar;C:\Users\USUARIO\.m2\repository\org\seleniumhq\selenium\selenium-devtools-v85\4.12.0\selenium-devtools-v85-4.12.0.jar;C:\Users\USUARIO\.m2\repository\org\seleniumhq\selenium\selenium-remote-driver\4.12.0\selenium-remote-driver-4.12.0.jar;C:\Users\USUARIO\.m2\repository\io\netty\netty-buffer\4.1.96.Final\netty-buffer-4.1.96.Final.jar;C:\Users\USUARIO\.m2\repository\io\netty\netty-codec-http\4.1.96.Final\netty-codec-http-4.1.96.Final.jar;C:\Users\USUARIO\.m2\repository\io\netty\netty-codec\4.1.96.Final\netty-codec-4.1.96.Final.jar;C:\Users\USUARIO\.m2\repository\io\netty\netty-handler\4.1.96.Final\netty-handler-4.1.96.Final.jar;C:\Users\USUARIO\.m2\repository\io\netty\netty-common\4.1.96.Final\netty-common-4.1.96.Final.jar;C:\Users\USUARIO\.m2\repository\io\netty\netty-transport-classes-epoll\4.1.96.Final\netty-transport-classes-epoll-4.1.96.Final.jar;C:\Users\USUARIO\.m2\repository\io\netty\netty-transport-classes-kqueue\4.1.96.Final\netty-transport-classes-kqueue-4.1.96.Final.jar;C:\Users\USUARIO\.m2\repository\io\netty\netty-transport-native-epoll\4.1.96.Final\netty-transport-native-epoll-4.1.96.Final.jar;C:\Users\USUARIO\.m2\repository\io\netty\netty-transport-native-kqueue\4.1.96.Final\netty-transport-native-kqueue-4.1.96.Final.jar;C:\Users\USUARIO\.m2\repository\io\netty\netty-transport-native-unix-common\4.1.96.Final\netty-transport-native-unix-common-4.1.96.Final.jar;C:\Users\USUARIO\.m2\repository\io\netty\netty-transport\4.1.96.Final\netty-transport-4.1.96.Final.jar;C:\Users\USUARIO\.m2\repository\io\netty\netty-resolver\4.1.96.Final\netty-resolver-4.1.96.Final.jar;C:\Users\USUARIO\.m2\repository\io\opentelemetry\opentelemetry-api\1.28.0\opentelemetry-api-1.28.0.jar;C:\Users\USUARIO\.m2\repository\io\opentelemetry\opentelemetry-context\1.28.0\opentelemetry-context-1.28.0.jar;C:\Users\USUARIO\.m2\repository\io\opentelemetry\opentelemetry-exporter-logging\1.28.0\opentelemetry-exporter-logging-1.28.0.jar;C:\Users\USUARIO\.m2\repository\io\opentelemetry\opentelemetry-sdk-metrics\1.28.0\opentelemetry-sdk-metrics-1.28.0.jar;C:\Users\USUARIO\.m2\repository\io\opentelemetry\opentelemetry-extension-incubator\1.28.0-alpha\opentelemetry-extension-incubator-1.28.0-alpha.jar;C:\Users\USUARIO\.m2\repository\io\opentelemetry\opentelemetry-sdk-logs\1.28.0\opentelemetry-sdk-logs-1.28.0.jar;C:\Users\USUARIO\.m2\repository\io\opentelemetry\opentelemetry-sdk-common\1.28.0\opentelemetry-sdk-common-1.28.0.jar;C:\Users\USUARIO\.m2\repository\io\opentelemetry\opentelemetry-sdk-extension-autoconfigure-spi\1.28.0\opentelemetry-sdk-extension-autoconfigure-spi-1.28.0.jar;C:\Users\USUARIO\.m2\repository\io\opentelemetry\opentelemetry-sdk-extension-autoconfigure\1.28.0\opentelemetry-sdk-extension-autoconfigure-1.28.0.jar;C:\Users\USUARIO\.m2\repository\io\opentelemetry\opentelemetry-api-events\1.28.0-alpha\opentelemetry-api-events-1.28.0-alpha.jar;C:\Users\USUARIO\.m2\repository\io\opentelemetry\opentelemetry-sdk-trace\1.28.0\opentelemetry-sdk-trace-1.28.0.jar;C:\Users\USUARIO\.m2\repository\io\opentelemetry\opentelemetry-sdk\1.28.0\opentelemetry-sdk-1.28.0.jar;C:\Users\USUARIO\.m2\repository\io\opentelemetry\opentelemetry-semconv\1.28.0-alpha\opentelemetry-semconv-1.28.0-alpha.jar;C:\Users\USUARIO\.m2\repository\org\asynchttpclient\async-http-client\2.12.3\async-http-client-2.12.3.jar;C:\Users\USUARIO\.m2\repository\org\asynchttpclient\async-http-client-netty-utils\2.12.3\async-http-client-netty-utils-2.12.3.jar;C:\Users\USUARIO\.m2\repository\io\netty\netty-codec-socks\4.1.60.Final\netty-codec-socks-4.1.60.Final.jar;C:\Users\USUARIO\.m2\repository\io\netty\netty-handler-proxy\4.1.60.Final\netty-handler-proxy-4.1.60.Final.jar;C:\Users\USUARIO\.m2\repository\io\netty\netty-transport-native-epoll\4.1.60.Final\netty-transport-native-epoll-4.1.60.Final-linux-x86_64.jar;C:\Users\USUARIO\.m2\repository\io\netty\netty-transport-native-kqueue\4.1.60.Final\netty-transport-native-kqueue-4.1.60.Final-osx-x86_64.jar;C:\Users\USUARIO\.m2\repository\org\reactivestreams\reactive-streams\1.0.3\reactive-streams-1.0.3.jar;C:\Users\USUARIO\.m2\repository\com\typesafe\netty\netty-reactive-streams\2.0.4\netty-reactive-streams-2.0.4.jar;C:\Users\USUARIO\.m2\repository\org\seleniumhq\selenium\selenium-os\4.12.0\selenium-os-4.12.0.jar;C:\Users\USUARIO\.m2\repository\org\apache\commons\commons-exec\1.3\commons-exec-1.3.jar;C:\Users\USUARIO\.m2\repository\org\seleniumhq\selenium\selenium-safari-driver\4.12.0\selenium-safari-driver-4.12.0.jar;C:\Users\USUARIO\.m2\repository\org\seleniumhq\selenium\selenium-api\4.12.0\selenium-api-4.12.0.jar;C:\Users\USUARIO\.m2\repository\org\seleniumhq\selenium\selenium-support\4.12.0\selenium-support-4.12.0.jar;C:\Users\USUARIO\.m2\repository\com\google\auto\service\auto-service-annotations\1.1.1\auto-service-annotations-1.1.1.jar;C:\Users\USUARIO\.m2\repository\org\seleniumhq\selenium\selenium-json\4.12.0\selenium-json-4.12.0.jar;C:\Users\USUARIO\.m2\repository\org\seleniumhq\selenium\selenium-chrome-driver\4.12.0\selenium-chrome-driver-4.12.0.jar;C:\Users\USUARIO\.m2\repository\org\seleniumhq\selenium\selenium-chromium-driver\4.12.0\selenium-chromium-driver-4.12.0.jar;C:\Users\USUARIO\.m2\repository\org\seleniumhq\selenium\selenium-manager\4.12.0\selenium-manager-4.12.0.jar;C:\Users\USUARIO\.m2\repository\org\seleniumhq\selenium\selenium-firefox-driver\4.12.0\selenium-firefox-driver-4.12.0.jar;C:\Users\USUARIO\.m2\repository\org\seleniumhq\selenium\selenium-http\4.12.0\selenium-http-4.12.0.jar;C:\Users\USUARIO\.m2\repository\dev\failsafe\failsafe\3.3.2\failsafe-3.3.2.jar;C:\Users\USUARIO\.m2\repository\org\seleniumhq\selenium\selenium-edge-driver\4.12.0\selenium-edge-driver-4.12.0.jar;C:\Users\USUARIO\.m2\repository\org\seleniumhq\selenium\selenium-ie-driver\4.12.0\selenium-ie-driver-4.12.0.jar;C:\Users\USUARIO\.m2\repository\org\projectlombok\lombok\1.18.20\lombok-1.18.20.jar;C:\Users\USUARIO\.m2\repository\org\htmlunit\htmlunit\3.4.0\htmlunit-3.4.0.jar;C:\Users\USUARIO\.m2\repository\org\htmlunit\htmlunit-core-js\3.4.0\htmlunit-core-js-3.4.0.jar;C:\Users\USUARIO\.m2\repository\org\htmlunit\neko-htmlunit\3.4.0\neko-htmlunit-3.4.0.jar;C:\Users\USUARIO\.m2\repository\org\htmlunit\htmlunit-cssparser\3.4.0\htmlunit-cssparser-3.4.0.jar;C:\Users\USUARIO\.m2\repository\org\htmlunit\htmlunit-xpath\3.4.0\htmlunit-xpath-3.4.0.jar;C:\Users\USUARIO\.m2\repository\org\brotli\dec\0.1.2\dec-0.1.2.jar;C:\Users\USUARIO\.m2\repository\com\shapesecurity\salvation2\3.0.1\salvation2-3.0.1.jar;C:\Users\USUARIO\.m2\repository\org\eclipse\jetty\websocket\websocket-client\9.4.51.v20230217\websocket-client-9.4.51.v20230217.jar;C:\Users\USUARIO\.m2\repository\org\eclipse\jetty\jetty-client\9.4.51.v20230217\jetty-client-9.4.51.v20230217.jar;C:\Users\USUARIO\.m2\repository\org\eclipse\jetty\jetty-http\9.4.51.v20230217\jetty-http-9.4.51.v20230217.jar;C:\Users\USUARIO\.m2\repository\org\eclipse\jetty\jetty-util\9.4.51.v20230217\jetty-util-9.4.51.v20230217.jar;C:\Users\USUARIO\.m2\repository\org\eclipse\jetty\jetty-io\9.4.51.v20230217\jetty-io-9.4.51.v20230217.jar;C:\Users\USUARIO\.m2\repository\org\eclipse\jetty\websocket\websocket-common\9.4.51.v20230217\websocket-common-9.4.51.v20230217.jar;C:\Users\USUARIO\.m2\repository\org\eclipse\jetty\websocket\websocket-api\9.4.51.v20230217\websocket-api-9.4.51.v20230217.jar;C:\Users\USUARIO\.m2\repository\org\seleniumhq\selenium\htmlunit3-driver\4.10.0\htmlunit3-driver-4.10.0.jar;C:\Users\USUARIO\.m2\repository\io\appium\java-client\8.3.0\java-client-8.3.0.jar;C:\Users\USUARIO\.m2\repository\commons-validator\commons-validator\1.7\commons-validator-1.7.jar;C:\Users\USUARIO\.m2\repository\commons-digester\commons-digester\2.1\commons-digester-2.1.jar;C:\Users\USUARIO\.m2\repository\org\apache\groovy\groovy\4.0.13\groovy-4.0.13.jar;C:\Users\USUARIO\.m2\repository\net\sf\opencsv\opencsv\2.0\opencsv-2.0.jar;C:\Users\USUARIO\.m2\repository\commons-beanutils\commons-beanutils\1.9.4\commons-beanutils-1.9.4.jar;C:\Users\USUARIO\.m2\repository\commons-collections\commons-collections\3.2.2\commons-collections-3.2.2.jar;C:\Users\USUARIO\.m2\repository\org\apache\commons\commons-lang3\3.13.0\commons-lang3-3.13.0.jar;C:\Users\USUARIO\.m2\repository\org\apache\commons\commons-collections4\4.4\commons-collections4-4.4.jar;C:\Users\USUARIO\.m2\repository\org\apache\commons\commons-compress\1.23.0\commons-compress-1.23.0.jar;C:\Users\USUARIO\.m2\repository\org\fluentlenium\fluentlenium-core\0.10.2\fluentlenium-core-0.10.2.jar;C:\Users\USUARIO\.m2\repository\com\jhlabs\filters\2.0.235\filters-2.0.235.jar;C:\Users\USUARIO\.m2\repository\com\paulhammant\ngwebdriver\1.1.6\ngwebdriver-1.1.6.jar;C:\Users\USUARIO\.m2\repository\joda-time\joda-time\2.12.2\joda-time-2.12.2.jar;C:\Users\USUARIO\.m2\repository\org\hamcrest\hamcrest\2.2\hamcrest-2.2.jar;C:\Users\USUARIO\.m2\repository\com\google\jimfs\jimfs\1.3.0\jimfs-1.3.0.jar;C:\Users\USUARIO\.m2\repository\org\mockito\mockito-core\3.3.3\mockito-core-3.3.3.jar;C:\Users\USUARIO\.m2\repository\javax\xml\bind\jaxb-api\2.3.1\jaxb-api-2.3.1.jar;C:\Users\USUARIO\.m2\repository\javax\activation\javax.activation-api\1.2.0\javax.activation-api-1.2.0.jar;C:\Users\USUARIO\.m2\repository\com\sun\xml\bind\jaxb-core\2.3.0.1\jaxb-core-2.3.0.1.jar;C:\Users\USUARIO\.m2\repository\com\sun\xml\bind\jaxb-impl\2.3.3\jaxb-impl-2.3.3.jar;C:\Users\USUARIO\.m2\repository\com\sun\activation\jakarta.activation\1.2.2\jakarta.activation-1.2.2.jar;C:\Users\USUARIO\.m2\repository\javax\activation\activation\1.1.1\activation-1.1.1.jar;C:\Users\USUARIO\.m2\repository\net\serenity-bdd\serenity-cucumber\4.0.1\serenity-cucumber-4.0.1.jar;C:\Users\USUARIO\.m2\repository\io\cucumber\cucumber-core\7.13.0\cucumber-core-7.13.0.jar;C:\Users\USUARIO\.m2\repository\io\cucumber\cucumber-gherkin\7.13.0\cucumber-gherkin-7.13.0.jar;C:\Users\USUARIO\.m2\repository\io\cucumber\cucumber-gherkin-messages\7.13.0\cucumber-gherkin-messages-7.13.0.jar;C:\Users\USUARIO\.m2\repository\io\cucumber\gherkin\26.2.0\gherkin-26.2.0.jar;C:\Users\USUARIO\.m2\repository\io\cucumber\messages\22.0.0\messages-22.0.0.jar;C:\Users\USUARIO\.m2\repository\io\cucumber\tag-expressions\5.0.1\tag-expressions-5.0.1.jar;C:\Users\USUARIO\.m2\repository\io\cucumber\cucumber-expressions\16.1.2\cucumber-expressions-16.1.2.jar;C:\Users\USUARIO\.m2\repository\io\cucumber\datatable\7.13.0\datatable-7.13.0.jar;C:\Users\USUARIO\.m2\repository\io\cucumber\cucumber-plugin\7.13.0\cucumber-plugin-7.13.0.jar;C:\Users\USUARIO\.m2\repository\io\cucumber\docstring\7.13.0\docstring-7.13.0.jar;C:\Users\USUARIO\.m2\repository\io\cucumber\html-formatter\20.3.1\html-formatter-20.3.1.jar;C:\Users\USUARIO\.m2\repository\io\cucumber\junit-xml-formatter\0.2.0\junit-xml-formatter-0.2.0.jar;C:\Users\USUARIO\.m2\repository\io\cucumber\ci-environment\9.2.0\ci-environment-9.2.0.jar;C:\Users\USUARIO\.m2\repository\io\cucumber\cucumber-java\7.13.0\cucumber-java-7.13.0.jar;C:\Users\USUARIO\.m2\repository\io\cucumber\cucumber-junit\7.13.0\cucumber-junit-7.13.0.jar;C:\Users\USUARIO\.m2\repository\org\apache\commons\commons-csv\1.5\commons-csv-1.5.jar;C:\Users\USUARIO\.m2\repository\net\serenity-bdd\serenity-screenplay\4.0.1\serenity-screenplay-4.0.1.jar;C:\Users\USUARIO\.m2\repository\net\serenity-bdd\serenity-screenplay-webdriver\4.0.1\serenity-screenplay-webdriver-4.0.1.jar;C:\Users\USUARIO\.m2\repository\net\serenity-bdd\serenity-ensure\4.0.1\serenity-ensure-4.0.1.jar;C:\Users\USUARIO\.m2\repository\org\jetbrains\kotlin\kotlin-stdlib\1.9.0\kotlin-stdlib-1.9.0.jar;C:\Users\USUARIO\.m2\repository\org\jetbrains\kotlin\kotlin-stdlib-common\1.9.0\kotlin-stdlib-common-1.9.0.jar;C:\Users\USUARIO\.m2\repository\org\jetbrains\annotations\13.0\annotations-13.0.jar;C:\Users\USUARIO\.m2\repository\net\serenity-bdd\serenity-rest-assured\4.0.1\serenity-rest-assured-4.0.1.jar;C:\Users\USUARIO\.m2\repository\org\apache\groovy\groovy-json\4.0.13\groovy-json-4.0.13.jar;C:\Users\USUARIO\.m2\repository\org\apache\groovy\groovy-xml\4.0.13\groovy-xml-4.0.13.jar;C:\Users\USUARIO\.m2\repository\org\opentest4j\opentest4j\1.2.0\opentest4j-1.2.0.jar;C:\Users\USUARIO\.m2\repository\net\serenity-bdd\serenity-junit5\4.0.1\serenity-junit5-4.0.1.jar;C:\Users\USUARIO\.m2\repository\org\junit\jupiter\junit-jupiter-params\5.10.0\junit-jupiter-params-5.10.0.jar;C:\Users\USUARIO\.m2\repository\io\rest-assured\rest-assured\5.4.0\rest-assured-5.4.0.jar;C:\Users\USUARIO\.m2\repository\org\apache\httpcomponents\httpmime\4.5.13\httpmime-4.5.13.jar;C:\Users\USUARIO\.m2\repository\org\ccil\cowan\tagsoup\tagsoup\1.2.1\tagsoup-1.2.1.jar;C:\Users\USUARIO\.m2\repository\io\rest-assured\json-path\5.4.0\json-path-5.4.0.jar;C:\Users\USUARIO\.m2\repository\io\rest-assured\rest-assured-common\5.4.0\rest-assured-common-5.4.0.jar;C:\Users\USUARIO\.m2\repository\io\rest-assured\xml-path\5.4.0\xml-path-5.4.0.jar;C:\Users\USUARIO\.m2\repository\org\json\json\20240303\json-20240303.jar;C:\Users\USUARIO\.m2\repository\net\serenity-bdd\serenity-junit\4.0.1\serenity-junit-4.0.1.jar;C:\Users\USUARIO\.m2\repository\junit\junit\4.13.2\junit-4.13.2.jar;C:\Users\USUARIO\.m2\repository\jakarta\xml\bind\jakarta.xml.bind-api\4.0.0\jakarta.xml.bind-api-4.0.0.jar;C:\Users\USUARIO\.m2\repository\jakarta\activation\jakarta.activation-api\2.1.0\jakarta.activation-api-2.1.0.jar;C:\Users\USUARIO\.m2\repository\org\junit\platform\junit-platform-launcher\1.10.2\junit-platform-launcher-1.10.2.jar;C:\Users\USUARIO\.m2\repository\org\junit\platform\junit-platform-engine\1.10.2\junit-platform-engine-1.10.2.jar;C:\Users\USUARIO\.m2\repository\org\apiguardian\apiguardian-api\1.1.2\apiguardian-api-1.1.2.jar;C:\Users\USUARIO\.m2\repository\io\cucumber\cucumber-junit-platform-engine\7.17.0\cucumber-junit-platform-engine-7.17.0.jar;C:\Users\USUARIO\.m2\repository\org\junit\platform\junit-platform-suite\1.10.2\junit-platform-suite-1.10.2.jar;C:\Users\USUARIO\.m2\repository\org\junit\platform\junit-platform-suite-api\1.10.2\junit-platform-suite-api-1.10.2.jar;C:\Users\USUARIO\.m2\repository\org\junit\platform\junit-platform-suite-engine\1.10.2\junit-platform-suite-engine-1.10.2.jar;C:\Users\USUARIO\.m2\repository\org\junit\platform\junit-platform-suite-commons\1.10.2\junit-platform-suite-commons-1.10.2.jar;C:\Users\USUARIO\.m2\repository\org\junit\jupiter\junit-jupiter-engine\5.10.2\junit-jupiter-engine-5.10.2.jar;C:\Users\USUARIO\.m2\repository\org\junit\vintage\junit-vintage-engine\5.10.2\junit-vintage-engine-5.10.2.jar;C:\Users\USUARIO\.m2\repository\org\junit\jupiter\junit-jupiter-api\5.10.2\junit-jupiter-api-5.10.2.jar;C:\Users\USUARIO\.m2\repository\org\junit\platform\junit-platform-commons\1.10.2\junit-platform-commons-1.10.2.jar;C:\Users\USUARIO\.m2\repository\ch\qos\logback\logback-classic\1.5.6\logback-classic-1.5.6.jar;C:\Users\USUARIO\.m2\repository\ch\qos\logback\logback-core\1.5.6\logback-core-1.5.6.jar;C:\Users\USUARIO\.m2\repository\org\slf4j\slf4j-api\2.0.13\slf4j-api-2.0.13.jar;C:\Users\USUARIO\.m2\repository\org\assertj\assertj-core\3.25.3\assertj-core-3.25.3.jar;C:\Users\USUARIO\.m2\repository\net\bytebuddy\byte-buddy\1.14.11\byte-buddy-1.14.11.jar;C:\Users\USUARIO\.m2\repository\com\opencsv\opencsv\5.9\opencsv-5.9.jar;C:\Users\USUARIO\.m2\repository\org\apache\commons\commons-text\1.11.0\commons-text-1.11.0.jar;C:\Users\USUARIO\.m2\repository\com\jayway\jsonpath\json-path\2.8.0\json-path-2.8.0.jar;C:\Users\USUARIO\.m2\repository\net\minidev\json-smart\2.4.10\json-smart-2.4.10.jar;C:\Users\USUARIO\.m2\repository\net\minidev\accessors-smart\2.4.9\accessors-smart-2.4.9.jar;C:\Users\USUARIO\.m2\repository\org\ow2\asm\asm\9.3\asm-9.3.jar;"/>
    <property name="java.vm.vendor" value="Oracle Corporation"/>
    <property name="sun.arch.data.model" value="64"/>
    <property name="user.variant" value=""/>
    <property name="java.vendor.url" value="https://java.oracle.com/"/>
    <property name="user.timezone" value="America/Bogota"/>
    <property name="os.name" value="Windows 11"/>
    <property name="java.vm.specification.version" value="22"/>
    <property name="sun.java.launcher" value="SUN_STANDARD"/>
    <property name="user.country" value="CO"/>
    <property name="sun.boot.library.path" value="C:\Program Files\Java\jdk-22\bin"/>
    <property name="sun.java.command" value="C:\Users\USUARIO\AppData\Local\Temp\surefire5237561205363042261\surefirebooter-20240427204156526_5.jar C:\Users\USUARIO\AppData\Local\Temp\surefire5237561205363042261 2024-04-27T20-41-54_787-jvmRun1 surefire-20240427204156526_1tmp surefire_0-20240427204156526_4tmp"/>
    <property name="jdk.debug" value="release"/>
    <property name="surefire.test.class.path" value="C:\Users\USUARIO\OneDrive\Documentos\02 Automatización\03 Pragma\pragma\pragma\target\test-classes;C:\Users\USUARIO\OneDrive\Documentos\02 Automatización\03 Pragma\pragma\pragma\target\pragma-1.0-SNAPSHOT.jar;C:\Users\USUARIO\.m2\repository\net\serenity-bdd\serenity-core\4.0.1\serenity-core-4.0.1.jar;C:\Users\USUARIO\.m2\repository\net\serenity-bdd\serenity-model\4.0.1\serenity-model-4.0.1.jar;C:\Users\USUARIO\.m2\repository\commons-net\commons-net\3.9.0\commons-net-3.9.0.jar;C:\Users\USUARIO\.m2\repository\com\google\guava\guava\32.1.2-jre\guava-32.1.2-jre.jar;C:\Users\USUARIO\.m2\repository\com\google\guava\failureaccess\1.0.1\failureaccess-1.0.1.jar;C:\Users\USUARIO\.m2\repository\com\google\guava\listenablefuture\9999.0-empty-to-avoid-conflict-with-guava\listenablefuture-9999.0-empty-to-avoid-conflict-with-guava.jar;C:\Users\USUARIO\.m2\repository\com\google\code\findbugs\jsr305\3.0.2\jsr305-3.0.2.jar;C:\Users\USUARIO\.m2\repository\org\checkerframework\checker-qual\3.33.0\checker-qual-3.33.0.jar;C:\Users\USUARIO\.m2\repository\com\google\errorprone\error_prone_annotations\2.18.0\error_prone_annotations-2.18.0.jar;C:\Users\USUARIO\.m2\repository\com\google\j2objc\j2objc-annotations\2.8\j2objc-annotations-2.8.jar;C:\Users\USUARIO\.m2\repository\org\jsoup\jsoup\1.15.4\jsoup-1.15.4.jar;C:\Users\USUARIO\.m2\repository\com\thoughtworks\xstream\xstream\1.4.20\xstream-1.4.20.jar;C:\Users\USUARIO\.m2\repository\io\github\x-stream\mxparser\1.2.2\mxparser-1.2.2.jar;C:\Users\USUARIO\.m2\repository\xmlpull\xmlpull\1.1.3.1\xmlpull-1.1.3.1.jar;C:\Users\USUARIO\.m2\repository\com\typesafe\config\1.4.2\config-1.4.2.jar;C:\Users\USUARIO\.m2\repository\org\imgscalr\imgscalr-lib\4.2\imgscalr-lib-4.2.jar;C:\Users\USUARIO\.m2\repository\org\awaitility\awaitility\4.2.0\awaitility-4.2.0.jar;C:\Users\USUARIO\.m2\repository\org\freemarker\freemarker\2.3.31\freemarker-2.3.31.jar;C:\Users\USUARIO\.m2\repository\io\github\classgraph\classgraph\4.8.157\classgraph-4.8.157.jar;C:\Users\USUARIO\.m2\repository\com\github\ben-manes\caffeine\caffeine\2.9.2\caffeine-2.9.2.jar;C:\Users\USUARIO\.m2\repository\org\ehcache\ehcache\3.10.8\ehcache-3.10.8.jar;C:\Users\USUARIO\.m2\repository\javax\cache\cache-api\1.1.0\cache-api-1.1.0.jar;C:\Users\USUARIO\.m2\repository\net\sourceforge\jexcelapi\jxl\2.6.12\jxl-2.6.12.jar;C:\Users\USUARIO\.m2\repository\net\bytebuddy\byte-buddy-agent\1.14.5\byte-buddy-agent-1.14.5.jar;C:\Users\USUARIO\.m2\repository\org\objenesis\objenesis\3.3\objenesis-3.3.jar;C:\Users\USUARIO\.m2\repository\com\vladsch\flexmark\flexmark-all\0.64.8\flexmark-all-0.64.8.jar;C:\Users\USUARIO\.m2\repository\com\vladsch\flexmark\flexmark\0.64.8\flexmark-0.64.8.jar;C:\Users\USUARIO\.m2\repository\com\vladsch\flexmark\flexmark-ext-abbreviation\0.64.8\flexmark-ext-abbreviation-0.64.8.jar;C:\Users\USUARIO\.m2\repository\com\vladsch\flexmark\flexmark-util\0.64.8\flexmark-util-0.64.8.jar;C:\Users\USUARIO\.m2\repository\com\vladsch\flexmark\flexmark-ext-admonition\0.64.8\flexmark-ext-admonition-0.64.8.jar;C:\Users\USUARIO\.m2\repository\com\vladsch\flexmark\flexmark-ext-anchorlink\0.64.8\flexmark-ext-anchorlink-0.64.8.jar;C:\Users\USUARIO\.m2\repository\com\vladsch\flexmark\flexmark-ext-aside\0.64.8\flexmark-ext-aside-0.64.8.jar;C:\Users\USUARIO\.m2\repository\com\vladsch\flexmark\flexmark-ext-attributes\0.64.8\flexmark-ext-attributes-0.64.8.jar;C:\Users\USUARIO\.m2\repository\com\vladsch\flexmark\flexmark-ext-autolink\0.64.8\flexmark-ext-autolink-0.64.8.jar;C:\Users\USUARIO\.m2\repository\org\nibor\autolink\autolink\0.6.0\autolink-0.6.0.jar;C:\Users\USUARIO\.m2\repository\com\vladsch\flexmark\flexmark-ext-definition\0.64.8\flexmark-ext-definition-0.64.8.jar;C:\Users\USUARIO\.m2\repository\com\vladsch\flexmark\flexmark-ext-emoji\0.64.8\flexmark-ext-emoji-0.64.8.jar;C:\Users\USUARIO\.m2\repository\com\vladsch\flexmark\flexmark-ext-enumerated-reference\0.64.8\flexmark-ext-enumerated-reference-0.64.8.jar;C:\Users\USUARIO\.m2\repository\com\vladsch\flexmark\flexmark-ext-escaped-character\0.64.8\flexmark-ext-escaped-character-0.64.8.jar;C:\Users\USUARIO\.m2\repository\com\vladsch\flexmark\flexmark-ext-footnotes\0.64.8\flexmark-ext-footnotes-0.64.8.jar;C:\Users\USUARIO\.m2\repository\com\vladsch\flexmark\flexmark-ext-gfm-issues\0.64.8\flexmark-ext-gfm-issues-0.64.8.jar;C:\Users\USUARIO\.m2\repository\com\vladsch\flexmark\flexmark-ext-gfm-strikethrough\0.64.8\flexmark-ext-gfm-strikethrough-0.64.8.jar;C:\Users\USUARIO\.m2\repository\com\vladsch\flexmark\flexmark-ext-gfm-tasklist\0.64.8\flexmark-ext-gfm-tasklist-0.64.8.jar;C:\Users\USUARIO\.m2\repository\com\vladsch\flexmark\flexmark-ext-gfm-users\0.64.8\flexmark-ext-gfm-users-0.64.8.jar;C:\Users\USUARIO\.m2\repository\com\vladsch\flexmark\flexmark-ext-gitlab\0.64.8\flexmark-ext-gitlab-0.64.8.jar;C:\Users\USUARIO\.m2\repository\com\vladsch\flexmark\flexmark-ext-jekyll-front-matter\0.64.8\flexmark-ext-jekyll-front-matter-0.64.8.jar;C:\Users\USUARIO\.m2\repository\com\vladsch\flexmark\flexmark-ext-jekyll-tag\0.64.8\flexmark-ext-jekyll-tag-0.64.8.jar;C:\Users\USUARIO\.m2\repository\com\vladsch\flexmark\flexmark-ext-media-tags\0.64.8\flexmark-ext-media-tags-0.64.8.jar;C:\Users\USUARIO\.m2\repository\com\vladsch\flexmark\flexmark-ext-resizable-image\0.64.8\flexmark-ext-resizable-image-0.64.8.jar;C:\Users\USUARIO\.m2\repository\com\vladsch\flexmark\flexmark-ext-macros\0.64.8\flexmark-ext-macros-0.64.8.jar;C:\Users\USUARIO\.m2\repository\com\vladsch\flexmark\flexmark-ext-ins\0.64.8\flexmark-ext-ins-0.64.8.jar;C:\Users\USUARIO\.m2\repository\com\vladsch\flexmark\flexmark-ext-xwiki-macros\0.64.8\flexmark-ext-xwiki-macros-0.64.8.jar;C:\Users\USUARIO\.m2\repository\com\vladsch\flexmark\flexmark-ext-superscript\0.64.8\flexmark-ext-superscript-0.64.8.jar;C:\Users\USUARIO\.m2\repository\com\vladsch\flexmark\flexmark-ext-tables\0.64.8\flexmark-ext-tables-0.64.8.jar;C:\Users\USUARIO\.m2\repository\com\vladsch\flexmark\flexmark-ext-toc\0.64.8\flexmark-ext-toc-0.64.8.jar;C:\Users\USUARIO\.m2\repository\com\vladsch\flexmark\flexmark-ext-typographic\0.64.8\flexmark-ext-typographic-0.64.8.jar;C:\Users\USUARIO\.m2\repository\com\vladsch\flexmark\flexmark-ext-wikilink\0.64.8\flexmark-ext-wikilink-0.64.8.jar;C:\Users\USUARIO\.m2\repository\com\vladsch\flexmark\flexmark-ext-yaml-front-matter\0.64.8\flexmark-ext-yaml-front-matter-0.64.8.jar;C:\Users\USUARIO\.m2\repository\com\vladsch\flexmark\flexmark-ext-youtube-embedded\0.64.8\flexmark-ext-youtube-embedded-0.64.8.jar;C:\Users\USUARIO\.m2\repository\com\vladsch\flexmark\flexmark-html2md-converter\0.64.8\flexmark-html2md-converter-0.64.8.jar;C:\Users\USUARIO\.m2\repository\com\vladsch\flexmark\flexmark-jira-converter\0.64.8\flexmark-jira-converter-0.64.8.jar;C:\Users\USUARIO\.m2\repository\com\vladsch\flexmark\flexmark-pdf-converter\0.64.8\flexmark-pdf-converter-0.64.8.jar;C:\Users\USUARIO\.m2\repository\com\openhtmltopdf\openhtmltopdf-core\1.0.10\openhtmltopdf-core-1.0.10.jar;C:\Users\USUARIO\.m2\repository\com\openhtmltopdf\openhtmltopdf-pdfbox\1.0.10\openhtmltopdf-pdfbox-1.0.10.jar;C:\Users\USUARIO\.m2\repository\org\apache\pdfbox\pdfbox\2.0.24\pdfbox-2.0.24.jar;C:\Users\USUARIO\.m2\repository\org\apache\pdfbox\fontbox\2.0.24\fontbox-2.0.24.jar;C:\Users\USUARIO\.m2\repository\org\apache\pdfbox\xmpbox\2.0.24\xmpbox-2.0.24.jar;C:\Users\USUARIO\.m2\repository\de\rototor\pdfbox\graphics2d\0.32\graphics2d-0.32.jar;C:\Users\USUARIO\.m2\repository\com\openhtmltopdf\openhtmltopdf-rtl-support\1.0.10\openhtmltopdf-rtl-support-1.0.10.jar;C:\Users\USUARIO\.m2\repository\com\vladsch\flexmark\flexmark-profile-pegdown\0.64.8\flexmark-profile-pegdown-0.64.8.jar;C:\Users\USUARIO\.m2\repository\com\vladsch\flexmark\flexmark-util-ast\0.64.8\flexmark-util-ast-0.64.8.jar;C:\Users\USUARIO\.m2\repository\com\vladsch\flexmark\flexmark-util-builder\0.64.8\flexmark-util-builder-0.64.8.jar;C:\Users\USUARIO\.m2\repository\com\vladsch\flexmark\flexmark-util-collection\0.64.8\flexmark-util-collection-0.64.8.jar;C:\Users\USUARIO\.m2\repository\com\vladsch\flexmark\flexmark-util-data\0.64.8\flexmark-util-data-0.64.8.jar;C:\Users\USUARIO\.m2\repository\com\vladsch\flexmark\flexmark-util-dependency\0.64.8\flexmark-util-dependency-0.64.8.jar;C:\Users\USUARIO\.m2\repository\com\vladsch\flexmark\flexmark-util-format\0.64.8\flexmark-util-format-0.64.8.jar;C:\Users\USUARIO\.m2\repository\com\vladsch\flexmark\flexmark-util-html\0.64.8\flexmark-util-html-0.64.8.jar;C:\Users\USUARIO\.m2\repository\com\vladsch\flexmark\flexmark-util-misc\0.64.8\flexmark-util-misc-0.64.8.jar;C:\Users\USUARIO\.m2\repository\com\vladsch\flexmark\flexmark-util-options\0.64.8\flexmark-util-options-0.64.8.jar;C:\Users\USUARIO\.m2\repository\com\vladsch\flexmark\flexmark-util-sequence\0.64.8\flexmark-util-sequence-0.64.8.jar;C:\Users\USUARIO\.m2\repository\com\vladsch\flexmark\flexmark-util-visitor\0.64.8\flexmark-util-visitor-0.64.8.jar;C:\Users\USUARIO\.m2\repository\com\vladsch\flexmark\flexmark-youtrack-converter\0.64.8\flexmark-youtrack-converter-0.64.8.jar;C:\Users\USUARIO\.m2\repository\net\serenity-bdd\serenity-reports\4.0.1\serenity-reports-4.0.1.jar;C:\Users\USUARIO\.m2\repository\net\serenity-bdd\serenity-stats\4.0.1\serenity-stats-4.0.1.jar;C:\Users\USUARIO\.m2\repository\net\serenity-bdd\serenity-reports-configuration\4.0.1\serenity-reports-configuration-4.0.1.jar;C:\Users\USUARIO\.m2\repository\com\ibm\icu\icu4j\72.1\icu4j-72.1.jar;C:\Users\USUARIO\.m2\repository\es\nitaur\markdown\txtmark\0.16\txtmark-0.16.jar;C:\Users\USUARIO\.m2\repository\net\serenity-bdd\serenity-report-resources\4.0.1\serenity-report-resources-4.0.1.jar;C:\Users\USUARIO\.m2\repository\com\google\code\gson\gson\2.10.1\gson-2.10.1.jar;C:\Users\USUARIO\.m2\repository\com\fasterxml\jackson\core\jackson-core\2.15.2\jackson-core-2.15.2.jar;C:\Users\USUARIO\.m2\repository\com\fasterxml\jackson\core\jackson-databind\2.15.2\jackson-databind-2.15.2.jar;C:\Users\USUARIO\.m2\repository\com\fasterxml\jackson\core\jackson-annotations\2.15.2\jackson-annotations-2.15.2.jar;C:\Users\USUARIO\.m2\repository\commons-codec\commons-codec\1.16.0\commons-codec-1.16.0.jar;C:\Users\USUARIO\.m2\repository\commons-io\commons-io\2.11.0\commons-io-2.11.0.jar;C:\Users\USUARIO\.m2\repository\org\apache\httpcomponents\httpclient\4.5.13\httpclient-4.5.13.jar;C:\Users\USUARIO\.m2\repository\org\apache\httpcomponents\httpcore\4.4.13\httpcore-4.4.13.jar;C:\Users\USUARIO\.m2\repository\commons-logging\commons-logging\1.2\commons-logging-1.2.jar;C:\Users\USUARIO\.m2\repository\org\seleniumhq\selenium\selenium-java\4.12.0\selenium-java-4.12.0.jar;C:\Users\USUARIO\.m2\repository\org\seleniumhq\selenium\selenium-devtools-v114\4.12.0\selenium-devtools-v114-4.12.0.jar;C:\Users\USUARIO\.m2\repository\org\seleniumhq\selenium\selenium-devtools-v115\4.12.0\selenium-devtools-v115-4.12.0.jar;C:\Users\USUARIO\.m2\repository\org\seleniumhq\selenium\selenium-devtools-v116\4.12.0\selenium-devtools-v116-4.12.0.jar;C:\Users\USUARIO\.m2\repository\org\seleniumhq\selenium\selenium-devtools-v85\4.12.0\selenium-devtools-v85-4.12.0.jar;C:\Users\USUARIO\.m2\repository\org\seleniumhq\selenium\selenium-remote-driver\4.12.0\selenium-remote-driver-4.12.0.jar;C:\Users\USUARIO\.m2\repository\io\netty\netty-buffer\4.1.96.Final\netty-buffer-4.1.96.Final.jar;C:\Users\USUARIO\.m2\repository\io\netty\netty-codec-http\4.1.96.Final\netty-codec-http-4.1.96.Final.jar;C:\Users\USUARIO\.m2\repository\io\netty\netty-codec\4.1.96.Final\netty-codec-4.1.96.Final.jar;C:\Users\USUARIO\.m2\repository\io\netty\netty-handler\4.1.96.Final\netty-handler-4.1.96.Final.jar;C:\Users\USUARIO\.m2\repository\io\netty\netty-common\4.1.96.Final\netty-common-4.1.96.Final.jar;C:\Users\USUARIO\.m2\repository\io\netty\netty-transport-classes-epoll\4.1.96.Final\netty-transport-classes-epoll-4.1.96.Final.jar;C:\Users\USUARIO\.m2\repository\io\netty\netty-transport-classes-kqueue\4.1.96.Final\netty-transport-classes-kqueue-4.1.96.Final.jar;C:\Users\USUARIO\.m2\repository\io\netty\netty-transport-native-epoll\4.1.96.Final\netty-transport-native-epoll-4.1.96.Final.jar;C:\Users\USUARIO\.m2\repository\io\netty\netty-transport-native-kqueue\4.1.96.Final\netty-transport-native-kqueue-4.1.96.Final.jar;C:\Users\USUARIO\.m2\repository\io\netty\netty-transport-native-unix-common\4.1.96.Final\netty-transport-native-unix-common-4.1.96.Final.jar;C:\Users\USUARIO\.m2\repository\io\netty\netty-transport\4.1.96.Final\netty-transport-4.1.96.Final.jar;C:\Users\USUARIO\.m2\repository\io\netty\netty-resolver\4.1.96.Final\netty-resolver-4.1.96.Final.jar;C:\Users\USUARIO\.m2\repository\io\opentelemetry\opentelemetry-api\1.28.0\opentelemetry-api-1.28.0.jar;C:\Users\USUARIO\.m2\repository\io\opentelemetry\opentelemetry-context\1.28.0\opentelemetry-context-1.28.0.jar;C:\Users\USUARIO\.m2\repository\io\opentelemetry\opentelemetry-exporter-logging\1.28.0\opentelemetry-exporter-logging-1.28.0.jar;C:\Users\USUARIO\.m2\repository\io\opentelemetry\opentelemetry-sdk-metrics\1.28.0\opentelemetry-sdk-metrics-1.28.0.jar;C:\Users\USUARIO\.m2\repository\io\opentelemetry\opentelemetry-extension-incubator\1.28.0-alpha\opentelemetry-extension-incubator-1.28.0-alpha.jar;C:\Users\USUARIO\.m2\repository\io\opentelemetry\opentelemetry-sdk-logs\1.28.0\opentelemetry-sdk-logs-1.28.0.jar;C:\Users\USUARIO\.m2\repository\io\opentelemetry\opentelemetry-sdk-common\1.28.0\opentelemetry-sdk-common-1.28.0.jar;C:\Users\USUARIO\.m2\repository\io\opentelemetry\opentelemetry-sdk-extension-autoconfigure-spi\1.28.0\opentelemetry-sdk-extension-autoconfigure-spi-1.28.0.jar;C:\Users\USUARIO\.m2\repository\io\opentelemetry\opentelemetry-sdk-extension-autoconfigure\1.28.0\opentelemetry-sdk-extension-autoconfigure-1.28.0.jar;C:\Users\USUARIO\.m2\repository\io\opentelemetry\opentelemetry-api-events\1.28.0-alpha\opentelemetry-api-events-1.28.0-alpha.jar;C:\Users\USUARIO\.m2\repository\io\opentelemetry\opentelemetry-sdk-trace\1.28.0\opentelemetry-sdk-trace-1.28.0.jar;C:\Users\USUARIO\.m2\repository\io\opentelemetry\opentelemetry-sdk\1.28.0\opentelemetry-sdk-1.28.0.jar;C:\Users\USUARIO\.m2\repository\io\opentelemetry\opentelemetry-semconv\1.28.0-alpha\opentelemetry-semconv-1.28.0-alpha.jar;C:\Users\USUARIO\.m2\repository\org\asynchttpclient\async-http-client\2.12.3\async-http-client-2.12.3.jar;C:\Users\USUARIO\.m2\repository\org\asynchttpclient\async-http-client-netty-utils\2.12.3\async-http-client-netty-utils-2.12.3.jar;C:\Users\USUARIO\.m2\repository\io\netty\netty-codec-socks\4.1.60.Final\netty-codec-socks-4.1.60.Final.jar;C:\Users\USUARIO\.m2\repository\io\netty\netty-handler-proxy\4.1.60.Final\netty-handler-proxy-4.1.60.Final.jar;C:\Users\USUARIO\.m2\repository\io\netty\netty-transport-native-epoll\4.1.60.Final\netty-transport-native-epoll-4.1.60.Final-linux-x86_64.jar;C:\Users\USUARIO\.m2\repository\io\netty\netty-transport-native-kqueue\4.1.60.Final\netty-transport-native-kqueue-4.1.60.Final-osx-x86_64.jar;C:\Users\USUARIO\.m2\repository\org\reactivestreams\reactive-streams\1.0.3\reactive-streams-1.0.3.jar;C:\Users\USUARIO\.m2\repository\com\typesafe\netty\netty-reactive-streams\2.0.4\netty-reactive-streams-2.0.4.jar;C:\Users\USUARIO\.m2\repository\org\seleniumhq\selenium\selenium-os\4.12.0\selenium-os-4.12.0.jar;C:\Users\USUARIO\.m2\repository\org\apache\commons\commons-exec\1.3\commons-exec-1.3.jar;C:\Users\USUARIO\.m2\repository\org\seleniumhq\selenium\selenium-safari-driver\4.12.0\selenium-safari-driver-4.12.0.jar;C:\Users\USUARIO\.m2\repository\org\seleniumhq\selenium\selenium-api\4.12.0\selenium-api-4.12.0.jar;C:\Users\USUARIO\.m2\repository\org\seleniumhq\selenium\selenium-support\4.12.0\selenium-support-4.12.0.jar;C:\Users\USUARIO\.m2\repository\com\google\auto\service\auto-service-annotations\1.1.1\auto-service-annotations-1.1.1.jar;C:\Users\USUARIO\.m2\repository\org\seleniumhq\selenium\selenium-json\4.12.0\selenium-json-4.12.0.jar;C:\Users\USUARIO\.m2\repository\org\seleniumhq\selenium\selenium-chrome-driver\4.12.0\selenium-chrome-driver-4.12.0.jar;C:\Users\USUARIO\.m2\repository\org\seleniumhq\selenium\selenium-chromium-driver\4.12.0\selenium-chromium-driver-4.12.0.jar;C:\Users\USUARIO\.m2\repository\org\seleniumhq\selenium\selenium-manager\4.12.0\selenium-manager-4.12.0.jar;C:\Users\USUARIO\.m2\repository\org\seleniumhq\selenium\selenium-firefox-driver\4.12.0\selenium-firefox-driver-4.12.0.jar;C:\Users\USUARIO\.m2\repository\org\seleniumhq\selenium\selenium-http\4.12.0\selenium-http-4.12.0.jar;C:\Users\USUARIO\.m2\repository\dev\failsafe\failsafe\3.3.2\failsafe-3.3.2.jar;C:\Users\USUARIO\.m2\repository\org\seleniumhq\selenium\selenium-edge-driver\4.12.0\selenium-edge-driver-4.12.0.jar;C:\Users\USUARIO\.m2\repository\org\seleniumhq\selenium\selenium-ie-driver\4.12.0\selenium-ie-driver-4.12.0.jar;C:\Users\USUARIO\.m2\repository\org\projectlombok\lombok\1.18.20\lombok-1.18.20.jar;C:\Users\USUARIO\.m2\repository\org\htmlunit\htmlunit\3.4.0\htmlunit-3.4.0.jar;C:\Users\USUARIO\.m2\repository\org\htmlunit\htmlunit-core-js\3.4.0\htmlunit-core-js-3.4.0.jar;C:\Users\USUARIO\.m2\repository\org\htmlunit\neko-htmlunit\3.4.0\neko-htmlunit-3.4.0.jar;C:\Users\USUARIO\.m2\repository\org\htmlunit\htmlunit-cssparser\3.4.0\htmlunit-cssparser-3.4.0.jar;C:\Users\USUARIO\.m2\repository\org\htmlunit\htmlunit-xpath\3.4.0\htmlunit-xpath-3.4.0.jar;C:\Users\USUARIO\.m2\repository\org\brotli\dec\0.1.2\dec-0.1.2.jar;C:\Users\USUARIO\.m2\repository\com\shapesecurity\salvation2\3.0.1\salvation2-3.0.1.jar;C:\Users\USUARIO\.m2\repository\org\eclipse\jetty\websocket\websocket-client\9.4.51.v20230217\websocket-client-9.4.51.v20230217.jar;C:\Users\USUARIO\.m2\repository\org\eclipse\jetty\jetty-client\9.4.51.v20230217\jetty-client-9.4.51.v20230217.jar;C:\Users\USUARIO\.m2\repository\org\eclipse\jetty\jetty-http\9.4.51.v20230217\jetty-http-9.4.51.v20230217.jar;C:\Users\USUARIO\.m2\repository\org\eclipse\jetty\jetty-util\9.4.51.v20230217\jetty-util-9.4.51.v20230217.jar;C:\Users\USUARIO\.m2\repository\org\eclipse\jetty\jetty-io\9.4.51.v20230217\jetty-io-9.4.51.v20230217.jar;C:\Users\USUARIO\.m2\repository\org\eclipse\jetty\websocket\websocket-common\9.4.51.v20230217\websocket-common-9.4.51.v20230217.jar;C:\Users\USUARIO\.m2\repository\org\eclipse\jetty\websocket\websocket-api\9.4.51.v20230217\websocket-api-9.4.51.v20230217.jar;C:\Users\USUARIO\.m2\repository\org\seleniumhq\selenium\htmlunit3-driver\4.10.0\htmlunit3-driver-4.10.0.jar;C:\Users\USUARIO\.m2\repository\io\appium\java-client\8.3.0\java-client-8.3.0.jar;C:\Users\USUARIO\.m2\repository\commons-validator\commons-validator\1.7\commons-validator-1.7.jar;C:\Users\USUARIO\.m2\repository\commons-digester\commons-digester\2.1\commons-digester-2.1.jar;C:\Users\USUARIO\.m2\repository\org\apache\groovy\groovy\4.0.13\groovy-4.0.13.jar;C:\Users\USUARIO\.m2\repository\net\sf\opencsv\opencsv\2.0\opencsv-2.0.jar;C:\Users\USUARIO\.m2\repository\commons-beanutils\commons-beanutils\1.9.4\commons-beanutils-1.9.4.jar;C:\Users\USUARIO\.m2\repository\commons-collections\commons-collections\3.2.2\commons-collections-3.2.2.jar;C:\Users\USUARIO\.m2\repository\org\apache\commons\commons-lang3\3.13.0\commons-lang3-3.13.0.jar;C:\Users\USUARIO\.m2\repository\org\apache\commons\commons-collections4\4.4\commons-collections4-4.4.jar;C:\Users\USUARIO\.m2\repository\org\apache\commons\commons-compress\1.23.0\commons-compress-1.23.0.jar;C:\Users\USUARIO\.m2\repository\org\fluentlenium\fluentlenium-core\0.10.2\fluentlenium-core-0.10.2.jar;C:\Users\USUARIO\.m2\repository\com\jhlabs\filters\2.0.235\filters-2.0.235.jar;C:\Users\USUARIO\.m2\repository\com\paulhammant\ngwebdriver\1.1.6\ngwebdriver-1.1.6.jar;C:\Users\USUARIO\.m2\repository\joda-time\joda-time\2.12.2\joda-time-2.12.2.jar;C:\Users\USUARIO\.m2\repository\org\hamcrest\hamcrest\2.2\hamcrest-2.2.jar;C:\Users\USUARIO\.m2\repository\com\google\jimfs\jimfs\1.3.0\jimfs-1.3.0.jar;C:\Users\USUARIO\.m2\repository\org\mockito\mockito-core\3.3.3\mockito-core-3.3.3.jar;C:\Users\USUARIO\.m2\repository\javax\xml\bind\jaxb-api\2.3.1\jaxb-api-2.3.1.jar;C:\Users\USUARIO\.m2\repository\javax\activation\javax.activation-api\1.2.0\javax.activation-api-1.2.0.jar;C:\Users\USUARIO\.m2\repository\com\sun\xml\bind\jaxb-core\2.3.0.1\jaxb-core-2.3.0.1.jar;C:\Users\USUARIO\.m2\repository\com\sun\xml\bind\jaxb-impl\2.3.3\jaxb-impl-2.3.3.jar;C:\Users\USUARIO\.m2\repository\com\sun\activation\jakarta.activation\1.2.2\jakarta.activation-1.2.2.jar;C:\Users\USUARIO\.m2\repository\javax\activation\activation\1.1.1\activation-1.1.1.jar;C:\Users\USUARIO\.m2\repository\net\serenity-bdd\serenity-cucumber\4.0.1\serenity-cucumber-4.0.1.jar;C:\Users\USUARIO\.m2\repository\io\cucumber\cucumber-core\7.13.0\cucumber-core-7.13.0.jar;C:\Users\USUARIO\.m2\repository\io\cucumber\cucumber-gherkin\7.13.0\cucumber-gherkin-7.13.0.jar;C:\Users\USUARIO\.m2\repository\io\cucumber\cucumber-gherkin-messages\7.13.0\cucumber-gherkin-messages-7.13.0.jar;C:\Users\USUARIO\.m2\repository\io\cucumber\gherkin\26.2.0\gherkin-26.2.0.jar;C:\Users\USUARIO\.m2\repository\io\cucumber\messages\22.0.0\messages-22.0.0.jar;C:\Users\USUARIO\.m2\repository\io\cucumber\tag-expressions\5.0.1\tag-expressions-5.0.1.jar;C:\Users\USUARIO\.m2\repository\io\cucumber\cucumber-expressions\16.1.2\cucumber-expressions-16.1.2.jar;C:\Users\USUARIO\.m2\repository\io\cucumber\datatable\7.13.0\datatable-7.13.0.jar;C:\Users\USUARIO\.m2\repository\io\cucumber\cucumber-plugin\7.13.0\cucumber-plugin-7.13.0.jar;C:\Users\USUARIO\.m2\repository\io\cucumber\docstring\7.13.0\docstring-7.13.0.jar;C:\Users\USUARIO\.m2\repository\io\cucumber\html-formatter\20.3.1\html-formatter-20.3.1.jar;C:\Users\USUARIO\.m2\repository\io\cucumber\junit-xml-formatter\0.2.0\junit-xml-formatter-0.2.0.jar;C:\Users\USUARIO\.m2\repository\io\cucumber\ci-environment\9.2.0\ci-environment-9.2.0.jar;C:\Users\USUARIO\.m2\repository\io\cucumber\cucumber-java\7.13.0\cucumber-java-7.13.0.jar;C:\Users\USUARIO\.m2\repository\io\cucumber\cucumber-junit\7.13.0\cucumber-junit-7.13.0.jar;C:\Users\USUARIO\.m2\repository\org\apache\commons\commons-csv\1.5\commons-csv-1.5.jar;C:\Users\USUARIO\.m2\repository\net\serenity-bdd\serenity-screenplay\4.0.1\serenity-screenplay-4.0.1.jar;C:\Users\USUARIO\.m2\repository\net\serenity-bdd\serenity-screenplay-webdriver\4.0.1\serenity-screenplay-webdriver-4.0.1.jar;C:\Users\USUARIO\.m2\repository\net\serenity-bdd\serenity-ensure\4.0.1\serenity-ensure-4.0.1.jar;C:\Users\USUARIO\.m2\repository\org\jetbrains\kotlin\kotlin-stdlib\1.9.0\kotlin-stdlib-1.9.0.jar;C:\Users\USUARIO\.m2\repository\org\jetbrains\kotlin\kotlin-stdlib-common\1.9.0\kotlin-stdlib-common-1.9.0.jar;C:\Users\USUARIO\.m2\repository\org\jetbrains\annotations\13.0\annotations-13.0.jar;C:\Users\USUARIO\.m2\repository\net\serenity-bdd\serenity-rest-assured\4.0.1\serenity-rest-assured-4.0.1.jar;C:\Users\USUARIO\.m2\repository\org\apache\groovy\groovy-json\4.0.13\groovy-json-4.0.13.jar;C:\Users\USUARIO\.m2\repository\org\apache\groovy\groovy-xml\4.0.13\groovy-xml-4.0.13.jar;C:\Users\USUARIO\.m2\repository\org\opentest4j\opentest4j\1.2.0\opentest4j-1.2.0.jar;C:\Users\USUARIO\.m2\repository\net\serenity-bdd\serenity-junit5\4.0.1\serenity-junit5-4.0.1.jar;C:\Users\USUARIO\.m2\repository\org\junit\jupiter\junit-jupiter-params\5.10.0\junit-jupiter-params-5.10.0.jar;C:\Users\USUARIO\.m2\repository\io\rest-assured\rest-assured\5.4.0\rest-assured-5.4.0.jar;C:\Users\USUARIO\.m2\repository\org\apache\httpcomponents\httpmime\4.5.13\httpmime-4.5.13.jar;C:\Users\USUARIO\.m2\repository\org\ccil\cowan\tagsoup\tagsoup\1.2.1\tagsoup-1.2.1.jar;C:\Users\USUARIO\.m2\repository\io\rest-assured\json-path\5.4.0\json-path-5.4.0.jar;C:\Users\USUARIO\.m2\repository\io\rest-assured\rest-assured-common\5.4.0\rest-assured-common-5.4.0.jar;C:\Users\USUARIO\.m2\repository\io\rest-assured\xml-path\5.4.0\xml-path-5.4.0.jar;C:\Users\USUARIO\.m2\repository\org\json\json\20240303\json-20240303.jar;C:\Users\USUARIO\.m2\repository\net\serenity-bdd\serenity-junit\4.0.1\serenity-junit-4.0.1.jar;C:\Users\USUARIO\.m2\repository\junit\junit\4.13.2\junit-4.13.2.jar;C:\Users\USUARIO\.m2\repository\jakarta\xml\bind\jakarta.xml.bind-api\4.0.0\jakarta.xml.bind-api-4.0.0.jar;C:\Users\USUARIO\.m2\repository\jakarta\activation\jakarta.activation-api\2.1.0\jakarta.activation-api-2.1.0.jar;C:\Users\USUARIO\.m2\repository\org\junit\platform\junit-platform-launcher\1.10.2\junit-platform-launcher-1.10.2.jar;C:\Users\USUARIO\.m2\repository\org\junit\platform\junit-platform-engine\1.10.2\junit-platform-engine-1.10.2.jar;C:\Users\USUARIO\.m2\repository\org\apiguardian\apiguardian-api\1.1.2\apiguardian-api-1.1.2.jar;C:\Users\USUARIO\.m2\repository\io\cucumber\cucumber-junit-platform-engine\7.17.0\cucumber-junit-platform-engine-7.17.0.jar;C:\Users\USUARIO\.m2\repository\org\junit\platform\junit-platform-suite\1.10.2\junit-platform-suite-1.10.2.jar;C:\Users\USUARIO\.m2\repository\org\junit\platform\junit-platform-suite-api\1.10.2\junit-platform-suite-api-1.10.2.jar;C:\Users\USUARIO\.m2\repository\org\junit\platform\junit-platform-suite-engine\1.10.2\junit-platform-suite-engine-1.10.2.jar;C:\Users\USUARIO\.m2\repository\org\junit\platform\junit-platform-suite-commons\1.10.2\junit-platform-suite-commons-1.10.2.jar;C:\Users\USUARIO\.m2\repository\org\junit\jupiter\junit-jupiter-engine\5.10.2\junit-jupiter-engine-5.10.2.jar;C:\Users\USUARIO\.m2\repository\org\junit\vintage\junit-vintage-engine\5.10.2\junit-vintage-engine-5.10.2.jar;C:\Users\USUARIO\.m2\repository\org\junit\jupiter\junit-jupiter-api\5.10.2\junit-jupiter-api-5.10.2.jar;C:\Users\USUARIO\.m2\repository\org\junit\platform\junit-platform-commons\1.10.2\junit-platform-commons-1.10.2.jar;C:\Users\USUARIO\.m2\repository\ch\qos\logback\logback-classic\1.5.6\logback-classic-1.5.6.jar;C:\Users\USUARIO\.m2\repository\ch\qos\logback\logback-core\1.5.6\logback-core-1.5.6.jar;C:\Users\USUARIO\.m2\repository\org\slf4j\slf4j-api\2.0.13\slf4j-api-2.0.13.jar;C:\Users\USUARIO\.m2\repository\org\assertj\assertj-core\3.25.3\assertj-core-3.25.3.jar;C:\Users\USUARIO\.m2\repository\net\bytebuddy\byte-buddy\1.14.11\byte-buddy-1.14.11.jar;C:\Users\USUARIO\.m2\repository\com\opencsv\opencsv\5.9\opencsv-5.9.jar;C:\Users\USUARIO\.m2\repository\org\apache\commons\commons-text\1.11.0\commons-text-1.11.0.jar;C:\Users\USUARIO\.m2\repository\com\jayway\jsonpath\json-path\2.8.0\json-path-2.8.0.jar;C:\Users\USUARIO\.m2\repository\net\minidev\json-smart\2.4.10\json-smart-2.4.10.jar;C:\Users\USUARIO\.m2\repository\net\minidev\accessors-smart\2.4.9\accessors-smart-2.4.9.jar;C:\Users\USUARIO\.m2\repository\org\ow2\asm\asm\9.3\asm-9.3.jar;"/>
    <property name="sun.cpu.endian" value="little"/>
    <property name="user.home" value="C:\Users\USUARIO"/>
    <property name="user.language" value="es"/>
    <property name="java.specification.vendor" value="Oracle Corporation"/>
    <property name="java.version.date" value="2024-03-19"/>
    <property name="java.home" value="C:\Program Files\Java\jdk-22"/>
    <property name="file.separator" value="\"/>
    <property name="basedir" value="C:\Users\USUARIO\OneDrive\Documentos\02 Automatización\03 Pragma\pragma\pragma"/>
    <property name="java.vm.compressedOopsMode" value="Zero based"/>
    <property name="line.separator" value="&#10;"/>
    <property name="java.vm.specification.vendor" value="Oracle Corporation"/>
    <property name="java.specification.name" value="Java Platform API Specification"/>
    <property name="surefire.real.class.path" value="C:\Users\USUARIO\AppData\Local\Temp\surefire5237561205363042261\surefirebooter-20240427204156526_5.jar"/>
    <property name="user.script" value=""/>
    <property name="java.protocol.handler.pkgs" value="com.google.common"/>
    <property name="sun.management.compiler" value="HotSpot 64-Bit Tiered Compilers"/>
    <property name="java.runtime.version" value="22+36-2370"/>
    <property name="user.name" value="USUARIO"/>
    <property name="stdout.encoding" value="Cp1252"/>
    <property name="path.separator" value=";"/>
    <property name="os.version" value="10.0"/>
    <property name="java.runtime.name" value="Java(TM) SE Runtime Environment"/>
    <property name="file.encoding" value="UTF-8"/>
    <property name="java.vm.name" value="Java HotSpot(TM) 64-Bit Server VM"/>
    <property name="localRepository" value="C:\Users\USUARIO\.m2\repository"/>
    <property name="java.vendor.url.bug" value="https://bugreport.java.com/bugreport/"/>
    <property name="java.io.tmpdir" value="C:\Users\USUARIO\AppData\Local\Temp\"/>
    <property name="java.version" value="22"/>
    <property name="user.dir" value="C:\Users\USUARIO\OneDrive\Documentos\02 Automatización\03 Pragma\pragma\pragma"/>
    <property name="os.arch" value="amd64"/>
    <property name="java.vm.specification.name" value="Java Virtual Machine Specification"/>
    <property name="sun.os.patch.level" value=""/>
    <property name="native.encoding" value="Cp1252"/>
    <property name="java.library.path" value="C:\Program Files\Java\jdk-22\bin;C:\Windows\Sun\Java\bin;C:\Windows\system32;C:\Windows;C:\ProgramData\Oracle\Java\javapath;C:\Program Files\Common Files\Oracle\Java\javapath;C:\Windows\system32;C:\Windows;C:\Windows\System32\Wbem;C:\Windows\System32\WindowsPowerShell\v1.0\;C:\Windows\System32\OpenSSH\;C:\Program Files\dotnet\;C:\Program Files\Git\cmd;C:\Program Files\Java\jdk-22\bin;C:\Program Files\apache-maven-3.9.6\bin;C:\ProgramData\chocolatey\bin;C:\Users\USUARIO\AppData\Local\Android\Sdk\platform-tools;C:\Users\USUARIO\AppData\Local\Android\Sdk\tools;C:\Program Files\nodejs\;C:\Users\USUARIO\AppData\Local\Android\Sdk\tools\bin;C:\Users\USUARIO\AppData\Local\Microsoft\WindowsApps;C:\Users\USUARIO\AppData\Local\Programs\Microsoft VS Code\bin;C:\Users\USUARIO\AppData\Roaming\npm;."/>
    <property name="junit.jupiter.extensions.autodetection.enabled" value="true"/>
    <property name="java.vm.info" value="mixed mode, sharing"/>
    <property name="stderr.encoding" value="Cp1252"/>
    <property name="java.vendor" value="Oracle Corporation"/>
    <property name="java.vm.version" value="22+36-2370"/>
    <property name="sun.io.unicode.encoding" value="UnicodeLittle"/>
    <property name="java.class.version" value="66.0"/>
  </properties>
  <testcase name="Agregar un producto al carrito de compra" classname="Test agregar productos al carrito de compra en el portal" time="25.904">
    <system-out><![CDATA[20:41:58.401 [main] DEBUG io.cucumber.core.plugin.SerenityReporter -- Running feature from file:///C:/Users/USUARIO/OneDrive/Documentos/02%20Automatización/03%20Pragma/pragma/pragma/src/test/resources/features/AgregarProductosCarrito.feature
20:41:58.453 [main] INFO  -- &amp#27;[96m

-------------------------------------------------------------------------------------
     _______. _______ .______       _______ .__   __.  __  .___________.____    ____ 
    /       ||   ____||   _  \     |   ____||  \ |  | |  | |           |\   \  /   / 
   |   (----`|  |__   |  |_)  |    |  |__   |   \|  | |  | `---|  |----` \   \/   /  
    \   \    |   __|  |      /     |   __|  |  . `  | |  |     |  |       \_    _/   
.----)   |   |  |____ |  |\  \----.|  |____ |  |\   | |  |     |  |         |  |     
|_______/    |_______|| _| `._____||_______||__| \__| |__|     |__|         |__|    
                                                                                     
 News and tutorials at http://www.serenity-bdd.info                                  
 Documentation at https://wakaleo.gitbooks.io/the-serenity-book/content/             
 Join the Serenity Community on Gitter: https://gitter.im/serenity-bdd/serenity-core 
 Serenity BDD Support and Training at http://serenity-bdd.info/#/trainingandsupport  
-------------------------------------------------------------------------------------
&amp#27;[0m
20:41:58.458 [main] DEBUG net.thucydides.core.steps.StepEventBus -- Test suite started for story net.thucydides.model.domain.Story@2f237240
20:41:58.458 [main] INFO  -- Test Suite Started: Test agregar productos al carrito de compra en el portal
20:41:58.503 [main] DEBUG io.cucumber.core.plugin.SerenityReporter -- Running feature from file:///C:/Users/USUARIO/OneDrive/Documentos/02%20Automatización/03%20Pragma/pragma/pragma/src/test/resources/features/AgregarProductosCarrito.feature
20:41:58.503 [main] DEBUG net.thucydides.core.steps.StepEventBus -- Test suite started for story net.thucydides.model.domain.Story@2f237240
20:41:58.503 [main] INFO  -- Test Suite Started: Test agregar productos al carrito de compra en el portal
20:41:58.585 [main] DEBUG io.cucumber.core.plugin.SerenityReporter -- Running feature from file:///C:/Users/USUARIO/OneDrive/Documentos/02%20Automatización/03%20Pragma/pragma/pragma/src/test/resources/features/AgregarProductosCarrito.feature
20:41:58.601 [main] INFO  -- 
  _____   ___   ___   _____     ___   _____     _     ___   _____   ___   ___  
 |_   _| | __| / __| |_   _|   / __| |_   _|   /_\   | _ \ |_   _| | __| |   \ 
   | |   | _|  \__ \   | |     \__ \   | |    / _ \  |   /   | |   | _|  | |) |
   |_|   |___| |___/   |_|     |___/   |_|   /_/ \_\ |_|_\   |_|   |___| |___/ 

Agregar un producto al carrito de compra(test-agregar-productos-al-carrito-de-compra-en-el-portal;agregar-un-producto-al-carrito-de-compra)
--------------------------------------------------------------------------------
20:41:58.991 [main] DEBUG net.thucydides.core.steps.StepInterceptor -- STARTING STEP: StepInterceptor.testContext - ingresarAlPortal
20:41:59.023 [main] WARN net.serenitybdd.model.buildinfo.PropertyBasedDriverCapabilityRecord -- Failed to store browser configuration for {moz:debuggerAddress=true, acceptInsecureCerts=true, browserName=firefox, moz:firefoxOptions={args=[], log={level=error}}}
20:41:59.486 [main] DEBUG io.netty.util.internal.logging.InternalLoggerFactory -- Using SLF4J as the default logging framework
20:41:59.501 [main] DEBUG io.netty.util.ResourceLeakDetector -- -Dio.netty.leakDetection.level: simple
20:41:59.501 [main] DEBUG io.netty.util.ResourceLeakDetector -- -Dio.netty.leakDetection.targetRecords: 4
20:41:59.503 [main] DEBUG io.netty.util.ResourceLeakDetectorFactory -- Loaded default ResourceLeakDetector: io.netty.util.ResourceLeakDetector@42ed89da
20:41:59.503 [main] DEBUG io.netty.util.internal.PlatformDependent0 -- -Dio.netty.noUnsafe: false
20:41:59.503 [main] DEBUG io.netty.util.internal.PlatformDependent0 -- Java version: 22
20:41:59.503 [main] DEBUG io.netty.util.internal.PlatformDependent0 -- sun.misc.Unsafe.theUnsafe: available
20:41:59.503 [main] DEBUG io.netty.util.internal.PlatformDependent0 -- sun.misc.Unsafe.copyMemory: available
20:41:59.503 [main] DEBUG io.netty.util.internal.PlatformDependent0 -- sun.misc.Unsafe.storeFence: available
20:41:59.503 [main] DEBUG io.netty.util.internal.PlatformDependent0 -- java.nio.Buffer.address: available
20:41:59.503 [main] DEBUG io.netty.util.internal.PlatformDependent0 -- direct buffer constructor: unavailable: Reflective setAccessible(true) disabled
20:41:59.503 [main] DEBUG io.netty.util.internal.PlatformDependent0 -- java.nio.Bits.unaligned: available, true
20:41:59.516 [main] DEBUG io.netty.util.internal.PlatformDependent0 -- jdk.internal.misc.Unsafe.allocateUninitializedArray(int): unavailable: class io.netty.util.internal.PlatformDependent0$7 cannot access class jdk.internal.misc.Unsafe (in module java.base) because module java.base does not export jdk.internal.misc to unnamed module @55b0dcab
20:41:59.516 [main] DEBUG io.netty.util.internal.PlatformDependent0 -- java.nio.DirectByteBuffer.<init>(long, {int,long}): unavailable
20:41:59.516 [main] DEBUG io.netty.util.internal.PlatformDependent -- sun.misc.Unsafe: available
20:41:59.519 [main] DEBUG io.netty.util.internal.PlatformDependent -- maxDirectMemory: 4198498304 bytes (maybe)
20:41:59.520 [main] DEBUG io.netty.util.internal.PlatformDependent -- -Dio.netty.tmpdir: C:\Users\USUARIO\AppData\Local\Temp (java.io.tmpdir)
20:41:59.520 [main] DEBUG io.netty.util.internal.PlatformDependent -- -Dio.netty.bitMode: 64 (sun.arch.data.model)
20:41:59.520 [main] DEBUG io.netty.util.internal.PlatformDependent -- Platform: Windows
20:41:59.522 [main] DEBUG io.netty.util.internal.PlatformDependent -- -Dio.netty.maxDirectMemory: -1 bytes
20:41:59.522 [main] DEBUG io.netty.util.internal.PlatformDependent -- -Dio.netty.uninitializedArrayAllocationThreshold: -1
20:41:59.523 [main] DEBUG io.netty.util.internal.CleanerJava9 -- java.nio.ByteBuffer.cleaner(): available
20:41:59.523 [main] DEBUG io.netty.util.internal.PlatformDependent -- -Dio.netty.noPreferDirect: false
20:41:59.523 [main] DEBUG io.netty.util.internal.PlatformDependent -- org.jctools-core.MpscChunkedArrayQueue: available
20:41:59.538 [main] DEBUG io.netty.util.internal.InternalThreadLocalMap -- -Dio.netty.threadLocalMap.stringBuilder.initialSize: 1024
20:41:59.538 [main] DEBUG io.netty.util.internal.InternalThreadLocalMap -- -Dio.netty.threadLocalMap.stringBuilder.maxSize: 4096
20:41:59.692 [main] DEBUG io.netty.handler.ssl.JdkSslContext -- Default protocols (JDK): [TLSv1.3, TLSv1.2] 
20:41:59.692 [main] DEBUG io.netty.handler.ssl.JdkSslContext -- Default cipher suites (JDK): [TLS_ECDHE_ECDSA_WITH_AES_256_GCM_SHA384, TLS_ECDHE_ECDSA_WITH_AES_128_GCM_SHA256, TLS_ECDHE_RSA_WITH_AES_128_GCM_SHA256, TLS_ECDHE_RSA_WITH_AES_256_GCM_SHA384, TLS_ECDHE_RSA_WITH_AES_128_CBC_SHA, TLS_ECDHE_RSA_WITH_AES_256_CBC_SHA, TLS_RSA_WITH_AES_128_GCM_SHA256, TLS_RSA_WITH_AES_128_CBC_SHA, TLS_RSA_WITH_AES_256_CBC_SHA, TLS_AES_128_GCM_SHA256, TLS_AES_256_GCM_SHA384]
20:41:59.692 [main] DEBUG io.netty.util.concurrent.GlobalEventExecutor -- -Dio.netty.globalEventExecutor.quietPeriodSeconds: 1
20:41:59.708 [main] DEBUG io.netty.channel.MultithreadEventLoopGroup -- -Dio.netty.eventLoopThreads: 40
20:41:59.708 [main] DEBUG io.netty.channel.nio.NioEventLoop -- -Dio.netty.noKeySetOptimization: false
20:41:59.708 [main] DEBUG io.netty.channel.nio.NioEventLoop -- -Dio.netty.selectorAutoRebuildThreshold: 512
20:41:59.758 [main] DEBUG io.netty.buffer.PooledByteBufAllocator -- -Dio.netty.allocator.numHeapArenas: 40
20:41:59.758 [main] DEBUG io.netty.buffer.PooledByteBufAllocator -- -Dio.netty.allocator.numDirectArenas: 40
20:41:59.758 [main] DEBUG io.netty.buffer.PooledByteBufAllocator -- -Dio.netty.allocator.pageSize: 8192
20:41:59.758 [main] DEBUG io.netty.buffer.PooledByteBufAllocator -- -Dio.netty.allocator.maxOrder: 9
20:41:59.758 [main] DEBUG io.netty.buffer.PooledByteBufAllocator -- -Dio.netty.allocator.chunkSize: 4194304
20:41:59.758 [main] DEBUG io.netty.buffer.PooledByteBufAllocator -- -Dio.netty.allocator.smallCacheSize: 256
20:41:59.758 [main] DEBUG io.netty.buffer.PooledByteBufAllocator -- -Dio.netty.allocator.normalCacheSize: 64
20:41:59.758 [main] DEBUG io.netty.buffer.PooledByteBufAllocator -- -Dio.netty.allocator.maxCachedBufferCapacity: 32768
20:41:59.758 [main] DEBUG io.netty.buffer.PooledByteBufAllocator -- -Dio.netty.allocator.cacheTrimInterval: 8192
20:41:59.758 [main] DEBUG io.netty.buffer.PooledByteBufAllocator -- -Dio.netty.allocator.cacheTrimIntervalMillis: 0
20:41:59.758 [main] DEBUG io.netty.buffer.PooledByteBufAllocator -- -Dio.netty.allocator.useCacheForAllThreads: false
20:41:59.758 [main] DEBUG io.netty.buffer.PooledByteBufAllocator -- -Dio.netty.allocator.maxCachedByteBuffersPerChunk: 1023
20:41:59.769 [main] DEBUG io.netty.buffer.ByteBufUtil -- -Dio.netty.allocator.type: pooled
20:41:59.769 [main] DEBUG io.netty.buffer.ByteBufUtil -- -Dio.netty.threadLocalDirectBufferSize: 0
20:41:59.769 [main] DEBUG io.netty.buffer.ByteBufUtil -- -Dio.netty.maxThreadLocalCharBufferSize: 16384
20:41:59.921 [Forwarding newSession on session null to remote] DEBUG io.netty.channel.DefaultChannelId -- -Dio.netty.processId: 4832 (auto-detected)
20:41:59.922 [Forwarding newSession on session null to remote] DEBUG io.netty.util.NetUtil -- -Djava.net.preferIPv4Stack: false
20:41:59.922 [Forwarding newSession on session null to remote] DEBUG io.netty.util.NetUtil -- -Djava.net.preferIPv6Addresses: false
20:41:59.923 [Forwarding newSession on session null to remote] DEBUG io.netty.util.NetUtilInitializations -- Loopback interface: loopback_0 (Software Loopback Interface 1, 0:0:0:0:0:0:0:1)
20:41:59.923 [Forwarding newSession on session null to remote] DEBUG io.netty.util.NetUtil -- Failed to get SOMAXCONN from sysctl and file \proc\sys\net\core\somaxconn. Default: 200
20:41:59.924 [Forwarding newSession on session null to remote] DEBUG io.netty.channel.DefaultChannelId -- -Dio.netty.machineId: f8:54:f6:ff:fe:94:ff:b2 (auto-detected)
20:41:59.942 [AsyncHttpClient-1-2] DEBUG io.netty.buffer.AbstractByteBuf -- -Dio.netty.buffer.checkAccessible: true
20:41:59.942 [AsyncHttpClient-1-2] DEBUG io.netty.buffer.AbstractByteBuf -- -Dio.netty.buffer.checkBounds: true
20:41:59.942 [AsyncHttpClient-1-2] DEBUG io.netty.util.ResourceLeakDetectorFactory -- Loaded default ResourceLeakDetector: io.netty.util.ResourceLeakDetector@247b33cd
20:41:59.958 [AsyncHttpClient-1-2] DEBUG org.asynchttpclient.netty.channel.NettyConnectListener -- Using new Channel '[id: 0xd10db2e3, L:/127.0.0.1:56642 - R:localhost/127.0.0.1:43073]' for 'POST' to '/session'
20:41:59.958 [AsyncHttpClient-1-2] DEBUG io.netty.util.Recycler -- -Dio.netty.recycler.maxCapacityPerThread: 4096
20:41:59.958 [AsyncHttpClient-1-2] DEBUG io.netty.util.Recycler -- -Dio.netty.recycler.ratio: 8
20:41:59.958 [AsyncHttpClient-1-2] DEBUG io.netty.util.Recycler -- -Dio.netty.recycler.chunkSize: 32
20:41:59.958 [AsyncHttpClient-1-2] DEBUG io.netty.util.Recycler -- -Dio.netty.recycler.blocking: false
20:41:59.958 [AsyncHttpClient-1-2] DEBUG io.netty.util.Recycler -- -Dio.netty.recycler.batchFastThreadLocalOnly: true
20:42:01.359 [AsyncHttpClient-1-2] DEBUG io.netty.handler.codec.compression.Brotli -- brotli4j not in the classpath; Brotli support will be unavailable.
20:42:01.359 [AsyncHttpClient-1-2] DEBUG org.asynchttpclient.netty.handler.HttpHandler -- 

Request DefaultHttpRequest(decodeResult: success, version: HTTP/1.1)
POST /session HTTP/1.1
User-Agent: selenium/4.12.0 (java windows)
Content-Length: 383
Content-Type: application/json; charset=utf-8
host: localhost:43073
accept: */*

Response DefaultHttpResponse(decodeResult: success, version: HTTP/1.1)
HTTP/1.1 200 OK
content-type: application/json; charset=utf-8
cache-control: no-cache
content-length: 841
date: Sun, 28 Apr 2024 01:41:59 GMT

20:42:01.359 [AsyncHttpClient-1-2] DEBUG org.asynchttpclient.netty.channel.ChannelManager -- Adding key: http://localhost:43073 for channel [id: 0xd10db2e3, L:/127.0.0.1:56642 - R:localhost/127.0.0.1:43073]
20:42:01.403 [AsyncHttpClient-1-3] DEBUG org.asynchttpclient.netty.channel.NettyConnectListener -- Using new Channel '[id: 0x983c1da8, L:/127.0.0.1:56696 - R:/127.0.0.1:5237]' for 'GET' to '/json/version'
20:42:01.403 [AsyncHttpClient-1-3] DEBUG org.asynchttpclient.netty.handler.HttpHandler -- 

Request DefaultFullHttpRequest(decodeResult: success, version: HTTP/1.1, content: EmptyByteBufBE)
GET /json/version HTTP/1.1
User-Agent: selenium/4.12.0 (java windows)
host: 127.0.0.1:5237
accept: */*

Response DefaultHttpResponse(decodeResult: success, version: HTTP/1.1)
HTTP/1.1 200 OK
content-type: application/json
content-security-policy: frame-ancestors 'none'
connection: close
server: httpd.js
date: Sun, 28 Apr 2024 01:42:01 GMT

20:42:01.403 [AsyncHttpClient-1-3] DEBUG org.asynchttpclient.netty.channel.ChannelManager -- Closing Channel [id: 0x983c1da8, L:/127.0.0.1:56696 ! R:/127.0.0.1:5237] 
20:42:01.403 [AsyncHttpClient-1-3] DEBUG org.asynchttpclient.netty.handler.HttpHandler -- Channel Closed: [id: 0x983c1da8, L:/127.0.0.1:56696 ! R:/127.0.0.1:5237] with attribute DISCARD
20:42:01.422 [Forwarding setTimeout on session 274d0def-5b56-44fd-a9eb-51879e7f2c50 to remote] DEBUG org.asynchttpclient.netty.request.NettyRequestSender -- Using pooled Channel '[id: 0xd10db2e3, L:/127.0.0.1:56642 - R:localhost/127.0.0.1:43073]' for 'POST' to 'http://localhost:43073/session/274d0def-5b56-44fd-a9eb-51879e7f2c50/timeouts'
20:42:01.422 [Forwarding setTimeout on session 274d0def-5b56-44fd-a9eb-51879e7f2c50 to remote] DEBUG org.asynchttpclient.netty.request.NettyRequestSender -- Using open Channel [id: 0xd10db2e3, L:/127.0.0.1:56642 - R:localhost/127.0.0.1:43073] for POST '/session/274d0def-5b56-44fd-a9eb-51879e7f2c50/timeouts'
20:42:01.422 [AsyncHttpClient-1-2] DEBUG org.asynchttpclient.netty.handler.HttpHandler -- 

Request DefaultHttpRequest(decodeResult: success, version: HTTP/1.1)
POST /session/274d0def-5b56-44fd-a9eb-51879e7f2c50/timeouts HTTP/1.1
User-Agent: selenium/4.12.0 (java windows)
Content-Length: 22
Content-Type: application/json; charset=utf-8
host: localhost:43073
accept: */*

Response DefaultHttpResponse(decodeResult: success, version: HTTP/1.1)
HTTP/1.1 200 OK
content-type: application/json; charset=utf-8
cache-control: no-cache
content-length: 14
date: Sun, 28 Apr 2024 01:42:01 GMT

20:42:01.422 [AsyncHttpClient-1-2] DEBUG org.asynchttpclient.netty.channel.ChannelManager -- Adding key: http://localhost:43073 for channel [id: 0xd10db2e3, L:/127.0.0.1:56642 - R:localhost/127.0.0.1:43073]
20:42:01.422 [Forwarding maximizeCurrentWindow on session 274d0def-5b56-44fd-a9eb-51879e7f2c50 to remote] DEBUG org.asynchttpclient.netty.request.NettyRequestSender -- Using pooled Channel '[id: 0xd10db2e3, L:/127.0.0.1:56642 - R:localhost/127.0.0.1:43073]' for 'POST' to 'http://localhost:43073/session/274d0def-5b56-44fd-a9eb-51879e7f2c50/window/maximize'
20:42:01.422 [Forwarding maximizeCurrentWindow on session 274d0def-5b56-44fd-a9eb-51879e7f2c50 to remote] DEBUG org.asynchttpclient.netty.request.NettyRequestSender -- Using open Channel [id: 0xd10db2e3, L:/127.0.0.1:56642 - R:localhost/127.0.0.1:43073] for POST '/session/274d0def-5b56-44fd-a9eb-51879e7f2c50/window/maximize'
20:42:01.696 [AsyncHttpClient-1-2] DEBUG org.asynchttpclient.netty.handler.HttpHandler -- 

Request DefaultHttpRequest(decodeResult: success, version: HTTP/1.1)
POST /session/274d0def-5b56-44fd-a9eb-51879e7f2c50/window/maximize HTTP/1.1
User-Agent: selenium/4.12.0 (java windows)
Content-Length: 3
Content-Type: application/json; charset=utf-8
host: localhost:43073
accept: */*

Response DefaultHttpResponse(decodeResult: success, version: HTTP/1.1)
HTTP/1.1 200 OK
content-type: application/json; charset=utf-8
cache-control: no-cache
content-length: 51
date: Sun, 28 Apr 2024 01:42:01 GMT

20:42:01.696 [AsyncHttpClient-1-2] DEBUG org.asynchttpclient.netty.channel.ChannelManager -- Adding key: http://localhost:43073 for channel [id: 0xd10db2e3, L:/127.0.0.1:56642 - R:localhost/127.0.0.1:43073]
20:42:01.732 [Forwarding get on session 274d0def-5b56-44fd-a9eb-51879e7f2c50 to remote] DEBUG org.asynchttpclient.netty.request.NettyRequestSender -- Using pooled Channel '[id: 0xd10db2e3, L:/127.0.0.1:56642 - R:localhost/127.0.0.1:43073]' for 'POST' to 'http://localhost:43073/session/274d0def-5b56-44fd-a9eb-51879e7f2c50/url'
20:42:01.733 [Forwarding get on session 274d0def-5b56-44fd-a9eb-51879e7f2c50 to remote] DEBUG org.asynchttpclient.netty.request.NettyRequestSender -- Using open Channel [id: 0xd10db2e3, L:/127.0.0.1:56642 - R:localhost/127.0.0.1:43073] for POST '/session/274d0def-5b56-44fd-a9eb-51879e7f2c50/url'
20:42:03.015 [AsyncHttpClient-1-2] DEBUG org.asynchttpclient.netty.handler.HttpHandler -- 

Request DefaultHttpRequest(decodeResult: success, version: HTTP/1.1)
POST /session/274d0def-5b56-44fd-a9eb-51879e7f2c50/url HTTP/1.1
User-Agent: selenium/4.12.0 (java windows)
Content-Length: 56
Content-Type: application/json; charset=utf-8
host: localhost:43073
accept: */*

Response DefaultHttpResponse(decodeResult: success, version: HTTP/1.1)
HTTP/1.1 200 OK
content-type: application/json; charset=utf-8
cache-control: no-cache
content-length: 14
date: Sun, 28 Apr 2024 01:42:01 GMT

20:42:03.016 [AsyncHttpClient-1-2] DEBUG org.asynchttpclient.netty.channel.ChannelManager -- Adding key: http://localhost:43073 for channel [id: 0xd10db2e3, L:/127.0.0.1:56642 - R:localhost/127.0.0.1:43073]
20:42:03.018 [Forwarding setTimeout on session 274d0def-5b56-44fd-a9eb-51879e7f2c50 to remote] DEBUG org.asynchttpclient.netty.request.NettyRequestSender -- Using pooled Channel '[id: 0xd10db2e3, L:/127.0.0.1:56642 - R:localhost/127.0.0.1:43073]' for 'POST' to 'http://localhost:43073/session/274d0def-5b56-44fd-a9eb-51879e7f2c50/timeouts'
20:42:03.018 [Forwarding setTimeout on session 274d0def-5b56-44fd-a9eb-51879e7f2c50 to remote] DEBUG org.asynchttpclient.netty.request.NettyRequestSender -- Using open Channel [id: 0xd10db2e3, L:/127.0.0.1:56642 - R:localhost/127.0.0.1:43073] for POST '/session/274d0def-5b56-44fd-a9eb-51879e7f2c50/timeouts'
20:42:03.026 [AsyncHttpClient-1-2] DEBUG org.asynchttpclient.netty.handler.HttpHandler -- 

Request DefaultHttpRequest(decodeResult: success, version: HTTP/1.1)
POST /session/274d0def-5b56-44fd-a9eb-51879e7f2c50/timeouts HTTP/1.1
User-Agent: selenium/4.12.0 (java windows)
Content-Length: 22
Content-Type: application/json; charset=utf-8
host: localhost:43073
accept: */*

Response DefaultHttpResponse(decodeResult: success, version: HTTP/1.1)
HTTP/1.1 200 OK
content-type: application/json; charset=utf-8
cache-control: no-cache
content-length: 14
date: Sun, 28 Apr 2024 01:42:03 GMT

20:42:03.026 [AsyncHttpClient-1-2] DEBUG org.asynchttpclient.netty.channel.ChannelManager -- Adding key: http://localhost:43073 for channel [id: 0xd10db2e3, L:/127.0.0.1:56642 - R:localhost/127.0.0.1:43073]
20:42:03.045 [main] DEBUG net.serenitybdd.core.photography.Darkroom -- Opening darkroom
20:42:03.046 [Darkroom Processing Line] DEBUG net.serenitybdd.core.photography.DarkroomProcessingLine -- Darkroom processing line starting up
20:42:03.056 [Forwarding getAlertText on session 274d0def-5b56-44fd-a9eb-51879e7f2c50 to remote] DEBUG org.asynchttpclient.netty.request.NettyRequestSender -- Using pooled Channel '[id: 0xd10db2e3, L:/127.0.0.1:56642 - R:localhost/127.0.0.1:43073]' for 'GET' to 'http://localhost:43073/session/274d0def-5b56-44fd-a9eb-51879e7f2c50/alert/text'
20:42:03.057 [Forwarding getAlertText on session 274d0def-5b56-44fd-a9eb-51879e7f2c50 to remote] DEBUG org.asynchttpclient.netty.request.NettyRequestSender -- Using open Channel [id: 0xd10db2e3, L:/127.0.0.1:56642 - R:localhost/127.0.0.1:43073] for GET '/session/274d0def-5b56-44fd-a9eb-51879e7f2c50/alert/text'
20:42:03.059 [AsyncHttpClient-1-2] DEBUG org.asynchttpclient.netty.handler.HttpHandler -- 

Request DefaultFullHttpRequest(decodeResult: success, version: HTTP/1.1, content: EmptyByteBufBE)
GET /session/274d0def-5b56-44fd-a9eb-51879e7f2c50/alert/text HTTP/1.1
Cache-Control: no-cache
User-Agent: selenium/4.12.0 (java windows)
Content-Type: application/json; charset=utf-8
host: localhost:43073
accept: */*

Response DefaultHttpResponse(decodeResult: success, version: HTTP/1.1)
HTTP/1.1 404 Not Found
content-type: application/json; charset=utf-8
cache-control: no-cache
content-length: 842
date: Sun, 28 Apr 2024 01:42:03 GMT

20:42:03.060 [AsyncHttpClient-1-2] DEBUG org.asynchttpclient.netty.channel.ChannelManager -- Adding key: http://localhost:43073 for channel [id: 0xd10db2e3, L:/127.0.0.1:56642 - R:localhost/127.0.0.1:43073]
20:42:03.064 [Forwarding getCurrentUrl on session 274d0def-5b56-44fd-a9eb-51879e7f2c50 to remote] DEBUG org.asynchttpclient.netty.request.NettyRequestSender -- Using pooled Channel '[id: 0xd10db2e3, L:/127.0.0.1:56642 - R:localhost/127.0.0.1:43073]' for 'GET' to 'http://localhost:43073/session/274d0def-5b56-44fd-a9eb-51879e7f2c50/url'
20:42:03.064 [Forwarding getCurrentUrl on session 274d0def-5b56-44fd-a9eb-51879e7f2c50 to remote] DEBUG org.asynchttpclient.netty.request.NettyRequestSender -- Using open Channel [id: 0xd10db2e3, L:/127.0.0.1:56642 - R:localhost/127.0.0.1:43073] for GET '/session/274d0def-5b56-44fd-a9eb-51879e7f2c50/url'
20:42:03.065 [AsyncHttpClient-1-2] DEBUG org.asynchttpclient.netty.handler.HttpHandler -- 

Request DefaultFullHttpRequest(decodeResult: success, version: HTTP/1.1, content: EmptyByteBufBE)
GET /session/274d0def-5b56-44fd-a9eb-51879e7f2c50/url HTTP/1.1
Cache-Control: no-cache
User-Agent: selenium/4.12.0 (java windows)
Content-Type: application/json; charset=utf-8
host: localhost:43073
accept: */*

Response DefaultHttpResponse(decodeResult: success, version: HTTP/1.1)
HTTP/1.1 200 OK
content-type: application/json; charset=utf-8
cache-control: no-cache
content-length: 38
date: Sun, 28 Apr 2024 01:42:03 GMT

20:42:03.066 [AsyncHttpClient-1-2] DEBUG org.asynchttpclient.netty.channel.ChannelManager -- Adding key: http://localhost:43073 for channel [id: 0xd10db2e3, L:/127.0.0.1:56642 - R:localhost/127.0.0.1:43073]
20:42:03.070 [Forwarding screenshot on session 274d0def-5b56-44fd-a9eb-51879e7f2c50 to remote] DEBUG org.asynchttpclient.netty.request.NettyRequestSender -- Using pooled Channel '[id: 0xd10db2e3, L:/127.0.0.1:56642 - R:localhost/127.0.0.1:43073]' for 'GET' to 'http://localhost:43073/session/274d0def-5b56-44fd-a9eb-51879e7f2c50/screenshot'
20:42:03.071 [Forwarding screenshot on session 274d0def-5b56-44fd-a9eb-51879e7f2c50 to remote] DEBUG org.asynchttpclient.netty.request.NettyRequestSender -- Using open Channel [id: 0xd10db2e3, L:/127.0.0.1:56642 - R:localhost/127.0.0.1:43073] for GET '/session/274d0def-5b56-44fd-a9eb-51879e7f2c50/screenshot'
20:42:03.171 [AsyncHttpClient-1-2] DEBUG org.asynchttpclient.netty.handler.HttpHandler -- 

Request DefaultFullHttpRequest(decodeResult: success, version: HTTP/1.1, content: EmptyByteBufBE)
GET /session/274d0def-5b56-44fd-a9eb-51879e7f2c50/screenshot HTTP/1.1
Cache-Control: no-cache
User-Agent: selenium/4.12.0 (java windows)
Content-Type: application/json; charset=utf-8
host: localhost:43073
accept: */*

Response DefaultHttpResponse(decodeResult: success, version: HTTP/1.1)
HTTP/1.1 200 OK
content-type: application/json; charset=utf-8
cache-control: no-cache
content-length: 504948
date: Sun, 28 Apr 2024 01:42:03 GMT

20:42:03.175 [AsyncHttpClient-1-2] DEBUG org.asynchttpclient.netty.channel.ChannelManager -- Adding key: http://localhost:43073 for channel [id: 0xd10db2e3, L:/127.0.0.1:56642 - R:localhost/127.0.0.1:43073]
20:42:03.222 [main] DEBUG net.serenitybdd.core.photography.Darkroom -- Send negative for processing for C:\Users\USUARIO\OneDrive\Documentos\02 Automatización\03 Pragma\pragma\pragma\target\site\serenity\4ee8a2605a1cdda36c2b7788194c259ded3d98d35a623d38fa3b86f65a89fac1.png
20:42:04.032 [AsyncHttpClient-1-1] DEBUG org.asynchttpclient.netty.channel.DefaultChannelPool -- Entry count for : http://localhost:43073 : 1
20:42:04.226 [main] DEBUG net.thucydides.core.steps.StepInterceptor -- STEP DONE: ingresarAlPortal
20:42:04.232 [Forwarding getAlertText on session 274d0def-5b56-44fd-a9eb-51879e7f2c50 to remote] DEBUG org.asynchttpclient.netty.request.NettyRequestSender -- Using pooled Channel '[id: 0xd10db2e3, L:/127.0.0.1:56642 - R:localhost/127.0.0.1:43073]' for 'GET' to 'http://localhost:43073/session/274d0def-5b56-44fd-a9eb-51879e7f2c50/alert/text'
20:42:04.232 [Forwarding getAlertText on session 274d0def-5b56-44fd-a9eb-51879e7f2c50 to remote] DEBUG org.asynchttpclient.netty.request.NettyRequestSender -- Using open Channel [id: 0xd10db2e3, L:/127.0.0.1:56642 - R:localhost/127.0.0.1:43073] for GET '/session/274d0def-5b56-44fd-a9eb-51879e7f2c50/alert/text'
20:42:04.232 [AsyncHttpClient-1-2] DEBUG org.asynchttpclient.netty.handler.HttpHandler -- 

Request DefaultFullHttpRequest(decodeResult: success, version: HTTP/1.1, content: EmptyByteBufBE)
GET /session/274d0def-5b56-44fd-a9eb-51879e7f2c50/alert/text HTTP/1.1
Cache-Control: no-cache
User-Agent: selenium/4.12.0 (java windows)
Content-Type: application/json; charset=utf-8
host: localhost:43073
accept: */*

Response DefaultHttpResponse(decodeResult: success, version: HTTP/1.1)
HTTP/1.1 404 Not Found
content-type: application/json; charset=utf-8
cache-control: no-cache
content-length: 842
date: Sun, 28 Apr 2024 01:42:04 GMT

20:42:04.232 [AsyncHttpClient-1-2] DEBUG org.asynchttpclient.netty.channel.ChannelManager -- Adding key: http://localhost:43073 for channel [id: 0xd10db2e3, L:/127.0.0.1:56642 - R:localhost/127.0.0.1:43073]
20:42:04.745 [Forwarding getAlertText on session 274d0def-5b56-44fd-a9eb-51879e7f2c50 to remote] DEBUG org.asynchttpclient.netty.request.NettyRequestSender -- Using pooled Channel '[id: 0xd10db2e3, L:/127.0.0.1:56642 - R:localhost/127.0.0.1:43073]' for 'GET' to 'http://localhost:43073/session/274d0def-5b56-44fd-a9eb-51879e7f2c50/alert/text'
20:42:04.745 [Forwarding getAlertText on session 274d0def-5b56-44fd-a9eb-51879e7f2c50 to remote] DEBUG org.asynchttpclient.netty.request.NettyRequestSender -- Using open Channel [id: 0xd10db2e3, L:/127.0.0.1:56642 - R:localhost/127.0.0.1:43073] for GET '/session/274d0def-5b56-44fd-a9eb-51879e7f2c50/alert/text'
20:42:04.745 [AsyncHttpClient-1-2] DEBUG org.asynchttpclient.netty.handler.HttpHandler -- 

Request DefaultFullHttpRequest(decodeResult: success, version: HTTP/1.1, content: EmptyByteBufBE)
GET /session/274d0def-5b56-44fd-a9eb-51879e7f2c50/alert/text HTTP/1.1
Cache-Control: no-cache
User-Agent: selenium/4.12.0 (java windows)
Content-Type: application/json; charset=utf-8
host: localhost:43073
accept: */*

Response DefaultHttpResponse(decodeResult: success, version: HTTP/1.1)
HTTP/1.1 404 Not Found
content-type: application/json; charset=utf-8
cache-control: no-cache
content-length: 842
date: Sun, 28 Apr 2024 01:42:04 GMT

20:42:04.745 [AsyncHttpClient-1-2] DEBUG org.asynchttpclient.netty.channel.ChannelManager -- Adding key: http://localhost:43073 for channel [id: 0xd10db2e3, L:/127.0.0.1:56642 - R:localhost/127.0.0.1:43073]
20:42:04.745 [Forwarding getCurrentUrl on session 274d0def-5b56-44fd-a9eb-51879e7f2c50 to remote] DEBUG org.asynchttpclient.netty.request.NettyRequestSender -- Using pooled Channel '[id: 0xd10db2e3, L:/127.0.0.1:56642 - R:localhost/127.0.0.1:43073]' for 'GET' to 'http://localhost:43073/session/274d0def-5b56-44fd-a9eb-51879e7f2c50/url'
20:42:04.745 [Forwarding getCurrentUrl on session 274d0def-5b56-44fd-a9eb-51879e7f2c50 to remote] DEBUG org.asynchttpclient.netty.request.NettyRequestSender -- Using open Channel [id: 0xd10db2e3, L:/127.0.0.1:56642 - R:localhost/127.0.0.1:43073] for GET '/session/274d0def-5b56-44fd-a9eb-51879e7f2c50/url'
20:42:04.745 [AsyncHttpClient-1-2] DEBUG org.asynchttpclient.netty.handler.HttpHandler -- 

Request DefaultFullHttpRequest(decodeResult: success, version: HTTP/1.1, content: EmptyByteBufBE)
GET /session/274d0def-5b56-44fd-a9eb-51879e7f2c50/url HTTP/1.1
Cache-Control: no-cache
User-Agent: selenium/4.12.0 (java windows)
Content-Type: application/json; charset=utf-8
host: localhost:43073
accept: */*

Response DefaultHttpResponse(decodeResult: success, version: HTTP/1.1)
HTTP/1.1 200 OK
content-type: application/json; charset=utf-8
cache-control: no-cache
content-length: 38
date: Sun, 28 Apr 2024 01:42:04 GMT

20:42:04.745 [AsyncHttpClient-1-2] DEBUG org.asynchttpclient.netty.channel.ChannelManager -- Adding key: http://localhost:43073 for channel [id: 0xd10db2e3, L:/127.0.0.1:56642 - R:localhost/127.0.0.1:43073]
20:42:04.745 [Forwarding screenshot on session 274d0def-5b56-44fd-a9eb-51879e7f2c50 to remote] DEBUG org.asynchttpclient.netty.request.NettyRequestSender -- Using pooled Channel '[id: 0xd10db2e3, L:/127.0.0.1:56642 - R:localhost/127.0.0.1:43073]' for 'GET' to 'http://localhost:43073/session/274d0def-5b56-44fd-a9eb-51879e7f2c50/screenshot'
20:42:04.745 [Forwarding screenshot on session 274d0def-5b56-44fd-a9eb-51879e7f2c50 to remote] DEBUG org.asynchttpclient.netty.request.NettyRequestSender -- Using open Channel [id: 0xd10db2e3, L:/127.0.0.1:56642 - R:localhost/127.0.0.1:43073] for GET '/session/274d0def-5b56-44fd-a9eb-51879e7f2c50/screenshot'
20:42:04.845 [AsyncHttpClient-1-2] DEBUG org.asynchttpclient.netty.handler.HttpHandler -- 

Request DefaultFullHttpRequest(decodeResult: success, version: HTTP/1.1, content: EmptyByteBufBE)
GET /session/274d0def-5b56-44fd-a9eb-51879e7f2c50/screenshot HTTP/1.1
Cache-Control: no-cache
User-Agent: selenium/4.12.0 (java windows)
Content-Type: application/json; charset=utf-8
host: localhost:43073
accept: */*

Response DefaultHttpResponse(decodeResult: success, version: HTTP/1.1)
HTTP/1.1 200 OK
content-type: application/json; charset=utf-8
cache-control: no-cache
content-length: 800340
date: Sun, 28 Apr 2024 01:42:04 GMT

20:42:04.845 [AsyncHttpClient-1-2] DEBUG org.asynchttpclient.netty.channel.ChannelManager -- Adding key: http://localhost:43073 for channel [id: 0xd10db2e3, L:/127.0.0.1:56642 - R:localhost/127.0.0.1:43073]
20:42:04.875 [main] DEBUG net.serenitybdd.core.photography.Darkroom -- Send negative for processing for C:\Users\USUARIO\OneDrive\Documentos\02 Automatización\03 Pragma\pragma\pragma\target\site\serenity\c6d2d59253a3c52d8b8db4ad723f6da73641757028d146bd6c52f7f99c9aebe9.png
20:42:05.131 [AsyncHttpClient-1-1] DEBUG org.asynchttpclient.netty.channel.DefaultChannelPool -- Entry count for : http://localhost:43073 : 1
20:42:05.979 [main] DEBUG net.thucydides.core.steps.StepInterceptor -- STARTING STEP: StepInterceptor.testContext - ingresoACategoria
20:42:05.979 [Forwarding findElement on session 274d0def-5b56-44fd-a9eb-51879e7f2c50 to remote] DEBUG org.asynchttpclient.netty.request.NettyRequestSender -- Using pooled Channel '[id: 0xd10db2e3, L:/127.0.0.1:56642 - R:localhost/127.0.0.1:43073]' for 'POST' to 'http://localhost:43073/session/274d0def-5b56-44fd-a9eb-51879e7f2c50/element'
20:42:05.979 [Forwarding findElement on session 274d0def-5b56-44fd-a9eb-51879e7f2c50 to remote] DEBUG org.asynchttpclient.netty.request.NettyRequestSender -- Using open Channel [id: 0xd10db2e3, L:/127.0.0.1:56642 - R:localhost/127.0.0.1:43073] for POST '/session/274d0def-5b56-44fd-a9eb-51879e7f2c50/element'
20:42:05.991 [AsyncHttpClient-1-2] DEBUG org.asynchttpclient.netty.handler.HttpHandler -- 

Request DefaultHttpRequest(decodeResult: success, version: HTTP/1.1)
POST /session/274d0def-5b56-44fd-a9eb-51879e7f2c50/element HTTP/1.1
User-Agent: selenium/4.12.0 (java windows)
Content-Length: 77
Content-Type: application/json; charset=utf-8
host: localhost:43073
accept: */*

Response DefaultHttpResponse(decodeResult: success, version: HTTP/1.1)
HTTP/1.1 200 OK
content-type: application/json; charset=utf-8
cache-control: no-cache
content-length: 88
date: Sun, 28 Apr 2024 01:42:05 GMT

20:42:05.991 [AsyncHttpClient-1-2] DEBUG org.asynchttpclient.netty.channel.ChannelManager -- Adding key: http://localhost:43073 for channel [id: 0xd10db2e3, L:/127.0.0.1:56642 - R:localhost/127.0.0.1:43073]
20:42:05.991 [Forwarding getElementTagName on session 274d0def-5b56-44fd-a9eb-51879e7f2c50 to remote] DEBUG org.asynchttpclient.netty.request.NettyRequestSender -- Using pooled Channel '[id: 0xd10db2e3, L:/127.0.0.1:56642 - R:localhost/127.0.0.1:43073]' for 'GET' to 'http://localhost:43073/session/274d0def-5b56-44fd-a9eb-51879e7f2c50/element/c9c7de1b-03cd-42e5-81c1-41d9fe3d4b65/name'
20:42:05.991 [Forwarding getElementTagName on session 274d0def-5b56-44fd-a9eb-51879e7f2c50 to remote] DEBUG org.asynchttpclient.netty.request.NettyRequestSender -- Using open Channel [id: 0xd10db2e3, L:/127.0.0.1:56642 - R:localhost/127.0.0.1:43073] for GET '/session/274d0def-5b56-44fd-a9eb-51879e7f2c50/element/c9c7de1b-03cd-42e5-81c1-41d9fe3d4b65/name'
20:42:05.991 [AsyncHttpClient-1-2] DEBUG org.asynchttpclient.netty.handler.HttpHandler -- 

Request DefaultFullHttpRequest(decodeResult: success, version: HTTP/1.1, content: EmptyByteBufBE)
GET /session/274d0def-5b56-44fd-a9eb-51879e7f2c50/element/c9c7de1b-03cd-42e5-81c1-41d9fe3d4b65/name HTTP/1.1
Cache-Control: no-cache
User-Agent: selenium/4.12.0 (java windows)
Content-Type: application/json; charset=utf-8
host: localhost:43073
accept: */*

Response DefaultHttpResponse(decodeResult: success, version: HTTP/1.1)
HTTP/1.1 200 OK
content-type: application/json; charset=utf-8
cache-control: no-cache
content-length: 13
date: Sun, 28 Apr 2024 01:42:05 GMT

20:42:05.991 [AsyncHttpClient-1-2] DEBUG org.asynchttpclient.netty.channel.ChannelManager -- Adding key: http://localhost:43073 for channel [id: 0xd10db2e3, L:/127.0.0.1:56642 - R:localhost/127.0.0.1:43073]
20:42:05.991 [Forwarding getElementTagName on session 274d0def-5b56-44fd-a9eb-51879e7f2c50 to remote] DEBUG org.asynchttpclient.netty.request.NettyRequestSender -- Using pooled Channel '[id: 0xd10db2e3, L:/127.0.0.1:56642 - R:localhost/127.0.0.1:43073]' for 'GET' to 'http://localhost:43073/session/274d0def-5b56-44fd-a9eb-51879e7f2c50/element/c9c7de1b-03cd-42e5-81c1-41d9fe3d4b65/name'
20:42:05.991 [Forwarding getElementTagName on session 274d0def-5b56-44fd-a9eb-51879e7f2c50 to remote] DEBUG org.asynchttpclient.netty.request.NettyRequestSender -- Using open Channel [id: 0xd10db2e3, L:/127.0.0.1:56642 - R:localhost/127.0.0.1:43073] for GET '/session/274d0def-5b56-44fd-a9eb-51879e7f2c50/element/c9c7de1b-03cd-42e5-81c1-41d9fe3d4b65/name'
20:42:05.991 [AsyncHttpClient-1-2] DEBUG org.asynchttpclient.netty.handler.HttpHandler -- 

Request DefaultFullHttpRequest(decodeResult: success, version: HTTP/1.1, content: EmptyByteBufBE)
GET /session/274d0def-5b56-44fd-a9eb-51879e7f2c50/element/c9c7de1b-03cd-42e5-81c1-41d9fe3d4b65/name HTTP/1.1
Cache-Control: no-cache
User-Agent: selenium/4.12.0 (java windows)
Content-Type: application/json; charset=utf-8
host: localhost:43073
accept: */*

Response DefaultHttpResponse(decodeResult: success, version: HTTP/1.1)
HTTP/1.1 200 OK
content-type: application/json; charset=utf-8
cache-control: no-cache
content-length: 13
date: Sun, 28 Apr 2024 01:42:05 GMT

20:42:05.991 [AsyncHttpClient-1-2] DEBUG org.asynchttpclient.netty.channel.ChannelManager -- Adding key: http://localhost:43073 for channel [id: 0xd10db2e3, L:/127.0.0.1:56642 - R:localhost/127.0.0.1:43073]
20:42:05.991 [Forwarding findElement on session 274d0def-5b56-44fd-a9eb-51879e7f2c50 to remote] DEBUG org.asynchttpclient.netty.request.NettyRequestSender -- Using pooled Channel '[id: 0xd10db2e3, L:/127.0.0.1:56642 - R:localhost/127.0.0.1:43073]' for 'POST' to 'http://localhost:43073/session/274d0def-5b56-44fd-a9eb-51879e7f2c50/element'
20:42:05.991 [Forwarding findElement on session 274d0def-5b56-44fd-a9eb-51879e7f2c50 to remote] DEBUG org.asynchttpclient.netty.request.NettyRequestSender -- Using open Channel [id: 0xd10db2e3, L:/127.0.0.1:56642 - R:localhost/127.0.0.1:43073] for POST '/session/274d0def-5b56-44fd-a9eb-51879e7f2c50/element'
20:42:06.003 [AsyncHttpClient-1-2] DEBUG org.asynchttpclient.netty.handler.HttpHandler -- 

Request DefaultHttpRequest(decodeResult: success, version: HTTP/1.1)
POST /session/274d0def-5b56-44fd-a9eb-51879e7f2c50/element HTTP/1.1
User-Agent: selenium/4.12.0 (java windows)
Content-Length: 77
Content-Type: application/json; charset=utf-8
host: localhost:43073
accept: */*

Response DefaultHttpResponse(decodeResult: success, version: HTTP/1.1)
HTTP/1.1 200 OK
content-type: application/json; charset=utf-8
cache-control: no-cache
content-length: 88
date: Sun, 28 Apr 2024 01:42:05 GMT

20:42:06.003 [AsyncHttpClient-1-2] DEBUG org.asynchttpclient.netty.channel.ChannelManager -- Adding key: http://localhost:43073 for channel [id: 0xd10db2e3, L:/127.0.0.1:56642 - R:localhost/127.0.0.1:43073]
20:42:06.003 [Forwarding clickElement on session 274d0def-5b56-44fd-a9eb-51879e7f2c50 to remote] DEBUG org.asynchttpclient.netty.request.NettyRequestSender -- Using pooled Channel '[id: 0xd10db2e3, L:/127.0.0.1:56642 - R:localhost/127.0.0.1:43073]' for 'POST' to 'http://localhost:43073/session/274d0def-5b56-44fd-a9eb-51879e7f2c50/element/c9c7de1b-03cd-42e5-81c1-41d9fe3d4b65/click'
20:42:06.003 [Forwarding clickElement on session 274d0def-5b56-44fd-a9eb-51879e7f2c50 to remote] DEBUG org.asynchttpclient.netty.request.NettyRequestSender -- Using open Channel [id: 0xd10db2e3, L:/127.0.0.1:56642 - R:localhost/127.0.0.1:43073] for POST '/session/274d0def-5b56-44fd-a9eb-51879e7f2c50/element/c9c7de1b-03cd-42e5-81c1-41d9fe3d4b65/click'
20:42:06.021 [AsyncHttpClient-1-2] DEBUG org.asynchttpclient.netty.handler.HttpHandler -- 

Request DefaultHttpRequest(decodeResult: success, version: HTTP/1.1)
POST /session/274d0def-5b56-44fd-a9eb-51879e7f2c50/element/c9c7de1b-03cd-42e5-81c1-41d9fe3d4b65/click HTTP/1.1
User-Agent: selenium/4.12.0 (java windows)
Content-Length: 50
Content-Type: application/json; charset=utf-8
host: localhost:43073
accept: */*

Response DefaultHttpResponse(decodeResult: success, version: HTTP/1.1)
HTTP/1.1 200 OK
content-type: application/json; charset=utf-8
cache-control: no-cache
content-length: 14
date: Sun, 28 Apr 2024 01:42:05 GMT

20:42:06.021 [AsyncHttpClient-1-2] DEBUG org.asynchttpclient.netty.channel.ChannelManager -- Adding key: http://localhost:43073 for channel [id: 0xd10db2e3, L:/127.0.0.1:56642 - R:localhost/127.0.0.1:43073]
20:42:06.030 [Forwarding getAlertText on session 274d0def-5b56-44fd-a9eb-51879e7f2c50 to remote] DEBUG org.asynchttpclient.netty.request.NettyRequestSender -- Using pooled Channel '[id: 0xd10db2e3, L:/127.0.0.1:56642 - R:localhost/127.0.0.1:43073]' for 'GET' to 'http://localhost:43073/session/274d0def-5b56-44fd-a9eb-51879e7f2c50/alert/text'
20:42:06.030 [Forwarding getAlertText on session 274d0def-5b56-44fd-a9eb-51879e7f2c50 to remote] DEBUG org.asynchttpclient.netty.request.NettyRequestSender -- Using open Channel [id: 0xd10db2e3, L:/127.0.0.1:56642 - R:localhost/127.0.0.1:43073] for GET '/session/274d0def-5b56-44fd-a9eb-51879e7f2c50/alert/text'
20:42:06.032 [AsyncHttpClient-1-2] DEBUG org.asynchttpclient.netty.handler.HttpHandler -- 

Request DefaultFullHttpRequest(decodeResult: success, version: HTTP/1.1, content: EmptyByteBufBE)
GET /session/274d0def-5b56-44fd-a9eb-51879e7f2c50/alert/text HTTP/1.1
Cache-Control: no-cache
User-Agent: selenium/4.12.0 (java windows)
Content-Type: application/json; charset=utf-8
host: localhost:43073
accept: */*

Response DefaultHttpResponse(decodeResult: success, version: HTTP/1.1)
HTTP/1.1 404 Not Found
content-type: application/json; charset=utf-8
cache-control: no-cache
content-length: 842
date: Sun, 28 Apr 2024 01:42:05 GMT

20:42:06.032 [AsyncHttpClient-1-2] DEBUG org.asynchttpclient.netty.channel.ChannelManager -- Adding key: http://localhost:43073 for channel [id: 0xd10db2e3, L:/127.0.0.1:56642 - R:localhost/127.0.0.1:43073]
20:42:06.035 [Forwarding getCurrentUrl on session 274d0def-5b56-44fd-a9eb-51879e7f2c50 to remote] DEBUG org.asynchttpclient.netty.request.NettyRequestSender -- Using pooled Channel '[id: 0xd10db2e3, L:/127.0.0.1:56642 - R:localhost/127.0.0.1:43073]' for 'GET' to 'http://localhost:43073/session/274d0def-5b56-44fd-a9eb-51879e7f2c50/url'
20:42:06.035 [Forwarding getCurrentUrl on session 274d0def-5b56-44fd-a9eb-51879e7f2c50 to remote] DEBUG org.asynchttpclient.netty.request.NettyRequestSender -- Using open Channel [id: 0xd10db2e3, L:/127.0.0.1:56642 - R:localhost/127.0.0.1:43073] for GET '/session/274d0def-5b56-44fd-a9eb-51879e7f2c50/url'
20:42:06.035 [AsyncHttpClient-1-2] DEBUG org.asynchttpclient.netty.handler.HttpHandler -- 

Request DefaultFullHttpRequest(decodeResult: success, version: HTTP/1.1, content: EmptyByteBufBE)
GET /session/274d0def-5b56-44fd-a9eb-51879e7f2c50/url HTTP/1.1
Cache-Control: no-cache
User-Agent: selenium/4.12.0 (java windows)
Content-Type: application/json; charset=utf-8
host: localhost:43073
accept: */*

Response DefaultHttpResponse(decodeResult: success, version: HTTP/1.1)
HTTP/1.1 200 OK
content-type: application/json; charset=utf-8
cache-control: no-cache
content-length: 39
date: Sun, 28 Apr 2024 01:42:05 GMT

20:42:06.035 [AsyncHttpClient-1-2] DEBUG org.asynchttpclient.netty.channel.ChannelManager -- Adding key: http://localhost:43073 for channel [id: 0xd10db2e3, L:/127.0.0.1:56642 - R:localhost/127.0.0.1:43073]
20:42:06.035 [Forwarding screenshot on session 274d0def-5b56-44fd-a9eb-51879e7f2c50 to remote] DEBUG org.asynchttpclient.netty.request.NettyRequestSender -- Using pooled Channel '[id: 0xd10db2e3, L:/127.0.0.1:56642 - R:localhost/127.0.0.1:43073]' for 'GET' to 'http://localhost:43073/session/274d0def-5b56-44fd-a9eb-51879e7f2c50/screenshot'
20:42:06.035 [Forwarding screenshot on session 274d0def-5b56-44fd-a9eb-51879e7f2c50 to remote] DEBUG org.asynchttpclient.netty.request.NettyRequestSender -- Using open Channel [id: 0xd10db2e3, L:/127.0.0.1:56642 - R:localhost/127.0.0.1:43073] for GET '/session/274d0def-5b56-44fd-a9eb-51879e7f2c50/screenshot'
20:42:06.121 [AsyncHttpClient-1-2] DEBUG org.asynchttpclient.netty.handler.HttpHandler -- 

Request DefaultFullHttpRequest(decodeResult: success, version: HTTP/1.1, content: EmptyByteBufBE)
GET /session/274d0def-5b56-44fd-a9eb-51879e7f2c50/screenshot HTTP/1.1
Cache-Control: no-cache
User-Agent: selenium/4.12.0 (java windows)
Content-Type: application/json; charset=utf-8
host: localhost:43073
accept: */*

Response DefaultHttpResponse(decodeResult: success, version: HTTP/1.1)
HTTP/1.1 200 OK
content-type: application/json; charset=utf-8
cache-control: no-cache
content-length: 800340
date: Sun, 28 Apr 2024 01:42:05 GMT

20:42:06.132 [AsyncHttpClient-1-2] DEBUG org.asynchttpclient.netty.channel.ChannelManager -- Adding key: http://localhost:43073 for channel [id: 0xd10db2e3, L:/127.0.0.1:56642 - R:localhost/127.0.0.1:43073]
20:42:06.138 [main] DEBUG net.serenitybdd.core.photography.Darkroom -- Send negative for processing for C:\Users\USUARIO\OneDrive\Documentos\02 Automatización\03 Pragma\pragma\pragma\target\site\serenity\c6d2d59253a3c52d8b8db4ad723f6da73641757028d146bd6c52f7f99c9aebe9.png
20:42:06.232 [AsyncHttpClient-1-1] DEBUG org.asynchttpclient.netty.channel.DefaultChannelPool -- Entry count for : http://localhost:43073 : 1
20:42:07.156 [main] DEBUG net.thucydides.core.steps.StepInterceptor -- STEP DONE: ingresoACategoria
20:42:07.156 [Forwarding getAlertText on session 274d0def-5b56-44fd-a9eb-51879e7f2c50 to remote] DEBUG org.asynchttpclient.netty.request.NettyRequestSender -- Using pooled Channel '[id: 0xd10db2e3, L:/127.0.0.1:56642 - R:localhost/127.0.0.1:43073]' for 'GET' to 'http://localhost:43073/session/274d0def-5b56-44fd-a9eb-51879e7f2c50/alert/text'
20:42:07.156 [Forwarding getAlertText on session 274d0def-5b56-44fd-a9eb-51879e7f2c50 to remote] DEBUG org.asynchttpclient.netty.request.NettyRequestSender -- Using open Channel [id: 0xd10db2e3, L:/127.0.0.1:56642 - R:localhost/127.0.0.1:43073] for GET '/session/274d0def-5b56-44fd-a9eb-51879e7f2c50/alert/text'
20:42:07.168 [AsyncHttpClient-1-2] DEBUG org.asynchttpclient.netty.handler.HttpHandler -- 

Request DefaultFullHttpRequest(decodeResult: success, version: HTTP/1.1, content: EmptyByteBufBE)
GET /session/274d0def-5b56-44fd-a9eb-51879e7f2c50/alert/text HTTP/1.1
Cache-Control: no-cache
User-Agent: selenium/4.12.0 (java windows)
Content-Type: application/json; charset=utf-8
host: localhost:43073
accept: */*

Response DefaultHttpResponse(decodeResult: success, version: HTTP/1.1)
HTTP/1.1 404 Not Found
content-type: application/json; charset=utf-8
cache-control: no-cache
content-length: 842
date: Sun, 28 Apr 2024 01:42:07 GMT

20:42:07.168 [AsyncHttpClient-1-2] DEBUG org.asynchttpclient.netty.channel.ChannelManager -- Adding key: http://localhost:43073 for channel [id: 0xd10db2e3, L:/127.0.0.1:56642 - R:localhost/127.0.0.1:43073]
20:42:07.168 [Forwarding getCurrentUrl on session 274d0def-5b56-44fd-a9eb-51879e7f2c50 to remote] DEBUG org.asynchttpclient.netty.request.NettyRequestSender -- Using pooled Channel '[id: 0xd10db2e3, L:/127.0.0.1:56642 - R:localhost/127.0.0.1:43073]' for 'GET' to 'http://localhost:43073/session/274d0def-5b56-44fd-a9eb-51879e7f2c50/url'
20:42:07.168 [Forwarding getCurrentUrl on session 274d0def-5b56-44fd-a9eb-51879e7f2c50 to remote] DEBUG org.asynchttpclient.netty.request.NettyRequestSender -- Using open Channel [id: 0xd10db2e3, L:/127.0.0.1:56642 - R:localhost/127.0.0.1:43073] for GET '/session/274d0def-5b56-44fd-a9eb-51879e7f2c50/url'
20:42:07.168 [AsyncHttpClient-1-2] DEBUG org.asynchttpclient.netty.handler.HttpHandler -- 

Request DefaultFullHttpRequest(decodeResult: success, version: HTTP/1.1, content: EmptyByteBufBE)
GET /session/274d0def-5b56-44fd-a9eb-51879e7f2c50/url HTTP/1.1
Cache-Control: no-cache
User-Agent: selenium/4.12.0 (java windows)
Content-Type: application/json; charset=utf-8
host: localhost:43073
accept: */*

Response DefaultHttpResponse(decodeResult: success, version: HTTP/1.1)
HTTP/1.1 200 OK
content-type: application/json; charset=utf-8
cache-control: no-cache
content-length: 39
date: Sun, 28 Apr 2024 01:42:07 GMT

20:42:07.168 [AsyncHttpClient-1-2] DEBUG org.asynchttpclient.netty.channel.ChannelManager -- Adding key: http://localhost:43073 for channel [id: 0xd10db2e3, L:/127.0.0.1:56642 - R:localhost/127.0.0.1:43073]
20:42:07.168 [Forwarding screenshot on session 274d0def-5b56-44fd-a9eb-51879e7f2c50 to remote] DEBUG org.asynchttpclient.netty.request.NettyRequestSender -- Using pooled Channel '[id: 0xd10db2e3, L:/127.0.0.1:56642 - R:localhost/127.0.0.1:43073]' for 'GET' to 'http://localhost:43073/session/274d0def-5b56-44fd-a9eb-51879e7f2c50/screenshot'
20:42:07.168 [Forwarding screenshot on session 274d0def-5b56-44fd-a9eb-51879e7f2c50 to remote] DEBUG org.asynchttpclient.netty.request.NettyRequestSender -- Using open Channel [id: 0xd10db2e3, L:/127.0.0.1:56642 - R:localhost/127.0.0.1:43073] for GET '/session/274d0def-5b56-44fd-a9eb-51879e7f2c50/screenshot'
20:42:07.235 [AsyncHttpClient-1-2] DEBUG org.asynchttpclient.netty.handler.HttpHandler -- 

Request DefaultFullHttpRequest(decodeResult: success, version: HTTP/1.1, content: EmptyByteBufBE)
GET /session/274d0def-5b56-44fd-a9eb-51879e7f2c50/screenshot HTTP/1.1
Cache-Control: no-cache
User-Agent: selenium/4.12.0 (java windows)
Content-Type: application/json; charset=utf-8
host: localhost:43073
accept: */*

Response DefaultHttpResponse(decodeResult: success, version: HTTP/1.1)
HTTP/1.1 200 OK
content-type: application/json; charset=utf-8
cache-control: no-cache
content-length: 800340
date: Sun, 28 Apr 2024 01:42:07 GMT

20:42:07.235 [AsyncHttpClient-1-2] DEBUG org.asynchttpclient.netty.channel.ChannelManager -- Adding key: http://localhost:43073 for channel [id: 0xd10db2e3, L:/127.0.0.1:56642 - R:localhost/127.0.0.1:43073]
20:42:07.252 [main] DEBUG net.serenitybdd.core.photography.Darkroom -- Send negative for processing for C:\Users\USUARIO\OneDrive\Documentos\02 Automatización\03 Pragma\pragma\pragma\target\site\serenity\c6d2d59253a3c52d8b8db4ad723f6da73641757028d146bd6c52f7f99c9aebe9.png
20:42:07.335 [AsyncHttpClient-1-1] DEBUG org.asynchttpclient.netty.channel.DefaultChannelPool -- Entry count for : http://localhost:43073 : 1
20:42:08.258 [main] DEBUG net.thucydides.core.steps.StepInterceptor -- STARTING STEP: StepInterceptor.testContext - ingresoAlProducto
20:42:08.258 [Forwarding findElement on session 274d0def-5b56-44fd-a9eb-51879e7f2c50 to remote] DEBUG org.asynchttpclient.netty.request.NettyRequestSender -- Using pooled Channel '[id: 0xd10db2e3, L:/127.0.0.1:56642 - R:localhost/127.0.0.1:43073]' for 'POST' to 'http://localhost:43073/session/274d0def-5b56-44fd-a9eb-51879e7f2c50/element'
20:42:08.258 [Forwarding findElement on session 274d0def-5b56-44fd-a9eb-51879e7f2c50 to remote] DEBUG org.asynchttpclient.netty.request.NettyRequestSender -- Using open Channel [id: 0xd10db2e3, L:/127.0.0.1:56642 - R:localhost/127.0.0.1:43073] for POST '/session/274d0def-5b56-44fd-a9eb-51879e7f2c50/element'
20:42:08.258 [AsyncHttpClient-1-2] DEBUG org.asynchttpclient.netty.handler.HttpHandler -- 

Request DefaultHttpRequest(decodeResult: success, version: HTTP/1.1)
POST /session/274d0def-5b56-44fd-a9eb-51879e7f2c50/element HTTP/1.1
User-Agent: selenium/4.12.0 (java windows)
Content-Length: 88
Content-Type: application/json; charset=utf-8
host: localhost:43073
accept: */*

Response DefaultHttpResponse(decodeResult: success, version: HTTP/1.1)
HTTP/1.1 200 OK
content-type: application/json; charset=utf-8
cache-control: no-cache
content-length: 88
date: Sun, 28 Apr 2024 01:42:08 GMT

20:42:08.258 [AsyncHttpClient-1-2] DEBUG org.asynchttpclient.netty.channel.ChannelManager -- Adding key: http://localhost:43073 for channel [id: 0xd10db2e3, L:/127.0.0.1:56642 - R:localhost/127.0.0.1:43073]
20:42:08.258 [Forwarding getElementTagName on session 274d0def-5b56-44fd-a9eb-51879e7f2c50 to remote] DEBUG org.asynchttpclient.netty.request.NettyRequestSender -- Using pooled Channel '[id: 0xd10db2e3, L:/127.0.0.1:56642 - R:localhost/127.0.0.1:43073]' for 'GET' to 'http://localhost:43073/session/274d0def-5b56-44fd-a9eb-51879e7f2c50/element/b70e09b6-a6fc-4d77-87df-a656f6ca6330/name'
20:42:08.270 [Forwarding getElementTagName on session 274d0def-5b56-44fd-a9eb-51879e7f2c50 to remote] DEBUG org.asynchttpclient.netty.request.NettyRequestSender -- Using open Channel [id: 0xd10db2e3, L:/127.0.0.1:56642 - R:localhost/127.0.0.1:43073] for GET '/session/274d0def-5b56-44fd-a9eb-51879e7f2c50/element/b70e09b6-a6fc-4d77-87df-a656f6ca6330/name'
20:42:08.270 [AsyncHttpClient-1-2] DEBUG org.asynchttpclient.netty.handler.HttpHandler -- 

Request DefaultFullHttpRequest(decodeResult: success, version: HTTP/1.1, content: EmptyByteBufBE)
GET /session/274d0def-5b56-44fd-a9eb-51879e7f2c50/element/b70e09b6-a6fc-4d77-87df-a656f6ca6330/name HTTP/1.1
Cache-Control: no-cache
User-Agent: selenium/4.12.0 (java windows)
Content-Type: application/json; charset=utf-8
host: localhost:43073
accept: */*

Response DefaultHttpResponse(decodeResult: success, version: HTTP/1.1)
HTTP/1.1 200 OK
content-type: application/json; charset=utf-8
cache-control: no-cache
content-length: 13
date: Sun, 28 Apr 2024 01:42:08 GMT

20:42:08.270 [AsyncHttpClient-1-2] DEBUG org.asynchttpclient.netty.channel.ChannelManager -- Adding key: http://localhost:43073 for channel [id: 0xd10db2e3, L:/127.0.0.1:56642 - R:localhost/127.0.0.1:43073]
20:42:08.270 [Forwarding getElementTagName on session 274d0def-5b56-44fd-a9eb-51879e7f2c50 to remote] DEBUG org.asynchttpclient.netty.request.NettyRequestSender -- Using pooled Channel '[id: 0xd10db2e3, L:/127.0.0.1:56642 - R:localhost/127.0.0.1:43073]' for 'GET' to 'http://localhost:43073/session/274d0def-5b56-44fd-a9eb-51879e7f2c50/element/b70e09b6-a6fc-4d77-87df-a656f6ca6330/name'
20:42:08.270 [Forwarding getElementTagName on session 274d0def-5b56-44fd-a9eb-51879e7f2c50 to remote] DEBUG org.asynchttpclient.netty.request.NettyRequestSender -- Using open Channel [id: 0xd10db2e3, L:/127.0.0.1:56642 - R:localhost/127.0.0.1:43073] for GET '/session/274d0def-5b56-44fd-a9eb-51879e7f2c50/element/b70e09b6-a6fc-4d77-87df-a656f6ca6330/name'
20:42:08.270 [AsyncHttpClient-1-2] DEBUG org.asynchttpclient.netty.handler.HttpHandler -- 

Request DefaultFullHttpRequest(decodeResult: success, version: HTTP/1.1, content: EmptyByteBufBE)
GET /session/274d0def-5b56-44fd-a9eb-51879e7f2c50/element/b70e09b6-a6fc-4d77-87df-a656f6ca6330/name HTTP/1.1
Cache-Control: no-cache
User-Agent: selenium/4.12.0 (java windows)
Content-Type: application/json; charset=utf-8
host: localhost:43073
accept: */*

Response DefaultHttpResponse(decodeResult: success, version: HTTP/1.1)
HTTP/1.1 200 OK
content-type: application/json; charset=utf-8
cache-control: no-cache
content-length: 13
date: Sun, 28 Apr 2024 01:42:08 GMT

20:42:08.270 [AsyncHttpClient-1-2] DEBUG org.asynchttpclient.netty.channel.ChannelManager -- Adding key: http://localhost:43073 for channel [id: 0xd10db2e3, L:/127.0.0.1:56642 - R:localhost/127.0.0.1:43073]
20:42:08.270 [Forwarding findElement on session 274d0def-5b56-44fd-a9eb-51879e7f2c50 to remote] DEBUG org.asynchttpclient.netty.request.NettyRequestSender -- Using pooled Channel '[id: 0xd10db2e3, L:/127.0.0.1:56642 - R:localhost/127.0.0.1:43073]' for 'POST' to 'http://localhost:43073/session/274d0def-5b56-44fd-a9eb-51879e7f2c50/element'
20:42:08.270 [Forwarding findElement on session 274d0def-5b56-44fd-a9eb-51879e7f2c50 to remote] DEBUG org.asynchttpclient.netty.request.NettyRequestSender -- Using open Channel [id: 0xd10db2e3, L:/127.0.0.1:56642 - R:localhost/127.0.0.1:43073] for POST '/session/274d0def-5b56-44fd-a9eb-51879e7f2c50/element'
20:42:08.270 [AsyncHttpClient-1-2] DEBUG org.asynchttpclient.netty.handler.HttpHandler -- 

Request DefaultHttpRequest(decodeResult: success, version: HTTP/1.1)
POST /session/274d0def-5b56-44fd-a9eb-51879e7f2c50/element HTTP/1.1
User-Agent: selenium/4.12.0 (java windows)
Content-Length: 88
Content-Type: application/json; charset=utf-8
host: localhost:43073
accept: */*

Response DefaultHttpResponse(decodeResult: success, version: HTTP/1.1)
HTTP/1.1 200 OK
content-type: application/json; charset=utf-8
cache-control: no-cache
content-length: 88
date: Sun, 28 Apr 2024 01:42:08 GMT

20:42:08.270 [AsyncHttpClient-1-2] DEBUG org.asynchttpclient.netty.channel.ChannelManager -- Adding key: http://localhost:43073 for channel [id: 0xd10db2e3, L:/127.0.0.1:56642 - R:localhost/127.0.0.1:43073]
20:42:08.270 [Forwarding clickElement on session 274d0def-5b56-44fd-a9eb-51879e7f2c50 to remote] DEBUG org.asynchttpclient.netty.request.NettyRequestSender -- Using pooled Channel '[id: 0xd10db2e3, L:/127.0.0.1:56642 - R:localhost/127.0.0.1:43073]' for 'POST' to 'http://localhost:43073/session/274d0def-5b56-44fd-a9eb-51879e7f2c50/element/b70e09b6-a6fc-4d77-87df-a656f6ca6330/click'
20:42:08.270 [Forwarding clickElement on session 274d0def-5b56-44fd-a9eb-51879e7f2c50 to remote] DEBUG org.asynchttpclient.netty.request.NettyRequestSender -- Using open Channel [id: 0xd10db2e3, L:/127.0.0.1:56642 - R:localhost/127.0.0.1:43073] for POST '/session/274d0def-5b56-44fd-a9eb-51879e7f2c50/element/b70e09b6-a6fc-4d77-87df-a656f6ca6330/click'
20:42:08.573 [AsyncHttpClient-1-2] DEBUG org.asynchttpclient.netty.handler.HttpHandler -- 

Request DefaultHttpRequest(decodeResult: success, version: HTTP/1.1)
POST /session/274d0def-5b56-44fd-a9eb-51879e7f2c50/element/b70e09b6-a6fc-4d77-87df-a656f6ca6330/click HTTP/1.1
User-Agent: selenium/4.12.0 (java windows)
Content-Length: 50
Content-Type: application/json; charset=utf-8
host: localhost:43073
accept: */*

Response DefaultHttpResponse(decodeResult: success, version: HTTP/1.1)
HTTP/1.1 200 OK
content-type: application/json; charset=utf-8
cache-control: no-cache
content-length: 14
date: Sun, 28 Apr 2024 01:42:08 GMT

20:42:08.573 [AsyncHttpClient-1-2] DEBUG org.asynchttpclient.netty.channel.ChannelManager -- Adding key: http://localhost:43073 for channel [id: 0xd10db2e3, L:/127.0.0.1:56642 - R:localhost/127.0.0.1:43073]
20:42:08.582 [Forwarding findElement on session 274d0def-5b56-44fd-a9eb-51879e7f2c50 to remote] DEBUG org.asynchttpclient.netty.request.NettyRequestSender -- Using pooled Channel '[id: 0xd10db2e3, L:/127.0.0.1:56642 - R:localhost/127.0.0.1:43073]' for 'POST' to 'http://localhost:43073/session/274d0def-5b56-44fd-a9eb-51879e7f2c50/element'
20:42:08.582 [Forwarding findElement on session 274d0def-5b56-44fd-a9eb-51879e7f2c50 to remote] DEBUG org.asynchttpclient.netty.request.NettyRequestSender -- Using open Channel [id: 0xd10db2e3, L:/127.0.0.1:56642 - R:localhost/127.0.0.1:43073] for POST '/session/274d0def-5b56-44fd-a9eb-51879e7f2c50/element'
20:42:08.944 [AsyncHttpClient-1-2] DEBUG org.asynchttpclient.netty.handler.HttpHandler -- 

Request DefaultHttpRequest(decodeResult: success, version: HTTP/1.1)
POST /session/274d0def-5b56-44fd-a9eb-51879e7f2c50/element HTTP/1.1
User-Agent: selenium/4.12.0 (java windows)
Content-Length: 66
Content-Type: application/json; charset=utf-8
host: localhost:43073
accept: */*

Response DefaultHttpResponse(decodeResult: success, version: HTTP/1.1)
HTTP/1.1 200 OK
content-type: application/json; charset=utf-8
cache-control: no-cache
content-length: 88
date: Sun, 28 Apr 2024 01:42:08 GMT

20:42:08.944 [AsyncHttpClient-1-2] DEBUG org.asynchttpclient.netty.channel.ChannelManager -- Adding key: http://localhost:43073 for channel [id: 0xd10db2e3, L:/127.0.0.1:56642 - R:localhost/127.0.0.1:43073]
20:42:08.951 [Forwarding getElementText on session 274d0def-5b56-44fd-a9eb-51879e7f2c50 to remote] DEBUG org.asynchttpclient.netty.request.NettyRequestSender -- Using pooled Channel '[id: 0xd10db2e3, L:/127.0.0.1:56642 - R:localhost/127.0.0.1:43073]' for 'GET' to 'http://localhost:43073/session/274d0def-5b56-44fd-a9eb-51879e7f2c50/element/40abe2ee-878b-45ff-a40f-a1e663b49734/text'
20:42:08.951 [Forwarding getElementText on session 274d0def-5b56-44fd-a9eb-51879e7f2c50 to remote] DEBUG org.asynchttpclient.netty.request.NettyRequestSender -- Using open Channel [id: 0xd10db2e3, L:/127.0.0.1:56642 - R:localhost/127.0.0.1:43073] for GET '/session/274d0def-5b56-44fd-a9eb-51879e7f2c50/element/40abe2ee-878b-45ff-a40f-a1e663b49734/text'
20:42:08.963 [AsyncHttpClient-1-2] DEBUG org.asynchttpclient.netty.handler.HttpHandler -- 

Request DefaultFullHttpRequest(decodeResult: success, version: HTTP/1.1, content: EmptyByteBufBE)
GET /session/274d0def-5b56-44fd-a9eb-51879e7f2c50/element/40abe2ee-878b-45ff-a40f-a1e663b49734/text HTTP/1.1
Cache-Control: no-cache
User-Agent: selenium/4.12.0 (java windows)
Content-Type: application/json; charset=utf-8
host: localhost:43073
accept: */*

Response DefaultHttpResponse(decodeResult: success, version: HTTP/1.1)
HTTP/1.1 200 OK
content-type: application/json; charset=utf-8
cache-control: no-cache
content-length: 29
date: Sun, 28 Apr 2024 01:42:08 GMT

20:42:08.963 [AsyncHttpClient-1-2] DEBUG org.asynchttpclient.netty.channel.ChannelManager -- Adding key: http://localhost:43073 for channel [id: 0xd10db2e3, L:/127.0.0.1:56642 - R:localhost/127.0.0.1:43073]
20:42:08.978 [Forwarding getAlertText on session 274d0def-5b56-44fd-a9eb-51879e7f2c50 to remote] DEBUG org.asynchttpclient.netty.request.NettyRequestSender -- Using pooled Channel '[id: 0xd10db2e3, L:/127.0.0.1:56642 - R:localhost/127.0.0.1:43073]' for 'GET' to 'http://localhost:43073/session/274d0def-5b56-44fd-a9eb-51879e7f2c50/alert/text'
20:42:08.978 [Forwarding getAlertText on session 274d0def-5b56-44fd-a9eb-51879e7f2c50 to remote] DEBUG org.asynchttpclient.netty.request.NettyRequestSender -- Using open Channel [id: 0xd10db2e3, L:/127.0.0.1:56642 - R:localhost/127.0.0.1:43073] for GET '/session/274d0def-5b56-44fd-a9eb-51879e7f2c50/alert/text'
20:42:08.978 [AsyncHttpClient-1-2] DEBUG org.asynchttpclient.netty.handler.HttpHandler -- 

Request DefaultFullHttpRequest(decodeResult: success, version: HTTP/1.1, content: EmptyByteBufBE)
GET /session/274d0def-5b56-44fd-a9eb-51879e7f2c50/alert/text HTTP/1.1
Cache-Control: no-cache
User-Agent: selenium/4.12.0 (java windows)
Content-Type: application/json; charset=utf-8
host: localhost:43073
accept: */*

Response DefaultHttpResponse(decodeResult: success, version: HTTP/1.1)
HTTP/1.1 404 Not Found
content-type: application/json; charset=utf-8
cache-control: no-cache
content-length: 842
date: Sun, 28 Apr 2024 01:42:08 GMT

20:42:08.978 [AsyncHttpClient-1-2] DEBUG org.asynchttpclient.netty.channel.ChannelManager -- Adding key: http://localhost:43073 for channel [id: 0xd10db2e3, L:/127.0.0.1:56642 - R:localhost/127.0.0.1:43073]
20:42:08.985 [Forwarding getCurrentUrl on session 274d0def-5b56-44fd-a9eb-51879e7f2c50 to remote] DEBUG org.asynchttpclient.netty.request.NettyRequestSender -- Using pooled Channel '[id: 0xd10db2e3, L:/127.0.0.1:56642 - R:localhost/127.0.0.1:43073]' for 'GET' to 'http://localhost:43073/session/274d0def-5b56-44fd-a9eb-51879e7f2c50/url'
20:42:08.986 [Forwarding getCurrentUrl on session 274d0def-5b56-44fd-a9eb-51879e7f2c50 to remote] DEBUG org.asynchttpclient.netty.request.NettyRequestSender -- Using open Channel [id: 0xd10db2e3, L:/127.0.0.1:56642 - R:localhost/127.0.0.1:43073] for GET '/session/274d0def-5b56-44fd-a9eb-51879e7f2c50/url'
20:42:08.991 [AsyncHttpClient-1-2] DEBUG org.asynchttpclient.netty.handler.HttpHandler -- 

Request DefaultFullHttpRequest(decodeResult: success, version: HTTP/1.1, content: EmptyByteBufBE)
GET /session/274d0def-5b56-44fd-a9eb-51879e7f2c50/url HTTP/1.1
Cache-Control: no-cache
User-Agent: selenium/4.12.0 (java windows)
Content-Type: application/json; charset=utf-8
host: localhost:43073
accept: */*

Response DefaultHttpResponse(decodeResult: success, version: HTTP/1.1)
HTTP/1.1 200 OK
content-type: application/json; charset=utf-8
cache-control: no-cache
content-length: 54
date: Sun, 28 Apr 2024 01:42:08 GMT

20:42:08.992 [AsyncHttpClient-1-2] DEBUG org.asynchttpclient.netty.channel.ChannelManager -- Adding key: http://localhost:43073 for channel [id: 0xd10db2e3, L:/127.0.0.1:56642 - R:localhost/127.0.0.1:43073]
20:42:08.992 [Forwarding screenshot on session 274d0def-5b56-44fd-a9eb-51879e7f2c50 to remote] DEBUG org.asynchttpclient.netty.request.NettyRequestSender -- Using pooled Channel '[id: 0xd10db2e3, L:/127.0.0.1:56642 - R:localhost/127.0.0.1:43073]' for 'GET' to 'http://localhost:43073/session/274d0def-5b56-44fd-a9eb-51879e7f2c50/screenshot'
20:42:08.992 [Forwarding screenshot on session 274d0def-5b56-44fd-a9eb-51879e7f2c50 to remote] DEBUG org.asynchttpclient.netty.request.NettyRequestSender -- Using open Channel [id: 0xd10db2e3, L:/127.0.0.1:56642 - R:localhost/127.0.0.1:43073] for GET '/session/274d0def-5b56-44fd-a9eb-51879e7f2c50/screenshot'
20:42:09.052 [AsyncHttpClient-1-2] DEBUG org.asynchttpclient.netty.handler.HttpHandler -- 

Request DefaultFullHttpRequest(decodeResult: success, version: HTTP/1.1, content: EmptyByteBufBE)
GET /session/274d0def-5b56-44fd-a9eb-51879e7f2c50/screenshot HTTP/1.1
Cache-Control: no-cache
User-Agent: selenium/4.12.0 (java windows)
Content-Type: application/json; charset=utf-8
host: localhost:43073
accept: */*

Response DefaultHttpResponse(decodeResult: success, version: HTTP/1.1)
HTTP/1.1 200 OK
content-type: application/json; charset=utf-8
cache-control: no-cache
content-length: 569920
date: Sun, 28 Apr 2024 01:42:08 GMT

20:42:09.062 [AsyncHttpClient-1-2] DEBUG org.asynchttpclient.netty.channel.ChannelManager -- Adding key: http://localhost:43073 for channel [id: 0xd10db2e3, L:/127.0.0.1:56642 - R:localhost/127.0.0.1:43073]
20:42:09.070 [main] DEBUG net.serenitybdd.core.photography.Darkroom -- Send negative for processing for C:\Users\USUARIO\OneDrive\Documentos\02 Automatización\03 Pragma\pragma\pragma\target\site\serenity\ae582afb1ecbb305068cab16d446c61923594e225aa13c9491f9a808e3ec74c1.png
20:42:09.070 [Darkroom Processing Line] DEBUG net.serenitybdd.core.photography.DarkroomProcessingLine -- Processing screenshot image in /var/screenshots/screenshot-9185993819620429957
20:42:09.070 [Darkroom Processing Line] DEBUG net.serenitybdd.core.photography.DarkroomProcessingLine -- Saving screenshot to C:\Users\USUARIO\OneDrive\Documentos\02 Automatización\03 Pragma\pragma\pragma\target\site\serenity\ae582afb1ecbb305068cab16d446c61923594e225aa13c9491f9a808e3ec74c1.png
20:42:09.532 [AsyncHttpClient-1-1] DEBUG org.asynchttpclient.netty.channel.DefaultChannelPool -- Entry count for : http://localhost:43073 : 1
20:42:10.079 [main] DEBUG net.thucydides.core.steps.StepInterceptor -- STEP DONE: ingresoAlProducto
20:42:10.079 [Forwarding getAlertText on session 274d0def-5b56-44fd-a9eb-51879e7f2c50 to remote] DEBUG org.asynchttpclient.netty.request.NettyRequestSender -- Using pooled Channel '[id: 0xd10db2e3, L:/127.0.0.1:56642 - R:localhost/127.0.0.1:43073]' for 'GET' to 'http://localhost:43073/session/274d0def-5b56-44fd-a9eb-51879e7f2c50/alert/text'
20:42:10.079 [Forwarding getAlertText on session 274d0def-5b56-44fd-a9eb-51879e7f2c50 to remote] DEBUG org.asynchttpclient.netty.request.NettyRequestSender -- Using open Channel [id: 0xd10db2e3, L:/127.0.0.1:56642 - R:localhost/127.0.0.1:43073] for GET '/session/274d0def-5b56-44fd-a9eb-51879e7f2c50/alert/text'
20:42:10.085 [AsyncHttpClient-1-2] DEBUG org.asynchttpclient.netty.handler.HttpHandler -- 

Request DefaultFullHttpRequest(decodeResult: success, version: HTTP/1.1, content: EmptyByteBufBE)
GET /session/274d0def-5b56-44fd-a9eb-51879e7f2c50/alert/text HTTP/1.1
Cache-Control: no-cache
User-Agent: selenium/4.12.0 (java windows)
Content-Type: application/json; charset=utf-8
host: localhost:43073
accept: */*

Response DefaultHttpResponse(decodeResult: success, version: HTTP/1.1)
HTTP/1.1 404 Not Found
content-type: application/json; charset=utf-8
cache-control: no-cache
content-length: 842
date: Sun, 28 Apr 2024 01:42:10 GMT

20:42:10.085 [AsyncHttpClient-1-2] DEBUG org.asynchttpclient.netty.channel.ChannelManager -- Adding key: http://localhost:43073 for channel [id: 0xd10db2e3, L:/127.0.0.1:56642 - R:localhost/127.0.0.1:43073]
20:42:10.086 [Forwarding getCurrentUrl on session 274d0def-5b56-44fd-a9eb-51879e7f2c50 to remote] DEBUG org.asynchttpclient.netty.request.NettyRequestSender -- Using pooled Channel '[id: 0xd10db2e3, L:/127.0.0.1:56642 - R:localhost/127.0.0.1:43073]' for 'GET' to 'http://localhost:43073/session/274d0def-5b56-44fd-a9eb-51879e7f2c50/url'
20:42:10.086 [Forwarding getCurrentUrl on session 274d0def-5b56-44fd-a9eb-51879e7f2c50 to remote] DEBUG org.asynchttpclient.netty.request.NettyRequestSender -- Using open Channel [id: 0xd10db2e3, L:/127.0.0.1:56642 - R:localhost/127.0.0.1:43073] for GET '/session/274d0def-5b56-44fd-a9eb-51879e7f2c50/url'
20:42:10.086 [AsyncHttpClient-1-2] DEBUG org.asynchttpclient.netty.handler.HttpHandler -- 

Request DefaultFullHttpRequest(decodeResult: success, version: HTTP/1.1, content: EmptyByteBufBE)
GET /session/274d0def-5b56-44fd-a9eb-51879e7f2c50/url HTTP/1.1
Cache-Control: no-cache
User-Agent: selenium/4.12.0 (java windows)
Content-Type: application/json; charset=utf-8
host: localhost:43073
accept: */*

Response DefaultHttpResponse(decodeResult: success, version: HTTP/1.1)
HTTP/1.1 200 OK
content-type: application/json; charset=utf-8
cache-control: no-cache
content-length: 54
date: Sun, 28 Apr 2024 01:42:10 GMT

20:42:10.086 [AsyncHttpClient-1-2] DEBUG org.asynchttpclient.netty.channel.ChannelManager -- Adding key: http://localhost:43073 for channel [id: 0xd10db2e3, L:/127.0.0.1:56642 - R:localhost/127.0.0.1:43073]
20:42:10.086 [Forwarding screenshot on session 274d0def-5b56-44fd-a9eb-51879e7f2c50 to remote] DEBUG org.asynchttpclient.netty.request.NettyRequestSender -- Using pooled Channel '[id: 0xd10db2e3, L:/127.0.0.1:56642 - R:localhost/127.0.0.1:43073]' for 'GET' to 'http://localhost:43073/session/274d0def-5b56-44fd-a9eb-51879e7f2c50/screenshot'
20:42:10.086 [Forwarding screenshot on session 274d0def-5b56-44fd-a9eb-51879e7f2c50 to remote] DEBUG org.asynchttpclient.netty.request.NettyRequestSender -- Using open Channel [id: 0xd10db2e3, L:/127.0.0.1:56642 - R:localhost/127.0.0.1:43073] for GET '/session/274d0def-5b56-44fd-a9eb-51879e7f2c50/screenshot'
20:42:10.138 [AsyncHttpClient-1-2] DEBUG org.asynchttpclient.netty.handler.HttpHandler -- 

Request DefaultFullHttpRequest(decodeResult: success, version: HTTP/1.1, content: EmptyByteBufBE)
GET /session/274d0def-5b56-44fd-a9eb-51879e7f2c50/screenshot HTTP/1.1
Cache-Control: no-cache
User-Agent: selenium/4.12.0 (java windows)
Content-Type: application/json; charset=utf-8
host: localhost:43073
accept: */*

Response DefaultHttpResponse(decodeResult: success, version: HTTP/1.1)
HTTP/1.1 200 OK
content-type: application/json; charset=utf-8
cache-control: no-cache
content-length: 569920
date: Sun, 28 Apr 2024 01:42:10 GMT

20:42:10.138 [AsyncHttpClient-1-2] DEBUG org.asynchttpclient.netty.channel.ChannelManager -- Adding key: http://localhost:43073 for channel [id: 0xd10db2e3, L:/127.0.0.1:56642 - R:localhost/127.0.0.1:43073]
20:42:10.147 [main] DEBUG net.serenitybdd.core.photography.Darkroom -- Send negative for processing for C:\Users\USUARIO\OneDrive\Documentos\02 Automatización\03 Pragma\pragma\pragma\target\site\serenity\ae582afb1ecbb305068cab16d446c61923594e225aa13c9491f9a808e3ec74c1.png
20:42:10.635 [AsyncHttpClient-1-1] DEBUG org.asynchttpclient.netty.channel.DefaultChannelPool -- Entry count for : http://localhost:43073 : 1
20:42:11.160 [main] DEBUG net.thucydides.core.steps.StepInterceptor -- STARTING STEP: StepInterceptor.testContext - extraigoElNombreYPrecioDelProducto
20:42:11.163 [Forwarding findElement on session 274d0def-5b56-44fd-a9eb-51879e7f2c50 to remote] DEBUG org.asynchttpclient.netty.request.NettyRequestSender -- Using pooled Channel '[id: 0xd10db2e3, L:/127.0.0.1:56642 - R:localhost/127.0.0.1:43073]' for 'POST' to 'http://localhost:43073/session/274d0def-5b56-44fd-a9eb-51879e7f2c50/element'
20:42:11.164 [Forwarding findElement on session 274d0def-5b56-44fd-a9eb-51879e7f2c50 to remote] DEBUG org.asynchttpclient.netty.request.NettyRequestSender -- Using open Channel [id: 0xd10db2e3, L:/127.0.0.1:56642 - R:localhost/127.0.0.1:43073] for POST '/session/274d0def-5b56-44fd-a9eb-51879e7f2c50/element'
20:42:11.168 [AsyncHttpClient-1-2] DEBUG org.asynchttpclient.netty.handler.HttpHandler -- 

Request DefaultHttpRequest(decodeResult: success, version: HTTP/1.1)
POST /session/274d0def-5b56-44fd-a9eb-51879e7f2c50/element HTTP/1.1
User-Agent: selenium/4.12.0 (java windows)
Content-Length: 77
Content-Type: application/json; charset=utf-8
host: localhost:43073
accept: */*

Response DefaultHttpResponse(decodeResult: success, version: HTTP/1.1)
HTTP/1.1 200 OK
content-type: application/json; charset=utf-8
cache-control: no-cache
content-length: 88
date: Sun, 28 Apr 2024 01:42:11 GMT

20:42:11.168 [AsyncHttpClient-1-2] DEBUG org.asynchttpclient.netty.channel.ChannelManager -- Adding key: http://localhost:43073 for channel [id: 0xd10db2e3, L:/127.0.0.1:56642 - R:localhost/127.0.0.1:43073]
20:42:11.168 [Forwarding getElementText on session 274d0def-5b56-44fd-a9eb-51879e7f2c50 to remote] DEBUG org.asynchttpclient.netty.request.NettyRequestSender -- Using pooled Channel '[id: 0xd10db2e3, L:/127.0.0.1:56642 - R:localhost/127.0.0.1:43073]' for 'GET' to 'http://localhost:43073/session/274d0def-5b56-44fd-a9eb-51879e7f2c50/element/3dee1e18-aed3-4932-894b-c5b3fb9eb6e3/text'
20:42:11.168 [Forwarding getElementText on session 274d0def-5b56-44fd-a9eb-51879e7f2c50 to remote] DEBUG org.asynchttpclient.netty.request.NettyRequestSender -- Using open Channel [id: 0xd10db2e3, L:/127.0.0.1:56642 - R:localhost/127.0.0.1:43073] for GET '/session/274d0def-5b56-44fd-a9eb-51879e7f2c50/element/3dee1e18-aed3-4932-894b-c5b3fb9eb6e3/text'
20:42:11.177 [AsyncHttpClient-1-2] DEBUG org.asynchttpclient.netty.handler.HttpHandler -- 

Request DefaultFullHttpRequest(decodeResult: success, version: HTTP/1.1, content: EmptyByteBufBE)
GET /session/274d0def-5b56-44fd-a9eb-51879e7f2c50/element/3dee1e18-aed3-4932-894b-c5b3fb9eb6e3/text HTTP/1.1
Cache-Control: no-cache
User-Agent: selenium/4.12.0 (java windows)
Content-Type: application/json; charset=utf-8
host: localhost:43073
accept: */*

Response DefaultHttpResponse(decodeResult: success, version: HTTP/1.1)
HTTP/1.1 200 OK
content-type: application/json; charset=utf-8
cache-control: no-cache
content-length: 30
date: Sun, 28 Apr 2024 01:42:11 GMT

20:42:11.177 [AsyncHttpClient-1-2] DEBUG org.asynchttpclient.netty.channel.ChannelManager -- Adding key: http://localhost:43073 for channel [id: 0xd10db2e3, L:/127.0.0.1:56642 - R:localhost/127.0.0.1:43073]
20:42:11.177 [Forwarding findElement on session 274d0def-5b56-44fd-a9eb-51879e7f2c50 to remote] DEBUG org.asynchttpclient.netty.request.NettyRequestSender -- Using pooled Channel '[id: 0xd10db2e3, L:/127.0.0.1:56642 - R:localhost/127.0.0.1:43073]' for 'POST' to 'http://localhost:43073/session/274d0def-5b56-44fd-a9eb-51879e7f2c50/element'
20:42:11.177 [Forwarding findElement on session 274d0def-5b56-44fd-a9eb-51879e7f2c50 to remote] DEBUG org.asynchttpclient.netty.request.NettyRequestSender -- Using open Channel [id: 0xd10db2e3, L:/127.0.0.1:56642 - R:localhost/127.0.0.1:43073] for POST '/session/274d0def-5b56-44fd-a9eb-51879e7f2c50/element'
20:42:11.186 [AsyncHttpClient-1-2] DEBUG org.asynchttpclient.netty.handler.HttpHandler -- 

Request DefaultHttpRequest(decodeResult: success, version: HTTP/1.1)
POST /session/274d0def-5b56-44fd-a9eb-51879e7f2c50/element HTTP/1.1
User-Agent: selenium/4.12.0 (java windows)
Content-Length: 66
Content-Type: application/json; charset=utf-8
host: localhost:43073
accept: */*

Response DefaultHttpResponse(decodeResult: success, version: HTTP/1.1)
HTTP/1.1 200 OK
content-type: application/json; charset=utf-8
cache-control: no-cache
content-length: 88
date: Sun, 28 Apr 2024 01:42:11 GMT

20:42:11.186 [AsyncHttpClient-1-2] DEBUG org.asynchttpclient.netty.channel.ChannelManager -- Adding key: http://localhost:43073 for channel [id: 0xd10db2e3, L:/127.0.0.1:56642 - R:localhost/127.0.0.1:43073]
20:42:11.186 [Forwarding getElementText on session 274d0def-5b56-44fd-a9eb-51879e7f2c50 to remote] DEBUG org.asynchttpclient.netty.request.NettyRequestSender -- Using pooled Channel '[id: 0xd10db2e3, L:/127.0.0.1:56642 - R:localhost/127.0.0.1:43073]' for 'GET' to 'http://localhost:43073/session/274d0def-5b56-44fd-a9eb-51879e7f2c50/element/40abe2ee-878b-45ff-a40f-a1e663b49734/text'
20:42:11.186 [Forwarding getElementText on session 274d0def-5b56-44fd-a9eb-51879e7f2c50 to remote] DEBUG org.asynchttpclient.netty.request.NettyRequestSender -- Using open Channel [id: 0xd10db2e3, L:/127.0.0.1:56642 - R:localhost/127.0.0.1:43073] for GET '/session/274d0def-5b56-44fd-a9eb-51879e7f2c50/element/40abe2ee-878b-45ff-a40f-a1e663b49734/text'
20:42:11.201 [AsyncHttpClient-1-2] DEBUG org.asynchttpclient.netty.handler.HttpHandler -- 

Request DefaultFullHttpRequest(decodeResult: success, version: HTTP/1.1, content: EmptyByteBufBE)
GET /session/274d0def-5b56-44fd-a9eb-51879e7f2c50/element/40abe2ee-878b-45ff-a40f-a1e663b49734/text HTTP/1.1
Cache-Control: no-cache
User-Agent: selenium/4.12.0 (java windows)
Content-Type: application/json; charset=utf-8
host: localhost:43073
accept: */*

Response DefaultHttpResponse(decodeResult: success, version: HTTP/1.1)
HTTP/1.1 200 OK
content-type: application/json; charset=utf-8
cache-control: no-cache
content-length: 29
date: Sun, 28 Apr 2024 01:42:11 GMT

20:42:11.202 [AsyncHttpClient-1-2] DEBUG org.asynchttpclient.netty.channel.ChannelManager -- Adding key: http://localhost:43073 for channel [id: 0xd10db2e3, L:/127.0.0.1:56642 - R:localhost/127.0.0.1:43073]
20:42:11.203 [Forwarding findElement on session 274d0def-5b56-44fd-a9eb-51879e7f2c50 to remote] DEBUG org.asynchttpclient.netty.request.NettyRequestSender -- Using pooled Channel '[id: 0xd10db2e3, L:/127.0.0.1:56642 - R:localhost/127.0.0.1:43073]' for 'POST' to 'http://localhost:43073/session/274d0def-5b56-44fd-a9eb-51879e7f2c50/element'
20:42:11.203 [Forwarding findElement on session 274d0def-5b56-44fd-a9eb-51879e7f2c50 to remote] DEBUG org.asynchttpclient.netty.request.NettyRequestSender -- Using open Channel [id: 0xd10db2e3, L:/127.0.0.1:56642 - R:localhost/127.0.0.1:43073] for POST '/session/274d0def-5b56-44fd-a9eb-51879e7f2c50/element'
20:42:11.203 [AsyncHttpClient-1-2] DEBUG org.asynchttpclient.netty.handler.HttpHandler -- 

Request DefaultHttpRequest(decodeResult: success, version: HTTP/1.1)
POST /session/274d0def-5b56-44fd-a9eb-51879e7f2c50/element HTTP/1.1
User-Agent: selenium/4.12.0 (java windows)
Content-Length: 77
Content-Type: application/json; charset=utf-8
host: localhost:43073
accept: */*

Response DefaultHttpResponse(decodeResult: success, version: HTTP/1.1)
HTTP/1.1 200 OK
content-type: application/json; charset=utf-8
cache-control: no-cache
content-length: 88
date: Sun, 28 Apr 2024 01:42:11 GMT

20:42:11.212 [AsyncHttpClient-1-2] DEBUG org.asynchttpclient.netty.channel.ChannelManager -- Adding key: http://localhost:43073 for channel [id: 0xd10db2e3, L:/127.0.0.1:56642 - R:localhost/127.0.0.1:43073]
20:42:11.212 [Forwarding getElementText on session 274d0def-5b56-44fd-a9eb-51879e7f2c50 to remote] DEBUG org.asynchttpclient.netty.request.NettyRequestSender -- Using pooled Channel '[id: 0xd10db2e3, L:/127.0.0.1:56642 - R:localhost/127.0.0.1:43073]' for 'GET' to 'http://localhost:43073/session/274d0def-5b56-44fd-a9eb-51879e7f2c50/element/3dee1e18-aed3-4932-894b-c5b3fb9eb6e3/text'
20:42:11.212 [Forwarding getElementText on session 274d0def-5b56-44fd-a9eb-51879e7f2c50 to remote] DEBUG org.asynchttpclient.netty.request.NettyRequestSender -- Using open Channel [id: 0xd10db2e3, L:/127.0.0.1:56642 - R:localhost/127.0.0.1:43073] for GET '/session/274d0def-5b56-44fd-a9eb-51879e7f2c50/element/3dee1e18-aed3-4932-894b-c5b3fb9eb6e3/text'
20:42:11.221 [AsyncHttpClient-1-2] DEBUG org.asynchttpclient.netty.handler.HttpHandler -- 

Request DefaultFullHttpRequest(decodeResult: success, version: HTTP/1.1, content: EmptyByteBufBE)
GET /session/274d0def-5b56-44fd-a9eb-51879e7f2c50/element/3dee1e18-aed3-4932-894b-c5b3fb9eb6e3/text HTTP/1.1
Cache-Control: no-cache
User-Agent: selenium/4.12.0 (java windows)
Content-Type: application/json; charset=utf-8
host: localhost:43073
accept: */*

Response DefaultHttpResponse(decodeResult: success, version: HTTP/1.1)
HTTP/1.1 200 OK
content-type: application/json; charset=utf-8
cache-control: no-cache
content-length: 30
date: Sun, 28 Apr 2024 01:42:11 GMT

20:42:11.221 [AsyncHttpClient-1-2] DEBUG org.asynchttpclient.netty.channel.ChannelManager -- Adding key: http://localhost:43073 for channel [id: 0xd10db2e3, L:/127.0.0.1:56642 - R:localhost/127.0.0.1:43073]
20:42:11.225 [Forwarding findElement on session 274d0def-5b56-44fd-a9eb-51879e7f2c50 to remote] DEBUG org.asynchttpclient.netty.request.NettyRequestSender -- Using pooled Channel '[id: 0xd10db2e3, L:/127.0.0.1:56642 - R:localhost/127.0.0.1:43073]' for 'POST' to 'http://localhost:43073/session/274d0def-5b56-44fd-a9eb-51879e7f2c50/element'
20:42:11.225 [Forwarding findElement on session 274d0def-5b56-44fd-a9eb-51879e7f2c50 to remote] DEBUG org.asynchttpclient.netty.request.NettyRequestSender -- Using open Channel [id: 0xd10db2e3, L:/127.0.0.1:56642 - R:localhost/127.0.0.1:43073] for POST '/session/274d0def-5b56-44fd-a9eb-51879e7f2c50/element'
20:42:11.230 [AsyncHttpClient-1-2] DEBUG org.asynchttpclient.netty.handler.HttpHandler -- 

Request DefaultHttpRequest(decodeResult: success, version: HTTP/1.1)
POST /session/274d0def-5b56-44fd-a9eb-51879e7f2c50/element HTTP/1.1
User-Agent: selenium/4.12.0 (java windows)
Content-Length: 66
Content-Type: application/json; charset=utf-8
host: localhost:43073
accept: */*

Response DefaultHttpResponse(decodeResult: success, version: HTTP/1.1)
HTTP/1.1 200 OK
content-type: application/json; charset=utf-8
cache-control: no-cache
content-length: 88
date: Sun, 28 Apr 2024 01:42:11 GMT

20:42:11.230 [AsyncHttpClient-1-2] DEBUG org.asynchttpclient.netty.channel.ChannelManager -- Adding key: http://localhost:43073 for channel [id: 0xd10db2e3, L:/127.0.0.1:56642 - R:localhost/127.0.0.1:43073]
20:42:11.234 [Forwarding getElementText on session 274d0def-5b56-44fd-a9eb-51879e7f2c50 to remote] DEBUG org.asynchttpclient.netty.request.NettyRequestSender -- Using pooled Channel '[id: 0xd10db2e3, L:/127.0.0.1:56642 - R:localhost/127.0.0.1:43073]' for 'GET' to 'http://localhost:43073/session/274d0def-5b56-44fd-a9eb-51879e7f2c50/element/40abe2ee-878b-45ff-a40f-a1e663b49734/text'
20:42:11.234 [Forwarding getElementText on session 274d0def-5b56-44fd-a9eb-51879e7f2c50 to remote] DEBUG org.asynchttpclient.netty.request.NettyRequestSender -- Using open Channel [id: 0xd10db2e3, L:/127.0.0.1:56642 - R:localhost/127.0.0.1:43073] for GET '/session/274d0def-5b56-44fd-a9eb-51879e7f2c50/element/40abe2ee-878b-45ff-a40f-a1e663b49734/text'
20:42:11.236 [AsyncHttpClient-1-2] DEBUG org.asynchttpclient.netty.handler.HttpHandler -- 

Request DefaultFullHttpRequest(decodeResult: success, version: HTTP/1.1, content: EmptyByteBufBE)
GET /session/274d0def-5b56-44fd-a9eb-51879e7f2c50/element/40abe2ee-878b-45ff-a40f-a1e663b49734/text HTTP/1.1
Cache-Control: no-cache
User-Agent: selenium/4.12.0 (java windows)
Content-Type: application/json; charset=utf-8
host: localhost:43073
accept: */*

Response DefaultHttpResponse(decodeResult: success, version: HTTP/1.1)
HTTP/1.1 200 OK
content-type: application/json; charset=utf-8
cache-control: no-cache
content-length: 29
date: Sun, 28 Apr 2024 01:42:11 GMT

20:42:11.236 [AsyncHttpClient-1-2] DEBUG org.asynchttpclient.netty.channel.ChannelManager -- Adding key: http://localhost:43073 for channel [id: 0xd10db2e3, L:/127.0.0.1:56642 - R:localhost/127.0.0.1:43073]
20:42:11.245 [Forwarding getAlertText on session 274d0def-5b56-44fd-a9eb-51879e7f2c50 to remote] DEBUG org.asynchttpclient.netty.request.NettyRequestSender -- Using pooled Channel '[id: 0xd10db2e3, L:/127.0.0.1:56642 - R:localhost/127.0.0.1:43073]' for 'GET' to 'http://localhost:43073/session/274d0def-5b56-44fd-a9eb-51879e7f2c50/alert/text'
20:42:11.245 [Forwarding getAlertText on session 274d0def-5b56-44fd-a9eb-51879e7f2c50 to remote] DEBUG org.asynchttpclient.netty.request.NettyRequestSender -- Using open Channel [id: 0xd10db2e3, L:/127.0.0.1:56642 - R:localhost/127.0.0.1:43073] for GET '/session/274d0def-5b56-44fd-a9eb-51879e7f2c50/alert/text'
20:42:11.252 [AsyncHttpClient-1-2] DEBUG org.asynchttpclient.netty.handler.HttpHandler -- 

Request DefaultFullHttpRequest(decodeResult: success, version: HTTP/1.1, content: EmptyByteBufBE)
GET /session/274d0def-5b56-44fd-a9eb-51879e7f2c50/alert/text HTTP/1.1
Cache-Control: no-cache
User-Agent: selenium/4.12.0 (java windows)
Content-Type: application/json; charset=utf-8
host: localhost:43073
accept: */*

Response DefaultHttpResponse(decodeResult: success, version: HTTP/1.1)
HTTP/1.1 404 Not Found
content-type: application/json; charset=utf-8
cache-control: no-cache
content-length: 842
date: Sun, 28 Apr 2024 01:42:11 GMT

20:42:11.252 [AsyncHttpClient-1-2] DEBUG org.asynchttpclient.netty.channel.ChannelManager -- Adding key: http://localhost:43073 for channel [id: 0xd10db2e3, L:/127.0.0.1:56642 - R:localhost/127.0.0.1:43073]
20:42:11.252 [Forwarding getCurrentUrl on session 274d0def-5b56-44fd-a9eb-51879e7f2c50 to remote] DEBUG org.asynchttpclient.netty.request.NettyRequestSender -- Using pooled Channel '[id: 0xd10db2e3, L:/127.0.0.1:56642 - R:localhost/127.0.0.1:43073]' for 'GET' to 'http://localhost:43073/session/274d0def-5b56-44fd-a9eb-51879e7f2c50/url'
20:42:11.252 [Forwarding getCurrentUrl on session 274d0def-5b56-44fd-a9eb-51879e7f2c50 to remote] DEBUG org.asynchttpclient.netty.request.NettyRequestSender -- Using open Channel [id: 0xd10db2e3, L:/127.0.0.1:56642 - R:localhost/127.0.0.1:43073] for GET '/session/274d0def-5b56-44fd-a9eb-51879e7f2c50/url'
20:42:11.252 [AsyncHttpClient-1-2] DEBUG org.asynchttpclient.netty.handler.HttpHandler -- 

Request DefaultFullHttpRequest(decodeResult: success, version: HTTP/1.1, content: EmptyByteBufBE)
GET /session/274d0def-5b56-44fd-a9eb-51879e7f2c50/url HTTP/1.1
Cache-Control: no-cache
User-Agent: selenium/4.12.0 (java windows)
Content-Type: application/json; charset=utf-8
host: localhost:43073
accept: */*

Response DefaultHttpResponse(decodeResult: success, version: HTTP/1.1)
HTTP/1.1 200 OK
content-type: application/json; charset=utf-8
cache-control: no-cache
content-length: 54
date: Sun, 28 Apr 2024 01:42:11 GMT

20:42:11.252 [AsyncHttpClient-1-2] DEBUG org.asynchttpclient.netty.channel.ChannelManager -- Adding key: http://localhost:43073 for channel [id: 0xd10db2e3, L:/127.0.0.1:56642 - R:localhost/127.0.0.1:43073]
20:42:11.252 [Forwarding screenshot on session 274d0def-5b56-44fd-a9eb-51879e7f2c50 to remote] DEBUG org.asynchttpclient.netty.request.NettyRequestSender -- Using pooled Channel '[id: 0xd10db2e3, L:/127.0.0.1:56642 - R:localhost/127.0.0.1:43073]' for 'GET' to 'http://localhost:43073/session/274d0def-5b56-44fd-a9eb-51879e7f2c50/screenshot'
20:42:11.252 [Forwarding screenshot on session 274d0def-5b56-44fd-a9eb-51879e7f2c50 to remote] DEBUG org.asynchttpclient.netty.request.NettyRequestSender -- Using open Channel [id: 0xd10db2e3, L:/127.0.0.1:56642 - R:localhost/127.0.0.1:43073] for GET '/session/274d0def-5b56-44fd-a9eb-51879e7f2c50/screenshot'
20:42:11.320 [AsyncHttpClient-1-2] DEBUG org.asynchttpclient.netty.handler.HttpHandler -- 

Request DefaultFullHttpRequest(decodeResult: success, version: HTTP/1.1, content: EmptyByteBufBE)
GET /session/274d0def-5b56-44fd-a9eb-51879e7f2c50/screenshot HTTP/1.1
Cache-Control: no-cache
User-Agent: selenium/4.12.0 (java windows)
Content-Type: application/json; charset=utf-8
host: localhost:43073
accept: */*

Response DefaultHttpResponse(decodeResult: success, version: HTTP/1.1)
HTTP/1.1 200 OK
content-type: application/json; charset=utf-8
cache-control: no-cache
content-length: 569920
date: Sun, 28 Apr 2024 01:42:11 GMT

20:42:11.320 [AsyncHttpClient-1-2] DEBUG org.asynchttpclient.netty.channel.ChannelManager -- Adding key: http://localhost:43073 for channel [id: 0xd10db2e3, L:/127.0.0.1:56642 - R:localhost/127.0.0.1:43073]
20:42:11.334 [main] DEBUG net.serenitybdd.core.photography.Darkroom -- Send negative for processing for C:\Users\USUARIO\OneDrive\Documentos\02 Automatización\03 Pragma\pragma\pragma\target\site\serenity\ae582afb1ecbb305068cab16d446c61923594e225aa13c9491f9a808e3ec74c1.png
20:42:11.744 [AsyncHttpClient-1-1] DEBUG org.asynchttpclient.netty.channel.DefaultChannelPool -- Entry count for : http://localhost:43073 : 1
20:42:12.341 [main] DEBUG net.thucydides.core.steps.StepInterceptor -- STEP DONE: extraigoElNombreYPrecioDelProducto
20:42:12.341 [Forwarding getAlertText on session 274d0def-5b56-44fd-a9eb-51879e7f2c50 to remote] DEBUG org.asynchttpclient.netty.request.NettyRequestSender -- Using pooled Channel '[id: 0xd10db2e3, L:/127.0.0.1:56642 - R:localhost/127.0.0.1:43073]' for 'GET' to 'http://localhost:43073/session/274d0def-5b56-44fd-a9eb-51879e7f2c50/alert/text'
20:42:12.341 [Forwarding getAlertText on session 274d0def-5b56-44fd-a9eb-51879e7f2c50 to remote] DEBUG org.asynchttpclient.netty.request.NettyRequestSender -- Using open Channel [id: 0xd10db2e3, L:/127.0.0.1:56642 - R:localhost/127.0.0.1:43073] for GET '/session/274d0def-5b56-44fd-a9eb-51879e7f2c50/alert/text'
20:42:12.341 [AsyncHttpClient-1-2] DEBUG org.asynchttpclient.netty.handler.HttpHandler -- 

Request DefaultFullHttpRequest(decodeResult: success, version: HTTP/1.1, content: EmptyByteBufBE)
GET /session/274d0def-5b56-44fd-a9eb-51879e7f2c50/alert/text HTTP/1.1
Cache-Control: no-cache
User-Agent: selenium/4.12.0 (java windows)
Content-Type: application/json; charset=utf-8
host: localhost:43073
accept: */*

Response DefaultHttpResponse(decodeResult: success, version: HTTP/1.1)
HTTP/1.1 404 Not Found
content-type: application/json; charset=utf-8
cache-control: no-cache
content-length: 842
date: Sun, 28 Apr 2024 01:42:12 GMT

20:42:12.341 [AsyncHttpClient-1-2] DEBUG org.asynchttpclient.netty.channel.ChannelManager -- Adding key: http://localhost:43073 for channel [id: 0xd10db2e3, L:/127.0.0.1:56642 - R:localhost/127.0.0.1:43073]
20:42:12.350 [Forwarding getCurrentUrl on session 274d0def-5b56-44fd-a9eb-51879e7f2c50 to remote] DEBUG org.asynchttpclient.netty.request.NettyRequestSender -- Using pooled Channel '[id: 0xd10db2e3, L:/127.0.0.1:56642 - R:localhost/127.0.0.1:43073]' for 'GET' to 'http://localhost:43073/session/274d0def-5b56-44fd-a9eb-51879e7f2c50/url'
20:42:12.350 [Forwarding getCurrentUrl on session 274d0def-5b56-44fd-a9eb-51879e7f2c50 to remote] DEBUG org.asynchttpclient.netty.request.NettyRequestSender -- Using open Channel [id: 0xd10db2e3, L:/127.0.0.1:56642 - R:localhost/127.0.0.1:43073] for GET '/session/274d0def-5b56-44fd-a9eb-51879e7f2c50/url'
20:42:12.350 [AsyncHttpClient-1-2] DEBUG org.asynchttpclient.netty.handler.HttpHandler -- 

Request DefaultFullHttpRequest(decodeResult: success, version: HTTP/1.1, content: EmptyByteBufBE)
GET /session/274d0def-5b56-44fd-a9eb-51879e7f2c50/url HTTP/1.1
Cache-Control: no-cache
User-Agent: selenium/4.12.0 (java windows)
Content-Type: application/json; charset=utf-8
host: localhost:43073
accept: */*

Response DefaultHttpResponse(decodeResult: success, version: HTTP/1.1)
HTTP/1.1 200 OK
content-type: application/json; charset=utf-8
cache-control: no-cache
content-length: 54
date: Sun, 28 Apr 2024 01:42:12 GMT

20:42:12.350 [AsyncHttpClient-1-2] DEBUG org.asynchttpclient.netty.channel.ChannelManager -- Adding key: http://localhost:43073 for channel [id: 0xd10db2e3, L:/127.0.0.1:56642 - R:localhost/127.0.0.1:43073]
20:42:12.350 [Forwarding screenshot on session 274d0def-5b56-44fd-a9eb-51879e7f2c50 to remote] DEBUG org.asynchttpclient.netty.request.NettyRequestSender -- Using pooled Channel '[id: 0xd10db2e3, L:/127.0.0.1:56642 - R:localhost/127.0.0.1:43073]' for 'GET' to 'http://localhost:43073/session/274d0def-5b56-44fd-a9eb-51879e7f2c50/screenshot'
20:42:12.350 [Forwarding screenshot on session 274d0def-5b56-44fd-a9eb-51879e7f2c50 to remote] DEBUG org.asynchttpclient.netty.request.NettyRequestSender -- Using open Channel [id: 0xd10db2e3, L:/127.0.0.1:56642 - R:localhost/127.0.0.1:43073] for GET '/session/274d0def-5b56-44fd-a9eb-51879e7f2c50/screenshot'
20:42:12.428 [AsyncHttpClient-1-2] DEBUG org.asynchttpclient.netty.handler.HttpHandler -- 

Request DefaultFullHttpRequest(decodeResult: success, version: HTTP/1.1, content: EmptyByteBufBE)
GET /session/274d0def-5b56-44fd-a9eb-51879e7f2c50/screenshot HTTP/1.1
Cache-Control: no-cache
User-Agent: selenium/4.12.0 (java windows)
Content-Type: application/json; charset=utf-8
host: localhost:43073
accept: */*

Response DefaultHttpResponse(decodeResult: success, version: HTTP/1.1)
HTTP/1.1 200 OK
content-type: application/json; charset=utf-8
cache-control: no-cache
content-length: 569920
date: Sun, 28 Apr 2024 01:42:12 GMT

20:42:12.428 [AsyncHttpClient-1-2] DEBUG org.asynchttpclient.netty.channel.ChannelManager -- Adding key: http://localhost:43073 for channel [id: 0xd10db2e3, L:/127.0.0.1:56642 - R:localhost/127.0.0.1:43073]
20:42:12.444 [main] DEBUG net.serenitybdd.core.photography.Darkroom -- Send negative for processing for C:\Users\USUARIO\OneDrive\Documentos\02 Automatización\03 Pragma\pragma\pragma\target\site\serenity\ae582afb1ecbb305068cab16d446c61923594e225aa13c9491f9a808e3ec74c1.png
20:42:12.834 [AsyncHttpClient-1-1] DEBUG org.asynchttpclient.netty.channel.DefaultChannelPool -- Entry count for : http://localhost:43073 : 1
20:42:13.459 [main] DEBUG net.thucydides.core.steps.StepInterceptor -- STARTING STEP: StepInterceptor.testContext - agregoElProductoAlCarritoDeCompra
20:42:13.459 [Forwarding findElement on session 274d0def-5b56-44fd-a9eb-51879e7f2c50 to remote] DEBUG org.asynchttpclient.netty.request.NettyRequestSender -- Using pooled Channel '[id: 0xd10db2e3, L:/127.0.0.1:56642 - R:localhost/127.0.0.1:43073]' for 'POST' to 'http://localhost:43073/session/274d0def-5b56-44fd-a9eb-51879e7f2c50/element'
20:42:13.459 [Forwarding findElement on session 274d0def-5b56-44fd-a9eb-51879e7f2c50 to remote] DEBUG org.asynchttpclient.netty.request.NettyRequestSender -- Using open Channel [id: 0xd10db2e3, L:/127.0.0.1:56642 - R:localhost/127.0.0.1:43073] for POST '/session/274d0def-5b56-44fd-a9eb-51879e7f2c50/element'
20:42:13.463 [AsyncHttpClient-1-2] DEBUG org.asynchttpclient.netty.handler.HttpHandler -- 

Request DefaultHttpRequest(decodeResult: success, version: HTTP/1.1)
POST /session/274d0def-5b56-44fd-a9eb-51879e7f2c50/element HTTP/1.1
User-Agent: selenium/4.12.0 (java windows)
Content-Length: 83
Content-Type: application/json; charset=utf-8
host: localhost:43073
accept: */*

Response DefaultHttpResponse(decodeResult: success, version: HTTP/1.1)
HTTP/1.1 200 OK
content-type: application/json; charset=utf-8
cache-control: no-cache
content-length: 88
date: Sun, 28 Apr 2024 01:42:13 GMT

20:42:13.463 [AsyncHttpClient-1-2] DEBUG org.asynchttpclient.netty.channel.ChannelManager -- Adding key: http://localhost:43073 for channel [id: 0xd10db2e3, L:/127.0.0.1:56642 - R:localhost/127.0.0.1:43073]
20:42:13.463 [Forwarding getElementTagName on session 274d0def-5b56-44fd-a9eb-51879e7f2c50 to remote] DEBUG org.asynchttpclient.netty.request.NettyRequestSender -- Using pooled Channel '[id: 0xd10db2e3, L:/127.0.0.1:56642 - R:localhost/127.0.0.1:43073]' for 'GET' to 'http://localhost:43073/session/274d0def-5b56-44fd-a9eb-51879e7f2c50/element/f74aad4a-c012-47e0-b06b-603b1209ffd9/name'
20:42:13.463 [Forwarding getElementTagName on session 274d0def-5b56-44fd-a9eb-51879e7f2c50 to remote] DEBUG org.asynchttpclient.netty.request.NettyRequestSender -- Using open Channel [id: 0xd10db2e3, L:/127.0.0.1:56642 - R:localhost/127.0.0.1:43073] for GET '/session/274d0def-5b56-44fd-a9eb-51879e7f2c50/element/f74aad4a-c012-47e0-b06b-603b1209ffd9/name'
20:42:13.471 [AsyncHttpClient-1-2] DEBUG org.asynchttpclient.netty.handler.HttpHandler -- 

Request DefaultFullHttpRequest(decodeResult: success, version: HTTP/1.1, content: EmptyByteBufBE)
GET /session/274d0def-5b56-44fd-a9eb-51879e7f2c50/element/f74aad4a-c012-47e0-b06b-603b1209ffd9/name HTTP/1.1
Cache-Control: no-cache
User-Agent: selenium/4.12.0 (java windows)
Content-Type: application/json; charset=utf-8
host: localhost:43073
accept: */*

Response DefaultHttpResponse(decodeResult: success, version: HTTP/1.1)
HTTP/1.1 200 OK
content-type: application/json; charset=utf-8
cache-control: no-cache
content-length: 13
date: Sun, 28 Apr 2024 01:42:13 GMT

20:42:13.471 [AsyncHttpClient-1-2] DEBUG org.asynchttpclient.netty.channel.ChannelManager -- Adding key: http://localhost:43073 for channel [id: 0xd10db2e3, L:/127.0.0.1:56642 - R:localhost/127.0.0.1:43073]
20:42:13.472 [Forwarding getElementTagName on session 274d0def-5b56-44fd-a9eb-51879e7f2c50 to remote] DEBUG org.asynchttpclient.netty.request.NettyRequestSender -- Using pooled Channel '[id: 0xd10db2e3, L:/127.0.0.1:56642 - R:localhost/127.0.0.1:43073]' for 'GET' to 'http://localhost:43073/session/274d0def-5b56-44fd-a9eb-51879e7f2c50/element/f74aad4a-c012-47e0-b06b-603b1209ffd9/name'
20:42:13.472 [Forwarding getElementTagName on session 274d0def-5b56-44fd-a9eb-51879e7f2c50 to remote] DEBUG org.asynchttpclient.netty.request.NettyRequestSender -- Using open Channel [id: 0xd10db2e3, L:/127.0.0.1:56642 - R:localhost/127.0.0.1:43073] for GET '/session/274d0def-5b56-44fd-a9eb-51879e7f2c50/element/f74aad4a-c012-47e0-b06b-603b1209ffd9/name'
20:42:13.472 [AsyncHttpClient-1-2] DEBUG org.asynchttpclient.netty.handler.HttpHandler -- 

Request DefaultFullHttpRequest(decodeResult: success, version: HTTP/1.1, content: EmptyByteBufBE)
GET /session/274d0def-5b56-44fd-a9eb-51879e7f2c50/element/f74aad4a-c012-47e0-b06b-603b1209ffd9/name HTTP/1.1
Cache-Control: no-cache
User-Agent: selenium/4.12.0 (java windows)
Content-Type: application/json; charset=utf-8
host: localhost:43073
accept: */*

Response DefaultHttpResponse(decodeResult: success, version: HTTP/1.1)
HTTP/1.1 200 OK
content-type: application/json; charset=utf-8
cache-control: no-cache
content-length: 13
date: Sun, 28 Apr 2024 01:42:13 GMT

20:42:13.472 [AsyncHttpClient-1-2] DEBUG org.asynchttpclient.netty.channel.ChannelManager -- Adding key: http://localhost:43073 for channel [id: 0xd10db2e3, L:/127.0.0.1:56642 - R:localhost/127.0.0.1:43073]
20:42:13.472 [Forwarding findElement on session 274d0def-5b56-44fd-a9eb-51879e7f2c50 to remote] DEBUG org.asynchttpclient.netty.request.NettyRequestSender -- Using pooled Channel '[id: 0xd10db2e3, L:/127.0.0.1:56642 - R:localhost/127.0.0.1:43073]' for 'POST' to 'http://localhost:43073/session/274d0def-5b56-44fd-a9eb-51879e7f2c50/element'
20:42:13.472 [Forwarding findElement on session 274d0def-5b56-44fd-a9eb-51879e7f2c50 to remote] DEBUG org.asynchttpclient.netty.request.NettyRequestSender -- Using open Channel [id: 0xd10db2e3, L:/127.0.0.1:56642 - R:localhost/127.0.0.1:43073] for POST '/session/274d0def-5b56-44fd-a9eb-51879e7f2c50/element'
20:42:13.481 [AsyncHttpClient-1-2] DEBUG org.asynchttpclient.netty.handler.HttpHandler -- 

Request DefaultHttpRequest(decodeResult: success, version: HTTP/1.1)
POST /session/274d0def-5b56-44fd-a9eb-51879e7f2c50/element HTTP/1.1
User-Agent: selenium/4.12.0 (java windows)
Content-Length: 83
Content-Type: application/json; charset=utf-8
host: localhost:43073
accept: */*

Response DefaultHttpResponse(decodeResult: success, version: HTTP/1.1)
HTTP/1.1 200 OK
content-type: application/json; charset=utf-8
cache-control: no-cache
content-length: 88
date: Sun, 28 Apr 2024 01:42:13 GMT

20:42:13.481 [AsyncHttpClient-1-2] DEBUG org.asynchttpclient.netty.channel.ChannelManager -- Adding key: http://localhost:43073 for channel [id: 0xd10db2e3, L:/127.0.0.1:56642 - R:localhost/127.0.0.1:43073]
20:42:13.481 [Forwarding clickElement on session 274d0def-5b56-44fd-a9eb-51879e7f2c50 to remote] DEBUG org.asynchttpclient.netty.request.NettyRequestSender -- Using pooled Channel '[id: 0xd10db2e3, L:/127.0.0.1:56642 - R:localhost/127.0.0.1:43073]' for 'POST' to 'http://localhost:43073/session/274d0def-5b56-44fd-a9eb-51879e7f2c50/element/f74aad4a-c012-47e0-b06b-603b1209ffd9/click'
20:42:13.481 [Forwarding clickElement on session 274d0def-5b56-44fd-a9eb-51879e7f2c50 to remote] DEBUG org.asynchttpclient.netty.request.NettyRequestSender -- Using open Channel [id: 0xd10db2e3, L:/127.0.0.1:56642 - R:localhost/127.0.0.1:43073] for POST '/session/274d0def-5b56-44fd-a9eb-51879e7f2c50/element/f74aad4a-c012-47e0-b06b-603b1209ffd9/click'
20:42:13.491 [AsyncHttpClient-1-2] DEBUG org.asynchttpclient.netty.handler.HttpHandler -- 

Request DefaultHttpRequest(decodeResult: success, version: HTTP/1.1)
POST /session/274d0def-5b56-44fd-a9eb-51879e7f2c50/element/f74aad4a-c012-47e0-b06b-603b1209ffd9/click HTTP/1.1
User-Agent: selenium/4.12.0 (java windows)
Content-Length: 50
Content-Type: application/json; charset=utf-8
host: localhost:43073
accept: */*

Response DefaultHttpResponse(decodeResult: success, version: HTTP/1.1)
HTTP/1.1 200 OK
content-type: application/json; charset=utf-8
cache-control: no-cache
content-length: 14
date: Sun, 28 Apr 2024 01:42:13 GMT

20:42:13.491 [AsyncHttpClient-1-2] DEBUG org.asynchttpclient.netty.channel.ChannelManager -- Adding key: http://localhost:43073 for channel [id: 0xd10db2e3, L:/127.0.0.1:56642 - R:localhost/127.0.0.1:43073]
20:42:13.499 [Forwarding getAlertText on session 274d0def-5b56-44fd-a9eb-51879e7f2c50 to remote] DEBUG org.asynchttpclient.netty.request.NettyRequestSender -- Using pooled Channel '[id: 0xd10db2e3, L:/127.0.0.1:56642 - R:localhost/127.0.0.1:43073]' for 'GET' to 'http://localhost:43073/session/274d0def-5b56-44fd-a9eb-51879e7f2c50/alert/text'
20:42:13.499 [Forwarding getAlertText on session 274d0def-5b56-44fd-a9eb-51879e7f2c50 to remote] DEBUG org.asynchttpclient.netty.request.NettyRequestSender -- Using open Channel [id: 0xd10db2e3, L:/127.0.0.1:56642 - R:localhost/127.0.0.1:43073] for GET '/session/274d0def-5b56-44fd-a9eb-51879e7f2c50/alert/text'
20:42:13.499 [AsyncHttpClient-1-2] DEBUG org.asynchttpclient.netty.handler.HttpHandler -- 

Request DefaultFullHttpRequest(decodeResult: success, version: HTTP/1.1, content: EmptyByteBufBE)
GET /session/274d0def-5b56-44fd-a9eb-51879e7f2c50/alert/text HTTP/1.1
Cache-Control: no-cache
User-Agent: selenium/4.12.0 (java windows)
Content-Type: application/json; charset=utf-8
host: localhost:43073
accept: */*

Response DefaultHttpResponse(decodeResult: success, version: HTTP/1.1)
HTTP/1.1 404 Not Found
content-type: application/json; charset=utf-8
cache-control: no-cache
content-length: 842
date: Sun, 28 Apr 2024 01:42:13 GMT

20:42:13.499 [AsyncHttpClient-1-2] DEBUG org.asynchttpclient.netty.channel.ChannelManager -- Adding key: http://localhost:43073 for channel [id: 0xd10db2e3, L:/127.0.0.1:56642 - R:localhost/127.0.0.1:43073]
20:42:13.931 [AsyncHttpClient-1-1] DEBUG org.asynchttpclient.netty.channel.DefaultChannelPool -- Entry count for : http://localhost:43073 : 1
20:42:14.011 [Forwarding getAlertText on session 274d0def-5b56-44fd-a9eb-51879e7f2c50 to remote] DEBUG org.asynchttpclient.netty.request.NettyRequestSender -- Using pooled Channel '[id: 0xd10db2e3, L:/127.0.0.1:56642 - R:localhost/127.0.0.1:43073]' for 'GET' to 'http://localhost:43073/session/274d0def-5b56-44fd-a9eb-51879e7f2c50/alert/text'
20:42:14.011 [Forwarding getAlertText on session 274d0def-5b56-44fd-a9eb-51879e7f2c50 to remote] DEBUG org.asynchttpclient.netty.request.NettyRequestSender -- Using open Channel [id: 0xd10db2e3, L:/127.0.0.1:56642 - R:localhost/127.0.0.1:43073] for GET '/session/274d0def-5b56-44fd-a9eb-51879e7f2c50/alert/text'
20:42:14.018 [AsyncHttpClient-1-2] DEBUG org.asynchttpclient.netty.handler.HttpHandler -- 

Request DefaultFullHttpRequest(decodeResult: success, version: HTTP/1.1, content: EmptyByteBufBE)
GET /session/274d0def-5b56-44fd-a9eb-51879e7f2c50/alert/text HTTP/1.1
Cache-Control: no-cache
User-Agent: selenium/4.12.0 (java windows)
Content-Type: application/json; charset=utf-8
host: localhost:43073
accept: */*

Response DefaultHttpResponse(decodeResult: success, version: HTTP/1.1)
HTTP/1.1 200 OK
content-type: application/json; charset=utf-8
cache-control: no-cache
content-length: 25
date: Sun, 28 Apr 2024 01:42:13 GMT

20:42:14.019 [AsyncHttpClient-1-2] DEBUG org.asynchttpclient.netty.channel.ChannelManager -- Adding key: http://localhost:43073 for channel [id: 0xd10db2e3, L:/127.0.0.1:56642 - R:localhost/127.0.0.1:43073]
20:42:14.023 [Forwarding getAlertText on session 274d0def-5b56-44fd-a9eb-51879e7f2c50 to remote] DEBUG org.asynchttpclient.netty.request.NettyRequestSender -- Using pooled Channel '[id: 0xd10db2e3, L:/127.0.0.1:56642 - R:localhost/127.0.0.1:43073]' for 'GET' to 'http://localhost:43073/session/274d0def-5b56-44fd-a9eb-51879e7f2c50/alert/text'
20:42:14.023 [Forwarding getAlertText on session 274d0def-5b56-44fd-a9eb-51879e7f2c50 to remote] DEBUG org.asynchttpclient.netty.request.NettyRequestSender -- Using open Channel [id: 0xd10db2e3, L:/127.0.0.1:56642 - R:localhost/127.0.0.1:43073] for GET '/session/274d0def-5b56-44fd-a9eb-51879e7f2c50/alert/text'
20:42:14.026 [AsyncHttpClient-1-2] DEBUG org.asynchttpclient.netty.handler.HttpHandler -- 

Request DefaultFullHttpRequest(decodeResult: success, version: HTTP/1.1, content: EmptyByteBufBE)
GET /session/274d0def-5b56-44fd-a9eb-51879e7f2c50/alert/text HTTP/1.1
Cache-Control: no-cache
User-Agent: selenium/4.12.0 (java windows)
Content-Type: application/json; charset=utf-8
host: localhost:43073
accept: */*

Response DefaultHttpResponse(decodeResult: success, version: HTTP/1.1)
HTTP/1.1 200 OK
content-type: application/json; charset=utf-8
cache-control: no-cache
content-length: 25
date: Sun, 28 Apr 2024 01:42:13 GMT

20:42:14.026 [AsyncHttpClient-1-2] DEBUG org.asynchttpclient.netty.channel.ChannelManager -- Adding key: http://localhost:43073 for channel [id: 0xd10db2e3, L:/127.0.0.1:56642 - R:localhost/127.0.0.1:43073]
20:42:14.028 [Forwarding acceptAlert on session 274d0def-5b56-44fd-a9eb-51879e7f2c50 to remote] DEBUG org.asynchttpclient.netty.request.NettyRequestSender -- Using pooled Channel '[id: 0xd10db2e3, L:/127.0.0.1:56642 - R:localhost/127.0.0.1:43073]' for 'POST' to 'http://localhost:43073/session/274d0def-5b56-44fd-a9eb-51879e7f2c50/alert/accept'
20:42:14.028 [Forwarding acceptAlert on session 274d0def-5b56-44fd-a9eb-51879e7f2c50 to remote] DEBUG org.asynchttpclient.netty.request.NettyRequestSender -- Using open Channel [id: 0xd10db2e3, L:/127.0.0.1:56642 - R:localhost/127.0.0.1:43073] for POST '/session/274d0def-5b56-44fd-a9eb-51879e7f2c50/alert/accept'
20:42:14.051 [AsyncHttpClient-1-2] DEBUG org.asynchttpclient.netty.handler.HttpHandler -- 

Request DefaultHttpRequest(decodeResult: success, version: HTTP/1.1)
POST /session/274d0def-5b56-44fd-a9eb-51879e7f2c50/alert/accept HTTP/1.1
User-Agent: selenium/4.12.0 (java windows)
Content-Length: 3
Content-Type: application/json; charset=utf-8
host: localhost:43073
accept: */*

Response DefaultHttpResponse(decodeResult: success, version: HTTP/1.1)
HTTP/1.1 200 OK
content-type: application/json; charset=utf-8
cache-control: no-cache
content-length: 14
date: Sun, 28 Apr 2024 01:42:13 GMT

20:42:14.051 [AsyncHttpClient-1-2] DEBUG org.asynchttpclient.netty.channel.ChannelManager -- Adding key: http://localhost:43073 for channel [id: 0xd10db2e3, L:/127.0.0.1:56642 - R:localhost/127.0.0.1:43073]
20:42:14.051 [Forwarding getAlertText on session 274d0def-5b56-44fd-a9eb-51879e7f2c50 to remote] DEBUG org.asynchttpclient.netty.request.NettyRequestSender -- Using pooled Channel '[id: 0xd10db2e3, L:/127.0.0.1:56642 - R:localhost/127.0.0.1:43073]' for 'GET' to 'http://localhost:43073/session/274d0def-5b56-44fd-a9eb-51879e7f2c50/alert/text'
20:42:14.051 [Forwarding getAlertText on session 274d0def-5b56-44fd-a9eb-51879e7f2c50 to remote] DEBUG org.asynchttpclient.netty.request.NettyRequestSender -- Using open Channel [id: 0xd10db2e3, L:/127.0.0.1:56642 - R:localhost/127.0.0.1:43073] for GET '/session/274d0def-5b56-44fd-a9eb-51879e7f2c50/alert/text'
20:42:14.051 [AsyncHttpClient-1-2] DEBUG org.asynchttpclient.netty.handler.HttpHandler -- 

Request DefaultFullHttpRequest(decodeResult: success, version: HTTP/1.1, content: EmptyByteBufBE)
GET /session/274d0def-5b56-44fd-a9eb-51879e7f2c50/alert/text HTTP/1.1
Cache-Control: no-cache
User-Agent: selenium/4.12.0 (java windows)
Content-Type: application/json; charset=utf-8
host: localhost:43073
accept: */*

Response DefaultHttpResponse(decodeResult: success, version: HTTP/1.1)
HTTP/1.1 404 Not Found
content-type: application/json; charset=utf-8
cache-control: no-cache
content-length: 842
date: Sun, 28 Apr 2024 01:42:13 GMT

20:42:14.051 [AsyncHttpClient-1-2] DEBUG org.asynchttpclient.netty.channel.ChannelManager -- Adding key: http://localhost:43073 for channel [id: 0xd10db2e3, L:/127.0.0.1:56642 - R:localhost/127.0.0.1:43073]
20:42:14.560 [Forwarding getAlertText on session 274d0def-5b56-44fd-a9eb-51879e7f2c50 to remote] DEBUG org.asynchttpclient.netty.request.NettyRequestSender -- Using pooled Channel '[id: 0xd10db2e3, L:/127.0.0.1:56642 - R:localhost/127.0.0.1:43073]' for 'GET' to 'http://localhost:43073/session/274d0def-5b56-44fd-a9eb-51879e7f2c50/alert/text'
20:42:14.560 [Forwarding getAlertText on session 274d0def-5b56-44fd-a9eb-51879e7f2c50 to remote] DEBUG org.asynchttpclient.netty.request.NettyRequestSender -- Using open Channel [id: 0xd10db2e3, L:/127.0.0.1:56642 - R:localhost/127.0.0.1:43073] for GET '/session/274d0def-5b56-44fd-a9eb-51879e7f2c50/alert/text'
20:42:14.560 [AsyncHttpClient-1-2] DEBUG org.asynchttpclient.netty.handler.HttpHandler -- 

Request DefaultFullHttpRequest(decodeResult: success, version: HTTP/1.1, content: EmptyByteBufBE)
GET /session/274d0def-5b56-44fd-a9eb-51879e7f2c50/alert/text HTTP/1.1
Cache-Control: no-cache
User-Agent: selenium/4.12.0 (java windows)
Content-Type: application/json; charset=utf-8
host: localhost:43073
accept: */*

Response DefaultHttpResponse(decodeResult: success, version: HTTP/1.1)
HTTP/1.1 404 Not Found
content-type: application/json; charset=utf-8
cache-control: no-cache
content-length: 842
date: Sun, 28 Apr 2024 01:42:14 GMT

20:42:14.560 [AsyncHttpClient-1-2] DEBUG org.asynchttpclient.netty.channel.ChannelManager -- Adding key: http://localhost:43073 for channel [id: 0xd10db2e3, L:/127.0.0.1:56642 - R:localhost/127.0.0.1:43073]
20:42:14.560 [Forwarding getCurrentUrl on session 274d0def-5b56-44fd-a9eb-51879e7f2c50 to remote] DEBUG org.asynchttpclient.netty.request.NettyRequestSender -- Using pooled Channel '[id: 0xd10db2e3, L:/127.0.0.1:56642 - R:localhost/127.0.0.1:43073]' for 'GET' to 'http://localhost:43073/session/274d0def-5b56-44fd-a9eb-51879e7f2c50/url'
20:42:14.560 [Forwarding getCurrentUrl on session 274d0def-5b56-44fd-a9eb-51879e7f2c50 to remote] DEBUG org.asynchttpclient.netty.request.NettyRequestSender -- Using open Channel [id: 0xd10db2e3, L:/127.0.0.1:56642 - R:localhost/127.0.0.1:43073] for GET '/session/274d0def-5b56-44fd-a9eb-51879e7f2c50/url'
20:42:14.560 [AsyncHttpClient-1-2] DEBUG org.asynchttpclient.netty.handler.HttpHandler -- 

Request DefaultFullHttpRequest(decodeResult: success, version: HTTP/1.1, content: EmptyByteBufBE)
GET /session/274d0def-5b56-44fd-a9eb-51879e7f2c50/url HTTP/1.1
Cache-Control: no-cache
User-Agent: selenium/4.12.0 (java windows)
Content-Type: application/json; charset=utf-8
host: localhost:43073
accept: */*

Response DefaultHttpResponse(decodeResult: success, version: HTTP/1.1)
HTTP/1.1 200 OK
content-type: application/json; charset=utf-8
cache-control: no-cache
content-length: 55
date: Sun, 28 Apr 2024 01:42:14 GMT

20:42:14.560 [AsyncHttpClient-1-2] DEBUG org.asynchttpclient.netty.channel.ChannelManager -- Adding key: http://localhost:43073 for channel [id: 0xd10db2e3, L:/127.0.0.1:56642 - R:localhost/127.0.0.1:43073]
20:42:14.560 [Forwarding screenshot on session 274d0def-5b56-44fd-a9eb-51879e7f2c50 to remote] DEBUG org.asynchttpclient.netty.request.NettyRequestSender -- Using pooled Channel '[id: 0xd10db2e3, L:/127.0.0.1:56642 - R:localhost/127.0.0.1:43073]' for 'GET' to 'http://localhost:43073/session/274d0def-5b56-44fd-a9eb-51879e7f2c50/screenshot'
20:42:14.560 [Forwarding screenshot on session 274d0def-5b56-44fd-a9eb-51879e7f2c50 to remote] DEBUG org.asynchttpclient.netty.request.NettyRequestSender -- Using open Channel [id: 0xd10db2e3, L:/127.0.0.1:56642 - R:localhost/127.0.0.1:43073] for GET '/session/274d0def-5b56-44fd-a9eb-51879e7f2c50/screenshot'
20:42:14.623 [AsyncHttpClient-1-2] DEBUG org.asynchttpclient.netty.handler.HttpHandler -- 

Request DefaultFullHttpRequest(decodeResult: success, version: HTTP/1.1, content: EmptyByteBufBE)
GET /session/274d0def-5b56-44fd-a9eb-51879e7f2c50/screenshot HTTP/1.1
Cache-Control: no-cache
User-Agent: selenium/4.12.0 (java windows)
Content-Type: application/json; charset=utf-8
host: localhost:43073
accept: */*

Response DefaultHttpResponse(decodeResult: success, version: HTTP/1.1)
HTTP/1.1 200 OK
content-type: application/json; charset=utf-8
cache-control: no-cache
content-length: 570536
date: Sun, 28 Apr 2024 01:42:14 GMT

20:42:14.623 [AsyncHttpClient-1-2] DEBUG org.asynchttpclient.netty.channel.ChannelManager -- Adding key: http://localhost:43073 for channel [id: 0xd10db2e3, L:/127.0.0.1:56642 - R:localhost/127.0.0.1:43073]
20:42:14.632 [main] DEBUG net.serenitybdd.core.photography.Darkroom -- Send negative for processing for C:\Users\USUARIO\OneDrive\Documentos\02 Automatización\03 Pragma\pragma\pragma\target\site\serenity\898615a5a89357c4144686c803b22776107d5a807c3797751df96b7842b66bc6.png
20:42:14.632 [Darkroom Processing Line] DEBUG net.serenitybdd.core.photography.DarkroomProcessingLine -- Processing screenshot image in /var/screenshots/screenshot-14104150246912285742
20:42:14.632 [Darkroom Processing Line] DEBUG net.serenitybdd.core.photography.DarkroomProcessingLine -- Saving screenshot to C:\Users\USUARIO\OneDrive\Documentos\02 Automatización\03 Pragma\pragma\pragma\target\site\serenity\898615a5a89357c4144686c803b22776107d5a807c3797751df96b7842b66bc6.png
20:42:15.031 [AsyncHttpClient-1-1] DEBUG org.asynchttpclient.netty.channel.DefaultChannelPool -- Entry count for : http://localhost:43073 : 1
20:42:15.641 [main] DEBUG net.thucydides.core.steps.StepInterceptor -- STEP DONE: agregoElProductoAlCarritoDeCompra
20:42:15.650 [Forwarding getAlertText on session 274d0def-5b56-44fd-a9eb-51879e7f2c50 to remote] DEBUG org.asynchttpclient.netty.request.NettyRequestSender -- Using pooled Channel '[id: 0xd10db2e3, L:/127.0.0.1:56642 - R:localhost/127.0.0.1:43073]' for 'GET' to 'http://localhost:43073/session/274d0def-5b56-44fd-a9eb-51879e7f2c50/alert/text'
20:42:15.650 [Forwarding getAlertText on session 274d0def-5b56-44fd-a9eb-51879e7f2c50 to remote] DEBUG org.asynchttpclient.netty.request.NettyRequestSender -- Using open Channel [id: 0xd10db2e3, L:/127.0.0.1:56642 - R:localhost/127.0.0.1:43073] for GET '/session/274d0def-5b56-44fd-a9eb-51879e7f2c50/alert/text'
20:42:15.652 [AsyncHttpClient-1-2] DEBUG org.asynchttpclient.netty.handler.HttpHandler -- 

Request DefaultFullHttpRequest(decodeResult: success, version: HTTP/1.1, content: EmptyByteBufBE)
GET /session/274d0def-5b56-44fd-a9eb-51879e7f2c50/alert/text HTTP/1.1
Cache-Control: no-cache
User-Agent: selenium/4.12.0 (java windows)
Content-Type: application/json; charset=utf-8
host: localhost:43073
accept: */*

Response DefaultHttpResponse(decodeResult: success, version: HTTP/1.1)
HTTP/1.1 404 Not Found
content-type: application/json; charset=utf-8
cache-control: no-cache
content-length: 842
date: Sun, 28 Apr 2024 01:42:15 GMT

20:42:15.653 [AsyncHttpClient-1-2] DEBUG org.asynchttpclient.netty.channel.ChannelManager -- Adding key: http://localhost:43073 for channel [id: 0xd10db2e3, L:/127.0.0.1:56642 - R:localhost/127.0.0.1:43073]
20:42:15.654 [Forwarding getCurrentUrl on session 274d0def-5b56-44fd-a9eb-51879e7f2c50 to remote] DEBUG org.asynchttpclient.netty.request.NettyRequestSender -- Using pooled Channel '[id: 0xd10db2e3, L:/127.0.0.1:56642 - R:localhost/127.0.0.1:43073]' for 'GET' to 'http://localhost:43073/session/274d0def-5b56-44fd-a9eb-51879e7f2c50/url'
20:42:15.655 [Forwarding getCurrentUrl on session 274d0def-5b56-44fd-a9eb-51879e7f2c50 to remote] DEBUG org.asynchttpclient.netty.request.NettyRequestSender -- Using open Channel [id: 0xd10db2e3, L:/127.0.0.1:56642 - R:localhost/127.0.0.1:43073] for GET '/session/274d0def-5b56-44fd-a9eb-51879e7f2c50/url'
20:42:15.656 [AsyncHttpClient-1-2] DEBUG org.asynchttpclient.netty.handler.HttpHandler -- 

Request DefaultFullHttpRequest(decodeResult: success, version: HTTP/1.1, content: EmptyByteBufBE)
GET /session/274d0def-5b56-44fd-a9eb-51879e7f2c50/url HTTP/1.1
Cache-Control: no-cache
User-Agent: selenium/4.12.0 (java windows)
Content-Type: application/json; charset=utf-8
host: localhost:43073
accept: */*

Response DefaultHttpResponse(decodeResult: success, version: HTTP/1.1)
HTTP/1.1 200 OK
content-type: application/json; charset=utf-8
cache-control: no-cache
content-length: 55
date: Sun, 28 Apr 2024 01:42:15 GMT

20:42:15.657 [AsyncHttpClient-1-2] DEBUG org.asynchttpclient.netty.channel.ChannelManager -- Adding key: http://localhost:43073 for channel [id: 0xd10db2e3, L:/127.0.0.1:56642 - R:localhost/127.0.0.1:43073]
20:42:15.659 [Forwarding screenshot on session 274d0def-5b56-44fd-a9eb-51879e7f2c50 to remote] DEBUG org.asynchttpclient.netty.request.NettyRequestSender -- Using pooled Channel '[id: 0xd10db2e3, L:/127.0.0.1:56642 - R:localhost/127.0.0.1:43073]' for 'GET' to 'http://localhost:43073/session/274d0def-5b56-44fd-a9eb-51879e7f2c50/screenshot'
20:42:15.659 [Forwarding screenshot on session 274d0def-5b56-44fd-a9eb-51879e7f2c50 to remote] DEBUG org.asynchttpclient.netty.request.NettyRequestSender -- Using open Channel [id: 0xd10db2e3, L:/127.0.0.1:56642 - R:localhost/127.0.0.1:43073] for GET '/session/274d0def-5b56-44fd-a9eb-51879e7f2c50/screenshot'
20:42:15.723 [AsyncHttpClient-1-2] DEBUG org.asynchttpclient.netty.handler.HttpHandler -- 

Request DefaultFullHttpRequest(decodeResult: success, version: HTTP/1.1, content: EmptyByteBufBE)
GET /session/274d0def-5b56-44fd-a9eb-51879e7f2c50/screenshot HTTP/1.1
Cache-Control: no-cache
User-Agent: selenium/4.12.0 (java windows)
Content-Type: application/json; charset=utf-8
host: localhost:43073
accept: */*

Response DefaultHttpResponse(decodeResult: success, version: HTTP/1.1)
HTTP/1.1 200 OK
content-type: application/json; charset=utf-8
cache-control: no-cache
content-length: 570536
date: Sun, 28 Apr 2024 01:42:15 GMT

20:42:15.724 [AsyncHttpClient-1-2] DEBUG org.asynchttpclient.netty.channel.ChannelManager -- Adding key: http://localhost:43073 for channel [id: 0xd10db2e3, L:/127.0.0.1:56642 - R:localhost/127.0.0.1:43073]
20:42:15.732 [main] DEBUG net.serenitybdd.core.photography.Darkroom -- Send negative for processing for C:\Users\USUARIO\OneDrive\Documentos\02 Automatización\03 Pragma\pragma\pragma\target\site\serenity\898615a5a89357c4144686c803b22776107d5a807c3797751df96b7842b66bc6.png
20:42:16.131 [AsyncHttpClient-1-1] DEBUG org.asynchttpclient.netty.channel.DefaultChannelPool -- Entry count for : http://localhost:43073 : 1
20:42:16.744 [main] DEBUG net.thucydides.core.steps.StepInterceptor -- STARTING STEP: StepInterceptor.testContext - ingresoAlCarritoDeCompras
20:42:16.748 [Forwarding findElement on session 274d0def-5b56-44fd-a9eb-51879e7f2c50 to remote] DEBUG org.asynchttpclient.netty.request.NettyRequestSender -- Using pooled Channel '[id: 0xd10db2e3, L:/127.0.0.1:56642 - R:localhost/127.0.0.1:43073]' for 'POST' to 'http://localhost:43073/session/274d0def-5b56-44fd-a9eb-51879e7f2c50/element'
20:42:16.748 [Forwarding findElement on session 274d0def-5b56-44fd-a9eb-51879e7f2c50 to remote] DEBUG org.asynchttpclient.netty.request.NettyRequestSender -- Using open Channel [id: 0xd10db2e3, L:/127.0.0.1:56642 - R:localhost/127.0.0.1:43073] for POST '/session/274d0def-5b56-44fd-a9eb-51879e7f2c50/element'
20:42:16.752 [AsyncHttpClient-1-2] DEBUG org.asynchttpclient.netty.handler.HttpHandler -- 

Request DefaultHttpRequest(decodeResult: success, version: HTTP/1.1)
POST /session/274d0def-5b56-44fd-a9eb-51879e7f2c50/element HTTP/1.1
User-Agent: selenium/4.12.0 (java windows)
Content-Length: 64
Content-Type: application/json; charset=utf-8
host: localhost:43073
accept: */*

Response DefaultHttpResponse(decodeResult: success, version: HTTP/1.1)
HTTP/1.1 200 OK
content-type: application/json; charset=utf-8
cache-control: no-cache
content-length: 88
date: Sun, 28 Apr 2024 01:42:16 GMT

20:42:16.753 [AsyncHttpClient-1-2] DEBUG org.asynchttpclient.netty.channel.ChannelManager -- Adding key: http://localhost:43073 for channel [id: 0xd10db2e3, L:/127.0.0.1:56642 - R:localhost/127.0.0.1:43073]
20:42:16.754 [Forwarding getElementTagName on session 274d0def-5b56-44fd-a9eb-51879e7f2c50 to remote] DEBUG org.asynchttpclient.netty.request.NettyRequestSender -- Using pooled Channel '[id: 0xd10db2e3, L:/127.0.0.1:56642 - R:localhost/127.0.0.1:43073]' for 'GET' to 'http://localhost:43073/session/274d0def-5b56-44fd-a9eb-51879e7f2c50/element/2eae51c2-2a95-4ff5-a79b-d4756b4ba7a0/name'
20:42:16.754 [Forwarding getElementTagName on session 274d0def-5b56-44fd-a9eb-51879e7f2c50 to remote] DEBUG org.asynchttpclient.netty.request.NettyRequestSender -- Using open Channel [id: 0xd10db2e3, L:/127.0.0.1:56642 - R:localhost/127.0.0.1:43073] for GET '/session/274d0def-5b56-44fd-a9eb-51879e7f2c50/element/2eae51c2-2a95-4ff5-a79b-d4756b4ba7a0/name'
20:42:16.757 [AsyncHttpClient-1-2] DEBUG org.asynchttpclient.netty.handler.HttpHandler -- 

Request DefaultFullHttpRequest(decodeResult: success, version: HTTP/1.1, content: EmptyByteBufBE)
GET /session/274d0def-5b56-44fd-a9eb-51879e7f2c50/element/2eae51c2-2a95-4ff5-a79b-d4756b4ba7a0/name HTTP/1.1
Cache-Control: no-cache
User-Agent: selenium/4.12.0 (java windows)
Content-Type: application/json; charset=utf-8
host: localhost:43073
accept: */*

Response DefaultHttpResponse(decodeResult: success, version: HTTP/1.1)
HTTP/1.1 200 OK
content-type: application/json; charset=utf-8
cache-control: no-cache
content-length: 13
date: Sun, 28 Apr 2024 01:42:16 GMT

20:42:16.757 [AsyncHttpClient-1-2] DEBUG org.asynchttpclient.netty.channel.ChannelManager -- Adding key: http://localhost:43073 for channel [id: 0xd10db2e3, L:/127.0.0.1:56642 - R:localhost/127.0.0.1:43073]
20:42:16.758 [Forwarding getElementTagName on session 274d0def-5b56-44fd-a9eb-51879e7f2c50 to remote] DEBUG org.asynchttpclient.netty.request.NettyRequestSender -- Using pooled Channel '[id: 0xd10db2e3, L:/127.0.0.1:56642 - R:localhost/127.0.0.1:43073]' for 'GET' to 'http://localhost:43073/session/274d0def-5b56-44fd-a9eb-51879e7f2c50/element/2eae51c2-2a95-4ff5-a79b-d4756b4ba7a0/name'
20:42:16.758 [Forwarding getElementTagName on session 274d0def-5b56-44fd-a9eb-51879e7f2c50 to remote] DEBUG org.asynchttpclient.netty.request.NettyRequestSender -- Using open Channel [id: 0xd10db2e3, L:/127.0.0.1:56642 - R:localhost/127.0.0.1:43073] for GET '/session/274d0def-5b56-44fd-a9eb-51879e7f2c50/element/2eae51c2-2a95-4ff5-a79b-d4756b4ba7a0/name'
20:42:16.760 [AsyncHttpClient-1-2] DEBUG org.asynchttpclient.netty.handler.HttpHandler -- 

Request DefaultFullHttpRequest(decodeResult: success, version: HTTP/1.1, content: EmptyByteBufBE)
GET /session/274d0def-5b56-44fd-a9eb-51879e7f2c50/element/2eae51c2-2a95-4ff5-a79b-d4756b4ba7a0/name HTTP/1.1
Cache-Control: no-cache
User-Agent: selenium/4.12.0 (java windows)
Content-Type: application/json; charset=utf-8
host: localhost:43073
accept: */*

Response DefaultHttpResponse(decodeResult: success, version: HTTP/1.1)
HTTP/1.1 200 OK
content-type: application/json; charset=utf-8
cache-control: no-cache
content-length: 13
date: Sun, 28 Apr 2024 01:42:16 GMT

20:42:16.760 [AsyncHttpClient-1-2] DEBUG org.asynchttpclient.netty.channel.ChannelManager -- Adding key: http://localhost:43073 for channel [id: 0xd10db2e3, L:/127.0.0.1:56642 - R:localhost/127.0.0.1:43073]
20:42:16.761 [Forwarding findElement on session 274d0def-5b56-44fd-a9eb-51879e7f2c50 to remote] DEBUG org.asynchttpclient.netty.request.NettyRequestSender -- Using pooled Channel '[id: 0xd10db2e3, L:/127.0.0.1:56642 - R:localhost/127.0.0.1:43073]' for 'POST' to 'http://localhost:43073/session/274d0def-5b56-44fd-a9eb-51879e7f2c50/element'
20:42:16.761 [Forwarding findElement on session 274d0def-5b56-44fd-a9eb-51879e7f2c50 to remote] DEBUG org.asynchttpclient.netty.request.NettyRequestSender -- Using open Channel [id: 0xd10db2e3, L:/127.0.0.1:56642 - R:localhost/127.0.0.1:43073] for POST '/session/274d0def-5b56-44fd-a9eb-51879e7f2c50/element'
20:42:16.763 [AsyncHttpClient-1-2] DEBUG org.asynchttpclient.netty.handler.HttpHandler -- 

Request DefaultHttpRequest(decodeResult: success, version: HTTP/1.1)
POST /session/274d0def-5b56-44fd-a9eb-51879e7f2c50/element HTTP/1.1
User-Agent: selenium/4.12.0 (java windows)
Content-Length: 64
Content-Type: application/json; charset=utf-8
host: localhost:43073
accept: */*

Response DefaultHttpResponse(decodeResult: success, version: HTTP/1.1)
HTTP/1.1 200 OK
content-type: application/json; charset=utf-8
cache-control: no-cache
content-length: 88
date: Sun, 28 Apr 2024 01:42:16 GMT

20:42:16.763 [AsyncHttpClient-1-2] DEBUG org.asynchttpclient.netty.channel.ChannelManager -- Adding key: http://localhost:43073 for channel [id: 0xd10db2e3, L:/127.0.0.1:56642 - R:localhost/127.0.0.1:43073]
20:42:16.763 [Forwarding clickElement on session 274d0def-5b56-44fd-a9eb-51879e7f2c50 to remote] DEBUG org.asynchttpclient.netty.request.NettyRequestSender -- Using pooled Channel '[id: 0xd10db2e3, L:/127.0.0.1:56642 - R:localhost/127.0.0.1:43073]' for 'POST' to 'http://localhost:43073/session/274d0def-5b56-44fd-a9eb-51879e7f2c50/element/2eae51c2-2a95-4ff5-a79b-d4756b4ba7a0/click'
20:42:16.763 [Forwarding clickElement on session 274d0def-5b56-44fd-a9eb-51879e7f2c50 to remote] DEBUG org.asynchttpclient.netty.request.NettyRequestSender -- Using open Channel [id: 0xd10db2e3, L:/127.0.0.1:56642 - R:localhost/127.0.0.1:43073] for POST '/session/274d0def-5b56-44fd-a9eb-51879e7f2c50/element/2eae51c2-2a95-4ff5-a79b-d4756b4ba7a0/click'
20:42:17.158 [AsyncHttpClient-1-2] DEBUG org.asynchttpclient.netty.handler.HttpHandler -- 

Request DefaultHttpRequest(decodeResult: success, version: HTTP/1.1)
POST /session/274d0def-5b56-44fd-a9eb-51879e7f2c50/element/2eae51c2-2a95-4ff5-a79b-d4756b4ba7a0/click HTTP/1.1
User-Agent: selenium/4.12.0 (java windows)
Content-Length: 50
Content-Type: application/json; charset=utf-8
host: localhost:43073
accept: */*

Response DefaultHttpResponse(decodeResult: success, version: HTTP/1.1)
HTTP/1.1 200 OK
content-type: application/json; charset=utf-8
cache-control: no-cache
content-length: 14
date: Sun, 28 Apr 2024 01:42:16 GMT

20:42:17.159 [AsyncHttpClient-1-2] DEBUG org.asynchttpclient.netty.channel.ChannelManager -- Adding key: http://localhost:43073 for channel [id: 0xd10db2e3, L:/127.0.0.1:56642 - R:localhost/127.0.0.1:43073]
20:42:17.165 [Forwarding getAlertText on session 274d0def-5b56-44fd-a9eb-51879e7f2c50 to remote] DEBUG org.asynchttpclient.netty.request.NettyRequestSender -- Using pooled Channel '[id: 0xd10db2e3, L:/127.0.0.1:56642 - R:localhost/127.0.0.1:43073]' for 'GET' to 'http://localhost:43073/session/274d0def-5b56-44fd-a9eb-51879e7f2c50/alert/text'
20:42:17.165 [Forwarding getAlertText on session 274d0def-5b56-44fd-a9eb-51879e7f2c50 to remote] DEBUG org.asynchttpclient.netty.request.NettyRequestSender -- Using open Channel [id: 0xd10db2e3, L:/127.0.0.1:56642 - R:localhost/127.0.0.1:43073] for GET '/session/274d0def-5b56-44fd-a9eb-51879e7f2c50/alert/text'
20:42:17.167 [AsyncHttpClient-1-2] DEBUG org.asynchttpclient.netty.handler.HttpHandler -- 

Request DefaultFullHttpRequest(decodeResult: success, version: HTTP/1.1, content: EmptyByteBufBE)
GET /session/274d0def-5b56-44fd-a9eb-51879e7f2c50/alert/text HTTP/1.1
Cache-Control: no-cache
User-Agent: selenium/4.12.0 (java windows)
Content-Type: application/json; charset=utf-8
host: localhost:43073
accept: */*

Response DefaultHttpResponse(decodeResult: success, version: HTTP/1.1)
HTTP/1.1 404 Not Found
content-type: application/json; charset=utf-8
cache-control: no-cache
content-length: 842
date: Sun, 28 Apr 2024 01:42:16 GMT

20:42:17.167 [AsyncHttpClient-1-2] DEBUG org.asynchttpclient.netty.channel.ChannelManager -- Adding key: http://localhost:43073 for channel [id: 0xd10db2e3, L:/127.0.0.1:56642 - R:localhost/127.0.0.1:43073]
20:42:17.169 [Forwarding getCurrentUrl on session 274d0def-5b56-44fd-a9eb-51879e7f2c50 to remote] DEBUG org.asynchttpclient.netty.request.NettyRequestSender -- Using pooled Channel '[id: 0xd10db2e3, L:/127.0.0.1:56642 - R:localhost/127.0.0.1:43073]' for 'GET' to 'http://localhost:43073/session/274d0def-5b56-44fd-a9eb-51879e7f2c50/url'
20:42:17.169 [Forwarding getCurrentUrl on session 274d0def-5b56-44fd-a9eb-51879e7f2c50 to remote] DEBUG org.asynchttpclient.netty.request.NettyRequestSender -- Using open Channel [id: 0xd10db2e3, L:/127.0.0.1:56642 - R:localhost/127.0.0.1:43073] for GET '/session/274d0def-5b56-44fd-a9eb-51879e7f2c50/url'
20:42:17.176 [AsyncHttpClient-1-2] DEBUG org.asynchttpclient.netty.handler.HttpHandler -- 

Request DefaultFullHttpRequest(decodeResult: success, version: HTTP/1.1, content: EmptyByteBufBE)
GET /session/274d0def-5b56-44fd-a9eb-51879e7f2c50/url HTTP/1.1
Cache-Control: no-cache
User-Agent: selenium/4.12.0 (java windows)
Content-Type: application/json; charset=utf-8
host: localhost:43073
accept: */*

Response DefaultHttpResponse(decodeResult: success, version: HTTP/1.1)
HTTP/1.1 200 OK
content-type: application/json; charset=utf-8
cache-control: no-cache
content-length: 47
date: Sun, 28 Apr 2024 01:42:16 GMT

20:42:17.177 [AsyncHttpClient-1-2] DEBUG org.asynchttpclient.netty.channel.ChannelManager -- Adding key: http://localhost:43073 for channel [id: 0xd10db2e3, L:/127.0.0.1:56642 - R:localhost/127.0.0.1:43073]
20:42:17.178 [Forwarding screenshot on session 274d0def-5b56-44fd-a9eb-51879e7f2c50 to remote] DEBUG org.asynchttpclient.netty.request.NettyRequestSender -- Using pooled Channel '[id: 0xd10db2e3, L:/127.0.0.1:56642 - R:localhost/127.0.0.1:43073]' for 'GET' to 'http://localhost:43073/session/274d0def-5b56-44fd-a9eb-51879e7f2c50/screenshot'
20:42:17.179 [Forwarding screenshot on session 274d0def-5b56-44fd-a9eb-51879e7f2c50 to remote] DEBUG org.asynchttpclient.netty.request.NettyRequestSender -- Using open Channel [id: 0xd10db2e3, L:/127.0.0.1:56642 - R:localhost/127.0.0.1:43073] for GET '/session/274d0def-5b56-44fd-a9eb-51879e7f2c50/screenshot'
20:42:17.242 [AsyncHttpClient-1-2] DEBUG org.asynchttpclient.netty.handler.HttpHandler -- 

Request DefaultFullHttpRequest(decodeResult: success, version: HTTP/1.1, content: EmptyByteBufBE)
GET /session/274d0def-5b56-44fd-a9eb-51879e7f2c50/screenshot HTTP/1.1
Cache-Control: no-cache
User-Agent: selenium/4.12.0 (java windows)
Content-Type: application/json; charset=utf-8
host: localhost:43073
accept: */*

Response DefaultHttpResponse(decodeResult: success, version: HTTP/1.1)
HTTP/1.1 200 OK
content-type: application/json; charset=utf-8
cache-control: no-cache
content-length: 286856
date: Sun, 28 Apr 2024 01:42:16 GMT

20:42:17.243 [AsyncHttpClient-1-2] DEBUG org.asynchttpclient.netty.channel.ChannelManager -- Adding key: http://localhost:43073 for channel [id: 0xd10db2e3, L:/127.0.0.1:56642 - R:localhost/127.0.0.1:43073]
20:42:17.248 [main] DEBUG net.serenitybdd.core.photography.Darkroom -- Send negative for processing for C:\Users\USUARIO\OneDrive\Documentos\02 Automatización\03 Pragma\pragma\pragma\target\site\serenity\5dc66e2877f7902fd4d4084dc1cc5fe67825ee3c2bff8a15944ee7f39ec50584.png
20:42:17.248 [Darkroom Processing Line] DEBUG net.serenitybdd.core.photography.DarkroomProcessingLine -- Processing screenshot image in /var/screenshots/screenshot-2785182200610985614
20:42:17.248 [Darkroom Processing Line] DEBUG net.serenitybdd.core.photography.DarkroomProcessingLine -- Saving screenshot to C:\Users\USUARIO\OneDrive\Documentos\02 Automatización\03 Pragma\pragma\pragma\target\site\serenity\5dc66e2877f7902fd4d4084dc1cc5fe67825ee3c2bff8a15944ee7f39ec50584.png
20:42:18.253 [main] DEBUG net.thucydides.core.steps.StepInterceptor -- STEP DONE: ingresoAlCarritoDeCompras
20:42:18.261 [Forwarding getAlertText on session 274d0def-5b56-44fd-a9eb-51879e7f2c50 to remote] DEBUG org.asynchttpclient.netty.request.NettyRequestSender -- Using pooled Channel '[id: 0xd10db2e3, L:/127.0.0.1:56642 - R:localhost/127.0.0.1:43073]' for 'GET' to 'http://localhost:43073/session/274d0def-5b56-44fd-a9eb-51879e7f2c50/alert/text'
20:42:18.261 [Forwarding getAlertText on session 274d0def-5b56-44fd-a9eb-51879e7f2c50 to remote] DEBUG org.asynchttpclient.netty.request.NettyRequestSender -- Using open Channel [id: 0xd10db2e3, L:/127.0.0.1:56642 - R:localhost/127.0.0.1:43073] for GET '/session/274d0def-5b56-44fd-a9eb-51879e7f2c50/alert/text'
20:42:18.263 [AsyncHttpClient-1-2] DEBUG org.asynchttpclient.netty.handler.HttpHandler -- 

Request DefaultFullHttpRequest(decodeResult: success, version: HTTP/1.1, content: EmptyByteBufBE)
GET /session/274d0def-5b56-44fd-a9eb-51879e7f2c50/alert/text HTTP/1.1
Cache-Control: no-cache
User-Agent: selenium/4.12.0 (java windows)
Content-Type: application/json; charset=utf-8
host: localhost:43073
accept: */*

Response DefaultHttpResponse(decodeResult: success, version: HTTP/1.1)
HTTP/1.1 404 Not Found
content-type: application/json; charset=utf-8
cache-control: no-cache
content-length: 842
date: Sun, 28 Apr 2024 01:42:18 GMT

20:42:18.263 [AsyncHttpClient-1-2] DEBUG org.asynchttpclient.netty.channel.ChannelManager -- Adding key: http://localhost:43073 for channel [id: 0xd10db2e3, L:/127.0.0.1:56642 - R:localhost/127.0.0.1:43073]
20:42:18.265 [Forwarding getCurrentUrl on session 274d0def-5b56-44fd-a9eb-51879e7f2c50 to remote] DEBUG org.asynchttpclient.netty.request.NettyRequestSender -- Using pooled Channel '[id: 0xd10db2e3, L:/127.0.0.1:56642 - R:localhost/127.0.0.1:43073]' for 'GET' to 'http://localhost:43073/session/274d0def-5b56-44fd-a9eb-51879e7f2c50/url'
20:42:18.265 [Forwarding getCurrentUrl on session 274d0def-5b56-44fd-a9eb-51879e7f2c50 to remote] DEBUG org.asynchttpclient.netty.request.NettyRequestSender -- Using open Channel [id: 0xd10db2e3, L:/127.0.0.1:56642 - R:localhost/127.0.0.1:43073] for GET '/session/274d0def-5b56-44fd-a9eb-51879e7f2c50/url'
20:42:18.267 [AsyncHttpClient-1-2] DEBUG org.asynchttpclient.netty.handler.HttpHandler -- 

Request DefaultFullHttpRequest(decodeResult: success, version: HTTP/1.1, content: EmptyByteBufBE)
GET /session/274d0def-5b56-44fd-a9eb-51879e7f2c50/url HTTP/1.1
Cache-Control: no-cache
User-Agent: selenium/4.12.0 (java windows)
Content-Type: application/json; charset=utf-8
host: localhost:43073
accept: */*

Response DefaultHttpResponse(decodeResult: success, version: HTTP/1.1)
HTTP/1.1 200 OK
content-type: application/json; charset=utf-8
cache-control: no-cache
content-length: 47
date: Sun, 28 Apr 2024 01:42:18 GMT

20:42:18.267 [AsyncHttpClient-1-2] DEBUG org.asynchttpclient.netty.channel.ChannelManager -- Adding key: http://localhost:43073 for channel [id: 0xd10db2e3, L:/127.0.0.1:56642 - R:localhost/127.0.0.1:43073]
20:42:18.269 [Forwarding screenshot on session 274d0def-5b56-44fd-a9eb-51879e7f2c50 to remote] DEBUG org.asynchttpclient.netty.request.NettyRequestSender -- Using pooled Channel '[id: 0xd10db2e3, L:/127.0.0.1:56642 - R:localhost/127.0.0.1:43073]' for 'GET' to 'http://localhost:43073/session/274d0def-5b56-44fd-a9eb-51879e7f2c50/screenshot'
20:42:18.269 [Forwarding screenshot on session 274d0def-5b56-44fd-a9eb-51879e7f2c50 to remote] DEBUG org.asynchttpclient.netty.request.NettyRequestSender -- Using open Channel [id: 0xd10db2e3, L:/127.0.0.1:56642 - R:localhost/127.0.0.1:43073] for GET '/session/274d0def-5b56-44fd-a9eb-51879e7f2c50/screenshot'
20:42:18.311 [AsyncHttpClient-1-2] DEBUG org.asynchttpclient.netty.handler.HttpHandler -- 

Request DefaultFullHttpRequest(decodeResult: success, version: HTTP/1.1, content: EmptyByteBufBE)
GET /session/274d0def-5b56-44fd-a9eb-51879e7f2c50/screenshot HTTP/1.1
Cache-Control: no-cache
User-Agent: selenium/4.12.0 (java windows)
Content-Type: application/json; charset=utf-8
host: localhost:43073
accept: */*

Response DefaultHttpResponse(decodeResult: success, version: HTTP/1.1)
HTTP/1.1 200 OK
content-type: application/json; charset=utf-8
cache-control: no-cache
content-length: 332812
date: Sun, 28 Apr 2024 01:42:18 GMT

20:42:18.312 [AsyncHttpClient-1-2] DEBUG org.asynchttpclient.netty.channel.ChannelManager -- Adding key: http://localhost:43073 for channel [id: 0xd10db2e3, L:/127.0.0.1:56642 - R:localhost/127.0.0.1:43073]
20:42:18.318 [main] DEBUG net.serenitybdd.core.photography.Darkroom -- Send negative for processing for C:\Users\USUARIO\OneDrive\Documentos\02 Automatización\03 Pragma\pragma\pragma\target\site\serenity\59165af437192763202e4540ec237d392207dfd87bda45f89483a0298e64d785.png
20:42:18.318 [Darkroom Processing Line] DEBUG net.serenitybdd.core.photography.DarkroomProcessingLine -- Processing screenshot image in /var/screenshots/screenshot-9099897927800213085
20:42:18.318 [Darkroom Processing Line] DEBUG net.serenitybdd.core.photography.DarkroomProcessingLine -- Saving screenshot to C:\Users\USUARIO\OneDrive\Documentos\02 Automatización\03 Pragma\pragma\pragma\target\site\serenity\59165af437192763202e4540ec237d392207dfd87bda45f89483a0298e64d785.png
20:42:18.332 [AsyncHttpClient-1-1] DEBUG org.asynchttpclient.netty.channel.DefaultChannelPool -- Entry count for : http://localhost:43073 : 1
20:42:19.338 [main] DEBUG net.thucydides.core.steps.StepInterceptor -- STARTING STEP: StepInterceptor.testContext - validarAdicionCorrectaDeProducto
20:42:19.341 [Forwarding findElement on session 274d0def-5b56-44fd-a9eb-51879e7f2c50 to remote] DEBUG org.asynchttpclient.netty.request.NettyRequestSender -- Using pooled Channel '[id: 0xd10db2e3, L:/127.0.0.1:56642 - R:localhost/127.0.0.1:43073]' for 'POST' to 'http://localhost:43073/session/274d0def-5b56-44fd-a9eb-51879e7f2c50/element'
20:42:19.341 [Forwarding findElement on session 274d0def-5b56-44fd-a9eb-51879e7f2c50 to remote] DEBUG org.asynchttpclient.netty.request.NettyRequestSender -- Using open Channel [id: 0xd10db2e3, L:/127.0.0.1:56642 - R:localhost/127.0.0.1:43073] for POST '/session/274d0def-5b56-44fd-a9eb-51879e7f2c50/element'
20:42:19.345 [AsyncHttpClient-1-2] DEBUG org.asynchttpclient.netty.handler.HttpHandler -- 

Request DefaultHttpRequest(decodeResult: success, version: HTTP/1.1)
POST /session/274d0def-5b56-44fd-a9eb-51879e7f2c50/element HTTP/1.1
User-Agent: selenium/4.12.0 (java windows)
Content-Length: 263
Content-Type: application/json; charset=utf-8
host: localhost:43073
accept: */*

Response DefaultHttpResponse(decodeResult: success, version: HTTP/1.1)
HTTP/1.1 200 OK
content-type: application/json; charset=utf-8
cache-control: no-cache
content-length: 88
date: Sun, 28 Apr 2024 01:42:19 GMT

20:42:19.345 [AsyncHttpClient-1-2] DEBUG org.asynchttpclient.netty.channel.ChannelManager -- Adding key: http://localhost:43073 for channel [id: 0xd10db2e3, L:/127.0.0.1:56642 - R:localhost/127.0.0.1:43073]
20:42:19.346 [Forwarding getElementText on session 274d0def-5b56-44fd-a9eb-51879e7f2c50 to remote] DEBUG org.asynchttpclient.netty.request.NettyRequestSender -- Using pooled Channel '[id: 0xd10db2e3, L:/127.0.0.1:56642 - R:localhost/127.0.0.1:43073]' for 'GET' to 'http://localhost:43073/session/274d0def-5b56-44fd-a9eb-51879e7f2c50/element/6047804b-1268-4f05-8980-82dce348d015/text'
20:42:19.346 [Forwarding getElementText on session 274d0def-5b56-44fd-a9eb-51879e7f2c50 to remote] DEBUG org.asynchttpclient.netty.request.NettyRequestSender -- Using open Channel [id: 0xd10db2e3, L:/127.0.0.1:56642 - R:localhost/127.0.0.1:43073] for GET '/session/274d0def-5b56-44fd-a9eb-51879e7f2c50/element/6047804b-1268-4f05-8980-82dce348d015/text'
20:42:19.354 [AsyncHttpClient-1-2] DEBUG org.asynchttpclient.netty.handler.HttpHandler -- 

Request DefaultFullHttpRequest(decodeResult: success, version: HTTP/1.1, content: EmptyByteBufBE)
GET /session/274d0def-5b56-44fd-a9eb-51879e7f2c50/element/6047804b-1268-4f05-8980-82dce348d015/text HTTP/1.1
Cache-Control: no-cache
User-Agent: selenium/4.12.0 (java windows)
Content-Type: application/json; charset=utf-8
host: localhost:43073
accept: */*

Response DefaultHttpResponse(decodeResult: success, version: HTTP/1.1)
HTTP/1.1 200 OK
content-type: application/json; charset=utf-8
cache-control: no-cache
content-length: 40
date: Sun, 28 Apr 2024 01:42:19 GMT

20:42:19.354 [AsyncHttpClient-1-2] DEBUG org.asynchttpclient.netty.channel.ChannelManager -- Adding key: http://localhost:43073 for channel [id: 0xd10db2e3, L:/127.0.0.1:56642 - R:localhost/127.0.0.1:43073]
Samsung galaxy s6 360
Producto agregado exitosamente
20:42:19.358 [Forwarding getAlertText on session 274d0def-5b56-44fd-a9eb-51879e7f2c50 to remote] DEBUG org.asynchttpclient.netty.request.NettyRequestSender -- Using pooled Channel '[id: 0xd10db2e3, L:/127.0.0.1:56642 - R:localhost/127.0.0.1:43073]' for 'GET' to 'http://localhost:43073/session/274d0def-5b56-44fd-a9eb-51879e7f2c50/alert/text'
20:42:19.358 [Forwarding getAlertText on session 274d0def-5b56-44fd-a9eb-51879e7f2c50 to remote] DEBUG org.asynchttpclient.netty.request.NettyRequestSender -- Using open Channel [id: 0xd10db2e3, L:/127.0.0.1:56642 - R:localhost/127.0.0.1:43073] for GET '/session/274d0def-5b56-44fd-a9eb-51879e7f2c50/alert/text'
20:42:19.359 [AsyncHttpClient-1-2] DEBUG org.asynchttpclient.netty.handler.HttpHandler -- 

Request DefaultFullHttpRequest(decodeResult: success, version: HTTP/1.1, content: EmptyByteBufBE)
GET /session/274d0def-5b56-44fd-a9eb-51879e7f2c50/alert/text HTTP/1.1
Cache-Control: no-cache
User-Agent: selenium/4.12.0 (java windows)
Content-Type: application/json; charset=utf-8
host: localhost:43073
accept: */*

Response DefaultHttpResponse(decodeResult: success, version: HTTP/1.1)
HTTP/1.1 404 Not Found
content-type: application/json; charset=utf-8
cache-control: no-cache
content-length: 842
date: Sun, 28 Apr 2024 01:42:19 GMT

20:42:19.360 [AsyncHttpClient-1-2] DEBUG org.asynchttpclient.netty.channel.ChannelManager -- Adding key: http://localhost:43073 for channel [id: 0xd10db2e3, L:/127.0.0.1:56642 - R:localhost/127.0.0.1:43073]
20:42:19.360 [Forwarding getCurrentUrl on session 274d0def-5b56-44fd-a9eb-51879e7f2c50 to remote] DEBUG org.asynchttpclient.netty.request.NettyRequestSender -- Using pooled Channel '[id: 0xd10db2e3, L:/127.0.0.1:56642 - R:localhost/127.0.0.1:43073]' for 'GET' to 'http://localhost:43073/session/274d0def-5b56-44fd-a9eb-51879e7f2c50/url'
20:42:19.360 [Forwarding getCurrentUrl on session 274d0def-5b56-44fd-a9eb-51879e7f2c50 to remote] DEBUG org.asynchttpclient.netty.request.NettyRequestSender -- Using open Channel [id: 0xd10db2e3, L:/127.0.0.1:56642 - R:localhost/127.0.0.1:43073] for GET '/session/274d0def-5b56-44fd-a9eb-51879e7f2c50/url'
20:42:19.361 [AsyncHttpClient-1-2] DEBUG org.asynchttpclient.netty.handler.HttpHandler -- 

Request DefaultFullHttpRequest(decodeResult: success, version: HTTP/1.1, content: EmptyByteBufBE)
GET /session/274d0def-5b56-44fd-a9eb-51879e7f2c50/url HTTP/1.1
Cache-Control: no-cache
User-Agent: selenium/4.12.0 (java windows)
Content-Type: application/json; charset=utf-8
host: localhost:43073
accept: */*

Response DefaultHttpResponse(decodeResult: success, version: HTTP/1.1)
HTTP/1.1 200 OK
content-type: application/json; charset=utf-8
cache-control: no-cache
content-length: 47
date: Sun, 28 Apr 2024 01:42:19 GMT

20:42:19.361 [AsyncHttpClient-1-2] DEBUG org.asynchttpclient.netty.channel.ChannelManager -- Adding key: http://localhost:43073 for channel [id: 0xd10db2e3, L:/127.0.0.1:56642 - R:localhost/127.0.0.1:43073]
20:42:19.362 [Forwarding screenshot on session 274d0def-5b56-44fd-a9eb-51879e7f2c50 to remote] DEBUG org.asynchttpclient.netty.request.NettyRequestSender -- Using pooled Channel '[id: 0xd10db2e3, L:/127.0.0.1:56642 - R:localhost/127.0.0.1:43073]' for 'GET' to 'http://localhost:43073/session/274d0def-5b56-44fd-a9eb-51879e7f2c50/screenshot'
20:42:19.362 [Forwarding screenshot on session 274d0def-5b56-44fd-a9eb-51879e7f2c50 to remote] DEBUG org.asynchttpclient.netty.request.NettyRequestSender -- Using open Channel [id: 0xd10db2e3, L:/127.0.0.1:56642 - R:localhost/127.0.0.1:43073] for GET '/session/274d0def-5b56-44fd-a9eb-51879e7f2c50/screenshot'
20:42:19.401 [AsyncHttpClient-1-2] DEBUG org.asynchttpclient.netty.handler.HttpHandler -- 

Request DefaultFullHttpRequest(decodeResult: success, version: HTTP/1.1, content: EmptyByteBufBE)
GET /session/274d0def-5b56-44fd-a9eb-51879e7f2c50/screenshot HTTP/1.1
Cache-Control: no-cache
User-Agent: selenium/4.12.0 (java windows)
Content-Type: application/json; charset=utf-8
host: localhost:43073
accept: */*

Response DefaultHttpResponse(decodeResult: success, version: HTTP/1.1)
HTTP/1.1 200 OK
content-type: application/json; charset=utf-8
cache-control: no-cache
content-length: 332812
date: Sun, 28 Apr 2024 01:42:19 GMT

20:42:19.402 [AsyncHttpClient-1-2] DEBUG org.asynchttpclient.netty.channel.ChannelManager -- Adding key: http://localhost:43073 for channel [id: 0xd10db2e3, L:/127.0.0.1:56642 - R:localhost/127.0.0.1:43073]
20:42:19.412 [main] DEBUG net.serenitybdd.core.photography.Darkroom -- Send negative for processing for C:\Users\USUARIO\OneDrive\Documentos\02 Automatización\03 Pragma\pragma\pragma\target\site\serenity\59165af437192763202e4540ec237d392207dfd87bda45f89483a0298e64d785.png
20:42:19.440 [AsyncHttpClient-1-1] DEBUG org.asynchttpclient.netty.channel.DefaultChannelPool -- Entry count for : http://localhost:43073 : 1
20:42:20.419 [main] DEBUG net.thucydides.core.steps.StepInterceptor -- STEP DONE: validarAdicionCorrectaDeProducto
20:42:20.427 [Forwarding getAlertText on session 274d0def-5b56-44fd-a9eb-51879e7f2c50 to remote] DEBUG org.asynchttpclient.netty.request.NettyRequestSender -- Using pooled Channel '[id: 0xd10db2e3, L:/127.0.0.1:56642 - R:localhost/127.0.0.1:43073]' for 'GET' to 'http://localhost:43073/session/274d0def-5b56-44fd-a9eb-51879e7f2c50/alert/text'
20:42:20.427 [Forwarding getAlertText on session 274d0def-5b56-44fd-a9eb-51879e7f2c50 to remote] DEBUG org.asynchttpclient.netty.request.NettyRequestSender -- Using open Channel [id: 0xd10db2e3, L:/127.0.0.1:56642 - R:localhost/127.0.0.1:43073] for GET '/session/274d0def-5b56-44fd-a9eb-51879e7f2c50/alert/text'
20:42:20.430 [AsyncHttpClient-1-2] DEBUG org.asynchttpclient.netty.handler.HttpHandler -- 

Request DefaultFullHttpRequest(decodeResult: success, version: HTTP/1.1, content: EmptyByteBufBE)
GET /session/274d0def-5b56-44fd-a9eb-51879e7f2c50/alert/text HTTP/1.1
Cache-Control: no-cache
User-Agent: selenium/4.12.0 (java windows)
Content-Type: application/json; charset=utf-8
host: localhost:43073
accept: */*

Response DefaultHttpResponse(decodeResult: success, version: HTTP/1.1)
HTTP/1.1 404 Not Found
content-type: application/json; charset=utf-8
cache-control: no-cache
content-length: 842
date: Sun, 28 Apr 2024 01:42:20 GMT

20:42:20.430 [AsyncHttpClient-1-2] DEBUG org.asynchttpclient.netty.channel.ChannelManager -- Adding key: http://localhost:43073 for channel [id: 0xd10db2e3, L:/127.0.0.1:56642 - R:localhost/127.0.0.1:43073]
20:42:20.432 [Forwarding getCurrentUrl on session 274d0def-5b56-44fd-a9eb-51879e7f2c50 to remote] DEBUG org.asynchttpclient.netty.request.NettyRequestSender -- Using pooled Channel '[id: 0xd10db2e3, L:/127.0.0.1:56642 - R:localhost/127.0.0.1:43073]' for 'GET' to 'http://localhost:43073/session/274d0def-5b56-44fd-a9eb-51879e7f2c50/url'
20:42:20.432 [Forwarding getCurrentUrl on session 274d0def-5b56-44fd-a9eb-51879e7f2c50 to remote] DEBUG org.asynchttpclient.netty.request.NettyRequestSender -- Using open Channel [id: 0xd10db2e3, L:/127.0.0.1:56642 - R:localhost/127.0.0.1:43073] for GET '/session/274d0def-5b56-44fd-a9eb-51879e7f2c50/url'
20:42:20.435 [AsyncHttpClient-1-2] DEBUG org.asynchttpclient.netty.handler.HttpHandler -- 

Request DefaultFullHttpRequest(decodeResult: success, version: HTTP/1.1, content: EmptyByteBufBE)
GET /session/274d0def-5b56-44fd-a9eb-51879e7f2c50/url HTTP/1.1
Cache-Control: no-cache
User-Agent: selenium/4.12.0 (java windows)
Content-Type: application/json; charset=utf-8
host: localhost:43073
accept: */*

Response DefaultHttpResponse(decodeResult: success, version: HTTP/1.1)
HTTP/1.1 200 OK
content-type: application/json; charset=utf-8
cache-control: no-cache
content-length: 47
date: Sun, 28 Apr 2024 01:42:20 GMT

20:42:20.435 [AsyncHttpClient-1-2] DEBUG org.asynchttpclient.netty.channel.ChannelManager -- Adding key: http://localhost:43073 for channel [id: 0xd10db2e3, L:/127.0.0.1:56642 - R:localhost/127.0.0.1:43073]
20:42:20.437 [Forwarding screenshot on session 274d0def-5b56-44fd-a9eb-51879e7f2c50 to remote] DEBUG org.asynchttpclient.netty.request.NettyRequestSender -- Using pooled Channel '[id: 0xd10db2e3, L:/127.0.0.1:56642 - R:localhost/127.0.0.1:43073]' for 'GET' to 'http://localhost:43073/session/274d0def-5b56-44fd-a9eb-51879e7f2c50/screenshot'
20:42:20.437 [Forwarding screenshot on session 274d0def-5b56-44fd-a9eb-51879e7f2c50 to remote] DEBUG org.asynchttpclient.netty.request.NettyRequestSender -- Using open Channel [id: 0xd10db2e3, L:/127.0.0.1:56642 - R:localhost/127.0.0.1:43073] for GET '/session/274d0def-5b56-44fd-a9eb-51879e7f2c50/screenshot'
20:42:20.502 [AsyncHttpClient-1-2] DEBUG org.asynchttpclient.netty.handler.HttpHandler -- 

Request DefaultFullHttpRequest(decodeResult: success, version: HTTP/1.1, content: EmptyByteBufBE)
GET /session/274d0def-5b56-44fd-a9eb-51879e7f2c50/screenshot HTTP/1.1
Cache-Control: no-cache
User-Agent: selenium/4.12.0 (java windows)
Content-Type: application/json; charset=utf-8
host: localhost:43073
accept: */*

Response DefaultHttpResponse(decodeResult: success, version: HTTP/1.1)
HTTP/1.1 200 OK
content-type: application/json; charset=utf-8
cache-control: no-cache
content-length: 332812
date: Sun, 28 Apr 2024 01:42:20 GMT

20:42:20.504 [AsyncHttpClient-1-2] DEBUG org.asynchttpclient.netty.channel.ChannelManager -- Adding key: http://localhost:43073 for channel [id: 0xd10db2e3, L:/127.0.0.1:56642 - R:localhost/127.0.0.1:43073]
20:42:20.510 [main] DEBUG net.serenitybdd.core.photography.Darkroom -- Send negative for processing for C:\Users\USUARIO\OneDrive\Documentos\02 Automatización\03 Pragma\pragma\pragma\target\site\serenity\59165af437192763202e4540ec237d392207dfd87bda45f89483a0298e64d785.png
20:42:20.533 [AsyncHttpClient-1-1] DEBUG org.asynchttpclient.netty.channel.DefaultChannelPool -- Entry count for : http://localhost:43073 : 1
20:42:21.527 [main] DEBUG net.thucydides.core.steps.StepInterceptor -- STARTING STEP: StepInterceptor.testContext - validarPrecioCorrectoDeCarrito
20:42:21.530 [Forwarding findElement on session 274d0def-5b56-44fd-a9eb-51879e7f2c50 to remote] DEBUG org.asynchttpclient.netty.request.NettyRequestSender -- Using pooled Channel '[id: 0xd10db2e3, L:/127.0.0.1:56642 - R:localhost/127.0.0.1:43073]' for 'POST' to 'http://localhost:43073/session/274d0def-5b56-44fd-a9eb-51879e7f2c50/element'
20:42:21.530 [Forwarding findElement on session 274d0def-5b56-44fd-a9eb-51879e7f2c50 to remote] DEBUG org.asynchttpclient.netty.request.NettyRequestSender -- Using open Channel [id: 0xd10db2e3, L:/127.0.0.1:56642 - R:localhost/127.0.0.1:43073] for POST '/session/274d0def-5b56-44fd-a9eb-51879e7f2c50/element'
20:42:21.537 [AsyncHttpClient-1-2] DEBUG org.asynchttpclient.netty.handler.HttpHandler -- 

Request DefaultHttpRequest(decodeResult: success, version: HTTP/1.1)
POST /session/274d0def-5b56-44fd-a9eb-51879e7f2c50/element HTTP/1.1
User-Agent: selenium/4.12.0 (java windows)
Content-Length: 65
Content-Type: application/json; charset=utf-8
host: localhost:43073
accept: */*

Response DefaultHttpResponse(decodeResult: success, version: HTTP/1.1)
HTTP/1.1 200 OK
content-type: application/json; charset=utf-8
cache-control: no-cache
content-length: 88
date: Sun, 28 Apr 2024 01:42:21 GMT

20:42:21.538 [AsyncHttpClient-1-2] DEBUG org.asynchttpclient.netty.channel.ChannelManager -- Adding key: http://localhost:43073 for channel [id: 0xd10db2e3, L:/127.0.0.1:56642 - R:localhost/127.0.0.1:43073]
20:42:21.539 [Forwarding getElementText on session 274d0def-5b56-44fd-a9eb-51879e7f2c50 to remote] DEBUG org.asynchttpclient.netty.request.NettyRequestSender -- Using pooled Channel '[id: 0xd10db2e3, L:/127.0.0.1:56642 - R:localhost/127.0.0.1:43073]' for 'GET' to 'http://localhost:43073/session/274d0def-5b56-44fd-a9eb-51879e7f2c50/element/5281ca35-d708-4e86-8304-f4c3f2af0106/text'
20:42:21.539 [Forwarding getElementText on session 274d0def-5b56-44fd-a9eb-51879e7f2c50 to remote] DEBUG org.asynchttpclient.netty.request.NettyRequestSender -- Using open Channel [id: 0xd10db2e3, L:/127.0.0.1:56642 - R:localhost/127.0.0.1:43073] for GET '/session/274d0def-5b56-44fd-a9eb-51879e7f2c50/element/5281ca35-d708-4e86-8304-f4c3f2af0106/text'
20:42:21.545 [AsyncHttpClient-1-2] DEBUG org.asynchttpclient.netty.handler.HttpHandler -- 

Request DefaultFullHttpRequest(decodeResult: success, version: HTTP/1.1, content: EmptyByteBufBE)
GET /session/274d0def-5b56-44fd-a9eb-51879e7f2c50/element/5281ca35-d708-4e86-8304-f4c3f2af0106/text HTTP/1.1
Cache-Control: no-cache
User-Agent: selenium/4.12.0 (java windows)
Content-Type: application/json; charset=utf-8
host: localhost:43073
accept: */*

Response DefaultHttpResponse(decodeResult: success, version: HTTP/1.1)
HTTP/1.1 200 OK
content-type: application/json; charset=utf-8
cache-control: no-cache
content-length: 15
date: Sun, 28 Apr 2024 01:42:21 GMT

20:42:21.545 [AsyncHttpClient-1-2] DEBUG org.asynchttpclient.netty.channel.ChannelManager -- Adding key: http://localhost:43073 for channel [id: 0xd10db2e3, L:/127.0.0.1:56642 - R:localhost/127.0.0.1:43073]
20:42:21.548 [Forwarding getAlertText on session 274d0def-5b56-44fd-a9eb-51879e7f2c50 to remote] DEBUG org.asynchttpclient.netty.request.NettyRequestSender -- Using pooled Channel '[id: 0xd10db2e3, L:/127.0.0.1:56642 - R:localhost/127.0.0.1:43073]' for 'GET' to 'http://localhost:43073/session/274d0def-5b56-44fd-a9eb-51879e7f2c50/alert/text'
20:42:21.548 [Forwarding getAlertText on session 274d0def-5b56-44fd-a9eb-51879e7f2c50 to remote] DEBUG org.asynchttpclient.netty.request.NettyRequestSender -- Using open Channel [id: 0xd10db2e3, L:/127.0.0.1:56642 - R:localhost/127.0.0.1:43073] for GET '/session/274d0def-5b56-44fd-a9eb-51879e7f2c50/alert/text'
20:42:21.549 [AsyncHttpClient-1-2] DEBUG org.asynchttpclient.netty.handler.HttpHandler -- 

Request DefaultFullHttpRequest(decodeResult: success, version: HTTP/1.1, content: EmptyByteBufBE)
GET /session/274d0def-5b56-44fd-a9eb-51879e7f2c50/alert/text HTTP/1.1
Cache-Control: no-cache
User-Agent: selenium/4.12.0 (java windows)
Content-Type: application/json; charset=utf-8
host: localhost:43073
accept: */*

Response DefaultHttpResponse(decodeResult: success, version: HTTP/1.1)
HTTP/1.1 404 Not Found
content-type: application/json; charset=utf-8
cache-control: no-cache
content-length: 842
date: Sun, 28 Apr 2024 01:42:21 GMT

20:42:21.549 [AsyncHttpClient-1-2] DEBUG org.asynchttpclient.netty.channel.ChannelManager -- Adding key: http://localhost:43073 for channel [id: 0xd10db2e3, L:/127.0.0.1:56642 - R:localhost/127.0.0.1:43073]
20:42:21.550 [Forwarding getCurrentUrl on session 274d0def-5b56-44fd-a9eb-51879e7f2c50 to remote] DEBUG org.asynchttpclient.netty.request.NettyRequestSender -- Using pooled Channel '[id: 0xd10db2e3, L:/127.0.0.1:56642 - R:localhost/127.0.0.1:43073]' for 'GET' to 'http://localhost:43073/session/274d0def-5b56-44fd-a9eb-51879e7f2c50/url'
20:42:21.550 [Forwarding getCurrentUrl on session 274d0def-5b56-44fd-a9eb-51879e7f2c50 to remote] DEBUG org.asynchttpclient.netty.request.NettyRequestSender -- Using open Channel [id: 0xd10db2e3, L:/127.0.0.1:56642 - R:localhost/127.0.0.1:43073] for GET '/session/274d0def-5b56-44fd-a9eb-51879e7f2c50/url'
20:42:21.551 [AsyncHttpClient-1-2] DEBUG org.asynchttpclient.netty.handler.HttpHandler -- 

Request DefaultFullHttpRequest(decodeResult: success, version: HTTP/1.1, content: EmptyByteBufBE)
GET /session/274d0def-5b56-44fd-a9eb-51879e7f2c50/url HTTP/1.1
Cache-Control: no-cache
User-Agent: selenium/4.12.0 (java windows)
Content-Type: application/json; charset=utf-8
host: localhost:43073
accept: */*

Response DefaultHttpResponse(decodeResult: success, version: HTTP/1.1)
HTTP/1.1 200 OK
content-type: application/json; charset=utf-8
cache-control: no-cache
content-length: 47
date: Sun, 28 Apr 2024 01:42:21 GMT

20:42:21.551 [AsyncHttpClient-1-2] DEBUG org.asynchttpclient.netty.channel.ChannelManager -- Adding key: http://localhost:43073 for channel [id: 0xd10db2e3, L:/127.0.0.1:56642 - R:localhost/127.0.0.1:43073]
20:42:21.551 [Forwarding screenshot on session 274d0def-5b56-44fd-a9eb-51879e7f2c50 to remote] DEBUG org.asynchttpclient.netty.request.NettyRequestSender -- Using pooled Channel '[id: 0xd10db2e3, L:/127.0.0.1:56642 - R:localhost/127.0.0.1:43073]' for 'GET' to 'http://localhost:43073/session/274d0def-5b56-44fd-a9eb-51879e7f2c50/screenshot'
20:42:21.551 [Forwarding screenshot on session 274d0def-5b56-44fd-a9eb-51879e7f2c50 to remote] DEBUG org.asynchttpclient.netty.request.NettyRequestSender -- Using open Channel [id: 0xd10db2e3, L:/127.0.0.1:56642 - R:localhost/127.0.0.1:43073] for GET '/session/274d0def-5b56-44fd-a9eb-51879e7f2c50/screenshot'
20:42:21.590 [AsyncHttpClient-1-2] DEBUG org.asynchttpclient.netty.handler.HttpHandler -- 

Request DefaultFullHttpRequest(decodeResult: success, version: HTTP/1.1, content: EmptyByteBufBE)
GET /session/274d0def-5b56-44fd-a9eb-51879e7f2c50/screenshot HTTP/1.1
Cache-Control: no-cache
User-Agent: selenium/4.12.0 (java windows)
Content-Type: application/json; charset=utf-8
host: localhost:43073
accept: */*

Response DefaultHttpResponse(decodeResult: success, version: HTTP/1.1)
HTTP/1.1 200 OK
content-type: application/json; charset=utf-8
cache-control: no-cache
content-length: 332812
date: Sun, 28 Apr 2024 01:42:21 GMT

20:42:21.590 [AsyncHttpClient-1-2] DEBUG org.asynchttpclient.netty.channel.ChannelManager -- Adding key: http://localhost:43073 for channel [id: 0xd10db2e3, L:/127.0.0.1:56642 - R:localhost/127.0.0.1:43073]
20:42:21.595 [main] DEBUG net.serenitybdd.core.photography.Darkroom -- Send negative for processing for C:\Users\USUARIO\OneDrive\Documentos\02 Automatización\03 Pragma\pragma\pragma\target\site\serenity\59165af437192763202e4540ec237d392207dfd87bda45f89483a0298e64d785.png
20:42:21.642 [AsyncHttpClient-1-1] DEBUG org.asynchttpclient.netty.channel.DefaultChannelPool -- Entry count for : http://localhost:43073 : 1
20:42:22.606 [main] DEBUG net.thucydides.core.steps.StepInterceptor -- STEP DONE: validarPrecioCorrectoDeCarrito
20:42:22.614 [Forwarding getAlertText on session 274d0def-5b56-44fd-a9eb-51879e7f2c50 to remote] DEBUG org.asynchttpclient.netty.request.NettyRequestSender -- Using pooled Channel '[id: 0xd10db2e3, L:/127.0.0.1:56642 - R:localhost/127.0.0.1:43073]' for 'GET' to 'http://localhost:43073/session/274d0def-5b56-44fd-a9eb-51879e7f2c50/alert/text'
20:42:22.614 [Forwarding getAlertText on session 274d0def-5b56-44fd-a9eb-51879e7f2c50 to remote] DEBUG org.asynchttpclient.netty.request.NettyRequestSender -- Using open Channel [id: 0xd10db2e3, L:/127.0.0.1:56642 - R:localhost/127.0.0.1:43073] for GET '/session/274d0def-5b56-44fd-a9eb-51879e7f2c50/alert/text'
20:42:22.617 [AsyncHttpClient-1-2] DEBUG org.asynchttpclient.netty.handler.HttpHandler -- 

Request DefaultFullHttpRequest(decodeResult: success, version: HTTP/1.1, content: EmptyByteBufBE)
GET /session/274d0def-5b56-44fd-a9eb-51879e7f2c50/alert/text HTTP/1.1
Cache-Control: no-cache
User-Agent: selenium/4.12.0 (java windows)
Content-Type: application/json; charset=utf-8
host: localhost:43073
accept: */*

Response DefaultHttpResponse(decodeResult: success, version: HTTP/1.1)
HTTP/1.1 404 Not Found
content-type: application/json; charset=utf-8
cache-control: no-cache
content-length: 842
date: Sun, 28 Apr 2024 01:42:22 GMT

20:42:22.617 [AsyncHttpClient-1-2] DEBUG org.asynchttpclient.netty.channel.ChannelManager -- Adding key: http://localhost:43073 for channel [id: 0xd10db2e3, L:/127.0.0.1:56642 - R:localhost/127.0.0.1:43073]
20:42:22.618 [Forwarding getCurrentUrl on session 274d0def-5b56-44fd-a9eb-51879e7f2c50 to remote] DEBUG org.asynchttpclient.netty.request.NettyRequestSender -- Using pooled Channel '[id: 0xd10db2e3, L:/127.0.0.1:56642 - R:localhost/127.0.0.1:43073]' for 'GET' to 'http://localhost:43073/session/274d0def-5b56-44fd-a9eb-51879e7f2c50/url'
20:42:22.618 [Forwarding getCurrentUrl on session 274d0def-5b56-44fd-a9eb-51879e7f2c50 to remote] DEBUG org.asynchttpclient.netty.request.NettyRequestSender -- Using open Channel [id: 0xd10db2e3, L:/127.0.0.1:56642 - R:localhost/127.0.0.1:43073] for GET '/session/274d0def-5b56-44fd-a9eb-51879e7f2c50/url'
20:42:22.619 [AsyncHttpClient-1-2] DEBUG org.asynchttpclient.netty.handler.HttpHandler -- 

Request DefaultFullHttpRequest(decodeResult: success, version: HTTP/1.1, content: EmptyByteBufBE)
GET /session/274d0def-5b56-44fd-a9eb-51879e7f2c50/url HTTP/1.1
Cache-Control: no-cache
User-Agent: selenium/4.12.0 (java windows)
Content-Type: application/json; charset=utf-8
host: localhost:43073
accept: */*

Response DefaultHttpResponse(decodeResult: success, version: HTTP/1.1)
HTTP/1.1 200 OK
content-type: application/json; charset=utf-8
cache-control: no-cache
content-length: 47
date: Sun, 28 Apr 2024 01:42:22 GMT

20:42:22.619 [AsyncHttpClient-1-2] DEBUG org.asynchttpclient.netty.channel.ChannelManager -- Adding key: http://localhost:43073 for channel [id: 0xd10db2e3, L:/127.0.0.1:56642 - R:localhost/127.0.0.1:43073]
20:42:22.620 [Forwarding screenshot on session 274d0def-5b56-44fd-a9eb-51879e7f2c50 to remote] DEBUG org.asynchttpclient.netty.request.NettyRequestSender -- Using pooled Channel '[id: 0xd10db2e3, L:/127.0.0.1:56642 - R:localhost/127.0.0.1:43073]' for 'GET' to 'http://localhost:43073/session/274d0def-5b56-44fd-a9eb-51879e7f2c50/screenshot'
20:42:22.620 [Forwarding screenshot on session 274d0def-5b56-44fd-a9eb-51879e7f2c50 to remote] DEBUG org.asynchttpclient.netty.request.NettyRequestSender -- Using open Channel [id: 0xd10db2e3, L:/127.0.0.1:56642 - R:localhost/127.0.0.1:43073] for GET '/session/274d0def-5b56-44fd-a9eb-51879e7f2c50/screenshot'
20:42:22.662 [AsyncHttpClient-1-2] DEBUG org.asynchttpclient.netty.handler.HttpHandler -- 

Request DefaultFullHttpRequest(decodeResult: success, version: HTTP/1.1, content: EmptyByteBufBE)
GET /session/274d0def-5b56-44fd-a9eb-51879e7f2c50/screenshot HTTP/1.1
Cache-Control: no-cache
User-Agent: selenium/4.12.0 (java windows)
Content-Type: application/json; charset=utf-8
host: localhost:43073
accept: */*

Response DefaultHttpResponse(decodeResult: success, version: HTTP/1.1)
HTTP/1.1 200 OK
content-type: application/json; charset=utf-8
cache-control: no-cache
content-length: 332812
date: Sun, 28 Apr 2024 01:42:22 GMT

20:42:22.663 [AsyncHttpClient-1-2] DEBUG org.asynchttpclient.netty.channel.ChannelManager -- Adding key: http://localhost:43073 for channel [id: 0xd10db2e3, L:/127.0.0.1:56642 - R:localhost/127.0.0.1:43073]
20:42:22.668 [main] DEBUG net.serenitybdd.core.photography.Darkroom -- Send negative for processing for C:\Users\USUARIO\OneDrive\Documentos\02 Automatización\03 Pragma\pragma\pragma\target\site\serenity\59165af437192763202e4540ec237d392207dfd87bda45f89483a0298e64d785.png
20:42:22.731 [AsyncHttpClient-1-1] DEBUG org.asynchttpclient.netty.channel.DefaultChannelPool -- Entry count for : http://localhost:43073 : 1
20:42:23.683 [main] INFO  -- &amp#27;[92m
  _____   ___   ___   _____     ___     _     ___   ___   ___   ___  
 |_   _| | __| / __| |_   _|   | _ \   /_\   / __| / __| | __| |   \ 
   | |   | _|  \__ \   | |     |  _/  / _ \  \__ \ \__ \ | _|  | |) |
   |_|   |___| |___/   |_|     |_|   /_/ \_\ |___/ |___/ |___| |___/ 

Agregar un producto al carrito de compra
----------------------------------------------------------------------&amp#27;[0m
20:42:23.716 [main] DEBUG io.netty.util.internal.ThreadLocalRandom -- -Dio.netty.initialSeedUniquifier: 0xe4cae9fe84cf5b96
20:42:23.717 [AsyncHttpClient-1-4] DEBUG org.asynchttpclient.netty.channel.NettyConnectListener -- Using new Channel '[id: 0x56a7a112, L:/127.0.0.1:56904 - R:/127.0.0.1:5237]' for 'GET' to '/devtools/browser/e9548b12-ae6b-4c44-8d29-2bb7254569b8'
20:42:23.723 [AsyncHttpClient-1-4] DEBUG org.asynchttpclient.netty.handler.WebSocketHandler -- 

Request DefaultFullHttpRequest(decodeResult: success, version: HTTP/1.1, content: EmptyByteBufBE)
GET /devtools/browser/e9548b12-ae6b-4c44-8d29-2bb7254569b8 HTTP/1.1
upgrade: websocket
connection: upgrade
sec-websocket-key: 563X+FEEiKsrsTmIWtg8mw==
sec-websocket-version: 13
origin: http://127.0.0.1:5237
host: 127.0.0.1:5237
accept: */*
user-agent: AHC/2.1

Response DefaultHttpResponse(decodeResult: success, version: HTTP/1.1)
HTTP/1.1 101 Switching Protocols
Server: httpd.js
Upgrade: websocket
Connection: Upgrade
Sec-WebSocket-Accept: 7rgnAvM+XMxzlzFXvoSbk2aLfF4=
Content-Length: 0

20:42:23.737 [Driver Command Executor] DEBUG org.asynchttpclient.netty.request.NettyRequestSender -- Using pooled Channel '[id: 0xd10db2e3, L:/127.0.0.1:56642 - R:localhost/127.0.0.1:43073]' for 'DELETE' to 'http://localhost:43073/session/274d0def-5b56-44fd-a9eb-51879e7f2c50'
20:42:23.737 [Driver Command Executor] DEBUG org.asynchttpclient.netty.request.NettyRequestSender -- Using open Channel [id: 0xd10db2e3, L:/127.0.0.1:56642 - R:localhost/127.0.0.1:43073] for DELETE '/session/274d0def-5b56-44fd-a9eb-51879e7f2c50'
20:42:23.739 [AsyncHttpClient-1-4] DEBUG org.asynchttpclient.netty.handler.WebSocketHandler -- Channel Closed: [id: 0x56a7a112, L:/127.0.0.1:56904 ! R:/127.0.0.1:5237] with attribute DISCARD
20:42:24.335 [AsyncHttpClient-1-2] DEBUG org.asynchttpclient.netty.handler.HttpHandler -- 

Request DefaultFullHttpRequest(decodeResult: success, version: HTTP/1.1, content: EmptyByteBufBE)
DELETE /session/274d0def-5b56-44fd-a9eb-51879e7f2c50 HTTP/1.1
User-Agent: selenium/4.12.0 (java windows)
Content-Type: application/json; charset=utf-8
host: localhost:43073
accept: */*

Response DefaultHttpResponse(decodeResult: success, version: HTTP/1.1)
HTTP/1.1 200 OK
content-type: application/json; charset=utf-8
cache-control: no-cache
content-length: 14
date: Sun, 28 Apr 2024 01:42:23 GMT

20:42:24.335 [AsyncHttpClient-1-2] DEBUG org.asynchttpclient.netty.channel.ChannelManager -- Adding key: http://localhost:43073 for channel [id: 0xd10db2e3, L:/127.0.0.1:56642 - R:localhost/127.0.0.1:43073]
20:42:24.337 [AsyncHttpClient-1-2] DEBUG org.asynchttpclient.netty.handler.HttpHandler -- Unexpected I/O exception on channel [id: 0xd10db2e3, L:/127.0.0.1:56642 - R:localhost/127.0.0.1:43073]
java.net.SocketException: Connection reset
	at java.base/sun.nio.ch.SocketChannelImpl.throwConnectionReset(SocketChannelImpl.java:403)
	at java.base/sun.nio.ch.SocketChannelImpl.implRead(SocketChannelImpl.java:435)
	at java.base/sun.nio.ch.SocketChannelImpl.read(SocketChannelImpl.java:493)
	at io.netty.buffer.PooledByteBuf.setBytes(PooledByteBuf.java:254)
	at io.netty.buffer.AbstractByteBuf.writeBytes(AbstractByteBuf.java:1132)
	at io.netty.channel.socket.nio.NioSocketChannel.doReadBytes(NioSocketChannel.java:357)
	at io.netty.channel.nio.AbstractNioByteChannel$NioByteUnsafe.read(AbstractNioByteChannel.java:151)
	at io.netty.channel.nio.NioEventLoop.processSelectedKey(NioEventLoop.java:788)
	at io.netty.channel.nio.NioEventLoop.processSelectedKeysOptimized(NioEventLoop.java:724)
	at io.netty.channel.nio.NioEventLoop.processSelectedKeys(NioEventLoop.java:650)
	at io.netty.channel.nio.NioEventLoop.run(NioEventLoop.java:562)
	at io.netty.util.concurrent.SingleThreadEventExecutor$4.run(SingleThreadEventExecutor.java:997)
	at io.netty.util.internal.ThreadExecutorMap$2.run(ThreadExecutorMap.java:74)
	at io.netty.util.concurrent.FastThreadLocalRunnable.run(FastThreadLocalRunnable.java:30)
	at java.base/java.lang.Thread.run(Thread.java:1570)
20:42:24.339 [AsyncHttpClient-1-2] DEBUG org.asynchttpclient.netty.channel.ChannelManager -- Closing Channel [id: 0xd10db2e3, L:/127.0.0.1:56642 - R:localhost/127.0.0.1:43073] 
20:42:24.339 [AsyncHttpClient-1-2] DEBUG org.asynchttpclient.netty.handler.HttpHandler -- Channel Closed: [id: 0xd10db2e3, L:/127.0.0.1:56642 ! R:localhost/127.0.0.1:43073] with attribute DISCARD
]]></system-out>
    <system-err><![CDATA[WARNING: A Java agent has been loaded dynamically (C:\Users\USUARIO\.m2\repository\net\bytebuddy\byte-buddy-agent\1.14.5\byte-buddy-agent-1.14.5.jar)
WARNING: If a serviceability tool is in use, please run with -XX:+EnableDynamicAgentLoading to hide this warning
WARNING: If a serviceability tool is not in use, please run with -Djdk.instrument.traceUsage for more information
WARNING: Dynamic loading of agents will be disallowed by default in a future release
abr 27, 2024 8:41:59 P. M. org.openqa.selenium.manager.SeleniumManager lambda$runCommand$1
INFO: Driver path: C:\Users\USUARIO\.cache\selenium\geckodriver\win64\0.34.0\geckodriver.exe
abr 27, 2024 8:41:59 P. M. org.openqa.selenium.manager.SeleniumManager lambda$runCommand$1
INFO: Browser path: C:\Program Files\Mozilla Firefox\firefox.exe
]]></system-err>
  </testcase>
  <testcase name="Agregar dos productos al carrito de compra y validar el total" classname="Test agregar productos al carrito de compra en el portal" time="38.886">
    <system-out><![CDATA[20:42:24.410 [main] DEBUG io.cucumber.core.plugin.SerenityReporter -- Running feature from file:///C:/Users/USUARIO/OneDrive/Documentos/02%20Automatización/03%20Pragma/pragma/pragma/src/test/resources/features/AgregarProductosCarrito.feature
20:42:24.411 [main] INFO  -- 
  _____   ___   ___   _____     ___   _____     _     ___   _____   ___   ___  
 |_   _| | __| / __| |_   _|   / __| |_   _|   /_\   | _ \ |_   _| | __| |   \ 
   | |   | _|  \__ \   | |     \__ \   | |    / _ \  |   /   | |   | _|  | |) |
   |_|   |___| |___/   |_|     |___/   |_|   /_/ \_\ |_|_\   |_|   |___| |___/ 

Agregar dos productos al carrito de compra y validar el total(test-agregar-productos-al-carrito-de-compra-en-el-portal;agregar-dos-productos-al-carrito-de-compra-y-validar-el-total)
--------------------------------------------------------------------------------
20:42:24.428 [main] DEBUG net.thucydides.core.steps.StepInterceptor -- STARTING STEP: StepInterceptor.testContext - ingresarAlPortal
20:42:24.752 [AsyncHttpClient-1-5] DEBUG org.asynchttpclient.netty.channel.NettyConnectListener -- Using new Channel '[id: 0x0a4687ef, L:/127.0.0.1:56906 - R:localhost/127.0.0.1:37788]' for 'POST' to '/session'
20:42:24.934 [AsyncHttpClient-1-1] DEBUG org.asynchttpclient.netty.channel.DefaultChannelPool -- Entry count for : http://localhost:43073 : 1
20:42:24.934 [AsyncHttpClient-1-1] DEBUG org.asynchttpclient.netty.channel.DefaultChannelPool -- Adding Candidate expired Channel [id: 0xd10db2e3, L:/127.0.0.1:56642 ! R:localhost/127.0.0.1:43073] isIdleTimeoutExpired=false isRemotelyClosed=true isTtlExpired=false
20:42:24.935 [AsyncHttpClient-1-1] DEBUG org.asynchttpclient.netty.channel.DefaultChannelPool -- Closing Idle Channel [id: 0xd10db2e3, L:/127.0.0.1:56642 ! R:localhost/127.0.0.1:43073]
20:42:24.935 [AsyncHttpClient-1-1] DEBUG org.asynchttpclient.netty.channel.DefaultChannelPool -- Closed 1 connections out of 1 in 1 ms
20:42:26.077 [AsyncHttpClient-1-5] DEBUG org.asynchttpclient.netty.handler.HttpHandler -- 

Request DefaultHttpRequest(decodeResult: success, version: HTTP/1.1)
POST /session HTTP/1.1
User-Agent: selenium/4.12.0 (java windows)
Content-Length: 383
Content-Type: application/json; charset=utf-8
host: localhost:37788
accept: */*

Response DefaultHttpResponse(decodeResult: success, version: HTTP/1.1)
HTTP/1.1 200 OK
content-type: application/json; charset=utf-8
cache-control: no-cache
content-length: 841
date: Sun, 28 Apr 2024 01:42:24 GMT

20:42:26.077 [AsyncHttpClient-1-5] DEBUG org.asynchttpclient.netty.channel.ChannelManager -- Adding key: http://localhost:37788 for channel [id: 0x0a4687ef, L:/127.0.0.1:56906 - R:localhost/127.0.0.1:37788]
20:42:26.080 [AsyncHttpClient-1-6] DEBUG org.asynchttpclient.netty.channel.NettyConnectListener -- Using new Channel '[id: 0x43e1287d, L:/127.0.0.1:56946 - R:/127.0.0.1:48816]' for 'GET' to '/json/version'
20:42:26.082 [AsyncHttpClient-1-6] DEBUG org.asynchttpclient.netty.handler.HttpHandler -- 

Request DefaultFullHttpRequest(decodeResult: success, version: HTTP/1.1, content: EmptyByteBufBE)
GET /json/version HTTP/1.1
User-Agent: selenium/4.12.0 (java windows)
host: 127.0.0.1:48816
accept: */*

Response DefaultHttpResponse(decodeResult: success, version: HTTP/1.1)
HTTP/1.1 200 OK
content-type: application/json
content-security-policy: frame-ancestors 'none'
connection: close
server: httpd.js
date: Sun, 28 Apr 2024 01:42:26 GMT

20:42:26.083 [AsyncHttpClient-1-6] DEBUG org.asynchttpclient.netty.channel.ChannelManager -- Closing Channel [id: 0x43e1287d, L:/127.0.0.1:56946 ! R:/127.0.0.1:48816] 
20:42:26.083 [AsyncHttpClient-1-6] DEBUG org.asynchttpclient.netty.handler.HttpHandler -- Channel Closed: [id: 0x43e1287d, L:/127.0.0.1:56946 ! R:/127.0.0.1:48816] with attribute DISCARD
20:42:26.084 [Forwarding setTimeout on session 6816fae9-62fe-4961-814b-c44c7615c574 to remote] DEBUG org.asynchttpclient.netty.request.NettyRequestSender -- Using pooled Channel '[id: 0x0a4687ef, L:/127.0.0.1:56906 - R:localhost/127.0.0.1:37788]' for 'POST' to 'http://localhost:37788/session/6816fae9-62fe-4961-814b-c44c7615c574/timeouts'
20:42:26.084 [Forwarding setTimeout on session 6816fae9-62fe-4961-814b-c44c7615c574 to remote] DEBUG org.asynchttpclient.netty.request.NettyRequestSender -- Using open Channel [id: 0x0a4687ef, L:/127.0.0.1:56906 - R:localhost/127.0.0.1:37788] for POST '/session/6816fae9-62fe-4961-814b-c44c7615c574/timeouts'
20:42:26.085 [AsyncHttpClient-1-5] DEBUG org.asynchttpclient.netty.handler.HttpHandler -- 

Request DefaultHttpRequest(decodeResult: success, version: HTTP/1.1)
POST /session/6816fae9-62fe-4961-814b-c44c7615c574/timeouts HTTP/1.1
User-Agent: selenium/4.12.0 (java windows)
Content-Length: 22
Content-Type: application/json; charset=utf-8
host: localhost:37788
accept: */*

Response DefaultHttpResponse(decodeResult: success, version: HTTP/1.1)
HTTP/1.1 200 OK
content-type: application/json; charset=utf-8
cache-control: no-cache
content-length: 14
date: Sun, 28 Apr 2024 01:42:26 GMT

20:42:26.086 [AsyncHttpClient-1-5] DEBUG org.asynchttpclient.netty.channel.ChannelManager -- Adding key: http://localhost:37788 for channel [id: 0x0a4687ef, L:/127.0.0.1:56906 - R:localhost/127.0.0.1:37788]
20:42:26.086 [Forwarding maximizeCurrentWindow on session 6816fae9-62fe-4961-814b-c44c7615c574 to remote] DEBUG org.asynchttpclient.netty.request.NettyRequestSender -- Using pooled Channel '[id: 0x0a4687ef, L:/127.0.0.1:56906 - R:localhost/127.0.0.1:37788]' for 'POST' to 'http://localhost:37788/session/6816fae9-62fe-4961-814b-c44c7615c574/window/maximize'
20:42:26.086 [Forwarding maximizeCurrentWindow on session 6816fae9-62fe-4961-814b-c44c7615c574 to remote] DEBUG org.asynchttpclient.netty.request.NettyRequestSender -- Using open Channel [id: 0x0a4687ef, L:/127.0.0.1:56906 - R:localhost/127.0.0.1:37788] for POST '/session/6816fae9-62fe-4961-814b-c44c7615c574/window/maximize'
20:42:26.345 [AsyncHttpClient-1-5] DEBUG org.asynchttpclient.netty.handler.HttpHandler -- 

Request DefaultHttpRequest(decodeResult: success, version: HTTP/1.1)
POST /session/6816fae9-62fe-4961-814b-c44c7615c574/window/maximize HTTP/1.1
User-Agent: selenium/4.12.0 (java windows)
Content-Length: 3
Content-Type: application/json; charset=utf-8
host: localhost:37788
accept: */*

Response DefaultHttpResponse(decodeResult: success, version: HTTP/1.1)
HTTP/1.1 200 OK
content-type: application/json; charset=utf-8
cache-control: no-cache
content-length: 51
date: Sun, 28 Apr 2024 01:42:26 GMT

20:42:26.346 [AsyncHttpClient-1-5] DEBUG org.asynchttpclient.netty.channel.ChannelManager -- Adding key: http://localhost:37788 for channel [id: 0x0a4687ef, L:/127.0.0.1:56906 - R:localhost/127.0.0.1:37788]
20:42:26.348 [Forwarding get on session 6816fae9-62fe-4961-814b-c44c7615c574 to remote] DEBUG org.asynchttpclient.netty.request.NettyRequestSender -- Using pooled Channel '[id: 0x0a4687ef, L:/127.0.0.1:56906 - R:localhost/127.0.0.1:37788]' for 'POST' to 'http://localhost:37788/session/6816fae9-62fe-4961-814b-c44c7615c574/url'
20:42:26.348 [Forwarding get on session 6816fae9-62fe-4961-814b-c44c7615c574 to remote] DEBUG org.asynchttpclient.netty.request.NettyRequestSender -- Using open Channel [id: 0x0a4687ef, L:/127.0.0.1:56906 - R:localhost/127.0.0.1:37788] for POST '/session/6816fae9-62fe-4961-814b-c44c7615c574/url'
20:42:27.354 [AsyncHttpClient-1-5] DEBUG org.asynchttpclient.netty.handler.HttpHandler -- 

Request DefaultHttpRequest(decodeResult: success, version: HTTP/1.1)
POST /session/6816fae9-62fe-4961-814b-c44c7615c574/url HTTP/1.1
User-Agent: selenium/4.12.0 (java windows)
Content-Length: 56
Content-Type: application/json; charset=utf-8
host: localhost:37788
accept: */*

Response DefaultHttpResponse(decodeResult: success, version: HTTP/1.1)
HTTP/1.1 200 OK
content-type: application/json; charset=utf-8
cache-control: no-cache
content-length: 14
date: Sun, 28 Apr 2024 01:42:26 GMT

20:42:27.355 [AsyncHttpClient-1-5] DEBUG org.asynchttpclient.netty.channel.ChannelManager -- Adding key: http://localhost:37788 for channel [id: 0x0a4687ef, L:/127.0.0.1:56906 - R:localhost/127.0.0.1:37788]
20:42:27.356 [Forwarding setTimeout on session 6816fae9-62fe-4961-814b-c44c7615c574 to remote] DEBUG org.asynchttpclient.netty.request.NettyRequestSender -- Using pooled Channel '[id: 0x0a4687ef, L:/127.0.0.1:56906 - R:localhost/127.0.0.1:37788]' for 'POST' to 'http://localhost:37788/session/6816fae9-62fe-4961-814b-c44c7615c574/timeouts'
20:42:27.356 [Forwarding setTimeout on session 6816fae9-62fe-4961-814b-c44c7615c574 to remote] DEBUG org.asynchttpclient.netty.request.NettyRequestSender -- Using open Channel [id: 0x0a4687ef, L:/127.0.0.1:56906 - R:localhost/127.0.0.1:37788] for POST '/session/6816fae9-62fe-4961-814b-c44c7615c574/timeouts'
20:42:27.357 [AsyncHttpClient-1-5] DEBUG org.asynchttpclient.netty.handler.HttpHandler -- 

Request DefaultHttpRequest(decodeResult: success, version: HTTP/1.1)
POST /session/6816fae9-62fe-4961-814b-c44c7615c574/timeouts HTTP/1.1
User-Agent: selenium/4.12.0 (java windows)
Content-Length: 22
Content-Type: application/json; charset=utf-8
host: localhost:37788
accept: */*

Response DefaultHttpResponse(decodeResult: success, version: HTTP/1.1)
HTTP/1.1 200 OK
content-type: application/json; charset=utf-8
cache-control: no-cache
content-length: 14
date: Sun, 28 Apr 2024 01:42:27 GMT

20:42:27.357 [AsyncHttpClient-1-5] DEBUG org.asynchttpclient.netty.channel.ChannelManager -- Adding key: http://localhost:37788 for channel [id: 0x0a4687ef, L:/127.0.0.1:56906 - R:localhost/127.0.0.1:37788]
20:42:27.361 [Forwarding getAlertText on session 6816fae9-62fe-4961-814b-c44c7615c574 to remote] DEBUG org.asynchttpclient.netty.request.NettyRequestSender -- Using pooled Channel '[id: 0x0a4687ef, L:/127.0.0.1:56906 - R:localhost/127.0.0.1:37788]' for 'GET' to 'http://localhost:37788/session/6816fae9-62fe-4961-814b-c44c7615c574/alert/text'
20:42:27.361 [Forwarding getAlertText on session 6816fae9-62fe-4961-814b-c44c7615c574 to remote] DEBUG org.asynchttpclient.netty.request.NettyRequestSender -- Using open Channel [id: 0x0a4687ef, L:/127.0.0.1:56906 - R:localhost/127.0.0.1:37788] for GET '/session/6816fae9-62fe-4961-814b-c44c7615c574/alert/text'
20:42:27.362 [AsyncHttpClient-1-5] DEBUG org.asynchttpclient.netty.handler.HttpHandler -- 

Request DefaultFullHttpRequest(decodeResult: success, version: HTTP/1.1, content: EmptyByteBufBE)
GET /session/6816fae9-62fe-4961-814b-c44c7615c574/alert/text HTTP/1.1
Cache-Control: no-cache
User-Agent: selenium/4.12.0 (java windows)
Content-Type: application/json; charset=utf-8
host: localhost:37788
accept: */*

Response DefaultHttpResponse(decodeResult: success, version: HTTP/1.1)
HTTP/1.1 404 Not Found
content-type: application/json; charset=utf-8
cache-control: no-cache
content-length: 842
date: Sun, 28 Apr 2024 01:42:27 GMT

20:42:27.363 [AsyncHttpClient-1-5] DEBUG org.asynchttpclient.netty.channel.ChannelManager -- Adding key: http://localhost:37788 for channel [id: 0x0a4687ef, L:/127.0.0.1:56906 - R:localhost/127.0.0.1:37788]
20:42:27.364 [Forwarding getCurrentUrl on session 6816fae9-62fe-4961-814b-c44c7615c574 to remote] DEBUG org.asynchttpclient.netty.request.NettyRequestSender -- Using pooled Channel '[id: 0x0a4687ef, L:/127.0.0.1:56906 - R:localhost/127.0.0.1:37788]' for 'GET' to 'http://localhost:37788/session/6816fae9-62fe-4961-814b-c44c7615c574/url'
20:42:27.364 [Forwarding getCurrentUrl on session 6816fae9-62fe-4961-814b-c44c7615c574 to remote] DEBUG org.asynchttpclient.netty.request.NettyRequestSender -- Using open Channel [id: 0x0a4687ef, L:/127.0.0.1:56906 - R:localhost/127.0.0.1:37788] for GET '/session/6816fae9-62fe-4961-814b-c44c7615c574/url'
20:42:27.365 [AsyncHttpClient-1-5] DEBUG org.asynchttpclient.netty.handler.HttpHandler -- 

Request DefaultFullHttpRequest(decodeResult: success, version: HTTP/1.1, content: EmptyByteBufBE)
GET /session/6816fae9-62fe-4961-814b-c44c7615c574/url HTTP/1.1
Cache-Control: no-cache
User-Agent: selenium/4.12.0 (java windows)
Content-Type: application/json; charset=utf-8
host: localhost:37788
accept: */*

Response DefaultHttpResponse(decodeResult: success, version: HTTP/1.1)
HTTP/1.1 200 OK
content-type: application/json; charset=utf-8
cache-control: no-cache
content-length: 38
date: Sun, 28 Apr 2024 01:42:27 GMT

20:42:27.365 [AsyncHttpClient-1-5] DEBUG org.asynchttpclient.netty.channel.ChannelManager -- Adding key: http://localhost:37788 for channel [id: 0x0a4687ef, L:/127.0.0.1:56906 - R:localhost/127.0.0.1:37788]
20:42:27.366 [Forwarding screenshot on session 6816fae9-62fe-4961-814b-c44c7615c574 to remote] DEBUG org.asynchttpclient.netty.request.NettyRequestSender -- Using pooled Channel '[id: 0x0a4687ef, L:/127.0.0.1:56906 - R:localhost/127.0.0.1:37788]' for 'GET' to 'http://localhost:37788/session/6816fae9-62fe-4961-814b-c44c7615c574/screenshot'
20:42:27.366 [Forwarding screenshot on session 6816fae9-62fe-4961-814b-c44c7615c574 to remote] DEBUG org.asynchttpclient.netty.request.NettyRequestSender -- Using open Channel [id: 0x0a4687ef, L:/127.0.0.1:56906 - R:localhost/127.0.0.1:37788] for GET '/session/6816fae9-62fe-4961-814b-c44c7615c574/screenshot'
20:42:27.440 [AsyncHttpClient-1-5] DEBUG org.asynchttpclient.netty.handler.HttpHandler -- 

Request DefaultFullHttpRequest(decodeResult: success, version: HTTP/1.1, content: EmptyByteBufBE)
GET /session/6816fae9-62fe-4961-814b-c44c7615c574/screenshot HTTP/1.1
Cache-Control: no-cache
User-Agent: selenium/4.12.0 (java windows)
Content-Type: application/json; charset=utf-8
host: localhost:37788
accept: */*

Response DefaultHttpResponse(decodeResult: success, version: HTTP/1.1)
HTTP/1.1 200 OK
content-type: application/json; charset=utf-8
cache-control: no-cache
content-length: 504948
date: Sun, 28 Apr 2024 01:42:27 GMT

20:42:27.441 [AsyncHttpClient-1-5] DEBUG org.asynchttpclient.netty.channel.ChannelManager -- Adding key: http://localhost:37788 for channel [id: 0x0a4687ef, L:/127.0.0.1:56906 - R:localhost/127.0.0.1:37788]
20:42:27.449 [main] DEBUG net.serenitybdd.core.photography.Darkroom -- Send negative for processing for C:\Users\USUARIO\OneDrive\Documentos\02 Automatización\03 Pragma\pragma\pragma\target\site\serenity\4ee8a2605a1cdda36c2b7788194c259ded3d98d35a623d38fa3b86f65a89fac1.png
20:42:28.241 [AsyncHttpClient-1-1] DEBUG org.asynchttpclient.netty.channel.DefaultChannelPool -- Entry count for : http://localhost:37788 : 1
20:42:28.463 [main] DEBUG net.thucydides.core.steps.StepInterceptor -- STEP DONE: ingresarAlPortal
20:42:28.472 [Forwarding getAlertText on session 6816fae9-62fe-4961-814b-c44c7615c574 to remote] DEBUG org.asynchttpclient.netty.request.NettyRequestSender -- Using pooled Channel '[id: 0x0a4687ef, L:/127.0.0.1:56906 - R:localhost/127.0.0.1:37788]' for 'GET' to 'http://localhost:37788/session/6816fae9-62fe-4961-814b-c44c7615c574/alert/text'
20:42:28.472 [Forwarding getAlertText on session 6816fae9-62fe-4961-814b-c44c7615c574 to remote] DEBUG org.asynchttpclient.netty.request.NettyRequestSender -- Using open Channel [id: 0x0a4687ef, L:/127.0.0.1:56906 - R:localhost/127.0.0.1:37788] for GET '/session/6816fae9-62fe-4961-814b-c44c7615c574/alert/text'
20:42:28.472 [AsyncHttpClient-1-5] DEBUG org.asynchttpclient.netty.handler.HttpHandler -- 

Request DefaultFullHttpRequest(decodeResult: success, version: HTTP/1.1, content: EmptyByteBufBE)
GET /session/6816fae9-62fe-4961-814b-c44c7615c574/alert/text HTTP/1.1
Cache-Control: no-cache
User-Agent: selenium/4.12.0 (java windows)
Content-Type: application/json; charset=utf-8
host: localhost:37788
accept: */*

Response DefaultHttpResponse(decodeResult: success, version: HTTP/1.1)
HTTP/1.1 404 Not Found
content-type: application/json; charset=utf-8
cache-control: no-cache
content-length: 842
date: Sun, 28 Apr 2024 01:42:28 GMT

20:42:28.476 [AsyncHttpClient-1-5] DEBUG org.asynchttpclient.netty.channel.ChannelManager -- Adding key: http://localhost:37788 for channel [id: 0x0a4687ef, L:/127.0.0.1:56906 - R:localhost/127.0.0.1:37788]
20:42:28.476 [Forwarding getCurrentUrl on session 6816fae9-62fe-4961-814b-c44c7615c574 to remote] DEBUG org.asynchttpclient.netty.request.NettyRequestSender -- Using pooled Channel '[id: 0x0a4687ef, L:/127.0.0.1:56906 - R:localhost/127.0.0.1:37788]' for 'GET' to 'http://localhost:37788/session/6816fae9-62fe-4961-814b-c44c7615c574/url'
20:42:28.476 [Forwarding getCurrentUrl on session 6816fae9-62fe-4961-814b-c44c7615c574 to remote] DEBUG org.asynchttpclient.netty.request.NettyRequestSender -- Using open Channel [id: 0x0a4687ef, L:/127.0.0.1:56906 - R:localhost/127.0.0.1:37788] for GET '/session/6816fae9-62fe-4961-814b-c44c7615c574/url'
20:42:28.479 [AsyncHttpClient-1-5] DEBUG org.asynchttpclient.netty.handler.HttpHandler -- 

Request DefaultFullHttpRequest(decodeResult: success, version: HTTP/1.1, content: EmptyByteBufBE)
GET /session/6816fae9-62fe-4961-814b-c44c7615c574/url HTTP/1.1
Cache-Control: no-cache
User-Agent: selenium/4.12.0 (java windows)
Content-Type: application/json; charset=utf-8
host: localhost:37788
accept: */*

Response DefaultHttpResponse(decodeResult: success, version: HTTP/1.1)
HTTP/1.1 200 OK
content-type: application/json; charset=utf-8
cache-control: no-cache
content-length: 38
date: Sun, 28 Apr 2024 01:42:28 GMT

20:42:28.479 [AsyncHttpClient-1-5] DEBUG org.asynchttpclient.netty.channel.ChannelManager -- Adding key: http://localhost:37788 for channel [id: 0x0a4687ef, L:/127.0.0.1:56906 - R:localhost/127.0.0.1:37788]
20:42:28.483 [Forwarding screenshot on session 6816fae9-62fe-4961-814b-c44c7615c574 to remote] DEBUG org.asynchttpclient.netty.request.NettyRequestSender -- Using pooled Channel '[id: 0x0a4687ef, L:/127.0.0.1:56906 - R:localhost/127.0.0.1:37788]' for 'GET' to 'http://localhost:37788/session/6816fae9-62fe-4961-814b-c44c7615c574/screenshot'
20:42:28.483 [Forwarding screenshot on session 6816fae9-62fe-4961-814b-c44c7615c574 to remote] DEBUG org.asynchttpclient.netty.request.NettyRequestSender -- Using open Channel [id: 0x0a4687ef, L:/127.0.0.1:56906 - R:localhost/127.0.0.1:37788] for GET '/session/6816fae9-62fe-4961-814b-c44c7615c574/screenshot'
20:42:28.547 [AsyncHttpClient-1-5] DEBUG org.asynchttpclient.netty.handler.HttpHandler -- 

Request DefaultFullHttpRequest(decodeResult: success, version: HTTP/1.1, content: EmptyByteBufBE)
GET /session/6816fae9-62fe-4961-814b-c44c7615c574/screenshot HTTP/1.1
Cache-Control: no-cache
User-Agent: selenium/4.12.0 (java windows)
Content-Type: application/json; charset=utf-8
host: localhost:37788
accept: */*

Response DefaultHttpResponse(decodeResult: success, version: HTTP/1.1)
HTTP/1.1 200 OK
content-type: application/json; charset=utf-8
cache-control: no-cache
content-length: 800340
date: Sun, 28 Apr 2024 01:42:28 GMT

20:42:28.551 [AsyncHttpClient-1-5] DEBUG org.asynchttpclient.netty.channel.ChannelManager -- Adding key: http://localhost:37788 for channel [id: 0x0a4687ef, L:/127.0.0.1:56906 - R:localhost/127.0.0.1:37788]
20:42:28.560 [main] DEBUG net.serenitybdd.core.photography.Darkroom -- Send negative for processing for C:\Users\USUARIO\OneDrive\Documentos\02 Automatización\03 Pragma\pragma\pragma\target\site\serenity\c6d2d59253a3c52d8b8db4ad723f6da73641757028d146bd6c52f7f99c9aebe9.png
20:42:29.346 [AsyncHttpClient-1-1] DEBUG org.asynchttpclient.netty.channel.DefaultChannelPool -- Entry count for : http://localhost:37788 : 1
20:42:29.595 [main] DEBUG net.thucydides.core.steps.StepInterceptor -- STARTING STEP: StepInterceptor.testContext - ingresoACategoria
20:42:29.595 [Forwarding findElement on session 6816fae9-62fe-4961-814b-c44c7615c574 to remote] DEBUG org.asynchttpclient.netty.request.NettyRequestSender -- Using pooled Channel '[id: 0x0a4687ef, L:/127.0.0.1:56906 - R:localhost/127.0.0.1:37788]' for 'POST' to 'http://localhost:37788/session/6816fae9-62fe-4961-814b-c44c7615c574/element'
20:42:29.595 [Forwarding findElement on session 6816fae9-62fe-4961-814b-c44c7615c574 to remote] DEBUG org.asynchttpclient.netty.request.NettyRequestSender -- Using open Channel [id: 0x0a4687ef, L:/127.0.0.1:56906 - R:localhost/127.0.0.1:37788] for POST '/session/6816fae9-62fe-4961-814b-c44c7615c574/element'
20:42:29.603 [AsyncHttpClient-1-5] DEBUG org.asynchttpclient.netty.handler.HttpHandler -- 

Request DefaultHttpRequest(decodeResult: success, version: HTTP/1.1)
POST /session/6816fae9-62fe-4961-814b-c44c7615c574/element HTTP/1.1
User-Agent: selenium/4.12.0 (java windows)
Content-Length: 78
Content-Type: application/json; charset=utf-8
host: localhost:37788
accept: */*

Response DefaultHttpResponse(decodeResult: success, version: HTTP/1.1)
HTTP/1.1 200 OK
content-type: application/json; charset=utf-8
cache-control: no-cache
content-length: 88
date: Sun, 28 Apr 2024 01:42:29 GMT

20:42:29.603 [AsyncHttpClient-1-5] DEBUG org.asynchttpclient.netty.channel.ChannelManager -- Adding key: http://localhost:37788 for channel [id: 0x0a4687ef, L:/127.0.0.1:56906 - R:localhost/127.0.0.1:37788]
20:42:29.603 [Forwarding getElementTagName on session 6816fae9-62fe-4961-814b-c44c7615c574 to remote] DEBUG org.asynchttpclient.netty.request.NettyRequestSender -- Using pooled Channel '[id: 0x0a4687ef, L:/127.0.0.1:56906 - R:localhost/127.0.0.1:37788]' for 'GET' to 'http://localhost:37788/session/6816fae9-62fe-4961-814b-c44c7615c574/element/296d5a8e-6135-463c-91f3-edb6063141ee/name'
20:42:29.603 [Forwarding getElementTagName on session 6816fae9-62fe-4961-814b-c44c7615c574 to remote] DEBUG org.asynchttpclient.netty.request.NettyRequestSender -- Using open Channel [id: 0x0a4687ef, L:/127.0.0.1:56906 - R:localhost/127.0.0.1:37788] for GET '/session/6816fae9-62fe-4961-814b-c44c7615c574/element/296d5a8e-6135-463c-91f3-edb6063141ee/name'
20:42:29.603 [AsyncHttpClient-1-5] DEBUG org.asynchttpclient.netty.handler.HttpHandler -- 

Request DefaultFullHttpRequest(decodeResult: success, version: HTTP/1.1, content: EmptyByteBufBE)
GET /session/6816fae9-62fe-4961-814b-c44c7615c574/element/296d5a8e-6135-463c-91f3-edb6063141ee/name HTTP/1.1
Cache-Control: no-cache
User-Agent: selenium/4.12.0 (java windows)
Content-Type: application/json; charset=utf-8
host: localhost:37788
accept: */*

Response DefaultHttpResponse(decodeResult: success, version: HTTP/1.1)
HTTP/1.1 200 OK
content-type: application/json; charset=utf-8
cache-control: no-cache
content-length: 13
date: Sun, 28 Apr 2024 01:42:29 GMT

20:42:29.603 [AsyncHttpClient-1-5] DEBUG org.asynchttpclient.netty.channel.ChannelManager -- Adding key: http://localhost:37788 for channel [id: 0x0a4687ef, L:/127.0.0.1:56906 - R:localhost/127.0.0.1:37788]
20:42:29.603 [Forwarding getElementTagName on session 6816fae9-62fe-4961-814b-c44c7615c574 to remote] DEBUG org.asynchttpclient.netty.request.NettyRequestSender -- Using pooled Channel '[id: 0x0a4687ef, L:/127.0.0.1:56906 - R:localhost/127.0.0.1:37788]' for 'GET' to 'http://localhost:37788/session/6816fae9-62fe-4961-814b-c44c7615c574/element/296d5a8e-6135-463c-91f3-edb6063141ee/name'
20:42:29.603 [Forwarding getElementTagName on session 6816fae9-62fe-4961-814b-c44c7615c574 to remote] DEBUG org.asynchttpclient.netty.request.NettyRequestSender -- Using open Channel [id: 0x0a4687ef, L:/127.0.0.1:56906 - R:localhost/127.0.0.1:37788] for GET '/session/6816fae9-62fe-4961-814b-c44c7615c574/element/296d5a8e-6135-463c-91f3-edb6063141ee/name'
20:42:29.607 [AsyncHttpClient-1-5] DEBUG org.asynchttpclient.netty.handler.HttpHandler -- 

Request DefaultFullHttpRequest(decodeResult: success, version: HTTP/1.1, content: EmptyByteBufBE)
GET /session/6816fae9-62fe-4961-814b-c44c7615c574/element/296d5a8e-6135-463c-91f3-edb6063141ee/name HTTP/1.1
Cache-Control: no-cache
User-Agent: selenium/4.12.0 (java windows)
Content-Type: application/json; charset=utf-8
host: localhost:37788
accept: */*

Response DefaultHttpResponse(decodeResult: success, version: HTTP/1.1)
HTTP/1.1 200 OK
content-type: application/json; charset=utf-8
cache-control: no-cache
content-length: 13
date: Sun, 28 Apr 2024 01:42:29 GMT

20:42:29.607 [AsyncHttpClient-1-5] DEBUG org.asynchttpclient.netty.channel.ChannelManager -- Adding key: http://localhost:37788 for channel [id: 0x0a4687ef, L:/127.0.0.1:56906 - R:localhost/127.0.0.1:37788]
20:42:29.607 [Forwarding findElement on session 6816fae9-62fe-4961-814b-c44c7615c574 to remote] DEBUG org.asynchttpclient.netty.request.NettyRequestSender -- Using pooled Channel '[id: 0x0a4687ef, L:/127.0.0.1:56906 - R:localhost/127.0.0.1:37788]' for 'POST' to 'http://localhost:37788/session/6816fae9-62fe-4961-814b-c44c7615c574/element'
20:42:29.607 [Forwarding findElement on session 6816fae9-62fe-4961-814b-c44c7615c574 to remote] DEBUG org.asynchttpclient.netty.request.NettyRequestSender -- Using open Channel [id: 0x0a4687ef, L:/127.0.0.1:56906 - R:localhost/127.0.0.1:37788] for POST '/session/6816fae9-62fe-4961-814b-c44c7615c574/element'
20:42:29.607 [AsyncHttpClient-1-5] DEBUG org.asynchttpclient.netty.handler.HttpHandler -- 

Request DefaultHttpRequest(decodeResult: success, version: HTTP/1.1)
POST /session/6816fae9-62fe-4961-814b-c44c7615c574/element HTTP/1.1
User-Agent: selenium/4.12.0 (java windows)
Content-Length: 78
Content-Type: application/json; charset=utf-8
host: localhost:37788
accept: */*

Response DefaultHttpResponse(decodeResult: success, version: HTTP/1.1)
HTTP/1.1 200 OK
content-type: application/json; charset=utf-8
cache-control: no-cache
content-length: 88
date: Sun, 28 Apr 2024 01:42:29 GMT

20:42:29.607 [AsyncHttpClient-1-5] DEBUG org.asynchttpclient.netty.channel.ChannelManager -- Adding key: http://localhost:37788 for channel [id: 0x0a4687ef, L:/127.0.0.1:56906 - R:localhost/127.0.0.1:37788]
20:42:29.607 [Forwarding clickElement on session 6816fae9-62fe-4961-814b-c44c7615c574 to remote] DEBUG org.asynchttpclient.netty.request.NettyRequestSender -- Using pooled Channel '[id: 0x0a4687ef, L:/127.0.0.1:56906 - R:localhost/127.0.0.1:37788]' for 'POST' to 'http://localhost:37788/session/6816fae9-62fe-4961-814b-c44c7615c574/element/296d5a8e-6135-463c-91f3-edb6063141ee/click'
20:42:29.607 [Forwarding clickElement on session 6816fae9-62fe-4961-814b-c44c7615c574 to remote] DEBUG org.asynchttpclient.netty.request.NettyRequestSender -- Using open Channel [id: 0x0a4687ef, L:/127.0.0.1:56906 - R:localhost/127.0.0.1:37788] for POST '/session/6816fae9-62fe-4961-814b-c44c7615c574/element/296d5a8e-6135-463c-91f3-edb6063141ee/click'
20:42:29.635 [AsyncHttpClient-1-5] DEBUG org.asynchttpclient.netty.handler.HttpHandler -- 

Request DefaultHttpRequest(decodeResult: success, version: HTTP/1.1)
POST /session/6816fae9-62fe-4961-814b-c44c7615c574/element/296d5a8e-6135-463c-91f3-edb6063141ee/click HTTP/1.1
User-Agent: selenium/4.12.0 (java windows)
Content-Length: 50
Content-Type: application/json; charset=utf-8
host: localhost:37788
accept: */*

Response DefaultHttpResponse(decodeResult: success, version: HTTP/1.1)
HTTP/1.1 200 OK
content-type: application/json; charset=utf-8
cache-control: no-cache
content-length: 14
date: Sun, 28 Apr 2024 01:42:29 GMT

20:42:29.635 [AsyncHttpClient-1-5] DEBUG org.asynchttpclient.netty.channel.ChannelManager -- Adding key: http://localhost:37788 for channel [id: 0x0a4687ef, L:/127.0.0.1:56906 - R:localhost/127.0.0.1:37788]
20:42:29.639 [Forwarding getAlertText on session 6816fae9-62fe-4961-814b-c44c7615c574 to remote] DEBUG org.asynchttpclient.netty.request.NettyRequestSender -- Using pooled Channel '[id: 0x0a4687ef, L:/127.0.0.1:56906 - R:localhost/127.0.0.1:37788]' for 'GET' to 'http://localhost:37788/session/6816fae9-62fe-4961-814b-c44c7615c574/alert/text'
20:42:29.639 [Forwarding getAlertText on session 6816fae9-62fe-4961-814b-c44c7615c574 to remote] DEBUG org.asynchttpclient.netty.request.NettyRequestSender -- Using open Channel [id: 0x0a4687ef, L:/127.0.0.1:56906 - R:localhost/127.0.0.1:37788] for GET '/session/6816fae9-62fe-4961-814b-c44c7615c574/alert/text'
20:42:29.639 [AsyncHttpClient-1-5] DEBUG org.asynchttpclient.netty.handler.HttpHandler -- 

Request DefaultFullHttpRequest(decodeResult: success, version: HTTP/1.1, content: EmptyByteBufBE)
GET /session/6816fae9-62fe-4961-814b-c44c7615c574/alert/text HTTP/1.1
Cache-Control: no-cache
User-Agent: selenium/4.12.0 (java windows)
Content-Type: application/json; charset=utf-8
host: localhost:37788
accept: */*

Response DefaultHttpResponse(decodeResult: success, version: HTTP/1.1)
HTTP/1.1 404 Not Found
content-type: application/json; charset=utf-8
cache-control: no-cache
content-length: 842
date: Sun, 28 Apr 2024 01:42:29 GMT

20:42:29.639 [AsyncHttpClient-1-5] DEBUG org.asynchttpclient.netty.channel.ChannelManager -- Adding key: http://localhost:37788 for channel [id: 0x0a4687ef, L:/127.0.0.1:56906 - R:localhost/127.0.0.1:37788]
20:42:30.144 [Forwarding getAlertText on session 6816fae9-62fe-4961-814b-c44c7615c574 to remote] DEBUG org.asynchttpclient.netty.request.NettyRequestSender -- Using pooled Channel '[id: 0x0a4687ef, L:/127.0.0.1:56906 - R:localhost/127.0.0.1:37788]' for 'GET' to 'http://localhost:37788/session/6816fae9-62fe-4961-814b-c44c7615c574/alert/text'
20:42:30.144 [Forwarding getAlertText on session 6816fae9-62fe-4961-814b-c44c7615c574 to remote] DEBUG org.asynchttpclient.netty.request.NettyRequestSender -- Using open Channel [id: 0x0a4687ef, L:/127.0.0.1:56906 - R:localhost/127.0.0.1:37788] for GET '/session/6816fae9-62fe-4961-814b-c44c7615c574/alert/text'
20:42:30.144 [AsyncHttpClient-1-5] DEBUG org.asynchttpclient.netty.handler.HttpHandler -- 

Request DefaultFullHttpRequest(decodeResult: success, version: HTTP/1.1, content: EmptyByteBufBE)
GET /session/6816fae9-62fe-4961-814b-c44c7615c574/alert/text HTTP/1.1
Cache-Control: no-cache
User-Agent: selenium/4.12.0 (java windows)
Content-Type: application/json; charset=utf-8
host: localhost:37788
accept: */*

Response DefaultHttpResponse(decodeResult: success, version: HTTP/1.1)
HTTP/1.1 404 Not Found
content-type: application/json; charset=utf-8
cache-control: no-cache
content-length: 842
date: Sun, 28 Apr 2024 01:42:29 GMT

20:42:30.144 [AsyncHttpClient-1-5] DEBUG org.asynchttpclient.netty.channel.ChannelManager -- Adding key: http://localhost:37788 for channel [id: 0x0a4687ef, L:/127.0.0.1:56906 - R:localhost/127.0.0.1:37788]
20:42:30.144 [Forwarding getCurrentUrl on session 6816fae9-62fe-4961-814b-c44c7615c574 to remote] DEBUG org.asynchttpclient.netty.request.NettyRequestSender -- Using pooled Channel '[id: 0x0a4687ef, L:/127.0.0.1:56906 - R:localhost/127.0.0.1:37788]' for 'GET' to 'http://localhost:37788/session/6816fae9-62fe-4961-814b-c44c7615c574/url'
20:42:30.144 [Forwarding getCurrentUrl on session 6816fae9-62fe-4961-814b-c44c7615c574 to remote] DEBUG org.asynchttpclient.netty.request.NettyRequestSender -- Using open Channel [id: 0x0a4687ef, L:/127.0.0.1:56906 - R:localhost/127.0.0.1:37788] for GET '/session/6816fae9-62fe-4961-814b-c44c7615c574/url'
20:42:30.144 [AsyncHttpClient-1-5] DEBUG org.asynchttpclient.netty.handler.HttpHandler -- 

Request DefaultFullHttpRequest(decodeResult: success, version: HTTP/1.1, content: EmptyByteBufBE)
GET /session/6816fae9-62fe-4961-814b-c44c7615c574/url HTTP/1.1
Cache-Control: no-cache
User-Agent: selenium/4.12.0 (java windows)
Content-Type: application/json; charset=utf-8
host: localhost:37788
accept: */*

Response DefaultHttpResponse(decodeResult: success, version: HTTP/1.1)
HTTP/1.1 200 OK
content-type: application/json; charset=utf-8
cache-control: no-cache
content-length: 39
date: Sun, 28 Apr 2024 01:42:29 GMT

20:42:30.144 [AsyncHttpClient-1-5] DEBUG org.asynchttpclient.netty.channel.ChannelManager -- Adding key: http://localhost:37788 for channel [id: 0x0a4687ef, L:/127.0.0.1:56906 - R:localhost/127.0.0.1:37788]
20:42:30.148 [Forwarding screenshot on session 6816fae9-62fe-4961-814b-c44c7615c574 to remote] DEBUG org.asynchttpclient.netty.request.NettyRequestSender -- Using pooled Channel '[id: 0x0a4687ef, L:/127.0.0.1:56906 - R:localhost/127.0.0.1:37788]' for 'GET' to 'http://localhost:37788/session/6816fae9-62fe-4961-814b-c44c7615c574/screenshot'
20:42:30.148 [Forwarding screenshot on session 6816fae9-62fe-4961-814b-c44c7615c574 to remote] DEBUG org.asynchttpclient.netty.request.NettyRequestSender -- Using open Channel [id: 0x0a4687ef, L:/127.0.0.1:56906 - R:localhost/127.0.0.1:37788] for GET '/session/6816fae9-62fe-4961-814b-c44c7615c574/screenshot'
20:42:30.204 [AsyncHttpClient-1-5] DEBUG org.asynchttpclient.netty.handler.HttpHandler -- 

Request DefaultFullHttpRequest(decodeResult: success, version: HTTP/1.1, content: EmptyByteBufBE)
GET /session/6816fae9-62fe-4961-814b-c44c7615c574/screenshot HTTP/1.1
Cache-Control: no-cache
User-Agent: selenium/4.12.0 (java windows)
Content-Type: application/json; charset=utf-8
host: localhost:37788
accept: */*

Response DefaultHttpResponse(decodeResult: success, version: HTTP/1.1)
HTTP/1.1 200 OK
content-type: application/json; charset=utf-8
cache-control: no-cache
content-length: 530612
date: Sun, 28 Apr 2024 01:42:29 GMT

20:42:30.204 [AsyncHttpClient-1-5] DEBUG org.asynchttpclient.netty.channel.ChannelManager -- Adding key: http://localhost:37788 for channel [id: 0x0a4687ef, L:/127.0.0.1:56906 - R:localhost/127.0.0.1:37788]
20:42:30.216 [main] DEBUG net.serenitybdd.core.photography.Darkroom -- Send negative for processing for C:\Users\USUARIO\OneDrive\Documentos\02 Automatización\03 Pragma\pragma\pragma\target\site\serenity\3e786d1b696ef1d9a6a7a2826ca7329a700f2553e9c0d201e0080fd7c085fdf3.png
20:42:30.216 [Darkroom Processing Line] DEBUG net.serenitybdd.core.photography.DarkroomProcessingLine -- Processing screenshot image in /var/screenshots/screenshot-8125750421533516133
20:42:30.216 [Darkroom Processing Line] DEBUG net.serenitybdd.core.photography.DarkroomProcessingLine -- Saving screenshot to C:\Users\USUARIO\OneDrive\Documentos\02 Automatización\03 Pragma\pragma\pragma\target\site\serenity\3e786d1b696ef1d9a6a7a2826ca7329a700f2553e9c0d201e0080fd7c085fdf3.png
20:42:30.432 [AsyncHttpClient-1-1] DEBUG org.asynchttpclient.netty.channel.DefaultChannelPool -- Entry count for : http://localhost:37788 : 1
20:42:31.222 [main] DEBUG net.thucydides.core.steps.StepInterceptor -- STEP DONE: ingresoACategoria
20:42:31.226 [Forwarding getAlertText on session 6816fae9-62fe-4961-814b-c44c7615c574 to remote] DEBUG org.asynchttpclient.netty.request.NettyRequestSender -- Using pooled Channel '[id: 0x0a4687ef, L:/127.0.0.1:56906 - R:localhost/127.0.0.1:37788]' for 'GET' to 'http://localhost:37788/session/6816fae9-62fe-4961-814b-c44c7615c574/alert/text'
20:42:31.226 [Forwarding getAlertText on session 6816fae9-62fe-4961-814b-c44c7615c574 to remote] DEBUG org.asynchttpclient.netty.request.NettyRequestSender -- Using open Channel [id: 0x0a4687ef, L:/127.0.0.1:56906 - R:localhost/127.0.0.1:37788] for GET '/session/6816fae9-62fe-4961-814b-c44c7615c574/alert/text'
20:42:31.230 [AsyncHttpClient-1-5] DEBUG org.asynchttpclient.netty.handler.HttpHandler -- 

Request DefaultFullHttpRequest(decodeResult: success, version: HTTP/1.1, content: EmptyByteBufBE)
GET /session/6816fae9-62fe-4961-814b-c44c7615c574/alert/text HTTP/1.1
Cache-Control: no-cache
User-Agent: selenium/4.12.0 (java windows)
Content-Type: application/json; charset=utf-8
host: localhost:37788
accept: */*

Response DefaultHttpResponse(decodeResult: success, version: HTTP/1.1)
HTTP/1.1 404 Not Found
content-type: application/json; charset=utf-8
cache-control: no-cache
content-length: 842
date: Sun, 28 Apr 2024 01:42:31 GMT

20:42:31.230 [AsyncHttpClient-1-5] DEBUG org.asynchttpclient.netty.channel.ChannelManager -- Adding key: http://localhost:37788 for channel [id: 0x0a4687ef, L:/127.0.0.1:56906 - R:localhost/127.0.0.1:37788]
20:42:31.230 [Forwarding getCurrentUrl on session 6816fae9-62fe-4961-814b-c44c7615c574 to remote] DEBUG org.asynchttpclient.netty.request.NettyRequestSender -- Using pooled Channel '[id: 0x0a4687ef, L:/127.0.0.1:56906 - R:localhost/127.0.0.1:37788]' for 'GET' to 'http://localhost:37788/session/6816fae9-62fe-4961-814b-c44c7615c574/url'
20:42:31.230 [Forwarding getCurrentUrl on session 6816fae9-62fe-4961-814b-c44c7615c574 to remote] DEBUG org.asynchttpclient.netty.request.NettyRequestSender -- Using open Channel [id: 0x0a4687ef, L:/127.0.0.1:56906 - R:localhost/127.0.0.1:37788] for GET '/session/6816fae9-62fe-4961-814b-c44c7615c574/url'
20:42:31.234 [AsyncHttpClient-1-5] DEBUG org.asynchttpclient.netty.handler.HttpHandler -- 

Request DefaultFullHttpRequest(decodeResult: success, version: HTTP/1.1, content: EmptyByteBufBE)
GET /session/6816fae9-62fe-4961-814b-c44c7615c574/url HTTP/1.1
Cache-Control: no-cache
User-Agent: selenium/4.12.0 (java windows)
Content-Type: application/json; charset=utf-8
host: localhost:37788
accept: */*

Response DefaultHttpResponse(decodeResult: success, version: HTTP/1.1)
HTTP/1.1 200 OK
content-type: application/json; charset=utf-8
cache-control: no-cache
content-length: 39
date: Sun, 28 Apr 2024 01:42:31 GMT

20:42:31.234 [AsyncHttpClient-1-5] DEBUG org.asynchttpclient.netty.channel.ChannelManager -- Adding key: http://localhost:37788 for channel [id: 0x0a4687ef, L:/127.0.0.1:56906 - R:localhost/127.0.0.1:37788]
20:42:31.234 [Forwarding screenshot on session 6816fae9-62fe-4961-814b-c44c7615c574 to remote] DEBUG org.asynchttpclient.netty.request.NettyRequestSender -- Using pooled Channel '[id: 0x0a4687ef, L:/127.0.0.1:56906 - R:localhost/127.0.0.1:37788]' for 'GET' to 'http://localhost:37788/session/6816fae9-62fe-4961-814b-c44c7615c574/screenshot'
20:42:31.234 [Forwarding screenshot on session 6816fae9-62fe-4961-814b-c44c7615c574 to remote] DEBUG org.asynchttpclient.netty.request.NettyRequestSender -- Using open Channel [id: 0x0a4687ef, L:/127.0.0.1:56906 - R:localhost/127.0.0.1:37788] for GET '/session/6816fae9-62fe-4961-814b-c44c7615c574/screenshot'
20:42:31.291 [AsyncHttpClient-1-5] DEBUG org.asynchttpclient.netty.handler.HttpHandler -- 

Request DefaultFullHttpRequest(decodeResult: success, version: HTTP/1.1, content: EmptyByteBufBE)
GET /session/6816fae9-62fe-4961-814b-c44c7615c574/screenshot HTTP/1.1
Cache-Control: no-cache
User-Agent: selenium/4.12.0 (java windows)
Content-Type: application/json; charset=utf-8
host: localhost:37788
accept: */*

Response DefaultHttpResponse(decodeResult: success, version: HTTP/1.1)
HTTP/1.1 200 OK
content-type: application/json; charset=utf-8
cache-control: no-cache
content-length: 548564
date: Sun, 28 Apr 2024 01:42:31 GMT

20:42:31.291 [AsyncHttpClient-1-5] DEBUG org.asynchttpclient.netty.channel.ChannelManager -- Adding key: http://localhost:37788 for channel [id: 0x0a4687ef, L:/127.0.0.1:56906 - R:localhost/127.0.0.1:37788]
20:42:31.296 [main] DEBUG net.serenitybdd.core.photography.Darkroom -- Send negative for processing for C:\Users\USUARIO\OneDrive\Documentos\02 Automatización\03 Pragma\pragma\pragma\target\site\serenity\c5bd11b700bec8a0dbd87675db036b1814c8ede9f24bb4fbfea5ab0e5c610bbe.png
20:42:31.296 [Darkroom Processing Line] DEBUG net.serenitybdd.core.photography.DarkroomProcessingLine -- Processing screenshot image in /var/screenshots/screenshot-11504212684790212002
20:42:31.296 [Darkroom Processing Line] DEBUG net.serenitybdd.core.photography.DarkroomProcessingLine -- Saving screenshot to C:\Users\USUARIO\OneDrive\Documentos\02 Automatización\03 Pragma\pragma\pragma\target\site\serenity\c5bd11b700bec8a0dbd87675db036b1814c8ede9f24bb4fbfea5ab0e5c610bbe.png
20:42:31.536 [AsyncHttpClient-1-1] DEBUG org.asynchttpclient.netty.channel.DefaultChannelPool -- Entry count for : http://localhost:37788 : 1
20:42:32.304 [main] DEBUG net.thucydides.core.steps.StepInterceptor -- STARTING STEP: StepInterceptor.testContext - ingresoAlProducto
20:42:32.308 [Forwarding findElement on session 6816fae9-62fe-4961-814b-c44c7615c574 to remote] DEBUG org.asynchttpclient.netty.request.NettyRequestSender -- Using pooled Channel '[id: 0x0a4687ef, L:/127.0.0.1:56906 - R:localhost/127.0.0.1:37788]' for 'POST' to 'http://localhost:37788/session/6816fae9-62fe-4961-814b-c44c7615c574/element'
20:42:32.308 [Forwarding findElement on session 6816fae9-62fe-4961-814b-c44c7615c574 to remote] DEBUG org.asynchttpclient.netty.request.NettyRequestSender -- Using open Channel [id: 0x0a4687ef, L:/127.0.0.1:56906 - R:localhost/127.0.0.1:37788] for POST '/session/6816fae9-62fe-4961-814b-c44c7615c574/element'
20:42:32.308 [AsyncHttpClient-1-5] DEBUG org.asynchttpclient.netty.handler.HttpHandler -- 

Request DefaultHttpRequest(decodeResult: success, version: HTTP/1.1)
POST /session/6816fae9-62fe-4961-814b-c44c7615c574/element HTTP/1.1
User-Agent: selenium/4.12.0 (java windows)
Content-Length: 83
Content-Type: application/json; charset=utf-8
host: localhost:37788
accept: */*

Response DefaultHttpResponse(decodeResult: success, version: HTTP/1.1)
HTTP/1.1 200 OK
content-type: application/json; charset=utf-8
cache-control: no-cache
content-length: 88
date: Sun, 28 Apr 2024 01:42:32 GMT

20:42:32.308 [AsyncHttpClient-1-5] DEBUG org.asynchttpclient.netty.channel.ChannelManager -- Adding key: http://localhost:37788 for channel [id: 0x0a4687ef, L:/127.0.0.1:56906 - R:localhost/127.0.0.1:37788]
20:42:32.308 [Forwarding getElementTagName on session 6816fae9-62fe-4961-814b-c44c7615c574 to remote] DEBUG org.asynchttpclient.netty.request.NettyRequestSender -- Using pooled Channel '[id: 0x0a4687ef, L:/127.0.0.1:56906 - R:localhost/127.0.0.1:37788]' for 'GET' to 'http://localhost:37788/session/6816fae9-62fe-4961-814b-c44c7615c574/element/3f2a8acd-857c-4437-b495-ed7b83172e97/name'
20:42:32.308 [Forwarding getElementTagName on session 6816fae9-62fe-4961-814b-c44c7615c574 to remote] DEBUG org.asynchttpclient.netty.request.NettyRequestSender -- Using open Channel [id: 0x0a4687ef, L:/127.0.0.1:56906 - R:localhost/127.0.0.1:37788] for GET '/session/6816fae9-62fe-4961-814b-c44c7615c574/element/3f2a8acd-857c-4437-b495-ed7b83172e97/name'
20:42:32.312 [AsyncHttpClient-1-5] DEBUG org.asynchttpclient.netty.handler.HttpHandler -- 

Request DefaultFullHttpRequest(decodeResult: success, version: HTTP/1.1, content: EmptyByteBufBE)
GET /session/6816fae9-62fe-4961-814b-c44c7615c574/element/3f2a8acd-857c-4437-b495-ed7b83172e97/name HTTP/1.1
Cache-Control: no-cache
User-Agent: selenium/4.12.0 (java windows)
Content-Type: application/json; charset=utf-8
host: localhost:37788
accept: */*

Response DefaultHttpResponse(decodeResult: success, version: HTTP/1.1)
HTTP/1.1 200 OK
content-type: application/json; charset=utf-8
cache-control: no-cache
content-length: 13
date: Sun, 28 Apr 2024 01:42:32 GMT

20:42:32.312 [AsyncHttpClient-1-5] DEBUG org.asynchttpclient.netty.channel.ChannelManager -- Adding key: http://localhost:37788 for channel [id: 0x0a4687ef, L:/127.0.0.1:56906 - R:localhost/127.0.0.1:37788]
20:42:32.312 [Forwarding getElementTagName on session 6816fae9-62fe-4961-814b-c44c7615c574 to remote] DEBUG org.asynchttpclient.netty.request.NettyRequestSender -- Using pooled Channel '[id: 0x0a4687ef, L:/127.0.0.1:56906 - R:localhost/127.0.0.1:37788]' for 'GET' to 'http://localhost:37788/session/6816fae9-62fe-4961-814b-c44c7615c574/element/3f2a8acd-857c-4437-b495-ed7b83172e97/name'
20:42:32.312 [Forwarding getElementTagName on session 6816fae9-62fe-4961-814b-c44c7615c574 to remote] DEBUG org.asynchttpclient.netty.request.NettyRequestSender -- Using open Channel [id: 0x0a4687ef, L:/127.0.0.1:56906 - R:localhost/127.0.0.1:37788] for GET '/session/6816fae9-62fe-4961-814b-c44c7615c574/element/3f2a8acd-857c-4437-b495-ed7b83172e97/name'
20:42:32.312 [AsyncHttpClient-1-5] DEBUG org.asynchttpclient.netty.handler.HttpHandler -- 

Request DefaultFullHttpRequest(decodeResult: success, version: HTTP/1.1, content: EmptyByteBufBE)
GET /session/6816fae9-62fe-4961-814b-c44c7615c574/element/3f2a8acd-857c-4437-b495-ed7b83172e97/name HTTP/1.1
Cache-Control: no-cache
User-Agent: selenium/4.12.0 (java windows)
Content-Type: application/json; charset=utf-8
host: localhost:37788
accept: */*

Response DefaultHttpResponse(decodeResult: success, version: HTTP/1.1)
HTTP/1.1 200 OK
content-type: application/json; charset=utf-8
cache-control: no-cache
content-length: 13
date: Sun, 28 Apr 2024 01:42:32 GMT

20:42:32.312 [AsyncHttpClient-1-5] DEBUG org.asynchttpclient.netty.channel.ChannelManager -- Adding key: http://localhost:37788 for channel [id: 0x0a4687ef, L:/127.0.0.1:56906 - R:localhost/127.0.0.1:37788]
20:42:32.312 [Forwarding findElement on session 6816fae9-62fe-4961-814b-c44c7615c574 to remote] DEBUG org.asynchttpclient.netty.request.NettyRequestSender -- Using pooled Channel '[id: 0x0a4687ef, L:/127.0.0.1:56906 - R:localhost/127.0.0.1:37788]' for 'POST' to 'http://localhost:37788/session/6816fae9-62fe-4961-814b-c44c7615c574/element'
20:42:32.312 [Forwarding findElement on session 6816fae9-62fe-4961-814b-c44c7615c574 to remote] DEBUG org.asynchttpclient.netty.request.NettyRequestSender -- Using open Channel [id: 0x0a4687ef, L:/127.0.0.1:56906 - R:localhost/127.0.0.1:37788] for POST '/session/6816fae9-62fe-4961-814b-c44c7615c574/element'
20:42:32.315 [AsyncHttpClient-1-5] DEBUG org.asynchttpclient.netty.handler.HttpHandler -- 

Request DefaultHttpRequest(decodeResult: success, version: HTTP/1.1)
POST /session/6816fae9-62fe-4961-814b-c44c7615c574/element HTTP/1.1
User-Agent: selenium/4.12.0 (java windows)
Content-Length: 83
Content-Type: application/json; charset=utf-8
host: localhost:37788
accept: */*

Response DefaultHttpResponse(decodeResult: success, version: HTTP/1.1)
HTTP/1.1 200 OK
content-type: application/json; charset=utf-8
cache-control: no-cache
content-length: 88
date: Sun, 28 Apr 2024 01:42:32 GMT

20:42:32.315 [AsyncHttpClient-1-5] DEBUG org.asynchttpclient.netty.channel.ChannelManager -- Adding key: http://localhost:37788 for channel [id: 0x0a4687ef, L:/127.0.0.1:56906 - R:localhost/127.0.0.1:37788]
20:42:32.315 [Forwarding clickElement on session 6816fae9-62fe-4961-814b-c44c7615c574 to remote] DEBUG org.asynchttpclient.netty.request.NettyRequestSender -- Using pooled Channel '[id: 0x0a4687ef, L:/127.0.0.1:56906 - R:localhost/127.0.0.1:37788]' for 'POST' to 'http://localhost:37788/session/6816fae9-62fe-4961-814b-c44c7615c574/element/3f2a8acd-857c-4437-b495-ed7b83172e97/click'
20:42:32.315 [Forwarding clickElement on session 6816fae9-62fe-4961-814b-c44c7615c574 to remote] DEBUG org.asynchttpclient.netty.request.NettyRequestSender -- Using open Channel [id: 0x0a4687ef, L:/127.0.0.1:56906 - R:localhost/127.0.0.1:37788] for POST '/session/6816fae9-62fe-4961-814b-c44c7615c574/element/3f2a8acd-857c-4437-b495-ed7b83172e97/click'
20:42:32.583 [AsyncHttpClient-1-5] DEBUG org.asynchttpclient.netty.handler.HttpHandler -- 

Request DefaultHttpRequest(decodeResult: success, version: HTTP/1.1)
POST /session/6816fae9-62fe-4961-814b-c44c7615c574/element/3f2a8acd-857c-4437-b495-ed7b83172e97/click HTTP/1.1
User-Agent: selenium/4.12.0 (java windows)
Content-Length: 50
Content-Type: application/json; charset=utf-8
host: localhost:37788
accept: */*

Response DefaultHttpResponse(decodeResult: success, version: HTTP/1.1)
HTTP/1.1 200 OK
content-type: application/json; charset=utf-8
cache-control: no-cache
content-length: 14
date: Sun, 28 Apr 2024 01:42:32 GMT

20:42:32.583 [AsyncHttpClient-1-5] DEBUG org.asynchttpclient.netty.channel.ChannelManager -- Adding key: http://localhost:37788 for channel [id: 0x0a4687ef, L:/127.0.0.1:56906 - R:localhost/127.0.0.1:37788]
20:42:32.588 [Forwarding findElement on session 6816fae9-62fe-4961-814b-c44c7615c574 to remote] DEBUG org.asynchttpclient.netty.request.NettyRequestSender -- Using pooled Channel '[id: 0x0a4687ef, L:/127.0.0.1:56906 - R:localhost/127.0.0.1:37788]' for 'POST' to 'http://localhost:37788/session/6816fae9-62fe-4961-814b-c44c7615c574/element'
20:42:32.588 [Forwarding findElement on session 6816fae9-62fe-4961-814b-c44c7615c574 to remote] DEBUG org.asynchttpclient.netty.request.NettyRequestSender -- Using open Channel [id: 0x0a4687ef, L:/127.0.0.1:56906 - R:localhost/127.0.0.1:37788] for POST '/session/6816fae9-62fe-4961-814b-c44c7615c574/element'
20:42:32.836 [AsyncHttpClient-1-5] DEBUG org.asynchttpclient.netty.handler.HttpHandler -- 

Request DefaultHttpRequest(decodeResult: success, version: HTTP/1.1)
POST /session/6816fae9-62fe-4961-814b-c44c7615c574/element HTTP/1.1
User-Agent: selenium/4.12.0 (java windows)
Content-Length: 66
Content-Type: application/json; charset=utf-8
host: localhost:37788
accept: */*

Response DefaultHttpResponse(decodeResult: success, version: HTTP/1.1)
HTTP/1.1 200 OK
content-type: application/json; charset=utf-8
cache-control: no-cache
content-length: 88
date: Sun, 28 Apr 2024 01:42:32 GMT

20:42:32.836 [AsyncHttpClient-1-5] DEBUG org.asynchttpclient.netty.channel.ChannelManager -- Adding key: http://localhost:37788 for channel [id: 0x0a4687ef, L:/127.0.0.1:56906 - R:localhost/127.0.0.1:37788]
20:42:32.836 [Forwarding getElementText on session 6816fae9-62fe-4961-814b-c44c7615c574 to remote] DEBUG org.asynchttpclient.netty.request.NettyRequestSender -- Using pooled Channel '[id: 0x0a4687ef, L:/127.0.0.1:56906 - R:localhost/127.0.0.1:37788]' for 'GET' to 'http://localhost:37788/session/6816fae9-62fe-4961-814b-c44c7615c574/element/3871150e-a203-4fd4-b5cb-a35582b847e0/text'
20:42:32.836 [Forwarding getElementText on session 6816fae9-62fe-4961-814b-c44c7615c574 to remote] DEBUG org.asynchttpclient.netty.request.NettyRequestSender -- Using open Channel [id: 0x0a4687ef, L:/127.0.0.1:56906 - R:localhost/127.0.0.1:37788] for GET '/session/6816fae9-62fe-4961-814b-c44c7615c574/element/3871150e-a203-4fd4-b5cb-a35582b847e0/text'
20:42:32.844 [AsyncHttpClient-1-5] DEBUG org.asynchttpclient.netty.handler.HttpHandler -- 

Request DefaultFullHttpRequest(decodeResult: success, version: HTTP/1.1, content: EmptyByteBufBE)
GET /session/6816fae9-62fe-4961-814b-c44c7615c574/element/3871150e-a203-4fd4-b5cb-a35582b847e0/text HTTP/1.1
Cache-Control: no-cache
User-Agent: selenium/4.12.0 (java windows)
Content-Type: application/json; charset=utf-8
host: localhost:37788
accept: */*

Response DefaultHttpResponse(decodeResult: success, version: HTTP/1.1)
HTTP/1.1 200 OK
content-type: application/json; charset=utf-8
cache-control: no-cache
content-length: 24
date: Sun, 28 Apr 2024 01:42:32 GMT

20:42:32.845 [AsyncHttpClient-1-5] DEBUG org.asynchttpclient.netty.channel.ChannelManager -- Adding key: http://localhost:37788 for channel [id: 0x0a4687ef, L:/127.0.0.1:56906 - R:localhost/127.0.0.1:37788]
20:42:32.846 [Forwarding getAlertText on session 6816fae9-62fe-4961-814b-c44c7615c574 to remote] DEBUG org.asynchttpclient.netty.request.NettyRequestSender -- Using pooled Channel '[id: 0x0a4687ef, L:/127.0.0.1:56906 - R:localhost/127.0.0.1:37788]' for 'GET' to 'http://localhost:37788/session/6816fae9-62fe-4961-814b-c44c7615c574/alert/text'
20:42:32.846 [Forwarding getAlertText on session 6816fae9-62fe-4961-814b-c44c7615c574 to remote] DEBUG org.asynchttpclient.netty.request.NettyRequestSender -- Using open Channel [id: 0x0a4687ef, L:/127.0.0.1:56906 - R:localhost/127.0.0.1:37788] for GET '/session/6816fae9-62fe-4961-814b-c44c7615c574/alert/text'
20:42:32.848 [AsyncHttpClient-1-5] DEBUG org.asynchttpclient.netty.handler.HttpHandler -- 

Request DefaultFullHttpRequest(decodeResult: success, version: HTTP/1.1, content: EmptyByteBufBE)
GET /session/6816fae9-62fe-4961-814b-c44c7615c574/alert/text HTTP/1.1
Cache-Control: no-cache
User-Agent: selenium/4.12.0 (java windows)
Content-Type: application/json; charset=utf-8
host: localhost:37788
accept: */*

Response DefaultHttpResponse(decodeResult: success, version: HTTP/1.1)
HTTP/1.1 404 Not Found
content-type: application/json; charset=utf-8
cache-control: no-cache
content-length: 842
date: Sun, 28 Apr 2024 01:42:32 GMT

20:42:32.849 [AsyncHttpClient-1-5] DEBUG org.asynchttpclient.netty.channel.ChannelManager -- Adding key: http://localhost:37788 for channel [id: 0x0a4687ef, L:/127.0.0.1:56906 - R:localhost/127.0.0.1:37788]
20:42:32.849 [Forwarding getCurrentUrl on session 6816fae9-62fe-4961-814b-c44c7615c574 to remote] DEBUG org.asynchttpclient.netty.request.NettyRequestSender -- Using pooled Channel '[id: 0x0a4687ef, L:/127.0.0.1:56906 - R:localhost/127.0.0.1:37788]' for 'GET' to 'http://localhost:37788/session/6816fae9-62fe-4961-814b-c44c7615c574/url'
20:42:32.849 [Forwarding getCurrentUrl on session 6816fae9-62fe-4961-814b-c44c7615c574 to remote] DEBUG org.asynchttpclient.netty.request.NettyRequestSender -- Using open Channel [id: 0x0a4687ef, L:/127.0.0.1:56906 - R:localhost/127.0.0.1:37788] for GET '/session/6816fae9-62fe-4961-814b-c44c7615c574/url'
20:42:32.850 [AsyncHttpClient-1-5] DEBUG org.asynchttpclient.netty.handler.HttpHandler -- 

Request DefaultFullHttpRequest(decodeResult: success, version: HTTP/1.1, content: EmptyByteBufBE)
GET /session/6816fae9-62fe-4961-814b-c44c7615c574/url HTTP/1.1
Cache-Control: no-cache
User-Agent: selenium/4.12.0 (java windows)
Content-Type: application/json; charset=utf-8
host: localhost:37788
accept: */*

Response DefaultHttpResponse(decodeResult: success, version: HTTP/1.1)
HTTP/1.1 200 OK
content-type: application/json; charset=utf-8
cache-control: no-cache
content-length: 54
date: Sun, 28 Apr 2024 01:42:32 GMT

20:42:32.850 [AsyncHttpClient-1-5] DEBUG org.asynchttpclient.netty.channel.ChannelManager -- Adding key: http://localhost:37788 for channel [id: 0x0a4687ef, L:/127.0.0.1:56906 - R:localhost/127.0.0.1:37788]
20:42:32.851 [Forwarding screenshot on session 6816fae9-62fe-4961-814b-c44c7615c574 to remote] DEBUG org.asynchttpclient.netty.request.NettyRequestSender -- Using pooled Channel '[id: 0x0a4687ef, L:/127.0.0.1:56906 - R:localhost/127.0.0.1:37788]' for 'GET' to 'http://localhost:37788/session/6816fae9-62fe-4961-814b-c44c7615c574/screenshot'
20:42:32.851 [Forwarding screenshot on session 6816fae9-62fe-4961-814b-c44c7615c574 to remote] DEBUG org.asynchttpclient.netty.request.NettyRequestSender -- Using open Channel [id: 0x0a4687ef, L:/127.0.0.1:56906 - R:localhost/127.0.0.1:37788] for GET '/session/6816fae9-62fe-4961-814b-c44c7615c574/screenshot'
20:42:32.896 [AsyncHttpClient-1-5] DEBUG org.asynchttpclient.netty.handler.HttpHandler -- 

Request DefaultFullHttpRequest(decodeResult: success, version: HTTP/1.1, content: EmptyByteBufBE)
GET /session/6816fae9-62fe-4961-814b-c44c7615c574/screenshot HTTP/1.1
Cache-Control: no-cache
User-Agent: selenium/4.12.0 (java windows)
Content-Type: application/json; charset=utf-8
host: localhost:37788
accept: */*

Response DefaultHttpResponse(decodeResult: success, version: HTTP/1.1)
HTTP/1.1 200 OK
content-type: application/json; charset=utf-8
cache-control: no-cache
content-length: 406340
date: Sun, 28 Apr 2024 01:42:32 GMT

20:42:32.900 [AsyncHttpClient-1-5] DEBUG org.asynchttpclient.netty.channel.ChannelManager -- Adding key: http://localhost:37788 for channel [id: 0x0a4687ef, L:/127.0.0.1:56906 - R:localhost/127.0.0.1:37788]
20:42:32.904 [main] DEBUG net.serenitybdd.core.photography.Darkroom -- Send negative for processing for C:\Users\USUARIO\OneDrive\Documentos\02 Automatización\03 Pragma\pragma\pragma\target\site\serenity\3699990361de0e51975903dc1d7bd5fa5334730dfffda19bdda2045cd11b73eb.png
20:42:32.904 [Darkroom Processing Line] DEBUG net.serenitybdd.core.photography.DarkroomProcessingLine -- Processing screenshot image in /var/screenshots/screenshot-3430168066209276414
20:42:32.904 [Darkroom Processing Line] DEBUG net.serenitybdd.core.photography.DarkroomProcessingLine -- Saving screenshot to C:\Users\USUARIO\OneDrive\Documentos\02 Automatización\03 Pragma\pragma\pragma\target\site\serenity\3699990361de0e51975903dc1d7bd5fa5334730dfffda19bdda2045cd11b73eb.png
20:42:33.731 [AsyncHttpClient-1-1] DEBUG org.asynchttpclient.netty.channel.DefaultChannelPool -- Entry count for : http://localhost:37788 : 1
20:42:33.913 [main] DEBUG net.thucydides.core.steps.StepInterceptor -- STEP DONE: ingresoAlProducto
20:42:33.925 [Forwarding getAlertText on session 6816fae9-62fe-4961-814b-c44c7615c574 to remote] DEBUG org.asynchttpclient.netty.request.NettyRequestSender -- Using pooled Channel '[id: 0x0a4687ef, L:/127.0.0.1:56906 - R:localhost/127.0.0.1:37788]' for 'GET' to 'http://localhost:37788/session/6816fae9-62fe-4961-814b-c44c7615c574/alert/text'
20:42:33.925 [Forwarding getAlertText on session 6816fae9-62fe-4961-814b-c44c7615c574 to remote] DEBUG org.asynchttpclient.netty.request.NettyRequestSender -- Using open Channel [id: 0x0a4687ef, L:/127.0.0.1:56906 - R:localhost/127.0.0.1:37788] for GET '/session/6816fae9-62fe-4961-814b-c44c7615c574/alert/text'
20:42:33.925 [AsyncHttpClient-1-5] DEBUG org.asynchttpclient.netty.handler.HttpHandler -- 

Request DefaultFullHttpRequest(decodeResult: success, version: HTTP/1.1, content: EmptyByteBufBE)
GET /session/6816fae9-62fe-4961-814b-c44c7615c574/alert/text HTTP/1.1
Cache-Control: no-cache
User-Agent: selenium/4.12.0 (java windows)
Content-Type: application/json; charset=utf-8
host: localhost:37788
accept: */*

Response DefaultHttpResponse(decodeResult: success, version: HTTP/1.1)
HTTP/1.1 404 Not Found
content-type: application/json; charset=utf-8
cache-control: no-cache
content-length: 842
date: Sun, 28 Apr 2024 01:42:33 GMT

20:42:33.925 [AsyncHttpClient-1-5] DEBUG org.asynchttpclient.netty.channel.ChannelManager -- Adding key: http://localhost:37788 for channel [id: 0x0a4687ef, L:/127.0.0.1:56906 - R:localhost/127.0.0.1:37788]
20:42:33.929 [Forwarding getCurrentUrl on session 6816fae9-62fe-4961-814b-c44c7615c574 to remote] DEBUG org.asynchttpclient.netty.request.NettyRequestSender -- Using pooled Channel '[id: 0x0a4687ef, L:/127.0.0.1:56906 - R:localhost/127.0.0.1:37788]' for 'GET' to 'http://localhost:37788/session/6816fae9-62fe-4961-814b-c44c7615c574/url'
20:42:33.929 [Forwarding getCurrentUrl on session 6816fae9-62fe-4961-814b-c44c7615c574 to remote] DEBUG org.asynchttpclient.netty.request.NettyRequestSender -- Using open Channel [id: 0x0a4687ef, L:/127.0.0.1:56906 - R:localhost/127.0.0.1:37788] for GET '/session/6816fae9-62fe-4961-814b-c44c7615c574/url'
20:42:33.930 [AsyncHttpClient-1-5] DEBUG org.asynchttpclient.netty.handler.HttpHandler -- 

Request DefaultFullHttpRequest(decodeResult: success, version: HTTP/1.1, content: EmptyByteBufBE)
GET /session/6816fae9-62fe-4961-814b-c44c7615c574/url HTTP/1.1
Cache-Control: no-cache
User-Agent: selenium/4.12.0 (java windows)
Content-Type: application/json; charset=utf-8
host: localhost:37788
accept: */*

Response DefaultHttpResponse(decodeResult: success, version: HTTP/1.1)
HTTP/1.1 200 OK
content-type: application/json; charset=utf-8
cache-control: no-cache
content-length: 54
date: Sun, 28 Apr 2024 01:42:33 GMT

20:42:33.930 [AsyncHttpClient-1-5] DEBUG org.asynchttpclient.netty.channel.ChannelManager -- Adding key: http://localhost:37788 for channel [id: 0x0a4687ef, L:/127.0.0.1:56906 - R:localhost/127.0.0.1:37788]
20:42:33.930 [Forwarding screenshot on session 6816fae9-62fe-4961-814b-c44c7615c574 to remote] DEBUG org.asynchttpclient.netty.request.NettyRequestSender -- Using pooled Channel '[id: 0x0a4687ef, L:/127.0.0.1:56906 - R:localhost/127.0.0.1:37788]' for 'GET' to 'http://localhost:37788/session/6816fae9-62fe-4961-814b-c44c7615c574/screenshot'
20:42:33.930 [Forwarding screenshot on session 6816fae9-62fe-4961-814b-c44c7615c574 to remote] DEBUG org.asynchttpclient.netty.request.NettyRequestSender -- Using open Channel [id: 0x0a4687ef, L:/127.0.0.1:56906 - R:localhost/127.0.0.1:37788] for GET '/session/6816fae9-62fe-4961-814b-c44c7615c574/screenshot'
20:42:33.974 [AsyncHttpClient-1-5] DEBUG org.asynchttpclient.netty.handler.HttpHandler -- 

Request DefaultFullHttpRequest(decodeResult: success, version: HTTP/1.1, content: EmptyByteBufBE)
GET /session/6816fae9-62fe-4961-814b-c44c7615c574/screenshot HTTP/1.1
Cache-Control: no-cache
User-Agent: selenium/4.12.0 (java windows)
Content-Type: application/json; charset=utf-8
host: localhost:37788
accept: */*

Response DefaultHttpResponse(decodeResult: success, version: HTTP/1.1)
HTTP/1.1 200 OK
content-type: application/json; charset=utf-8
cache-control: no-cache
content-length: 406340
date: Sun, 28 Apr 2024 01:42:33 GMT

20:42:33.974 [AsyncHttpClient-1-5] DEBUG org.asynchttpclient.netty.channel.ChannelManager -- Adding key: http://localhost:37788 for channel [id: 0x0a4687ef, L:/127.0.0.1:56906 - R:localhost/127.0.0.1:37788]
20:42:33.978 [main] DEBUG net.serenitybdd.core.photography.Darkroom -- Send negative for processing for C:\Users\USUARIO\OneDrive\Documentos\02 Automatización\03 Pragma\pragma\pragma\target\site\serenity\3699990361de0e51975903dc1d7bd5fa5334730dfffda19bdda2045cd11b73eb.png
20:42:34.832 [AsyncHttpClient-1-1] DEBUG org.asynchttpclient.netty.channel.DefaultChannelPool -- Entry count for : http://localhost:37788 : 1
20:42:34.995 [main] DEBUG net.thucydides.core.steps.StepInterceptor -- STARTING STEP: StepInterceptor.testContext - extraigoElNombreYPrecioDelProducto
20:42:34.999 [Forwarding findElement on session 6816fae9-62fe-4961-814b-c44c7615c574 to remote] DEBUG org.asynchttpclient.netty.request.NettyRequestSender -- Using pooled Channel '[id: 0x0a4687ef, L:/127.0.0.1:56906 - R:localhost/127.0.0.1:37788]' for 'POST' to 'http://localhost:37788/session/6816fae9-62fe-4961-814b-c44c7615c574/element'
20:42:34.999 [Forwarding findElement on session 6816fae9-62fe-4961-814b-c44c7615c574 to remote] DEBUG org.asynchttpclient.netty.request.NettyRequestSender -- Using open Channel [id: 0x0a4687ef, L:/127.0.0.1:56906 - R:localhost/127.0.0.1:37788] for POST '/session/6816fae9-62fe-4961-814b-c44c7615c574/element'
20:42:35.003 [AsyncHttpClient-1-5] DEBUG org.asynchttpclient.netty.handler.HttpHandler -- 

Request DefaultHttpRequest(decodeResult: success, version: HTTP/1.1)
POST /session/6816fae9-62fe-4961-814b-c44c7615c574/element HTTP/1.1
User-Agent: selenium/4.12.0 (java windows)
Content-Length: 77
Content-Type: application/json; charset=utf-8
host: localhost:37788
accept: */*

Response DefaultHttpResponse(decodeResult: success, version: HTTP/1.1)
HTTP/1.1 200 OK
content-type: application/json; charset=utf-8
cache-control: no-cache
content-length: 88
date: Sun, 28 Apr 2024 01:42:35 GMT

20:42:35.003 [AsyncHttpClient-1-5] DEBUG org.asynchttpclient.netty.channel.ChannelManager -- Adding key: http://localhost:37788 for channel [id: 0x0a4687ef, L:/127.0.0.1:56906 - R:localhost/127.0.0.1:37788]
20:42:35.004 [Forwarding getElementText on session 6816fae9-62fe-4961-814b-c44c7615c574 to remote] DEBUG org.asynchttpclient.netty.request.NettyRequestSender -- Using pooled Channel '[id: 0x0a4687ef, L:/127.0.0.1:56906 - R:localhost/127.0.0.1:37788]' for 'GET' to 'http://localhost:37788/session/6816fae9-62fe-4961-814b-c44c7615c574/element/52fd6c18-bd8d-4dc2-99e9-8a4d22d58736/text'
20:42:35.004 [Forwarding getElementText on session 6816fae9-62fe-4961-814b-c44c7615c574 to remote] DEBUG org.asynchttpclient.netty.request.NettyRequestSender -- Using open Channel [id: 0x0a4687ef, L:/127.0.0.1:56906 - R:localhost/127.0.0.1:37788] for GET '/session/6816fae9-62fe-4961-814b-c44c7615c574/element/52fd6c18-bd8d-4dc2-99e9-8a4d22d58736/text'
20:42:35.010 [AsyncHttpClient-1-5] DEBUG org.asynchttpclient.netty.handler.HttpHandler -- 

Request DefaultFullHttpRequest(decodeResult: success, version: HTTP/1.1, content: EmptyByteBufBE)
GET /session/6816fae9-62fe-4961-814b-c44c7615c574/element/52fd6c18-bd8d-4dc2-99e9-8a4d22d58736/text HTTP/1.1
Cache-Control: no-cache
User-Agent: selenium/4.12.0 (java windows)
Content-Type: application/json; charset=utf-8
host: localhost:37788
accept: */*

Response DefaultHttpResponse(decodeResult: success, version: HTTP/1.1)
HTTP/1.1 200 OK
content-type: application/json; charset=utf-8
cache-control: no-cache
content-length: 30
date: Sun, 28 Apr 2024 01:42:35 GMT

20:42:35.011 [AsyncHttpClient-1-5] DEBUG org.asynchttpclient.netty.channel.ChannelManager -- Adding key: http://localhost:37788 for channel [id: 0x0a4687ef, L:/127.0.0.1:56906 - R:localhost/127.0.0.1:37788]
20:42:35.011 [Forwarding findElement on session 6816fae9-62fe-4961-814b-c44c7615c574 to remote] DEBUG org.asynchttpclient.netty.request.NettyRequestSender -- Using pooled Channel '[id: 0x0a4687ef, L:/127.0.0.1:56906 - R:localhost/127.0.0.1:37788]' for 'POST' to 'http://localhost:37788/session/6816fae9-62fe-4961-814b-c44c7615c574/element'
20:42:35.011 [Forwarding findElement on session 6816fae9-62fe-4961-814b-c44c7615c574 to remote] DEBUG org.asynchttpclient.netty.request.NettyRequestSender -- Using open Channel [id: 0x0a4687ef, L:/127.0.0.1:56906 - R:localhost/127.0.0.1:37788] for POST '/session/6816fae9-62fe-4961-814b-c44c7615c574/element'
20:42:35.013 [AsyncHttpClient-1-5] DEBUG org.asynchttpclient.netty.handler.HttpHandler -- 

Request DefaultHttpRequest(decodeResult: success, version: HTTP/1.1)
POST /session/6816fae9-62fe-4961-814b-c44c7615c574/element HTTP/1.1
User-Agent: selenium/4.12.0 (java windows)
Content-Length: 66
Content-Type: application/json; charset=utf-8
host: localhost:37788
accept: */*

Response DefaultHttpResponse(decodeResult: success, version: HTTP/1.1)
HTTP/1.1 200 OK
content-type: application/json; charset=utf-8
cache-control: no-cache
content-length: 88
date: Sun, 28 Apr 2024 01:42:35 GMT

20:42:35.013 [AsyncHttpClient-1-5] DEBUG org.asynchttpclient.netty.channel.ChannelManager -- Adding key: http://localhost:37788 for channel [id: 0x0a4687ef, L:/127.0.0.1:56906 - R:localhost/127.0.0.1:37788]
20:42:35.013 [Forwarding getElementText on session 6816fae9-62fe-4961-814b-c44c7615c574 to remote] DEBUG org.asynchttpclient.netty.request.NettyRequestSender -- Using pooled Channel '[id: 0x0a4687ef, L:/127.0.0.1:56906 - R:localhost/127.0.0.1:37788]' for 'GET' to 'http://localhost:37788/session/6816fae9-62fe-4961-814b-c44c7615c574/element/3871150e-a203-4fd4-b5cb-a35582b847e0/text'
20:42:35.013 [Forwarding getElementText on session 6816fae9-62fe-4961-814b-c44c7615c574 to remote] DEBUG org.asynchttpclient.netty.request.NettyRequestSender -- Using open Channel [id: 0x0a4687ef, L:/127.0.0.1:56906 - R:localhost/127.0.0.1:37788] for GET '/session/6816fae9-62fe-4961-814b-c44c7615c574/element/3871150e-a203-4fd4-b5cb-a35582b847e0/text'
20:42:35.017 [AsyncHttpClient-1-5] DEBUG org.asynchttpclient.netty.handler.HttpHandler -- 

Request DefaultFullHttpRequest(decodeResult: success, version: HTTP/1.1, content: EmptyByteBufBE)
GET /session/6816fae9-62fe-4961-814b-c44c7615c574/element/3871150e-a203-4fd4-b5cb-a35582b847e0/text HTTP/1.1
Cache-Control: no-cache
User-Agent: selenium/4.12.0 (java windows)
Content-Type: application/json; charset=utf-8
host: localhost:37788
accept: */*

Response DefaultHttpResponse(decodeResult: success, version: HTTP/1.1)
HTTP/1.1 200 OK
content-type: application/json; charset=utf-8
cache-control: no-cache
content-length: 24
date: Sun, 28 Apr 2024 01:42:35 GMT

20:42:35.017 [AsyncHttpClient-1-5] DEBUG org.asynchttpclient.netty.channel.ChannelManager -- Adding key: http://localhost:37788 for channel [id: 0x0a4687ef, L:/127.0.0.1:56906 - R:localhost/127.0.0.1:37788]
20:42:35.018 [Forwarding findElement on session 6816fae9-62fe-4961-814b-c44c7615c574 to remote] DEBUG org.asynchttpclient.netty.request.NettyRequestSender -- Using pooled Channel '[id: 0x0a4687ef, L:/127.0.0.1:56906 - R:localhost/127.0.0.1:37788]' for 'POST' to 'http://localhost:37788/session/6816fae9-62fe-4961-814b-c44c7615c574/element'
20:42:35.018 [Forwarding findElement on session 6816fae9-62fe-4961-814b-c44c7615c574 to remote] DEBUG org.asynchttpclient.netty.request.NettyRequestSender -- Using open Channel [id: 0x0a4687ef, L:/127.0.0.1:56906 - R:localhost/127.0.0.1:37788] for POST '/session/6816fae9-62fe-4961-814b-c44c7615c574/element'
20:42:35.020 [AsyncHttpClient-1-5] DEBUG org.asynchttpclient.netty.handler.HttpHandler -- 

Request DefaultHttpRequest(decodeResult: success, version: HTTP/1.1)
POST /session/6816fae9-62fe-4961-814b-c44c7615c574/element HTTP/1.1
User-Agent: selenium/4.12.0 (java windows)
Content-Length: 77
Content-Type: application/json; charset=utf-8
host: localhost:37788
accept: */*

Response DefaultHttpResponse(decodeResult: success, version: HTTP/1.1)
HTTP/1.1 200 OK
content-type: application/json; charset=utf-8
cache-control: no-cache
content-length: 88
date: Sun, 28 Apr 2024 01:42:35 GMT

20:42:35.020 [AsyncHttpClient-1-5] DEBUG org.asynchttpclient.netty.channel.ChannelManager -- Adding key: http://localhost:37788 for channel [id: 0x0a4687ef, L:/127.0.0.1:56906 - R:localhost/127.0.0.1:37788]
20:42:35.020 [Forwarding getElementText on session 6816fae9-62fe-4961-814b-c44c7615c574 to remote] DEBUG org.asynchttpclient.netty.request.NettyRequestSender -- Using pooled Channel '[id: 0x0a4687ef, L:/127.0.0.1:56906 - R:localhost/127.0.0.1:37788]' for 'GET' to 'http://localhost:37788/session/6816fae9-62fe-4961-814b-c44c7615c574/element/52fd6c18-bd8d-4dc2-99e9-8a4d22d58736/text'
20:42:35.020 [Forwarding getElementText on session 6816fae9-62fe-4961-814b-c44c7615c574 to remote] DEBUG org.asynchttpclient.netty.request.NettyRequestSender -- Using open Channel [id: 0x0a4687ef, L:/127.0.0.1:56906 - R:localhost/127.0.0.1:37788] for GET '/session/6816fae9-62fe-4961-814b-c44c7615c574/element/52fd6c18-bd8d-4dc2-99e9-8a4d22d58736/text'
20:42:35.024 [AsyncHttpClient-1-5] DEBUG org.asynchttpclient.netty.handler.HttpHandler -- 

Request DefaultFullHttpRequest(decodeResult: success, version: HTTP/1.1, content: EmptyByteBufBE)
GET /session/6816fae9-62fe-4961-814b-c44c7615c574/element/52fd6c18-bd8d-4dc2-99e9-8a4d22d58736/text HTTP/1.1
Cache-Control: no-cache
User-Agent: selenium/4.12.0 (java windows)
Content-Type: application/json; charset=utf-8
host: localhost:37788
accept: */*

Response DefaultHttpResponse(decodeResult: success, version: HTTP/1.1)
HTTP/1.1 200 OK
content-type: application/json; charset=utf-8
cache-control: no-cache
content-length: 30
date: Sun, 28 Apr 2024 01:42:35 GMT

20:42:35.024 [AsyncHttpClient-1-5] DEBUG org.asynchttpclient.netty.channel.ChannelManager -- Adding key: http://localhost:37788 for channel [id: 0x0a4687ef, L:/127.0.0.1:56906 - R:localhost/127.0.0.1:37788]
20:42:35.025 [Forwarding findElement on session 6816fae9-62fe-4961-814b-c44c7615c574 to remote] DEBUG org.asynchttpclient.netty.request.NettyRequestSender -- Using pooled Channel '[id: 0x0a4687ef, L:/127.0.0.1:56906 - R:localhost/127.0.0.1:37788]' for 'POST' to 'http://localhost:37788/session/6816fae9-62fe-4961-814b-c44c7615c574/element'
20:42:35.025 [Forwarding findElement on session 6816fae9-62fe-4961-814b-c44c7615c574 to remote] DEBUG org.asynchttpclient.netty.request.NettyRequestSender -- Using open Channel [id: 0x0a4687ef, L:/127.0.0.1:56906 - R:localhost/127.0.0.1:37788] for POST '/session/6816fae9-62fe-4961-814b-c44c7615c574/element'
20:42:35.026 [AsyncHttpClient-1-5] DEBUG org.asynchttpclient.netty.handler.HttpHandler -- 

Request DefaultHttpRequest(decodeResult: success, version: HTTP/1.1)
POST /session/6816fae9-62fe-4961-814b-c44c7615c574/element HTTP/1.1
User-Agent: selenium/4.12.0 (java windows)
Content-Length: 66
Content-Type: application/json; charset=utf-8
host: localhost:37788
accept: */*

Response DefaultHttpResponse(decodeResult: success, version: HTTP/1.1)
HTTP/1.1 200 OK
content-type: application/json; charset=utf-8
cache-control: no-cache
content-length: 88
date: Sun, 28 Apr 2024 01:42:35 GMT

20:42:35.026 [AsyncHttpClient-1-5] DEBUG org.asynchttpclient.netty.channel.ChannelManager -- Adding key: http://localhost:37788 for channel [id: 0x0a4687ef, L:/127.0.0.1:56906 - R:localhost/127.0.0.1:37788]
20:42:35.027 [Forwarding getElementText on session 6816fae9-62fe-4961-814b-c44c7615c574 to remote] DEBUG org.asynchttpclient.netty.request.NettyRequestSender -- Using pooled Channel '[id: 0x0a4687ef, L:/127.0.0.1:56906 - R:localhost/127.0.0.1:37788]' for 'GET' to 'http://localhost:37788/session/6816fae9-62fe-4961-814b-c44c7615c574/element/3871150e-a203-4fd4-b5cb-a35582b847e0/text'
20:42:35.027 [Forwarding getElementText on session 6816fae9-62fe-4961-814b-c44c7615c574 to remote] DEBUG org.asynchttpclient.netty.request.NettyRequestSender -- Using open Channel [id: 0x0a4687ef, L:/127.0.0.1:56906 - R:localhost/127.0.0.1:37788] for GET '/session/6816fae9-62fe-4961-814b-c44c7615c574/element/3871150e-a203-4fd4-b5cb-a35582b847e0/text'
20:42:35.030 [AsyncHttpClient-1-5] DEBUG org.asynchttpclient.netty.handler.HttpHandler -- 

Request DefaultFullHttpRequest(decodeResult: success, version: HTTP/1.1, content: EmptyByteBufBE)
GET /session/6816fae9-62fe-4961-814b-c44c7615c574/element/3871150e-a203-4fd4-b5cb-a35582b847e0/text HTTP/1.1
Cache-Control: no-cache
User-Agent: selenium/4.12.0 (java windows)
Content-Type: application/json; charset=utf-8
host: localhost:37788
accept: */*

Response DefaultHttpResponse(decodeResult: success, version: HTTP/1.1)
HTTP/1.1 200 OK
content-type: application/json; charset=utf-8
cache-control: no-cache
content-length: 24
date: Sun, 28 Apr 2024 01:42:35 GMT

20:42:35.031 [AsyncHttpClient-1-5] DEBUG org.asynchttpclient.netty.channel.ChannelManager -- Adding key: http://localhost:37788 for channel [id: 0x0a4687ef, L:/127.0.0.1:56906 - R:localhost/127.0.0.1:37788]
20:42:35.032 [Forwarding getAlertText on session 6816fae9-62fe-4961-814b-c44c7615c574 to remote] DEBUG org.asynchttpclient.netty.request.NettyRequestSender -- Using pooled Channel '[id: 0x0a4687ef, L:/127.0.0.1:56906 - R:localhost/127.0.0.1:37788]' for 'GET' to 'http://localhost:37788/session/6816fae9-62fe-4961-814b-c44c7615c574/alert/text'
20:42:35.032 [Forwarding getAlertText on session 6816fae9-62fe-4961-814b-c44c7615c574 to remote] DEBUG org.asynchttpclient.netty.request.NettyRequestSender -- Using open Channel [id: 0x0a4687ef, L:/127.0.0.1:56906 - R:localhost/127.0.0.1:37788] for GET '/session/6816fae9-62fe-4961-814b-c44c7615c574/alert/text'
20:42:35.033 [AsyncHttpClient-1-5] DEBUG org.asynchttpclient.netty.handler.HttpHandler -- 

Request DefaultFullHttpRequest(decodeResult: success, version: HTTP/1.1, content: EmptyByteBufBE)
GET /session/6816fae9-62fe-4961-814b-c44c7615c574/alert/text HTTP/1.1
Cache-Control: no-cache
User-Agent: selenium/4.12.0 (java windows)
Content-Type: application/json; charset=utf-8
host: localhost:37788
accept: */*

Response DefaultHttpResponse(decodeResult: success, version: HTTP/1.1)
HTTP/1.1 404 Not Found
content-type: application/json; charset=utf-8
cache-control: no-cache
content-length: 842
date: Sun, 28 Apr 2024 01:42:35 GMT

20:42:35.033 [AsyncHttpClient-1-5] DEBUG org.asynchttpclient.netty.channel.ChannelManager -- Adding key: http://localhost:37788 for channel [id: 0x0a4687ef, L:/127.0.0.1:56906 - R:localhost/127.0.0.1:37788]
20:42:35.034 [Forwarding getCurrentUrl on session 6816fae9-62fe-4961-814b-c44c7615c574 to remote] DEBUG org.asynchttpclient.netty.request.NettyRequestSender -- Using pooled Channel '[id: 0x0a4687ef, L:/127.0.0.1:56906 - R:localhost/127.0.0.1:37788]' for 'GET' to 'http://localhost:37788/session/6816fae9-62fe-4961-814b-c44c7615c574/url'
20:42:35.034 [Forwarding getCurrentUrl on session 6816fae9-62fe-4961-814b-c44c7615c574 to remote] DEBUG org.asynchttpclient.netty.request.NettyRequestSender -- Using open Channel [id: 0x0a4687ef, L:/127.0.0.1:56906 - R:localhost/127.0.0.1:37788] for GET '/session/6816fae9-62fe-4961-814b-c44c7615c574/url'
20:42:35.034 [AsyncHttpClient-1-5] DEBUG org.asynchttpclient.netty.handler.HttpHandler -- 

Request DefaultFullHttpRequest(decodeResult: success, version: HTTP/1.1, content: EmptyByteBufBE)
GET /session/6816fae9-62fe-4961-814b-c44c7615c574/url HTTP/1.1
Cache-Control: no-cache
User-Agent: selenium/4.12.0 (java windows)
Content-Type: application/json; charset=utf-8
host: localhost:37788
accept: */*

Response DefaultHttpResponse(decodeResult: success, version: HTTP/1.1)
HTTP/1.1 200 OK
content-type: application/json; charset=utf-8
cache-control: no-cache
content-length: 54
date: Sun, 28 Apr 2024 01:42:35 GMT

20:42:35.034 [AsyncHttpClient-1-5] DEBUG org.asynchttpclient.netty.channel.ChannelManager -- Adding key: http://localhost:37788 for channel [id: 0x0a4687ef, L:/127.0.0.1:56906 - R:localhost/127.0.0.1:37788]
20:42:35.034 [Forwarding screenshot on session 6816fae9-62fe-4961-814b-c44c7615c574 to remote] DEBUG org.asynchttpclient.netty.request.NettyRequestSender -- Using pooled Channel '[id: 0x0a4687ef, L:/127.0.0.1:56906 - R:localhost/127.0.0.1:37788]' for 'GET' to 'http://localhost:37788/session/6816fae9-62fe-4961-814b-c44c7615c574/screenshot'
20:42:35.034 [Forwarding screenshot on session 6816fae9-62fe-4961-814b-c44c7615c574 to remote] DEBUG org.asynchttpclient.netty.request.NettyRequestSender -- Using open Channel [id: 0x0a4687ef, L:/127.0.0.1:56906 - R:localhost/127.0.0.1:37788] for GET '/session/6816fae9-62fe-4961-814b-c44c7615c574/screenshot'
20:42:35.080 [AsyncHttpClient-1-5] DEBUG org.asynchttpclient.netty.handler.HttpHandler -- 

Request DefaultFullHttpRequest(decodeResult: success, version: HTTP/1.1, content: EmptyByteBufBE)
GET /session/6816fae9-62fe-4961-814b-c44c7615c574/screenshot HTTP/1.1
Cache-Control: no-cache
User-Agent: selenium/4.12.0 (java windows)
Content-Type: application/json; charset=utf-8
host: localhost:37788
accept: */*

Response DefaultHttpResponse(decodeResult: success, version: HTTP/1.1)
HTTP/1.1 200 OK
content-type: application/json; charset=utf-8
cache-control: no-cache
content-length: 406340
date: Sun, 28 Apr 2024 01:42:35 GMT

20:42:35.080 [AsyncHttpClient-1-5] DEBUG org.asynchttpclient.netty.channel.ChannelManager -- Adding key: http://localhost:37788 for channel [id: 0x0a4687ef, L:/127.0.0.1:56906 - R:localhost/127.0.0.1:37788]
20:42:35.085 [main] DEBUG net.serenitybdd.core.photography.Darkroom -- Send negative for processing for C:\Users\USUARIO\OneDrive\Documentos\02 Automatización\03 Pragma\pragma\pragma\target\site\serenity\3699990361de0e51975903dc1d7bd5fa5334730dfffda19bdda2045cd11b73eb.png
20:42:35.942 [AsyncHttpClient-1-1] DEBUG org.asynchttpclient.netty.channel.DefaultChannelPool -- Entry count for : http://localhost:37788 : 1
20:42:36.098 [main] DEBUG net.thucydides.core.steps.StepInterceptor -- STEP DONE: extraigoElNombreYPrecioDelProducto
20:42:36.102 [Forwarding getAlertText on session 6816fae9-62fe-4961-814b-c44c7615c574 to remote] DEBUG org.asynchttpclient.netty.request.NettyRequestSender -- Using pooled Channel '[id: 0x0a4687ef, L:/127.0.0.1:56906 - R:localhost/127.0.0.1:37788]' for 'GET' to 'http://localhost:37788/session/6816fae9-62fe-4961-814b-c44c7615c574/alert/text'
20:42:36.102 [Forwarding getAlertText on session 6816fae9-62fe-4961-814b-c44c7615c574 to remote] DEBUG org.asynchttpclient.netty.request.NettyRequestSender -- Using open Channel [id: 0x0a4687ef, L:/127.0.0.1:56906 - R:localhost/127.0.0.1:37788] for GET '/session/6816fae9-62fe-4961-814b-c44c7615c574/alert/text'
20:42:36.104 [AsyncHttpClient-1-5] DEBUG org.asynchttpclient.netty.handler.HttpHandler -- 

Request DefaultFullHttpRequest(decodeResult: success, version: HTTP/1.1, content: EmptyByteBufBE)
GET /session/6816fae9-62fe-4961-814b-c44c7615c574/alert/text HTTP/1.1
Cache-Control: no-cache
User-Agent: selenium/4.12.0 (java windows)
Content-Type: application/json; charset=utf-8
host: localhost:37788
accept: */*

Response DefaultHttpResponse(decodeResult: success, version: HTTP/1.1)
HTTP/1.1 404 Not Found
content-type: application/json; charset=utf-8
cache-control: no-cache
content-length: 842
date: Sun, 28 Apr 2024 01:42:36 GMT

20:42:36.104 [AsyncHttpClient-1-5] DEBUG org.asynchttpclient.netty.channel.ChannelManager -- Adding key: http://localhost:37788 for channel [id: 0x0a4687ef, L:/127.0.0.1:56906 - R:localhost/127.0.0.1:37788]
20:42:36.105 [Forwarding getCurrentUrl on session 6816fae9-62fe-4961-814b-c44c7615c574 to remote] DEBUG org.asynchttpclient.netty.request.NettyRequestSender -- Using pooled Channel '[id: 0x0a4687ef, L:/127.0.0.1:56906 - R:localhost/127.0.0.1:37788]' for 'GET' to 'http://localhost:37788/session/6816fae9-62fe-4961-814b-c44c7615c574/url'
20:42:36.105 [Forwarding getCurrentUrl on session 6816fae9-62fe-4961-814b-c44c7615c574 to remote] DEBUG org.asynchttpclient.netty.request.NettyRequestSender -- Using open Channel [id: 0x0a4687ef, L:/127.0.0.1:56906 - R:localhost/127.0.0.1:37788] for GET '/session/6816fae9-62fe-4961-814b-c44c7615c574/url'
20:42:36.106 [AsyncHttpClient-1-5] DEBUG org.asynchttpclient.netty.handler.HttpHandler -- 

Request DefaultFullHttpRequest(decodeResult: success, version: HTTP/1.1, content: EmptyByteBufBE)
GET /session/6816fae9-62fe-4961-814b-c44c7615c574/url HTTP/1.1
Cache-Control: no-cache
User-Agent: selenium/4.12.0 (java windows)
Content-Type: application/json; charset=utf-8
host: localhost:37788
accept: */*

Response DefaultHttpResponse(decodeResult: success, version: HTTP/1.1)
HTTP/1.1 200 OK
content-type: application/json; charset=utf-8
cache-control: no-cache
content-length: 54
date: Sun, 28 Apr 2024 01:42:36 GMT

20:42:36.106 [AsyncHttpClient-1-5] DEBUG org.asynchttpclient.netty.channel.ChannelManager -- Adding key: http://localhost:37788 for channel [id: 0x0a4687ef, L:/127.0.0.1:56906 - R:localhost/127.0.0.1:37788]
20:42:36.107 [Forwarding screenshot on session 6816fae9-62fe-4961-814b-c44c7615c574 to remote] DEBUG org.asynchttpclient.netty.request.NettyRequestSender -- Using pooled Channel '[id: 0x0a4687ef, L:/127.0.0.1:56906 - R:localhost/127.0.0.1:37788]' for 'GET' to 'http://localhost:37788/session/6816fae9-62fe-4961-814b-c44c7615c574/screenshot'
20:42:36.107 [Forwarding screenshot on session 6816fae9-62fe-4961-814b-c44c7615c574 to remote] DEBUG org.asynchttpclient.netty.request.NettyRequestSender -- Using open Channel [id: 0x0a4687ef, L:/127.0.0.1:56906 - R:localhost/127.0.0.1:37788] for GET '/session/6816fae9-62fe-4961-814b-c44c7615c574/screenshot'
20:42:36.151 [AsyncHttpClient-1-5] DEBUG org.asynchttpclient.netty.handler.HttpHandler -- 

Request DefaultFullHttpRequest(decodeResult: success, version: HTTP/1.1, content: EmptyByteBufBE)
GET /session/6816fae9-62fe-4961-814b-c44c7615c574/screenshot HTTP/1.1
Cache-Control: no-cache
User-Agent: selenium/4.12.0 (java windows)
Content-Type: application/json; charset=utf-8
host: localhost:37788
accept: */*

Response DefaultHttpResponse(decodeResult: success, version: HTTP/1.1)
HTTP/1.1 200 OK
content-type: application/json; charset=utf-8
cache-control: no-cache
content-length: 406340
date: Sun, 28 Apr 2024 01:42:36 GMT

20:42:36.151 [AsyncHttpClient-1-5] DEBUG org.asynchttpclient.netty.channel.ChannelManager -- Adding key: http://localhost:37788 for channel [id: 0x0a4687ef, L:/127.0.0.1:56906 - R:localhost/127.0.0.1:37788]
20:42:36.156 [main] DEBUG net.serenitybdd.core.photography.Darkroom -- Send negative for processing for C:\Users\USUARIO\OneDrive\Documentos\02 Automatización\03 Pragma\pragma\pragma\target\site\serenity\3699990361de0e51975903dc1d7bd5fa5334730dfffda19bdda2045cd11b73eb.png
20:42:37.035 [AsyncHttpClient-1-1] DEBUG org.asynchttpclient.netty.channel.DefaultChannelPool -- Entry count for : http://localhost:37788 : 1
20:42:37.163 [main] DEBUG net.thucydides.core.steps.StepInterceptor -- STARTING STEP: StepInterceptor.testContext - agregoElProductoAlCarritoDeCompra
20:42:37.168 [Forwarding findElement on session 6816fae9-62fe-4961-814b-c44c7615c574 to remote] DEBUG org.asynchttpclient.netty.request.NettyRequestSender -- Using pooled Channel '[id: 0x0a4687ef, L:/127.0.0.1:56906 - R:localhost/127.0.0.1:37788]' for 'POST' to 'http://localhost:37788/session/6816fae9-62fe-4961-814b-c44c7615c574/element'
20:42:37.168 [Forwarding findElement on session 6816fae9-62fe-4961-814b-c44c7615c574 to remote] DEBUG org.asynchttpclient.netty.request.NettyRequestSender -- Using open Channel [id: 0x0a4687ef, L:/127.0.0.1:56906 - R:localhost/127.0.0.1:37788] for POST '/session/6816fae9-62fe-4961-814b-c44c7615c574/element'
20:42:37.172 [AsyncHttpClient-1-5] DEBUG org.asynchttpclient.netty.handler.HttpHandler -- 

Request DefaultHttpRequest(decodeResult: success, version: HTTP/1.1)
POST /session/6816fae9-62fe-4961-814b-c44c7615c574/element HTTP/1.1
User-Agent: selenium/4.12.0 (java windows)
Content-Length: 83
Content-Type: application/json; charset=utf-8
host: localhost:37788
accept: */*

Response DefaultHttpResponse(decodeResult: success, version: HTTP/1.1)
HTTP/1.1 200 OK
content-type: application/json; charset=utf-8
cache-control: no-cache
content-length: 88
date: Sun, 28 Apr 2024 01:42:37 GMT

20:42:37.172 [AsyncHttpClient-1-5] DEBUG org.asynchttpclient.netty.channel.ChannelManager -- Adding key: http://localhost:37788 for channel [id: 0x0a4687ef, L:/127.0.0.1:56906 - R:localhost/127.0.0.1:37788]
20:42:37.173 [Forwarding getElementTagName on session 6816fae9-62fe-4961-814b-c44c7615c574 to remote] DEBUG org.asynchttpclient.netty.request.NettyRequestSender -- Using pooled Channel '[id: 0x0a4687ef, L:/127.0.0.1:56906 - R:localhost/127.0.0.1:37788]' for 'GET' to 'http://localhost:37788/session/6816fae9-62fe-4961-814b-c44c7615c574/element/738962a2-f7ab-44ea-935d-b657d662b445/name'
20:42:37.173 [Forwarding getElementTagName on session 6816fae9-62fe-4961-814b-c44c7615c574 to remote] DEBUG org.asynchttpclient.netty.request.NettyRequestSender -- Using open Channel [id: 0x0a4687ef, L:/127.0.0.1:56906 - R:localhost/127.0.0.1:37788] for GET '/session/6816fae9-62fe-4961-814b-c44c7615c574/element/738962a2-f7ab-44ea-935d-b657d662b445/name'
20:42:37.174 [AsyncHttpClient-1-5] DEBUG org.asynchttpclient.netty.handler.HttpHandler -- 

Request DefaultFullHttpRequest(decodeResult: success, version: HTTP/1.1, content: EmptyByteBufBE)
GET /session/6816fae9-62fe-4961-814b-c44c7615c574/element/738962a2-f7ab-44ea-935d-b657d662b445/name HTTP/1.1
Cache-Control: no-cache
User-Agent: selenium/4.12.0 (java windows)
Content-Type: application/json; charset=utf-8
host: localhost:37788
accept: */*

Response DefaultHttpResponse(decodeResult: success, version: HTTP/1.1)
HTTP/1.1 200 OK
content-type: application/json; charset=utf-8
cache-control: no-cache
content-length: 13
date: Sun, 28 Apr 2024 01:42:37 GMT

20:42:37.174 [AsyncHttpClient-1-5] DEBUG org.asynchttpclient.netty.channel.ChannelManager -- Adding key: http://localhost:37788 for channel [id: 0x0a4687ef, L:/127.0.0.1:56906 - R:localhost/127.0.0.1:37788]
20:42:37.175 [Forwarding getElementTagName on session 6816fae9-62fe-4961-814b-c44c7615c574 to remote] DEBUG org.asynchttpclient.netty.request.NettyRequestSender -- Using pooled Channel '[id: 0x0a4687ef, L:/127.0.0.1:56906 - R:localhost/127.0.0.1:37788]' for 'GET' to 'http://localhost:37788/session/6816fae9-62fe-4961-814b-c44c7615c574/element/738962a2-f7ab-44ea-935d-b657d662b445/name'
20:42:37.175 [Forwarding getElementTagName on session 6816fae9-62fe-4961-814b-c44c7615c574 to remote] DEBUG org.asynchttpclient.netty.request.NettyRequestSender -- Using open Channel [id: 0x0a4687ef, L:/127.0.0.1:56906 - R:localhost/127.0.0.1:37788] for GET '/session/6816fae9-62fe-4961-814b-c44c7615c574/element/738962a2-f7ab-44ea-935d-b657d662b445/name'
20:42:37.176 [AsyncHttpClient-1-5] DEBUG org.asynchttpclient.netty.handler.HttpHandler -- 

Request DefaultFullHttpRequest(decodeResult: success, version: HTTP/1.1, content: EmptyByteBufBE)
GET /session/6816fae9-62fe-4961-814b-c44c7615c574/element/738962a2-f7ab-44ea-935d-b657d662b445/name HTTP/1.1
Cache-Control: no-cache
User-Agent: selenium/4.12.0 (java windows)
Content-Type: application/json; charset=utf-8
host: localhost:37788
accept: */*

Response DefaultHttpResponse(decodeResult: success, version: HTTP/1.1)
HTTP/1.1 200 OK
content-type: application/json; charset=utf-8
cache-control: no-cache
content-length: 13
date: Sun, 28 Apr 2024 01:42:37 GMT

20:42:37.176 [AsyncHttpClient-1-5] DEBUG org.asynchttpclient.netty.channel.ChannelManager -- Adding key: http://localhost:37788 for channel [id: 0x0a4687ef, L:/127.0.0.1:56906 - R:localhost/127.0.0.1:37788]
20:42:37.177 [Forwarding findElement on session 6816fae9-62fe-4961-814b-c44c7615c574 to remote] DEBUG org.asynchttpclient.netty.request.NettyRequestSender -- Using pooled Channel '[id: 0x0a4687ef, L:/127.0.0.1:56906 - R:localhost/127.0.0.1:37788]' for 'POST' to 'http://localhost:37788/session/6816fae9-62fe-4961-814b-c44c7615c574/element'
20:42:37.177 [Forwarding findElement on session 6816fae9-62fe-4961-814b-c44c7615c574 to remote] DEBUG org.asynchttpclient.netty.request.NettyRequestSender -- Using open Channel [id: 0x0a4687ef, L:/127.0.0.1:56906 - R:localhost/127.0.0.1:37788] for POST '/session/6816fae9-62fe-4961-814b-c44c7615c574/element'
20:42:37.179 [AsyncHttpClient-1-5] DEBUG org.asynchttpclient.netty.handler.HttpHandler -- 

Request DefaultHttpRequest(decodeResult: success, version: HTTP/1.1)
POST /session/6816fae9-62fe-4961-814b-c44c7615c574/element HTTP/1.1
User-Agent: selenium/4.12.0 (java windows)
Content-Length: 83
Content-Type: application/json; charset=utf-8
host: localhost:37788
accept: */*

Response DefaultHttpResponse(decodeResult: success, version: HTTP/1.1)
HTTP/1.1 200 OK
content-type: application/json; charset=utf-8
cache-control: no-cache
content-length: 88
date: Sun, 28 Apr 2024 01:42:37 GMT

20:42:37.179 [AsyncHttpClient-1-5] DEBUG org.asynchttpclient.netty.channel.ChannelManager -- Adding key: http://localhost:37788 for channel [id: 0x0a4687ef, L:/127.0.0.1:56906 - R:localhost/127.0.0.1:37788]
20:42:37.179 [Forwarding clickElement on session 6816fae9-62fe-4961-814b-c44c7615c574 to remote] DEBUG org.asynchttpclient.netty.request.NettyRequestSender -- Using pooled Channel '[id: 0x0a4687ef, L:/127.0.0.1:56906 - R:localhost/127.0.0.1:37788]' for 'POST' to 'http://localhost:37788/session/6816fae9-62fe-4961-814b-c44c7615c574/element/738962a2-f7ab-44ea-935d-b657d662b445/click'
20:42:37.179 [Forwarding clickElement on session 6816fae9-62fe-4961-814b-c44c7615c574 to remote] DEBUG org.asynchttpclient.netty.request.NettyRequestSender -- Using open Channel [id: 0x0a4687ef, L:/127.0.0.1:56906 - R:localhost/127.0.0.1:37788] for POST '/session/6816fae9-62fe-4961-814b-c44c7615c574/element/738962a2-f7ab-44ea-935d-b657d662b445/click'
20:42:37.193 [AsyncHttpClient-1-5] DEBUG org.asynchttpclient.netty.handler.HttpHandler -- 

Request DefaultHttpRequest(decodeResult: success, version: HTTP/1.1)
POST /session/6816fae9-62fe-4961-814b-c44c7615c574/element/738962a2-f7ab-44ea-935d-b657d662b445/click HTTP/1.1
User-Agent: selenium/4.12.0 (java windows)
Content-Length: 50
Content-Type: application/json; charset=utf-8
host: localhost:37788
accept: */*

Response DefaultHttpResponse(decodeResult: success, version: HTTP/1.1)
HTTP/1.1 200 OK
content-type: application/json; charset=utf-8
cache-control: no-cache
content-length: 14
date: Sun, 28 Apr 2024 01:42:37 GMT

20:42:37.193 [AsyncHttpClient-1-5] DEBUG org.asynchttpclient.netty.channel.ChannelManager -- Adding key: http://localhost:37788 for channel [id: 0x0a4687ef, L:/127.0.0.1:56906 - R:localhost/127.0.0.1:37788]
20:42:37.195 [Forwarding getAlertText on session 6816fae9-62fe-4961-814b-c44c7615c574 to remote] DEBUG org.asynchttpclient.netty.request.NettyRequestSender -- Using pooled Channel '[id: 0x0a4687ef, L:/127.0.0.1:56906 - R:localhost/127.0.0.1:37788]' for 'GET' to 'http://localhost:37788/session/6816fae9-62fe-4961-814b-c44c7615c574/alert/text'
20:42:37.195 [Forwarding getAlertText on session 6816fae9-62fe-4961-814b-c44c7615c574 to remote] DEBUG org.asynchttpclient.netty.request.NettyRequestSender -- Using open Channel [id: 0x0a4687ef, L:/127.0.0.1:56906 - R:localhost/127.0.0.1:37788] for GET '/session/6816fae9-62fe-4961-814b-c44c7615c574/alert/text'
20:42:37.195 [AsyncHttpClient-1-5] DEBUG org.asynchttpclient.netty.handler.HttpHandler -- 

Request DefaultFullHttpRequest(decodeResult: success, version: HTTP/1.1, content: EmptyByteBufBE)
GET /session/6816fae9-62fe-4961-814b-c44c7615c574/alert/text HTTP/1.1
Cache-Control: no-cache
User-Agent: selenium/4.12.0 (java windows)
Content-Type: application/json; charset=utf-8
host: localhost:37788
accept: */*

Response DefaultHttpResponse(decodeResult: success, version: HTTP/1.1)
HTTP/1.1 404 Not Found
content-type: application/json; charset=utf-8
cache-control: no-cache
content-length: 842
date: Sun, 28 Apr 2024 01:42:37 GMT

20:42:37.196 [AsyncHttpClient-1-5] DEBUG org.asynchttpclient.netty.channel.ChannelManager -- Adding key: http://localhost:37788 for channel [id: 0x0a4687ef, L:/127.0.0.1:56906 - R:localhost/127.0.0.1:37788]
20:42:37.712 [Forwarding getAlertText on session 6816fae9-62fe-4961-814b-c44c7615c574 to remote] DEBUG org.asynchttpclient.netty.request.NettyRequestSender -- Using pooled Channel '[id: 0x0a4687ef, L:/127.0.0.1:56906 - R:localhost/127.0.0.1:37788]' for 'GET' to 'http://localhost:37788/session/6816fae9-62fe-4961-814b-c44c7615c574/alert/text'
20:42:37.712 [Forwarding getAlertText on session 6816fae9-62fe-4961-814b-c44c7615c574 to remote] DEBUG org.asynchttpclient.netty.request.NettyRequestSender -- Using open Channel [id: 0x0a4687ef, L:/127.0.0.1:56906 - R:localhost/127.0.0.1:37788] for GET '/session/6816fae9-62fe-4961-814b-c44c7615c574/alert/text'
20:42:37.712 [AsyncHttpClient-1-5] DEBUG org.asynchttpclient.netty.handler.HttpHandler -- 

Request DefaultFullHttpRequest(decodeResult: success, version: HTTP/1.1, content: EmptyByteBufBE)
GET /session/6816fae9-62fe-4961-814b-c44c7615c574/alert/text HTTP/1.1
Cache-Control: no-cache
User-Agent: selenium/4.12.0 (java windows)
Content-Type: application/json; charset=utf-8
host: localhost:37788
accept: */*

Response DefaultHttpResponse(decodeResult: success, version: HTTP/1.1)
HTTP/1.1 200 OK
content-type: application/json; charset=utf-8
cache-control: no-cache
content-length: 25
date: Sun, 28 Apr 2024 01:42:37 GMT

20:42:37.712 [AsyncHttpClient-1-5] DEBUG org.asynchttpclient.netty.channel.ChannelManager -- Adding key: http://localhost:37788 for channel [id: 0x0a4687ef, L:/127.0.0.1:56906 - R:localhost/127.0.0.1:37788]
20:42:37.716 [Forwarding getAlertText on session 6816fae9-62fe-4961-814b-c44c7615c574 to remote] DEBUG org.asynchttpclient.netty.request.NettyRequestSender -- Using pooled Channel '[id: 0x0a4687ef, L:/127.0.0.1:56906 - R:localhost/127.0.0.1:37788]' for 'GET' to 'http://localhost:37788/session/6816fae9-62fe-4961-814b-c44c7615c574/alert/text'
20:42:37.716 [Forwarding getAlertText on session 6816fae9-62fe-4961-814b-c44c7615c574 to remote] DEBUG org.asynchttpclient.netty.request.NettyRequestSender -- Using open Channel [id: 0x0a4687ef, L:/127.0.0.1:56906 - R:localhost/127.0.0.1:37788] for GET '/session/6816fae9-62fe-4961-814b-c44c7615c574/alert/text'
20:42:37.718 [AsyncHttpClient-1-5] DEBUG org.asynchttpclient.netty.handler.HttpHandler -- 

Request DefaultFullHttpRequest(decodeResult: success, version: HTTP/1.1, content: EmptyByteBufBE)
GET /session/6816fae9-62fe-4961-814b-c44c7615c574/alert/text HTTP/1.1
Cache-Control: no-cache
User-Agent: selenium/4.12.0 (java windows)
Content-Type: application/json; charset=utf-8
host: localhost:37788
accept: */*

Response DefaultHttpResponse(decodeResult: success, version: HTTP/1.1)
HTTP/1.1 200 OK
content-type: application/json; charset=utf-8
cache-control: no-cache
content-length: 25
date: Sun, 28 Apr 2024 01:42:37 GMT

20:42:37.718 [AsyncHttpClient-1-5] DEBUG org.asynchttpclient.netty.channel.ChannelManager -- Adding key: http://localhost:37788 for channel [id: 0x0a4687ef, L:/127.0.0.1:56906 - R:localhost/127.0.0.1:37788]
20:42:37.718 [Forwarding acceptAlert on session 6816fae9-62fe-4961-814b-c44c7615c574 to remote] DEBUG org.asynchttpclient.netty.request.NettyRequestSender -- Using pooled Channel '[id: 0x0a4687ef, L:/127.0.0.1:56906 - R:localhost/127.0.0.1:37788]' for 'POST' to 'http://localhost:37788/session/6816fae9-62fe-4961-814b-c44c7615c574/alert/accept'
20:42:37.718 [Forwarding acceptAlert on session 6816fae9-62fe-4961-814b-c44c7615c574 to remote] DEBUG org.asynchttpclient.netty.request.NettyRequestSender -- Using open Channel [id: 0x0a4687ef, L:/127.0.0.1:56906 - R:localhost/127.0.0.1:37788] for POST '/session/6816fae9-62fe-4961-814b-c44c7615c574/alert/accept'
20:42:37.734 [AsyncHttpClient-1-5] DEBUG org.asynchttpclient.netty.handler.HttpHandler -- 

Request DefaultHttpRequest(decodeResult: success, version: HTTP/1.1)
POST /session/6816fae9-62fe-4961-814b-c44c7615c574/alert/accept HTTP/1.1
User-Agent: selenium/4.12.0 (java windows)
Content-Length: 3
Content-Type: application/json; charset=utf-8
host: localhost:37788
accept: */*

Response DefaultHttpResponse(decodeResult: success, version: HTTP/1.1)
HTTP/1.1 200 OK
content-type: application/json; charset=utf-8
cache-control: no-cache
content-length: 14
date: Sun, 28 Apr 2024 01:42:37 GMT

20:42:37.734 [AsyncHttpClient-1-5] DEBUG org.asynchttpclient.netty.channel.ChannelManager -- Adding key: http://localhost:37788 for channel [id: 0x0a4687ef, L:/127.0.0.1:56906 - R:localhost/127.0.0.1:37788]
20:42:37.738 [Forwarding getAlertText on session 6816fae9-62fe-4961-814b-c44c7615c574 to remote] DEBUG org.asynchttpclient.netty.request.NettyRequestSender -- Using pooled Channel '[id: 0x0a4687ef, L:/127.0.0.1:56906 - R:localhost/127.0.0.1:37788]' for 'GET' to 'http://localhost:37788/session/6816fae9-62fe-4961-814b-c44c7615c574/alert/text'
20:42:37.738 [Forwarding getAlertText on session 6816fae9-62fe-4961-814b-c44c7615c574 to remote] DEBUG org.asynchttpclient.netty.request.NettyRequestSender -- Using open Channel [id: 0x0a4687ef, L:/127.0.0.1:56906 - R:localhost/127.0.0.1:37788] for GET '/session/6816fae9-62fe-4961-814b-c44c7615c574/alert/text'
20:42:37.738 [AsyncHttpClient-1-5] DEBUG org.asynchttpclient.netty.handler.HttpHandler -- 

Request DefaultFullHttpRequest(decodeResult: success, version: HTTP/1.1, content: EmptyByteBufBE)
GET /session/6816fae9-62fe-4961-814b-c44c7615c574/alert/text HTTP/1.1
Cache-Control: no-cache
User-Agent: selenium/4.12.0 (java windows)
Content-Type: application/json; charset=utf-8
host: localhost:37788
accept: */*

Response DefaultHttpResponse(decodeResult: success, version: HTTP/1.1)
HTTP/1.1 404 Not Found
content-type: application/json; charset=utf-8
cache-control: no-cache
content-length: 842
date: Sun, 28 Apr 2024 01:42:37 GMT

20:42:37.738 [AsyncHttpClient-1-5] DEBUG org.asynchttpclient.netty.channel.ChannelManager -- Adding key: http://localhost:37788 for channel [id: 0x0a4687ef, L:/127.0.0.1:56906 - R:localhost/127.0.0.1:37788]
20:42:38.138 [AsyncHttpClient-1-1] DEBUG org.asynchttpclient.netty.channel.DefaultChannelPool -- Entry count for : http://localhost:37788 : 1
20:42:38.245 [Forwarding getAlertText on session 6816fae9-62fe-4961-814b-c44c7615c574 to remote] DEBUG org.asynchttpclient.netty.request.NettyRequestSender -- Using pooled Channel '[id: 0x0a4687ef, L:/127.0.0.1:56906 - R:localhost/127.0.0.1:37788]' for 'GET' to 'http://localhost:37788/session/6816fae9-62fe-4961-814b-c44c7615c574/alert/text'
20:42:38.245 [Forwarding getAlertText on session 6816fae9-62fe-4961-814b-c44c7615c574 to remote] DEBUG org.asynchttpclient.netty.request.NettyRequestSender -- Using open Channel [id: 0x0a4687ef, L:/127.0.0.1:56906 - R:localhost/127.0.0.1:37788] for GET '/session/6816fae9-62fe-4961-814b-c44c7615c574/alert/text'
20:42:38.248 [AsyncHttpClient-1-5] DEBUG org.asynchttpclient.netty.handler.HttpHandler -- 

Request DefaultFullHttpRequest(decodeResult: success, version: HTTP/1.1, content: EmptyByteBufBE)
GET /session/6816fae9-62fe-4961-814b-c44c7615c574/alert/text HTTP/1.1
Cache-Control: no-cache
User-Agent: selenium/4.12.0 (java windows)
Content-Type: application/json; charset=utf-8
host: localhost:37788
accept: */*

Response DefaultHttpResponse(decodeResult: success, version: HTTP/1.1)
HTTP/1.1 404 Not Found
content-type: application/json; charset=utf-8
cache-control: no-cache
content-length: 842
date: Sun, 28 Apr 2024 01:42:38 GMT

20:42:38.248 [AsyncHttpClient-1-5] DEBUG org.asynchttpclient.netty.channel.ChannelManager -- Adding key: http://localhost:37788 for channel [id: 0x0a4687ef, L:/127.0.0.1:56906 - R:localhost/127.0.0.1:37788]
20:42:38.251 [Forwarding getCurrentUrl on session 6816fae9-62fe-4961-814b-c44c7615c574 to remote] DEBUG org.asynchttpclient.netty.request.NettyRequestSender -- Using pooled Channel '[id: 0x0a4687ef, L:/127.0.0.1:56906 - R:localhost/127.0.0.1:37788]' for 'GET' to 'http://localhost:37788/session/6816fae9-62fe-4961-814b-c44c7615c574/url'
20:42:38.251 [Forwarding getCurrentUrl on session 6816fae9-62fe-4961-814b-c44c7615c574 to remote] DEBUG org.asynchttpclient.netty.request.NettyRequestSender -- Using open Channel [id: 0x0a4687ef, L:/127.0.0.1:56906 - R:localhost/127.0.0.1:37788] for GET '/session/6816fae9-62fe-4961-814b-c44c7615c574/url'
20:42:38.252 [AsyncHttpClient-1-5] DEBUG org.asynchttpclient.netty.handler.HttpHandler -- 

Request DefaultFullHttpRequest(decodeResult: success, version: HTTP/1.1, content: EmptyByteBufBE)
GET /session/6816fae9-62fe-4961-814b-c44c7615c574/url HTTP/1.1
Cache-Control: no-cache
User-Agent: selenium/4.12.0 (java windows)
Content-Type: application/json; charset=utf-8
host: localhost:37788
accept: */*

Response DefaultHttpResponse(decodeResult: success, version: HTTP/1.1)
HTTP/1.1 200 OK
content-type: application/json; charset=utf-8
cache-control: no-cache
content-length: 55
date: Sun, 28 Apr 2024 01:42:38 GMT

20:42:38.252 [AsyncHttpClient-1-5] DEBUG org.asynchttpclient.netty.channel.ChannelManager -- Adding key: http://localhost:37788 for channel [id: 0x0a4687ef, L:/127.0.0.1:56906 - R:localhost/127.0.0.1:37788]
20:42:38.253 [Forwarding screenshot on session 6816fae9-62fe-4961-814b-c44c7615c574 to remote] DEBUG org.asynchttpclient.netty.request.NettyRequestSender -- Using pooled Channel '[id: 0x0a4687ef, L:/127.0.0.1:56906 - R:localhost/127.0.0.1:37788]' for 'GET' to 'http://localhost:37788/session/6816fae9-62fe-4961-814b-c44c7615c574/screenshot'
20:42:38.253 [Forwarding screenshot on session 6816fae9-62fe-4961-814b-c44c7615c574 to remote] DEBUG org.asynchttpclient.netty.request.NettyRequestSender -- Using open Channel [id: 0x0a4687ef, L:/127.0.0.1:56906 - R:localhost/127.0.0.1:37788] for GET '/session/6816fae9-62fe-4961-814b-c44c7615c574/screenshot'
20:42:38.301 [AsyncHttpClient-1-5] DEBUG org.asynchttpclient.netty.handler.HttpHandler -- 

Request DefaultFullHttpRequest(decodeResult: success, version: HTTP/1.1, content: EmptyByteBufBE)
GET /session/6816fae9-62fe-4961-814b-c44c7615c574/screenshot HTTP/1.1
Cache-Control: no-cache
User-Agent: selenium/4.12.0 (java windows)
Content-Type: application/json; charset=utf-8
host: localhost:37788
accept: */*

Response DefaultHttpResponse(decodeResult: success, version: HTTP/1.1)
HTTP/1.1 200 OK
content-type: application/json; charset=utf-8
cache-control: no-cache
content-length: 407080
date: Sun, 28 Apr 2024 01:42:38 GMT

20:42:38.301 [AsyncHttpClient-1-5] DEBUG org.asynchttpclient.netty.channel.ChannelManager -- Adding key: http://localhost:37788 for channel [id: 0x0a4687ef, L:/127.0.0.1:56906 - R:localhost/127.0.0.1:37788]
20:42:38.309 [main] DEBUG net.serenitybdd.core.photography.Darkroom -- Send negative for processing for C:\Users\USUARIO\OneDrive\Documentos\02 Automatización\03 Pragma\pragma\pragma\target\site\serenity\f74ddf072b6890129e037efa382483a6a142be8917edc525a17bfd3f6fc31f63.png
20:42:38.309 [Darkroom Processing Line] DEBUG net.serenitybdd.core.photography.DarkroomProcessingLine -- Processing screenshot image in /var/screenshots/screenshot-10169044520801021530
20:42:38.309 [Darkroom Processing Line] DEBUG net.serenitybdd.core.photography.DarkroomProcessingLine -- Saving screenshot to C:\Users\USUARIO\OneDrive\Documentos\02 Automatización\03 Pragma\pragma\pragma\target\site\serenity\f74ddf072b6890129e037efa382483a6a142be8917edc525a17bfd3f6fc31f63.png
20:42:39.237 [AsyncHttpClient-1-1] DEBUG org.asynchttpclient.netty.channel.DefaultChannelPool -- Entry count for : http://localhost:37788 : 1
20:42:39.315 [main] DEBUG net.thucydides.core.steps.StepInterceptor -- STEP DONE: agregoElProductoAlCarritoDeCompra
20:42:39.322 [Forwarding getAlertText on session 6816fae9-62fe-4961-814b-c44c7615c574 to remote] DEBUG org.asynchttpclient.netty.request.NettyRequestSender -- Using pooled Channel '[id: 0x0a4687ef, L:/127.0.0.1:56906 - R:localhost/127.0.0.1:37788]' for 'GET' to 'http://localhost:37788/session/6816fae9-62fe-4961-814b-c44c7615c574/alert/text'
20:42:39.322 [Forwarding getAlertText on session 6816fae9-62fe-4961-814b-c44c7615c574 to remote] DEBUG org.asynchttpclient.netty.request.NettyRequestSender -- Using open Channel [id: 0x0a4687ef, L:/127.0.0.1:56906 - R:localhost/127.0.0.1:37788] for GET '/session/6816fae9-62fe-4961-814b-c44c7615c574/alert/text'
20:42:39.325 [AsyncHttpClient-1-5] DEBUG org.asynchttpclient.netty.handler.HttpHandler -- 

Request DefaultFullHttpRequest(decodeResult: success, version: HTTP/1.1, content: EmptyByteBufBE)
GET /session/6816fae9-62fe-4961-814b-c44c7615c574/alert/text HTTP/1.1
Cache-Control: no-cache
User-Agent: selenium/4.12.0 (java windows)
Content-Type: application/json; charset=utf-8
host: localhost:37788
accept: */*

Response DefaultHttpResponse(decodeResult: success, version: HTTP/1.1)
HTTP/1.1 404 Not Found
content-type: application/json; charset=utf-8
cache-control: no-cache
content-length: 842
date: Sun, 28 Apr 2024 01:42:39 GMT

20:42:39.325 [AsyncHttpClient-1-5] DEBUG org.asynchttpclient.netty.channel.ChannelManager -- Adding key: http://localhost:37788 for channel [id: 0x0a4687ef, L:/127.0.0.1:56906 - R:localhost/127.0.0.1:37788]
20:42:39.326 [Forwarding getCurrentUrl on session 6816fae9-62fe-4961-814b-c44c7615c574 to remote] DEBUG org.asynchttpclient.netty.request.NettyRequestSender -- Using pooled Channel '[id: 0x0a4687ef, L:/127.0.0.1:56906 - R:localhost/127.0.0.1:37788]' for 'GET' to 'http://localhost:37788/session/6816fae9-62fe-4961-814b-c44c7615c574/url'
20:42:39.327 [Forwarding getCurrentUrl on session 6816fae9-62fe-4961-814b-c44c7615c574 to remote] DEBUG org.asynchttpclient.netty.request.NettyRequestSender -- Using open Channel [id: 0x0a4687ef, L:/127.0.0.1:56906 - R:localhost/127.0.0.1:37788] for GET '/session/6816fae9-62fe-4961-814b-c44c7615c574/url'
20:42:39.328 [AsyncHttpClient-1-5] DEBUG org.asynchttpclient.netty.handler.HttpHandler -- 

Request DefaultFullHttpRequest(decodeResult: success, version: HTTP/1.1, content: EmptyByteBufBE)
GET /session/6816fae9-62fe-4961-814b-c44c7615c574/url HTTP/1.1
Cache-Control: no-cache
User-Agent: selenium/4.12.0 (java windows)
Content-Type: application/json; charset=utf-8
host: localhost:37788
accept: */*

Response DefaultHttpResponse(decodeResult: success, version: HTTP/1.1)
HTTP/1.1 200 OK
content-type: application/json; charset=utf-8
cache-control: no-cache
content-length: 55
date: Sun, 28 Apr 2024 01:42:39 GMT

20:42:39.329 [AsyncHttpClient-1-5] DEBUG org.asynchttpclient.netty.channel.ChannelManager -- Adding key: http://localhost:37788 for channel [id: 0x0a4687ef, L:/127.0.0.1:56906 - R:localhost/127.0.0.1:37788]
20:42:39.329 [Forwarding screenshot on session 6816fae9-62fe-4961-814b-c44c7615c574 to remote] DEBUG org.asynchttpclient.netty.request.NettyRequestSender -- Using pooled Channel '[id: 0x0a4687ef, L:/127.0.0.1:56906 - R:localhost/127.0.0.1:37788]' for 'GET' to 'http://localhost:37788/session/6816fae9-62fe-4961-814b-c44c7615c574/screenshot'
20:42:39.330 [Forwarding screenshot on session 6816fae9-62fe-4961-814b-c44c7615c574 to remote] DEBUG org.asynchttpclient.netty.request.NettyRequestSender -- Using open Channel [id: 0x0a4687ef, L:/127.0.0.1:56906 - R:localhost/127.0.0.1:37788] for GET '/session/6816fae9-62fe-4961-814b-c44c7615c574/screenshot'
20:42:39.378 [AsyncHttpClient-1-5] DEBUG org.asynchttpclient.netty.handler.HttpHandler -- 

Request DefaultFullHttpRequest(decodeResult: success, version: HTTP/1.1, content: EmptyByteBufBE)
GET /session/6816fae9-62fe-4961-814b-c44c7615c574/screenshot HTTP/1.1
Cache-Control: no-cache
User-Agent: selenium/4.12.0 (java windows)
Content-Type: application/json; charset=utf-8
host: localhost:37788
accept: */*

Response DefaultHttpResponse(decodeResult: success, version: HTTP/1.1)
HTTP/1.1 200 OK
content-type: application/json; charset=utf-8
cache-control: no-cache
content-length: 407080
date: Sun, 28 Apr 2024 01:42:39 GMT

20:42:39.378 [AsyncHttpClient-1-5] DEBUG org.asynchttpclient.netty.channel.ChannelManager -- Adding key: http://localhost:37788 for channel [id: 0x0a4687ef, L:/127.0.0.1:56906 - R:localhost/127.0.0.1:37788]
20:42:39.386 [main] DEBUG net.serenitybdd.core.photography.Darkroom -- Send negative for processing for C:\Users\USUARIO\OneDrive\Documentos\02 Automatización\03 Pragma\pragma\pragma\target\site\serenity\f74ddf072b6890129e037efa382483a6a142be8917edc525a17bfd3f6fc31f63.png
20:42:40.337 [AsyncHttpClient-1-1] DEBUG org.asynchttpclient.netty.channel.DefaultChannelPool -- Entry count for : http://localhost:37788 : 1
20:42:40.402 [main] DEBUG net.thucydides.core.steps.StepInterceptor -- STARTING STEP: StepInterceptor.testContext - regresoAlHomePage
20:42:40.406 [Forwarding findElement on session 6816fae9-62fe-4961-814b-c44c7615c574 to remote] DEBUG org.asynchttpclient.netty.request.NettyRequestSender -- Using pooled Channel '[id: 0x0a4687ef, L:/127.0.0.1:56906 - R:localhost/127.0.0.1:37788]' for 'POST' to 'http://localhost:37788/session/6816fae9-62fe-4961-814b-c44c7615c574/element'
20:42:40.406 [Forwarding findElement on session 6816fae9-62fe-4961-814b-c44c7615c574 to remote] DEBUG org.asynchttpclient.netty.request.NettyRequestSender -- Using open Channel [id: 0x0a4687ef, L:/127.0.0.1:56906 - R:localhost/127.0.0.1:37788] for POST '/session/6816fae9-62fe-4961-814b-c44c7615c574/element'
20:42:40.406 [AsyncHttpClient-1-5] DEBUG org.asynchttpclient.netty.handler.HttpHandler -- 

Request DefaultHttpRequest(decodeResult: success, version: HTTP/1.1)
POST /session/6816fae9-62fe-4961-814b-c44c7615c574/element HTTP/1.1
User-Agent: selenium/4.12.0 (java windows)
Content-Length: 75
Content-Type: application/json; charset=utf-8
host: localhost:37788
accept: */*

Response DefaultHttpResponse(decodeResult: success, version: HTTP/1.1)
HTTP/1.1 200 OK
content-type: application/json; charset=utf-8
cache-control: no-cache
content-length: 88
date: Sun, 28 Apr 2024 01:42:40 GMT

20:42:40.406 [AsyncHttpClient-1-5] DEBUG org.asynchttpclient.netty.channel.ChannelManager -- Adding key: http://localhost:37788 for channel [id: 0x0a4687ef, L:/127.0.0.1:56906 - R:localhost/127.0.0.1:37788]
20:42:40.410 [Forwarding getElementTagName on session 6816fae9-62fe-4961-814b-c44c7615c574 to remote] DEBUG org.asynchttpclient.netty.request.NettyRequestSender -- Using pooled Channel '[id: 0x0a4687ef, L:/127.0.0.1:56906 - R:localhost/127.0.0.1:37788]' for 'GET' to 'http://localhost:37788/session/6816fae9-62fe-4961-814b-c44c7615c574/element/36cd397a-c158-4857-97bf-881b8a4bf85c/name'
20:42:40.410 [Forwarding getElementTagName on session 6816fae9-62fe-4961-814b-c44c7615c574 to remote] DEBUG org.asynchttpclient.netty.request.NettyRequestSender -- Using open Channel [id: 0x0a4687ef, L:/127.0.0.1:56906 - R:localhost/127.0.0.1:37788] for GET '/session/6816fae9-62fe-4961-814b-c44c7615c574/element/36cd397a-c158-4857-97bf-881b8a4bf85c/name'
20:42:40.411 [AsyncHttpClient-1-5] DEBUG org.asynchttpclient.netty.handler.HttpHandler -- 

Request DefaultFullHttpRequest(decodeResult: success, version: HTTP/1.1, content: EmptyByteBufBE)
GET /session/6816fae9-62fe-4961-814b-c44c7615c574/element/36cd397a-c158-4857-97bf-881b8a4bf85c/name HTTP/1.1
Cache-Control: no-cache
User-Agent: selenium/4.12.0 (java windows)
Content-Type: application/json; charset=utf-8
host: localhost:37788
accept: */*

Response DefaultHttpResponse(decodeResult: success, version: HTTP/1.1)
HTTP/1.1 200 OK
content-type: application/json; charset=utf-8
cache-control: no-cache
content-length: 13
date: Sun, 28 Apr 2024 01:42:40 GMT

20:42:40.411 [AsyncHttpClient-1-5] DEBUG org.asynchttpclient.netty.channel.ChannelManager -- Adding key: http://localhost:37788 for channel [id: 0x0a4687ef, L:/127.0.0.1:56906 - R:localhost/127.0.0.1:37788]
20:42:40.412 [Forwarding getElementTagName on session 6816fae9-62fe-4961-814b-c44c7615c574 to remote] DEBUG org.asynchttpclient.netty.request.NettyRequestSender -- Using pooled Channel '[id: 0x0a4687ef, L:/127.0.0.1:56906 - R:localhost/127.0.0.1:37788]' for 'GET' to 'http://localhost:37788/session/6816fae9-62fe-4961-814b-c44c7615c574/element/36cd397a-c158-4857-97bf-881b8a4bf85c/name'
20:42:40.412 [Forwarding getElementTagName on session 6816fae9-62fe-4961-814b-c44c7615c574 to remote] DEBUG org.asynchttpclient.netty.request.NettyRequestSender -- Using open Channel [id: 0x0a4687ef, L:/127.0.0.1:56906 - R:localhost/127.0.0.1:37788] for GET '/session/6816fae9-62fe-4961-814b-c44c7615c574/element/36cd397a-c158-4857-97bf-881b8a4bf85c/name'
20:42:40.413 [AsyncHttpClient-1-5] DEBUG org.asynchttpclient.netty.handler.HttpHandler -- 

Request DefaultFullHttpRequest(decodeResult: success, version: HTTP/1.1, content: EmptyByteBufBE)
GET /session/6816fae9-62fe-4961-814b-c44c7615c574/element/36cd397a-c158-4857-97bf-881b8a4bf85c/name HTTP/1.1
Cache-Control: no-cache
User-Agent: selenium/4.12.0 (java windows)
Content-Type: application/json; charset=utf-8
host: localhost:37788
accept: */*

Response DefaultHttpResponse(decodeResult: success, version: HTTP/1.1)
HTTP/1.1 200 OK
content-type: application/json; charset=utf-8
cache-control: no-cache
content-length: 13
date: Sun, 28 Apr 2024 01:42:40 GMT

20:42:40.413 [AsyncHttpClient-1-5] DEBUG org.asynchttpclient.netty.channel.ChannelManager -- Adding key: http://localhost:37788 for channel [id: 0x0a4687ef, L:/127.0.0.1:56906 - R:localhost/127.0.0.1:37788]
20:42:40.413 [Forwarding findElement on session 6816fae9-62fe-4961-814b-c44c7615c574 to remote] DEBUG org.asynchttpclient.netty.request.NettyRequestSender -- Using pooled Channel '[id: 0x0a4687ef, L:/127.0.0.1:56906 - R:localhost/127.0.0.1:37788]' for 'POST' to 'http://localhost:37788/session/6816fae9-62fe-4961-814b-c44c7615c574/element'
20:42:40.413 [Forwarding findElement on session 6816fae9-62fe-4961-814b-c44c7615c574 to remote] DEBUG org.asynchttpclient.netty.request.NettyRequestSender -- Using open Channel [id: 0x0a4687ef, L:/127.0.0.1:56906 - R:localhost/127.0.0.1:37788] for POST '/session/6816fae9-62fe-4961-814b-c44c7615c574/element'
20:42:40.414 [AsyncHttpClient-1-5] DEBUG org.asynchttpclient.netty.handler.HttpHandler -- 

Request DefaultHttpRequest(decodeResult: success, version: HTTP/1.1)
POST /session/6816fae9-62fe-4961-814b-c44c7615c574/element HTTP/1.1
User-Agent: selenium/4.12.0 (java windows)
Content-Length: 75
Content-Type: application/json; charset=utf-8
host: localhost:37788
accept: */*

Response DefaultHttpResponse(decodeResult: success, version: HTTP/1.1)
HTTP/1.1 200 OK
content-type: application/json; charset=utf-8
cache-control: no-cache
content-length: 88
date: Sun, 28 Apr 2024 01:42:40 GMT

20:42:40.414 [AsyncHttpClient-1-5] DEBUG org.asynchttpclient.netty.channel.ChannelManager -- Adding key: http://localhost:37788 for channel [id: 0x0a4687ef, L:/127.0.0.1:56906 - R:localhost/127.0.0.1:37788]
20:42:40.414 [Forwarding clickElement on session 6816fae9-62fe-4961-814b-c44c7615c574 to remote] DEBUG org.asynchttpclient.netty.request.NettyRequestSender -- Using pooled Channel '[id: 0x0a4687ef, L:/127.0.0.1:56906 - R:localhost/127.0.0.1:37788]' for 'POST' to 'http://localhost:37788/session/6816fae9-62fe-4961-814b-c44c7615c574/element/36cd397a-c158-4857-97bf-881b8a4bf85c/click'
20:42:40.414 [Forwarding clickElement on session 6816fae9-62fe-4961-814b-c44c7615c574 to remote] DEBUG org.asynchttpclient.netty.request.NettyRequestSender -- Using open Channel [id: 0x0a4687ef, L:/127.0.0.1:56906 - R:localhost/127.0.0.1:37788] for POST '/session/6816fae9-62fe-4961-814b-c44c7615c574/element/36cd397a-c158-4857-97bf-881b8a4bf85c/click'
20:42:40.709 [AsyncHttpClient-1-5] DEBUG org.asynchttpclient.netty.handler.HttpHandler -- 

Request DefaultHttpRequest(decodeResult: success, version: HTTP/1.1)
POST /session/6816fae9-62fe-4961-814b-c44c7615c574/element/36cd397a-c158-4857-97bf-881b8a4bf85c/click HTTP/1.1
User-Agent: selenium/4.12.0 (java windows)
Content-Length: 50
Content-Type: application/json; charset=utf-8
host: localhost:37788
accept: */*

Response DefaultHttpResponse(decodeResult: success, version: HTTP/1.1)
HTTP/1.1 200 OK
content-type: application/json; charset=utf-8
cache-control: no-cache
content-length: 14
date: Sun, 28 Apr 2024 01:42:40 GMT

20:42:40.709 [AsyncHttpClient-1-5] DEBUG org.asynchttpclient.netty.channel.ChannelManager -- Adding key: http://localhost:37788 for channel [id: 0x0a4687ef, L:/127.0.0.1:56906 - R:localhost/127.0.0.1:37788]
20:42:40.713 [Forwarding getAlertText on session 6816fae9-62fe-4961-814b-c44c7615c574 to remote] DEBUG org.asynchttpclient.netty.request.NettyRequestSender -- Using pooled Channel '[id: 0x0a4687ef, L:/127.0.0.1:56906 - R:localhost/127.0.0.1:37788]' for 'GET' to 'http://localhost:37788/session/6816fae9-62fe-4961-814b-c44c7615c574/alert/text'
20:42:40.713 [Forwarding getAlertText on session 6816fae9-62fe-4961-814b-c44c7615c574 to remote] DEBUG org.asynchttpclient.netty.request.NettyRequestSender -- Using open Channel [id: 0x0a4687ef, L:/127.0.0.1:56906 - R:localhost/127.0.0.1:37788] for GET '/session/6816fae9-62fe-4961-814b-c44c7615c574/alert/text'
20:42:40.713 [AsyncHttpClient-1-5] DEBUG org.asynchttpclient.netty.handler.HttpHandler -- 

Request DefaultFullHttpRequest(decodeResult: success, version: HTTP/1.1, content: EmptyByteBufBE)
GET /session/6816fae9-62fe-4961-814b-c44c7615c574/alert/text HTTP/1.1
Cache-Control: no-cache
User-Agent: selenium/4.12.0 (java windows)
Content-Type: application/json; charset=utf-8
host: localhost:37788
accept: */*

Response DefaultHttpResponse(decodeResult: success, version: HTTP/1.1)
HTTP/1.1 404 Not Found
content-type: application/json; charset=utf-8
cache-control: no-cache
content-length: 842
date: Sun, 28 Apr 2024 01:42:40 GMT

20:42:40.713 [AsyncHttpClient-1-5] DEBUG org.asynchttpclient.netty.channel.ChannelManager -- Adding key: http://localhost:37788 for channel [id: 0x0a4687ef, L:/127.0.0.1:56906 - R:localhost/127.0.0.1:37788]
20:42:41.222 [Forwarding getAlertText on session 6816fae9-62fe-4961-814b-c44c7615c574 to remote] DEBUG org.asynchttpclient.netty.request.NettyRequestSender -- Using pooled Channel '[id: 0x0a4687ef, L:/127.0.0.1:56906 - R:localhost/127.0.0.1:37788]' for 'GET' to 'http://localhost:37788/session/6816fae9-62fe-4961-814b-c44c7615c574/alert/text'
20:42:41.222 [Forwarding getAlertText on session 6816fae9-62fe-4961-814b-c44c7615c574 to remote] DEBUG org.asynchttpclient.netty.request.NettyRequestSender -- Using open Channel [id: 0x0a4687ef, L:/127.0.0.1:56906 - R:localhost/127.0.0.1:37788] for GET '/session/6816fae9-62fe-4961-814b-c44c7615c574/alert/text'
20:42:41.225 [AsyncHttpClient-1-5] DEBUG org.asynchttpclient.netty.handler.HttpHandler -- 

Request DefaultFullHttpRequest(decodeResult: success, version: HTTP/1.1, content: EmptyByteBufBE)
GET /session/6816fae9-62fe-4961-814b-c44c7615c574/alert/text HTTP/1.1
Cache-Control: no-cache
User-Agent: selenium/4.12.0 (java windows)
Content-Type: application/json; charset=utf-8
host: localhost:37788
accept: */*

Response DefaultHttpResponse(decodeResult: success, version: HTTP/1.1)
HTTP/1.1 404 Not Found
content-type: application/json; charset=utf-8
cache-control: no-cache
content-length: 842
date: Sun, 28 Apr 2024 01:42:40 GMT

20:42:41.225 [AsyncHttpClient-1-5] DEBUG org.asynchttpclient.netty.channel.ChannelManager -- Adding key: http://localhost:37788 for channel [id: 0x0a4687ef, L:/127.0.0.1:56906 - R:localhost/127.0.0.1:37788]
20:42:41.225 [Forwarding getCurrentUrl on session 6816fae9-62fe-4961-814b-c44c7615c574 to remote] DEBUG org.asynchttpclient.netty.request.NettyRequestSender -- Using pooled Channel '[id: 0x0a4687ef, L:/127.0.0.1:56906 - R:localhost/127.0.0.1:37788]' for 'GET' to 'http://localhost:37788/session/6816fae9-62fe-4961-814b-c44c7615c574/url'
20:42:41.225 [Forwarding getCurrentUrl on session 6816fae9-62fe-4961-814b-c44c7615c574 to remote] DEBUG org.asynchttpclient.netty.request.NettyRequestSender -- Using open Channel [id: 0x0a4687ef, L:/127.0.0.1:56906 - R:localhost/127.0.0.1:37788] for GET '/session/6816fae9-62fe-4961-814b-c44c7615c574/url'
20:42:41.225 [AsyncHttpClient-1-5] DEBUG org.asynchttpclient.netty.handler.HttpHandler -- 

Request DefaultFullHttpRequest(decodeResult: success, version: HTTP/1.1, content: EmptyByteBufBE)
GET /session/6816fae9-62fe-4961-814b-c44c7615c574/url HTTP/1.1
Cache-Control: no-cache
User-Agent: selenium/4.12.0 (java windows)
Content-Type: application/json; charset=utf-8
host: localhost:37788
accept: */*

Response DefaultHttpResponse(decodeResult: success, version: HTTP/1.1)
HTTP/1.1 200 OK
content-type: application/json; charset=utf-8
cache-control: no-cache
content-length: 48
date: Sun, 28 Apr 2024 01:42:40 GMT

20:42:41.229 [AsyncHttpClient-1-5] DEBUG org.asynchttpclient.netty.channel.ChannelManager -- Adding key: http://localhost:37788 for channel [id: 0x0a4687ef, L:/127.0.0.1:56906 - R:localhost/127.0.0.1:37788]
20:42:41.229 [Forwarding screenshot on session 6816fae9-62fe-4961-814b-c44c7615c574 to remote] DEBUG org.asynchttpclient.netty.request.NettyRequestSender -- Using pooled Channel '[id: 0x0a4687ef, L:/127.0.0.1:56906 - R:localhost/127.0.0.1:37788]' for 'GET' to 'http://localhost:37788/session/6816fae9-62fe-4961-814b-c44c7615c574/screenshot'
20:42:41.229 [Forwarding screenshot on session 6816fae9-62fe-4961-814b-c44c7615c574 to remote] DEBUG org.asynchttpclient.netty.request.NettyRequestSender -- Using open Channel [id: 0x0a4687ef, L:/127.0.0.1:56906 - R:localhost/127.0.0.1:37788] for GET '/session/6816fae9-62fe-4961-814b-c44c7615c574/screenshot'
20:42:41.294 [AsyncHttpClient-1-5] DEBUG org.asynchttpclient.netty.handler.HttpHandler -- 

Request DefaultFullHttpRequest(decodeResult: success, version: HTTP/1.1, content: EmptyByteBufBE)
GET /session/6816fae9-62fe-4961-814b-c44c7615c574/screenshot HTTP/1.1
Cache-Control: no-cache
User-Agent: selenium/4.12.0 (java windows)
Content-Type: application/json; charset=utf-8
host: localhost:37788
accept: */*

Response DefaultHttpResponse(decodeResult: success, version: HTTP/1.1)
HTTP/1.1 200 OK
content-type: application/json; charset=utf-8
cache-control: no-cache
content-length: 800340
date: Sun, 28 Apr 2024 01:42:40 GMT

20:42:41.298 [AsyncHttpClient-1-5] DEBUG org.asynchttpclient.netty.channel.ChannelManager -- Adding key: http://localhost:37788 for channel [id: 0x0a4687ef, L:/127.0.0.1:56906 - R:localhost/127.0.0.1:37788]
20:42:41.302 [main] DEBUG net.serenitybdd.core.photography.Darkroom -- Send negative for processing for C:\Users\USUARIO\OneDrive\Documentos\02 Automatización\03 Pragma\pragma\pragma\target\site\serenity\c6d2d59253a3c52d8b8db4ad723f6da73641757028d146bd6c52f7f99c9aebe9.png
20:42:41.434 [AsyncHttpClient-1-1] DEBUG org.asynchttpclient.netty.channel.DefaultChannelPool -- Entry count for : http://localhost:37788 : 1
20:42:42.320 [main] DEBUG net.thucydides.core.steps.StepInterceptor -- STEP DONE: regresoAlHomePage
20:42:42.321 [Forwarding getAlertText on session 6816fae9-62fe-4961-814b-c44c7615c574 to remote] DEBUG org.asynchttpclient.netty.request.NettyRequestSender -- Using pooled Channel '[id: 0x0a4687ef, L:/127.0.0.1:56906 - R:localhost/127.0.0.1:37788]' for 'GET' to 'http://localhost:37788/session/6816fae9-62fe-4961-814b-c44c7615c574/alert/text'
20:42:42.321 [Forwarding getAlertText on session 6816fae9-62fe-4961-814b-c44c7615c574 to remote] DEBUG org.asynchttpclient.netty.request.NettyRequestSender -- Using open Channel [id: 0x0a4687ef, L:/127.0.0.1:56906 - R:localhost/127.0.0.1:37788] for GET '/session/6816fae9-62fe-4961-814b-c44c7615c574/alert/text'
20:42:42.321 [AsyncHttpClient-1-5] DEBUG org.asynchttpclient.netty.handler.HttpHandler -- 

Request DefaultFullHttpRequest(decodeResult: success, version: HTTP/1.1, content: EmptyByteBufBE)
GET /session/6816fae9-62fe-4961-814b-c44c7615c574/alert/text HTTP/1.1
Cache-Control: no-cache
User-Agent: selenium/4.12.0 (java windows)
Content-Type: application/json; charset=utf-8
host: localhost:37788
accept: */*

Response DefaultHttpResponse(decodeResult: success, version: HTTP/1.1)
HTTP/1.1 404 Not Found
content-type: application/json; charset=utf-8
cache-control: no-cache
content-length: 842
date: Sun, 28 Apr 2024 01:42:42 GMT

20:42:42.321 [AsyncHttpClient-1-5] DEBUG org.asynchttpclient.netty.channel.ChannelManager -- Adding key: http://localhost:37788 for channel [id: 0x0a4687ef, L:/127.0.0.1:56906 - R:localhost/127.0.0.1:37788]
20:42:42.531 [AsyncHttpClient-1-1] DEBUG org.asynchttpclient.netty.channel.DefaultChannelPool -- Entry count for : http://localhost:37788 : 1
20:42:42.832 [Forwarding getAlertText on session 6816fae9-62fe-4961-814b-c44c7615c574 to remote] DEBUG org.asynchttpclient.netty.request.NettyRequestSender -- Using pooled Channel '[id: 0x0a4687ef, L:/127.0.0.1:56906 - R:localhost/127.0.0.1:37788]' for 'GET' to 'http://localhost:37788/session/6816fae9-62fe-4961-814b-c44c7615c574/alert/text'
20:42:42.832 [Forwarding getAlertText on session 6816fae9-62fe-4961-814b-c44c7615c574 to remote] DEBUG org.asynchttpclient.netty.request.NettyRequestSender -- Using open Channel [id: 0x0a4687ef, L:/127.0.0.1:56906 - R:localhost/127.0.0.1:37788] for GET '/session/6816fae9-62fe-4961-814b-c44c7615c574/alert/text'
20:42:42.834 [AsyncHttpClient-1-5] DEBUG org.asynchttpclient.netty.handler.HttpHandler -- 

Request DefaultFullHttpRequest(decodeResult: success, version: HTTP/1.1, content: EmptyByteBufBE)
GET /session/6816fae9-62fe-4961-814b-c44c7615c574/alert/text HTTP/1.1
Cache-Control: no-cache
User-Agent: selenium/4.12.0 (java windows)
Content-Type: application/json; charset=utf-8
host: localhost:37788
accept: */*

Response DefaultHttpResponse(decodeResult: success, version: HTTP/1.1)
HTTP/1.1 404 Not Found
content-type: application/json; charset=utf-8
cache-control: no-cache
content-length: 842
date: Sun, 28 Apr 2024 01:42:42 GMT

20:42:42.834 [AsyncHttpClient-1-5] DEBUG org.asynchttpclient.netty.channel.ChannelManager -- Adding key: http://localhost:37788 for channel [id: 0x0a4687ef, L:/127.0.0.1:56906 - R:localhost/127.0.0.1:37788]
20:42:42.835 [Forwarding getCurrentUrl on session 6816fae9-62fe-4961-814b-c44c7615c574 to remote] DEBUG org.asynchttpclient.netty.request.NettyRequestSender -- Using pooled Channel '[id: 0x0a4687ef, L:/127.0.0.1:56906 - R:localhost/127.0.0.1:37788]' for 'GET' to 'http://localhost:37788/session/6816fae9-62fe-4961-814b-c44c7615c574/url'
20:42:42.835 [Forwarding getCurrentUrl on session 6816fae9-62fe-4961-814b-c44c7615c574 to remote] DEBUG org.asynchttpclient.netty.request.NettyRequestSender -- Using open Channel [id: 0x0a4687ef, L:/127.0.0.1:56906 - R:localhost/127.0.0.1:37788] for GET '/session/6816fae9-62fe-4961-814b-c44c7615c574/url'
20:42:42.836 [AsyncHttpClient-1-5] DEBUG org.asynchttpclient.netty.handler.HttpHandler -- 

Request DefaultFullHttpRequest(decodeResult: success, version: HTTP/1.1, content: EmptyByteBufBE)
GET /session/6816fae9-62fe-4961-814b-c44c7615c574/url HTTP/1.1
Cache-Control: no-cache
User-Agent: selenium/4.12.0 (java windows)
Content-Type: application/json; charset=utf-8
host: localhost:37788
accept: */*

Response DefaultHttpResponse(decodeResult: success, version: HTTP/1.1)
HTTP/1.1 200 OK
content-type: application/json; charset=utf-8
cache-control: no-cache
content-length: 48
date: Sun, 28 Apr 2024 01:42:42 GMT

20:42:42.836 [AsyncHttpClient-1-5] DEBUG org.asynchttpclient.netty.channel.ChannelManager -- Adding key: http://localhost:37788 for channel [id: 0x0a4687ef, L:/127.0.0.1:56906 - R:localhost/127.0.0.1:37788]
20:42:42.836 [Forwarding screenshot on session 6816fae9-62fe-4961-814b-c44c7615c574 to remote] DEBUG org.asynchttpclient.netty.request.NettyRequestSender -- Using pooled Channel '[id: 0x0a4687ef, L:/127.0.0.1:56906 - R:localhost/127.0.0.1:37788]' for 'GET' to 'http://localhost:37788/session/6816fae9-62fe-4961-814b-c44c7615c574/screenshot'
20:42:42.836 [Forwarding screenshot on session 6816fae9-62fe-4961-814b-c44c7615c574 to remote] DEBUG org.asynchttpclient.netty.request.NettyRequestSender -- Using open Channel [id: 0x0a4687ef, L:/127.0.0.1:56906 - R:localhost/127.0.0.1:37788] for GET '/session/6816fae9-62fe-4961-814b-c44c7615c574/screenshot'
20:42:42.909 [AsyncHttpClient-1-5] DEBUG org.asynchttpclient.netty.handler.HttpHandler -- 

Request DefaultFullHttpRequest(decodeResult: success, version: HTTP/1.1, content: EmptyByteBufBE)
GET /session/6816fae9-62fe-4961-814b-c44c7615c574/screenshot HTTP/1.1
Cache-Control: no-cache
User-Agent: selenium/4.12.0 (java windows)
Content-Type: application/json; charset=utf-8
host: localhost:37788
accept: */*

Response DefaultHttpResponse(decodeResult: success, version: HTTP/1.1)
HTTP/1.1 200 OK
content-type: application/json; charset=utf-8
cache-control: no-cache
content-length: 800340
date: Sun, 28 Apr 2024 01:42:42 GMT

20:42:42.909 [AsyncHttpClient-1-5] DEBUG org.asynchttpclient.netty.channel.ChannelManager -- Adding key: http://localhost:37788 for channel [id: 0x0a4687ef, L:/127.0.0.1:56906 - R:localhost/127.0.0.1:37788]
20:42:42.919 [main] DEBUG net.serenitybdd.core.photography.Darkroom -- Send negative for processing for C:\Users\USUARIO\OneDrive\Documentos\02 Automatización\03 Pragma\pragma\pragma\target\site\serenity\c6d2d59253a3c52d8b8db4ad723f6da73641757028d146bd6c52f7f99c9aebe9.png
20:42:43.631 [AsyncHttpClient-1-1] DEBUG org.asynchttpclient.netty.channel.DefaultChannelPool -- Entry count for : http://localhost:37788 : 1
20:42:43.941 [main] DEBUG net.thucydides.core.steps.StepInterceptor -- STARTING STEP: StepInterceptor.testContext - ingresoACategoria
20:42:43.941 [Forwarding findElement on session 6816fae9-62fe-4961-814b-c44c7615c574 to remote] DEBUG org.asynchttpclient.netty.request.NettyRequestSender -- Using pooled Channel '[id: 0x0a4687ef, L:/127.0.0.1:56906 - R:localhost/127.0.0.1:37788]' for 'POST' to 'http://localhost:37788/session/6816fae9-62fe-4961-814b-c44c7615c574/element'
20:42:43.941 [Forwarding findElement on session 6816fae9-62fe-4961-814b-c44c7615c574 to remote] DEBUG org.asynchttpclient.netty.request.NettyRequestSender -- Using open Channel [id: 0x0a4687ef, L:/127.0.0.1:56906 - R:localhost/127.0.0.1:37788] for POST '/session/6816fae9-62fe-4961-814b-c44c7615c574/element'
20:42:43.946 [AsyncHttpClient-1-5] DEBUG org.asynchttpclient.netty.handler.HttpHandler -- 

Request DefaultHttpRequest(decodeResult: success, version: HTTP/1.1)
POST /session/6816fae9-62fe-4961-814b-c44c7615c574/element HTTP/1.1
User-Agent: selenium/4.12.0 (java windows)
Content-Length: 79
Content-Type: application/json; charset=utf-8
host: localhost:37788
accept: */*

Response DefaultHttpResponse(decodeResult: success, version: HTTP/1.1)
HTTP/1.1 200 OK
content-type: application/json; charset=utf-8
cache-control: no-cache
content-length: 88
date: Sun, 28 Apr 2024 01:42:43 GMT

20:42:43.946 [AsyncHttpClient-1-5] DEBUG org.asynchttpclient.netty.channel.ChannelManager -- Adding key: http://localhost:37788 for channel [id: 0x0a4687ef, L:/127.0.0.1:56906 - R:localhost/127.0.0.1:37788]
20:42:43.949 [Forwarding getElementTagName on session 6816fae9-62fe-4961-814b-c44c7615c574 to remote] DEBUG org.asynchttpclient.netty.request.NettyRequestSender -- Using pooled Channel '[id: 0x0a4687ef, L:/127.0.0.1:56906 - R:localhost/127.0.0.1:37788]' for 'GET' to 'http://localhost:37788/session/6816fae9-62fe-4961-814b-c44c7615c574/element/282522c9-c1b2-4e74-87a4-c508b437f6fd/name'
20:42:43.949 [Forwarding getElementTagName on session 6816fae9-62fe-4961-814b-c44c7615c574 to remote] DEBUG org.asynchttpclient.netty.request.NettyRequestSender -- Using open Channel [id: 0x0a4687ef, L:/127.0.0.1:56906 - R:localhost/127.0.0.1:37788] for GET '/session/6816fae9-62fe-4961-814b-c44c7615c574/element/282522c9-c1b2-4e74-87a4-c508b437f6fd/name'
20:42:43.951 [AsyncHttpClient-1-5] DEBUG org.asynchttpclient.netty.handler.HttpHandler -- 

Request DefaultFullHttpRequest(decodeResult: success, version: HTTP/1.1, content: EmptyByteBufBE)
GET /session/6816fae9-62fe-4961-814b-c44c7615c574/element/282522c9-c1b2-4e74-87a4-c508b437f6fd/name HTTP/1.1
Cache-Control: no-cache
User-Agent: selenium/4.12.0 (java windows)
Content-Type: application/json; charset=utf-8
host: localhost:37788
accept: */*

Response DefaultHttpResponse(decodeResult: success, version: HTTP/1.1)
HTTP/1.1 200 OK
content-type: application/json; charset=utf-8
cache-control: no-cache
content-length: 13
date: Sun, 28 Apr 2024 01:42:43 GMT

20:42:43.951 [AsyncHttpClient-1-5] DEBUG org.asynchttpclient.netty.channel.ChannelManager -- Adding key: http://localhost:37788 for channel [id: 0x0a4687ef, L:/127.0.0.1:56906 - R:localhost/127.0.0.1:37788]
20:42:43.951 [Forwarding getElementTagName on session 6816fae9-62fe-4961-814b-c44c7615c574 to remote] DEBUG org.asynchttpclient.netty.request.NettyRequestSender -- Using pooled Channel '[id: 0x0a4687ef, L:/127.0.0.1:56906 - R:localhost/127.0.0.1:37788]' for 'GET' to 'http://localhost:37788/session/6816fae9-62fe-4961-814b-c44c7615c574/element/282522c9-c1b2-4e74-87a4-c508b437f6fd/name'
20:42:43.951 [Forwarding getElementTagName on session 6816fae9-62fe-4961-814b-c44c7615c574 to remote] DEBUG org.asynchttpclient.netty.request.NettyRequestSender -- Using open Channel [id: 0x0a4687ef, L:/127.0.0.1:56906 - R:localhost/127.0.0.1:37788] for GET '/session/6816fae9-62fe-4961-814b-c44c7615c574/element/282522c9-c1b2-4e74-87a4-c508b437f6fd/name'
20:42:43.955 [AsyncHttpClient-1-5] DEBUG org.asynchttpclient.netty.handler.HttpHandler -- 

Request DefaultFullHttpRequest(decodeResult: success, version: HTTP/1.1, content: EmptyByteBufBE)
GET /session/6816fae9-62fe-4961-814b-c44c7615c574/element/282522c9-c1b2-4e74-87a4-c508b437f6fd/name HTTP/1.1
Cache-Control: no-cache
User-Agent: selenium/4.12.0 (java windows)
Content-Type: application/json; charset=utf-8
host: localhost:37788
accept: */*

Response DefaultHttpResponse(decodeResult: success, version: HTTP/1.1)
HTTP/1.1 200 OK
content-type: application/json; charset=utf-8
cache-control: no-cache
content-length: 13
date: Sun, 28 Apr 2024 01:42:43 GMT

20:42:43.955 [AsyncHttpClient-1-5] DEBUG org.asynchttpclient.netty.channel.ChannelManager -- Adding key: http://localhost:37788 for channel [id: 0x0a4687ef, L:/127.0.0.1:56906 - R:localhost/127.0.0.1:37788]
20:42:43.955 [Forwarding findElement on session 6816fae9-62fe-4961-814b-c44c7615c574 to remote] DEBUG org.asynchttpclient.netty.request.NettyRequestSender -- Using pooled Channel '[id: 0x0a4687ef, L:/127.0.0.1:56906 - R:localhost/127.0.0.1:37788]' for 'POST' to 'http://localhost:37788/session/6816fae9-62fe-4961-814b-c44c7615c574/element'
20:42:43.955 [Forwarding findElement on session 6816fae9-62fe-4961-814b-c44c7615c574 to remote] DEBUG org.asynchttpclient.netty.request.NettyRequestSender -- Using open Channel [id: 0x0a4687ef, L:/127.0.0.1:56906 - R:localhost/127.0.0.1:37788] for POST '/session/6816fae9-62fe-4961-814b-c44c7615c574/element'
20:42:43.961 [AsyncHttpClient-1-5] DEBUG org.asynchttpclient.netty.handler.HttpHandler -- 

Request DefaultHttpRequest(decodeResult: success, version: HTTP/1.1)
POST /session/6816fae9-62fe-4961-814b-c44c7615c574/element HTTP/1.1
User-Agent: selenium/4.12.0 (java windows)
Content-Length: 79
Content-Type: application/json; charset=utf-8
host: localhost:37788
accept: */*

Response DefaultHttpResponse(decodeResult: success, version: HTTP/1.1)
HTTP/1.1 200 OK
content-type: application/json; charset=utf-8
cache-control: no-cache
content-length: 88
date: Sun, 28 Apr 2024 01:42:43 GMT

20:42:43.961 [AsyncHttpClient-1-5] DEBUG org.asynchttpclient.netty.channel.ChannelManager -- Adding key: http://localhost:37788 for channel [id: 0x0a4687ef, L:/127.0.0.1:56906 - R:localhost/127.0.0.1:37788]
20:42:43.961 [Forwarding clickElement on session 6816fae9-62fe-4961-814b-c44c7615c574 to remote] DEBUG org.asynchttpclient.netty.request.NettyRequestSender -- Using pooled Channel '[id: 0x0a4687ef, L:/127.0.0.1:56906 - R:localhost/127.0.0.1:37788]' for 'POST' to 'http://localhost:37788/session/6816fae9-62fe-4961-814b-c44c7615c574/element/282522c9-c1b2-4e74-87a4-c508b437f6fd/click'
20:42:43.961 [Forwarding clickElement on session 6816fae9-62fe-4961-814b-c44c7615c574 to remote] DEBUG org.asynchttpclient.netty.request.NettyRequestSender -- Using open Channel [id: 0x0a4687ef, L:/127.0.0.1:56906 - R:localhost/127.0.0.1:37788] for POST '/session/6816fae9-62fe-4961-814b-c44c7615c574/element/282522c9-c1b2-4e74-87a4-c508b437f6fd/click'
20:42:43.972 [AsyncHttpClient-1-5] DEBUG org.asynchttpclient.netty.handler.HttpHandler -- 

Request DefaultHttpRequest(decodeResult: success, version: HTTP/1.1)
POST /session/6816fae9-62fe-4961-814b-c44c7615c574/element/282522c9-c1b2-4e74-87a4-c508b437f6fd/click HTTP/1.1
User-Agent: selenium/4.12.0 (java windows)
Content-Length: 50
Content-Type: application/json; charset=utf-8
host: localhost:37788
accept: */*

Response DefaultHttpResponse(decodeResult: success, version: HTTP/1.1)
HTTP/1.1 200 OK
content-type: application/json; charset=utf-8
cache-control: no-cache
content-length: 14
date: Sun, 28 Apr 2024 01:42:43 GMT

20:42:43.972 [AsyncHttpClient-1-5] DEBUG org.asynchttpclient.netty.channel.ChannelManager -- Adding key: http://localhost:37788 for channel [id: 0x0a4687ef, L:/127.0.0.1:56906 - R:localhost/127.0.0.1:37788]
20:42:43.976 [Forwarding getAlertText on session 6816fae9-62fe-4961-814b-c44c7615c574 to remote] DEBUG org.asynchttpclient.netty.request.NettyRequestSender -- Using pooled Channel '[id: 0x0a4687ef, L:/127.0.0.1:56906 - R:localhost/127.0.0.1:37788]' for 'GET' to 'http://localhost:37788/session/6816fae9-62fe-4961-814b-c44c7615c574/alert/text'
20:42:43.976 [Forwarding getAlertText on session 6816fae9-62fe-4961-814b-c44c7615c574 to remote] DEBUG org.asynchttpclient.netty.request.NettyRequestSender -- Using open Channel [id: 0x0a4687ef, L:/127.0.0.1:56906 - R:localhost/127.0.0.1:37788] for GET '/session/6816fae9-62fe-4961-814b-c44c7615c574/alert/text'
20:42:43.976 [AsyncHttpClient-1-5] DEBUG org.asynchttpclient.netty.handler.HttpHandler -- 

Request DefaultFullHttpRequest(decodeResult: success, version: HTTP/1.1, content: EmptyByteBufBE)
GET /session/6816fae9-62fe-4961-814b-c44c7615c574/alert/text HTTP/1.1
Cache-Control: no-cache
User-Agent: selenium/4.12.0 (java windows)
Content-Type: application/json; charset=utf-8
host: localhost:37788
accept: */*

Response DefaultHttpResponse(decodeResult: success, version: HTTP/1.1)
HTTP/1.1 404 Not Found
content-type: application/json; charset=utf-8
cache-control: no-cache
content-length: 842
date: Sun, 28 Apr 2024 01:42:43 GMT

20:42:43.976 [AsyncHttpClient-1-5] DEBUG org.asynchttpclient.netty.channel.ChannelManager -- Adding key: http://localhost:37788 for channel [id: 0x0a4687ef, L:/127.0.0.1:56906 - R:localhost/127.0.0.1:37788]
20:42:44.488 [Forwarding getAlertText on session 6816fae9-62fe-4961-814b-c44c7615c574 to remote] DEBUG org.asynchttpclient.netty.request.NettyRequestSender -- Using pooled Channel '[id: 0x0a4687ef, L:/127.0.0.1:56906 - R:localhost/127.0.0.1:37788]' for 'GET' to 'http://localhost:37788/session/6816fae9-62fe-4961-814b-c44c7615c574/alert/text'
20:42:44.488 [Forwarding getAlertText on session 6816fae9-62fe-4961-814b-c44c7615c574 to remote] DEBUG org.asynchttpclient.netty.request.NettyRequestSender -- Using open Channel [id: 0x0a4687ef, L:/127.0.0.1:56906 - R:localhost/127.0.0.1:37788] for GET '/session/6816fae9-62fe-4961-814b-c44c7615c574/alert/text'
20:42:44.492 [AsyncHttpClient-1-5] DEBUG org.asynchttpclient.netty.handler.HttpHandler -- 

Request DefaultFullHttpRequest(decodeResult: success, version: HTTP/1.1, content: EmptyByteBufBE)
GET /session/6816fae9-62fe-4961-814b-c44c7615c574/alert/text HTTP/1.1
Cache-Control: no-cache
User-Agent: selenium/4.12.0 (java windows)
Content-Type: application/json; charset=utf-8
host: localhost:37788
accept: */*

Response DefaultHttpResponse(decodeResult: success, version: HTTP/1.1)
HTTP/1.1 404 Not Found
content-type: application/json; charset=utf-8
cache-control: no-cache
content-length: 842
date: Sun, 28 Apr 2024 01:42:43 GMT

20:42:44.492 [AsyncHttpClient-1-5] DEBUG org.asynchttpclient.netty.channel.ChannelManager -- Adding key: http://localhost:37788 for channel [id: 0x0a4687ef, L:/127.0.0.1:56906 - R:localhost/127.0.0.1:37788]
20:42:44.492 [Forwarding getCurrentUrl on session 6816fae9-62fe-4961-814b-c44c7615c574 to remote] DEBUG org.asynchttpclient.netty.request.NettyRequestSender -- Using pooled Channel '[id: 0x0a4687ef, L:/127.0.0.1:56906 - R:localhost/127.0.0.1:37788]' for 'GET' to 'http://localhost:37788/session/6816fae9-62fe-4961-814b-c44c7615c574/url'
20:42:44.492 [Forwarding getCurrentUrl on session 6816fae9-62fe-4961-814b-c44c7615c574 to remote] DEBUG org.asynchttpclient.netty.request.NettyRequestSender -- Using open Channel [id: 0x0a4687ef, L:/127.0.0.1:56906 - R:localhost/127.0.0.1:37788] for GET '/session/6816fae9-62fe-4961-814b-c44c7615c574/url'
20:42:44.496 [AsyncHttpClient-1-5] DEBUG org.asynchttpclient.netty.handler.HttpHandler -- 

Request DefaultFullHttpRequest(decodeResult: success, version: HTTP/1.1, content: EmptyByteBufBE)
GET /session/6816fae9-62fe-4961-814b-c44c7615c574/url HTTP/1.1
Cache-Control: no-cache
User-Agent: selenium/4.12.0 (java windows)
Content-Type: application/json; charset=utf-8
host: localhost:37788
accept: */*

Response DefaultHttpResponse(decodeResult: success, version: HTTP/1.1)
HTTP/1.1 200 OK
content-type: application/json; charset=utf-8
cache-control: no-cache
content-length: 49
date: Sun, 28 Apr 2024 01:42:43 GMT

20:42:44.496 [AsyncHttpClient-1-5] DEBUG org.asynchttpclient.netty.channel.ChannelManager -- Adding key: http://localhost:37788 for channel [id: 0x0a4687ef, L:/127.0.0.1:56906 - R:localhost/127.0.0.1:37788]
20:42:44.496 [Forwarding screenshot on session 6816fae9-62fe-4961-814b-c44c7615c574 to remote] DEBUG org.asynchttpclient.netty.request.NettyRequestSender -- Using pooled Channel '[id: 0x0a4687ef, L:/127.0.0.1:56906 - R:localhost/127.0.0.1:37788]' for 'GET' to 'http://localhost:37788/session/6816fae9-62fe-4961-814b-c44c7615c574/screenshot'
20:42:44.496 [Forwarding screenshot on session 6816fae9-62fe-4961-814b-c44c7615c574 to remote] DEBUG org.asynchttpclient.netty.request.NettyRequestSender -- Using open Channel [id: 0x0a4687ef, L:/127.0.0.1:56906 - R:localhost/127.0.0.1:37788] for GET '/session/6816fae9-62fe-4961-814b-c44c7615c574/screenshot'
20:42:44.565 [AsyncHttpClient-1-5] DEBUG org.asynchttpclient.netty.handler.HttpHandler -- 

Request DefaultFullHttpRequest(decodeResult: success, version: HTTP/1.1, content: EmptyByteBufBE)
GET /session/6816fae9-62fe-4961-814b-c44c7615c574/screenshot HTTP/1.1
Cache-Control: no-cache
User-Agent: selenium/4.12.0 (java windows)
Content-Type: application/json; charset=utf-8
host: localhost:37788
accept: */*

Response DefaultHttpResponse(decodeResult: success, version: HTTP/1.1)
HTTP/1.1 200 OK
content-type: application/json; charset=utf-8
cache-control: no-cache
content-length: 561988
date: Sun, 28 Apr 2024 01:42:43 GMT

20:42:44.565 [AsyncHttpClient-1-5] DEBUG org.asynchttpclient.netty.channel.ChannelManager -- Adding key: http://localhost:37788 for channel [id: 0x0a4687ef, L:/127.0.0.1:56906 - R:localhost/127.0.0.1:37788]
20:42:44.572 [main] DEBUG net.serenitybdd.core.photography.Darkroom -- Send negative for processing for C:\Users\USUARIO\OneDrive\Documentos\02 Automatización\03 Pragma\pragma\pragma\target\site\serenity\f4989cbfc2dac5acadc25b91672a55c7eb39afc3df656588105747134e7c9382.png
20:42:44.572 [Darkroom Processing Line] DEBUG net.serenitybdd.core.photography.DarkroomProcessingLine -- Processing screenshot image in /var/screenshots/screenshot-5984892844095653482
20:42:44.572 [Darkroom Processing Line] DEBUG net.serenitybdd.core.photography.DarkroomProcessingLine -- Saving screenshot to C:\Users\USUARIO\OneDrive\Documentos\02 Automatización\03 Pragma\pragma\pragma\target\site\serenity\f4989cbfc2dac5acadc25b91672a55c7eb39afc3df656588105747134e7c9382.png
20:42:44.738 [AsyncHttpClient-1-1] DEBUG org.asynchttpclient.netty.channel.DefaultChannelPool -- Entry count for : http://localhost:37788 : 1
20:42:45.575 [main] DEBUG net.thucydides.core.steps.StepInterceptor -- STEP DONE: ingresoACategoria
20:42:45.579 [Forwarding getAlertText on session 6816fae9-62fe-4961-814b-c44c7615c574 to remote] DEBUG org.asynchttpclient.netty.request.NettyRequestSender -- Using pooled Channel '[id: 0x0a4687ef, L:/127.0.0.1:56906 - R:localhost/127.0.0.1:37788]' for 'GET' to 'http://localhost:37788/session/6816fae9-62fe-4961-814b-c44c7615c574/alert/text'
20:42:45.579 [Forwarding getAlertText on session 6816fae9-62fe-4961-814b-c44c7615c574 to remote] DEBUG org.asynchttpclient.netty.request.NettyRequestSender -- Using open Channel [id: 0x0a4687ef, L:/127.0.0.1:56906 - R:localhost/127.0.0.1:37788] for GET '/session/6816fae9-62fe-4961-814b-c44c7615c574/alert/text'
20:42:45.583 [AsyncHttpClient-1-5] DEBUG org.asynchttpclient.netty.handler.HttpHandler -- 

Request DefaultFullHttpRequest(decodeResult: success, version: HTTP/1.1, content: EmptyByteBufBE)
GET /session/6816fae9-62fe-4961-814b-c44c7615c574/alert/text HTTP/1.1
Cache-Control: no-cache
User-Agent: selenium/4.12.0 (java windows)
Content-Type: application/json; charset=utf-8
host: localhost:37788
accept: */*

Response DefaultHttpResponse(decodeResult: success, version: HTTP/1.1)
HTTP/1.1 404 Not Found
content-type: application/json; charset=utf-8
cache-control: no-cache
content-length: 842
date: Sun, 28 Apr 2024 01:42:45 GMT

20:42:45.583 [AsyncHttpClient-1-5] DEBUG org.asynchttpclient.netty.channel.ChannelManager -- Adding key: http://localhost:37788 for channel [id: 0x0a4687ef, L:/127.0.0.1:56906 - R:localhost/127.0.0.1:37788]
20:42:45.583 [Forwarding getCurrentUrl on session 6816fae9-62fe-4961-814b-c44c7615c574 to remote] DEBUG org.asynchttpclient.netty.request.NettyRequestSender -- Using pooled Channel '[id: 0x0a4687ef, L:/127.0.0.1:56906 - R:localhost/127.0.0.1:37788]' for 'GET' to 'http://localhost:37788/session/6816fae9-62fe-4961-814b-c44c7615c574/url'
20:42:45.583 [Forwarding getCurrentUrl on session 6816fae9-62fe-4961-814b-c44c7615c574 to remote] DEBUG org.asynchttpclient.netty.request.NettyRequestSender -- Using open Channel [id: 0x0a4687ef, L:/127.0.0.1:56906 - R:localhost/127.0.0.1:37788] for GET '/session/6816fae9-62fe-4961-814b-c44c7615c574/url'
20:42:45.594 [AsyncHttpClient-1-5] DEBUG org.asynchttpclient.netty.handler.HttpHandler -- 

Request DefaultFullHttpRequest(decodeResult: success, version: HTTP/1.1, content: EmptyByteBufBE)
GET /session/6816fae9-62fe-4961-814b-c44c7615c574/url HTTP/1.1
Cache-Control: no-cache
User-Agent: selenium/4.12.0 (java windows)
Content-Type: application/json; charset=utf-8
host: localhost:37788
accept: */*

Response DefaultHttpResponse(decodeResult: success, version: HTTP/1.1)
HTTP/1.1 200 OK
content-type: application/json; charset=utf-8
cache-control: no-cache
content-length: 49
date: Sun, 28 Apr 2024 01:42:45 GMT

20:42:45.594 [AsyncHttpClient-1-5] DEBUG org.asynchttpclient.netty.channel.ChannelManager -- Adding key: http://localhost:37788 for channel [id: 0x0a4687ef, L:/127.0.0.1:56906 - R:localhost/127.0.0.1:37788]
20:42:45.594 [Forwarding screenshot on session 6816fae9-62fe-4961-814b-c44c7615c574 to remote] DEBUG org.asynchttpclient.netty.request.NettyRequestSender -- Using pooled Channel '[id: 0x0a4687ef, L:/127.0.0.1:56906 - R:localhost/127.0.0.1:37788]' for 'GET' to 'http://localhost:37788/session/6816fae9-62fe-4961-814b-c44c7615c574/screenshot'
20:42:45.594 [Forwarding screenshot on session 6816fae9-62fe-4961-814b-c44c7615c574 to remote] DEBUG org.asynchttpclient.netty.request.NettyRequestSender -- Using open Channel [id: 0x0a4687ef, L:/127.0.0.1:56906 - R:localhost/127.0.0.1:37788] for GET '/session/6816fae9-62fe-4961-814b-c44c7615c574/screenshot'
20:42:45.650 [AsyncHttpClient-1-5] DEBUG org.asynchttpclient.netty.handler.HttpHandler -- 

Request DefaultFullHttpRequest(decodeResult: success, version: HTTP/1.1, content: EmptyByteBufBE)
GET /session/6816fae9-62fe-4961-814b-c44c7615c574/screenshot HTTP/1.1
Cache-Control: no-cache
User-Agent: selenium/4.12.0 (java windows)
Content-Type: application/json; charset=utf-8
host: localhost:37788
accept: */*

Response DefaultHttpResponse(decodeResult: success, version: HTTP/1.1)
HTTP/1.1 200 OK
content-type: application/json; charset=utf-8
cache-control: no-cache
content-length: 561988
date: Sun, 28 Apr 2024 01:42:45 GMT

20:42:45.650 [AsyncHttpClient-1-5] DEBUG org.asynchttpclient.netty.channel.ChannelManager -- Adding key: http://localhost:37788 for channel [id: 0x0a4687ef, L:/127.0.0.1:56906 - R:localhost/127.0.0.1:37788]
20:42:45.658 [main] DEBUG net.serenitybdd.core.photography.Darkroom -- Send negative for processing for C:\Users\USUARIO\OneDrive\Documentos\02 Automatización\03 Pragma\pragma\pragma\target\site\serenity\f4989cbfc2dac5acadc25b91672a55c7eb39afc3df656588105747134e7c9382.png
20:42:45.831 [AsyncHttpClient-1-1] DEBUG org.asynchttpclient.netty.channel.DefaultChannelPool -- Entry count for : http://localhost:37788 : 1
20:42:46.677 [main] DEBUG net.thucydides.core.steps.StepInterceptor -- STARTING STEP: StepInterceptor.testContext - ingresoAlProducto
20:42:46.681 [Forwarding findElement on session 6816fae9-62fe-4961-814b-c44c7615c574 to remote] DEBUG org.asynchttpclient.netty.request.NettyRequestSender -- Using pooled Channel '[id: 0x0a4687ef, L:/127.0.0.1:56906 - R:localhost/127.0.0.1:37788]' for 'POST' to 'http://localhost:37788/session/6816fae9-62fe-4961-814b-c44c7615c574/element'
20:42:46.681 [Forwarding findElement on session 6816fae9-62fe-4961-814b-c44c7615c574 to remote] DEBUG org.asynchttpclient.netty.request.NettyRequestSender -- Using open Channel [id: 0x0a4687ef, L:/127.0.0.1:56906 - R:localhost/127.0.0.1:37788] for POST '/session/6816fae9-62fe-4961-814b-c44c7615c574/element'
20:42:46.685 [AsyncHttpClient-1-5] DEBUG org.asynchttpclient.netty.handler.HttpHandler -- 

Request DefaultHttpRequest(decodeResult: success, version: HTTP/1.1)
POST /session/6816fae9-62fe-4961-814b-c44c7615c574/element HTTP/1.1
User-Agent: selenium/4.12.0 (java windows)
Content-Length: 87
Content-Type: application/json; charset=utf-8
host: localhost:37788
accept: */*

Response DefaultHttpResponse(decodeResult: success, version: HTTP/1.1)
HTTP/1.1 200 OK
content-type: application/json; charset=utf-8
cache-control: no-cache
content-length: 88
date: Sun, 28 Apr 2024 01:42:46 GMT

20:42:46.685 [AsyncHttpClient-1-5] DEBUG org.asynchttpclient.netty.channel.ChannelManager -- Adding key: http://localhost:37788 for channel [id: 0x0a4687ef, L:/127.0.0.1:56906 - R:localhost/127.0.0.1:37788]
20:42:46.685 [Forwarding getElementTagName on session 6816fae9-62fe-4961-814b-c44c7615c574 to remote] DEBUG org.asynchttpclient.netty.request.NettyRequestSender -- Using pooled Channel '[id: 0x0a4687ef, L:/127.0.0.1:56906 - R:localhost/127.0.0.1:37788]' for 'GET' to 'http://localhost:37788/session/6816fae9-62fe-4961-814b-c44c7615c574/element/57bebb36-e9d6-4584-84cf-4a6dffe6971a/name'
20:42:46.685 [Forwarding getElementTagName on session 6816fae9-62fe-4961-814b-c44c7615c574 to remote] DEBUG org.asynchttpclient.netty.request.NettyRequestSender -- Using open Channel [id: 0x0a4687ef, L:/127.0.0.1:56906 - R:localhost/127.0.0.1:37788] for GET '/session/6816fae9-62fe-4961-814b-c44c7615c574/element/57bebb36-e9d6-4584-84cf-4a6dffe6971a/name'
20:42:46.689 [AsyncHttpClient-1-5] DEBUG org.asynchttpclient.netty.handler.HttpHandler -- 

Request DefaultFullHttpRequest(decodeResult: success, version: HTTP/1.1, content: EmptyByteBufBE)
GET /session/6816fae9-62fe-4961-814b-c44c7615c574/element/57bebb36-e9d6-4584-84cf-4a6dffe6971a/name HTTP/1.1
Cache-Control: no-cache
User-Agent: selenium/4.12.0 (java windows)
Content-Type: application/json; charset=utf-8
host: localhost:37788
accept: */*

Response DefaultHttpResponse(decodeResult: success, version: HTTP/1.1)
HTTP/1.1 200 OK
content-type: application/json; charset=utf-8
cache-control: no-cache
content-length: 13
date: Sun, 28 Apr 2024 01:42:46 GMT

20:42:46.689 [AsyncHttpClient-1-5] DEBUG org.asynchttpclient.netty.channel.ChannelManager -- Adding key: http://localhost:37788 for channel [id: 0x0a4687ef, L:/127.0.0.1:56906 - R:localhost/127.0.0.1:37788]
20:42:46.689 [Forwarding getElementTagName on session 6816fae9-62fe-4961-814b-c44c7615c574 to remote] DEBUG org.asynchttpclient.netty.request.NettyRequestSender -- Using pooled Channel '[id: 0x0a4687ef, L:/127.0.0.1:56906 - R:localhost/127.0.0.1:37788]' for 'GET' to 'http://localhost:37788/session/6816fae9-62fe-4961-814b-c44c7615c574/element/57bebb36-e9d6-4584-84cf-4a6dffe6971a/name'
20:42:46.689 [Forwarding getElementTagName on session 6816fae9-62fe-4961-814b-c44c7615c574 to remote] DEBUG org.asynchttpclient.netty.request.NettyRequestSender -- Using open Channel [id: 0x0a4687ef, L:/127.0.0.1:56906 - R:localhost/127.0.0.1:37788] for GET '/session/6816fae9-62fe-4961-814b-c44c7615c574/element/57bebb36-e9d6-4584-84cf-4a6dffe6971a/name'
20:42:46.693 [AsyncHttpClient-1-5] DEBUG org.asynchttpclient.netty.handler.HttpHandler -- 

Request DefaultFullHttpRequest(decodeResult: success, version: HTTP/1.1, content: EmptyByteBufBE)
GET /session/6816fae9-62fe-4961-814b-c44c7615c574/element/57bebb36-e9d6-4584-84cf-4a6dffe6971a/name HTTP/1.1
Cache-Control: no-cache
User-Agent: selenium/4.12.0 (java windows)
Content-Type: application/json; charset=utf-8
host: localhost:37788
accept: */*

Response DefaultHttpResponse(decodeResult: success, version: HTTP/1.1)
HTTP/1.1 200 OK
content-type: application/json; charset=utf-8
cache-control: no-cache
content-length: 13
date: Sun, 28 Apr 2024 01:42:46 GMT

20:42:46.693 [AsyncHttpClient-1-5] DEBUG org.asynchttpclient.netty.channel.ChannelManager -- Adding key: http://localhost:37788 for channel [id: 0x0a4687ef, L:/127.0.0.1:56906 - R:localhost/127.0.0.1:37788]
20:42:46.693 [Forwarding findElement on session 6816fae9-62fe-4961-814b-c44c7615c574 to remote] DEBUG org.asynchttpclient.netty.request.NettyRequestSender -- Using pooled Channel '[id: 0x0a4687ef, L:/127.0.0.1:56906 - R:localhost/127.0.0.1:37788]' for 'POST' to 'http://localhost:37788/session/6816fae9-62fe-4961-814b-c44c7615c574/element'
20:42:46.693 [Forwarding findElement on session 6816fae9-62fe-4961-814b-c44c7615c574 to remote] DEBUG org.asynchttpclient.netty.request.NettyRequestSender -- Using open Channel [id: 0x0a4687ef, L:/127.0.0.1:56906 - R:localhost/127.0.0.1:37788] for POST '/session/6816fae9-62fe-4961-814b-c44c7615c574/element'
20:42:46.693 [AsyncHttpClient-1-5] DEBUG org.asynchttpclient.netty.handler.HttpHandler -- 

Request DefaultHttpRequest(decodeResult: success, version: HTTP/1.1)
POST /session/6816fae9-62fe-4961-814b-c44c7615c574/element HTTP/1.1
User-Agent: selenium/4.12.0 (java windows)
Content-Length: 87
Content-Type: application/json; charset=utf-8
host: localhost:37788
accept: */*

Response DefaultHttpResponse(decodeResult: success, version: HTTP/1.1)
HTTP/1.1 200 OK
content-type: application/json; charset=utf-8
cache-control: no-cache
content-length: 88
date: Sun, 28 Apr 2024 01:42:46 GMT

20:42:46.693 [AsyncHttpClient-1-5] DEBUG org.asynchttpclient.netty.channel.ChannelManager -- Adding key: http://localhost:37788 for channel [id: 0x0a4687ef, L:/127.0.0.1:56906 - R:localhost/127.0.0.1:37788]
20:42:46.697 [Forwarding clickElement on session 6816fae9-62fe-4961-814b-c44c7615c574 to remote] DEBUG org.asynchttpclient.netty.request.NettyRequestSender -- Using pooled Channel '[id: 0x0a4687ef, L:/127.0.0.1:56906 - R:localhost/127.0.0.1:37788]' for 'POST' to 'http://localhost:37788/session/6816fae9-62fe-4961-814b-c44c7615c574/element/57bebb36-e9d6-4584-84cf-4a6dffe6971a/click'
20:42:46.697 [Forwarding clickElement on session 6816fae9-62fe-4961-814b-c44c7615c574 to remote] DEBUG org.asynchttpclient.netty.request.NettyRequestSender -- Using open Channel [id: 0x0a4687ef, L:/127.0.0.1:56906 - R:localhost/127.0.0.1:37788] for POST '/session/6816fae9-62fe-4961-814b-c44c7615c574/element/57bebb36-e9d6-4584-84cf-4a6dffe6971a/click'
20:42:46.978 [AsyncHttpClient-1-5] DEBUG org.asynchttpclient.netty.handler.HttpHandler -- 

Request DefaultHttpRequest(decodeResult: success, version: HTTP/1.1)
POST /session/6816fae9-62fe-4961-814b-c44c7615c574/element/57bebb36-e9d6-4584-84cf-4a6dffe6971a/click HTTP/1.1
User-Agent: selenium/4.12.0 (java windows)
Content-Length: 50
Content-Type: application/json; charset=utf-8
host: localhost:37788
accept: */*

Response DefaultHttpResponse(decodeResult: success, version: HTTP/1.1)
HTTP/1.1 200 OK
content-type: application/json; charset=utf-8
cache-control: no-cache
content-length: 14
date: Sun, 28 Apr 2024 01:42:46 GMT

20:42:46.978 [AsyncHttpClient-1-5] DEBUG org.asynchttpclient.netty.channel.ChannelManager -- Adding key: http://localhost:37788 for channel [id: 0x0a4687ef, L:/127.0.0.1:56906 - R:localhost/127.0.0.1:37788]
20:42:46.978 [Forwarding findElement on session 6816fae9-62fe-4961-814b-c44c7615c574 to remote] DEBUG org.asynchttpclient.netty.request.NettyRequestSender -- Using pooled Channel '[id: 0x0a4687ef, L:/127.0.0.1:56906 - R:localhost/127.0.0.1:37788]' for 'POST' to 'http://localhost:37788/session/6816fae9-62fe-4961-814b-c44c7615c574/element'
20:42:46.982 [Forwarding findElement on session 6816fae9-62fe-4961-814b-c44c7615c574 to remote] DEBUG org.asynchttpclient.netty.request.NettyRequestSender -- Using open Channel [id: 0x0a4687ef, L:/127.0.0.1:56906 - R:localhost/127.0.0.1:37788] for POST '/session/6816fae9-62fe-4961-814b-c44c7615c574/element'
20:42:47.243 [AsyncHttpClient-1-5] DEBUG org.asynchttpclient.netty.handler.HttpHandler -- 

Request DefaultHttpRequest(decodeResult: success, version: HTTP/1.1)
POST /session/6816fae9-62fe-4961-814b-c44c7615c574/element HTTP/1.1
User-Agent: selenium/4.12.0 (java windows)
Content-Length: 66
Content-Type: application/json; charset=utf-8
host: localhost:37788
accept: */*

Response DefaultHttpResponse(decodeResult: success, version: HTTP/1.1)
HTTP/1.1 200 OK
content-type: application/json; charset=utf-8
cache-control: no-cache
content-length: 88
date: Sun, 28 Apr 2024 01:42:46 GMT

20:42:47.243 [AsyncHttpClient-1-5] DEBUG org.asynchttpclient.netty.channel.ChannelManager -- Adding key: http://localhost:37788 for channel [id: 0x0a4687ef, L:/127.0.0.1:56906 - R:localhost/127.0.0.1:37788]
20:42:47.245 [Forwarding getElementText on session 6816fae9-62fe-4961-814b-c44c7615c574 to remote] DEBUG org.asynchttpclient.netty.request.NettyRequestSender -- Using pooled Channel '[id: 0x0a4687ef, L:/127.0.0.1:56906 - R:localhost/127.0.0.1:37788]' for 'GET' to 'http://localhost:37788/session/6816fae9-62fe-4961-814b-c44c7615c574/element/2d494580-8e71-47a7-bb36-dfde7890e454/text'
20:42:47.245 [Forwarding getElementText on session 6816fae9-62fe-4961-814b-c44c7615c574 to remote] DEBUG org.asynchttpclient.netty.request.NettyRequestSender -- Using open Channel [id: 0x0a4687ef, L:/127.0.0.1:56906 - R:localhost/127.0.0.1:37788] for GET '/session/6816fae9-62fe-4961-814b-c44c7615c574/element/2d494580-8e71-47a7-bb36-dfde7890e454/text'
20:42:47.254 [AsyncHttpClient-1-5] DEBUG org.asynchttpclient.netty.handler.HttpHandler -- 

Request DefaultFullHttpRequest(decodeResult: success, version: HTTP/1.1, content: EmptyByteBufBE)
GET /session/6816fae9-62fe-4961-814b-c44c7615c574/element/2d494580-8e71-47a7-bb36-dfde7890e454/text HTTP/1.1
Cache-Control: no-cache
User-Agent: selenium/4.12.0 (java windows)
Content-Type: application/json; charset=utf-8
host: localhost:37788
accept: */*

Response DefaultHttpResponse(decodeResult: success, version: HTTP/1.1)
HTTP/1.1 200 OK
content-type: application/json; charset=utf-8
cache-control: no-cache
content-length: 28
date: Sun, 28 Apr 2024 01:42:46 GMT

20:42:47.254 [AsyncHttpClient-1-5] DEBUG org.asynchttpclient.netty.channel.ChannelManager -- Adding key: http://localhost:37788 for channel [id: 0x0a4687ef, L:/127.0.0.1:56906 - R:localhost/127.0.0.1:37788]
20:42:47.258 [Forwarding getAlertText on session 6816fae9-62fe-4961-814b-c44c7615c574 to remote] DEBUG org.asynchttpclient.netty.request.NettyRequestSender -- Using pooled Channel '[id: 0x0a4687ef, L:/127.0.0.1:56906 - R:localhost/127.0.0.1:37788]' for 'GET' to 'http://localhost:37788/session/6816fae9-62fe-4961-814b-c44c7615c574/alert/text'
20:42:47.258 [Forwarding getAlertText on session 6816fae9-62fe-4961-814b-c44c7615c574 to remote] DEBUG org.asynchttpclient.netty.request.NettyRequestSender -- Using open Channel [id: 0x0a4687ef, L:/127.0.0.1:56906 - R:localhost/127.0.0.1:37788] for GET '/session/6816fae9-62fe-4961-814b-c44c7615c574/alert/text'
20:42:47.258 [AsyncHttpClient-1-5] DEBUG org.asynchttpclient.netty.handler.HttpHandler -- 

Request DefaultFullHttpRequest(decodeResult: success, version: HTTP/1.1, content: EmptyByteBufBE)
GET /session/6816fae9-62fe-4961-814b-c44c7615c574/alert/text HTTP/1.1
Cache-Control: no-cache
User-Agent: selenium/4.12.0 (java windows)
Content-Type: application/json; charset=utf-8
host: localhost:37788
accept: */*

Response DefaultHttpResponse(decodeResult: success, version: HTTP/1.1)
HTTP/1.1 404 Not Found
content-type: application/json; charset=utf-8
cache-control: no-cache
content-length: 842
date: Sun, 28 Apr 2024 01:42:46 GMT

20:42:47.258 [AsyncHttpClient-1-5] DEBUG org.asynchttpclient.netty.channel.ChannelManager -- Adding key: http://localhost:37788 for channel [id: 0x0a4687ef, L:/127.0.0.1:56906 - R:localhost/127.0.0.1:37788]
20:42:47.767 [Forwarding getAlertText on session 6816fae9-62fe-4961-814b-c44c7615c574 to remote] DEBUG org.asynchttpclient.netty.request.NettyRequestSender -- Using pooled Channel '[id: 0x0a4687ef, L:/127.0.0.1:56906 - R:localhost/127.0.0.1:37788]' for 'GET' to 'http://localhost:37788/session/6816fae9-62fe-4961-814b-c44c7615c574/alert/text'
20:42:47.767 [Forwarding getAlertText on session 6816fae9-62fe-4961-814b-c44c7615c574 to remote] DEBUG org.asynchttpclient.netty.request.NettyRequestSender -- Using open Channel [id: 0x0a4687ef, L:/127.0.0.1:56906 - R:localhost/127.0.0.1:37788] for GET '/session/6816fae9-62fe-4961-814b-c44c7615c574/alert/text'
20:42:47.771 [AsyncHttpClient-1-5] DEBUG org.asynchttpclient.netty.handler.HttpHandler -- 

Request DefaultFullHttpRequest(decodeResult: success, version: HTTP/1.1, content: EmptyByteBufBE)
GET /session/6816fae9-62fe-4961-814b-c44c7615c574/alert/text HTTP/1.1
Cache-Control: no-cache
User-Agent: selenium/4.12.0 (java windows)
Content-Type: application/json; charset=utf-8
host: localhost:37788
accept: */*

Response DefaultHttpResponse(decodeResult: success, version: HTTP/1.1)
HTTP/1.1 404 Not Found
content-type: application/json; charset=utf-8
cache-control: no-cache
content-length: 842
date: Sun, 28 Apr 2024 01:42:47 GMT

20:42:47.771 [AsyncHttpClient-1-5] DEBUG org.asynchttpclient.netty.channel.ChannelManager -- Adding key: http://localhost:37788 for channel [id: 0x0a4687ef, L:/127.0.0.1:56906 - R:localhost/127.0.0.1:37788]
20:42:47.771 [Forwarding getCurrentUrl on session 6816fae9-62fe-4961-814b-c44c7615c574 to remote] DEBUG org.asynchttpclient.netty.request.NettyRequestSender -- Using pooled Channel '[id: 0x0a4687ef, L:/127.0.0.1:56906 - R:localhost/127.0.0.1:37788]' for 'GET' to 'http://localhost:37788/session/6816fae9-62fe-4961-814b-c44c7615c574/url'
20:42:47.771 [Forwarding getCurrentUrl on session 6816fae9-62fe-4961-814b-c44c7615c574 to remote] DEBUG org.asynchttpclient.netty.request.NettyRequestSender -- Using open Channel [id: 0x0a4687ef, L:/127.0.0.1:56906 - R:localhost/127.0.0.1:37788] for GET '/session/6816fae9-62fe-4961-814b-c44c7615c574/url'
20:42:47.775 [AsyncHttpClient-1-5] DEBUG org.asynchttpclient.netty.handler.HttpHandler -- 

Request DefaultFullHttpRequest(decodeResult: success, version: HTTP/1.1, content: EmptyByteBufBE)
GET /session/6816fae9-62fe-4961-814b-c44c7615c574/url HTTP/1.1
Cache-Control: no-cache
User-Agent: selenium/4.12.0 (java windows)
Content-Type: application/json; charset=utf-8
host: localhost:37788
accept: */*

Response DefaultHttpResponse(decodeResult: success, version: HTTP/1.1)
HTTP/1.1 200 OK
content-type: application/json; charset=utf-8
cache-control: no-cache
content-length: 55
date: Sun, 28 Apr 2024 01:42:47 GMT

20:42:47.775 [AsyncHttpClient-1-5] DEBUG org.asynchttpclient.netty.channel.ChannelManager -- Adding key: http://localhost:37788 for channel [id: 0x0a4687ef, L:/127.0.0.1:56906 - R:localhost/127.0.0.1:37788]
20:42:47.775 [Forwarding screenshot on session 6816fae9-62fe-4961-814b-c44c7615c574 to remote] DEBUG org.asynchttpclient.netty.request.NettyRequestSender -- Using pooled Channel '[id: 0x0a4687ef, L:/127.0.0.1:56906 - R:localhost/127.0.0.1:37788]' for 'GET' to 'http://localhost:37788/session/6816fae9-62fe-4961-814b-c44c7615c574/screenshot'
20:42:47.775 [Forwarding screenshot on session 6816fae9-62fe-4961-814b-c44c7615c574 to remote] DEBUG org.asynchttpclient.netty.request.NettyRequestSender -- Using open Channel [id: 0x0a4687ef, L:/127.0.0.1:56906 - R:localhost/127.0.0.1:37788] for GET '/session/6816fae9-62fe-4961-814b-c44c7615c574/screenshot'
20:42:47.834 [AsyncHttpClient-1-5] DEBUG org.asynchttpclient.netty.handler.HttpHandler -- 

Request DefaultFullHttpRequest(decodeResult: success, version: HTTP/1.1, content: EmptyByteBufBE)
GET /session/6816fae9-62fe-4961-814b-c44c7615c574/screenshot HTTP/1.1
Cache-Control: no-cache
User-Agent: selenium/4.12.0 (java windows)
Content-Type: application/json; charset=utf-8
host: localhost:37788
accept: */*

Response DefaultHttpResponse(decodeResult: success, version: HTTP/1.1)
HTTP/1.1 200 OK
content-type: application/json; charset=utf-8
cache-control: no-cache
content-length: 541772
date: Sun, 28 Apr 2024 01:42:47 GMT

20:42:47.834 [AsyncHttpClient-1-5] DEBUG org.asynchttpclient.netty.channel.ChannelManager -- Adding key: http://localhost:37788 for channel [id: 0x0a4687ef, L:/127.0.0.1:56906 - R:localhost/127.0.0.1:37788]
20:42:47.838 [main] DEBUG net.serenitybdd.core.photography.Darkroom -- Send negative for processing for C:\Users\USUARIO\OneDrive\Documentos\02 Automatización\03 Pragma\pragma\pragma\target\site\serenity\582afbfc6efc13cd51fdda4fb2a400807aa3eb13bbdef42693e8c795723a2def.png
20:42:47.838 [Darkroom Processing Line] DEBUG net.serenitybdd.core.photography.DarkroomProcessingLine -- Processing screenshot image in /var/screenshots/screenshot-3024500420454281966
20:42:47.838 [Darkroom Processing Line] DEBUG net.serenitybdd.core.photography.DarkroomProcessingLine -- Saving screenshot to C:\Users\USUARIO\OneDrive\Documentos\02 Automatización\03 Pragma\pragma\pragma\target\site\serenity\582afbfc6efc13cd51fdda4fb2a400807aa3eb13bbdef42693e8c795723a2def.png
20:42:48.032 [AsyncHttpClient-1-1] DEBUG org.asynchttpclient.netty.channel.DefaultChannelPool -- Entry count for : http://localhost:37788 : 1
20:42:48.843 [main] DEBUG net.thucydides.core.steps.StepInterceptor -- STEP DONE: ingresoAlProducto
20:42:48.847 [Forwarding getAlertText on session 6816fae9-62fe-4961-814b-c44c7615c574 to remote] DEBUG org.asynchttpclient.netty.request.NettyRequestSender -- Using pooled Channel '[id: 0x0a4687ef, L:/127.0.0.1:56906 - R:localhost/127.0.0.1:37788]' for 'GET' to 'http://localhost:37788/session/6816fae9-62fe-4961-814b-c44c7615c574/alert/text'
20:42:48.847 [Forwarding getAlertText on session 6816fae9-62fe-4961-814b-c44c7615c574 to remote] DEBUG org.asynchttpclient.netty.request.NettyRequestSender -- Using open Channel [id: 0x0a4687ef, L:/127.0.0.1:56906 - R:localhost/127.0.0.1:37788] for GET '/session/6816fae9-62fe-4961-814b-c44c7615c574/alert/text'
20:42:48.852 [AsyncHttpClient-1-5] DEBUG org.asynchttpclient.netty.handler.HttpHandler -- 

Request DefaultFullHttpRequest(decodeResult: success, version: HTTP/1.1, content: EmptyByteBufBE)
GET /session/6816fae9-62fe-4961-814b-c44c7615c574/alert/text HTTP/1.1
Cache-Control: no-cache
User-Agent: selenium/4.12.0 (java windows)
Content-Type: application/json; charset=utf-8
host: localhost:37788
accept: */*

Response DefaultHttpResponse(decodeResult: success, version: HTTP/1.1)
HTTP/1.1 404 Not Found
content-type: application/json; charset=utf-8
cache-control: no-cache
content-length: 842
date: Sun, 28 Apr 2024 01:42:48 GMT

20:42:48.852 [AsyncHttpClient-1-5] DEBUG org.asynchttpclient.netty.channel.ChannelManager -- Adding key: http://localhost:37788 for channel [id: 0x0a4687ef, L:/127.0.0.1:56906 - R:localhost/127.0.0.1:37788]
20:42:48.852 [Forwarding getCurrentUrl on session 6816fae9-62fe-4961-814b-c44c7615c574 to remote] DEBUG org.asynchttpclient.netty.request.NettyRequestSender -- Using pooled Channel '[id: 0x0a4687ef, L:/127.0.0.1:56906 - R:localhost/127.0.0.1:37788]' for 'GET' to 'http://localhost:37788/session/6816fae9-62fe-4961-814b-c44c7615c574/url'
20:42:48.852 [Forwarding getCurrentUrl on session 6816fae9-62fe-4961-814b-c44c7615c574 to remote] DEBUG org.asynchttpclient.netty.request.NettyRequestSender -- Using open Channel [id: 0x0a4687ef, L:/127.0.0.1:56906 - R:localhost/127.0.0.1:37788] for GET '/session/6816fae9-62fe-4961-814b-c44c7615c574/url'
20:42:48.852 [AsyncHttpClient-1-5] DEBUG org.asynchttpclient.netty.handler.HttpHandler -- 

Request DefaultFullHttpRequest(decodeResult: success, version: HTTP/1.1, content: EmptyByteBufBE)
GET /session/6816fae9-62fe-4961-814b-c44c7615c574/url HTTP/1.1
Cache-Control: no-cache
User-Agent: selenium/4.12.0 (java windows)
Content-Type: application/json; charset=utf-8
host: localhost:37788
accept: */*

Response DefaultHttpResponse(decodeResult: success, version: HTTP/1.1)
HTTP/1.1 200 OK
content-type: application/json; charset=utf-8
cache-control: no-cache
content-length: 55
date: Sun, 28 Apr 2024 01:42:48 GMT

20:42:48.852 [AsyncHttpClient-1-5] DEBUG org.asynchttpclient.netty.channel.ChannelManager -- Adding key: http://localhost:37788 for channel [id: 0x0a4687ef, L:/127.0.0.1:56906 - R:localhost/127.0.0.1:37788]
20:42:48.852 [Forwarding screenshot on session 6816fae9-62fe-4961-814b-c44c7615c574 to remote] DEBUG org.asynchttpclient.netty.request.NettyRequestSender -- Using pooled Channel '[id: 0x0a4687ef, L:/127.0.0.1:56906 - R:localhost/127.0.0.1:37788]' for 'GET' to 'http://localhost:37788/session/6816fae9-62fe-4961-814b-c44c7615c574/screenshot'
20:42:48.852 [Forwarding screenshot on session 6816fae9-62fe-4961-814b-c44c7615c574 to remote] DEBUG org.asynchttpclient.netty.request.NettyRequestSender -- Using open Channel [id: 0x0a4687ef, L:/127.0.0.1:56906 - R:localhost/127.0.0.1:37788] for GET '/session/6816fae9-62fe-4961-814b-c44c7615c574/screenshot'
20:42:48.906 [AsyncHttpClient-1-5] DEBUG org.asynchttpclient.netty.handler.HttpHandler -- 

Request DefaultFullHttpRequest(decodeResult: success, version: HTTP/1.1, content: EmptyByteBufBE)
GET /session/6816fae9-62fe-4961-814b-c44c7615c574/screenshot HTTP/1.1
Cache-Control: no-cache
User-Agent: selenium/4.12.0 (java windows)
Content-Type: application/json; charset=utf-8
host: localhost:37788
accept: */*

Response DefaultHttpResponse(decodeResult: success, version: HTTP/1.1)
HTTP/1.1 200 OK
content-type: application/json; charset=utf-8
cache-control: no-cache
content-length: 541772
date: Sun, 28 Apr 2024 01:42:48 GMT

20:42:48.906 [AsyncHttpClient-1-5] DEBUG org.asynchttpclient.netty.channel.ChannelManager -- Adding key: http://localhost:37788 for channel [id: 0x0a4687ef, L:/127.0.0.1:56906 - R:localhost/127.0.0.1:37788]
20:42:48.914 [main] DEBUG net.serenitybdd.core.photography.Darkroom -- Send negative for processing for C:\Users\USUARIO\OneDrive\Documentos\02 Automatización\03 Pragma\pragma\pragma\target\site\serenity\582afbfc6efc13cd51fdda4fb2a400807aa3eb13bbdef42693e8c795723a2def.png
20:42:49.133 [AsyncHttpClient-1-1] DEBUG org.asynchttpclient.netty.channel.DefaultChannelPool -- Entry count for : http://localhost:37788 : 1
20:42:49.922 [main] DEBUG net.thucydides.core.steps.StepInterceptor -- STARTING STEP: StepInterceptor.testContext - extraigoElNombreYPrecioDelProducto
20:42:49.926 [Forwarding findElement on session 6816fae9-62fe-4961-814b-c44c7615c574 to remote] DEBUG org.asynchttpclient.netty.request.NettyRequestSender -- Using pooled Channel '[id: 0x0a4687ef, L:/127.0.0.1:56906 - R:localhost/127.0.0.1:37788]' for 'POST' to 'http://localhost:37788/session/6816fae9-62fe-4961-814b-c44c7615c574/element'
20:42:49.926 [Forwarding findElement on session 6816fae9-62fe-4961-814b-c44c7615c574 to remote] DEBUG org.asynchttpclient.netty.request.NettyRequestSender -- Using open Channel [id: 0x0a4687ef, L:/127.0.0.1:56906 - R:localhost/127.0.0.1:37788] for POST '/session/6816fae9-62fe-4961-814b-c44c7615c574/element'
20:42:49.930 [AsyncHttpClient-1-5] DEBUG org.asynchttpclient.netty.handler.HttpHandler -- 

Request DefaultHttpRequest(decodeResult: success, version: HTTP/1.1)
POST /session/6816fae9-62fe-4961-814b-c44c7615c574/element HTTP/1.1
User-Agent: selenium/4.12.0 (java windows)
Content-Length: 77
Content-Type: application/json; charset=utf-8
host: localhost:37788
accept: */*

Response DefaultHttpResponse(decodeResult: success, version: HTTP/1.1)
HTTP/1.1 200 OK
content-type: application/json; charset=utf-8
cache-control: no-cache
content-length: 88
date: Sun, 28 Apr 2024 01:42:49 GMT

20:42:49.930 [AsyncHttpClient-1-5] DEBUG org.asynchttpclient.netty.channel.ChannelManager -- Adding key: http://localhost:37788 for channel [id: 0x0a4687ef, L:/127.0.0.1:56906 - R:localhost/127.0.0.1:37788]
20:42:49.930 [Forwarding getElementText on session 6816fae9-62fe-4961-814b-c44c7615c574 to remote] DEBUG org.asynchttpclient.netty.request.NettyRequestSender -- Using pooled Channel '[id: 0x0a4687ef, L:/127.0.0.1:56906 - R:localhost/127.0.0.1:37788]' for 'GET' to 'http://localhost:37788/session/6816fae9-62fe-4961-814b-c44c7615c574/element/c6092a53-047b-4e31-ba91-b5921e9b3c87/text'
20:42:49.930 [Forwarding getElementText on session 6816fae9-62fe-4961-814b-c44c7615c574 to remote] DEBUG org.asynchttpclient.netty.request.NettyRequestSender -- Using open Channel [id: 0x0a4687ef, L:/127.0.0.1:56906 - R:localhost/127.0.0.1:37788] for GET '/session/6816fae9-62fe-4961-814b-c44c7615c574/element/c6092a53-047b-4e31-ba91-b5921e9b3c87/text'
20:42:49.938 [AsyncHttpClient-1-5] DEBUG org.asynchttpclient.netty.handler.HttpHandler -- 

Request DefaultFullHttpRequest(decodeResult: success, version: HTTP/1.1, content: EmptyByteBufBE)
GET /session/6816fae9-62fe-4961-814b-c44c7615c574/element/c6092a53-047b-4e31-ba91-b5921e9b3c87/text HTTP/1.1
Cache-Control: no-cache
User-Agent: selenium/4.12.0 (java windows)
Content-Type: application/json; charset=utf-8
host: localhost:37788
accept: */*

Response DefaultHttpResponse(decodeResult: success, version: HTTP/1.1)
HTTP/1.1 200 OK
content-type: application/json; charset=utf-8
cache-control: no-cache
content-length: 30
date: Sun, 28 Apr 2024 01:42:49 GMT

20:42:49.938 [AsyncHttpClient-1-5] DEBUG org.asynchttpclient.netty.channel.ChannelManager -- Adding key: http://localhost:37788 for channel [id: 0x0a4687ef, L:/127.0.0.1:56906 - R:localhost/127.0.0.1:37788]
20:42:49.938 [Forwarding findElement on session 6816fae9-62fe-4961-814b-c44c7615c574 to remote] DEBUG org.asynchttpclient.netty.request.NettyRequestSender -- Using pooled Channel '[id: 0x0a4687ef, L:/127.0.0.1:56906 - R:localhost/127.0.0.1:37788]' for 'POST' to 'http://localhost:37788/session/6816fae9-62fe-4961-814b-c44c7615c574/element'
20:42:49.938 [Forwarding findElement on session 6816fae9-62fe-4961-814b-c44c7615c574 to remote] DEBUG org.asynchttpclient.netty.request.NettyRequestSender -- Using open Channel [id: 0x0a4687ef, L:/127.0.0.1:56906 - R:localhost/127.0.0.1:37788] for POST '/session/6816fae9-62fe-4961-814b-c44c7615c574/element'
20:42:49.938 [AsyncHttpClient-1-5] DEBUG org.asynchttpclient.netty.handler.HttpHandler -- 

Request DefaultHttpRequest(decodeResult: success, version: HTTP/1.1)
POST /session/6816fae9-62fe-4961-814b-c44c7615c574/element HTTP/1.1
User-Agent: selenium/4.12.0 (java windows)
Content-Length: 66
Content-Type: application/json; charset=utf-8
host: localhost:37788
accept: */*

Response DefaultHttpResponse(decodeResult: success, version: HTTP/1.1)
HTTP/1.1 200 OK
content-type: application/json; charset=utf-8
cache-control: no-cache
content-length: 88
date: Sun, 28 Apr 2024 01:42:49 GMT

20:42:49.938 [AsyncHttpClient-1-5] DEBUG org.asynchttpclient.netty.channel.ChannelManager -- Adding key: http://localhost:37788 for channel [id: 0x0a4687ef, L:/127.0.0.1:56906 - R:localhost/127.0.0.1:37788]
20:42:49.938 [Forwarding getElementText on session 6816fae9-62fe-4961-814b-c44c7615c574 to remote] DEBUG org.asynchttpclient.netty.request.NettyRequestSender -- Using pooled Channel '[id: 0x0a4687ef, L:/127.0.0.1:56906 - R:localhost/127.0.0.1:37788]' for 'GET' to 'http://localhost:37788/session/6816fae9-62fe-4961-814b-c44c7615c574/element/2d494580-8e71-47a7-bb36-dfde7890e454/text'
20:42:49.938 [Forwarding getElementText on session 6816fae9-62fe-4961-814b-c44c7615c574 to remote] DEBUG org.asynchttpclient.netty.request.NettyRequestSender -- Using open Channel [id: 0x0a4687ef, L:/127.0.0.1:56906 - R:localhost/127.0.0.1:37788] for GET '/session/6816fae9-62fe-4961-814b-c44c7615c574/element/2d494580-8e71-47a7-bb36-dfde7890e454/text'
20:42:49.946 [AsyncHttpClient-1-5] DEBUG org.asynchttpclient.netty.handler.HttpHandler -- 

Request DefaultFullHttpRequest(decodeResult: success, version: HTTP/1.1, content: EmptyByteBufBE)
GET /session/6816fae9-62fe-4961-814b-c44c7615c574/element/2d494580-8e71-47a7-bb36-dfde7890e454/text HTTP/1.1
Cache-Control: no-cache
User-Agent: selenium/4.12.0 (java windows)
Content-Type: application/json; charset=utf-8
host: localhost:37788
accept: */*

Response DefaultHttpResponse(decodeResult: success, version: HTTP/1.1)
HTTP/1.1 200 OK
content-type: application/json; charset=utf-8
cache-control: no-cache
content-length: 28
date: Sun, 28 Apr 2024 01:42:49 GMT

20:42:49.946 [AsyncHttpClient-1-5] DEBUG org.asynchttpclient.netty.channel.ChannelManager -- Adding key: http://localhost:37788 for channel [id: 0x0a4687ef, L:/127.0.0.1:56906 - R:localhost/127.0.0.1:37788]
20:42:49.946 [Forwarding findElement on session 6816fae9-62fe-4961-814b-c44c7615c574 to remote] DEBUG org.asynchttpclient.netty.request.NettyRequestSender -- Using pooled Channel '[id: 0x0a4687ef, L:/127.0.0.1:56906 - R:localhost/127.0.0.1:37788]' for 'POST' to 'http://localhost:37788/session/6816fae9-62fe-4961-814b-c44c7615c574/element'
20:42:49.946 [Forwarding findElement on session 6816fae9-62fe-4961-814b-c44c7615c574 to remote] DEBUG org.asynchttpclient.netty.request.NettyRequestSender -- Using open Channel [id: 0x0a4687ef, L:/127.0.0.1:56906 - R:localhost/127.0.0.1:37788] for POST '/session/6816fae9-62fe-4961-814b-c44c7615c574/element'
20:42:49.946 [AsyncHttpClient-1-5] DEBUG org.asynchttpclient.netty.handler.HttpHandler -- 

Request DefaultHttpRequest(decodeResult: success, version: HTTP/1.1)
POST /session/6816fae9-62fe-4961-814b-c44c7615c574/element HTTP/1.1
User-Agent: selenium/4.12.0 (java windows)
Content-Length: 77
Content-Type: application/json; charset=utf-8
host: localhost:37788
accept: */*

Response DefaultHttpResponse(decodeResult: success, version: HTTP/1.1)
HTTP/1.1 200 OK
content-type: application/json; charset=utf-8
cache-control: no-cache
content-length: 88
date: Sun, 28 Apr 2024 01:42:49 GMT

20:42:49.946 [AsyncHttpClient-1-5] DEBUG org.asynchttpclient.netty.channel.ChannelManager -- Adding key: http://localhost:37788 for channel [id: 0x0a4687ef, L:/127.0.0.1:56906 - R:localhost/127.0.0.1:37788]
20:42:49.946 [Forwarding getElementText on session 6816fae9-62fe-4961-814b-c44c7615c574 to remote] DEBUG org.asynchttpclient.netty.request.NettyRequestSender -- Using pooled Channel '[id: 0x0a4687ef, L:/127.0.0.1:56906 - R:localhost/127.0.0.1:37788]' for 'GET' to 'http://localhost:37788/session/6816fae9-62fe-4961-814b-c44c7615c574/element/c6092a53-047b-4e31-ba91-b5921e9b3c87/text'
20:42:49.950 [Forwarding getElementText on session 6816fae9-62fe-4961-814b-c44c7615c574 to remote] DEBUG org.asynchttpclient.netty.request.NettyRequestSender -- Using open Channel [id: 0x0a4687ef, L:/127.0.0.1:56906 - R:localhost/127.0.0.1:37788] for GET '/session/6816fae9-62fe-4961-814b-c44c7615c574/element/c6092a53-047b-4e31-ba91-b5921e9b3c87/text'
20:42:49.954 [AsyncHttpClient-1-5] DEBUG org.asynchttpclient.netty.handler.HttpHandler -- 

Request DefaultFullHttpRequest(decodeResult: success, version: HTTP/1.1, content: EmptyByteBufBE)
GET /session/6816fae9-62fe-4961-814b-c44c7615c574/element/c6092a53-047b-4e31-ba91-b5921e9b3c87/text HTTP/1.1
Cache-Control: no-cache
User-Agent: selenium/4.12.0 (java windows)
Content-Type: application/json; charset=utf-8
host: localhost:37788
accept: */*

Response DefaultHttpResponse(decodeResult: success, version: HTTP/1.1)
HTTP/1.1 200 OK
content-type: application/json; charset=utf-8
cache-control: no-cache
content-length: 30
date: Sun, 28 Apr 2024 01:42:49 GMT

20:42:49.954 [AsyncHttpClient-1-5] DEBUG org.asynchttpclient.netty.channel.ChannelManager -- Adding key: http://localhost:37788 for channel [id: 0x0a4687ef, L:/127.0.0.1:56906 - R:localhost/127.0.0.1:37788]
20:42:49.954 [Forwarding findElement on session 6816fae9-62fe-4961-814b-c44c7615c574 to remote] DEBUG org.asynchttpclient.netty.request.NettyRequestSender -- Using pooled Channel '[id: 0x0a4687ef, L:/127.0.0.1:56906 - R:localhost/127.0.0.1:37788]' for 'POST' to 'http://localhost:37788/session/6816fae9-62fe-4961-814b-c44c7615c574/element'
20:42:49.954 [Forwarding findElement on session 6816fae9-62fe-4961-814b-c44c7615c574 to remote] DEBUG org.asynchttpclient.netty.request.NettyRequestSender -- Using open Channel [id: 0x0a4687ef, L:/127.0.0.1:56906 - R:localhost/127.0.0.1:37788] for POST '/session/6816fae9-62fe-4961-814b-c44c7615c574/element'
20:42:49.954 [AsyncHttpClient-1-5] DEBUG org.asynchttpclient.netty.handler.HttpHandler -- 

Request DefaultHttpRequest(decodeResult: success, version: HTTP/1.1)
POST /session/6816fae9-62fe-4961-814b-c44c7615c574/element HTTP/1.1
User-Agent: selenium/4.12.0 (java windows)
Content-Length: 66
Content-Type: application/json; charset=utf-8
host: localhost:37788
accept: */*

Response DefaultHttpResponse(decodeResult: success, version: HTTP/1.1)
HTTP/1.1 200 OK
content-type: application/json; charset=utf-8
cache-control: no-cache
content-length: 88
date: Sun, 28 Apr 2024 01:42:49 GMT

20:42:49.954 [AsyncHttpClient-1-5] DEBUG org.asynchttpclient.netty.channel.ChannelManager -- Adding key: http://localhost:37788 for channel [id: 0x0a4687ef, L:/127.0.0.1:56906 - R:localhost/127.0.0.1:37788]
20:42:49.958 [Forwarding getElementText on session 6816fae9-62fe-4961-814b-c44c7615c574 to remote] DEBUG org.asynchttpclient.netty.request.NettyRequestSender -- Using pooled Channel '[id: 0x0a4687ef, L:/127.0.0.1:56906 - R:localhost/127.0.0.1:37788]' for 'GET' to 'http://localhost:37788/session/6816fae9-62fe-4961-814b-c44c7615c574/element/2d494580-8e71-47a7-bb36-dfde7890e454/text'
20:42:49.958 [Forwarding getElementText on session 6816fae9-62fe-4961-814b-c44c7615c574 to remote] DEBUG org.asynchttpclient.netty.request.NettyRequestSender -- Using open Channel [id: 0x0a4687ef, L:/127.0.0.1:56906 - R:localhost/127.0.0.1:37788] for GET '/session/6816fae9-62fe-4961-814b-c44c7615c574/element/2d494580-8e71-47a7-bb36-dfde7890e454/text'
20:42:49.962 [AsyncHttpClient-1-5] DEBUG org.asynchttpclient.netty.handler.HttpHandler -- 

Request DefaultFullHttpRequest(decodeResult: success, version: HTTP/1.1, content: EmptyByteBufBE)
GET /session/6816fae9-62fe-4961-814b-c44c7615c574/element/2d494580-8e71-47a7-bb36-dfde7890e454/text HTTP/1.1
Cache-Control: no-cache
User-Agent: selenium/4.12.0 (java windows)
Content-Type: application/json; charset=utf-8
host: localhost:37788
accept: */*

Response DefaultHttpResponse(decodeResult: success, version: HTTP/1.1)
HTTP/1.1 200 OK
content-type: application/json; charset=utf-8
cache-control: no-cache
content-length: 28
date: Sun, 28 Apr 2024 01:42:49 GMT

20:42:49.962 [AsyncHttpClient-1-5] DEBUG org.asynchttpclient.netty.channel.ChannelManager -- Adding key: http://localhost:37788 for channel [id: 0x0a4687ef, L:/127.0.0.1:56906 - R:localhost/127.0.0.1:37788]
20:42:49.963 [Forwarding getAlertText on session 6816fae9-62fe-4961-814b-c44c7615c574 to remote] DEBUG org.asynchttpclient.netty.request.NettyRequestSender -- Using pooled Channel '[id: 0x0a4687ef, L:/127.0.0.1:56906 - R:localhost/127.0.0.1:37788]' for 'GET' to 'http://localhost:37788/session/6816fae9-62fe-4961-814b-c44c7615c574/alert/text'
20:42:49.963 [Forwarding getAlertText on session 6816fae9-62fe-4961-814b-c44c7615c574 to remote] DEBUG org.asynchttpclient.netty.request.NettyRequestSender -- Using open Channel [id: 0x0a4687ef, L:/127.0.0.1:56906 - R:localhost/127.0.0.1:37788] for GET '/session/6816fae9-62fe-4961-814b-c44c7615c574/alert/text'
20:42:49.963 [AsyncHttpClient-1-5] DEBUG org.asynchttpclient.netty.handler.HttpHandler -- 

Request DefaultFullHttpRequest(decodeResult: success, version: HTTP/1.1, content: EmptyByteBufBE)
GET /session/6816fae9-62fe-4961-814b-c44c7615c574/alert/text HTTP/1.1
Cache-Control: no-cache
User-Agent: selenium/4.12.0 (java windows)
Content-Type: application/json; charset=utf-8
host: localhost:37788
accept: */*

Response DefaultHttpResponse(decodeResult: success, version: HTTP/1.1)
HTTP/1.1 404 Not Found
content-type: application/json; charset=utf-8
cache-control: no-cache
content-length: 842
date: Sun, 28 Apr 2024 01:42:49 GMT

20:42:49.963 [AsyncHttpClient-1-5] DEBUG org.asynchttpclient.netty.channel.ChannelManager -- Adding key: http://localhost:37788 for channel [id: 0x0a4687ef, L:/127.0.0.1:56906 - R:localhost/127.0.0.1:37788]
20:42:50.232 [AsyncHttpClient-1-1] DEBUG org.asynchttpclient.netty.channel.DefaultChannelPool -- Entry count for : http://localhost:37788 : 1
20:42:50.467 [Forwarding getAlertText on session 6816fae9-62fe-4961-814b-c44c7615c574 to remote] DEBUG org.asynchttpclient.netty.request.NettyRequestSender -- Using pooled Channel '[id: 0x0a4687ef, L:/127.0.0.1:56906 - R:localhost/127.0.0.1:37788]' for 'GET' to 'http://localhost:37788/session/6816fae9-62fe-4961-814b-c44c7615c574/alert/text'
20:42:50.467 [Forwarding getAlertText on session 6816fae9-62fe-4961-814b-c44c7615c574 to remote] DEBUG org.asynchttpclient.netty.request.NettyRequestSender -- Using open Channel [id: 0x0a4687ef, L:/127.0.0.1:56906 - R:localhost/127.0.0.1:37788] for GET '/session/6816fae9-62fe-4961-814b-c44c7615c574/alert/text'
20:42:50.471 [AsyncHttpClient-1-5] DEBUG org.asynchttpclient.netty.handler.HttpHandler -- 

Request DefaultFullHttpRequest(decodeResult: success, version: HTTP/1.1, content: EmptyByteBufBE)
GET /session/6816fae9-62fe-4961-814b-c44c7615c574/alert/text HTTP/1.1
Cache-Control: no-cache
User-Agent: selenium/4.12.0 (java windows)
Content-Type: application/json; charset=utf-8
host: localhost:37788
accept: */*

Response DefaultHttpResponse(decodeResult: success, version: HTTP/1.1)
HTTP/1.1 404 Not Found
content-type: application/json; charset=utf-8
cache-control: no-cache
content-length: 842
date: Sun, 28 Apr 2024 01:42:49 GMT

20:42:50.471 [AsyncHttpClient-1-5] DEBUG org.asynchttpclient.netty.channel.ChannelManager -- Adding key: http://localhost:37788 for channel [id: 0x0a4687ef, L:/127.0.0.1:56906 - R:localhost/127.0.0.1:37788]
20:42:50.471 [Forwarding getCurrentUrl on session 6816fae9-62fe-4961-814b-c44c7615c574 to remote] DEBUG org.asynchttpclient.netty.request.NettyRequestSender -- Using pooled Channel '[id: 0x0a4687ef, L:/127.0.0.1:56906 - R:localhost/127.0.0.1:37788]' for 'GET' to 'http://localhost:37788/session/6816fae9-62fe-4961-814b-c44c7615c574/url'
20:42:50.471 [Forwarding getCurrentUrl on session 6816fae9-62fe-4961-814b-c44c7615c574 to remote] DEBUG org.asynchttpclient.netty.request.NettyRequestSender -- Using open Channel [id: 0x0a4687ef, L:/127.0.0.1:56906 - R:localhost/127.0.0.1:37788] for GET '/session/6816fae9-62fe-4961-814b-c44c7615c574/url'
20:42:50.475 [AsyncHttpClient-1-5] DEBUG org.asynchttpclient.netty.handler.HttpHandler -- 

Request DefaultFullHttpRequest(decodeResult: success, version: HTTP/1.1, content: EmptyByteBufBE)
GET /session/6816fae9-62fe-4961-814b-c44c7615c574/url HTTP/1.1
Cache-Control: no-cache
User-Agent: selenium/4.12.0 (java windows)
Content-Type: application/json; charset=utf-8
host: localhost:37788
accept: */*

Response DefaultHttpResponse(decodeResult: success, version: HTTP/1.1)
HTTP/1.1 200 OK
content-type: application/json; charset=utf-8
cache-control: no-cache
content-length: 55
date: Sun, 28 Apr 2024 01:42:49 GMT

20:42:50.475 [AsyncHttpClient-1-5] DEBUG org.asynchttpclient.netty.channel.ChannelManager -- Adding key: http://localhost:37788 for channel [id: 0x0a4687ef, L:/127.0.0.1:56906 - R:localhost/127.0.0.1:37788]
20:42:50.479 [Forwarding screenshot on session 6816fae9-62fe-4961-814b-c44c7615c574 to remote] DEBUG org.asynchttpclient.netty.request.NettyRequestSender -- Using pooled Channel '[id: 0x0a4687ef, L:/127.0.0.1:56906 - R:localhost/127.0.0.1:37788]' for 'GET' to 'http://localhost:37788/session/6816fae9-62fe-4961-814b-c44c7615c574/screenshot'
20:42:50.479 [Forwarding screenshot on session 6816fae9-62fe-4961-814b-c44c7615c574 to remote] DEBUG org.asynchttpclient.netty.request.NettyRequestSender -- Using open Channel [id: 0x0a4687ef, L:/127.0.0.1:56906 - R:localhost/127.0.0.1:37788] for GET '/session/6816fae9-62fe-4961-814b-c44c7615c574/screenshot'
20:42:50.531 [AsyncHttpClient-1-5] DEBUG org.asynchttpclient.netty.handler.HttpHandler -- 

Request DefaultFullHttpRequest(decodeResult: success, version: HTTP/1.1, content: EmptyByteBufBE)
GET /session/6816fae9-62fe-4961-814b-c44c7615c574/screenshot HTTP/1.1
Cache-Control: no-cache
User-Agent: selenium/4.12.0 (java windows)
Content-Type: application/json; charset=utf-8
host: localhost:37788
accept: */*

Response DefaultHttpResponse(decodeResult: success, version: HTTP/1.1)
HTTP/1.1 200 OK
content-type: application/json; charset=utf-8
cache-control: no-cache
content-length: 541772
date: Sun, 28 Apr 2024 01:42:49 GMT

20:42:50.531 [AsyncHttpClient-1-5] DEBUG org.asynchttpclient.netty.channel.ChannelManager -- Adding key: http://localhost:37788 for channel [id: 0x0a4687ef, L:/127.0.0.1:56906 - R:localhost/127.0.0.1:37788]
20:42:50.535 [main] DEBUG net.serenitybdd.core.photography.Darkroom -- Send negative for processing for C:\Users\USUARIO\OneDrive\Documentos\02 Automatización\03 Pragma\pragma\pragma\target\site\serenity\582afbfc6efc13cd51fdda4fb2a400807aa3eb13bbdef42693e8c795723a2def.png
20:42:51.338 [AsyncHttpClient-1-1] DEBUG org.asynchttpclient.netty.channel.DefaultChannelPool -- Entry count for : http://localhost:37788 : 1
20:42:51.539 [main] DEBUG net.thucydides.core.steps.StepInterceptor -- STEP DONE: extraigoElNombreYPrecioDelProducto
20:42:51.543 [Forwarding getAlertText on session 6816fae9-62fe-4961-814b-c44c7615c574 to remote] DEBUG org.asynchttpclient.netty.request.NettyRequestSender -- Using pooled Channel '[id: 0x0a4687ef, L:/127.0.0.1:56906 - R:localhost/127.0.0.1:37788]' for 'GET' to 'http://localhost:37788/session/6816fae9-62fe-4961-814b-c44c7615c574/alert/text'
20:42:51.543 [Forwarding getAlertText on session 6816fae9-62fe-4961-814b-c44c7615c574 to remote] DEBUG org.asynchttpclient.netty.request.NettyRequestSender -- Using open Channel [id: 0x0a4687ef, L:/127.0.0.1:56906 - R:localhost/127.0.0.1:37788] for GET '/session/6816fae9-62fe-4961-814b-c44c7615c574/alert/text'
20:42:51.545 [AsyncHttpClient-1-5] DEBUG org.asynchttpclient.netty.handler.HttpHandler -- 

Request DefaultFullHttpRequest(decodeResult: success, version: HTTP/1.1, content: EmptyByteBufBE)
GET /session/6816fae9-62fe-4961-814b-c44c7615c574/alert/text HTTP/1.1
Cache-Control: no-cache
User-Agent: selenium/4.12.0 (java windows)
Content-Type: application/json; charset=utf-8
host: localhost:37788
accept: */*

Response DefaultHttpResponse(decodeResult: success, version: HTTP/1.1)
HTTP/1.1 404 Not Found
content-type: application/json; charset=utf-8
cache-control: no-cache
content-length: 842
date: Sun, 28 Apr 2024 01:42:51 GMT

20:42:51.545 [AsyncHttpClient-1-5] DEBUG org.asynchttpclient.netty.channel.ChannelManager -- Adding key: http://localhost:37788 for channel [id: 0x0a4687ef, L:/127.0.0.1:56906 - R:localhost/127.0.0.1:37788]
20:42:51.545 [Forwarding getCurrentUrl on session 6816fae9-62fe-4961-814b-c44c7615c574 to remote] DEBUG org.asynchttpclient.netty.request.NettyRequestSender -- Using pooled Channel '[id: 0x0a4687ef, L:/127.0.0.1:56906 - R:localhost/127.0.0.1:37788]' for 'GET' to 'http://localhost:37788/session/6816fae9-62fe-4961-814b-c44c7615c574/url'
20:42:51.545 [Forwarding getCurrentUrl on session 6816fae9-62fe-4961-814b-c44c7615c574 to remote] DEBUG org.asynchttpclient.netty.request.NettyRequestSender -- Using open Channel [id: 0x0a4687ef, L:/127.0.0.1:56906 - R:localhost/127.0.0.1:37788] for GET '/session/6816fae9-62fe-4961-814b-c44c7615c574/url'
20:42:51.549 [AsyncHttpClient-1-5] DEBUG org.asynchttpclient.netty.handler.HttpHandler -- 

Request DefaultFullHttpRequest(decodeResult: success, version: HTTP/1.1, content: EmptyByteBufBE)
GET /session/6816fae9-62fe-4961-814b-c44c7615c574/url HTTP/1.1
Cache-Control: no-cache
User-Agent: selenium/4.12.0 (java windows)
Content-Type: application/json; charset=utf-8
host: localhost:37788
accept: */*

Response DefaultHttpResponse(decodeResult: success, version: HTTP/1.1)
HTTP/1.1 200 OK
content-type: application/json; charset=utf-8
cache-control: no-cache
content-length: 55
date: Sun, 28 Apr 2024 01:42:51 GMT

20:42:51.549 [AsyncHttpClient-1-5] DEBUG org.asynchttpclient.netty.channel.ChannelManager -- Adding key: http://localhost:37788 for channel [id: 0x0a4687ef, L:/127.0.0.1:56906 - R:localhost/127.0.0.1:37788]
20:42:51.549 [Forwarding screenshot on session 6816fae9-62fe-4961-814b-c44c7615c574 to remote] DEBUG org.asynchttpclient.netty.request.NettyRequestSender -- Using pooled Channel '[id: 0x0a4687ef, L:/127.0.0.1:56906 - R:localhost/127.0.0.1:37788]' for 'GET' to 'http://localhost:37788/session/6816fae9-62fe-4961-814b-c44c7615c574/screenshot'
20:42:51.549 [Forwarding screenshot on session 6816fae9-62fe-4961-814b-c44c7615c574 to remote] DEBUG org.asynchttpclient.netty.request.NettyRequestSender -- Using open Channel [id: 0x0a4687ef, L:/127.0.0.1:56906 - R:localhost/127.0.0.1:37788] for GET '/session/6816fae9-62fe-4961-814b-c44c7615c574/screenshot'
20:42:51.605 [AsyncHttpClient-1-5] DEBUG org.asynchttpclient.netty.handler.HttpHandler -- 

Request DefaultFullHttpRequest(decodeResult: success, version: HTTP/1.1, content: EmptyByteBufBE)
GET /session/6816fae9-62fe-4961-814b-c44c7615c574/screenshot HTTP/1.1
Cache-Control: no-cache
User-Agent: selenium/4.12.0 (java windows)
Content-Type: application/json; charset=utf-8
host: localhost:37788
accept: */*

Response DefaultHttpResponse(decodeResult: success, version: HTTP/1.1)
HTTP/1.1 200 OK
content-type: application/json; charset=utf-8
cache-control: no-cache
content-length: 541772
date: Sun, 28 Apr 2024 01:42:51 GMT

20:42:51.605 [AsyncHttpClient-1-5] DEBUG org.asynchttpclient.netty.channel.ChannelManager -- Adding key: http://localhost:37788 for channel [id: 0x0a4687ef, L:/127.0.0.1:56906 - R:localhost/127.0.0.1:37788]
20:42:51.609 [main] DEBUG net.serenitybdd.core.photography.Darkroom -- Send negative for processing for C:\Users\USUARIO\OneDrive\Documentos\02 Automatización\03 Pragma\pragma\pragma\target\site\serenity\582afbfc6efc13cd51fdda4fb2a400807aa3eb13bbdef42693e8c795723a2def.png
20:42:52.433 [AsyncHttpClient-1-1] DEBUG org.asynchttpclient.netty.channel.DefaultChannelPool -- Entry count for : http://localhost:37788 : 1
20:42:52.626 [main] DEBUG net.thucydides.core.steps.StepInterceptor -- STARTING STEP: StepInterceptor.testContext - agregoElProductoAlCarritoDeCompra
20:42:52.626 [Forwarding findElement on session 6816fae9-62fe-4961-814b-c44c7615c574 to remote] DEBUG org.asynchttpclient.netty.request.NettyRequestSender -- Using pooled Channel '[id: 0x0a4687ef, L:/127.0.0.1:56906 - R:localhost/127.0.0.1:37788]' for 'POST' to 'http://localhost:37788/session/6816fae9-62fe-4961-814b-c44c7615c574/element'
20:42:52.626 [Forwarding findElement on session 6816fae9-62fe-4961-814b-c44c7615c574 to remote] DEBUG org.asynchttpclient.netty.request.NettyRequestSender -- Using open Channel [id: 0x0a4687ef, L:/127.0.0.1:56906 - R:localhost/127.0.0.1:37788] for POST '/session/6816fae9-62fe-4961-814b-c44c7615c574/element'
20:42:52.630 [AsyncHttpClient-1-5] DEBUG org.asynchttpclient.netty.handler.HttpHandler -- 

Request DefaultHttpRequest(decodeResult: success, version: HTTP/1.1)
POST /session/6816fae9-62fe-4961-814b-c44c7615c574/element HTTP/1.1
User-Agent: selenium/4.12.0 (java windows)
Content-Length: 83
Content-Type: application/json; charset=utf-8
host: localhost:37788
accept: */*

Response DefaultHttpResponse(decodeResult: success, version: HTTP/1.1)
HTTP/1.1 200 OK
content-type: application/json; charset=utf-8
cache-control: no-cache
content-length: 88
date: Sun, 28 Apr 2024 01:42:52 GMT

20:42:52.630 [AsyncHttpClient-1-5] DEBUG org.asynchttpclient.netty.channel.ChannelManager -- Adding key: http://localhost:37788 for channel [id: 0x0a4687ef, L:/127.0.0.1:56906 - R:localhost/127.0.0.1:37788]
20:42:52.634 [Forwarding getElementTagName on session 6816fae9-62fe-4961-814b-c44c7615c574 to remote] DEBUG org.asynchttpclient.netty.request.NettyRequestSender -- Using pooled Channel '[id: 0x0a4687ef, L:/127.0.0.1:56906 - R:localhost/127.0.0.1:37788]' for 'GET' to 'http://localhost:37788/session/6816fae9-62fe-4961-814b-c44c7615c574/element/8505552b-fe58-4f53-8ab7-a4dde6e8bdf7/name'
20:42:52.634 [Forwarding getElementTagName on session 6816fae9-62fe-4961-814b-c44c7615c574 to remote] DEBUG org.asynchttpclient.netty.request.NettyRequestSender -- Using open Channel [id: 0x0a4687ef, L:/127.0.0.1:56906 - R:localhost/127.0.0.1:37788] for GET '/session/6816fae9-62fe-4961-814b-c44c7615c574/element/8505552b-fe58-4f53-8ab7-a4dde6e8bdf7/name'
20:42:52.634 [AsyncHttpClient-1-5] DEBUG org.asynchttpclient.netty.handler.HttpHandler -- 

Request DefaultFullHttpRequest(decodeResult: success, version: HTTP/1.1, content: EmptyByteBufBE)
GET /session/6816fae9-62fe-4961-814b-c44c7615c574/element/8505552b-fe58-4f53-8ab7-a4dde6e8bdf7/name HTTP/1.1
Cache-Control: no-cache
User-Agent: selenium/4.12.0 (java windows)
Content-Type: application/json; charset=utf-8
host: localhost:37788
accept: */*

Response DefaultHttpResponse(decodeResult: success, version: HTTP/1.1)
HTTP/1.1 200 OK
content-type: application/json; charset=utf-8
cache-control: no-cache
content-length: 13
date: Sun, 28 Apr 2024 01:42:52 GMT

20:42:52.634 [AsyncHttpClient-1-5] DEBUG org.asynchttpclient.netty.channel.ChannelManager -- Adding key: http://localhost:37788 for channel [id: 0x0a4687ef, L:/127.0.0.1:56906 - R:localhost/127.0.0.1:37788]
20:42:52.634 [Forwarding getElementTagName on session 6816fae9-62fe-4961-814b-c44c7615c574 to remote] DEBUG org.asynchttpclient.netty.request.NettyRequestSender -- Using pooled Channel '[id: 0x0a4687ef, L:/127.0.0.1:56906 - R:localhost/127.0.0.1:37788]' for 'GET' to 'http://localhost:37788/session/6816fae9-62fe-4961-814b-c44c7615c574/element/8505552b-fe58-4f53-8ab7-a4dde6e8bdf7/name'
20:42:52.634 [Forwarding getElementTagName on session 6816fae9-62fe-4961-814b-c44c7615c574 to remote] DEBUG org.asynchttpclient.netty.request.NettyRequestSender -- Using open Channel [id: 0x0a4687ef, L:/127.0.0.1:56906 - R:localhost/127.0.0.1:37788] for GET '/session/6816fae9-62fe-4961-814b-c44c7615c574/element/8505552b-fe58-4f53-8ab7-a4dde6e8bdf7/name'
20:42:52.638 [AsyncHttpClient-1-5] DEBUG org.asynchttpclient.netty.handler.HttpHandler -- 

Request DefaultFullHttpRequest(decodeResult: success, version: HTTP/1.1, content: EmptyByteBufBE)
GET /session/6816fae9-62fe-4961-814b-c44c7615c574/element/8505552b-fe58-4f53-8ab7-a4dde6e8bdf7/name HTTP/1.1
Cache-Control: no-cache
User-Agent: selenium/4.12.0 (java windows)
Content-Type: application/json; charset=utf-8
host: localhost:37788
accept: */*

Response DefaultHttpResponse(decodeResult: success, version: HTTP/1.1)
HTTP/1.1 200 OK
content-type: application/json; charset=utf-8
cache-control: no-cache
content-length: 13
date: Sun, 28 Apr 2024 01:42:52 GMT

20:42:52.638 [AsyncHttpClient-1-5] DEBUG org.asynchttpclient.netty.channel.ChannelManager -- Adding key: http://localhost:37788 for channel [id: 0x0a4687ef, L:/127.0.0.1:56906 - R:localhost/127.0.0.1:37788]
20:42:52.638 [Forwarding findElement on session 6816fae9-62fe-4961-814b-c44c7615c574 to remote] DEBUG org.asynchttpclient.netty.request.NettyRequestSender -- Using pooled Channel '[id: 0x0a4687ef, L:/127.0.0.1:56906 - R:localhost/127.0.0.1:37788]' for 'POST' to 'http://localhost:37788/session/6816fae9-62fe-4961-814b-c44c7615c574/element'
20:42:52.638 [Forwarding findElement on session 6816fae9-62fe-4961-814b-c44c7615c574 to remote] DEBUG org.asynchttpclient.netty.request.NettyRequestSender -- Using open Channel [id: 0x0a4687ef, L:/127.0.0.1:56906 - R:localhost/127.0.0.1:37788] for POST '/session/6816fae9-62fe-4961-814b-c44c7615c574/element'
20:42:52.638 [AsyncHttpClient-1-5] DEBUG org.asynchttpclient.netty.handler.HttpHandler -- 

Request DefaultHttpRequest(decodeResult: success, version: HTTP/1.1)
POST /session/6816fae9-62fe-4961-814b-c44c7615c574/element HTTP/1.1
User-Agent: selenium/4.12.0 (java windows)
Content-Length: 83
Content-Type: application/json; charset=utf-8
host: localhost:37788
accept: */*

Response DefaultHttpResponse(decodeResult: success, version: HTTP/1.1)
HTTP/1.1 200 OK
content-type: application/json; charset=utf-8
cache-control: no-cache
content-length: 88
date: Sun, 28 Apr 2024 01:42:52 GMT

20:42:52.638 [AsyncHttpClient-1-5] DEBUG org.asynchttpclient.netty.channel.ChannelManager -- Adding key: http://localhost:37788 for channel [id: 0x0a4687ef, L:/127.0.0.1:56906 - R:localhost/127.0.0.1:37788]
20:42:52.638 [Forwarding clickElement on session 6816fae9-62fe-4961-814b-c44c7615c574 to remote] DEBUG org.asynchttpclient.netty.request.NettyRequestSender -- Using pooled Channel '[id: 0x0a4687ef, L:/127.0.0.1:56906 - R:localhost/127.0.0.1:37788]' for 'POST' to 'http://localhost:37788/session/6816fae9-62fe-4961-814b-c44c7615c574/element/8505552b-fe58-4f53-8ab7-a4dde6e8bdf7/click'
20:42:52.638 [Forwarding clickElement on session 6816fae9-62fe-4961-814b-c44c7615c574 to remote] DEBUG org.asynchttpclient.netty.request.NettyRequestSender -- Using open Channel [id: 0x0a4687ef, L:/127.0.0.1:56906 - R:localhost/127.0.0.1:37788] for POST '/session/6816fae9-62fe-4961-814b-c44c7615c574/element/8505552b-fe58-4f53-8ab7-a4dde6e8bdf7/click'
20:42:52.655 [AsyncHttpClient-1-5] DEBUG org.asynchttpclient.netty.handler.HttpHandler -- 

Request DefaultHttpRequest(decodeResult: success, version: HTTP/1.1)
POST /session/6816fae9-62fe-4961-814b-c44c7615c574/element/8505552b-fe58-4f53-8ab7-a4dde6e8bdf7/click HTTP/1.1
User-Agent: selenium/4.12.0 (java windows)
Content-Length: 50
Content-Type: application/json; charset=utf-8
host: localhost:37788
accept: */*

Response DefaultHttpResponse(decodeResult: success, version: HTTP/1.1)
HTTP/1.1 200 OK
content-type: application/json; charset=utf-8
cache-control: no-cache
content-length: 14
date: Sun, 28 Apr 2024 01:42:52 GMT

20:42:52.655 [AsyncHttpClient-1-5] DEBUG org.asynchttpclient.netty.channel.ChannelManager -- Adding key: http://localhost:37788 for channel [id: 0x0a4687ef, L:/127.0.0.1:56906 - R:localhost/127.0.0.1:37788]
20:42:52.655 [Forwarding getAlertText on session 6816fae9-62fe-4961-814b-c44c7615c574 to remote] DEBUG org.asynchttpclient.netty.request.NettyRequestSender -- Using pooled Channel '[id: 0x0a4687ef, L:/127.0.0.1:56906 - R:localhost/127.0.0.1:37788]' for 'GET' to 'http://localhost:37788/session/6816fae9-62fe-4961-814b-c44c7615c574/alert/text'
20:42:52.655 [Forwarding getAlertText on session 6816fae9-62fe-4961-814b-c44c7615c574 to remote] DEBUG org.asynchttpclient.netty.request.NettyRequestSender -- Using open Channel [id: 0x0a4687ef, L:/127.0.0.1:56906 - R:localhost/127.0.0.1:37788] for GET '/session/6816fae9-62fe-4961-814b-c44c7615c574/alert/text'
20:42:52.655 [AsyncHttpClient-1-5] DEBUG org.asynchttpclient.netty.handler.HttpHandler -- 

Request DefaultFullHttpRequest(decodeResult: success, version: HTTP/1.1, content: EmptyByteBufBE)
GET /session/6816fae9-62fe-4961-814b-c44c7615c574/alert/text HTTP/1.1
Cache-Control: no-cache
User-Agent: selenium/4.12.0 (java windows)
Content-Type: application/json; charset=utf-8
host: localhost:37788
accept: */*

Response DefaultHttpResponse(decodeResult: success, version: HTTP/1.1)
HTTP/1.1 404 Not Found
content-type: application/json; charset=utf-8
cache-control: no-cache
content-length: 842
date: Sun, 28 Apr 2024 01:42:52 GMT

20:42:52.655 [AsyncHttpClient-1-5] DEBUG org.asynchttpclient.netty.channel.ChannelManager -- Adding key: http://localhost:37788 for channel [id: 0x0a4687ef, L:/127.0.0.1:56906 - R:localhost/127.0.0.1:37788]
20:42:53.168 [Forwarding getAlertText on session 6816fae9-62fe-4961-814b-c44c7615c574 to remote] DEBUG org.asynchttpclient.netty.request.NettyRequestSender -- Using pooled Channel '[id: 0x0a4687ef, L:/127.0.0.1:56906 - R:localhost/127.0.0.1:37788]' for 'GET' to 'http://localhost:37788/session/6816fae9-62fe-4961-814b-c44c7615c574/alert/text'
20:42:53.168 [Forwarding getAlertText on session 6816fae9-62fe-4961-814b-c44c7615c574 to remote] DEBUG org.asynchttpclient.netty.request.NettyRequestSender -- Using open Channel [id: 0x0a4687ef, L:/127.0.0.1:56906 - R:localhost/127.0.0.1:37788] for GET '/session/6816fae9-62fe-4961-814b-c44c7615c574/alert/text'
20:42:53.173 [AsyncHttpClient-1-5] DEBUG org.asynchttpclient.netty.handler.HttpHandler -- 

Request DefaultFullHttpRequest(decodeResult: success, version: HTTP/1.1, content: EmptyByteBufBE)
GET /session/6816fae9-62fe-4961-814b-c44c7615c574/alert/text HTTP/1.1
Cache-Control: no-cache
User-Agent: selenium/4.12.0 (java windows)
Content-Type: application/json; charset=utf-8
host: localhost:37788
accept: */*

Response DefaultHttpResponse(decodeResult: success, version: HTTP/1.1)
HTTP/1.1 200 OK
content-type: application/json; charset=utf-8
cache-control: no-cache
content-length: 25
date: Sun, 28 Apr 2024 01:42:52 GMT

20:42:53.173 [AsyncHttpClient-1-5] DEBUG org.asynchttpclient.netty.channel.ChannelManager -- Adding key: http://localhost:37788 for channel [id: 0x0a4687ef, L:/127.0.0.1:56906 - R:localhost/127.0.0.1:37788]
20:42:53.175 [Forwarding getAlertText on session 6816fae9-62fe-4961-814b-c44c7615c574 to remote] DEBUG org.asynchttpclient.netty.request.NettyRequestSender -- Using pooled Channel '[id: 0x0a4687ef, L:/127.0.0.1:56906 - R:localhost/127.0.0.1:37788]' for 'GET' to 'http://localhost:37788/session/6816fae9-62fe-4961-814b-c44c7615c574/alert/text'
20:42:53.175 [Forwarding getAlertText on session 6816fae9-62fe-4961-814b-c44c7615c574 to remote] DEBUG org.asynchttpclient.netty.request.NettyRequestSender -- Using open Channel [id: 0x0a4687ef, L:/127.0.0.1:56906 - R:localhost/127.0.0.1:37788] for GET '/session/6816fae9-62fe-4961-814b-c44c7615c574/alert/text'
20:42:53.175 [AsyncHttpClient-1-5] DEBUG org.asynchttpclient.netty.handler.HttpHandler -- 

Request DefaultFullHttpRequest(decodeResult: success, version: HTTP/1.1, content: EmptyByteBufBE)
GET /session/6816fae9-62fe-4961-814b-c44c7615c574/alert/text HTTP/1.1
Cache-Control: no-cache
User-Agent: selenium/4.12.0 (java windows)
Content-Type: application/json; charset=utf-8
host: localhost:37788
accept: */*

Response DefaultHttpResponse(decodeResult: success, version: HTTP/1.1)
HTTP/1.1 200 OK
content-type: application/json; charset=utf-8
cache-control: no-cache
content-length: 25
date: Sun, 28 Apr 2024 01:42:52 GMT

20:42:53.175 [AsyncHttpClient-1-5] DEBUG org.asynchttpclient.netty.channel.ChannelManager -- Adding key: http://localhost:37788 for channel [id: 0x0a4687ef, L:/127.0.0.1:56906 - R:localhost/127.0.0.1:37788]
20:42:53.175 [Forwarding acceptAlert on session 6816fae9-62fe-4961-814b-c44c7615c574 to remote] DEBUG org.asynchttpclient.netty.request.NettyRequestSender -- Using pooled Channel '[id: 0x0a4687ef, L:/127.0.0.1:56906 - R:localhost/127.0.0.1:37788]' for 'POST' to 'http://localhost:37788/session/6816fae9-62fe-4961-814b-c44c7615c574/alert/accept'
20:42:53.175 [Forwarding acceptAlert on session 6816fae9-62fe-4961-814b-c44c7615c574 to remote] DEBUG org.asynchttpclient.netty.request.NettyRequestSender -- Using open Channel [id: 0x0a4687ef, L:/127.0.0.1:56906 - R:localhost/127.0.0.1:37788] for POST '/session/6816fae9-62fe-4961-814b-c44c7615c574/alert/accept'
20:42:53.200 [AsyncHttpClient-1-5] DEBUG org.asynchttpclient.netty.handler.HttpHandler -- 

Request DefaultHttpRequest(decodeResult: success, version: HTTP/1.1)
POST /session/6816fae9-62fe-4961-814b-c44c7615c574/alert/accept HTTP/1.1
User-Agent: selenium/4.12.0 (java windows)
Content-Length: 3
Content-Type: application/json; charset=utf-8
host: localhost:37788
accept: */*

Response DefaultHttpResponse(decodeResult: success, version: HTTP/1.1)
HTTP/1.1 200 OK
content-type: application/json; charset=utf-8
cache-control: no-cache
content-length: 14
date: Sun, 28 Apr 2024 01:42:52 GMT

20:42:53.200 [AsyncHttpClient-1-5] DEBUG org.asynchttpclient.netty.channel.ChannelManager -- Adding key: http://localhost:37788 for channel [id: 0x0a4687ef, L:/127.0.0.1:56906 - R:localhost/127.0.0.1:37788]
20:42:53.208 [Forwarding getAlertText on session 6816fae9-62fe-4961-814b-c44c7615c574 to remote] DEBUG org.asynchttpclient.netty.request.NettyRequestSender -- Using pooled Channel '[id: 0x0a4687ef, L:/127.0.0.1:56906 - R:localhost/127.0.0.1:37788]' for 'GET' to 'http://localhost:37788/session/6816fae9-62fe-4961-814b-c44c7615c574/alert/text'
20:42:53.208 [Forwarding getAlertText on session 6816fae9-62fe-4961-814b-c44c7615c574 to remote] DEBUG org.asynchttpclient.netty.request.NettyRequestSender -- Using open Channel [id: 0x0a4687ef, L:/127.0.0.1:56906 - R:localhost/127.0.0.1:37788] for GET '/session/6816fae9-62fe-4961-814b-c44c7615c574/alert/text'
20:42:53.208 [AsyncHttpClient-1-5] DEBUG org.asynchttpclient.netty.handler.HttpHandler -- 

Request DefaultFullHttpRequest(decodeResult: success, version: HTTP/1.1, content: EmptyByteBufBE)
GET /session/6816fae9-62fe-4961-814b-c44c7615c574/alert/text HTTP/1.1
Cache-Control: no-cache
User-Agent: selenium/4.12.0 (java windows)
Content-Type: application/json; charset=utf-8
host: localhost:37788
accept: */*

Response DefaultHttpResponse(decodeResult: success, version: HTTP/1.1)
HTTP/1.1 404 Not Found
content-type: application/json; charset=utf-8
cache-control: no-cache
content-length: 842
date: Sun, 28 Apr 2024 01:42:52 GMT

20:42:53.208 [AsyncHttpClient-1-5] DEBUG org.asynchttpclient.netty.channel.ChannelManager -- Adding key: http://localhost:37788 for channel [id: 0x0a4687ef, L:/127.0.0.1:56906 - R:localhost/127.0.0.1:37788]
20:42:53.212 [Forwarding getCurrentUrl on session 6816fae9-62fe-4961-814b-c44c7615c574 to remote] DEBUG org.asynchttpclient.netty.request.NettyRequestSender -- Using pooled Channel '[id: 0x0a4687ef, L:/127.0.0.1:56906 - R:localhost/127.0.0.1:37788]' for 'GET' to 'http://localhost:37788/session/6816fae9-62fe-4961-814b-c44c7615c574/url'
20:42:53.212 [Forwarding getCurrentUrl on session 6816fae9-62fe-4961-814b-c44c7615c574 to remote] DEBUG org.asynchttpclient.netty.request.NettyRequestSender -- Using open Channel [id: 0x0a4687ef, L:/127.0.0.1:56906 - R:localhost/127.0.0.1:37788] for GET '/session/6816fae9-62fe-4961-814b-c44c7615c574/url'
20:42:53.212 [AsyncHttpClient-1-5] DEBUG org.asynchttpclient.netty.handler.HttpHandler -- 

Request DefaultFullHttpRequest(decodeResult: success, version: HTTP/1.1, content: EmptyByteBufBE)
GET /session/6816fae9-62fe-4961-814b-c44c7615c574/url HTTP/1.1
Cache-Control: no-cache
User-Agent: selenium/4.12.0 (java windows)
Content-Type: application/json; charset=utf-8
host: localhost:37788
accept: */*

Response DefaultHttpResponse(decodeResult: success, version: HTTP/1.1)
HTTP/1.1 200 OK
content-type: application/json; charset=utf-8
cache-control: no-cache
content-length: 56
date: Sun, 28 Apr 2024 01:42:52 GMT

20:42:53.212 [AsyncHttpClient-1-5] DEBUG org.asynchttpclient.netty.channel.ChannelManager -- Adding key: http://localhost:37788 for channel [id: 0x0a4687ef, L:/127.0.0.1:56906 - R:localhost/127.0.0.1:37788]
20:42:53.212 [Forwarding screenshot on session 6816fae9-62fe-4961-814b-c44c7615c574 to remote] DEBUG org.asynchttpclient.netty.request.NettyRequestSender -- Using pooled Channel '[id: 0x0a4687ef, L:/127.0.0.1:56906 - R:localhost/127.0.0.1:37788]' for 'GET' to 'http://localhost:37788/session/6816fae9-62fe-4961-814b-c44c7615c574/screenshot'
20:42:53.212 [Forwarding screenshot on session 6816fae9-62fe-4961-814b-c44c7615c574 to remote] DEBUG org.asynchttpclient.netty.request.NettyRequestSender -- Using open Channel [id: 0x0a4687ef, L:/127.0.0.1:56906 - R:localhost/127.0.0.1:37788] for GET '/session/6816fae9-62fe-4961-814b-c44c7615c574/screenshot'
20:42:53.277 [AsyncHttpClient-1-5] DEBUG org.asynchttpclient.netty.handler.HttpHandler -- 

Request DefaultFullHttpRequest(decodeResult: success, version: HTTP/1.1, content: EmptyByteBufBE)
GET /session/6816fae9-62fe-4961-814b-c44c7615c574/screenshot HTTP/1.1
Cache-Control: no-cache
User-Agent: selenium/4.12.0 (java windows)
Content-Type: application/json; charset=utf-8
host: localhost:37788
accept: */*

Response DefaultHttpResponse(decodeResult: success, version: HTTP/1.1)
HTTP/1.1 200 OK
content-type: application/json; charset=utf-8
cache-control: no-cache
content-length: 542120
date: Sun, 28 Apr 2024 01:42:52 GMT

20:42:53.277 [AsyncHttpClient-1-5] DEBUG org.asynchttpclient.netty.channel.ChannelManager -- Adding key: http://localhost:37788 for channel [id: 0x0a4687ef, L:/127.0.0.1:56906 - R:localhost/127.0.0.1:37788]
20:42:53.285 [main] DEBUG net.serenitybdd.core.photography.Darkroom -- Send negative for processing for C:\Users\USUARIO\OneDrive\Documentos\02 Automatización\03 Pragma\pragma\pragma\target\site\serenity\ab1aa6d551226faad70dc967905f521936e3cb82c7c4ec503e3f8af185ee1b89.png
20:42:53.285 [Darkroom Processing Line] DEBUG net.serenitybdd.core.photography.DarkroomProcessingLine -- Processing screenshot image in /var/screenshots/screenshot-6461628676794992706
20:42:53.285 [Darkroom Processing Line] DEBUG net.serenitybdd.core.photography.DarkroomProcessingLine -- Saving screenshot to C:\Users\USUARIO\OneDrive\Documentos\02 Automatización\03 Pragma\pragma\pragma\target\site\serenity\ab1aa6d551226faad70dc967905f521936e3cb82c7c4ec503e3f8af185ee1b89.png
20:42:53.542 [AsyncHttpClient-1-1] DEBUG org.asynchttpclient.netty.channel.DefaultChannelPool -- Entry count for : http://localhost:37788 : 1
20:42:54.293 [main] DEBUG net.thucydides.core.steps.StepInterceptor -- STEP DONE: agregoElProductoAlCarritoDeCompra
20:42:54.297 [Forwarding getAlertText on session 6816fae9-62fe-4961-814b-c44c7615c574 to remote] DEBUG org.asynchttpclient.netty.request.NettyRequestSender -- Using pooled Channel '[id: 0x0a4687ef, L:/127.0.0.1:56906 - R:localhost/127.0.0.1:37788]' for 'GET' to 'http://localhost:37788/session/6816fae9-62fe-4961-814b-c44c7615c574/alert/text'
20:42:54.297 [Forwarding getAlertText on session 6816fae9-62fe-4961-814b-c44c7615c574 to remote] DEBUG org.asynchttpclient.netty.request.NettyRequestSender -- Using open Channel [id: 0x0a4687ef, L:/127.0.0.1:56906 - R:localhost/127.0.0.1:37788] for GET '/session/6816fae9-62fe-4961-814b-c44c7615c574/alert/text'
20:42:54.300 [AsyncHttpClient-1-5] DEBUG org.asynchttpclient.netty.handler.HttpHandler -- 

Request DefaultFullHttpRequest(decodeResult: success, version: HTTP/1.1, content: EmptyByteBufBE)
GET /session/6816fae9-62fe-4961-814b-c44c7615c574/alert/text HTTP/1.1
Cache-Control: no-cache
User-Agent: selenium/4.12.0 (java windows)
Content-Type: application/json; charset=utf-8
host: localhost:37788
accept: */*

Response DefaultHttpResponse(decodeResult: success, version: HTTP/1.1)
HTTP/1.1 404 Not Found
content-type: application/json; charset=utf-8
cache-control: no-cache
content-length: 842
date: Sun, 28 Apr 2024 01:42:54 GMT

20:42:54.300 [AsyncHttpClient-1-5] DEBUG org.asynchttpclient.netty.channel.ChannelManager -- Adding key: http://localhost:37788 for channel [id: 0x0a4687ef, L:/127.0.0.1:56906 - R:localhost/127.0.0.1:37788]
20:42:54.300 [Forwarding getCurrentUrl on session 6816fae9-62fe-4961-814b-c44c7615c574 to remote] DEBUG org.asynchttpclient.netty.request.NettyRequestSender -- Using pooled Channel '[id: 0x0a4687ef, L:/127.0.0.1:56906 - R:localhost/127.0.0.1:37788]' for 'GET' to 'http://localhost:37788/session/6816fae9-62fe-4961-814b-c44c7615c574/url'
20:42:54.300 [Forwarding getCurrentUrl on session 6816fae9-62fe-4961-814b-c44c7615c574 to remote] DEBUG org.asynchttpclient.netty.request.NettyRequestSender -- Using open Channel [id: 0x0a4687ef, L:/127.0.0.1:56906 - R:localhost/127.0.0.1:37788] for GET '/session/6816fae9-62fe-4961-814b-c44c7615c574/url'
20:42:54.304 [AsyncHttpClient-1-5] DEBUG org.asynchttpclient.netty.handler.HttpHandler -- 

Request DefaultFullHttpRequest(decodeResult: success, version: HTTP/1.1, content: EmptyByteBufBE)
GET /session/6816fae9-62fe-4961-814b-c44c7615c574/url HTTP/1.1
Cache-Control: no-cache
User-Agent: selenium/4.12.0 (java windows)
Content-Type: application/json; charset=utf-8
host: localhost:37788
accept: */*

Response DefaultHttpResponse(decodeResult: success, version: HTTP/1.1)
HTTP/1.1 200 OK
content-type: application/json; charset=utf-8
cache-control: no-cache
content-length: 56
date: Sun, 28 Apr 2024 01:42:54 GMT

20:42:54.304 [AsyncHttpClient-1-5] DEBUG org.asynchttpclient.netty.channel.ChannelManager -- Adding key: http://localhost:37788 for channel [id: 0x0a4687ef, L:/127.0.0.1:56906 - R:localhost/127.0.0.1:37788]
20:42:54.308 [Forwarding screenshot on session 6816fae9-62fe-4961-814b-c44c7615c574 to remote] DEBUG org.asynchttpclient.netty.request.NettyRequestSender -- Using pooled Channel '[id: 0x0a4687ef, L:/127.0.0.1:56906 - R:localhost/127.0.0.1:37788]' for 'GET' to 'http://localhost:37788/session/6816fae9-62fe-4961-814b-c44c7615c574/screenshot'
20:42:54.308 [Forwarding screenshot on session 6816fae9-62fe-4961-814b-c44c7615c574 to remote] DEBUG org.asynchttpclient.netty.request.NettyRequestSender -- Using open Channel [id: 0x0a4687ef, L:/127.0.0.1:56906 - R:localhost/127.0.0.1:37788] for GET '/session/6816fae9-62fe-4961-814b-c44c7615c574/screenshot'
20:42:54.360 [AsyncHttpClient-1-5] DEBUG org.asynchttpclient.netty.handler.HttpHandler -- 

Request DefaultFullHttpRequest(decodeResult: success, version: HTTP/1.1, content: EmptyByteBufBE)
GET /session/6816fae9-62fe-4961-814b-c44c7615c574/screenshot HTTP/1.1
Cache-Control: no-cache
User-Agent: selenium/4.12.0 (java windows)
Content-Type: application/json; charset=utf-8
host: localhost:37788
accept: */*

Response DefaultHttpResponse(decodeResult: success, version: HTTP/1.1)
HTTP/1.1 200 OK
content-type: application/json; charset=utf-8
cache-control: no-cache
content-length: 542120
date: Sun, 28 Apr 2024 01:42:54 GMT

20:42:54.360 [AsyncHttpClient-1-5] DEBUG org.asynchttpclient.netty.channel.ChannelManager -- Adding key: http://localhost:37788 for channel [id: 0x0a4687ef, L:/127.0.0.1:56906 - R:localhost/127.0.0.1:37788]
20:42:54.371 [main] DEBUG net.serenitybdd.core.photography.Darkroom -- Send negative for processing for C:\Users\USUARIO\OneDrive\Documentos\02 Automatización\03 Pragma\pragma\pragma\target\site\serenity\ab1aa6d551226faad70dc967905f521936e3cb82c7c4ec503e3f8af185ee1b89.png
20:42:54.639 [AsyncHttpClient-1-1] DEBUG org.asynchttpclient.netty.channel.DefaultChannelPool -- Entry count for : http://localhost:37788 : 1
20:42:55.373 [main] DEBUG net.thucydides.core.steps.StepInterceptor -- STARTING STEP: StepInterceptor.testContext - ingresoAlCarritoDeCompras
20:42:55.377 [Forwarding findElement on session 6816fae9-62fe-4961-814b-c44c7615c574 to remote] DEBUG org.asynchttpclient.netty.request.NettyRequestSender -- Using pooled Channel '[id: 0x0a4687ef, L:/127.0.0.1:56906 - R:localhost/127.0.0.1:37788]' for 'POST' to 'http://localhost:37788/session/6816fae9-62fe-4961-814b-c44c7615c574/element'
20:42:55.377 [Forwarding findElement on session 6816fae9-62fe-4961-814b-c44c7615c574 to remote] DEBUG org.asynchttpclient.netty.request.NettyRequestSender -- Using open Channel [id: 0x0a4687ef, L:/127.0.0.1:56906 - R:localhost/127.0.0.1:37788] for POST '/session/6816fae9-62fe-4961-814b-c44c7615c574/element'
20:42:55.378 [AsyncHttpClient-1-5] DEBUG org.asynchttpclient.netty.handler.HttpHandler -- 

Request DefaultHttpRequest(decodeResult: success, version: HTTP/1.1)
POST /session/6816fae9-62fe-4961-814b-c44c7615c574/element HTTP/1.1
User-Agent: selenium/4.12.0 (java windows)
Content-Length: 64
Content-Type: application/json; charset=utf-8
host: localhost:37788
accept: */*

Response DefaultHttpResponse(decodeResult: success, version: HTTP/1.1)
HTTP/1.1 200 OK
content-type: application/json; charset=utf-8
cache-control: no-cache
content-length: 88
date: Sun, 28 Apr 2024 01:42:55 GMT

20:42:55.378 [AsyncHttpClient-1-5] DEBUG org.asynchttpclient.netty.channel.ChannelManager -- Adding key: http://localhost:37788 for channel [id: 0x0a4687ef, L:/127.0.0.1:56906 - R:localhost/127.0.0.1:37788]
20:42:55.381 [Forwarding getElementTagName on session 6816fae9-62fe-4961-814b-c44c7615c574 to remote] DEBUG org.asynchttpclient.netty.request.NettyRequestSender -- Using pooled Channel '[id: 0x0a4687ef, L:/127.0.0.1:56906 - R:localhost/127.0.0.1:37788]' for 'GET' to 'http://localhost:37788/session/6816fae9-62fe-4961-814b-c44c7615c574/element/51b03cfc-4b8f-4493-9b7a-5d434fb7efc7/name'
20:42:55.381 [Forwarding getElementTagName on session 6816fae9-62fe-4961-814b-c44c7615c574 to remote] DEBUG org.asynchttpclient.netty.request.NettyRequestSender -- Using open Channel [id: 0x0a4687ef, L:/127.0.0.1:56906 - R:localhost/127.0.0.1:37788] for GET '/session/6816fae9-62fe-4961-814b-c44c7615c574/element/51b03cfc-4b8f-4493-9b7a-5d434fb7efc7/name'
20:42:55.381 [AsyncHttpClient-1-5] DEBUG org.asynchttpclient.netty.handler.HttpHandler -- 

Request DefaultFullHttpRequest(decodeResult: success, version: HTTP/1.1, content: EmptyByteBufBE)
GET /session/6816fae9-62fe-4961-814b-c44c7615c574/element/51b03cfc-4b8f-4493-9b7a-5d434fb7efc7/name HTTP/1.1
Cache-Control: no-cache
User-Agent: selenium/4.12.0 (java windows)
Content-Type: application/json; charset=utf-8
host: localhost:37788
accept: */*

Response DefaultHttpResponse(decodeResult: success, version: HTTP/1.1)
HTTP/1.1 200 OK
content-type: application/json; charset=utf-8
cache-control: no-cache
content-length: 13
date: Sun, 28 Apr 2024 01:42:55 GMT

20:42:55.381 [AsyncHttpClient-1-5] DEBUG org.asynchttpclient.netty.channel.ChannelManager -- Adding key: http://localhost:37788 for channel [id: 0x0a4687ef, L:/127.0.0.1:56906 - R:localhost/127.0.0.1:37788]
20:42:55.381 [Forwarding getElementTagName on session 6816fae9-62fe-4961-814b-c44c7615c574 to remote] DEBUG org.asynchttpclient.netty.request.NettyRequestSender -- Using pooled Channel '[id: 0x0a4687ef, L:/127.0.0.1:56906 - R:localhost/127.0.0.1:37788]' for 'GET' to 'http://localhost:37788/session/6816fae9-62fe-4961-814b-c44c7615c574/element/51b03cfc-4b8f-4493-9b7a-5d434fb7efc7/name'
20:42:55.381 [Forwarding getElementTagName on session 6816fae9-62fe-4961-814b-c44c7615c574 to remote] DEBUG org.asynchttpclient.netty.request.NettyRequestSender -- Using open Channel [id: 0x0a4687ef, L:/127.0.0.1:56906 - R:localhost/127.0.0.1:37788] for GET '/session/6816fae9-62fe-4961-814b-c44c7615c574/element/51b03cfc-4b8f-4493-9b7a-5d434fb7efc7/name'
20:42:55.381 [AsyncHttpClient-1-5] DEBUG org.asynchttpclient.netty.handler.HttpHandler -- 

Request DefaultFullHttpRequest(decodeResult: success, version: HTTP/1.1, content: EmptyByteBufBE)
GET /session/6816fae9-62fe-4961-814b-c44c7615c574/element/51b03cfc-4b8f-4493-9b7a-5d434fb7efc7/name HTTP/1.1
Cache-Control: no-cache
User-Agent: selenium/4.12.0 (java windows)
Content-Type: application/json; charset=utf-8
host: localhost:37788
accept: */*

Response DefaultHttpResponse(decodeResult: success, version: HTTP/1.1)
HTTP/1.1 200 OK
content-type: application/json; charset=utf-8
cache-control: no-cache
content-length: 13
date: Sun, 28 Apr 2024 01:42:55 GMT

20:42:55.381 [AsyncHttpClient-1-5] DEBUG org.asynchttpclient.netty.channel.ChannelManager -- Adding key: http://localhost:37788 for channel [id: 0x0a4687ef, L:/127.0.0.1:56906 - R:localhost/127.0.0.1:37788]
20:42:55.381 [Forwarding findElement on session 6816fae9-62fe-4961-814b-c44c7615c574 to remote] DEBUG org.asynchttpclient.netty.request.NettyRequestSender -- Using pooled Channel '[id: 0x0a4687ef, L:/127.0.0.1:56906 - R:localhost/127.0.0.1:37788]' for 'POST' to 'http://localhost:37788/session/6816fae9-62fe-4961-814b-c44c7615c574/element'
20:42:55.381 [Forwarding findElement on session 6816fae9-62fe-4961-814b-c44c7615c574 to remote] DEBUG org.asynchttpclient.netty.request.NettyRequestSender -- Using open Channel [id: 0x0a4687ef, L:/127.0.0.1:56906 - R:localhost/127.0.0.1:37788] for POST '/session/6816fae9-62fe-4961-814b-c44c7615c574/element'
20:42:55.385 [AsyncHttpClient-1-5] DEBUG org.asynchttpclient.netty.handler.HttpHandler -- 

Request DefaultHttpRequest(decodeResult: success, version: HTTP/1.1)
POST /session/6816fae9-62fe-4961-814b-c44c7615c574/element HTTP/1.1
User-Agent: selenium/4.12.0 (java windows)
Content-Length: 64
Content-Type: application/json; charset=utf-8
host: localhost:37788
accept: */*

Response DefaultHttpResponse(decodeResult: success, version: HTTP/1.1)
HTTP/1.1 200 OK
content-type: application/json; charset=utf-8
cache-control: no-cache
content-length: 88
date: Sun, 28 Apr 2024 01:42:55 GMT

20:42:55.385 [AsyncHttpClient-1-5] DEBUG org.asynchttpclient.netty.channel.ChannelManager -- Adding key: http://localhost:37788 for channel [id: 0x0a4687ef, L:/127.0.0.1:56906 - R:localhost/127.0.0.1:37788]
20:42:55.385 [Forwarding clickElement on session 6816fae9-62fe-4961-814b-c44c7615c574 to remote] DEBUG org.asynchttpclient.netty.request.NettyRequestSender -- Using pooled Channel '[id: 0x0a4687ef, L:/127.0.0.1:56906 - R:localhost/127.0.0.1:37788]' for 'POST' to 'http://localhost:37788/session/6816fae9-62fe-4961-814b-c44c7615c574/element/51b03cfc-4b8f-4493-9b7a-5d434fb7efc7/click'
20:42:55.385 [Forwarding clickElement on session 6816fae9-62fe-4961-814b-c44c7615c574 to remote] DEBUG org.asynchttpclient.netty.request.NettyRequestSender -- Using open Channel [id: 0x0a4687ef, L:/127.0.0.1:56906 - R:localhost/127.0.0.1:37788] for POST '/session/6816fae9-62fe-4961-814b-c44c7615c574/element/51b03cfc-4b8f-4493-9b7a-5d434fb7efc7/click'
20:42:55.705 [AsyncHttpClient-1-5] DEBUG org.asynchttpclient.netty.handler.HttpHandler -- 

Request DefaultHttpRequest(decodeResult: success, version: HTTP/1.1)
POST /session/6816fae9-62fe-4961-814b-c44c7615c574/element/51b03cfc-4b8f-4493-9b7a-5d434fb7efc7/click HTTP/1.1
User-Agent: selenium/4.12.0 (java windows)
Content-Length: 50
Content-Type: application/json; charset=utf-8
host: localhost:37788
accept: */*

Response DefaultHttpResponse(decodeResult: success, version: HTTP/1.1)
HTTP/1.1 200 OK
content-type: application/json; charset=utf-8
cache-control: no-cache
content-length: 14
date: Sun, 28 Apr 2024 01:42:55 GMT

20:42:55.705 [AsyncHttpClient-1-5] DEBUG org.asynchttpclient.netty.channel.ChannelManager -- Adding key: http://localhost:37788 for channel [id: 0x0a4687ef, L:/127.0.0.1:56906 - R:localhost/127.0.0.1:37788]
20:42:55.705 [Forwarding getAlertText on session 6816fae9-62fe-4961-814b-c44c7615c574 to remote] DEBUG org.asynchttpclient.netty.request.NettyRequestSender -- Using pooled Channel '[id: 0x0a4687ef, L:/127.0.0.1:56906 - R:localhost/127.0.0.1:37788]' for 'GET' to 'http://localhost:37788/session/6816fae9-62fe-4961-814b-c44c7615c574/alert/text'
20:42:55.705 [Forwarding getAlertText on session 6816fae9-62fe-4961-814b-c44c7615c574 to remote] DEBUG org.asynchttpclient.netty.request.NettyRequestSender -- Using open Channel [id: 0x0a4687ef, L:/127.0.0.1:56906 - R:localhost/127.0.0.1:37788] for GET '/session/6816fae9-62fe-4961-814b-c44c7615c574/alert/text'
20:42:55.709 [AsyncHttpClient-1-5] DEBUG org.asynchttpclient.netty.handler.HttpHandler -- 

Request DefaultFullHttpRequest(decodeResult: success, version: HTTP/1.1, content: EmptyByteBufBE)
GET /session/6816fae9-62fe-4961-814b-c44c7615c574/alert/text HTTP/1.1
Cache-Control: no-cache
User-Agent: selenium/4.12.0 (java windows)
Content-Type: application/json; charset=utf-8
host: localhost:37788
accept: */*

Response DefaultHttpResponse(decodeResult: success, version: HTTP/1.1)
HTTP/1.1 404 Not Found
content-type: application/json; charset=utf-8
cache-control: no-cache
content-length: 842
date: Sun, 28 Apr 2024 01:42:55 GMT

20:42:55.709 [AsyncHttpClient-1-5] DEBUG org.asynchttpclient.netty.channel.ChannelManager -- Adding key: http://localhost:37788 for channel [id: 0x0a4687ef, L:/127.0.0.1:56906 - R:localhost/127.0.0.1:37788]
20:42:55.709 [Forwarding getCurrentUrl on session 6816fae9-62fe-4961-814b-c44c7615c574 to remote] DEBUG org.asynchttpclient.netty.request.NettyRequestSender -- Using pooled Channel '[id: 0x0a4687ef, L:/127.0.0.1:56906 - R:localhost/127.0.0.1:37788]' for 'GET' to 'http://localhost:37788/session/6816fae9-62fe-4961-814b-c44c7615c574/url'
20:42:55.709 [Forwarding getCurrentUrl on session 6816fae9-62fe-4961-814b-c44c7615c574 to remote] DEBUG org.asynchttpclient.netty.request.NettyRequestSender -- Using open Channel [id: 0x0a4687ef, L:/127.0.0.1:56906 - R:localhost/127.0.0.1:37788] for GET '/session/6816fae9-62fe-4961-814b-c44c7615c574/url'
20:42:55.709 [AsyncHttpClient-1-5] DEBUG org.asynchttpclient.netty.handler.HttpHandler -- 

Request DefaultFullHttpRequest(decodeResult: success, version: HTTP/1.1, content: EmptyByteBufBE)
GET /session/6816fae9-62fe-4961-814b-c44c7615c574/url HTTP/1.1
Cache-Control: no-cache
User-Agent: selenium/4.12.0 (java windows)
Content-Type: application/json; charset=utf-8
host: localhost:37788
accept: */*

Response DefaultHttpResponse(decodeResult: success, version: HTTP/1.1)
HTTP/1.1 200 OK
content-type: application/json; charset=utf-8
cache-control: no-cache
content-length: 47
date: Sun, 28 Apr 2024 01:42:55 GMT

20:42:55.709 [AsyncHttpClient-1-5] DEBUG org.asynchttpclient.netty.channel.ChannelManager -- Adding key: http://localhost:37788 for channel [id: 0x0a4687ef, L:/127.0.0.1:56906 - R:localhost/127.0.0.1:37788]
20:42:55.709 [Forwarding screenshot on session 6816fae9-62fe-4961-814b-c44c7615c574 to remote] DEBUG org.asynchttpclient.netty.request.NettyRequestSender -- Using pooled Channel '[id: 0x0a4687ef, L:/127.0.0.1:56906 - R:localhost/127.0.0.1:37788]' for 'GET' to 'http://localhost:37788/session/6816fae9-62fe-4961-814b-c44c7615c574/screenshot'
20:42:55.709 [Forwarding screenshot on session 6816fae9-62fe-4961-814b-c44c7615c574 to remote] DEBUG org.asynchttpclient.netty.request.NettyRequestSender -- Using open Channel [id: 0x0a4687ef, L:/127.0.0.1:56906 - R:localhost/127.0.0.1:37788] for GET '/session/6816fae9-62fe-4961-814b-c44c7615c574/screenshot'
20:42:55.754 [AsyncHttpClient-1-5] DEBUG org.asynchttpclient.netty.handler.HttpHandler -- 

Request DefaultFullHttpRequest(decodeResult: success, version: HTTP/1.1, content: EmptyByteBufBE)
GET /session/6816fae9-62fe-4961-814b-c44c7615c574/screenshot HTTP/1.1
Cache-Control: no-cache
User-Agent: selenium/4.12.0 (java windows)
Content-Type: application/json; charset=utf-8
host: localhost:37788
accept: */*

Response DefaultHttpResponse(decodeResult: success, version: HTTP/1.1)
HTTP/1.1 200 OK
content-type: application/json; charset=utf-8
cache-control: no-cache
content-length: 286856
date: Sun, 28 Apr 2024 01:42:55 GMT

20:42:55.754 [AsyncHttpClient-1-5] DEBUG org.asynchttpclient.netty.channel.ChannelManager -- Adding key: http://localhost:37788 for channel [id: 0x0a4687ef, L:/127.0.0.1:56906 - R:localhost/127.0.0.1:37788]
20:42:55.754 [main] DEBUG net.serenitybdd.core.photography.Darkroom -- Send negative for processing for C:\Users\USUARIO\OneDrive\Documentos\02 Automatización\03 Pragma\pragma\pragma\target\site\serenity\5dc66e2877f7902fd4d4084dc1cc5fe67825ee3c2bff8a15944ee7f39ec50584.png
20:42:56.760 [main] DEBUG net.thucydides.core.steps.StepInterceptor -- STEP DONE: ingresoAlCarritoDeCompras
20:42:56.765 [Forwarding getAlertText on session 6816fae9-62fe-4961-814b-c44c7615c574 to remote] DEBUG org.asynchttpclient.netty.request.NettyRequestSender -- Using pooled Channel '[id: 0x0a4687ef, L:/127.0.0.1:56906 - R:localhost/127.0.0.1:37788]' for 'GET' to 'http://localhost:37788/session/6816fae9-62fe-4961-814b-c44c7615c574/alert/text'
20:42:56.765 [Forwarding getAlertText on session 6816fae9-62fe-4961-814b-c44c7615c574 to remote] DEBUG org.asynchttpclient.netty.request.NettyRequestSender -- Using open Channel [id: 0x0a4687ef, L:/127.0.0.1:56906 - R:localhost/127.0.0.1:37788] for GET '/session/6816fae9-62fe-4961-814b-c44c7615c574/alert/text'
20:42:56.769 [AsyncHttpClient-1-5] DEBUG org.asynchttpclient.netty.handler.HttpHandler -- 

Request DefaultFullHttpRequest(decodeResult: success, version: HTTP/1.1, content: EmptyByteBufBE)
GET /session/6816fae9-62fe-4961-814b-c44c7615c574/alert/text HTTP/1.1
Cache-Control: no-cache
User-Agent: selenium/4.12.0 (java windows)
Content-Type: application/json; charset=utf-8
host: localhost:37788
accept: */*

Response DefaultHttpResponse(decodeResult: success, version: HTTP/1.1)
HTTP/1.1 404 Not Found
content-type: application/json; charset=utf-8
cache-control: no-cache
content-length: 842
date: Sun, 28 Apr 2024 01:42:56 GMT

20:42:56.769 [AsyncHttpClient-1-5] DEBUG org.asynchttpclient.netty.channel.ChannelManager -- Adding key: http://localhost:37788 for channel [id: 0x0a4687ef, L:/127.0.0.1:56906 - R:localhost/127.0.0.1:37788]
20:42:56.769 [Forwarding getCurrentUrl on session 6816fae9-62fe-4961-814b-c44c7615c574 to remote] DEBUG org.asynchttpclient.netty.request.NettyRequestSender -- Using pooled Channel '[id: 0x0a4687ef, L:/127.0.0.1:56906 - R:localhost/127.0.0.1:37788]' for 'GET' to 'http://localhost:37788/session/6816fae9-62fe-4961-814b-c44c7615c574/url'
20:42:56.769 [Forwarding getCurrentUrl on session 6816fae9-62fe-4961-814b-c44c7615c574 to remote] DEBUG org.asynchttpclient.netty.request.NettyRequestSender -- Using open Channel [id: 0x0a4687ef, L:/127.0.0.1:56906 - R:localhost/127.0.0.1:37788] for GET '/session/6816fae9-62fe-4961-814b-c44c7615c574/url'
20:42:56.771 [AsyncHttpClient-1-5] DEBUG org.asynchttpclient.netty.handler.HttpHandler -- 

Request DefaultFullHttpRequest(decodeResult: success, version: HTTP/1.1, content: EmptyByteBufBE)
GET /session/6816fae9-62fe-4961-814b-c44c7615c574/url HTTP/1.1
Cache-Control: no-cache
User-Agent: selenium/4.12.0 (java windows)
Content-Type: application/json; charset=utf-8
host: localhost:37788
accept: */*

Response DefaultHttpResponse(decodeResult: success, version: HTTP/1.1)
HTTP/1.1 200 OK
content-type: application/json; charset=utf-8
cache-control: no-cache
content-length: 47
date: Sun, 28 Apr 2024 01:42:56 GMT

20:42:56.771 [AsyncHttpClient-1-5] DEBUG org.asynchttpclient.netty.channel.ChannelManager -- Adding key: http://localhost:37788 for channel [id: 0x0a4687ef, L:/127.0.0.1:56906 - R:localhost/127.0.0.1:37788]
20:42:56.775 [Forwarding screenshot on session 6816fae9-62fe-4961-814b-c44c7615c574 to remote] DEBUG org.asynchttpclient.netty.request.NettyRequestSender -- Using pooled Channel '[id: 0x0a4687ef, L:/127.0.0.1:56906 - R:localhost/127.0.0.1:37788]' for 'GET' to 'http://localhost:37788/session/6816fae9-62fe-4961-814b-c44c7615c574/screenshot'
20:42:56.775 [Forwarding screenshot on session 6816fae9-62fe-4961-814b-c44c7615c574 to remote] DEBUG org.asynchttpclient.netty.request.NettyRequestSender -- Using open Channel [id: 0x0a4687ef, L:/127.0.0.1:56906 - R:localhost/127.0.0.1:37788] for GET '/session/6816fae9-62fe-4961-814b-c44c7615c574/screenshot'
20:42:56.814 [AsyncHttpClient-1-5] DEBUG org.asynchttpclient.netty.handler.HttpHandler -- 

Request DefaultFullHttpRequest(decodeResult: success, version: HTTP/1.1, content: EmptyByteBufBE)
GET /session/6816fae9-62fe-4961-814b-c44c7615c574/screenshot HTTP/1.1
Cache-Control: no-cache
User-Agent: selenium/4.12.0 (java windows)
Content-Type: application/json; charset=utf-8
host: localhost:37788
accept: */*

Response DefaultHttpResponse(decodeResult: success, version: HTTP/1.1)
HTTP/1.1 200 OK
content-type: application/json; charset=utf-8
cache-control: no-cache
content-length: 353692
date: Sun, 28 Apr 2024 01:42:56 GMT

20:42:56.817 [AsyncHttpClient-1-5] DEBUG org.asynchttpclient.netty.channel.ChannelManager -- Adding key: http://localhost:37788 for channel [id: 0x0a4687ef, L:/127.0.0.1:56906 - R:localhost/127.0.0.1:37788]
20:42:56.818 [main] DEBUG net.serenitybdd.core.photography.Darkroom -- Send negative for processing for C:\Users\USUARIO\OneDrive\Documentos\02 Automatización\03 Pragma\pragma\pragma\target\site\serenity\56d018a2b10591859dd36bd3c201b920eef33544d1cabf937cb5617e1e90d96e.png
20:42:56.818 [Darkroom Processing Line] DEBUG net.serenitybdd.core.photography.DarkroomProcessingLine -- Processing screenshot image in /var/screenshots/screenshot-18404643361257016644
20:42:56.818 [Darkroom Processing Line] DEBUG net.serenitybdd.core.photography.DarkroomProcessingLine -- Saving screenshot to C:\Users\USUARIO\OneDrive\Documentos\02 Automatización\03 Pragma\pragma\pragma\target\site\serenity\56d018a2b10591859dd36bd3c201b920eef33544d1cabf937cb5617e1e90d96e.png
20:42:56.834 [AsyncHttpClient-1-1] DEBUG org.asynchttpclient.netty.channel.DefaultChannelPool -- Entry count for : http://localhost:37788 : 1
20:42:57.823 [main] DEBUG net.thucydides.core.steps.StepInterceptor -- STARTING STEP: StepInterceptor.testContext - validarAdicionCorrectaDeProductos
20:42:57.831 [Forwarding findElement on session 6816fae9-62fe-4961-814b-c44c7615c574 to remote] DEBUG org.asynchttpclient.netty.request.NettyRequestSender -- Using pooled Channel '[id: 0x0a4687ef, L:/127.0.0.1:56906 - R:localhost/127.0.0.1:37788]' for 'POST' to 'http://localhost:37788/session/6816fae9-62fe-4961-814b-c44c7615c574/element'
20:42:57.831 [Forwarding findElement on session 6816fae9-62fe-4961-814b-c44c7615c574 to remote] DEBUG org.asynchttpclient.netty.request.NettyRequestSender -- Using open Channel [id: 0x0a4687ef, L:/127.0.0.1:56906 - R:localhost/127.0.0.1:37788] for POST '/session/6816fae9-62fe-4961-814b-c44c7615c574/element'
20:42:57.831 [AsyncHttpClient-1-5] DEBUG org.asynchttpclient.netty.handler.HttpHandler -- 

Request DefaultHttpRequest(decodeResult: success, version: HTTP/1.1)
POST /session/6816fae9-62fe-4961-814b-c44c7615c574/element HTTP/1.1
User-Agent: selenium/4.12.0 (java windows)
Content-Length: 263
Content-Type: application/json; charset=utf-8
host: localhost:37788
accept: */*

Response DefaultHttpResponse(decodeResult: success, version: HTTP/1.1)
HTTP/1.1 200 OK
content-type: application/json; charset=utf-8
cache-control: no-cache
content-length: 88
date: Sun, 28 Apr 2024 01:42:57 GMT

20:42:57.831 [AsyncHttpClient-1-5] DEBUG org.asynchttpclient.netty.channel.ChannelManager -- Adding key: http://localhost:37788 for channel [id: 0x0a4687ef, L:/127.0.0.1:56906 - R:localhost/127.0.0.1:37788]
20:42:57.839 [Forwarding getElementText on session 6816fae9-62fe-4961-814b-c44c7615c574 to remote] DEBUG org.asynchttpclient.netty.request.NettyRequestSender -- Using pooled Channel '[id: 0x0a4687ef, L:/127.0.0.1:56906 - R:localhost/127.0.0.1:37788]' for 'GET' to 'http://localhost:37788/session/6816fae9-62fe-4961-814b-c44c7615c574/element/a9631de5-7f12-4cd8-9652-e5980da83840/text'
20:42:57.839 [Forwarding getElementText on session 6816fae9-62fe-4961-814b-c44c7615c574 to remote] DEBUG org.asynchttpclient.netty.request.NettyRequestSender -- Using open Channel [id: 0x0a4687ef, L:/127.0.0.1:56906 - R:localhost/127.0.0.1:37788] for GET '/session/6816fae9-62fe-4961-814b-c44c7615c574/element/a9631de5-7f12-4cd8-9652-e5980da83840/text'
20:42:57.847 [AsyncHttpClient-1-5] DEBUG org.asynchttpclient.netty.handler.HttpHandler -- 

Request DefaultFullHttpRequest(decodeResult: success, version: HTTP/1.1, content: EmptyByteBufBE)
GET /session/6816fae9-62fe-4961-814b-c44c7615c574/element/a9631de5-7f12-4cd8-9652-e5980da83840/text HTTP/1.1
Cache-Control: no-cache
User-Agent: selenium/4.12.0 (java windows)
Content-Type: application/json; charset=utf-8
host: localhost:37788
accept: */*

Response DefaultHttpResponse(decodeResult: success, version: HTTP/1.1)
HTTP/1.1 200 OK
content-type: application/json; charset=utf-8
cache-control: no-cache
content-length: 64
date: Sun, 28 Apr 2024 01:42:57 GMT

20:42:57.847 [AsyncHttpClient-1-5] DEBUG org.asynchttpclient.netty.channel.ChannelManager -- Adding key: http://localhost:37788 for channel [id: 0x0a4687ef, L:/127.0.0.1:56906 - R:localhost/127.0.0.1:37788]
Sony vaio i7 790
Apple monitor 24 400
Producto agregado exitosamente
20:42:57.847 [Forwarding getAlertText on session 6816fae9-62fe-4961-814b-c44c7615c574 to remote] DEBUG org.asynchttpclient.netty.request.NettyRequestSender -- Using pooled Channel '[id: 0x0a4687ef, L:/127.0.0.1:56906 - R:localhost/127.0.0.1:37788]' for 'GET' to 'http://localhost:37788/session/6816fae9-62fe-4961-814b-c44c7615c574/alert/text'
20:42:57.847 [Forwarding getAlertText on session 6816fae9-62fe-4961-814b-c44c7615c574 to remote] DEBUG org.asynchttpclient.netty.request.NettyRequestSender -- Using open Channel [id: 0x0a4687ef, L:/127.0.0.1:56906 - R:localhost/127.0.0.1:37788] for GET '/session/6816fae9-62fe-4961-814b-c44c7615c574/alert/text'
20:42:57.847 [AsyncHttpClient-1-5] DEBUG org.asynchttpclient.netty.handler.HttpHandler -- 

Request DefaultFullHttpRequest(decodeResult: success, version: HTTP/1.1, content: EmptyByteBufBE)
GET /session/6816fae9-62fe-4961-814b-c44c7615c574/alert/text HTTP/1.1
Cache-Control: no-cache
User-Agent: selenium/4.12.0 (java windows)
Content-Type: application/json; charset=utf-8
host: localhost:37788
accept: */*

Response DefaultHttpResponse(decodeResult: success, version: HTTP/1.1)
HTTP/1.1 404 Not Found
content-type: application/json; charset=utf-8
cache-control: no-cache
content-length: 842
date: Sun, 28 Apr 2024 01:42:57 GMT

20:42:57.847 [AsyncHttpClient-1-5] DEBUG org.asynchttpclient.netty.channel.ChannelManager -- Adding key: http://localhost:37788 for channel [id: 0x0a4687ef, L:/127.0.0.1:56906 - R:localhost/127.0.0.1:37788]
20:42:57.942 [AsyncHttpClient-1-1] DEBUG org.asynchttpclient.netty.channel.DefaultChannelPool -- Entry count for : http://localhost:37788 : 1
20:42:58.355 [Forwarding getAlertText on session 6816fae9-62fe-4961-814b-c44c7615c574 to remote] DEBUG org.asynchttpclient.netty.request.NettyRequestSender -- Using pooled Channel '[id: 0x0a4687ef, L:/127.0.0.1:56906 - R:localhost/127.0.0.1:37788]' for 'GET' to 'http://localhost:37788/session/6816fae9-62fe-4961-814b-c44c7615c574/alert/text'
20:42:58.355 [Forwarding getAlertText on session 6816fae9-62fe-4961-814b-c44c7615c574 to remote] DEBUG org.asynchttpclient.netty.request.NettyRequestSender -- Using open Channel [id: 0x0a4687ef, L:/127.0.0.1:56906 - R:localhost/127.0.0.1:37788] for GET '/session/6816fae9-62fe-4961-814b-c44c7615c574/alert/text'
20:42:58.355 [AsyncHttpClient-1-5] DEBUG org.asynchttpclient.netty.handler.HttpHandler -- 

Request DefaultFullHttpRequest(decodeResult: success, version: HTTP/1.1, content: EmptyByteBufBE)
GET /session/6816fae9-62fe-4961-814b-c44c7615c574/alert/text HTTP/1.1
Cache-Control: no-cache
User-Agent: selenium/4.12.0 (java windows)
Content-Type: application/json; charset=utf-8
host: localhost:37788
accept: */*

Response DefaultHttpResponse(decodeResult: success, version: HTTP/1.1)
HTTP/1.1 404 Not Found
content-type: application/json; charset=utf-8
cache-control: no-cache
content-length: 842
date: Sun, 28 Apr 2024 01:42:57 GMT

20:42:58.355 [AsyncHttpClient-1-5] DEBUG org.asynchttpclient.netty.channel.ChannelManager -- Adding key: http://localhost:37788 for channel [id: 0x0a4687ef, L:/127.0.0.1:56906 - R:localhost/127.0.0.1:37788]
20:42:58.355 [Forwarding getCurrentUrl on session 6816fae9-62fe-4961-814b-c44c7615c574 to remote] DEBUG org.asynchttpclient.netty.request.NettyRequestSender -- Using pooled Channel '[id: 0x0a4687ef, L:/127.0.0.1:56906 - R:localhost/127.0.0.1:37788]' for 'GET' to 'http://localhost:37788/session/6816fae9-62fe-4961-814b-c44c7615c574/url'
20:42:58.355 [Forwarding getCurrentUrl on session 6816fae9-62fe-4961-814b-c44c7615c574 to remote] DEBUG org.asynchttpclient.netty.request.NettyRequestSender -- Using open Channel [id: 0x0a4687ef, L:/127.0.0.1:56906 - R:localhost/127.0.0.1:37788] for GET '/session/6816fae9-62fe-4961-814b-c44c7615c574/url'
20:42:58.355 [AsyncHttpClient-1-5] DEBUG org.asynchttpclient.netty.handler.HttpHandler -- 

Request DefaultFullHttpRequest(decodeResult: success, version: HTTP/1.1, content: EmptyByteBufBE)
GET /session/6816fae9-62fe-4961-814b-c44c7615c574/url HTTP/1.1
Cache-Control: no-cache
User-Agent: selenium/4.12.0 (java windows)
Content-Type: application/json; charset=utf-8
host: localhost:37788
accept: */*

Response DefaultHttpResponse(decodeResult: success, version: HTTP/1.1)
HTTP/1.1 200 OK
content-type: application/json; charset=utf-8
cache-control: no-cache
content-length: 47
date: Sun, 28 Apr 2024 01:42:57 GMT

20:42:58.355 [AsyncHttpClient-1-5] DEBUG org.asynchttpclient.netty.channel.ChannelManager -- Adding key: http://localhost:37788 for channel [id: 0x0a4687ef, L:/127.0.0.1:56906 - R:localhost/127.0.0.1:37788]
20:42:58.363 [Forwarding screenshot on session 6816fae9-62fe-4961-814b-c44c7615c574 to remote] DEBUG org.asynchttpclient.netty.request.NettyRequestSender -- Using pooled Channel '[id: 0x0a4687ef, L:/127.0.0.1:56906 - R:localhost/127.0.0.1:37788]' for 'GET' to 'http://localhost:37788/session/6816fae9-62fe-4961-814b-c44c7615c574/screenshot'
20:42:58.363 [Forwarding screenshot on session 6816fae9-62fe-4961-814b-c44c7615c574 to remote] DEBUG org.asynchttpclient.netty.request.NettyRequestSender -- Using open Channel [id: 0x0a4687ef, L:/127.0.0.1:56906 - R:localhost/127.0.0.1:37788] for GET '/session/6816fae9-62fe-4961-814b-c44c7615c574/screenshot'
20:42:58.404 [AsyncHttpClient-1-5] DEBUG org.asynchttpclient.netty.handler.HttpHandler -- 

Request DefaultFullHttpRequest(decodeResult: success, version: HTTP/1.1, content: EmptyByteBufBE)
GET /session/6816fae9-62fe-4961-814b-c44c7615c574/screenshot HTTP/1.1
Cache-Control: no-cache
User-Agent: selenium/4.12.0 (java windows)
Content-Type: application/json; charset=utf-8
host: localhost:37788
accept: */*

Response DefaultHttpResponse(decodeResult: success, version: HTTP/1.1)
HTTP/1.1 200 OK
content-type: application/json; charset=utf-8
cache-control: no-cache
content-length: 353692
date: Sun, 28 Apr 2024 01:42:57 GMT

20:42:58.404 [AsyncHttpClient-1-5] DEBUG org.asynchttpclient.netty.channel.ChannelManager -- Adding key: http://localhost:37788 for channel [id: 0x0a4687ef, L:/127.0.0.1:56906 - R:localhost/127.0.0.1:37788]
20:42:58.404 [main] DEBUG net.serenitybdd.core.photography.Darkroom -- Send negative for processing for C:\Users\USUARIO\OneDrive\Documentos\02 Automatización\03 Pragma\pragma\pragma\target\site\serenity\56d018a2b10591859dd36bd3c201b920eef33544d1cabf937cb5617e1e90d96e.png
20:42:59.035 [AsyncHttpClient-1-1] DEBUG org.asynchttpclient.netty.channel.DefaultChannelPool -- Entry count for : http://localhost:37788 : 1
20:42:59.414 [main] DEBUG net.thucydides.core.steps.StepInterceptor -- STEP DONE: validarAdicionCorrectaDeProductos
20:42:59.414 [Forwarding getAlertText on session 6816fae9-62fe-4961-814b-c44c7615c574 to remote] DEBUG org.asynchttpclient.netty.request.NettyRequestSender -- Using pooled Channel '[id: 0x0a4687ef, L:/127.0.0.1:56906 - R:localhost/127.0.0.1:37788]' for 'GET' to 'http://localhost:37788/session/6816fae9-62fe-4961-814b-c44c7615c574/alert/text'
20:42:59.414 [Forwarding getAlertText on session 6816fae9-62fe-4961-814b-c44c7615c574 to remote] DEBUG org.asynchttpclient.netty.request.NettyRequestSender -- Using open Channel [id: 0x0a4687ef, L:/127.0.0.1:56906 - R:localhost/127.0.0.1:37788] for GET '/session/6816fae9-62fe-4961-814b-c44c7615c574/alert/text'
20:42:59.423 [AsyncHttpClient-1-5] DEBUG org.asynchttpclient.netty.handler.HttpHandler -- 

Request DefaultFullHttpRequest(decodeResult: success, version: HTTP/1.1, content: EmptyByteBufBE)
GET /session/6816fae9-62fe-4961-814b-c44c7615c574/alert/text HTTP/1.1
Cache-Control: no-cache
User-Agent: selenium/4.12.0 (java windows)
Content-Type: application/json; charset=utf-8
host: localhost:37788
accept: */*

Response DefaultHttpResponse(decodeResult: success, version: HTTP/1.1)
HTTP/1.1 404 Not Found
content-type: application/json; charset=utf-8
cache-control: no-cache
content-length: 842
date: Sun, 28 Apr 2024 01:42:59 GMT

20:42:59.423 [AsyncHttpClient-1-5] DEBUG org.asynchttpclient.netty.channel.ChannelManager -- Adding key: http://localhost:37788 for channel [id: 0x0a4687ef, L:/127.0.0.1:56906 - R:localhost/127.0.0.1:37788]
20:42:59.423 [Forwarding getCurrentUrl on session 6816fae9-62fe-4961-814b-c44c7615c574 to remote] DEBUG org.asynchttpclient.netty.request.NettyRequestSender -- Using pooled Channel '[id: 0x0a4687ef, L:/127.0.0.1:56906 - R:localhost/127.0.0.1:37788]' for 'GET' to 'http://localhost:37788/session/6816fae9-62fe-4961-814b-c44c7615c574/url'
20:42:59.423 [Forwarding getCurrentUrl on session 6816fae9-62fe-4961-814b-c44c7615c574 to remote] DEBUG org.asynchttpclient.netty.request.NettyRequestSender -- Using open Channel [id: 0x0a4687ef, L:/127.0.0.1:56906 - R:localhost/127.0.0.1:37788] for GET '/session/6816fae9-62fe-4961-814b-c44c7615c574/url'
20:42:59.423 [AsyncHttpClient-1-5] DEBUG org.asynchttpclient.netty.handler.HttpHandler -- 

Request DefaultFullHttpRequest(decodeResult: success, version: HTTP/1.1, content: EmptyByteBufBE)
GET /session/6816fae9-62fe-4961-814b-c44c7615c574/url HTTP/1.1
Cache-Control: no-cache
User-Agent: selenium/4.12.0 (java windows)
Content-Type: application/json; charset=utf-8
host: localhost:37788
accept: */*

Response DefaultHttpResponse(decodeResult: success, version: HTTP/1.1)
HTTP/1.1 200 OK
content-type: application/json; charset=utf-8
cache-control: no-cache
content-length: 47
date: Sun, 28 Apr 2024 01:42:59 GMT

20:42:59.423 [AsyncHttpClient-1-5] DEBUG org.asynchttpclient.netty.channel.ChannelManager -- Adding key: http://localhost:37788 for channel [id: 0x0a4687ef, L:/127.0.0.1:56906 - R:localhost/127.0.0.1:37788]
20:42:59.423 [Forwarding screenshot on session 6816fae9-62fe-4961-814b-c44c7615c574 to remote] DEBUG org.asynchttpclient.netty.request.NettyRequestSender -- Using pooled Channel '[id: 0x0a4687ef, L:/127.0.0.1:56906 - R:localhost/127.0.0.1:37788]' for 'GET' to 'http://localhost:37788/session/6816fae9-62fe-4961-814b-c44c7615c574/screenshot'
20:42:59.423 [Forwarding screenshot on session 6816fae9-62fe-4961-814b-c44c7615c574 to remote] DEBUG org.asynchttpclient.netty.request.NettyRequestSender -- Using open Channel [id: 0x0a4687ef, L:/127.0.0.1:56906 - R:localhost/127.0.0.1:37788] for GET '/session/6816fae9-62fe-4961-814b-c44c7615c574/screenshot'
20:42:59.462 [AsyncHttpClient-1-5] DEBUG org.asynchttpclient.netty.handler.HttpHandler -- 

Request DefaultFullHttpRequest(decodeResult: success, version: HTTP/1.1, content: EmptyByteBufBE)
GET /session/6816fae9-62fe-4961-814b-c44c7615c574/screenshot HTTP/1.1
Cache-Control: no-cache
User-Agent: selenium/4.12.0 (java windows)
Content-Type: application/json; charset=utf-8
host: localhost:37788
accept: */*

Response DefaultHttpResponse(decodeResult: success, version: HTTP/1.1)
HTTP/1.1 200 OK
content-type: application/json; charset=utf-8
cache-control: no-cache
content-length: 353692
date: Sun, 28 Apr 2024 01:42:59 GMT

20:42:59.462 [AsyncHttpClient-1-5] DEBUG org.asynchttpclient.netty.channel.ChannelManager -- Adding key: http://localhost:37788 for channel [id: 0x0a4687ef, L:/127.0.0.1:56906 - R:localhost/127.0.0.1:37788]
20:42:59.470 [main] DEBUG net.serenitybdd.core.photography.Darkroom -- Send negative for processing for C:\Users\USUARIO\OneDrive\Documentos\02 Automatización\03 Pragma\pragma\pragma\target\site\serenity\56d018a2b10591859dd36bd3c201b920eef33544d1cabf937cb5617e1e90d96e.png
20:43:00.145 [AsyncHttpClient-1-1] DEBUG org.asynchttpclient.netty.channel.DefaultChannelPool -- Entry count for : http://localhost:37788 : 1
20:43:00.485 [main] DEBUG net.thucydides.core.steps.StepInterceptor -- STARTING STEP: StepInterceptor.testContext - validarPrecioCorrectoDeCarrito
20:43:00.489 [Forwarding findElement on session 6816fae9-62fe-4961-814b-c44c7615c574 to remote] DEBUG org.asynchttpclient.netty.request.NettyRequestSender -- Using pooled Channel '[id: 0x0a4687ef, L:/127.0.0.1:56906 - R:localhost/127.0.0.1:37788]' for 'POST' to 'http://localhost:37788/session/6816fae9-62fe-4961-814b-c44c7615c574/element'
20:43:00.489 [Forwarding findElement on session 6816fae9-62fe-4961-814b-c44c7615c574 to remote] DEBUG org.asynchttpclient.netty.request.NettyRequestSender -- Using open Channel [id: 0x0a4687ef, L:/127.0.0.1:56906 - R:localhost/127.0.0.1:37788] for POST '/session/6816fae9-62fe-4961-814b-c44c7615c574/element'
20:43:00.489 [AsyncHttpClient-1-5] DEBUG org.asynchttpclient.netty.handler.HttpHandler -- 

Request DefaultHttpRequest(decodeResult: success, version: HTTP/1.1)
POST /session/6816fae9-62fe-4961-814b-c44c7615c574/element HTTP/1.1
User-Agent: selenium/4.12.0 (java windows)
Content-Length: 65
Content-Type: application/json; charset=utf-8
host: localhost:37788
accept: */*

Response DefaultHttpResponse(decodeResult: success, version: HTTP/1.1)
HTTP/1.1 200 OK
content-type: application/json; charset=utf-8
cache-control: no-cache
content-length: 88
date: Sun, 28 Apr 2024 01:43:00 GMT

20:43:00.489 [AsyncHttpClient-1-5] DEBUG org.asynchttpclient.netty.channel.ChannelManager -- Adding key: http://localhost:37788 for channel [id: 0x0a4687ef, L:/127.0.0.1:56906 - R:localhost/127.0.0.1:37788]
20:43:00.489 [Forwarding getElementText on session 6816fae9-62fe-4961-814b-c44c7615c574 to remote] DEBUG org.asynchttpclient.netty.request.NettyRequestSender -- Using pooled Channel '[id: 0x0a4687ef, L:/127.0.0.1:56906 - R:localhost/127.0.0.1:37788]' for 'GET' to 'http://localhost:37788/session/6816fae9-62fe-4961-814b-c44c7615c574/element/146fd644-7e04-4240-83dd-57953a3abe34/text'
20:43:00.489 [Forwarding getElementText on session 6816fae9-62fe-4961-814b-c44c7615c574 to remote] DEBUG org.asynchttpclient.netty.request.NettyRequestSender -- Using open Channel [id: 0x0a4687ef, L:/127.0.0.1:56906 - R:localhost/127.0.0.1:37788] for GET '/session/6816fae9-62fe-4961-814b-c44c7615c574/element/146fd644-7e04-4240-83dd-57953a3abe34/text'
20:43:00.498 [AsyncHttpClient-1-5] DEBUG org.asynchttpclient.netty.handler.HttpHandler -- 

Request DefaultFullHttpRequest(decodeResult: success, version: HTTP/1.1, content: EmptyByteBufBE)
GET /session/6816fae9-62fe-4961-814b-c44c7615c574/element/146fd644-7e04-4240-83dd-57953a3abe34/text HTTP/1.1
Cache-Control: no-cache
User-Agent: selenium/4.12.0 (java windows)
Content-Type: application/json; charset=utf-8
host: localhost:37788
accept: */*

Response DefaultHttpResponse(decodeResult: success, version: HTTP/1.1)
HTTP/1.1 200 OK
content-type: application/json; charset=utf-8
cache-control: no-cache
content-length: 16
date: Sun, 28 Apr 2024 01:43:00 GMT

20:43:00.498 [AsyncHttpClient-1-5] DEBUG org.asynchttpclient.netty.channel.ChannelManager -- Adding key: http://localhost:37788 for channel [id: 0x0a4687ef, L:/127.0.0.1:56906 - R:localhost/127.0.0.1:37788]
20:43:00.498 [Forwarding getAlertText on session 6816fae9-62fe-4961-814b-c44c7615c574 to remote] DEBUG org.asynchttpclient.netty.request.NettyRequestSender -- Using pooled Channel '[id: 0x0a4687ef, L:/127.0.0.1:56906 - R:localhost/127.0.0.1:37788]' for 'GET' to 'http://localhost:37788/session/6816fae9-62fe-4961-814b-c44c7615c574/alert/text'
20:43:00.504 [Forwarding getAlertText on session 6816fae9-62fe-4961-814b-c44c7615c574 to remote] DEBUG org.asynchttpclient.netty.request.NettyRequestSender -- Using open Channel [id: 0x0a4687ef, L:/127.0.0.1:56906 - R:localhost/127.0.0.1:37788] for GET '/session/6816fae9-62fe-4961-814b-c44c7615c574/alert/text'
20:43:00.504 [AsyncHttpClient-1-5] DEBUG org.asynchttpclient.netty.handler.HttpHandler -- 

Request DefaultFullHttpRequest(decodeResult: success, version: HTTP/1.1, content: EmptyByteBufBE)
GET /session/6816fae9-62fe-4961-814b-c44c7615c574/alert/text HTTP/1.1
Cache-Control: no-cache
User-Agent: selenium/4.12.0 (java windows)
Content-Type: application/json; charset=utf-8
host: localhost:37788
accept: */*

Response DefaultHttpResponse(decodeResult: success, version: HTTP/1.1)
HTTP/1.1 404 Not Found
content-type: application/json; charset=utf-8
cache-control: no-cache
content-length: 842
date: Sun, 28 Apr 2024 01:43:00 GMT

20:43:00.504 [AsyncHttpClient-1-5] DEBUG org.asynchttpclient.netty.channel.ChannelManager -- Adding key: http://localhost:37788 for channel [id: 0x0a4687ef, L:/127.0.0.1:56906 - R:localhost/127.0.0.1:37788]
20:43:00.504 [Forwarding getCurrentUrl on session 6816fae9-62fe-4961-814b-c44c7615c574 to remote] DEBUG org.asynchttpclient.netty.request.NettyRequestSender -- Using pooled Channel '[id: 0x0a4687ef, L:/127.0.0.1:56906 - R:localhost/127.0.0.1:37788]' for 'GET' to 'http://localhost:37788/session/6816fae9-62fe-4961-814b-c44c7615c574/url'
20:43:00.504 [Forwarding getCurrentUrl on session 6816fae9-62fe-4961-814b-c44c7615c574 to remote] DEBUG org.asynchttpclient.netty.request.NettyRequestSender -- Using open Channel [id: 0x0a4687ef, L:/127.0.0.1:56906 - R:localhost/127.0.0.1:37788] for GET '/session/6816fae9-62fe-4961-814b-c44c7615c574/url'
20:43:00.504 [AsyncHttpClient-1-5] DEBUG org.asynchttpclient.netty.handler.HttpHandler -- 

Request DefaultFullHttpRequest(decodeResult: success, version: HTTP/1.1, content: EmptyByteBufBE)
GET /session/6816fae9-62fe-4961-814b-c44c7615c574/url HTTP/1.1
Cache-Control: no-cache
User-Agent: selenium/4.12.0 (java windows)
Content-Type: application/json; charset=utf-8
host: localhost:37788
accept: */*

Response DefaultHttpResponse(decodeResult: success, version: HTTP/1.1)
HTTP/1.1 200 OK
content-type: application/json; charset=utf-8
cache-control: no-cache
content-length: 47
date: Sun, 28 Apr 2024 01:43:00 GMT

20:43:00.504 [AsyncHttpClient-1-5] DEBUG org.asynchttpclient.netty.channel.ChannelManager -- Adding key: http://localhost:37788 for channel [id: 0x0a4687ef, L:/127.0.0.1:56906 - R:localhost/127.0.0.1:37788]
20:43:00.512 [Forwarding screenshot on session 6816fae9-62fe-4961-814b-c44c7615c574 to remote] DEBUG org.asynchttpclient.netty.request.NettyRequestSender -- Using pooled Channel '[id: 0x0a4687ef, L:/127.0.0.1:56906 - R:localhost/127.0.0.1:37788]' for 'GET' to 'http://localhost:37788/session/6816fae9-62fe-4961-814b-c44c7615c574/screenshot'
20:43:00.512 [Forwarding screenshot on session 6816fae9-62fe-4961-814b-c44c7615c574 to remote] DEBUG org.asynchttpclient.netty.request.NettyRequestSender -- Using open Channel [id: 0x0a4687ef, L:/127.0.0.1:56906 - R:localhost/127.0.0.1:37788] for GET '/session/6816fae9-62fe-4961-814b-c44c7615c574/screenshot'
20:43:00.547 [AsyncHttpClient-1-5] DEBUG org.asynchttpclient.netty.handler.HttpHandler -- 

Request DefaultFullHttpRequest(decodeResult: success, version: HTTP/1.1, content: EmptyByteBufBE)
GET /session/6816fae9-62fe-4961-814b-c44c7615c574/screenshot HTTP/1.1
Cache-Control: no-cache
User-Agent: selenium/4.12.0 (java windows)
Content-Type: application/json; charset=utf-8
host: localhost:37788
accept: */*

Response DefaultHttpResponse(decodeResult: success, version: HTTP/1.1)
HTTP/1.1 200 OK
content-type: application/json; charset=utf-8
cache-control: no-cache
content-length: 353692
date: Sun, 28 Apr 2024 01:43:00 GMT

20:43:00.547 [AsyncHttpClient-1-5] DEBUG org.asynchttpclient.netty.channel.ChannelManager -- Adding key: http://localhost:37788 for channel [id: 0x0a4687ef, L:/127.0.0.1:56906 - R:localhost/127.0.0.1:37788]
20:43:00.547 [main] DEBUG net.serenitybdd.core.photography.Darkroom -- Send negative for processing for C:\Users\USUARIO\OneDrive\Documentos\02 Automatización\03 Pragma\pragma\pragma\target\site\serenity\56d018a2b10591859dd36bd3c201b920eef33544d1cabf937cb5617e1e90d96e.png
20:43:01.232 [AsyncHttpClient-1-1] DEBUG org.asynchttpclient.netty.channel.DefaultChannelPool -- Entry count for : http://localhost:37788 : 1
20:43:01.559 [main] DEBUG net.thucydides.core.steps.StepInterceptor -- STEP DONE: validarPrecioCorrectoDeCarrito
20:43:01.559 [Forwarding getAlertText on session 6816fae9-62fe-4961-814b-c44c7615c574 to remote] DEBUG org.asynchttpclient.netty.request.NettyRequestSender -- Using pooled Channel '[id: 0x0a4687ef, L:/127.0.0.1:56906 - R:localhost/127.0.0.1:37788]' for 'GET' to 'http://localhost:37788/session/6816fae9-62fe-4961-814b-c44c7615c574/alert/text'
20:43:01.559 [Forwarding getAlertText on session 6816fae9-62fe-4961-814b-c44c7615c574 to remote] DEBUG org.asynchttpclient.netty.request.NettyRequestSender -- Using open Channel [id: 0x0a4687ef, L:/127.0.0.1:56906 - R:localhost/127.0.0.1:37788] for GET '/session/6816fae9-62fe-4961-814b-c44c7615c574/alert/text'
20:43:01.567 [AsyncHttpClient-1-5] DEBUG org.asynchttpclient.netty.handler.HttpHandler -- 

Request DefaultFullHttpRequest(decodeResult: success, version: HTTP/1.1, content: EmptyByteBufBE)
GET /session/6816fae9-62fe-4961-814b-c44c7615c574/alert/text HTTP/1.1
Cache-Control: no-cache
User-Agent: selenium/4.12.0 (java windows)
Content-Type: application/json; charset=utf-8
host: localhost:37788
accept: */*

Response DefaultHttpResponse(decodeResult: success, version: HTTP/1.1)
HTTP/1.1 404 Not Found
content-type: application/json; charset=utf-8
cache-control: no-cache
content-length: 842
date: Sun, 28 Apr 2024 01:43:01 GMT

20:43:01.567 [AsyncHttpClient-1-5] DEBUG org.asynchttpclient.netty.channel.ChannelManager -- Adding key: http://localhost:37788 for channel [id: 0x0a4687ef, L:/127.0.0.1:56906 - R:localhost/127.0.0.1:37788]
20:43:01.567 [Forwarding getCurrentUrl on session 6816fae9-62fe-4961-814b-c44c7615c574 to remote] DEBUG org.asynchttpclient.netty.request.NettyRequestSender -- Using pooled Channel '[id: 0x0a4687ef, L:/127.0.0.1:56906 - R:localhost/127.0.0.1:37788]' for 'GET' to 'http://localhost:37788/session/6816fae9-62fe-4961-814b-c44c7615c574/url'
20:43:01.567 [Forwarding getCurrentUrl on session 6816fae9-62fe-4961-814b-c44c7615c574 to remote] DEBUG org.asynchttpclient.netty.request.NettyRequestSender -- Using open Channel [id: 0x0a4687ef, L:/127.0.0.1:56906 - R:localhost/127.0.0.1:37788] for GET '/session/6816fae9-62fe-4961-814b-c44c7615c574/url'
20:43:01.567 [AsyncHttpClient-1-5] DEBUG org.asynchttpclient.netty.handler.HttpHandler -- 

Request DefaultFullHttpRequest(decodeResult: success, version: HTTP/1.1, content: EmptyByteBufBE)
GET /session/6816fae9-62fe-4961-814b-c44c7615c574/url HTTP/1.1
Cache-Control: no-cache
User-Agent: selenium/4.12.0 (java windows)
Content-Type: application/json; charset=utf-8
host: localhost:37788
accept: */*

Response DefaultHttpResponse(decodeResult: success, version: HTTP/1.1)
HTTP/1.1 200 OK
content-type: application/json; charset=utf-8
cache-control: no-cache
content-length: 47
date: Sun, 28 Apr 2024 01:43:01 GMT

20:43:01.567 [AsyncHttpClient-1-5] DEBUG org.asynchttpclient.netty.channel.ChannelManager -- Adding key: http://localhost:37788 for channel [id: 0x0a4687ef, L:/127.0.0.1:56906 - R:localhost/127.0.0.1:37788]
20:43:01.567 [Forwarding screenshot on session 6816fae9-62fe-4961-814b-c44c7615c574 to remote] DEBUG org.asynchttpclient.netty.request.NettyRequestSender -- Using pooled Channel '[id: 0x0a4687ef, L:/127.0.0.1:56906 - R:localhost/127.0.0.1:37788]' for 'GET' to 'http://localhost:37788/session/6816fae9-62fe-4961-814b-c44c7615c574/screenshot'
20:43:01.567 [Forwarding screenshot on session 6816fae9-62fe-4961-814b-c44c7615c574 to remote] DEBUG org.asynchttpclient.netty.request.NettyRequestSender -- Using open Channel [id: 0x0a4687ef, L:/127.0.0.1:56906 - R:localhost/127.0.0.1:37788] for GET '/session/6816fae9-62fe-4961-814b-c44c7615c574/screenshot'
20:43:01.607 [AsyncHttpClient-1-5] DEBUG org.asynchttpclient.netty.handler.HttpHandler -- 

Request DefaultFullHttpRequest(decodeResult: success, version: HTTP/1.1, content: EmptyByteBufBE)
GET /session/6816fae9-62fe-4961-814b-c44c7615c574/screenshot HTTP/1.1
Cache-Control: no-cache
User-Agent: selenium/4.12.0 (java windows)
Content-Type: application/json; charset=utf-8
host: localhost:37788
accept: */*

Response DefaultHttpResponse(decodeResult: success, version: HTTP/1.1)
HTTP/1.1 200 OK
content-type: application/json; charset=utf-8
cache-control: no-cache
content-length: 353692
date: Sun, 28 Apr 2024 01:43:01 GMT

20:43:01.607 [AsyncHttpClient-1-5] DEBUG org.asynchttpclient.netty.channel.ChannelManager -- Adding key: http://localhost:37788 for channel [id: 0x0a4687ef, L:/127.0.0.1:56906 - R:localhost/127.0.0.1:37788]
20:43:01.615 [main] DEBUG net.serenitybdd.core.photography.Darkroom -- Send negative for processing for C:\Users\USUARIO\OneDrive\Documentos\02 Automatización\03 Pragma\pragma\pragma\target\site\serenity\56d018a2b10591859dd36bd3c201b920eef33544d1cabf937cb5617e1e90d96e.png
20:43:02.331 [AsyncHttpClient-1-1] DEBUG org.asynchttpclient.netty.channel.DefaultChannelPool -- Entry count for : http://localhost:37788 : 1
20:43:02.621 [main] INFO  -- &amp#27;[92m
  _____   ___   ___   _____     ___     _     ___   ___   ___   ___  
 |_   _| | __| / __| |_   _|   | _ \   /_\   / __| / __| | __| |   \ 
   | |   | _|  \__ \   | |     |  _/  / _ \  \__ \ \__ \ | _|  | |) |
   |_|   |___| |___/   |_|     |_|   /_/ \_\ |___/ |___/ |___| |___/ 

Agregar dos productos al carrito de compra y validar el total
----------------------------------------------------------------------&amp#27;[0m
20:43:02.621 [AsyncHttpClient-1-7] DEBUG org.asynchttpclient.netty.channel.NettyConnectListener -- Using new Channel '[id: 0x3f3385dd, L:/127.0.0.1:57036 - R:/127.0.0.1:48816]' for 'GET' to '/devtools/browser/449e0e92-5833-466d-9fa1-ad05235907f2'
20:43:02.621 [AsyncHttpClient-1-7] DEBUG org.asynchttpclient.netty.handler.WebSocketHandler -- 

Request DefaultFullHttpRequest(decodeResult: success, version: HTTP/1.1, content: EmptyByteBufBE)
GET /devtools/browser/449e0e92-5833-466d-9fa1-ad05235907f2 HTTP/1.1
upgrade: websocket
connection: upgrade
sec-websocket-key: XSNPaljRHJR0ARrDa/tY8A==
sec-websocket-version: 13
origin: http://127.0.0.1:48816
host: 127.0.0.1:48816
accept: */*
user-agent: AHC/2.1

Response DefaultHttpResponse(decodeResult: success, version: HTTP/1.1)
HTTP/1.1 101 Switching Protocols
Server: httpd.js
Upgrade: websocket
Connection: Upgrade
Sec-WebSocket-Accept: I+eCokHIYYPdVh5Y0RGi5/XTF0Q=
Content-Length: 0

20:43:02.630 [Driver Command Executor] DEBUG org.asynchttpclient.netty.request.NettyRequestSender -- Using pooled Channel '[id: 0x0a4687ef, L:/127.0.0.1:56906 - R:localhost/127.0.0.1:37788]' for 'DELETE' to 'http://localhost:37788/session/6816fae9-62fe-4961-814b-c44c7615c574'
20:43:02.630 [Driver Command Executor] DEBUG org.asynchttpclient.netty.request.NettyRequestSender -- Using open Channel [id: 0x0a4687ef, L:/127.0.0.1:56906 - R:localhost/127.0.0.1:37788] for DELETE '/session/6816fae9-62fe-4961-814b-c44c7615c574'
20:43:02.630 [AsyncHttpClient-1-7] DEBUG org.asynchttpclient.netty.handler.WebSocketHandler -- Channel Closed: [id: 0x3f3385dd, L:/127.0.0.1:57036 ! R:/127.0.0.1:48816] with attribute DISCARD
20:43:03.229 [AsyncHttpClient-1-5] DEBUG org.asynchttpclient.netty.handler.HttpHandler -- 

Request DefaultFullHttpRequest(decodeResult: success, version: HTTP/1.1, content: EmptyByteBufBE)
DELETE /session/6816fae9-62fe-4961-814b-c44c7615c574 HTTP/1.1
User-Agent: selenium/4.12.0 (java windows)
Content-Type: application/json; charset=utf-8
host: localhost:37788
accept: */*

Response DefaultHttpResponse(decodeResult: success, version: HTTP/1.1)
HTTP/1.1 200 OK
content-type: application/json; charset=utf-8
cache-control: no-cache
content-length: 14
date: Sun, 28 Apr 2024 01:43:02 GMT

20:43:03.229 [AsyncHttpClient-1-5] DEBUG org.asynchttpclient.netty.channel.ChannelManager -- Adding key: http://localhost:37788 for channel [id: 0x0a4687ef, L:/127.0.0.1:56906 - R:localhost/127.0.0.1:37788]
20:43:03.230 [AsyncHttpClient-1-5] DEBUG org.asynchttpclient.netty.handler.HttpHandler -- Unexpected I/O exception on channel [id: 0x0a4687ef, L:/127.0.0.1:56906 - R:localhost/127.0.0.1:37788]
java.net.SocketException: Connection reset
	at java.base/sun.nio.ch.SocketChannelImpl.throwConnectionReset(SocketChannelImpl.java:403)
	at java.base/sun.nio.ch.SocketChannelImpl.implRead(SocketChannelImpl.java:435)
	at java.base/sun.nio.ch.SocketChannelImpl.read(SocketChannelImpl.java:493)
	at io.netty.buffer.PooledByteBuf.setBytes(PooledByteBuf.java:254)
	at io.netty.buffer.AbstractByteBuf.writeBytes(AbstractByteBuf.java:1132)
	at io.netty.channel.socket.nio.NioSocketChannel.doReadBytes(NioSocketChannel.java:357)
	at io.netty.channel.nio.AbstractNioByteChannel$NioByteUnsafe.read(AbstractNioByteChannel.java:151)
	at io.netty.channel.nio.NioEventLoop.processSelectedKey(NioEventLoop.java:788)
	at io.netty.channel.nio.NioEventLoop.processSelectedKeysOptimized(NioEventLoop.java:724)
	at io.netty.channel.nio.NioEventLoop.processSelectedKeys(NioEventLoop.java:650)
	at io.netty.channel.nio.NioEventLoop.run(NioEventLoop.java:562)
	at io.netty.util.concurrent.SingleThreadEventExecutor$4.run(SingleThreadEventExecutor.java:997)
	at io.netty.util.internal.ThreadExecutorMap$2.run(ThreadExecutorMap.java:74)
	at io.netty.util.concurrent.FastThreadLocalRunnable.run(FastThreadLocalRunnable.java:30)
	at java.base/java.lang.Thread.run(Thread.java:1570)
20:43:03.230 [AsyncHttpClient-1-5] DEBUG org.asynchttpclient.netty.channel.ChannelManager -- Closing Channel [id: 0x0a4687ef, L:/127.0.0.1:56906 - R:localhost/127.0.0.1:37788] 
20:43:03.230 [AsyncHttpClient-1-5] DEBUG org.asynchttpclient.netty.handler.HttpHandler -- Channel Closed: [id: 0x0a4687ef, L:/127.0.0.1:56906 ! R:localhost/127.0.0.1:37788] with attribute DISCARD
]]></system-out>
    <system-err><![CDATA[abr 27, 2024 8:42:24 P. M. org.openqa.selenium.manager.SeleniumManager lambda$runCommand$1
INFO: Driver path: C:\Users\USUARIO\.cache\selenium\geckodriver\win64\0.34.0\geckodriver.exe
abr 27, 2024 8:42:24 P. M. org.openqa.selenium.manager.SeleniumManager lambda$runCommand$1
INFO: Browser path: C:\Program Files\Mozilla Firefox\firefox.exe
]]></system-err>
  </testcase>
</testsuite>